#
# A fatal error has been detected by the Java Runtime Environment:
#
#  SIGBUS (0xa) at pc=0x000000010e2354f0, pid=7195, tid=30991
#
# JRE version: Java(TM) SE Runtime Environment (17.0.1+12) (build 17.0.1+12-LTS-39)
# Java VM: Java HotSpot(TM) 64-Bit Server VM (17.0.1+12-LTS-39, mixed mode, sharing, tiered, compressed oops, compressed class ptrs, g1 gc, bsd-aarch64)
# Problematic frame:
# v  ~StubRoutines::SafeFetchN
#
# No core dump will be written. Core dumps have been disabled. To enable core dumping, try "ulimit -c unlimited" before starting Java again
#
# If you would like to submit a bug report, please visit:
#   https://bugreport.java.com/bugreport/crash.jsp
# The crash happened outside the Java Virtual Machine in native code.
# See problematic frame for where to report the bug.
#

---------------  S U M M A R Y ------------

Command Line: -agentlib:jdwp=transport=dt_socket,address=127.0.0.1:54669,suspend=y,server=n -javaagent:/Users/sean/Library/Caches/JetBrains/IdeaIC2021.2/captureAgent/debugger-agent.jar -Dfile.encoding=UTF-8 --module-path=/Users/sean/.m2/repository/org/openjfx/javafx-base/17.0.0.1/javafx-base-17.0.0.1-mac-aarch64.jar:/Users/sean/.m2/repository/org/openjfx/javafx-controls/17.0.0.1/javafx-controls-17.0.0.1-mac-aarch64.jar:/Users/sean/.m2/repository/org/openjfx/javafx-graphics/17.0.0.1/javafx-graphics-17.0.0.1-mac-aarch64.jar:/Users/sean/.m2/repository/org/openjfx/javafx-fxml/17.0.0.1/javafx-fxml-17.0.0.1-mac-aarch64.jar:/Users/sean/Documents/GitHub/Meal-Ordering-System/FoodOrderingSystem/target/classes -Djdk.module.main=com.example.foodorderingsystem com.example.foodorderingsystem/com.example.foodorderingsystem.HelloApplication

Host: "MacBookPro17,1" arm64 1 MHz, 8 cores, 8G, Darwin 21.1.0, macOS 12.0.1 (21A559)
Time: Fri Dec 24 20:24:11 2021 CST elapsed time: 5.535702 seconds (0d 0h 0m 5s)

---------------  T H R E A D  ---------------

Current thread (0x0000000141a12600):  JavaThread "InvokeLaterDispatcher" daemon [_thread_in_native, id=30991, stack(0x000000016e39c000,0x000000016e59f000)]

Stack: [0x000000016e39c000,0x000000016e59f000],  sp=0x000000016e59e7b0,  free space=2057k
Native frames: (J=compiled Java code, j=interpreted, Vv=VM code, C=native code)
v  ~StubRoutines::SafeFetchN
V  [libjvm.dylib+0x79e208]  _ZN10OopStorage7releaseEPKP7oopDesc+0x20
V  [libjvm.dylib+0x4b8f30]  jni_DeleteGlobalRef+0xc4
C  [libglass.dylib+0xab08]  -[GlassRunnable dealloc]+0x34
C  [Foundation+0x85e0c]  -[_NSThreadPerformInfo dealloc]+0x30
C  [Foundation+0x525e8]  -[NSObject(NSThreadPerformAdditions) performSelectorOnMainThread:withObject:waitUntilDone:]+0x88
C  0x187a00010e23fbe0
j  com.sun.glass.ui.mac.MacApplication.submitForLaterInvocation(Ljava/lang/Runnable;)V+2 javafx.graphics
j  com.sun.glass.ui.InvokeLaterDispatcher.run()V+82 javafx.graphics
v  ~StubRoutines::call_stub
V  [libjvm.dylib+0x460588]  _ZN9JavaCalls11call_helperEP9JavaValueRK12methodHandleP17JavaCallArgumentsP10JavaThread+0x38c
V  [libjvm.dylib+0x45f5a4]  _ZN9JavaCalls12call_virtualEP9JavaValueP5KlassP6SymbolS5_P17JavaCallArgumentsP10JavaThread+0x11c
V  [libjvm.dylib+0x45f670]  _ZN9JavaCalls12call_virtualEP9JavaValue6HandleP5KlassP6SymbolS6_P10JavaThread+0x64
V  [libjvm.dylib+0x512ef0]  _ZL12thread_entryP10JavaThreadS0_+0xc4
V  [libjvm.dylib+0x8fc514]  _ZN10JavaThread17thread_main_innerEv+0x134
V  [libjvm.dylib+0x8fae3c]  _ZN6Thread8call_runEv+0x128
V  [libjvm.dylib+0x7a4df0]  _ZL19thread_native_entryP6Thread+0x158
C  [libsystem_pthread.dylib+0x74ec]  _pthread_start+0x94

Java frames: (J=compiled Java code, j=interpreted, Vv=VM code)
j  com.sun.glass.ui.mac.MacApplication._submitForLaterInvocation(Ljava/lang/Runnable;)V+0 javafx.graphics
j  com.sun.glass.ui.mac.MacApplication.submitForLaterInvocation(Ljava/lang/Runnable;)V+2 javafx.graphics
j  com.sun.glass.ui.InvokeLaterDispatcher.run()V+82 javafx.graphics
v  ~StubRoutines::call_stub

siginfo: si_signo: 10 (SIGBUS), si_code: 1 (BUS_ADRALN), si_addr: 0x000000010e2354f0

Register to memory mapping:

 x0=0x0000000140f05a88 is a global jni handle
 x1=0x0 is NULL
 x2=0x0000000787fa86b0 is an oop: com.sun.glass.ui.InvokeLaterDispatcher$Future 
{0x0000000787fa86b0} - klass: 'com/sun/glass/ui/InvokeLaterDispatcher$Future'
 - ---- fields (total size 3 words):
 - private 'done' 'Z' @12  true
 - private final 'runnable' 'Ljava/lang/Runnable;' @16  a 'com/sun/javafx/tk/quantum/QuantumToolkit$$Lambda$83+0x0000000800c3eb70'{0x00000007851c01e0} (f0a3803c)
 - final synthetic 'this$0' 'Lcom/sun/glass/ui/InvokeLaterDispatcher;' @20  a 'com/sun/glass/ui/InvokeLaterDispatcher'{0x00000007851172e0} (f0a22e5c)
 x3=0x0 is NULL
 x4=0x00000000000130a8 is an unknown value
 x5=0x0 is NULL
 x6=0x0 is NULL
 x7=0x00000008000362b0 is a pointer to class: 
java.util.concurrent.locks.ReentrantLock$NonfairSync {0x00000008000362b0}
 - instance size:     4
 - klass size:        73
 - access:            final synchronized 
 - state:             fully_initialized
 - name:              'java/util/concurrent/locks/ReentrantLock$NonfairSync'
 - super:             'java/util/concurrent/locks/ReentrantLock$Sync'
 - sub:               
 - arrays:            NULL
 - methods:           Array<T>(0x0000000800abcf98)
 - method ordering:   Array<T>(0x0000000800abcf88)
 - default_methods:   Array<T>(0x0000000000000000)
 - local interfaces:  Array<T>(0x00000008005c3850)
 - trans. interfaces: Array<T>(0x00000008005ffce8)
 - constants:         constant pool [69] {0x0000000800abd000} for 'java/util/concurrent/locks/ReentrantLock$NonfairSync' cache=0x00000008003c6170
 - class loader data:  loader data: 0x0000600001570280 of 'bootstrap'
 - source file:       'ReentrantLock.java'
 - class annotations:       Array<T>(0x0000000000000000)
 - class type annotations:  Array<T>(0x0000000000000000)
 - field annotations:       Array<T>(0x0000000000000000)
 - field type annotations:  Array<T>(0x0000000000000000)
 - inner classes:     Array<T>(0x0000000800abd3b0)
 - nest members:     Array<T>(0x00000008005c37e0)
 - permitted subclasses:     Array<T>(0x00000008005c37e0)
 - java mirror:       a 'java/lang/Class'{0x00000007ffe181b0} = 'java/util/concurrent/locks/ReentrantLock$NonfairSync'
 - vtable length      11  (start addr: 0x0000000800036480)
 - itable length      2 (start addr: 0x00000008000364d8)
 - ---- static fields (1 words):
 - private static final 'serialVersionUID' 'J' @112 
 - ---- non-static fields (4 words):
 - private transient 'exclusiveOwnerThread' 'Ljava/lang/Thread;' @12 
 - private volatile 'state' 'I' @16 
 - private volatile transient 'head' 'Ljava/util/concurrent/locks/AbstractQueuedSynchronizer$Node;' @20 
 - private volatile transient 'tail' 'Ljava/util/concurrent/locks/AbstractQueuedSynchronizer$Node;' @24 
 - non-static oop maps: 12-12 20-24 
 x8=0x000000010e2354ec is at begin+0 in a stub
StubRoutines::SafeFetchN [0x000000010e2354ec, 0x000000010e2354f8] (12 bytes)
 x9=0x0 is NULL
x10=0x2010000030300000 is an unknown value
x11=0x0000000000000007 is an unknown value
x12=0x0 is NULL
x13=0x0000600000a7b3f0 points into unknown readable memory: 0x000000003b746365 | 65 63 74 3b 00 00 00 00
x14=0x0000000000000001 is an unknown value
x15=0x0000000125cc9f98: OBJC_CLASS_$_GlassRunnable+0 in /Users/sean/.openjfx/cache/17.0.0.1/libglass.dylib at 0x0000000125c84000
x16=0x000000019b254340: pthread_getspecific+0 in /usr/lib/system/libsystem_pthread.dylib at 0x000000019b252000
x17=0x0000600000060d80 points into unknown readable memory: 0xfffffffffffffffe | fe ff ff ff ff ff ff ff
x18=0x0 is NULL
x19=0x0000600000f70690 points into unknown readable memory: 0x0000600002675690 | 90 56 67 02 00 60 00 00
x20=0x0000000140f05880 points into unknown readable memory: 0x726573552f3a7261 | 61 72 3a 2f 55 73 65 72
x21=0x0000000140f05a88 is a global jni handle
x22=0x0000000141a12600 is a thread
x23=0x0000000000000001 is an unknown value
x24=0x0000000140f05a40 is a global jni handle
x25=0x00000001067615d8: _ZN12StubRoutines17_safefetchN_entryE+0 in /Library/Java/JavaVirtualMachines/jdk-17.0.1.jdk/Contents/Home/lib/server/libjvm.dylib at 0x0000000105bd0000
x26=0x000000012392bec0 is pointing into metadata
x27=0x0 is NULL
x28=0x0000000141a12600 is a thread


Registers:
 x0=0x0000000140f05a88  x1=0x0000000000000000  x2=0x0000000787fa86b0  x3=0x0000000000000000
 x4=0x00000000000130a8  x5=0x0000000000000000  x6=0x0000000000000000  x7=0x00000008000362b0
 x8=0x000000010e2354ec  x9=0x0000000000000000 x10=0x2010000030300000 x11=0x0000000000000007
x12=0x0000000000000000 x13=0x0000600000a7b3f0 x14=0x0000000000000001 x15=0x0000000125cc9f98
x16=0x000000019b254340 x17=0x0000600000060d80 x18=0x0000000000000000 x19=0x0000600000f70690
x20=0x0000000140f05880 x21=0x0000000140f05a88 x22=0x0000000141a12600 x23=0x0000000000000001
x24=0x0000000140f05a40 x25=0x00000001067615d8 x26=0x000000012392bec0 x27=0x0000000000000000
x28=0x0000000141a12600  fp=0x000000016e59e7f0  lr=0x000000010636cfd8  sp=0x000000016e59e7b0
pc=0x000000010e2354f0 cpsr=0x0000000060001000
Top of Stack: (sp=0x000000016e59e7b0)
0x000000016e59e7b0:   000000012392bec0 0000000000000001
0x000000016e59e7c0:   000000016e59e9a8 0000600002660440
0x000000016e59e7d0:   0000000000000000 0000000140f05a48
0x000000016e59e7e0:   0000000140f05a48 0000600000f70690
0x000000016e59e7f0:   000000016e59e830 000000010636e208
0x000000016e59e800:   0000000000000001 0000000140f05a48
0x000000016e59e810:   0000000000000000 0000000140f05a48
0x000000016e59e820:   0000000000000001 0000000141a10e00
0x000000016e59e830:   000000016e59e860 0000000106088f30
0x000000016e59e840:   0000600002660470 00000001e54819f4
0x000000016e59e850:   0000000000000000 0000600002660470
0x000000016e59e860:   000000016e59e890 0000000125c8eb08
0x000000016e59e870:   6ad2a47884800054 0000000000000000
0x000000016e59e880:   0000000000000000 000060000314a3c0
0x000000016e59e890:   000000016e59e8d0 000000019c21ce0c
0x000000016e59e8a0:   000000016e59e9a8 0000600002660440
0x000000016e59e8b0:   0000600002660470 6ad2a47884800054
0x000000016e59e8c0:   0000000000000000 0000000000000000
0x000000016e59e8d0:   000000016e59e910 996380019c1e95e8
0x000000016e59e8e0:   000000016e59e9a8 000000010e23e500
0x000000016e59e8f0:   0000000000000000 0000000106768f90
0x000000016e59e900:   000000016e59e920 000000010e23ccf0
0x000000016e59e910:   000000016e59e980 187a00010e23fbe0
0x000000016e59e920:   00000007851c01e0 00000007851175f8
0x000000016e59e930:   000000016e59e930 0000000000000000
0x000000016e59e940:   000000016e59e9a8 000000012392bec0
0x000000016e59e950:   000000078513a318 0000000000000000
0x000000016e59e960:   0000000000000000 0000000123900978
0x000000016e59e970:   0000000000000000 000000016e59e980
0x000000016e59e980:   000000016e59ea00 000000010e23a6ac
0x000000016e59e990:   0000000000000000 0000000000000000
0x000000016e59e9a0:   0000000787fa86b0 000000078513a390 

Instructions: (pc=0x000000010e2354f0)
0x000000010e2353f0:   f2a0ce49 f2c00029 6d425935 1e640886
0x000000010e235400:   0c402d31 1e6408c7 1f5654d0 1e6c1017
0x000000010e235410:   1f5050d0 1f504cd0 1f5048d0 1e650af6
0x000000010e235420:   1f50d8f6 1f5694d6 1f5158f6 1e762880
0x000000010e235430:   36000501 1e614000 14000026 2e251ca5
0x000000010e235440:   d29c3009 f2a0ce49 f2c00029 6d425d36
0x000000010e235450:   1e600806 0c402d32 1f5758c7 1e6c101a
0x000000010e235460:   1f4754c7 1e650805 1f4750c7 d2866668
0x000000010e235470:   f2a7fa68 1f474cc7 1e6608c0 1f4748c7
0x000000010e235480:   1e6e1019 eb08007f 540000ac 1f479400
0x000000010e235490:   1f460340 1e603b20 1400000e d2a7fd29
0x000000010e2354a0:   eb09007f 540000ac 51480069 d3607d29
0x000000010e2354b0:   9e670121 14000002 1e6a5001 1f679417
0x000000010e2354c0:   1f668742 1e613b23 1e773857 1e773860
0x000000010e2354d0:   a8c17ff3 910003bf a8c17bfd d65f03c0
0x000000010e2354e0:   b9400001 aa0103e0 d65f03c0 f9400001
0x000000010e2354f0:   aa0103e0 d65f03c0 00000000 00000000
0x000000010e235500:   00000000 00000000 00000000 00000000
0x000000010e235510:   00000000 00000000 00000000 00000000
0x000000010e235520:   00000000 00000000 00000000 00000000
0x000000010e235530:   00000000 00000000 00000000 00000000
0x000000010e235540:   00000000 00000000 00000000 00000000
0x000000010e235550:   00000000 00000000 00000000 00000000
0x000000010e235560:   00000000 00000000 00000000 00000000
0x000000010e235570:   00000000 00000000 00000000 00000000
0x000000010e235580:   00000000 00000000 00000000 00000000
0x000000010e235590:   00000000 00000000 00000000 00000000
0x000000010e2355a0:   00000000 00000000 00000000 00000000
0x000000010e2355b0:   00000000 00000000 00000000 00000000
0x000000010e2355c0:   00000000 00000000 00000000 00000000
0x000000010e2355d0:   00000000 00000000 00000000 00000000
0x000000010e2355e0:   00000000 00000000 00000000 00000000 


Stack slot to memory mapping:
stack at sp + 0 slots: 0x000000012392bec0 is pointing into metadata
stack at sp + 1 slots: 0x0000000000000001 is an unknown value
stack at sp + 2 slots: 0x000000016e59e9a8 is pointing into the stack for thread: 0x0000000141a12600
stack at sp + 3 slots: 0x0000600002660440 points into unknown readable memory: 0x01000001f3f36081 | 81 60 f3 f3 01 00 00 01
stack at sp + 4 slots: 0x0 is NULL
stack at sp + 5 slots: 0x0000000140f05a48 is a global jni handle
stack at sp + 6 slots: 0x0000000140f05a48 is a global jni handle
stack at sp + 7 slots: 0x0000600000f70690 points into unknown readable memory: 0x0000600002675690 | 90 56 67 02 00 60 00 00

StubRoutines::SafeFetchN [0x000000010e2354ec, 0x000000010e2354f8] (12 bytes)
[MachCode]
  0x000000010e2354ec: 0100 40f9 | e003 01aa | c003 5fd6 
[/MachCode]

---------------  P R O C E S S  ---------------

Threads class SMR info:
_java_thread_list=0x000060000255f520, length=21, elements={
0x0000000142811800, 0x00000001428c6200, 0x00000001428c8a00, 0x0000000141809e00,
0x0000000141811a00, 0x0000000141812000, 0x0000000141812600, 0x0000000141812c00,
0x0000000141813200, 0x00000001428bec00, 0x00000001428d0000, 0x0000000142923a00,
0x0000000126008200, 0x000000013100b000, 0x0000000142808800, 0x0000000141a12600,
0x0000000141a10e00, 0x0000000141a78c00, 0x0000000141a99800, 0x00000001419f3e00,
0x0000000142970400
}

Java Threads: ( => current thread )
  0x0000000142811800 JavaThread "main" [_thread_blocked, id=6403, stack(0x000000016b57c000,0x000000016b77f000)]
  0x00000001428c6200 JavaThread "Reference Handler" daemon [_thread_blocked, id=15875, stack(0x000000016c3d0000,0x000000016c5d3000)]
  0x00000001428c8a00 JavaThread "Finalizer" daemon [_thread_blocked, id=15363, stack(0x000000016c5dc000,0x000000016c7df000)]
  0x0000000141809e00 JavaThread "Signal Dispatcher" daemon [_thread_blocked, id=22787, stack(0x000000016c900000,0x000000016cb03000)]
  0x0000000141811a00 JavaThread "Service Thread" daemon [_thread_blocked, id=23299, stack(0x000000016cb0c000,0x000000016cd0f000)]
  0x0000000141812000 JavaThread "Monitor Deflation Thread" daemon [_thread_blocked, id=41987, stack(0x000000016cd18000,0x000000016cf1b000)]
  0x0000000141812600 JavaThread "C2 CompilerThread0" daemon [_thread_blocked, id=41731, stack(0x000000016cf24000,0x000000016d127000)]
  0x0000000141812c00 JavaThread "C1 CompilerThread0" daemon [_thread_blocked, id=23811, stack(0x000000016d130000,0x000000016d333000)]
  0x0000000141813200 JavaThread "Sweeper thread" daemon [_thread_blocked, id=24067, stack(0x000000016d33c000,0x000000016d53f000)]
  0x00000001428bec00 JavaThread "Common-Cleaner" daemon [_thread_blocked, id=24579, stack(0x000000016d548000,0x000000016d74b000)]
  0x00000001428d0000 JavaThread "JDWP Transport Listener: dt_socket" daemon [_thread_blocked, id=25095, stack(0x000000016d754000,0x000000016d957000)]
  0x0000000142923a00 JavaThread "JDWP Event Helper Thread" daemon [_thread_blocked, id=25347, stack(0x000000016d960000,0x000000016db63000)]
  0x0000000126008200 JavaThread "JDWP Command Reader" daemon [_thread_in_native, id=25859, stack(0x000000016db6c000,0x000000016dd6f000)]
  0x000000013100b000 JavaThread "Notification Thread" daemon [_thread_blocked, id=40707, stack(0x000000016dd78000,0x000000016df7b000)]
  0x0000000142808800 JavaThread "QuantumRenderer-0" daemon [_thread_blocked, id=26627, stack(0x000000016e190000,0x000000016e393000)]
=>0x0000000141a12600 JavaThread "InvokeLaterDispatcher" daemon [_thread_in_native, id=30991, stack(0x000000016e39c000,0x000000016e59f000)]
  0x0000000141a10e00 JavaThread "JavaFX Application Thread" [_thread_in_native, id=259, stack(0x000000016acf4000,0x000000016b4f0000)]
  0x0000000141a78c00 JavaThread "JavaFX-Launcher" [_thread_blocked, id=55055, stack(0x000000016e958000,0x000000016eb5b000)]
  0x0000000141a99800 JavaThread "PulseTimer-CVDisplayLink thread" daemon [_thread_in_native, id=77575, stack(0x000000016e5a8000,0x000000016e62b000)]
  0x00000001419f3e00 JavaThread "Prism Font Disposer" daemon [_thread_blocked, id=61959, stack(0x000000016f9b8000,0x000000016fbbb000)]
  0x0000000142970400 JavaThread "Cleaner-0" daemon [_thread_blocked, id=173331, stack(0x000000016fbc4000,0x000000016fdc7000)]

Other Threads:
  0x000000014200de90 VMThread "VM Thread" [stack: 0x000000016c1c4000,0x000000016c3c7000] [id=14083]
  0x0000000142017a80 WatcherThread [stack: 0x000000016df84000,0x000000016e187000] [id=40195]
  0x0000000142006d10 GCTaskThread "GC Thread#0" [stack: 0x000000016b788000,0x000000016b98b000] [id=19715]
  0x0000000140e17ad0 GCTaskThread "GC Thread#1" [stack: 0x000000016eb64000,0x000000016ed67000] [id=59395]
  0x0000000130e275a0 GCTaskThread "GC Thread#2" [stack: 0x000000016ed70000,0x000000016ef73000] [id=59907]
  0x0000000140e17f50 GCTaskThread "GC Thread#3" [stack: 0x000000016ef7c000,0x000000016f17f000] [id=72707]
  0x0000000140e183d0 GCTaskThread "GC Thread#4" [stack: 0x000000016f188000,0x000000016f38b000] [id=72195]
  0x0000000140e18850 GCTaskThread "GC Thread#5" [stack: 0x000000016f394000,0x000000016f597000] [id=60419]
  0x0000000140f54ec0 GCTaskThread "GC Thread#6" [stack: 0x000000016f5a0000,0x000000016f7a3000] [id=71939]
  0x0000000140e19050 GCTaskThread "GC Thread#7" [stack: 0x000000016f7ac000,0x000000016f9af000] [id=61187]
  0x00000001420073c0 ConcurrentGCThread "G1 Main Marker" [stack: 0x000000016b994000,0x000000016bb97000] [id=19203]
  0x0000000142007c40 ConcurrentGCThread "G1 Conc#0" [stack: 0x000000016bba0000,0x000000016bda3000] [id=18435]
  0x0000000142009ab0 ConcurrentGCThread "G1 Refine#0" [stack: 0x000000016bdac000,0x000000016bfaf000] [id=13059]
  0x000000014200a350 ConcurrentGCThread "G1 Service" [stack: 0x000000016bfb8000,0x000000016c1bb000] [id=18179]

Threads with active compile tasks:

VM state: not at safepoint (normal execution)

VM Mutex/Monitor currently owned by a thread: None

Heap address: 0x0000000780000000, size: 2048 MB, Compressed Oops mode: Zero based, Oop shift amount: 3

CDS archive(s) mapped at: [0x0000000800000000-0x0000000800bd4000-0x0000000800bd4000), size 12402688, SharedBaseAddress: 0x0000000800000000, ArchiveRelocationMode: 0.
Compressed class space mapped at: 0x0000000800c00000-0x0000000840c00000, reserved size: 1073741824
Narrow klass base: 0x0000000800000000, Narrow klass shift: 0, Narrow klass range: 0x100000000

GC Precious Log:
 CPUs: 8 total, 8 available
 Memory: 8192M
 Large Page Support: Disabled
 NUMA Support: Disabled
 Compressed Oops: Enabled (Zero based)
 Heap Region Size: 1M
 Heap Min Capacity: 8M
 Heap Initial Capacity: 128M
 Heap Max Capacity: 2G
 Pre-touch: Disabled
 Parallel Workers: 8
 Concurrent Workers: 2
 Concurrent Refinement Workers: 8
 Periodic GC: Disabled

Heap:
 garbage-first heap   total 133120K, used 25809K [0x0000000780000000, 0x0000000800000000)
  region size 1024K, 22 young (22528K), 6 survivors (6144K)
 Metaspace       used 17792K, committed 18112K, reserved 1064960K
  class space    used 2592K, committed 2752K, reserved 1048576K

Heap Regions: E=young(eden), S=young(survivor), O=old, HS=humongous(starts), HC=humongous(continues), CS=collection set, F=free, OA=open archive, CA=closed archive, TAMS=top-at-mark-start (previous, next)
|   0|0x0000000780000000, 0x0000000780100000, 0x0000000780100000|100%|HS|  |TAMS 0x0000000780000000, 0x0000000780000000| Complete 
|   1|0x0000000780100000, 0x0000000780200000, 0x0000000780200000|100%|HC|  |TAMS 0x0000000780100000, 0x0000000780100000| Complete 
|   2|0x0000000780200000, 0x0000000780300000, 0x0000000780300000|100%| O|  |TAMS 0x0000000780200000, 0x0000000780200000| Untracked 
|   3|0x0000000780300000, 0x000000078033c400, 0x0000000780400000| 23%| O|  |TAMS 0x0000000780300000, 0x0000000780300000| Untracked 
|   4|0x0000000780400000, 0x0000000780400000, 0x0000000780500000|  0%| F|  |TAMS 0x0000000780400000, 0x0000000780400000| Untracked 
|   5|0x0000000780500000, 0x0000000780500000, 0x0000000780600000|  0%| F|  |TAMS 0x0000000780500000, 0x0000000780500000| Untracked 
|   6|0x0000000780600000, 0x0000000780600000, 0x0000000780700000|  0%| F|  |TAMS 0x0000000780600000, 0x0000000780600000| Untracked 
|   7|0x0000000780700000, 0x0000000780700000, 0x0000000780800000|  0%| F|  |TAMS 0x0000000780700000, 0x0000000780700000| Untracked 
|   8|0x0000000780800000, 0x0000000780800000, 0x0000000780900000|  0%| F|  |TAMS 0x0000000780800000, 0x0000000780800000| Untracked 
|   9|0x0000000780900000, 0x0000000780900000, 0x0000000780a00000|  0%| F|  |TAMS 0x0000000780900000, 0x0000000780900000| Untracked 
|  10|0x0000000780a00000, 0x0000000780a00000, 0x0000000780b00000|  0%| F|  |TAMS 0x0000000780a00000, 0x0000000780a00000| Untracked 
|  11|0x0000000780b00000, 0x0000000780b00000, 0x0000000780c00000|  0%| F|  |TAMS 0x0000000780b00000, 0x0000000780b00000| Untracked 
|  12|0x0000000780c00000, 0x0000000780c00000, 0x0000000780d00000|  0%| F|  |TAMS 0x0000000780c00000, 0x0000000780c00000| Untracked 
|  13|0x0000000780d00000, 0x0000000780d00000, 0x0000000780e00000|  0%| F|  |TAMS 0x0000000780d00000, 0x0000000780d00000| Untracked 
|  14|0x0000000780e00000, 0x0000000780e00000, 0x0000000780f00000|  0%| F|  |TAMS 0x0000000780e00000, 0x0000000780e00000| Untracked 
|  15|0x0000000780f00000, 0x0000000780f00000, 0x0000000781000000|  0%| F|  |TAMS 0x0000000780f00000, 0x0000000780f00000| Untracked 
|  16|0x0000000781000000, 0x0000000781000000, 0x0000000781100000|  0%| F|  |TAMS 0x0000000781000000, 0x0000000781000000| Untracked 
|  17|0x0000000781100000, 0x0000000781100000, 0x0000000781200000|  0%| F|  |TAMS 0x0000000781100000, 0x0000000781100000| Untracked 
|  18|0x0000000781200000, 0x0000000781200000, 0x0000000781300000|  0%| F|  |TAMS 0x0000000781200000, 0x0000000781200000| Untracked 
|  19|0x0000000781300000, 0x0000000781300000, 0x0000000781400000|  0%| F|  |TAMS 0x0000000781300000, 0x0000000781300000| Untracked 
|  20|0x0000000781400000, 0x0000000781400000, 0x0000000781500000|  0%| F|  |TAMS 0x0000000781400000, 0x0000000781400000| Untracked 
|  21|0x0000000781500000, 0x0000000781500000, 0x0000000781600000|  0%| F|  |TAMS 0x0000000781500000, 0x0000000781500000| Untracked 
|  22|0x0000000781600000, 0x0000000781600000, 0x0000000781700000|  0%| F|  |TAMS 0x0000000781600000, 0x0000000781600000| Untracked 
|  23|0x0000000781700000, 0x0000000781700000, 0x0000000781800000|  0%| F|  |TAMS 0x0000000781700000, 0x0000000781700000| Untracked 
|  24|0x0000000781800000, 0x0000000781800000, 0x0000000781900000|  0%| F|  |TAMS 0x0000000781800000, 0x0000000781800000| Untracked 
|  25|0x0000000781900000, 0x0000000781900000, 0x0000000781a00000|  0%| F|  |TAMS 0x0000000781900000, 0x0000000781900000| Untracked 
|  26|0x0000000781a00000, 0x0000000781a00000, 0x0000000781b00000|  0%| F|  |TAMS 0x0000000781a00000, 0x0000000781a00000| Untracked 
|  27|0x0000000781b00000, 0x0000000781b00000, 0x0000000781c00000|  0%| F|  |TAMS 0x0000000781b00000, 0x0000000781b00000| Untracked 
|  28|0x0000000781c00000, 0x0000000781c00000, 0x0000000781d00000|  0%| F|  |TAMS 0x0000000781c00000, 0x0000000781c00000| Untracked 
|  29|0x0000000781d00000, 0x0000000781d00000, 0x0000000781e00000|  0%| F|  |TAMS 0x0000000781d00000, 0x0000000781d00000| Untracked 
|  30|0x0000000781e00000, 0x0000000781e00000, 0x0000000781f00000|  0%| F|  |TAMS 0x0000000781e00000, 0x0000000781e00000| Untracked 
|  31|0x0000000781f00000, 0x0000000781f00000, 0x0000000782000000|  0%| F|  |TAMS 0x0000000781f00000, 0x0000000781f00000| Untracked 
|  32|0x0000000782000000, 0x0000000782000000, 0x0000000782100000|  0%| F|  |TAMS 0x0000000782000000, 0x0000000782000000| Untracked 
|  33|0x0000000782100000, 0x0000000782100000, 0x0000000782200000|  0%| F|  |TAMS 0x0000000782100000, 0x0000000782100000| Untracked 
|  34|0x0000000782200000, 0x0000000782200000, 0x0000000782300000|  0%| F|  |TAMS 0x0000000782200000, 0x0000000782200000| Untracked 
|  35|0x0000000782300000, 0x0000000782300000, 0x0000000782400000|  0%| F|  |TAMS 0x0000000782300000, 0x0000000782300000| Untracked 
|  36|0x0000000782400000, 0x0000000782400000, 0x0000000782500000|  0%| F|  |TAMS 0x0000000782400000, 0x0000000782400000| Untracked 
|  37|0x0000000782500000, 0x0000000782500000, 0x0000000782600000|  0%| F|  |TAMS 0x0000000782500000, 0x0000000782500000| Untracked 
|  38|0x0000000782600000, 0x0000000782600000, 0x0000000782700000|  0%| F|  |TAMS 0x0000000782600000, 0x0000000782600000| Untracked 
|  39|0x0000000782700000, 0x0000000782700000, 0x0000000782800000|  0%| F|  |TAMS 0x0000000782700000, 0x0000000782700000| Untracked 
|  40|0x0000000782800000, 0x0000000782800000, 0x0000000782900000|  0%| F|  |TAMS 0x0000000782800000, 0x0000000782800000| Untracked 
|  41|0x0000000782900000, 0x0000000782900000, 0x0000000782a00000|  0%| F|  |TAMS 0x0000000782900000, 0x0000000782900000| Untracked 
|  42|0x0000000782a00000, 0x0000000782a00000, 0x0000000782b00000|  0%| F|  |TAMS 0x0000000782a00000, 0x0000000782a00000| Untracked 
|  43|0x0000000782b00000, 0x0000000782b00000, 0x0000000782c00000|  0%| F|  |TAMS 0x0000000782b00000, 0x0000000782b00000| Untracked 
|  44|0x0000000782c00000, 0x0000000782c00000, 0x0000000782d00000|  0%| F|  |TAMS 0x0000000782c00000, 0x0000000782c00000| Untracked 
|  45|0x0000000782d00000, 0x0000000782d00000, 0x0000000782e00000|  0%| F|  |TAMS 0x0000000782d00000, 0x0000000782d00000| Untracked 
|  46|0x0000000782e00000, 0x0000000782e00000, 0x0000000782f00000|  0%| F|  |TAMS 0x0000000782e00000, 0x0000000782e00000| Untracked 
|  47|0x0000000782f00000, 0x0000000782f00000, 0x0000000783000000|  0%| F|  |TAMS 0x0000000782f00000, 0x0000000782f00000| Untracked 
|  48|0x0000000783000000, 0x0000000783000000, 0x0000000783100000|  0%| F|  |TAMS 0x0000000783000000, 0x0000000783000000| Untracked 
|  49|0x0000000783100000, 0x0000000783100000, 0x0000000783200000|  0%| F|  |TAMS 0x0000000783100000, 0x0000000783100000| Untracked 
|  50|0x0000000783200000, 0x0000000783200000, 0x0000000783300000|  0%| F|  |TAMS 0x0000000783200000, 0x0000000783200000| Untracked 
|  51|0x0000000783300000, 0x0000000783300000, 0x0000000783400000|  0%| F|  |TAMS 0x0000000783300000, 0x0000000783300000| Untracked 
|  52|0x0000000783400000, 0x0000000783400000, 0x0000000783500000|  0%| F|  |TAMS 0x0000000783400000, 0x0000000783400000| Untracked 
|  53|0x0000000783500000, 0x0000000783500000, 0x0000000783600000|  0%| F|  |TAMS 0x0000000783500000, 0x0000000783500000| Untracked 
|  54|0x0000000783600000, 0x0000000783600000, 0x0000000783700000|  0%| F|  |TAMS 0x0000000783600000, 0x0000000783600000| Untracked 
|  55|0x0000000783700000, 0x0000000783700000, 0x0000000783800000|  0%| F|  |TAMS 0x0000000783700000, 0x0000000783700000| Untracked 
|  56|0x0000000783800000, 0x0000000783800000, 0x0000000783900000|  0%| F|  |TAMS 0x0000000783800000, 0x0000000783800000| Untracked 
|  57|0x0000000783900000, 0x0000000783900000, 0x0000000783a00000|  0%| F|  |TAMS 0x0000000783900000, 0x0000000783900000| Untracked 
|  58|0x0000000783a00000, 0x0000000783a00000, 0x0000000783b00000|  0%| F|  |TAMS 0x0000000783a00000, 0x0000000783a00000| Untracked 
|  59|0x0000000783b00000, 0x0000000783b00000, 0x0000000783c00000|  0%| F|  |TAMS 0x0000000783b00000, 0x0000000783b00000| Untracked 
|  60|0x0000000783c00000, 0x0000000783c00000, 0x0000000783d00000|  0%| F|  |TAMS 0x0000000783c00000, 0x0000000783c00000| Untracked 
|  61|0x0000000783d00000, 0x0000000783d00000, 0x0000000783e00000|  0%| F|  |TAMS 0x0000000783d00000, 0x0000000783d00000| Untracked 
|  62|0x0000000783e00000, 0x0000000783e00000, 0x0000000783f00000|  0%| F|  |TAMS 0x0000000783e00000, 0x0000000783e00000| Untracked 
|  63|0x0000000783f00000, 0x0000000783f00000, 0x0000000784000000|  0%| F|  |TAMS 0x0000000783f00000, 0x0000000783f00000| Untracked 
|  64|0x0000000784000000, 0x0000000784000000, 0x0000000784100000|  0%| F|  |TAMS 0x0000000784000000, 0x0000000784000000| Untracked 
|  65|0x0000000784100000, 0x0000000784100000, 0x0000000784200000|  0%| F|  |TAMS 0x0000000784100000, 0x0000000784100000| Untracked 
|  66|0x0000000784200000, 0x0000000784200000, 0x0000000784300000|  0%| F|  |TAMS 0x0000000784200000, 0x0000000784200000| Untracked 
|  67|0x0000000784300000, 0x0000000784300000, 0x0000000784400000|  0%| F|  |TAMS 0x0000000784300000, 0x0000000784300000| Untracked 
|  68|0x0000000784400000, 0x0000000784400000, 0x0000000784500000|  0%| F|  |TAMS 0x0000000784400000, 0x0000000784400000| Untracked 
|  69|0x0000000784500000, 0x0000000784500000, 0x0000000784600000|  0%| F|  |TAMS 0x0000000784500000, 0x0000000784500000| Untracked 
|  70|0x0000000784600000, 0x0000000784600000, 0x0000000784700000|  0%| F|  |TAMS 0x0000000784600000, 0x0000000784600000| Untracked 
|  71|0x0000000784700000, 0x0000000784700000, 0x0000000784800000|  0%| F|  |TAMS 0x0000000784700000, 0x0000000784700000| Untracked 
|  72|0x0000000784800000, 0x0000000784800000, 0x0000000784900000|  0%| F|  |TAMS 0x0000000784800000, 0x0000000784800000| Untracked 
|  73|0x0000000784900000, 0x0000000784900000, 0x0000000784a00000|  0%| F|  |TAMS 0x0000000784900000, 0x0000000784900000| Untracked 
|  74|0x0000000784a00000, 0x0000000784a00000, 0x0000000784b00000|  0%| F|  |TAMS 0x0000000784a00000, 0x0000000784a00000| Untracked 
|  75|0x0000000784b00000, 0x0000000784b00000, 0x0000000784c00000|  0%| F|  |TAMS 0x0000000784b00000, 0x0000000784b00000| Untracked 
|  76|0x0000000784c00000, 0x0000000784d00000, 0x0000000784d00000|100%| S|CS|TAMS 0x0000000784c00000, 0x0000000784c00000| Complete 
|  77|0x0000000784d00000, 0x0000000784e00000, 0x0000000784e00000|100%| S|CS|TAMS 0x0000000784d00000, 0x0000000784d00000| Complete 
|  78|0x0000000784e00000, 0x0000000784f00000, 0x0000000784f00000|100%| S|CS|TAMS 0x0000000784e00000, 0x0000000784e00000| Complete 
|  79|0x0000000784f00000, 0x0000000785000000, 0x0000000785000000|100%| S|CS|TAMS 0x0000000784f00000, 0x0000000784f00000| Complete 
|  80|0x0000000785000000, 0x0000000785100000, 0x0000000785100000|100%| S|CS|TAMS 0x0000000785000000, 0x0000000785000000| Complete 
|  81|0x0000000785100000, 0x0000000785200000, 0x0000000785200000|100%| S|CS|TAMS 0x0000000785100000, 0x0000000785100000| Complete 
|  82|0x0000000785200000, 0x0000000785200000, 0x0000000785300000|  0%| F|  |TAMS 0x0000000785200000, 0x0000000785200000| Untracked 
|  83|0x0000000785300000, 0x0000000785300000, 0x0000000785400000|  0%| F|  |TAMS 0x0000000785300000, 0x0000000785300000| Untracked 
|  84|0x0000000785400000, 0x0000000785400000, 0x0000000785500000|  0%| F|  |TAMS 0x0000000785400000, 0x0000000785400000| Untracked 
|  85|0x0000000785500000, 0x0000000785500000, 0x0000000785600000|  0%| F|  |TAMS 0x0000000785500000, 0x0000000785500000| Untracked 
|  86|0x0000000785600000, 0x0000000785600000, 0x0000000785700000|  0%| F|  |TAMS 0x0000000785600000, 0x0000000785600000| Untracked 
|  87|0x0000000785700000, 0x0000000785700000, 0x0000000785800000|  0%| F|  |TAMS 0x0000000785700000, 0x0000000785700000| Untracked 
|  88|0x0000000785800000, 0x0000000785800000, 0x0000000785900000|  0%| F|  |TAMS 0x0000000785800000, 0x0000000785800000| Untracked 
|  89|0x0000000785900000, 0x0000000785900000, 0x0000000785a00000|  0%| F|  |TAMS 0x0000000785900000, 0x0000000785900000| Untracked 
|  90|0x0000000785a00000, 0x0000000785a00000, 0x0000000785b00000|  0%| F|  |TAMS 0x0000000785a00000, 0x0000000785a00000| Untracked 
|  91|0x0000000785b00000, 0x0000000785b00000, 0x0000000785c00000|  0%| F|  |TAMS 0x0000000785b00000, 0x0000000785b00000| Untracked 
|  92|0x0000000785c00000, 0x0000000785c00000, 0x0000000785d00000|  0%| F|  |TAMS 0x0000000785c00000, 0x0000000785c00000| Untracked 
|  93|0x0000000785d00000, 0x0000000785d00000, 0x0000000785e00000|  0%| F|  |TAMS 0x0000000785d00000, 0x0000000785d00000| Untracked 
|  94|0x0000000785e00000, 0x0000000785e00000, 0x0000000785f00000|  0%| F|  |TAMS 0x0000000785e00000, 0x0000000785e00000| Untracked 
|  95|0x0000000785f00000, 0x0000000785f00000, 0x0000000786000000|  0%| F|  |TAMS 0x0000000785f00000, 0x0000000785f00000| Untracked 
|  96|0x0000000786000000, 0x0000000786000000, 0x0000000786100000|  0%| F|  |TAMS 0x0000000786000000, 0x0000000786000000| Untracked 
|  97|0x0000000786100000, 0x0000000786100000, 0x0000000786200000|  0%| F|  |TAMS 0x0000000786100000, 0x0000000786100000| Untracked 
|  98|0x0000000786200000, 0x0000000786200000, 0x0000000786300000|  0%| F|  |TAMS 0x0000000786200000, 0x0000000786200000| Untracked 
|  99|0x0000000786300000, 0x0000000786300000, 0x0000000786400000|  0%| F|  |TAMS 0x0000000786300000, 0x0000000786300000| Untracked 
| 100|0x0000000786400000, 0x0000000786400000, 0x0000000786500000|  0%| F|  |TAMS 0x0000000786400000, 0x0000000786400000| Untracked 
| 101|0x0000000786500000, 0x0000000786500000, 0x0000000786600000|  0%| F|  |TAMS 0x0000000786500000, 0x0000000786500000| Untracked 
| 102|0x0000000786600000, 0x0000000786600000, 0x0000000786700000|  0%| F|  |TAMS 0x0000000786600000, 0x0000000786600000| Untracked 
| 103|0x0000000786700000, 0x0000000786700000, 0x0000000786800000|  0%| F|  |TAMS 0x0000000786700000, 0x0000000786700000| Untracked 
| 104|0x0000000786800000, 0x0000000786800000, 0x0000000786900000|  0%| F|  |TAMS 0x0000000786800000, 0x0000000786800000| Untracked 
| 105|0x0000000786900000, 0x0000000786900000, 0x0000000786a00000|  0%| F|  |TAMS 0x0000000786900000, 0x0000000786900000| Untracked 
| 106|0x0000000786a00000, 0x0000000786a00000, 0x0000000786b00000|  0%| F|  |TAMS 0x0000000786a00000, 0x0000000786a00000| Untracked 
| 107|0x0000000786b00000, 0x0000000786b00000, 0x0000000786c00000|  0%| F|  |TAMS 0x0000000786b00000, 0x0000000786b00000| Untracked 
| 108|0x0000000786c00000, 0x0000000786c00000, 0x0000000786d00000|  0%| F|  |TAMS 0x0000000786c00000, 0x0000000786c00000| Untracked 
| 109|0x0000000786d00000, 0x0000000786d00000, 0x0000000786e00000|  0%| F|  |TAMS 0x0000000786d00000, 0x0000000786d00000| Untracked 
| 110|0x0000000786e00000, 0x0000000786e00000, 0x0000000786f00000|  0%| F|  |TAMS 0x0000000786e00000, 0x0000000786e00000| Untracked 
| 111|0x0000000786f00000, 0x0000000786f00000, 0x0000000787000000|  0%| F|  |TAMS 0x0000000786f00000, 0x0000000786f00000| Untracked 
| 112|0x0000000787000000, 0x0000000787080b78, 0x0000000787100000| 50%| E|  |TAMS 0x0000000787000000, 0x0000000787000000| Complete 
| 113|0x0000000787100000, 0x0000000787200000, 0x0000000787200000|100%| E|CS|TAMS 0x0000000787100000, 0x0000000787100000| Complete 
| 114|0x0000000787200000, 0x0000000787300000, 0x0000000787300000|100%| E|CS|TAMS 0x0000000787200000, 0x0000000787200000| Complete 
| 115|0x0000000787300000, 0x0000000787400000, 0x0000000787400000|100%| E|CS|TAMS 0x0000000787300000, 0x0000000787300000| Complete 
| 116|0x0000000787400000, 0x0000000787500000, 0x0000000787500000|100%| E|CS|TAMS 0x0000000787400000, 0x0000000787400000| Complete 
| 117|0x0000000787500000, 0x0000000787600000, 0x0000000787600000|100%| E|CS|TAMS 0x0000000787500000, 0x0000000787500000| Complete 
| 118|0x0000000787600000, 0x0000000787700000, 0x0000000787700000|100%| E|CS|TAMS 0x0000000787600000, 0x0000000787600000| Complete 
| 119|0x0000000787700000, 0x0000000787800000, 0x0000000787800000|100%| E|CS|TAMS 0x0000000787700000, 0x0000000787700000| Complete 
| 120|0x0000000787800000, 0x0000000787900000, 0x0000000787900000|100%| E|CS|TAMS 0x0000000787800000, 0x0000000787800000| Complete 
| 121|0x0000000787900000, 0x0000000787a00000, 0x0000000787a00000|100%| E|CS|TAMS 0x0000000787900000, 0x0000000787900000| Complete 
| 122|0x0000000787a00000, 0x0000000787b00000, 0x0000000787b00000|100%| E|CS|TAMS 0x0000000787a00000, 0x0000000787a00000| Complete 
| 123|0x0000000787b00000, 0x0000000787c00000, 0x0000000787c00000|100%| E|CS|TAMS 0x0000000787b00000, 0x0000000787b00000| Complete 
| 124|0x0000000787c00000, 0x0000000787d00000, 0x0000000787d00000|100%| E|CS|TAMS 0x0000000787c00000, 0x0000000787c00000| Complete 
| 125|0x0000000787d00000, 0x0000000787e00000, 0x0000000787e00000|100%| E|CS|TAMS 0x0000000787d00000, 0x0000000787d00000| Complete 
| 126|0x0000000787e00000, 0x0000000787f00000, 0x0000000787f00000|100%| E|CS|TAMS 0x0000000787e00000, 0x0000000787e00000| Complete 
| 127|0x0000000787f00000, 0x0000000788000000, 0x0000000788000000|100%| E|CS|TAMS 0x0000000787f00000, 0x0000000787f00000| Complete 
|2046|0x00000007ffe00000, 0x00000007ffe78000, 0x00000007fff00000| 46%|OA|  |TAMS 0x00000007ffe00000, 0x00000007ffe00000| Untracked 
|2047|0x00000007fff00000, 0x00000007fff80000, 0x0000000800000000| 50%|CA|  |TAMS 0x00000007fff00000, 0x00000007fff00000| Untracked 

Card table byte_map: [0x00000001052bc000,0x00000001056bc000] _byte_map_base: 0x00000001016bc000

Marking Bits (Prev, Next): (CMBitMap*) 0x0000000142839410, (CMBitMap*) 0x0000000142839450
 Prev Bits: [0x000000011d234000, 0x000000011f234000)
 Next Bits: [0x000000011f234000, 0x0000000121234000)

Polling page: 0x0000000104a94000

Metaspace:

Usage:
  Non-class:     14.84 MB used.
      Class:      2.53 MB used.
       Both:     17.38 MB used.

Virtual space:
  Non-class space:       16.00 MB reserved,      15.00 MB ( 94%) committed,  2 nodes.
      Class space:        1.00 GB reserved,       2.69 MB ( <1%) committed,  1 nodes.
             Both:        1.02 GB reserved,      17.69 MB (  2%) committed. 

Chunk freelists:
   Non-Class:  1.05 MB
       Class:  1.28 MB
        Both:  2.33 MB

MaxMetaspaceSize: unlimited
CompressedClassSpaceSize: 1.00 GB
Initial GC threshold: 21.00 MB
Current GC threshold: 21.00 MB
CDS: on
MetaspaceReclaimPolicy: balanced
 - commit_granule_bytes: 65536.
 - commit_granule_words: 8192.
 - virtual_space_node_default_size: 1048576.
 - enlarge_chunks_in_place: 1.
 - new_chunks_are_fully_committed: 0.
 - uncommit_free_chunks: 1.
 - use_allocation_guard: 0.
 - handle_deallocations: 1.


Internal statistics:

num_allocs_failed_limit: 0.
num_arena_births: 232.
num_arena_deaths: 0.
num_vsnodes_births: 3.
num_vsnodes_deaths: 0.
num_space_committed: 283.
num_space_uncommitted: 0.
num_chunks_returned_to_freelist: 0.
num_chunks_taken_from_freelist: 823.
num_chunk_merges: 0.
num_chunk_splits: 574.
num_chunks_enlarged: 455.
num_purges: 0.
num_inconsistent_stats: 0.

CodeHeap 'non-profiled nmethods': size=120032Kb used=1430Kb max_used=1430Kb free=118601Kb
 bounds [0x0000000115cfc000, 0x0000000115f6c000, 0x000000011d234000]
CodeHeap 'profiled nmethods': size=120016Kb used=7343Kb max_used=7343Kb free=112672Kb
 bounds [0x000000010e7c8000, 0x000000010eef8000, 0x0000000115cfc000]
CodeHeap 'non-nmethods': size=5712Kb used=1419Kb max_used=1583Kb free=4292Kb
 bounds [0x000000010e234000, 0x000000010e4a4000, 0x000000010e7c8000]
 total_blobs=4121 nmethods=3345 adapters=692
 compilation: enabled
              stopped_count=0, restarted_count=0
 full_count=0

Compilation events (20 events):
Event: 5.400 Thread 0x0000000141812600 3432       4       java.lang.Math::max (45 bytes)
Event: 5.401 Thread 0x0000000141812c00 nmethod 3431 0x000000010eee7f90 code [0x000000010eee81c0, 0x000000010eee8878]
Event: 5.401 Thread 0x0000000141812600 nmethod 3432 0x0000000115e61210 code [0x0000000115e613c0, 0x0000000115e614c0]
Event: 5.417 Thread 0x0000000141812c00 3433       3       javafx.scene.Scene::doCSSPass (27 bytes)
Event: 5.418 Thread 0x0000000141812c00 nmethod 3433 0x000000010eee8b10 code [0x000000010eee8d40, 0x000000010eee9538]
Event: 5.418 Thread 0x0000000141812c00 3434       3       javafx.scene.Scene::doLayoutPass (14 bytes)
Event: 5.419 Thread 0x0000000141812c00 nmethod 3434 0x000000010eee9790 code [0x000000010eee9980, 0x000000010eee9f88]
Event: 5.433 Thread 0x0000000141812c00 3435       3       javafx.scene.layout.Region::maxHeight (52 bytes)
Event: 5.434 Thread 0x0000000141812c00 nmethod 3435 0x000000010eeea190 code [0x000000010eeea400, 0x000000010eeeabf8]
Event: 5.434 Thread 0x0000000141812c00 3436       3       javafx.scene.layout.Region::getMaxHeight (22 bytes)
Event: 5.435 Thread 0x0000000141812c00 nmethod 3436 0x000000010eeeae10 code [0x000000010eeeb000, 0x000000010eeeb458]
Event: 5.450 Thread 0x0000000141812c00 3437       3       javafx.stage.Window$TKBoundsConfigurator::pulse (5 bytes)
Event: 5.450 Thread 0x0000000141812c00 nmethod 3437 0x000000010eeeb590 code [0x000000010eeeb740, 0x000000010eeeb8d8]
Event: 5.450 Thread 0x0000000141812c00 3438   !   3       javafx.scene.Scene$ScenePulseListener::pulse (503 bytes)
Event: 5.454 Thread 0x0000000141812c00 nmethod 3438 0x000000010eeeb990 code [0x000000010eeec3c0, 0x000000010eef11f8]
Event: 5.517 Thread 0x0000000141812c00 3439       3       com.sun.scenario.animation.shared.TimelineClipCore::setTime (17 bytes)
Event: 5.517 Thread 0x0000000141812c00 nmethod 3439 0x000000010eef2e90 code [0x000000010eef3080, 0x000000010eef34c8]
Event: 5.517 Thread 0x0000000141812c00 3440       3       javafx.animation.AnimationAccessorImpl::setCurrentTicks (6 bytes)
Event: 5.517 Thread 0x0000000141812c00 nmethod 3440 0x000000010eef3690 code [0x000000010eef3840, 0x000000010eef3b98]
Event: 5.533 Thread 0x0000000141812600 3441       4       jdk.internal.misc.Unsafe::weakCompareAndSetInt (11 bytes)

GC Heap History (4 events):
Event: 0.642 GC heap before
{Heap before GC invocations=0 (full 0):
 garbage-first heap   total 133120K, used 23520K [0x0000000780000000, 0x0000000800000000)
  region size 1024K, 23 young (23552K), 0 survivors (0K)
 Metaspace       used 6269K, committed 6464K, reserved 1056768K
  class space    used 747K, committed 832K, reserved 1048576K
}
Event: 0.644 GC heap after
{Heap after GC invocations=1 (full 0):
 garbage-first heap   total 133120K, used 3786K [0x0000000780000000, 0x0000000800000000)
  region size 1024K, 3 young (3072K), 3 survivors (3072K)
 Metaspace       used 6269K, committed 6464K, reserved 1056768K
  class space    used 747K, committed 832K, reserved 1048576K
}
Event: 2.162 GC heap before
{Heap before GC invocations=1 (full 0):
 garbage-first heap   total 133120K, used 48842K [0x0000000780000000, 0x0000000800000000)
  region size 1024K, 46 young (47104K), 3 survivors (3072K)
 Metaspace       used 15680K, committed 15936K, reserved 1064960K
  class space    used 2337K, committed 2496K, reserved 1048576K
}
Event: 2.172 GC heap after
{Heap after GC invocations=2 (full 0):
 garbage-first heap   total 133120K, used 10449K [0x0000000780000000, 0x0000000800000000)
  region size 1024K, 6 young (6144K), 6 survivors (6144K)
 Metaspace       used 15680K, committed 15936K, reserved 1064960K
  class space    used 2337K, committed 2496K, reserved 1048576K
}

Deoptimization events (20 events):
Event: 5.109 Thread 0x0000000141a10e00 Uncommon trap: trap_request=0xffffffde fr.pc=0x0000000115e27174 relative=0x0000000000000534
Event: 5.109 Thread 0x0000000141a10e00 Uncommon trap: reason=class_check action=maybe_recompile pc=0x0000000115e27174 method=javafx.scene.Node.updateLocalToParentTransform()V @ 11 c2
Event: 5.109 Thread 0x0000000141a10e00 DEOPT PACKING pc=0x0000000115e27174 sp=0x000000016b4e6cf0
Event: 5.109 Thread 0x0000000141a10e00 DEOPT UNPACKING pc=0x000000010e272d1c sp=0x000000016b4e6c20 mode 2
Event: 5.110 Thread 0x0000000141a10e00 Uncommon trap: trap_request=0xffffffde fr.pc=0x0000000115e27174 relative=0x0000000000000534
Event: 5.110 Thread 0x0000000141a10e00 Uncommon trap: reason=class_check action=maybe_recompile pc=0x0000000115e27174 method=javafx.scene.Node.updateLocalToParentTransform()V @ 11 c2
Event: 5.110 Thread 0x0000000141a10e00 DEOPT PACKING pc=0x0000000115e27174 sp=0x000000016b4e50f0
Event: 5.110 Thread 0x0000000141a10e00 DEOPT UNPACKING pc=0x000000010e272d1c sp=0x000000016b4e5020 mode 2
Event: 5.110 Thread 0x0000000141a10e00 Uncommon trap: trap_request=0xffffffde fr.pc=0x0000000115e27174 relative=0x0000000000000534
Event: 5.110 Thread 0x0000000141a10e00 Uncommon trap: reason=class_check action=maybe_recompile pc=0x0000000115e27174 method=javafx.scene.Node.updateLocalToParentTransform()V @ 11 c2
Event: 5.110 Thread 0x0000000141a10e00 DEOPT PACKING pc=0x0000000115e27174 sp=0x000000016b4e50f0
Event: 5.110 Thread 0x0000000141a10e00 DEOPT UNPACKING pc=0x000000010e272d1c sp=0x000000016b4e5020 mode 2
Event: 5.110 Thread 0x0000000141a10e00 Uncommon trap: trap_request=0xffffffde fr.pc=0x0000000115e27174 relative=0x0000000000000534
Event: 5.110 Thread 0x0000000141a10e00 Uncommon trap: reason=class_check action=maybe_recompile pc=0x0000000115e27174 method=javafx.scene.Node.updateLocalToParentTransform()V @ 11 c2
Event: 5.110 Thread 0x0000000141a10e00 DEOPT PACKING pc=0x0000000115e27174 sp=0x000000016b4e53c0
Event: 5.110 Thread 0x0000000141a10e00 DEOPT UNPACKING pc=0x000000010e272d1c sp=0x000000016b4e52f0 mode 2
Event: 5.110 Thread 0x0000000141a10e00 Uncommon trap: trap_request=0xffffff45 fr.pc=0x0000000115e4288c relative=0x000000000000008c
Event: 5.110 Thread 0x0000000141a10e00 Uncommon trap: reason=unstable_if action=reinterpret pc=0x0000000115e4288c method=java.lang.Math.round(D)J @ 48 c2
Event: 5.110 Thread 0x0000000141a10e00 DEOPT PACKING pc=0x0000000115e4288c sp=0x000000016b4e99d0
Event: 5.110 Thread 0x0000000141a10e00 DEOPT UNPACKING pc=0x000000010e272d1c sp=0x000000016b4e9930 mode 2

Classes unloaded (0 events):
No events

Classes redefined (0 events):
No events

Internal exceptions (20 events):
Event: 3.556 Thread 0x0000000141a10e00 Exception <a 'java/io/FileNotFoundException'{0x0000000787dd6ba0}> (0x0000000787dd6ba0) 
thrown [open/src/hotspot/share/prims/jni.cpp, line 516]
Event: 3.556 Thread 0x0000000141a10e00 Exception <a 'java/io/FileNotFoundException'{0x0000000787dd7a40}> (0x0000000787dd7a40) 
thrown [open/src/hotspot/share/prims/jni.cpp, line 516]
Event: 3.556 Thread 0x0000000141a10e00 Exception <a 'java/io/FileNotFoundException'{0x0000000787ddc4e8}> (0x0000000787ddc4e8) 
thrown [open/src/hotspot/share/prims/jni.cpp, line 516]
Event: 3.556 Thread 0x0000000141a10e00 Exception <a 'java/io/FileNotFoundException'{0x0000000787ddd388}> (0x0000000787ddd388) 
thrown [open/src/hotspot/share/prims/jni.cpp, line 516]
Event: 3.565 Thread 0x0000000141a10e00 Exception <a 'java/io/FileNotFoundException'{0x0000000787cc2c18}> (0x0000000787cc2c18) 
thrown [open/src/hotspot/share/prims/jni.cpp, line 516]
Event: 3.565 Thread 0x0000000141a10e00 Exception <a 'java/io/FileNotFoundException'{0x0000000787cc3aa0}> (0x0000000787cc3aa0) 
thrown [open/src/hotspot/share/prims/jni.cpp, line 516]
Event: 3.565 Thread 0x0000000141a10e00 Exception <a 'java/io/FileNotFoundException'{0x0000000787cc8518}> (0x0000000787cc8518) 
thrown [open/src/hotspot/share/prims/jni.cpp, line 516]
Event: 3.565 Thread 0x0000000141a10e00 Exception <a 'java/io/FileNotFoundException'{0x0000000787cc93a0}> (0x0000000787cc93a0) 
thrown [open/src/hotspot/share/prims/jni.cpp, line 516]
Event: 3.565 Thread 0x0000000141a10e00 Exception <a 'java/io/FileNotFoundException'{0x0000000787ccde20}> (0x0000000787ccde20) 
thrown [open/src/hotspot/share/prims/jni.cpp, line 516]
Event: 3.565 Thread 0x0000000141a10e00 Exception <a 'java/io/FileNotFoundException'{0x0000000787cceca8}> (0x0000000787cceca8) 
thrown [open/src/hotspot/share/prims/jni.cpp, line 516]
Event: 3.566 Thread 0x0000000141a10e00 Exception <a 'java/io/FileNotFoundException'{0x0000000787cd3820}> (0x0000000787cd3820) 
thrown [open/src/hotspot/share/prims/jni.cpp, line 516]
Event: 3.566 Thread 0x0000000141a10e00 Exception <a 'java/io/FileNotFoundException'{0x0000000787cd46a8}> (0x0000000787cd46a8) 
thrown [open/src/hotspot/share/prims/jni.cpp, line 516]
Event: 3.570 Thread 0x0000000141a10e00 Exception <a 'java/io/FileNotFoundException'{0x0000000787b4ed78}> (0x0000000787b4ed78) 
thrown [open/src/hotspot/share/prims/jni.cpp, line 516]
Event: 3.571 Thread 0x0000000141a10e00 Exception <a 'java/io/FileNotFoundException'{0x0000000787b50f70}> (0x0000000787b50f70) 
thrown [open/src/hotspot/share/prims/jni.cpp, line 516]
Event: 3.602 Thread 0x0000000141a10e00 Exception <a 'java/lang/ClassNotFoundException'{0x00000007879f8940}: com/sun/javafx/scene/control/skin/resources/controls-nt> (0x00000007879f8940) 
thrown [open/src/hotspot/share/prims/jni.cpp, line 535]
Event: 3.602 Thread 0x0000000141a10e00 Exception <a 'java/lang/ClassNotFoundException'{0x00000007879fd4b0}: com/sun/javafx/scene/control/skin/resources/controls-nt_zh> (0x00000007879fd4b0) 
thrown [open/src/hotspot/share/prims/jni.cpp, line 535]
Event: 3.602 Thread 0x0000000141a10e00 Exception <a 'java/lang/ClassNotFoundException'{0x00000007879fea08}: com/sun/javafx/scene/control/skin/resources/controls-nt_zh_TW> (0x00000007879fea08) 
thrown [open/src/hotspot/share/prims/jni.cpp, line 535]
Event: 3.602 Thread 0x0000000141a10e00 Exception <a 'java/lang/ClassNotFoundException'{0x0000000787804388}: com/sun/javafx/scene/control/skin/resources/controls-nt_zh_Hant> (0x0000000787804388) 
thrown [open/src/hotspot/share/prims/jni.cpp, line 535]
Event: 3.602 Thread 0x0000000141a10e00 Exception <a 'java/lang/ClassNotFoundException'{0x0000000787805900}: com/sun/javafx/scene/control/skin/resources/controls-nt_zh_Hant_TW> (0x0000000787805900) 
thrown [open/src/hotspot/share/prims/jni.cpp, line 535]
Event: 3.624 Thread 0x0000000141a10e00 Exception <a 'java/lang/NoSuchMethodError'{0x00000007876b0110}: 'void java.lang.invoke.DirectMethodHandle$Holder.invokeSpecialIFC(java.lang.Object, java.lang.Object, java.lang.Object, java.lang.Object)'> (0x00000007876b0110) 
thrown [open/src/hotspot/share/interpreter/linkResolver.cpp, line 766]

VM Operations (20 events):
Event: 1.980 Executing VM operation: Cleanup
Event: 1.981 Executing VM operation: Cleanup done
Event: 2.162 Executing VM operation: G1CollectForAllocation
Event: 2.172 Executing VM operation: G1CollectForAllocation done
Event: 2.173 Executing VM operation: Cleanup
Event: 2.173 Executing VM operation: Cleanup done
Event: 3.178 Executing VM operation: Cleanup
Event: 3.178 Executing VM operation: Cleanup done
Event: 3.592 Executing VM operation: HandshakeAllThreads
Event: 3.592 Executing VM operation: HandshakeAllThreads done
Event: 3.604 Executing VM operation: ICBufferFull
Event: 3.604 Executing VM operation: ICBufferFull done
Event: 3.637 Executing VM operation: ICBufferFull
Event: 3.637 Executing VM operation: ICBufferFull done
Event: 3.714 Executing VM operation: ICBufferFull
Event: 3.714 Executing VM operation: ICBufferFull done
Event: 4.719 Executing VM operation: Cleanup
Event: 4.719 Executing VM operation: Cleanup done
Event: 5.096 Executing VM operation: ICBufferFull
Event: 5.096 Executing VM operation: ICBufferFull done

Events (20 events):
Event: 5.103 loading class javafx/beans/value/ObservableValue
Event: 5.103 loading class javafx/beans/value/ObservableValue done
Event: 5.103 loading class javafx/beans/value/ObservableValue
Event: 5.103 loading class javafx/beans/value/ObservableValue done
Event: 5.103 loading class com/sun/javafx/scene/TreeShowingExpression
Event: 5.103 loading class com/sun/javafx/scene/TreeShowingExpression done
Event: 5.103 loading class javafx/beans/value/ObservableValue
Event: 5.103 loading class javafx/beans/value/ObservableValue done
Event: 5.103 loading class javafx/beans/value/ObservableValue
Event: 5.103 loading class javafx/beans/value/ObservableValue done
Event: 5.103 loading class com/sun/javafx/scene/TreeShowingExpression
Event: 5.103 loading class com/sun/javafx/scene/TreeShowingExpression done
Event: 5.103 loading class javafx/beans/value/ObservableValue
Event: 5.103 loading class javafx/beans/value/ObservableValue done
Event: 5.103 loading class javafx/beans/value/ObservableValue
Event: 5.103 loading class javafx/beans/value/ObservableValue done
Event: 5.112 loading class javafx/stage/PopupWindow
Event: 5.112 loading class javafx/stage/PopupWindow done
Event: 5.113 loading class javafx/beans/value/ObservableValue
Event: 5.113 loading class javafx/beans/value/ObservableValue done


Dynamic libraries:
0x0000000104a44000 	/Library/Java/JavaVirtualMachines/jdk-17.0.1.jdk/Contents/Home/lib/libjli.dylib
0x00000001a5c3e000 	/usr/lib/libz.1.dylib
0x00000001a5cee000 	/usr/lib/libSystem.B.dylib
0x00000001a5ce8000 	/usr/lib/system/libcache.dylib
0x00000001a5ca6000 	/usr/lib/system/libcommonCrypto.dylib
0x00000001a5ccf000 	/usr/lib/system/libcompiler_rt.dylib
0x00000001a5cc6000 	/usr/lib/system/libcopyfile.dylib
0x000000019aff2000 	/usr/lib/system/libcorecrypto.dylib
0x000000019b097000 	/usr/lib/system/libdispatch.dylib
0x000000019b25f000 	/usr/lib/system/libdyld.dylib
0x00000001a5cde000 	/usr/lib/system/libkeymgr.dylib
0x00000001a5c88000 	/usr/lib/system/libmacho.dylib
0x00000001a5394000 	/usr/lib/system/libquarantine.dylib
0x00000001a5cdb000 	/usr/lib/system/libremovefile.dylib
0x00000001a03e1000 	/usr/lib/system/libsystem_asl.dylib
0x000000019af9c000 	/usr/lib/system/libsystem_blocks.dylib
0x000000019b11d000 	/usr/lib/system/libsystem_c.dylib
0x00000001a5cd3000 	/usr/lib/system/libsystem_collections.dylib
0x00000001a47f1000 	/usr/lib/system/libsystem_configuration.dylib
0x00000001a3a77000 	/usr/lib/system/libsystem_containermanager.dylib
0x00000001a59f2000 	/usr/lib/system/libsystem_coreservices.dylib
0x000000019d984000 	/usr/lib/system/libsystem_darwin.dylib
0x00000001a5cdf000 	/usr/lib/system/libsystem_dnssd.dylib
0x000000019b11a000 	/usr/lib/system/libsystem_featureflags.dylib
0x000000019b274000 	/usr/lib/system/libsystem_info.dylib
0x00000001a5c50000 	/usr/lib/system/libsystem_m.dylib
0x000000019b06c000 	/usr/lib/system/libsystem_malloc.dylib
0x00000001a0372000 	/usr/lib/system/libsystem_networkextension.dylib
0x000000019ddd7000 	/usr/lib/system/libsystem_notify.dylib
0x00000001abebb000 	/usr/lib/system/libsystem_product_info_filter.dylib
0x00000001a47f6000 	/usr/lib/system/libsystem_sandbox.dylib
0x00000001a5cd8000 	/usr/lib/system/libsystem_secinit.dylib
0x000000019b21c000 	/usr/lib/system/libsystem_kernel.dylib
0x000000019b26c000 	/usr/lib/system/libsystem_platform.dylib
0x000000019b252000 	/usr/lib/system/libsystem_pthread.dylib
0x00000001a1b17000 	/usr/lib/system/libsystem_symptoms.dylib
0x000000019afd8000 	/usr/lib/system/libsystem_trace.dylib
0x00000001a5cb3000 	/usr/lib/system/libunwind.dylib
0x000000019af9e000 	/usr/lib/system/libxpc.dylib
0x000000019b202000 	/usr/lib/libc++abi.dylib
0x000000019b0de000 	/usr/lib/libobjc.A.dylib
0x00000001a5cbe000 	/usr/lib/liboah.dylib
0x000000019b19e000 	/usr/lib/libc++.1.dylib
0x00000001b1898000 	/System/Library/Frameworks/Cocoa.framework/Versions/A/Cocoa
0x000000019de36000 	/System/Library/Frameworks/AppKit.framework/Versions/C/AppKit
0x00000001a1358000 	/System/Library/Frameworks/CoreData.framework/Versions/A/CoreData
0x000000019c197000 	/System/Library/Frameworks/Foundation.framework/Versions/C/Foundation
0x000000019ece8000 	/System/Library/PrivateFrameworks/UIFoundation.framework/Versions/A/UIFoundation
0x00000001abbb5000 	/System/Library/PrivateFrameworks/RemoteViewServices.framework/Versions/A/RemoteViewServices
0x00000001a41b0000 	/System/Library/PrivateFrameworks/XCTTargetBootstrap.framework/Versions/A/XCTTargetBootstrap
0x00000001a79f0000 	/System/Library/PrivateFrameworks/InternationalSupport.framework/Versions/A/InternationalSupport
0x00000001a7a79000 	/System/Library/PrivateFrameworks/UserActivity.framework/Versions/A/UserActivity
0x00000001a6f1b000 	/usr/lib/libspindump.dylib
0x000000019ef58000 	/System/Library/Frameworks/UniformTypeIdentifiers.framework/Versions/A/UniformTypeIdentifiers
0x00000001a273e000 	/usr/lib/libapp_launch_measurement.dylib
0x00000001a1cbb000 	/System/Library/PrivateFrameworks/CoreAnalytics.framework/Versions/A/CoreAnalytics
0x00000001a2741000 	/System/Library/PrivateFrameworks/CoreAutoLayout.framework/Versions/A/CoreAutoLayout
0x00000001a3ab4000 	/System/Library/Frameworks/Metal.framework/Versions/A/Metal
0x00000001a4801000 	/usr/lib/liblangid.dylib
0x00000001a41b4000 	/System/Library/PrivateFrameworks/CoreSVG.framework/Versions/A/CoreSVG
0x00000001a0415000 	/System/Library/PrivateFrameworks/SkyLight.framework/Versions/A/SkyLight
0x00000001a07dd000 	/System/Library/Frameworks/CoreGraphics.framework/Versions/A/CoreGraphics
0x00000001ac22e000 	/System/Library/Frameworks/Accelerate.framework/Versions/A/Accelerate
0x00000001a6990000 	/System/Library/PrivateFrameworks/IconServices.framework/Versions/A/IconServices
0x00000001a3a96000 	/System/Library/Frameworks/IOSurface.framework/Versions/A/IOSurface
0x00000001a1ceb000 	/usr/lib/libDiagnosticMessagesClient.dylib
0x00000001af666000 	/System/Library/Frameworks/ApplicationServices.framework/Versions/A/ApplicationServices
0x00000001a4198000 	/System/Library/PrivateFrameworks/DFRFoundation.framework/Versions/A/DFRFoundation
0x000000019d6d9000 	/usr/lib/libicucore.A.dylib
0x00000001a87ed000 	/System/Library/Frameworks/AudioToolbox.framework/Versions/A/AudioToolbox
0x00000001a79fc000 	/System/Library/PrivateFrameworks/DataDetectorsCore.framework/Versions/A/DataDetectorsCore
0x00000001bda18000 	/System/Library/PrivateFrameworks/TextInput.framework/Versions/A/TextInput
0x00000001a038c000 	/usr/lib/libMobileGestalt.dylib
0x00000001a3e68000 	/System/Library/Frameworks/Carbon.framework/Versions/A/Frameworks/HIToolbox.framework/Versions/A/HIToolbox
0x00000001a2148000 	/System/Library/Frameworks/QuartzCore.framework/Versions/A/QuartzCore
0x000000019d356000 	/System/Library/Frameworks/Security.framework/Versions/A/Security
0x00000001abbf5000 	/System/Library/Frameworks/Carbon.framework/Versions/A/Frameworks/SpeechRecognition.framework/Versions/A/SpeechRecognition
0x00000001a2495000 	/System/Library/PrivateFrameworks/CoreUI.framework/Versions/A/CoreUI
0x000000019cc29000 	/System/Library/Frameworks/CoreAudio.framework/Versions/A/CoreAudio
0x00000001a1ddb000 	/System/Library/Frameworks/DiskArbitration.framework/Versions/A/DiskArbitration
0x00000001a7303000 	/System/Library/PrivateFrameworks/MultitouchSupport.framework/Versions/A/MultitouchSupport
0x00000001a038a000 	/usr/lib/libenergytrace.dylib
0x000000019dd02000 	/System/Library/Frameworks/IOKit.framework/Versions/A/IOKit
0x00000001abfdc000 	/System/Library/Frameworks/CoreServices.framework/Versions/A/CoreServices
0x00000001a26ce000 	/System/Library/PrivateFrameworks/PerformanceAnalysis.framework/Versions/A/PerformanceAnalysis
0x00000001fc23d000 	/System/Library/Frameworks/OpenGL.framework/Versions/A/OpenGL
0x00000001a52b4000 	/System/Library/PrivateFrameworks/MobileKeyBag.framework/Versions/A/MobileKeyBag
0x00000001a0ded000 	/System/Library/Frameworks/ColorSync.framework/Versions/A/ColorSync
0x000000019b2a0000 	/System/Library/Frameworks/CoreFoundation.framework/Versions/A/CoreFoundation
0x00000001a4435000 	/System/Library/Frameworks/CoreImage.framework/Versions/A/CoreImage
0x000000019ca4c000 	/System/Library/Frameworks/CoreText.framework/Versions/A/CoreText
0x00000001a41e4000 	/System/Library/Frameworks/ImageIO.framework/Versions/A/ImageIO
0x00000001a5cf4000 	/System/Library/PrivateFrameworks/SoftLinking.framework/Versions/A/SoftLinking
0x00000001a278b000 	/usr/lib/libxml2.2.dylib
0x00000001a5f8c000 	/usr/lib/libcompression.dylib
0x00000001a7949000 	/System/Library/PrivateFrameworks/TextureIO.framework/Versions/A/TextureIO
0x00000001a66aa000 	/usr/lib/libate.dylib
0x00000001a6572000 	/usr/lib/liblzma.5.dylib
0x000000019be88000 	/System/Library/Frameworks/SystemConfiguration.framework/Versions/A/SystemConfiguration
0x00000001a5cf0000 	/usr/lib/libfakelink.dylib
0x000000019feba000 	/System/Library/Frameworks/CFNetwork.framework/Versions/A/CFNetwork
0x00000001a5e37000 	/usr/lib/libarchive.2.dylib
0x00000001a47fd000 	/System/Library/PrivateFrameworks/AppleSystemInfo.framework/Versions/A/AppleSystemInfo
0x00000001a53be000 	/usr/lib/libbsm.0.dylib
0x000000019f3f7000 	/usr/lib/libnetwork.dylib
0x00000001a5c8e000 	/usr/lib/system/libkxld.dylib
0x00000001a4fd6000 	/System/Library/PrivateFrameworks/IOMobileFramebuffer.framework/Versions/A/IOMobileFramebuffer
0x0000000217b68000 	/usr/lib/libCoreEntitlements.dylib
0x00000001a59d4000 	/System/Library/PrivateFrameworks/AppleFSCompression.framework/Versions/A/AppleFSCompression
0x00000001a53a7000 	/usr/lib/libcoretls.dylib
0x00000001a658b000 	/usr/lib/libcoretls_cfhelpers.dylib
0x00000001a5f87000 	/usr/lib/libpam.2.dylib
0x00000001a173f000 	/usr/lib/libsqlite3.dylib
0x00000001a65f3000 	/usr/lib/libxar.1.dylib
0x00000001a59e5000 	/usr/lib/libbz2.1.0.dylib
0x00000001a5cf5000 	/usr/lib/libpcap.A.dylib
0x00000001a1b0e000 	/usr/lib/libdns_services.dylib
0x00000001a5f5a000 	/usr/lib/libapple_nghttp2.dylib
0x00000001a5d32000 	/usr/lib/libiconv.2.dylib
0x00000001a5c87000 	/usr/lib/libcharset.1.dylib
0x00000001a270a000 	/System/Library/Frameworks/CoreServices.framework/Versions/A/Frameworks/FSEvents.framework/Versions/A/FSEvents
0x000000019d98f000 	/System/Library/Frameworks/CoreServices.framework/Versions/A/Frameworks/CarbonCore.framework/Versions/A/CarbonCore
0x00000001a1d3e000 	/System/Library/Frameworks/CoreServices.framework/Versions/A/Frameworks/Metadata.framework/Versions/A/Metadata
0x00000001a59f8000 	/System/Library/Frameworks/CoreServices.framework/Versions/A/Frameworks/OSServices.framework/Versions/A/OSServices
0x00000001a5ebc000 	/System/Library/Frameworks/CoreServices.framework/Versions/A/Frameworks/SearchKit.framework/Versions/A/SearchKit
0x00000001a1a9c000 	/System/Library/Frameworks/CoreServices.framework/Versions/A/Frameworks/AE.framework/Versions/A/AE
0x000000019b7e4000 	/System/Library/Frameworks/CoreServices.framework/Versions/A/Frameworks/LaunchServices.framework/Versions/A/LaunchServices
0x00000001a651b000 	/System/Library/Frameworks/CoreServices.framework/Versions/A/Frameworks/DictionaryServices.framework/Versions/A/DictionaryServices
0x00000001a2717000 	/System/Library/Frameworks/CoreServices.framework/Versions/A/Frameworks/SharedFileList.framework/Versions/A/SharedFileList
0x00000001a5397000 	/usr/lib/libCheckFix.dylib
0x00000001a03f9000 	/System/Library/PrivateFrameworks/TCC.framework/Versions/A/TCC
0x00000001a4803000 	/System/Library/PrivateFrameworks/CoreNLP.framework/Versions/A/CoreNLP
0x00000001a1cee000 	/System/Library/PrivateFrameworks/MetadataUtilities.framework/Versions/A/MetadataUtilities
0x000000019bf41000 	/usr/lib/libmecabra.dylib
0x00000001a53cf000 	/usr/lib/libmecab.dylib
0x000000019bf0d000 	/usr/lib/libCRFSuite.dylib
0x00000001a542d000 	/usr/lib/libgermantok.dylib
0x00000001a5f33000 	/usr/lib/libThaiTokenizer.dylib
0x00000001a1de3000 	/System/Library/Frameworks/Accelerate.framework/Versions/A/Frameworks/vImage.framework/Versions/A/vImage
0x00000001abfb3000 	/System/Library/Frameworks/Accelerate.framework/Versions/A/Frameworks/vecLib.framework/Versions/A/vecLib
0x00000001a6637000 	/System/Library/Frameworks/Accelerate.framework/Versions/A/Frameworks/vecLib.framework/Versions/A/libvMisc.dylib
0x00000001a4ee0000 	/System/Library/Frameworks/Accelerate.framework/Versions/A/Frameworks/vecLib.framework/Versions/A/libvDSP.dylib
0x000000019bb67000 	/System/Library/Frameworks/Accelerate.framework/Versions/A/Frameworks/vecLib.framework/Versions/A/libBLAS.dylib
0x00000001a605b000 	/System/Library/Frameworks/Accelerate.framework/Versions/A/Frameworks/vecLib.framework/Versions/A/libLAPACK.dylib
0x00000001a5430000 	/System/Library/Frameworks/Accelerate.framework/Versions/A/Frameworks/vecLib.framework/Versions/A/libLinearAlgebra.dylib
0x00000001a5f72000 	/System/Library/Frameworks/Accelerate.framework/Versions/A/Frameworks/vecLib.framework/Versions/A/libSparseBLAS.dylib
0x00000001a6056000 	/System/Library/Frameworks/Accelerate.framework/Versions/A/Frameworks/vecLib.framework/Versions/A/libQuadrature.dylib
0x00000001a48fa000 	/System/Library/Frameworks/Accelerate.framework/Versions/A/Frameworks/vecLib.framework/Versions/A/libBNNS.dylib
0x000000019be25000 	/System/Library/Frameworks/Accelerate.framework/Versions/A/Frameworks/vecLib.framework/Versions/A/libSparse.dylib
0x00000001a48f2000 	/System/Library/PrivateFrameworks/LinguisticData.framework/Versions/A/LinguisticData
0x000000019bddb000 	/System/Library/PrivateFrameworks/Lexicon.framework/Versions/A/Lexicon
0x00000001a662f000 	/usr/lib/libChineseTokenizer.dylib
0x000000019c585000 	/System/Library/PrivateFrameworks/LanguageModeling.framework/Versions/A/LanguageModeling
0x00000001a5f35000 	/System/Library/PrivateFrameworks/AppleSauce.framework/Versions/A/AppleSauce
0x00000001a4fc3000 	/System/Library/PrivateFrameworks/CoreEmoji.framework/Versions/A/CoreEmoji
0x00000001a5e25000 	/usr/lib/libcmph.dylib
0x00000001a26ea000 	/System/Library/Frameworks/OpenDirectory.framework/Versions/A/Frameworks/CFOpenDirectory.framework/Versions/A/CFOpenDirectory
0x00000001a26da000 	/System/Library/Frameworks/OpenDirectory.framework/Versions/A/OpenDirectory
0x00000001a658d000 	/System/Library/PrivateFrameworks/APFS.framework/Versions/A/APFS
0x00000001a52ef000 	/System/Library/Frameworks/SecurityFoundation.framework/Versions/A/SecurityFoundation
0x00000001a6601000 	/usr/lib/libutil.dylib
0x000000019dcc4000 	/System/Library/PrivateFrameworks/CoreServicesStore.framework/Versions/A/CoreServicesStore
0x00000001a6605000 	/usr/lib/libxslt.1.dylib
0x00000001a5383000 	/System/Library/PrivateFrameworks/BackgroundTaskManagement.framework/Versions/A/BackgroundTaskManagement
0x00000001a786a000 	/System/Library/Frameworks/ImageIO.framework/Versions/A/Resources/libRadiance.dylib
0x00000001a7873000 	/System/Library/Frameworks/ImageIO.framework/Versions/A/Resources/libJPEG.dylib
0x00000001a77c5000 	/System/Library/Frameworks/ImageIO.framework/Versions/A/Resources/libPng.dylib
0x00000001a77e7000 	/System/Library/Frameworks/ImageIO.framework/Versions/A/Resources/libTIFF.dylib
0x00000001a78ce000 	/System/Library/Frameworks/ImageIO.framework/Versions/A/Resources/libGIF.dylib
0x00000001a7213000 	/System/Library/Frameworks/ImageIO.framework/Versions/A/Resources/libJP2.dylib
0x00000001a6956000 	/usr/lib/libexpat.1.dylib
0x00000001a71ce000 	/System/Library/PrivateFrameworks/AppleJPEG.framework/Versions/A/AppleJPEG
0x00000001a3d27000 	/System/Library/PrivateFrameworks/FontServices.framework/libFontParser.dylib
0x00000001a1a41000 	/System/Library/PrivateFrameworks/RunningBoardServices.framework/Versions/A/RunningBoardServices
0x00000001b1f03000 	/System/Library/PrivateFrameworks/IOSurfaceAccelerator.framework/Versions/A/IOSurfaceAccelerator
0x00000001a72ff000 	/System/Library/PrivateFrameworks/WatchdogClient.framework/Versions/A/WatchdogClient
0x000000019c689000 	/System/Library/Frameworks/CoreDisplay.framework/Versions/A/CoreDisplay
0x00000001a3c16000 	/System/Library/Frameworks/CoreMedia.framework/Versions/A/CoreMedia
0x00000001a3aaa000 	/System/Library/PrivateFrameworks/IOAccelerator.framework/Versions/A/IOAccelerator
0x00000001a2878000 	/System/Library/Frameworks/CoreVideo.framework/Versions/A/CoreVideo
0x00000001a5f85000 	/System/Library/Frameworks/MetalPerformanceShaders.framework/Versions/A/MetalPerformanceShaders
0x00000001a733c000 	/System/Library/Frameworks/VideoToolbox.framework/Versions/A/VideoToolbox
0x00000001a1985000 	/System/Library/PrivateFrameworks/BaseBoard.framework/Versions/A/BaseBoard
0x00000001a1724000 	/System/Library/PrivateFrameworks/ProtocolBuffer.framework/Versions/A/ProtocolBuffer
0x00000001a7865000 	/System/Library/PrivateFrameworks/GPUWrangler.framework/Versions/A/GPUWrangler
0x00000001a7844000 	/System/Library/PrivateFrameworks/IOPresentment.framework/Versions/A/IOPresentment
0x00000001a786d000 	/System/Library/PrivateFrameworks/DSExternalDisplay.framework/Versions/A/DSExternalDisplay
0x00000001fc230000 	/System/Library/Frameworks/OpenGL.framework/Versions/A/Libraries/libCoreFSCache.dylib
0x000000020594a000 	/System/Library/PrivateFrameworks/GPUCompiler.framework/Versions/31001/Libraries/libGPUCompilerUtils.dylib
0x00000001a78d3000 	/System/Library/PrivateFrameworks/CMCaptureCore.framework/Versions/A/CMCaptureCore
0x00000001a6f09000 	/System/Library/PrivateFrameworks/AppServerSupport.framework/Versions/A/AppServerSupport
0x00000001a90a8000 	/System/Library/PrivateFrameworks/perfdata.framework/Versions/A/perfdata
0x000000019c7a9000 	/System/Library/PrivateFrameworks/AudioToolboxCore.framework/Versions/A/AudioToolboxCore
0x00000001a3bee000 	/System/Library/PrivateFrameworks/caulk.framework/Versions/A/caulk
0x00000001a899d000 	/usr/lib/libAudioStatistics.dylib
0x00000001ba1b6000 	/System/Library/PrivateFrameworks/SystemPolicy.framework/Versions/A/SystemPolicy
0x00000001a8bfd000 	/usr/lib/libSMC.dylib
0x00000001b177a000 	/System/Library/Frameworks/CoreMIDI.framework/Versions/A/CoreMIDI
0x00000001a7793000 	/usr/lib/libAudioToolboxUtility.dylib
0x00000001b665c000 	/System/Library/PrivateFrameworks/OSAServicesClient.framework/Versions/A/OSAServicesClient
0x00000001a90b5000 	/usr/lib/libperfcheck.dylib
0x00000001bacb9000 	/usr/lib/libmis.dylib
0x00000001fc291000 	/System/Library/Frameworks/OpenGL.framework/Versions/A/Libraries/libGLU.dylib
0x00000001fc250000 	/System/Library/Frameworks/OpenGL.framework/Versions/A/Libraries/libGFXShared.dylib
0x00000001fc43a000 	/System/Library/Frameworks/OpenGL.framework/Versions/A/Libraries/libGL.dylib
0x00000001fc259000 	/System/Library/Frameworks/OpenGL.framework/Versions/A/Libraries/libGLImage.dylib
0x00000001fc24d000 	/System/Library/Frameworks/OpenGL.framework/Versions/A/Libraries/libCVMSPluginSupport.dylib
0x00000001fc237000 	/System/Library/Frameworks/OpenGL.framework/Versions/A/Libraries/libCoreVMClient.dylib
0x00000001a477f000 	/System/Library/Frameworks/MetalPerformanceShaders.framework/Versions/A/Frameworks/MPSCore.framework/Versions/A/MPSCore
0x00000001a5947000 	/System/Library/Frameworks/MetalPerformanceShaders.framework/Versions/A/Frameworks/MPSImage.framework/Versions/A/MPSImage
0x00000001a5445000 	/System/Library/Frameworks/MetalPerformanceShaders.framework/Versions/A/Frameworks/MPSNeuralNetwork.framework/Versions/A/MPSNeuralNetwork
0x00000001a5882000 	/System/Library/Frameworks/MetalPerformanceShaders.framework/Versions/A/Frameworks/MPSMatrix.framework/Versions/A/MPSMatrix
0x00000001a565d000 	/System/Library/Frameworks/MetalPerformanceShaders.framework/Versions/A/Frameworks/MPSRayIntersector.framework/Versions/A/MPSRayIntersector
0x00000001a58b3000 	/System/Library/Frameworks/MetalPerformanceShaders.framework/Versions/A/Frameworks/MPSNDArray.framework/Versions/A/MPSNDArray
0x00000001fdf4c000 	/System/Library/Frameworks/MetalPerformanceShaders.framework/Versions/A/Frameworks/MPSFunctions.framework/Versions/A/MPSFunctions
0x000000019ba45000 	/System/Library/PrivateFrameworks/MetalTools.framework/Versions/A/MetalTools
0x00000001a47fb000 	/System/Library/PrivateFrameworks/AggregateDictionary.framework/Versions/A/AggregateDictionary
0x00000001a673c000 	/usr/lib/libIOReport.dylib
0x00000001b0768000 	/System/Library/PrivateFrameworks/ASEProcessing.framework/Versions/A/ASEProcessing
0x00000001a6aae000 	/System/Library/PrivateFrameworks/FaceCore.framework/Versions/A/FaceCore
0x00000001a6aa0000 	/System/Library/PrivateFrameworks/GraphVisualizer.framework/Versions/A/GraphVisualizer
0x0000000205861000 	/System/Library/PrivateFrameworks/FontServices.framework/Versions/A/FontServices
0x00000001a6ec3000 	/System/Library/PrivateFrameworks/OTSVG.framework/Versions/A/OTSVG
0x00000001a2446000 	/System/Library/Frameworks/ApplicationServices.framework/Versions/A/Frameworks/ATS.framework/Versions/A/Resources/libFontRegistry.dylib
0x00000001a6f12000 	/System/Library/PrivateFrameworks/FontServices.framework/libhvf.dylib
0x0000000205862000 	/System/Library/PrivateFrameworks/FontServices.framework/libXTFontStaticRegistryData.dylib
0x00000001fc5dc000 	/System/Library/Frameworks/OpenCL.framework/Versions/A/OpenCL
0x00000001a690a000 	/System/Library/PrivateFrameworks/AppleVA.framework/Versions/A/AppleVA
0x00000001a89c5000 	/System/Library/Frameworks/ApplicationServices.framework/Versions/A/Frameworks/ATS.framework/Versions/A/ATS
0x00000001a0eea000 	/System/Library/Frameworks/ApplicationServices.framework/Versions/A/Frameworks/HIServices.framework/Versions/A/HIServices
0x00000001a78dd000 	/System/Library/Frameworks/ApplicationServices.framework/Versions/A/Frameworks/PrintCore.framework/Versions/A/PrintCore
0x00000001a8d50000 	/System/Library/Frameworks/ApplicationServices.framework/Versions/A/Frameworks/QD.framework/Versions/A/QD
0x00000001a8d48000 	/System/Library/Frameworks/ApplicationServices.framework/Versions/A/Frameworks/ColorSyncLegacy.framework/Versions/A/ColorSyncLegacy
0x00000001a89b1000 	/System/Library/Frameworks/ApplicationServices.framework/Versions/A/Frameworks/SpeechSynthesis.framework/Versions/A/SpeechSynthesis
0x00000001a789e000 	/System/Library/Frameworks/ApplicationServices.framework/Versions/A/Frameworks/ATSUI.framework/Versions/A/ATSUI
0x00000001a8cdd000 	/usr/lib/libcups.2.dylib
0x00000001a90c3000 	/System/Library/Frameworks/Kerberos.framework/Versions/A/Kerberos
0x00000001a90d4000 	/System/Library/Frameworks/GSS.framework/Versions/A/GSS
0x00000001a8a34000 	/usr/lib/libresolv.9.dylib
0x00000001a6f20000 	/System/Library/PrivateFrameworks/Heimdal.framework/Versions/A/Heimdal
0x00000001af9dc000 	/System/Library/Frameworks/Kerberos.framework/Versions/A/Libraries/libHeimdalProxy.dylib
0x00000001a1b20000 	/System/Library/Frameworks/Network.framework/Versions/A/Network
0x00000001a6971000 	/usr/lib/libheimdal-asn1.dylib
0x00000001a911a000 	/System/Library/PrivateFrameworks/CommonAuth.framework/Versions/A/CommonAuth
0x00000001a892b000 	/System/Library/PrivateFrameworks/AudioSession.framework/Versions/A/AudioSession
0x00000001a6a02000 	/System/Library/PrivateFrameworks/MediaExperience.framework/Versions/A/MediaExperience
0x00000001a87b3000 	/System/Library/PrivateFrameworks/AudioSession.framework/libSessionUtility.dylib
0x00000001a8d5c000 	/System/Library/PrivateFrameworks/AudioResourceArbitration.framework/Versions/A/AudioResourceArbitration
0x00000001a697a000 	/System/Library/PrivateFrameworks/IconFoundation.framework/Versions/A/IconFoundation
0x00000001abbe1000 	/System/Library/PrivateFrameworks/SpeechRecognitionCore.framework/Versions/A/SpeechRecognitionCore
0x00000001df35a000 	/System/Library/CoreServices/Encodings/libTraditionalChineseConverter.dylib
0x0000000105bd0000 	/Library/Java/JavaVirtualMachines/jdk-17.0.1.jdk/Contents/Home/lib/server/libjvm.dylib
0x0000000104aa8000 	/Library/Java/JavaVirtualMachines/jdk-17.0.1.jdk/Contents/Home/lib/libjimage.dylib
0x0000000104b04000 	/Library/Java/JavaVirtualMachines/jdk-17.0.1.jdk/Contents/Home/lib/libjdwp.dylib
0x0000000104b4c000 	/Library/Java/JavaVirtualMachines/jdk-17.0.1.jdk/Contents/Home/lib/libjava.dylib
0x0000000104ad4000 	/Library/Java/JavaVirtualMachines/jdk-17.0.1.jdk/Contents/Home/lib/libinstrument.dylib
0x0000000105adc000 	/Library/Java/JavaVirtualMachines/jdk-17.0.1.jdk/Contents/Home/lib/libnio.dylib
0x0000000105b20000 	/Library/Java/JavaVirtualMachines/jdk-17.0.1.jdk/Contents/Home/lib/libnet.dylib
0x0000000105afc000 	/Library/Java/JavaVirtualMachines/jdk-17.0.1.jdk/Contents/Home/lib/libzip.dylib
0x0000000105abc000 	/Library/Java/JavaVirtualMachines/jdk-17.0.1.jdk/Contents/Home/lib/libdt_socket.dylib
0x0000000105b60000 	/Library/Java/JavaVirtualMachines/jdk-17.0.1.jdk/Contents/Home/lib/libverify.dylib
0x0000000105b7c000 	/Users/sean/.openjfx/cache/17.0.0.1/libprism_es2.dylib
0x000000019dc87000 	/System/Library/PrivateFrameworks/CoreServicesInternal.framework/Versions/A/CoreServicesInternal
0x00000001fc444000 	/System/Library/Frameworks/OpenGL.framework/Versions/A/Resources/GLEngine.bundle/GLEngine
0x00000001fc2cb000 	/System/Library/Frameworks/OpenGL.framework/Versions/A/Libraries/libGLProgrammability.dylib
0x0000000125848000 	/System/Library/Extensions/AppleMetalOpenGLRenderer.bundle/Contents/MacOS/AppleMetalOpenGLRenderer
0x00000001fc5b3000 	/System/Library/Frameworks/OpenGL.framework/Versions/A/Resources/GLRendererFloat.bundle/GLRendererFloat
0x00000001fc654000 	/System/Library/Extensions/AGXMetal13_3.bundle/Contents/MacOS/AGXMetal13_3
0x00000001bacd5000 	/System/Library/PrivateFrameworks/GPURawCounter.framework/Versions/A/GPURawCounter
0x00000001b57aa000 	/System/Library/PrivateFrameworks/IOGPU.framework/Versions/A/IOGPU
0x0000000125c84000 	/Users/sean/.openjfx/cache/17.0.0.1/libglass.dylib
0x00000001ad081000 	/System/Library/Frameworks/FileProvider.framework/Versions/A/FileProvider
0x00000001a18ed000 	/System/Library/Frameworks/Accounts.framework/Versions/A/Accounts
0x00000001ad201000 	/System/Library/PrivateFrameworks/GenerationalStorage.framework/Versions/A/GenerationalStorage
0x00000001addb1000 	/System/Library/PrivateFrameworks/CoreSymbolication.framework/Versions/A/CoreSymbolication
0x00000001ace21000 	/System/Library/PrivateFrameworks/SymptomDiagnosticReporter.framework/Versions/A/SymptomDiagnosticReporter
0x000000019ef6c000 	/System/Library/PrivateFrameworks/DesktopServicesPriv.framework/Versions/A/DesktopServicesPriv
0x000000019dde6000 	/usr/lib/libsandbox.1.dylib
0x00000001a2904000 	/System/Library/PrivateFrameworks/UserManagement.framework/Versions/A/UserManagement
0x00000001add72000 	/System/Library/PrivateFrameworks/DebugSymbols.framework/Versions/A/DebugSymbols
0x00000001a8d3b000 	/System/Library/PrivateFrameworks/NetAuth.framework/Versions/A/NetAuth
0x00000001a9c39000 	/System/Library/PrivateFrameworks/Sharing.framework/Versions/A/Sharing
0x00000001a28d4000 	/System/Library/PrivateFrameworks/login.framework/Versions/A/Frameworks/loginsupport.framework/Versions/A/loginsupport
0x00000001aef22000 	/System/Library/PrivateFrameworks/Apple80211.framework/Versions/A/Apple80211
0x00000001a5a2b000 	/System/Library/PrivateFrameworks/AuthKit.framework/Versions/A/AuthKit
0x00000001a50c2000 	/System/Library/PrivateFrameworks/CoreUtils.framework/Versions/A/CoreUtils
0x00000001a4fe2000 	/System/Library/Frameworks/CoreWLAN.framework/Versions/A/CoreWLAN
0x00000001a9da2000 	/System/Library/Frameworks/IOBluetooth.framework/Versions/A/IOBluetooth
0x00000001aef82000 	/System/Library/PrivateFrameworks/CoreWiFi.framework/Versions/A/CoreWiFi
0x00000001ad959000 	/System/Library/PrivateFrameworks/FrontBoardServices.framework/Versions/A/FrontBoardServices
0x00000001ad9f1000 	/System/Library/PrivateFrameworks/BoardServices.framework/Versions/A/BoardServices
0x00000001a52dd000 	/System/Library/PrivateFrameworks/AssertionServices.framework/Versions/A/AssertionServices
0x00000001af0f0000 	/System/Library/PrivateFrameworks/BackBoardServices.framework/Versions/A/BackBoardServices
0x00000001a91ad000 	/System/Library/PrivateFrameworks/CorePhoneNumbers.framework/Versions/A/CorePhoneNumbers
0x00000001acf51000 	/System/Library/PrivateFrameworks/DiskManagement.framework/Versions/A/DiskManagement
0x00000001ace54000 	/System/Library/PrivateFrameworks/AppleIDAuthSupport.framework/Versions/A/AppleIDAuthSupport
0x00000002001e5000 	/System/Library/PrivateFrameworks/AAAFoundation.framework/Versions/A/AAAFoundation
0x00000001a918c000 	/System/Library/PrivateFrameworks/KeychainCircle.framework/Versions/A/KeychainCircle
0x00000001acf1d000 	/System/Library/PrivateFrameworks/MediaKit.framework/Versions/A/MediaKit
0x00000001ace61000 	/System/Library/Frameworks/DiscRecording.framework/Versions/A/DiscRecording
0x00000001a6886000 	/usr/lib/libCoreStorage.dylib
0x00000001af3ea000 	/usr/lib/libcsfde.dylib
0x00000001a9e77000 	/System/Library/PrivateFrameworks/ProtectedCloudStorage.framework/Versions/A/ProtectedCloudStorage
0x00000001af3e2000 	/System/Library/PrivateFrameworks/EFILogin.framework/Versions/A/EFILogin
0x00000001ad228000 	/System/Library/PrivateFrameworks/OctagonTrust.framework/Versions/A/OctagonTrust
0x0000000204acc000 	/System/Library/PrivateFrameworks/CoreUtilsExtras.framework/Versions/A/CoreUtilsExtras
0x00000001acd93000 	/System/Library/Frameworks/CoreBluetooth.framework/Versions/A/CoreBluetooth
0x00000001afa61000 	/System/Library/Frameworks/AudioUnit.framework/Versions/A/AudioUnit
0x00000001a687e000 	/usr/lib/libMatch.1.dylib
0x00000001bef3c000 	/System/Library/Frameworks/Accelerate.framework/Versions/A/Frameworks/vImage.framework/Versions/A/Libraries/libCGInterfaces.dylib
0x0000000125fcc000 	/usr/lib/libobjc-trampolines.dylib
0x00000001a25d2000 	/System/Library/PrivateFrameworks/ViewBridge.framework/Versions/A/ViewBridge
0x00000001a6fce000 	/System/Library/PrivateFrameworks/login.framework/Versions/A/login
0x00000001a6745000 	/System/Library/PrivateFrameworks/CrashReporterSupport.framework/Versions/A/CrashReporterSupport
0x00000001c684b000 	/System/Library/PrivateFrameworks/OSAnalytics.framework/Versions/A/OSAnalytics
0x00000001d199a000 	/System/Library/PrivateFrameworks/Symbolication.framework/Versions/A/Symbolication
0x00000001bac96000 	/System/Library/PrivateFrameworks/MallocStackLogging.framework/Versions/A/MallocStackLogging
0x0000000130cb4000 	/Users/sean/.openjfx/cache/17.0.0.1/libjavafx_font.dylib
0x0000000217ce2000 	/usr/lib/libRosetta.dylib
0x00000001b327a000 	/System/Library/Frameworks/Carbon.framework/Versions/A/Frameworks/OpenScripting.framework/Versions/A/OpenScripting


VM Arguments:
jvm_args: -agentlib:jdwp=transport=dt_socket,address=127.0.0.1:54669,suspend=y,server=n -javaagent:/Users/sean/Library/Caches/JetBrains/IdeaIC2021.2/captureAgent/debugger-agent.jar -Dfile.encoding=UTF-8 --module-path=/Users/sean/.m2/repository/org/openjfx/javafx-base/17.0.0.1/javafx-base-17.0.0.1-mac-aarch64.jar:/Users/sean/.m2/repository/org/openjfx/javafx-controls/17.0.0.1/javafx-controls-17.0.0.1-mac-aarch64.jar:/Users/sean/.m2/repository/org/openjfx/javafx-graphics/17.0.0.1/javafx-graphics-17.0.0.1-mac-aarch64.jar:/Users/sean/.m2/repository/org/openjfx/javafx-fxml/17.0.0.1/javafx-fxml-17.0.0.1-mac-aarch64.jar:/Users/sean/Documents/GitHub/Meal-Ordering-System/FoodOrderingSystem/target/classes -Djdk.module.main=com.example.foodorderingsystem 
java_command: com.example.foodorderingsystem/com.example.foodorderingsystem.HelloApplication
java_class_path (initial): /Users/sean/.m2/repository/org/openjfx/javafx-controls/17.0.0.1/javafx-controls-17.0.0.1.jar:/Users/sean/.m2/repository/org/openjfx/javafx-graphics/17.0.0.1/javafx-graphics-17.0.0.1.jar:/Users/sean/.m2/repository/org/openjfx/javafx-base/17.0.0.1/javafx-base-17.0.0.1.jar:/Users/sean/.m2/repository/org/openjfx/javafx-fxml/17.0.0.1/javafx-fxml-17.0.0.1.jar:/Applications/IntelliJ IDEA CE.app/Contents/lib/idea_rt.jar
Launcher Type: SUN_STANDARD

[Global flags]
     intx CICompilerCount                          = 4                                         {product} {ergonomic}
     uint ConcGCThreads                            = 2                                         {product} {ergonomic}
     uint G1ConcRefinementThreads                  = 8                                         {product} {ergonomic}
   size_t G1HeapRegionSize                         = 1048576                                   {product} {ergonomic}
    uintx GCDrainStackTargetSize                   = 64                                        {product} {ergonomic}
   size_t InitialHeapSize                          = 134217728                                 {product} {ergonomic}
   size_t MarkStackSize                            = 4194304                                   {product} {ergonomic}
   size_t MaxHeapSize                              = 2147483648                                {product} {ergonomic}
   size_t MaxNewSize                               = 1287651328                                {product} {ergonomic}
   size_t MinHeapDeltaBytes                        = 1048576                                   {product} {ergonomic}
   size_t MinHeapSize                              = 8388608                                   {product} {ergonomic}
    uintx NonNMethodCodeHeapSize                   = 5839564                                {pd product} {ergonomic}
    uintx NonProfiledCodeHeapSize                  = 122909338                              {pd product} {ergonomic}
    uintx ProfiledCodeHeapSize                     = 122909338                              {pd product} {ergonomic}
    uintx ReservedCodeCacheSize                    = 251658240                              {pd product} {ergonomic}
     bool SegmentedCodeCache                       = true                                      {product} {ergonomic}
   size_t SoftMaxHeapSize                          = 2147483648                             {manageable} {ergonomic}
     bool UseCompressedClassPointers               = true                           {product lp64_product} {ergonomic}
     bool UseCompressedOops                        = true                           {product lp64_product} {ergonomic}
     bool UseG1GC                                  = true                                      {product} {ergonomic}
     bool UseNUMA                                  = false                                     {product} {ergonomic}
     bool UseNUMAInterleaving                      = false                                     {product} {ergonomic}

Logging:
Log output configuration:
 #0: stdout all=warning uptime,level,tags
 #1: stderr all=off uptime,level,tags

Environment Variables:
PATH=/usr/local/bin:/usr/bin:/bin:/usr/sbin:/sbin
SHELL=/bin/zsh
LC_CTYPE=zh_TW.UTF-8

Signal Handlers:
   SIGSEGV: _ZL13crash_handleriP9__siginfoPv in libjvm.dylib, mask=11100110000111110111111111111111, flags=SA_RESTART|SA_SIGINFO
    SIGBUS: _ZL13crash_handleriP9__siginfoPv in libjvm.dylib, mask=11100110000111110111111111111111, flags=SA_RESTART|SA_SIGINFO
    SIGFPE: _ZL13crash_handleriP9__siginfoPv in libjvm.dylib, mask=11100110000111110111111111111111, flags=SA_RESTART|SA_SIGINFO
   SIGPIPE: _ZL17javaSignalHandleriP9__siginfoPv in libjvm.dylib, mask=11100110000111110111111111111111, flags=SA_RESTART|SA_SIGINFO
   SIGXFSZ: _ZL17javaSignalHandleriP9__siginfoPv in libjvm.dylib, mask=11100110000111110111111111111111, flags=SA_RESTART|SA_SIGINFO
    SIGILL: _ZL13crash_handleriP9__siginfoPv in libjvm.dylib, mask=11100110000111110111111111111111, flags=SA_RESTART|SA_SIGINFO
   SIGUSR2: _ZL10SR_handleriP9__siginfoP17__darwin_ucontext in libjvm.dylib, mask=00100000000000000000000000000000, flags=SA_RESTART|SA_SIGINFO
    SIGHUP: _ZL11UserHandleriPvS_ in libjvm.dylib, mask=11100110000111110111111111111111, flags=SA_RESTART|SA_SIGINFO
    SIGINT: _ZL11UserHandleriPvS_ in libjvm.dylib, mask=11100110000111110111111111111111, flags=SA_RESTART|SA_SIGINFO
   SIGTERM: _ZL11UserHandleriPvS_ in libjvm.dylib, mask=11100110000111110111111111111111, flags=SA_RESTART|SA_SIGINFO
   SIGQUIT: _ZL11UserHandleriPvS_ in libjvm.dylib, mask=11100110000111110111111111111111, flags=SA_RESTART|SA_SIGINFO
   SIGTRAP: _ZL13crash_handleriP9__siginfoPv in libjvm.dylib, mask=11100110000111110111111111111111, flags=SA_RESTART|SA_SIGINFO


---------------  S Y S T E M  ---------------

OS:
uname: Darwin 21.1.0 Darwin Kernel Version 21.1.0: Wed Oct 13 17:33:24 PDT 2021; root:xnu-8019.41.5~1/RELEASE_ARM64_T8101 arm64
OS uptime: 1 days 2:50 hours
rlimit (soft/hard): STACK 8176k/65520k , CORE 0k/infinity , NPROC 1333/2000 , NOFILE 10240/infinity , AS infinity/infinity , CPU infinity/infinity , DATA infinity/infinity , FSIZE infinity/infinity , MEMLOCK infinity/infinity , RSS infinity/infinity
load average: 2.22 1.81 1.68

CPU: total 8 (initial active 8) 0x61:0x0:0x1b588bb3:0, fp, simd, crc, lse

Memory: 16k page, physical 8388608k(85408k free), swap 2097152k(1140480k free)

vm_info: Java HotSpot(TM) 64-Bit Server VM (17.0.1+12-LTS-39) for bsd-aarch64 JRE (17.0.1+12-LTS-39), built on Sep 27 2021 17:38:30 by "mach5one" with clang Apple LLVM 12.0.0 (clang-1200.0.32.29)

END.
