#
# A fatal error has been detected by the Java Runtime Environment:
#
#  SIGBUS (0xa) at pc=0x000000010db354f0, pid=247, tid=30223
#
# JRE version: Java(TM) SE Runtime Environment (17.0.1+12) (build 17.0.1+12-LTS-39)
# Java VM: Java HotSpot(TM) 64-Bit Server VM (17.0.1+12-LTS-39, mixed mode, sharing, tiered, compressed oops, compressed class ptrs, g1 gc, bsd-aarch64)
# Problematic frame:
# v  ~StubRoutines::SafeFetchN
#
# No core dump will be written. Core dumps have been disabled. To enable core dumping, try "ulimit -c unlimited" before starting Java again
#
# If you would like to submit a bug report, please visit:
#   https://bugreport.java.com/bugreport/crash.jsp
# The crash happened outside the Java Virtual Machine in native code.
# See problematic frame for where to report the bug.
#

---------------  S U M M A R Y ------------

Command Line: -javaagent:/Applications/IntelliJ IDEA CE.app/Contents/lib/idea_rt.jar=49634:/Applications/IntelliJ IDEA CE.app/Contents/bin -Dfile.encoding=UTF-8 --module-path=/Users/sean/.m2/repository/org/openjfx/javafx-graphics/17.0.0.1/javafx-graphics-17.0.0.1-mac-aarch64.jar:/Users/sean/Documents/GitHub/Meal-Ordering-System/FoodOrderingSystem/target/classes:/Users/sean/.m2/repository/org/openjfx/javafx-base/17.0.0.1/javafx-base-17.0.0.1-mac-aarch64.jar:/Users/sean/.m2/repository/org/openjfx/javafx-fxml/17.0.0.1/javafx-fxml-17.0.0.1-mac-aarch64.jar:/Users/sean/.m2/repository/org/openjfx/javafx-controls/17.0.0.1/javafx-controls-17.0.0.1-mac-aarch64.jar -Djdk.module.main=com.example.foodorderingsystem com.example.foodorderingsystem/com.example.foodorderingsystem.HelloApplication

Host: "MacBookPro17,1" arm64 1 MHz, 8 cores, 8G, Darwin 21.1.0, macOS 12.0.1 (21A559)
Time: Fri Feb 11 18:33:15 2022 CST elapsed time: 3.351357 seconds (0d 0h 0m 3s)

---------------  T H R E A D  ---------------

Current thread (0x000000012987cc00):  JavaThread "InvokeLaterDispatcher" daemon [_thread_in_native, id=30223, stack(0x000000016e4e4000,0x000000016e6e7000)]

Stack: [0x000000016e4e4000,0x000000016e6e7000],  sp=0x000000016e6e67b0,  free space=2057k
Native frames: (J=compiled Java code, j=interpreted, Vv=VM code, C=native code)
v  ~StubRoutines::SafeFetchN
V  [libjvm.dylib+0x79e208]  _ZN10OopStorage7releaseEPKP7oopDesc+0x20
V  [libjvm.dylib+0x4b8f30]  jni_DeleteGlobalRef+0xc4
C  [libglass.dylib+0xab08]  -[GlassRunnable dealloc]+0x34
C  [Foundation+0x85e0c]  -[_NSThreadPerformInfo dealloc]+0x30
C  [Foundation+0x525e8]  -[NSObject(NSThreadPerformAdditions) performSelectorOnMainThread:withObject:waitUntilDone:]+0x88
C  0x114600010db3d8ac
j  com.sun.glass.ui.mac.MacApplication.submitForLaterInvocation(Ljava/lang/Runnable;)V+2 javafx.graphics
j  com.sun.glass.ui.InvokeLaterDispatcher.run()V+82 javafx.graphics
v  ~StubRoutines::call_stub
V  [libjvm.dylib+0x460588]  _ZN9JavaCalls11call_helperEP9JavaValueRK12methodHandleP17JavaCallArgumentsP10JavaThread+0x38c
V  [libjvm.dylib+0x45f5a4]  _ZN9JavaCalls12call_virtualEP9JavaValueP5KlassP6SymbolS5_P17JavaCallArgumentsP10JavaThread+0x11c
V  [libjvm.dylib+0x45f670]  _ZN9JavaCalls12call_virtualEP9JavaValue6HandleP5KlassP6SymbolS6_P10JavaThread+0x64
V  [libjvm.dylib+0x512ef0]  _ZL12thread_entryP10JavaThreadS0_+0xc4
V  [libjvm.dylib+0x8fc514]  _ZN10JavaThread17thread_main_innerEv+0x134
V  [libjvm.dylib+0x8fae3c]  _ZN6Thread8call_runEv+0x128
V  [libjvm.dylib+0x7a4df0]  _ZL19thread_native_entryP6Thread+0x158
C  [libsystem_pthread.dylib+0x74ec]  _pthread_start+0x94

Java frames: (J=compiled Java code, j=interpreted, Vv=VM code)
j  com.sun.glass.ui.mac.MacApplication._submitForLaterInvocation(Ljava/lang/Runnable;)V+0 javafx.graphics
j  com.sun.glass.ui.mac.MacApplication.submitForLaterInvocation(Ljava/lang/Runnable;)V+2 javafx.graphics
j  com.sun.glass.ui.InvokeLaterDispatcher.run()V+82 javafx.graphics
v  ~StubRoutines::call_stub

siginfo: si_signo: 10 (SIGBUS), si_code: 1 (BUS_ADRALN), si_addr: 0x000000010db354f0

Register to memory mapping:

 x0=0x0000000129606c88 is a global jni handle
 x1=0x0 is NULL
 x2=0x0000000785bafe38 is an oop: com.sun.glass.ui.InvokeLaterDispatcher$Future 
{0x0000000785bafe38} - klass: 'com/sun/glass/ui/InvokeLaterDispatcher$Future'
 - ---- fields (total size 3 words):
 - private 'done' 'Z' @12  true
 - private final 'runnable' 'Ljava/lang/Runnable;' @16  a 'com/sun/javafx/application/PlatformImpl$$Lambda$92+0x0000000800c85d50'{0x000000078592ec18} (f0b25d83)
 - final synthetic 'this$0' 'Lcom/sun/glass/ui/InvokeLaterDispatcher;' @20  a 'com/sun/glass/ui/InvokeLaterDispatcher'{0x000000078680ae78} (f0d015cf)
 x3=0x0 is NULL
 x4=0x00000000000130a8 is an unknown value
 x5=0x0 is NULL
 x6=0x0 is NULL
 x7=0x0 is NULL
 x8=0x000000010db354ec is at begin+0 in a stub
StubRoutines::SafeFetchN [0x000000010db354ec, 0x000000010db354f8] (12 bytes)
 x9=0x0 is NULL
x10=0x2010000030300000 is an unknown value
x11=0x0000000000000007 is an unknown value
x12=0x0 is NULL
x13=0x0000600000ea1b70 points into unknown readable memory: 0x0000000000000000 | 00 00 00 00 00 00 00 00
x14=0x0000000000000001 is an unknown value
x15=0x0000000125611f98: OBJC_CLASS_$_GlassRunnable+0 in /Users/sean/.openjfx/cache/17.0.0.1/libglass.dylib at 0x00000001255cc000
x16=0x0000000196734340: pthread_getspecific+0 in /usr/lib/system/libsystem_pthread.dylib at 0x0000000196732000
x17=0x0000600000481380 points into unknown readable memory: 0xfffffffffffffffe | fe ff ff ff ff ff ff ff
x18=0x0 is NULL
x19=0x0000600000ba4770 points into unknown readable memory: 0x00006000022a97d0 | d0 97 2a 02 00 60 00 00
x20=0x0000000129606a80 points into unknown readable memory: 0x0000000000000000 | 00 00 00 00 00 00 00 00
x21=0x0000000129606c88 is a global jni handle
x22=0x000000012987cc00 is a thread
x23=0x0000000000000001 is an unknown value
x24=0x0000000129606c40 is a global jni handle
x25=0x00000001060615d8: _ZN12StubRoutines17_safefetchN_entryE+0 in /Library/Java/JavaVirtualMachines/jdk-17.0.1.jdk/Contents/Home/lib/server/libjvm.dylib at 0x00000001054d0000
x26=0x0000000123118318 is pointing into metadata
x27=0x0 is NULL
x28=0x000000012987cc00 is a thread


Registers:
 x0=0x0000000129606c88  x1=0x0000000000000000  x2=0x0000000785bafe38  x3=0x0000000000000000
 x4=0x00000000000130a8  x5=0x0000000000000000  x6=0x0000000000000000  x7=0x0000000000000000
 x8=0x000000010db354ec  x9=0x0000000000000000 x10=0x2010000030300000 x11=0x0000000000000007
x12=0x0000000000000000 x13=0x0000600000ea1b70 x14=0x0000000000000001 x15=0x0000000125611f98
x16=0x0000000196734340 x17=0x0000600000481380 x18=0x0000000000000000 x19=0x0000600000ba4770
x20=0x0000000129606a80 x21=0x0000000129606c88 x22=0x000000012987cc00 x23=0x0000000000000001
x24=0x0000000129606c40 x25=0x00000001060615d8 x26=0x0000000123118318 x27=0x0000000000000000
x28=0x000000012987cc00  fp=0x000000016e6e67f0  lr=0x0000000105c6cfd8  sp=0x000000016e6e67b0
pc=0x000000010db354f0 cpsr=0x0000000060001000
Top of Stack: (sp=0x000000016e6e67b0)
0x000000016e6e67b0:   0000000123118318 0000000000000001
0x000000016e6e67c0:   000000016e6e69a8 00006000022ba680
0x000000016e6e67d0:   0000000000000000 0000000129606c78
0x000000016e6e67e0:   0000000129606c78 0000600000ba4770
0x000000016e6e67f0:   000000016e6e6830 0000000105c6e208
0x000000016e6e6800:   0000000000000001 0000000129606c78
0x000000016e6e6810:   0000000000000000 0000000129606c78
0x000000016e6e6820:   0000000000000001 0000000129887600
0x000000016e6e6830:   000000016e6e6860 0000000105988f30
0x000000016e6e6840:   00006000022ba6f0 00000001e09619f4
0x000000016e6e6850:   0000000000000000 00006000022ba6f0
0x000000016e6e6860:   000000016e6e6890 00000001255d6b08
0x000000016e6e6870:   fae85bb414dd0061 0000000000000000
0x000000016e6e6880:   0000000000000000 000060000358b380
0x000000016e6e6890:   000000016e6e68d0 00000001976fce0c
0x000000016e6e68a0:   000000016e6e69a8 00006000022ba680
0x000000016e6e68b0:   00006000022ba6f0 fae85bb414dd0061
0x000000016e6e68c0:   0000000000000000 0000000000000000
0x000000016e6e68d0:   000000016e6e6910 00288001976c95e8
0x000000016e6e68e0:   000000016e6e69a8 000000010db3c7c0
0x000000016e6e68f0:   0000000000000000 0000000106068f90
0x000000016e6e6900:   000000016e6e6920 000000010db3b730
0x000000016e6e6910:   000000016e6e6980 114600010db3d8ac
0x000000016e6e6920:   0000000000000000 000000078660f018
0x000000016e6e6930:   000000016e6e6930 0000000000000000
0x000000016e6e6940:   000000016e6e69a8 0000000123118318
0x000000016e6e6950:   000000078680a088 0000000000000000
0x000000016e6e6960:   0000000000000000 00000001230f7138
0x000000016e6e6970:   0000000000000000 000000016e6e6980
0x000000016e6e6980:   000000016e6e6a00 000000010db39fc8
0x000000016e6e6990:   0000000000000000 0000000000000000
0x000000016e6e69a0:   0000000785bafe38 000000078680a100 

Instructions: (pc=0x000000010db354f0)
0x000000010db353f0:   f2a0c049 f2c00029 6d425935 1e640886
0x000000010db35400:   0c402d31 1e6408c7 1f5654d0 1e6c1017
0x000000010db35410:   1f5050d0 1f504cd0 1f5048d0 1e650af6
0x000000010db35420:   1f50d8f6 1f5694d6 1f5158f6 1e762880
0x000000010db35430:   36000501 1e614000 14000026 2e251ca5
0x000000010db35440:   d29c3009 f2a0c049 f2c00029 6d425d36
0x000000010db35450:   1e600806 0c402d32 1f5758c7 1e6c101a
0x000000010db35460:   1f4754c7 1e650805 1f4750c7 d2866668
0x000000010db35470:   f2a7fa68 1f474cc7 1e6608c0 1f4748c7
0x000000010db35480:   1e6e1019 eb08007f 540000ac 1f479400
0x000000010db35490:   1f460340 1e603b20 1400000e d2a7fd29
0x000000010db354a0:   eb09007f 540000ac 51480069 d3607d29
0x000000010db354b0:   9e670121 14000002 1e6a5001 1f679417
0x000000010db354c0:   1f668742 1e613b23 1e773857 1e773860
0x000000010db354d0:   a8c17ff3 910003bf a8c17bfd d65f03c0
0x000000010db354e0:   b9400001 aa0103e0 d65f03c0 f9400001
0x000000010db354f0:   aa0103e0 d65f03c0 00000000 00000000
0x000000010db35500:   00000000 00000000 00000000 00000000
0x000000010db35510:   00000000 00000000 00000000 00000000
0x000000010db35520:   00000000 00000000 00000000 00000000
0x000000010db35530:   00000000 00000000 00000000 00000000
0x000000010db35540:   00000000 00000000 00000000 00000000
0x000000010db35550:   00000000 00000000 00000000 00000000
0x000000010db35560:   00000000 00000000 00000000 00000000
0x000000010db35570:   00000000 00000000 00000000 00000000
0x000000010db35580:   00000000 00000000 00000000 00000000
0x000000010db35590:   00000000 00000000 00000000 00000000
0x000000010db355a0:   00000000 00000000 00000000 00000000
0x000000010db355b0:   00000000 00000000 00000000 00000000
0x000000010db355c0:   00000000 00000000 00000000 00000000
0x000000010db355d0:   00000000 00000000 00000000 00000000
0x000000010db355e0:   00000000 00000000 00000000 00000000 


Stack slot to memory mapping:
stack at sp + 0 slots: 0x0000000123118318 is pointing into metadata
stack at sp + 1 slots: 0x0000000000000001 is an unknown value
stack at sp + 2 slots: 0x000000016e6e69a8 is pointing into the stack for thread: 0x000000012987cc00
stack at sp + 3 slots: 0x00006000022ba680 points into unknown readable memory: 0x01000001ef416081 | 81 60 41 ef 01 00 00 01
stack at sp + 4 slots: 0x0 is NULL
stack at sp + 5 slots: 0x0000000129606c78 is a global jni handle
stack at sp + 6 slots: 0x0000000129606c78 is a global jni handle
stack at sp + 7 slots: 0x0000600000ba4770 points into unknown readable memory: 0x00006000022a97d0 | d0 97 2a 02 00 60 00 00

StubRoutines::SafeFetchN [0x000000010db354ec, 0x000000010db354f8] (12 bytes)
[MachCode]
  0x000000010db354ec: 0100 40f9 | e003 01aa | c003 5fd6 
[/MachCode]

---------------  P R O C E S S  ---------------

Threads class SMR info:
_java_thread_list=0x000060000207a840, length=20, elements={
0x000000013a008800, 0x000000012a009800, 0x000000013980d000, 0x000000012a011000,
0x000000012a00fa00, 0x0000000139819a00, 0x000000012981aa00, 0x000000012981b000,
0x0000000129823600, 0x000000012a00c400, 0x000000013a0c9600, 0x000000013a0af400,
0x000000012a00ca00, 0x000000012987cc00, 0x0000000129887600, 0x000000012a0a1c00,
0x0000000139a85600, 0x000000012993ec00, 0x000000012a0de000, 0x000000012a168a00
}

Java Threads: ( => current thread )
  0x000000013a008800 JavaThread "main" [_thread_blocked, id=9987, stack(0x000000016badc000,0x000000016bcdf000)]
  0x000000012a009800 JavaThread "Reference Handler" daemon [_thread_blocked, id=16387, stack(0x000000016c930000,0x000000016cb33000)]
  0x000000013980d000 JavaThread "Finalizer" daemon [_thread_blocked, id=15875, stack(0x000000016cb3c000,0x000000016cd3f000)]
  0x000000012a011000 JavaThread "Signal Dispatcher" daemon [_thread_blocked, id=42243, stack(0x000000016ce60000,0x000000016d063000)]
  0x000000012a00fa00 JavaThread "Service Thread" daemon [_thread_blocked, id=22787, stack(0x000000016d06c000,0x000000016d26f000)]
  0x0000000139819a00 JavaThread "Monitor Deflation Thread" daemon [_thread_blocked, id=23043, stack(0x000000016d278000,0x000000016d47b000)]
  0x000000012981aa00 JavaThread "C2 CompilerThread0" daemon [_thread_blocked, id=23299, stack(0x000000016d484000,0x000000016d687000)]
  0x000000012981b000 JavaThread "C1 CompilerThread0" daemon [_thread_blocked, id=40963, stack(0x000000016d690000,0x000000016d893000)]
  0x0000000129823600 JavaThread "Sweeper thread" daemon [_thread_blocked, id=40707, stack(0x000000016d89c000,0x000000016da9f000)]
  0x000000012a00c400 JavaThread "Common-Cleaner" daemon [_thread_blocked, id=40195, stack(0x000000016daa8000,0x000000016dcab000)]
  0x000000013a0c9600 JavaThread "Monitor Ctrl-Break" daemon [_thread_in_native, id=24067, stack(0x000000016dcb4000,0x000000016deb7000)]
  0x000000013a0af400 JavaThread "Notification Thread" daemon [_thread_blocked, id=39939, stack(0x000000016dec0000,0x000000016e0c3000)]
  0x000000012a00ca00 JavaThread "QuantumRenderer-0" daemon [_thread_blocked, id=39427, stack(0x000000016e2d8000,0x000000016e4db000)]
=>0x000000012987cc00 JavaThread "InvokeLaterDispatcher" daemon [_thread_in_native, id=30223, stack(0x000000016e4e4000,0x000000016e6e7000)]
  0x0000000129887600 JavaThread "JavaFX Application Thread" [_thread_in_native, id=259, stack(0x000000016b254000,0x000000016ba50000)]
  0x000000012a0a1c00 JavaThread "JavaFX-Launcher" [_thread_blocked, id=75799, stack(0x000000016e808000,0x000000016ea0b000)]
  0x0000000139a85600 JavaThread "PulseTimer-CVDisplayLink thread" daemon [_thread_in_native, id=77575, stack(0x000000016e77c000,0x000000016e7ff000)]
  0x000000012993ec00 JavaThread "Prism Font Disposer" daemon [_thread_blocked, id=58375, stack(0x000000016f4dc000,0x000000016f6df000)]
  0x000000012a0de000 JavaThread "Cleaner-0" daemon [_thread_blocked, id=65555, stack(0x000000016f774000,0x000000016f977000)]
  0x000000012a168a00 JavaThread "Attach Listener" daemon [_thread_blocked, id=1331, stack(0x000000016f980000,0x000000016fb83000)]

Other Threads:
  0x0000000129604790 VMThread "VM Thread" [stack: 0x000000016c724000,0x000000016c927000] [id=16643]
  0x000000013971b3e0 WatcherThread [stack: 0x000000016e0cc000,0x000000016e2cf000] [id=39683]
  0x0000000139707720 GCTaskThread "GC Thread#0" [stack: 0x000000016bce8000,0x000000016beeb000] [id=12547]
  0x0000000129620c40 GCTaskThread "GC Thread#1" [stack: 0x000000016eaa0000,0x000000016eca3000] [id=54023]
  0x00000001296214f0 GCTaskThread "GC Thread#2" [stack: 0x000000016ecac000,0x000000016eeaf000] [id=75015]
  0x0000000129621970 GCTaskThread "GC Thread#3" [stack: 0x000000016eeb8000,0x000000016f0bb000] [id=57347]
  0x0000000129621df0 GCTaskThread "GC Thread#4" [stack: 0x000000016f0c4000,0x000000016f2c7000] [id=57603]
  0x0000000129622270 GCTaskThread "GC Thread#5" [stack: 0x000000016f2d0000,0x000000016f4d3000] [id=57859]
  0x000000013a804a10 ConcurrentGCThread "G1 Main Marker" [stack: 0x000000016bef4000,0x000000016c0f7000] [id=12803]
  0x0000000139707ba0 ConcurrentGCThread "G1 Conc#0" [stack: 0x000000016c100000,0x000000016c303000] [id=19715]
  0x0000000139709a10 ConcurrentGCThread "G1 Refine#0" [stack: 0x000000016c30c000,0x000000016c50f000] [id=13827]
  0x000000013970a2b0 ConcurrentGCThread "G1 Service" [stack: 0x000000016c518000,0x000000016c71b000] [id=18691]

Threads with active compile tasks:

VM state: not at safepoint (normal execution)

VM Mutex/Monitor currently owned by a thread: None

Heap address: 0x0000000780000000, size: 2048 MB, Compressed Oops mode: Zero based, Oop shift amount: 3

CDS archive(s) mapped at: [0x0000000800000000-0x0000000800bd4000-0x0000000800bd4000), size 12402688, SharedBaseAddress: 0x0000000800000000, ArchiveRelocationMode: 0.
Compressed class space mapped at: 0x0000000800c00000-0x0000000840c00000, reserved size: 1073741824
Narrow klass base: 0x0000000800000000, Narrow klass shift: 0, Narrow klass range: 0x100000000

GC Precious Log:
 CPUs: 8 total, 8 available
 Memory: 8192M
 Large Page Support: Disabled
 NUMA Support: Disabled
 Compressed Oops: Enabled (Zero based)
 Heap Region Size: 1M
 Heap Min Capacity: 8M
 Heap Initial Capacity: 128M
 Heap Max Capacity: 2G
 Pre-touch: Disabled
 Parallel Workers: 8
 Concurrent Workers: 2
 Concurrent Refinement Workers: 8
 Periodic GC: Disabled

Heap:
 garbage-first heap   total 133120K, used 40928K [0x0000000780000000, 0x0000000800000000)
  region size 1024K, 39 young (39936K), 3 survivors (3072K)
 Metaspace       used 15843K, committed 16064K, reserved 1064960K
  class space    used 2372K, committed 2496K, reserved 1048576K

Heap Regions: E=young(eden), S=young(survivor), O=old, HS=humongous(starts), HC=humongous(continues), CS=collection set, F=free, OA=open archive, CA=closed archive, TAMS=top-at-mark-start (previous, next)
|   0|0x0000000780000000, 0x0000000780100000, 0x0000000780100000|100%|HS|  |TAMS 0x0000000780000000, 0x0000000780000000| Complete 
|   1|0x0000000780100000, 0x0000000780200000, 0x0000000780200000|100%|HC|  |TAMS 0x0000000780100000, 0x0000000780100000| Complete 
|   2|0x0000000780200000, 0x0000000780200000, 0x0000000780300000|  0%| F|  |TAMS 0x0000000780200000, 0x0000000780200000| Untracked 
|   3|0x0000000780300000, 0x0000000780300000, 0x0000000780400000|  0%| F|  |TAMS 0x0000000780300000, 0x0000000780300000| Untracked 
|   4|0x0000000780400000, 0x0000000780400000, 0x0000000780500000|  0%| F|  |TAMS 0x0000000780400000, 0x0000000780400000| Untracked 
|   5|0x0000000780500000, 0x0000000780500000, 0x0000000780600000|  0%| F|  |TAMS 0x0000000780500000, 0x0000000780500000| Untracked 
|   6|0x0000000780600000, 0x0000000780600000, 0x0000000780700000|  0%| F|  |TAMS 0x0000000780600000, 0x0000000780600000| Untracked 
|   7|0x0000000780700000, 0x0000000780700000, 0x0000000780800000|  0%| F|  |TAMS 0x0000000780700000, 0x0000000780700000| Untracked 
|   8|0x0000000780800000, 0x0000000780800000, 0x0000000780900000|  0%| F|  |TAMS 0x0000000780800000, 0x0000000780800000| Untracked 
|   9|0x0000000780900000, 0x0000000780900000, 0x0000000780a00000|  0%| F|  |TAMS 0x0000000780900000, 0x0000000780900000| Untracked 
|  10|0x0000000780a00000, 0x0000000780a00000, 0x0000000780b00000|  0%| F|  |TAMS 0x0000000780a00000, 0x0000000780a00000| Untracked 
|  11|0x0000000780b00000, 0x0000000780b00000, 0x0000000780c00000|  0%| F|  |TAMS 0x0000000780b00000, 0x0000000780b00000| Untracked 
|  12|0x0000000780c00000, 0x0000000780c00000, 0x0000000780d00000|  0%| F|  |TAMS 0x0000000780c00000, 0x0000000780c00000| Untracked 
|  13|0x0000000780d00000, 0x0000000780d00000, 0x0000000780e00000|  0%| F|  |TAMS 0x0000000780d00000, 0x0000000780d00000| Untracked 
|  14|0x0000000780e00000, 0x0000000780e00000, 0x0000000780f00000|  0%| F|  |TAMS 0x0000000780e00000, 0x0000000780e00000| Untracked 
|  15|0x0000000780f00000, 0x0000000780f00000, 0x0000000781000000|  0%| F|  |TAMS 0x0000000780f00000, 0x0000000780f00000| Untracked 
|  16|0x0000000781000000, 0x0000000781000000, 0x0000000781100000|  0%| F|  |TAMS 0x0000000781000000, 0x0000000781000000| Untracked 
|  17|0x0000000781100000, 0x0000000781100000, 0x0000000781200000|  0%| F|  |TAMS 0x0000000781100000, 0x0000000781100000| Untracked 
|  18|0x0000000781200000, 0x0000000781200000, 0x0000000781300000|  0%| F|  |TAMS 0x0000000781200000, 0x0000000781200000| Untracked 
|  19|0x0000000781300000, 0x0000000781300000, 0x0000000781400000|  0%| F|  |TAMS 0x0000000781300000, 0x0000000781300000| Untracked 
|  20|0x0000000781400000, 0x0000000781400000, 0x0000000781500000|  0%| F|  |TAMS 0x0000000781400000, 0x0000000781400000| Untracked 
|  21|0x0000000781500000, 0x0000000781500000, 0x0000000781600000|  0%| F|  |TAMS 0x0000000781500000, 0x0000000781500000| Untracked 
|  22|0x0000000781600000, 0x0000000781600000, 0x0000000781700000|  0%| F|  |TAMS 0x0000000781600000, 0x0000000781600000| Untracked 
|  23|0x0000000781700000, 0x0000000781700000, 0x0000000781800000|  0%| F|  |TAMS 0x0000000781700000, 0x0000000781700000| Untracked 
|  24|0x0000000781800000, 0x0000000781800000, 0x0000000781900000|  0%| F|  |TAMS 0x0000000781800000, 0x0000000781800000| Untracked 
|  25|0x0000000781900000, 0x0000000781900000, 0x0000000781a00000|  0%| F|  |TAMS 0x0000000781900000, 0x0000000781900000| Untracked 
|  26|0x0000000781a00000, 0x0000000781a00000, 0x0000000781b00000|  0%| F|  |TAMS 0x0000000781a00000, 0x0000000781a00000| Untracked 
|  27|0x0000000781b00000, 0x0000000781b00000, 0x0000000781c00000|  0%| F|  |TAMS 0x0000000781b00000, 0x0000000781b00000| Untracked 
|  28|0x0000000781c00000, 0x0000000781c00000, 0x0000000781d00000|  0%| F|  |TAMS 0x0000000781c00000, 0x0000000781c00000| Untracked 
|  29|0x0000000781d00000, 0x0000000781d00000, 0x0000000781e00000|  0%| F|  |TAMS 0x0000000781d00000, 0x0000000781d00000| Untracked 
|  30|0x0000000781e00000, 0x0000000781e00000, 0x0000000781f00000|  0%| F|  |TAMS 0x0000000781e00000, 0x0000000781e00000| Untracked 
|  31|0x0000000781f00000, 0x0000000781f00000, 0x0000000782000000|  0%| F|  |TAMS 0x0000000781f00000, 0x0000000781f00000| Untracked 
|  32|0x0000000782000000, 0x0000000782000000, 0x0000000782100000|  0%| F|  |TAMS 0x0000000782000000, 0x0000000782000000| Untracked 
|  33|0x0000000782100000, 0x0000000782100000, 0x0000000782200000|  0%| F|  |TAMS 0x0000000782100000, 0x0000000782100000| Untracked 
|  34|0x0000000782200000, 0x0000000782200000, 0x0000000782300000|  0%| F|  |TAMS 0x0000000782200000, 0x0000000782200000| Untracked 
|  35|0x0000000782300000, 0x0000000782300000, 0x0000000782400000|  0%| F|  |TAMS 0x0000000782300000, 0x0000000782300000| Untracked 
|  36|0x0000000782400000, 0x0000000782400000, 0x0000000782500000|  0%| F|  |TAMS 0x0000000782400000, 0x0000000782400000| Untracked 
|  37|0x0000000782500000, 0x0000000782500000, 0x0000000782600000|  0%| F|  |TAMS 0x0000000782500000, 0x0000000782500000| Untracked 
|  38|0x0000000782600000, 0x0000000782600000, 0x0000000782700000|  0%| F|  |TAMS 0x0000000782600000, 0x0000000782600000| Untracked 
|  39|0x0000000782700000, 0x0000000782700000, 0x0000000782800000|  0%| F|  |TAMS 0x0000000782700000, 0x0000000782700000| Untracked 
|  40|0x0000000782800000, 0x0000000782800000, 0x0000000782900000|  0%| F|  |TAMS 0x0000000782800000, 0x0000000782800000| Untracked 
|  41|0x0000000782900000, 0x0000000782900000, 0x0000000782a00000|  0%| F|  |TAMS 0x0000000782900000, 0x0000000782900000| Untracked 
|  42|0x0000000782a00000, 0x0000000782a00000, 0x0000000782b00000|  0%| F|  |TAMS 0x0000000782a00000, 0x0000000782a00000| Untracked 
|  43|0x0000000782b00000, 0x0000000782b00000, 0x0000000782c00000|  0%| F|  |TAMS 0x0000000782b00000, 0x0000000782b00000| Untracked 
|  44|0x0000000782c00000, 0x0000000782c00000, 0x0000000782d00000|  0%| F|  |TAMS 0x0000000782c00000, 0x0000000782c00000| Untracked 
|  45|0x0000000782d00000, 0x0000000782d00000, 0x0000000782e00000|  0%| F|  |TAMS 0x0000000782d00000, 0x0000000782d00000| Untracked 
|  46|0x0000000782e00000, 0x0000000782e00000, 0x0000000782f00000|  0%| F|  |TAMS 0x0000000782e00000, 0x0000000782e00000| Untracked 
|  47|0x0000000782f00000, 0x0000000782f00000, 0x0000000783000000|  0%| F|  |TAMS 0x0000000782f00000, 0x0000000782f00000| Untracked 
|  48|0x0000000783000000, 0x0000000783000000, 0x0000000783100000|  0%| F|  |TAMS 0x0000000783000000, 0x0000000783000000| Untracked 
|  49|0x0000000783100000, 0x0000000783100000, 0x0000000783200000|  0%| F|  |TAMS 0x0000000783100000, 0x0000000783100000| Untracked 
|  50|0x0000000783200000, 0x0000000783200000, 0x0000000783300000|  0%| F|  |TAMS 0x0000000783200000, 0x0000000783200000| Untracked 
|  51|0x0000000783300000, 0x0000000783300000, 0x0000000783400000|  0%| F|  |TAMS 0x0000000783300000, 0x0000000783300000| Untracked 
|  52|0x0000000783400000, 0x0000000783400000, 0x0000000783500000|  0%| F|  |TAMS 0x0000000783400000, 0x0000000783400000| Untracked 
|  53|0x0000000783500000, 0x0000000783500000, 0x0000000783600000|  0%| F|  |TAMS 0x0000000783500000, 0x0000000783500000| Untracked 
|  54|0x0000000783600000, 0x0000000783600000, 0x0000000783700000|  0%| F|  |TAMS 0x0000000783600000, 0x0000000783600000| Untracked 
|  55|0x0000000783700000, 0x0000000783700000, 0x0000000783800000|  0%| F|  |TAMS 0x0000000783700000, 0x0000000783700000| Untracked 
|  56|0x0000000783800000, 0x0000000783800000, 0x0000000783900000|  0%| F|  |TAMS 0x0000000783800000, 0x0000000783800000| Untracked 
|  57|0x0000000783900000, 0x0000000783900000, 0x0000000783a00000|  0%| F|  |TAMS 0x0000000783900000, 0x0000000783900000| Untracked 
|  58|0x0000000783a00000, 0x0000000783a00000, 0x0000000783b00000|  0%| F|  |TAMS 0x0000000783a00000, 0x0000000783a00000| Untracked 
|  59|0x0000000783b00000, 0x0000000783b00000, 0x0000000783c00000|  0%| F|  |TAMS 0x0000000783b00000, 0x0000000783b00000| Untracked 
|  60|0x0000000783c00000, 0x0000000783c00000, 0x0000000783d00000|  0%| F|  |TAMS 0x0000000783c00000, 0x0000000783c00000| Untracked 
|  61|0x0000000783d00000, 0x0000000783d00000, 0x0000000783e00000|  0%| F|  |TAMS 0x0000000783d00000, 0x0000000783d00000| Untracked 
|  62|0x0000000783e00000, 0x0000000783e00000, 0x0000000783f00000|  0%| F|  |TAMS 0x0000000783e00000, 0x0000000783e00000| Untracked 
|  63|0x0000000783f00000, 0x0000000783f00000, 0x0000000784000000|  0%| F|  |TAMS 0x0000000783f00000, 0x0000000783f00000| Untracked 
|  64|0x0000000784000000, 0x0000000784000000, 0x0000000784100000|  0%| F|  |TAMS 0x0000000784000000, 0x0000000784000000| Untracked 
|  65|0x0000000784100000, 0x0000000784100000, 0x0000000784200000|  0%| F|  |TAMS 0x0000000784100000, 0x0000000784100000| Untracked 
|  66|0x0000000784200000, 0x0000000784200000, 0x0000000784300000|  0%| F|  |TAMS 0x0000000784200000, 0x0000000784200000| Untracked 
|  67|0x0000000784300000, 0x0000000784300000, 0x0000000784400000|  0%| F|  |TAMS 0x0000000784300000, 0x0000000784300000| Untracked 
|  68|0x0000000784400000, 0x0000000784400000, 0x0000000784500000|  0%| F|  |TAMS 0x0000000784400000, 0x0000000784400000| Untracked 
|  69|0x0000000784500000, 0x0000000784500000, 0x0000000784600000|  0%| F|  |TAMS 0x0000000784500000, 0x0000000784500000| Untracked 
|  70|0x0000000784600000, 0x0000000784600000, 0x0000000784700000|  0%| F|  |TAMS 0x0000000784600000, 0x0000000784600000| Untracked 
|  71|0x0000000784700000, 0x0000000784700000, 0x0000000784800000|  0%| F|  |TAMS 0x0000000784700000, 0x0000000784700000| Untracked 
|  72|0x0000000784800000, 0x0000000784800000, 0x0000000784900000|  0%| F|  |TAMS 0x0000000784800000, 0x0000000784800000| Untracked 
|  73|0x0000000784900000, 0x0000000784900000, 0x0000000784a00000|  0%| F|  |TAMS 0x0000000784900000, 0x0000000784900000| Untracked 
|  74|0x0000000784a00000, 0x0000000784a00000, 0x0000000784b00000|  0%| F|  |TAMS 0x0000000784a00000, 0x0000000784a00000| Untracked 
|  75|0x0000000784b00000, 0x0000000784b00000, 0x0000000784c00000|  0%| F|  |TAMS 0x0000000784b00000, 0x0000000784b00000| Untracked 
|  76|0x0000000784c00000, 0x0000000784c00000, 0x0000000784d00000|  0%| F|  |TAMS 0x0000000784c00000, 0x0000000784c00000| Untracked 
|  77|0x0000000784d00000, 0x0000000784d00000, 0x0000000784e00000|  0%| F|  |TAMS 0x0000000784d00000, 0x0000000784d00000| Untracked 
|  78|0x0000000784e00000, 0x0000000784e00000, 0x0000000784f00000|  0%| F|  |TAMS 0x0000000784e00000, 0x0000000784e00000| Untracked 
|  79|0x0000000784f00000, 0x0000000784f00000, 0x0000000785000000|  0%| F|  |TAMS 0x0000000784f00000, 0x0000000784f00000| Untracked 
|  80|0x0000000785000000, 0x0000000785000000, 0x0000000785100000|  0%| F|  |TAMS 0x0000000785000000, 0x0000000785000000| Untracked 
|  81|0x0000000785100000, 0x0000000785100000, 0x0000000785200000|  0%| F|  |TAMS 0x0000000785100000, 0x0000000785100000| Untracked 
|  82|0x0000000785200000, 0x0000000785200000, 0x0000000785300000|  0%| F|  |TAMS 0x0000000785200000, 0x0000000785200000| Untracked 
|  83|0x0000000785300000, 0x0000000785300000, 0x0000000785400000|  0%| F|  |TAMS 0x0000000785300000, 0x0000000785300000| Untracked 
|  84|0x0000000785400000, 0x0000000785400000, 0x0000000785500000|  0%| F|  |TAMS 0x0000000785400000, 0x0000000785400000| Untracked 
|  85|0x0000000785500000, 0x0000000785500000, 0x0000000785600000|  0%| F|  |TAMS 0x0000000785500000, 0x0000000785500000| Untracked 
|  86|0x0000000785600000, 0x0000000785600000, 0x0000000785700000|  0%| F|  |TAMS 0x0000000785600000, 0x0000000785600000| Untracked 
|  87|0x0000000785700000, 0x0000000785700000, 0x0000000785800000|  0%| F|  |TAMS 0x0000000785700000, 0x0000000785700000| Untracked 
|  88|0x0000000785800000, 0x0000000785800000, 0x0000000785900000|  0%| F|  |TAMS 0x0000000785800000, 0x0000000785800000| Untracked 
|  89|0x0000000785900000, 0x00000007859aa7d0, 0x0000000785a00000| 66%| E|  |TAMS 0x0000000785900000, 0x0000000785900000| Complete 
|  90|0x0000000785a00000, 0x0000000785b00000, 0x0000000785b00000|100%| E|CS|TAMS 0x0000000785a00000, 0x0000000785a00000| Complete 
|  91|0x0000000785b00000, 0x0000000785c00000, 0x0000000785c00000|100%| E|CS|TAMS 0x0000000785b00000, 0x0000000785b00000| Complete 
|  92|0x0000000785c00000, 0x0000000785d00000, 0x0000000785d00000|100%| E|CS|TAMS 0x0000000785c00000, 0x0000000785c00000| Complete 
|  93|0x0000000785d00000, 0x0000000785e00000, 0x0000000785e00000|100%| E|CS|TAMS 0x0000000785d00000, 0x0000000785d00000| Complete 
|  94|0x0000000785e00000, 0x0000000785f00000, 0x0000000785f00000|100%| E|CS|TAMS 0x0000000785e00000, 0x0000000785e00000| Complete 
|  95|0x0000000785f00000, 0x0000000786000000, 0x0000000786000000|100%| E|  |TAMS 0x0000000785f00000, 0x0000000785f00000| Complete 
|  96|0x0000000786000000, 0x0000000786100000, 0x0000000786100000|100%| E|CS|TAMS 0x0000000786000000, 0x0000000786000000| Complete 
|  97|0x0000000786100000, 0x0000000786200000, 0x0000000786200000|100%| E|CS|TAMS 0x0000000786100000, 0x0000000786100000| Complete 
|  98|0x0000000786200000, 0x0000000786300000, 0x0000000786300000|100%| E|CS|TAMS 0x0000000786200000, 0x0000000786200000| Complete 
|  99|0x0000000786300000, 0x0000000786400000, 0x0000000786400000|100%| E|CS|TAMS 0x0000000786300000, 0x0000000786300000| Complete 
| 100|0x0000000786400000, 0x0000000786500000, 0x0000000786500000|100%| E|CS|TAMS 0x0000000786400000, 0x0000000786400000| Complete 
| 101|0x0000000786500000, 0x0000000786600000, 0x0000000786600000|100%| E|CS|TAMS 0x0000000786500000, 0x0000000786500000| Complete 
| 102|0x0000000786600000, 0x0000000786700000, 0x0000000786700000|100%| S|CS|TAMS 0x0000000786600000, 0x0000000786600000| Complete 
| 103|0x0000000786700000, 0x0000000786800000, 0x0000000786800000|100%| S|CS|TAMS 0x0000000786700000, 0x0000000786700000| Complete 
| 104|0x0000000786800000, 0x0000000786900000, 0x0000000786900000|100%| S|CS|TAMS 0x0000000786800000, 0x0000000786800000| Complete 
| 105|0x0000000786900000, 0x0000000786a00000, 0x0000000786a00000|100%| E|CS|TAMS 0x0000000786900000, 0x0000000786900000| Complete 
| 106|0x0000000786a00000, 0x0000000786b00000, 0x0000000786b00000|100%| E|CS|TAMS 0x0000000786a00000, 0x0000000786a00000| Complete 
| 107|0x0000000786b00000, 0x0000000786c00000, 0x0000000786c00000|100%| E|CS|TAMS 0x0000000786b00000, 0x0000000786b00000| Complete 
| 108|0x0000000786c00000, 0x0000000786d00000, 0x0000000786d00000|100%| E|CS|TAMS 0x0000000786c00000, 0x0000000786c00000| Complete 
| 109|0x0000000786d00000, 0x0000000786e00000, 0x0000000786e00000|100%| E|CS|TAMS 0x0000000786d00000, 0x0000000786d00000| Complete 
| 110|0x0000000786e00000, 0x0000000786f00000, 0x0000000786f00000|100%| E|CS|TAMS 0x0000000786e00000, 0x0000000786e00000| Complete 
| 111|0x0000000786f00000, 0x0000000787000000, 0x0000000787000000|100%| E|CS|TAMS 0x0000000786f00000, 0x0000000786f00000| Complete 
| 112|0x0000000787000000, 0x0000000787100000, 0x0000000787100000|100%| E|CS|TAMS 0x0000000787000000, 0x0000000787000000| Complete 
| 113|0x0000000787100000, 0x0000000787200000, 0x0000000787200000|100%| E|CS|TAMS 0x0000000787100000, 0x0000000787100000| Complete 
| 114|0x0000000787200000, 0x0000000787300000, 0x0000000787300000|100%| E|CS|TAMS 0x0000000787200000, 0x0000000787200000| Complete 
| 115|0x0000000787300000, 0x0000000787400000, 0x0000000787400000|100%| E|CS|TAMS 0x0000000787300000, 0x0000000787300000| Complete 
| 116|0x0000000787400000, 0x0000000787500000, 0x0000000787500000|100%| E|CS|TAMS 0x0000000787400000, 0x0000000787400000| Complete 
| 117|0x0000000787500000, 0x0000000787600000, 0x0000000787600000|100%| E|CS|TAMS 0x0000000787500000, 0x0000000787500000| Complete 
| 118|0x0000000787600000, 0x0000000787700000, 0x0000000787700000|100%| E|CS|TAMS 0x0000000787600000, 0x0000000787600000| Complete 
| 119|0x0000000787700000, 0x0000000787800000, 0x0000000787800000|100%| E|CS|TAMS 0x0000000787700000, 0x0000000787700000| Complete 
| 120|0x0000000787800000, 0x0000000787900000, 0x0000000787900000|100%| E|CS|TAMS 0x0000000787800000, 0x0000000787800000| Complete 
| 121|0x0000000787900000, 0x0000000787a00000, 0x0000000787a00000|100%| E|CS|TAMS 0x0000000787900000, 0x0000000787900000| Complete 
| 122|0x0000000787a00000, 0x0000000787b00000, 0x0000000787b00000|100%| E|CS|TAMS 0x0000000787a00000, 0x0000000787a00000| Complete 
| 123|0x0000000787b00000, 0x0000000787c00000, 0x0000000787c00000|100%| E|CS|TAMS 0x0000000787b00000, 0x0000000787b00000| Complete 
| 124|0x0000000787c00000, 0x0000000787d00000, 0x0000000787d00000|100%| E|CS|TAMS 0x0000000787c00000, 0x0000000787c00000| Complete 
| 125|0x0000000787d00000, 0x0000000787e00000, 0x0000000787e00000|100%| E|CS|TAMS 0x0000000787d00000, 0x0000000787d00000| Complete 
| 126|0x0000000787e00000, 0x0000000787f00000, 0x0000000787f00000|100%| E|CS|TAMS 0x0000000787e00000, 0x0000000787e00000| Complete 
| 127|0x0000000787f00000, 0x0000000788000000, 0x0000000788000000|100%| E|CS|TAMS 0x0000000787f00000, 0x0000000787f00000| Complete 
|2046|0x00000007ffe00000, 0x00000007ffe78000, 0x00000007fff00000| 46%|OA|  |TAMS 0x00000007ffe00000, 0x00000007ffe00000| Untracked 
|2047|0x00000007fff00000, 0x00000007fff80000, 0x0000000800000000| 50%|CA|  |TAMS 0x00000007fff00000, 0x00000007fff00000| Untracked 

Card table byte_map: [0x0000000104cbc000,0x00000001050bc000] _byte_map_base: 0x00000001010bc000

Marking Bits (Prev, Next): (CMBitMap*) 0x0000000129808210, (CMBitMap*) 0x0000000129808250
 Prev Bits: [0x000000011cb34000, 0x000000011eb34000)
 Next Bits: [0x000000011eb34000, 0x0000000120b34000)

Polling page: 0x00000001045e4000

Metaspace:

Usage:
  Non-class:     13.16 MB used.
      Class:      2.32 MB used.
       Both:     15.47 MB used.

Virtual space:
  Non-class space:       16.00 MB reserved,      13.25 MB ( 83%) committed,  2 nodes.
      Class space:        1.00 GB reserved,       2.44 MB ( <1%) committed,  1 nodes.
             Both:        1.02 GB reserved,      15.69 MB (  2%) committed. 

Chunk freelists:
   Non-Class:  1.88 MB
       Class:  1.54 MB
        Both:  3.41 MB

MaxMetaspaceSize: unlimited
CompressedClassSpaceSize: 1.00 GB
Initial GC threshold: 21.00 MB
Current GC threshold: 21.00 MB
CDS: on
MetaspaceReclaimPolicy: balanced
 - commit_granule_bytes: 65536.
 - commit_granule_words: 8192.
 - virtual_space_node_default_size: 1048576.
 - enlarge_chunks_in_place: 1.
 - new_chunks_are_fully_committed: 0.
 - uncommit_free_chunks: 1.
 - use_allocation_guard: 0.
 - handle_deallocations: 1.


Internal statistics:

num_allocs_failed_limit: 0.
num_arena_births: 214.
num_arena_deaths: 0.
num_vsnodes_births: 3.
num_vsnodes_deaths: 0.
num_space_committed: 251.
num_space_uncommitted: 0.
num_chunks_returned_to_freelist: 0.
num_chunks_taken_from_freelist: 720.
num_chunk_merges: 0.
num_chunk_splits: 505.
num_chunks_enlarged: 399.
num_purges: 0.
num_inconsistent_stats: 0.

CodeHeap 'non-profiled nmethods': size=120032Kb used=884Kb max_used=884Kb free=119147Kb
 bounds [0x00000001155fc000, 0x000000011586c000, 0x000000011cb34000]
CodeHeap 'profiled nmethods': size=120016Kb used=4586Kb max_used=4586Kb free=115429Kb
 bounds [0x000000010e0c8000, 0x000000010e548000, 0x00000001155fc000]
CodeHeap 'non-nmethods': size=5712Kb used=1386Kb max_used=1427Kb free=4325Kb
 bounds [0x000000010db34000, 0x000000010dda4000, 0x000000010e0c8000]
 total_blobs=3141 nmethods=2365 adapters=692
 compilation: enabled
              stopped_count=0, restarted_count=0
 full_count=0

Compilation events (20 events):
Event: 3.313 Thread 0x000000012981b000 2416       3       javafx.scene.Scene$TargetWrapper::set (11 bytes)
Event: 3.313 Thread 0x000000012981b000 nmethod 2416 0x000000010e53cb90 code [0x000000010e53cd40, 0x000000010e53cf28]
Event: 3.321 Thread 0x000000012981b000 2417       1       com.sun.glass.ui.Screen::getPlatformX (5 bytes)
Event: 3.321 Thread 0x000000012981b000 nmethod 2417 0x00000001156d7910 code [0x00000001156d7a80, 0x00000001156d7b68]
Event: 3.321 Thread 0x000000012981b000 2418       1       com.sun.glass.ui.Screen::getPlatformY (5 bytes)
Event: 3.321 Thread 0x000000012981b000 nmethod 2418 0x00000001156d7c10 code [0x00000001156d7d80, 0x00000001156d7e68]
Event: 3.321 Thread 0x000000012981b000 2419       1       javafx.scene.input.MouseEvent::getPickResult (5 bytes)
Event: 3.321 Thread 0x000000012981b000 nmethod 2419 0x00000001156d7f10 code [0x00000001156d8080, 0x00000001156d8168]
Event: 3.342 Thread 0x000000012981b000 2420       3       javafx.beans.property.DoublePropertyBase::isBound (13 bytes)
Event: 3.342 Thread 0x000000012981b000 nmethod 2420 0x000000010e53d010 code [0x000000010e53d1c0, 0x000000010e53d368]
Event: 3.342 Thread 0x000000012981b000 2421       3       com.sun.javafx.css.PseudoClassState::contains (6 bytes)
Event: 3.342 Thread 0x000000012981b000 nmethod 2421 0x000000010e53d410 code [0x000000010e53d5c0, 0x000000010e53d758]
Event: 3.342 Thread 0x000000012981b000 2423       3       com.sun.javafx.util.Utils::RGBtoHSB (227 bytes)
Event: 3.343 Thread 0x000000012981b000 nmethod 2423 0x000000010e53d810 code [0x000000010e53da40, 0x000000010e53df28]
Event: 3.343 Thread 0x000000012981b000 2425       3       javafx.css.converter.StopConverter::convert (7 bytes)
Event: 3.343 Thread 0x000000012981b000 nmethod 2425 0x000000010e53e010 code [0x000000010e53e1c0, 0x000000010e53e358]
Event: 3.343 Thread 0x000000012981b000 2426       3       javafx.css.converter.StopConverter::convert (54 bytes)
Event: 3.343 Thread 0x000000012981aa00 2427       4       com.sun.javafx.css.BitSet::add (125 bytes)
Event: 3.344 Thread 0x000000012981b000 nmethod 2426 0x000000010e53e410 code [0x000000010e53e6c0, 0x000000010e53f1f8]
Event: 3.344 Thread 0x000000012981b000 2424       3       com.sun.javafx.util.Utils::deriveColor (327 bytes)

GC Heap History (2 events):
Event: 0.403 GC heap before
{Heap before GC invocations=0 (full 0):
 garbage-first heap   total 133120K, used 23520K [0x0000000780000000, 0x0000000800000000)
  region size 1024K, 23 young (23552K), 0 survivors (0K)
 Metaspace       used 7538K, committed 7808K, reserved 1056768K
  class space    used 984K, committed 1088K, reserved 1048576K
}
Event: 0.409 GC heap after
{Heap after GC invocations=1 (full 0):
 garbage-first heap   total 133120K, used 4064K [0x0000000780000000, 0x0000000800000000)
  region size 1024K, 3 young (3072K), 3 survivors (3072K)
 Metaspace       used 7538K, committed 7808K, reserved 1056768K
  class space    used 984K, committed 1088K, reserved 1048576K
}

Deoptimization events (20 events):
Event: 2.795 Thread 0x000000012a00ca00 DEOPT PACKING pc=0x000000010e500d4c sp=0x000000016e4d95d0
Event: 2.795 Thread 0x000000012a00ca00 DEOPT UNPACKING pc=0x000000010db72b7c sp=0x000000016e4d9230 mode 0
Event: 2.795 Thread 0x000000012a00ca00 DEOPT PACKING pc=0x000000010e505980 sp=0x000000016e4d96f0
Event: 2.795 Thread 0x000000012a00ca00 DEOPT UNPACKING pc=0x000000010db72b7c sp=0x000000016e4d92f0 mode 0
Event: 2.795 Thread 0x000000012a00ca00 DEOPT PACKING pc=0x000000010e500d4c sp=0x000000016e4d94b0
Event: 2.795 Thread 0x000000012a00ca00 DEOPT UNPACKING pc=0x000000010db72b7c sp=0x000000016e4d9110 mode 0
Event: 2.796 Thread 0x000000012a00ca00 DEOPT PACKING pc=0x000000010e500d4c sp=0x000000016e4d94b0
Event: 2.796 Thread 0x000000012a00ca00 DEOPT UNPACKING pc=0x000000010db72b7c sp=0x000000016e4d9110 mode 0
Event: 2.796 Thread 0x000000012a00ca00 DEOPT PACKING pc=0x000000010e500d74 sp=0x000000016e4d95d0
Event: 2.796 Thread 0x000000012a00ca00 DEOPT UNPACKING pc=0x000000010db72b7c sp=0x000000016e4d9230 mode 0
Event: 2.796 Thread 0x000000012a00ca00 DEOPT PACKING pc=0x000000010e500d74 sp=0x000000016e4d95d0
Event: 2.796 Thread 0x000000012a00ca00 DEOPT UNPACKING pc=0x000000010db72b7c sp=0x000000016e4d9230 mode 0
Event: 2.796 Thread 0x000000012a00ca00 DEOPT PACKING pc=0x000000010e500d74 sp=0x000000016e4d95d0
Event: 2.796 Thread 0x000000012a00ca00 DEOPT UNPACKING pc=0x000000010db72b7c sp=0x000000016e4d9230 mode 0
Event: 2.797 Thread 0x000000012a00ca00 DEOPT PACKING pc=0x000000010e500d4c sp=0x000000016e4d95d0
Event: 2.797 Thread 0x000000012a00ca00 DEOPT UNPACKING pc=0x000000010db72b7c sp=0x000000016e4d9230 mode 0
Event: 2.797 Thread 0x000000012a00ca00 DEOPT PACKING pc=0x000000010e500d4c sp=0x000000016e4d95d0
Event: 2.797 Thread 0x000000012a00ca00 DEOPT UNPACKING pc=0x000000010db72b7c sp=0x000000016e4d9230 mode 0
Event: 2.797 Thread 0x000000012a00ca00 DEOPT PACKING pc=0x000000010e500d4c sp=0x000000016e4d95d0
Event: 2.797 Thread 0x000000012a00ca00 DEOPT UNPACKING pc=0x000000010db72b7c sp=0x000000016e4d9230 mode 0

Classes unloaded (0 events):
No events

Classes redefined (0 events):
No events

Internal exceptions (20 events):
Event: 0.572 Thread 0x0000000129887600 Implicit null exception at 0x0000000115650f54 to 0x0000000115651258
Event: 0.664 Thread 0x0000000129887600 Exception <a 'java/lang/ClassNotFoundException'{0x00000007871fb710}: com/sun/javafx/scene/control/skin/resources/controls> (0x00000007871fb710) 
thrown [open/src/hotspot/share/prims/jni.cpp, line 535]
Event: 0.664 Thread 0x0000000129887600 Exception <a 'java/lang/ClassNotFoundException'{0x0000000787009e20}: com/sun/javafx/scene/control/skin/resources/controls_zh> (0x0000000787009e20) 
thrown [open/src/hotspot/share/prims/jni.cpp, line 535]
Event: 0.664 Thread 0x0000000129887600 Exception <a 'java/lang/ClassNotFoundException'{0x000000078700adb8}: com/sun/javafx/scene/control/skin/resources/controls_zh_TW> (0x000000078700adb8) 
thrown [open/src/hotspot/share/prims/jni.cpp, line 535]
Event: 0.666 Thread 0x0000000129887600 Exception <a 'java/lang/ClassNotFoundException'{0x0000000787019140}: com/sun/javafx/scene/control/skin/resources/controls_zh_Hant> (0x0000000787019140) 
thrown [open/src/hotspot/share/prims/jni.cpp, line 535]
Event: 0.666 Thread 0x0000000129887600 Exception <a 'java/lang/ClassNotFoundException'{0x000000078701a0e0}: com/sun/javafx/scene/control/skin/resources/controls_zh_Hant_TW> (0x000000078701a0e0) 
thrown [open/src/hotspot/share/prims/jni.cpp, line 535]
Event: 0.689 Thread 0x0000000129887600 Exception <a 'java/lang/NoSuchMethodError'{0x0000000786e371d8}: 'void java.lang.invoke.DirectMethodHandle$Holder.invokeSpecial(java.lang.Object, java.lang.Object, java.lang.Object, java.lang.Object, java.lang.Object, java.lang.Object)'> (0x0000000786e371d8) 
thrown [open/src/hotspot/share/interpreter/linkResolver.cpp, line 766]
Event: 0.713 Thread 0x0000000129887600 Exception <a 'java/lang/NoSuchMethodError'{0x0000000786b1ac38}: 'java.lang.Object java.lang.invoke.DirectMethodHandle$Holder.invokeInterface(java.lang.Object, java.lang.Object, java.lang.Object)'> (0x0000000786b1ac38) 
thrown [open/src/hotspot/share/interpreter/linkResolver.cpp, line 766]
Event: 0.714 Thread 0x0000000129887600 Exception <a 'java/lang/IncompatibleClassChangeError'{0x0000000786b1e5c0}: Found class java.lang.Object, but interface was expected> (0x0000000786b1e5c0) 
thrown [open/src/hotspot/share/interpreter/linkResolver.cpp, line 833]
Event: 0.777 Thread 0x0000000129887600 Exception <a 'java/lang/NoSuchMethodError'{0x00000007863d3748}: 'java.lang.Object java.lang.invoke.DirectMethodHandle$Holder.newInvokeSpecial(java.lang.Object, java.lang.Object, int, int)'> (0x00000007863d3748) 
thrown [open/src/hotspot/share/interpreter/linkResolver.cpp, line 766]
Event: 0.785 Thread 0x0000000129887600 Exception <a 'java/lang/NoSuchMethodError'{0x00000007863f3c48}: 'java.lang.Object java.lang.invoke.DirectMethodHandle$Holder.newInvokeSpecial(java.lang.Object, java.lang.Object, int)'> (0x00000007863f3c48) 
thrown [open/src/hotspot/share/interpreter/linkResolver.cpp, line 766]
Event: 0.866 Thread 0x000000012a00ca00 Exception <a 'java/lang/NoSuchMethodError'{0x00000007861e6b38}: 'int java.lang.invoke.DirectMethodHandle$Holder.invokeStaticInit(java.lang.Object, java.lang.Object)'> (0x00000007861e6b38) 
thrown [open/src/hotspot/share/interpreter/linkResolver.cpp, line 766]
Event: 0.877 Thread 0x0000000129887600 Exception <a 'java/lang/NoSuchMethodError'{0x00000007861496a8}: 'long java.lang.invoke.DirectMethodHandle$Holder.invokeStatic(java.lang.Object, java.lang.Object, java.lang.Object)'> (0x00000007861496a8) 
thrown [open/src/hotspot/share/interpreter/linkResolver.cpp, line 766]
Event: 0.877 Thread 0x0000000129887600 Exception <a 'java/lang/NoSuchMethodError'{0x000000078614ce50}: 'long java.lang.invoke.DirectMethodHandle$Holder.invokeStaticInit(java.lang.Object, java.lang.Object, java.lang.Object)'> (0x000000078614ce50) 
thrown [open/src/hotspot/share/interpreter/linkResolver.cpp, line 766]
Event: 0.877 Thread 0x0000000129887600 Exception <a 'java/lang/NoSuchMethodError'{0x0000000786164a58}: 'java.lang.Object java.lang.invoke.DirectMethodHandle$Holder.newInvokeSpecial(java.lang.Object, java.lang.Object, long)'> (0x0000000786164a58) 
thrown [open/src/hotspot/share/interpreter/linkResolver.cpp, line 766]
Event: 0.877 Thread 0x0000000129887600 Exception <a 'java/lang/NoSuchMethodError'{0x0000000786168320}: 'java.lang.Object java.lang.invoke.Invokers$Holder.linkToTargetMethod(java.lang.Object, long, java.lang.Object)'> (0x0000000786168320) 
thrown [open/src/hotspot/share/interpreter/linkResolver.cpp, line 766]
Event: 0.918 Thread 0x000000012a00ca00 Exception <a 'java/lang/NoSuchMethodError'{0x0000000785ddb8e0}: 'java.lang.Object java.lang.invoke.DirectMethodHandle$Holder.invokeStaticInit(java.lang.Object, int)'> (0x0000000785ddb8e0) 
thrown [open/src/hotspot/share/interpreter/linkResolver.cpp, line 766]
Event: 1.961 Thread 0x0000000129887600 Exception <a 'java/lang/NoSuchMethodError'{0x0000000785a63918}: 'java.lang.Object java.lang.invoke.DirectMethodHandle$Holder.newInvokeSpecial(java.lang.Object, java.lang.Object, int, int, int, int, int, java.lang.Object)'> (0x0000000785a63918) 
thrown [open/src/hotspot/share/interpreter/linkResolver.cpp, line 766]
Event: 1.962 Thread 0x0000000129887600 Exception <a 'java/lang/NoSuchMethodError'{0x0000000785a768f8}: 'java.lang.Object java.lang.invoke.DirectMethodHandle$Holder.newInvokeSpecial(java.lang.Object, java.lang.Object, java.lang.Object, int, int, int, int, int)'> (0x0000000785a768f8) 
thrown [open/src/hotspot/share/interpreter/linkResolver.cpp, line 766]
Event: 1.963 Thread 0x0000000129887600 Exception <a 'java/lang/NoSuchMethodError'{0x0000000785a7e158}: 'java.lang.Object java.lang.invoke.Invokers$Holder.linkToTargetMethod(java.lang.Object, java.lang.Object, int, int, int, int, int, java.lang.Object)'> (0x0000000785a7e158) 
thrown [open/src/hotspot/share/interpreter/linkResolver.cpp, line 766]

VM Operations (20 events):
Event: 0.396 Executing VM operation: HandshakeAllThreads
Event: 0.396 Executing VM operation: HandshakeAllThreads done
Event: 0.403 Executing VM operation: G1CollectForAllocation
Event: 0.409 Executing VM operation: G1CollectForAllocation done
Event: 0.432 Executing VM operation: HandshakeAllThreads
Event: 0.432 Executing VM operation: HandshakeAllThreads done
Event: 0.456 Executing VM operation: ICBufferFull
Event: 0.456 Executing VM operation: ICBufferFull done
Event: 0.553 Executing VM operation: HandshakeAllThreads
Event: 0.553 Executing VM operation: HandshakeAllThreads done
Event: 0.567 Executing VM operation: ICBufferFull
Event: 0.567 Executing VM operation: ICBufferFull done
Event: 0.731 Executing VM operation: ICBufferFull
Event: 0.731 Executing VM operation: ICBufferFull done
Event: 0.762 Executing VM operation: ICBufferFull
Event: 0.762 Executing VM operation: ICBufferFull done
Event: 1.705 Executing VM operation: ICBufferFull
Event: 1.705 Executing VM operation: ICBufferFull done
Event: 2.710 Executing VM operation: Cleanup
Event: 2.711 Executing VM operation: Cleanup done

Events (20 events):
Event: 2.309 loading class java/util/spi/ResourceBundleProvider
Event: 2.309 loading class java/util/spi/ResourceBundleProvider done
Event: 2.309 loading class sun/util/resources/LocaleData$LocaleDataResourceBundleProvider done
Event: 2.309 loading class sun/util/resources/LocaleData$CommonResourceBundleProvider done
Event: 2.310 loading class sun/text/resources/BreakIteratorInfo
Event: 2.310 loading class sun/text/resources/BreakIteratorInfo done
Event: 2.310 loading class sun/text/resources/BreakIteratorResources
Event: 2.310 loading class sun/util/resources/BreakIteratorResourceBundle
Event: 2.310 loading class sun/util/resources/BreakIteratorResourceBundle done
Event: 2.310 loading class sun/text/resources/BreakIteratorResources done
Event: 2.310 loading class sun/util/resources/Bundles$2
Event: 2.310 loading class sun/util/resources/Bundles$2 done
Event: 2.312 loading class sun/text/RuleBasedBreakIterator
Event: 2.312 loading class sun/text/RuleBasedBreakIterator done
Event: 2.313 loading class sun/text/CompactByteArray
Event: 2.313 loading class sun/text/CompactByteArray done
Event: 2.313 loading class sun/text/SupplementaryCharacterData
Event: 2.313 loading class sun/text/SupplementaryCharacterData done
Event: 2.313 loading class java/text/BreakIterator$BreakIteratorCache
Event: 2.313 loading class java/text/BreakIterator$BreakIteratorCache done


Dynamic libraries:
0x00000001043e4000 	/Library/Java/JavaVirtualMachines/jdk-17.0.1.jdk/Contents/Home/lib/libjli.dylib
0x00000001a111e000 	/usr/lib/libz.1.dylib
0x00000001a11ce000 	/usr/lib/libSystem.B.dylib
0x00000001a11c8000 	/usr/lib/system/libcache.dylib
0x00000001a1186000 	/usr/lib/system/libcommonCrypto.dylib
0x00000001a11af000 	/usr/lib/system/libcompiler_rt.dylib
0x00000001a11a6000 	/usr/lib/system/libcopyfile.dylib
0x00000001964d2000 	/usr/lib/system/libcorecrypto.dylib
0x0000000196577000 	/usr/lib/system/libdispatch.dylib
0x000000019673f000 	/usr/lib/system/libdyld.dylib
0x00000001a11be000 	/usr/lib/system/libkeymgr.dylib
0x00000001a1168000 	/usr/lib/system/libmacho.dylib
0x00000001a0874000 	/usr/lib/system/libquarantine.dylib
0x00000001a11bb000 	/usr/lib/system/libremovefile.dylib
0x000000019b8c1000 	/usr/lib/system/libsystem_asl.dylib
0x000000019647c000 	/usr/lib/system/libsystem_blocks.dylib
0x00000001965fd000 	/usr/lib/system/libsystem_c.dylib
0x00000001a11b3000 	/usr/lib/system/libsystem_collections.dylib
0x000000019fcd1000 	/usr/lib/system/libsystem_configuration.dylib
0x000000019ef57000 	/usr/lib/system/libsystem_containermanager.dylib
0x00000001a0ed2000 	/usr/lib/system/libsystem_coreservices.dylib
0x0000000198e64000 	/usr/lib/system/libsystem_darwin.dylib
0x00000001a11bf000 	/usr/lib/system/libsystem_dnssd.dylib
0x00000001965fa000 	/usr/lib/system/libsystem_featureflags.dylib
0x0000000196754000 	/usr/lib/system/libsystem_info.dylib
0x00000001a1130000 	/usr/lib/system/libsystem_m.dylib
0x000000019654c000 	/usr/lib/system/libsystem_malloc.dylib
0x000000019b852000 	/usr/lib/system/libsystem_networkextension.dylib
0x00000001992b7000 	/usr/lib/system/libsystem_notify.dylib
0x00000001a739b000 	/usr/lib/system/libsystem_product_info_filter.dylib
0x000000019fcd6000 	/usr/lib/system/libsystem_sandbox.dylib
0x00000001a11b8000 	/usr/lib/system/libsystem_secinit.dylib
0x00000001966fc000 	/usr/lib/system/libsystem_kernel.dylib
0x000000019674c000 	/usr/lib/system/libsystem_platform.dylib
0x0000000196732000 	/usr/lib/system/libsystem_pthread.dylib
0x000000019cff7000 	/usr/lib/system/libsystem_symptoms.dylib
0x00000001964b8000 	/usr/lib/system/libsystem_trace.dylib
0x00000001a1193000 	/usr/lib/system/libunwind.dylib
0x000000019647e000 	/usr/lib/system/libxpc.dylib
0x00000001966e2000 	/usr/lib/libc++abi.dylib
0x00000001965be000 	/usr/lib/libobjc.A.dylib
0x00000001a119e000 	/usr/lib/liboah.dylib
0x000000019667e000 	/usr/lib/libc++.1.dylib
0x00000001acd78000 	/System/Library/Frameworks/Cocoa.framework/Versions/A/Cocoa
0x0000000199316000 	/System/Library/Frameworks/AppKit.framework/Versions/C/AppKit
0x000000019c838000 	/System/Library/Frameworks/CoreData.framework/Versions/A/CoreData
0x0000000197677000 	/System/Library/Frameworks/Foundation.framework/Versions/C/Foundation
0x000000019a1c8000 	/System/Library/PrivateFrameworks/UIFoundation.framework/Versions/A/UIFoundation
0x00000001a7095000 	/System/Library/PrivateFrameworks/RemoteViewServices.framework/Versions/A/RemoteViewServices
0x000000019f690000 	/System/Library/PrivateFrameworks/XCTTargetBootstrap.framework/Versions/A/XCTTargetBootstrap
0x00000001a2ed0000 	/System/Library/PrivateFrameworks/InternationalSupport.framework/Versions/A/InternationalSupport
0x00000001a2f59000 	/System/Library/PrivateFrameworks/UserActivity.framework/Versions/A/UserActivity
0x00000001a23fb000 	/usr/lib/libspindump.dylib
0x000000019a438000 	/System/Library/Frameworks/UniformTypeIdentifiers.framework/Versions/A/UniformTypeIdentifiers
0x000000019dc1e000 	/usr/lib/libapp_launch_measurement.dylib
0x000000019d19b000 	/System/Library/PrivateFrameworks/CoreAnalytics.framework/Versions/A/CoreAnalytics
0x000000019dc21000 	/System/Library/PrivateFrameworks/CoreAutoLayout.framework/Versions/A/CoreAutoLayout
0x000000019ef94000 	/System/Library/Frameworks/Metal.framework/Versions/A/Metal
0x000000019fce1000 	/usr/lib/liblangid.dylib
0x000000019f694000 	/System/Library/PrivateFrameworks/CoreSVG.framework/Versions/A/CoreSVG
0x000000019b8f5000 	/System/Library/PrivateFrameworks/SkyLight.framework/Versions/A/SkyLight
0x000000019bcbd000 	/System/Library/Frameworks/CoreGraphics.framework/Versions/A/CoreGraphics
0x00000001a770e000 	/System/Library/Frameworks/Accelerate.framework/Versions/A/Accelerate
0x00000001a1e70000 	/System/Library/PrivateFrameworks/IconServices.framework/Versions/A/IconServices
0x000000019ef76000 	/System/Library/Frameworks/IOSurface.framework/Versions/A/IOSurface
0x000000019d1cb000 	/usr/lib/libDiagnosticMessagesClient.dylib
0x00000001aab46000 	/System/Library/Frameworks/ApplicationServices.framework/Versions/A/ApplicationServices
0x000000019f678000 	/System/Library/PrivateFrameworks/DFRFoundation.framework/Versions/A/DFRFoundation
0x0000000198bb9000 	/usr/lib/libicucore.A.dylib
0x00000001a3ccd000 	/System/Library/Frameworks/AudioToolbox.framework/Versions/A/AudioToolbox
0x00000001a2edc000 	/System/Library/PrivateFrameworks/DataDetectorsCore.framework/Versions/A/DataDetectorsCore
0x00000001b8ef8000 	/System/Library/PrivateFrameworks/TextInput.framework/Versions/A/TextInput
0x000000019b86c000 	/usr/lib/libMobileGestalt.dylib
0x000000019f348000 	/System/Library/Frameworks/Carbon.framework/Versions/A/Frameworks/HIToolbox.framework/Versions/A/HIToolbox
0x000000019d628000 	/System/Library/Frameworks/QuartzCore.framework/Versions/A/QuartzCore
0x0000000198836000 	/System/Library/Frameworks/Security.framework/Versions/A/Security
0x00000001a70d5000 	/System/Library/Frameworks/Carbon.framework/Versions/A/Frameworks/SpeechRecognition.framework/Versions/A/SpeechRecognition
0x000000019d975000 	/System/Library/PrivateFrameworks/CoreUI.framework/Versions/A/CoreUI
0x0000000198109000 	/System/Library/Frameworks/CoreAudio.framework/Versions/A/CoreAudio
0x000000019d2bb000 	/System/Library/Frameworks/DiskArbitration.framework/Versions/A/DiskArbitration
0x00000001a27e3000 	/System/Library/PrivateFrameworks/MultitouchSupport.framework/Versions/A/MultitouchSupport
0x000000019b86a000 	/usr/lib/libenergytrace.dylib
0x00000001991e2000 	/System/Library/Frameworks/IOKit.framework/Versions/A/IOKit
0x00000001a74bc000 	/System/Library/Frameworks/CoreServices.framework/Versions/A/CoreServices
0x000000019dbae000 	/System/Library/PrivateFrameworks/PerformanceAnalysis.framework/Versions/A/PerformanceAnalysis
0x00000001f771d000 	/System/Library/Frameworks/OpenGL.framework/Versions/A/OpenGL
0x00000001a0794000 	/System/Library/PrivateFrameworks/MobileKeyBag.framework/Versions/A/MobileKeyBag
0x000000019c2cd000 	/System/Library/Frameworks/ColorSync.framework/Versions/A/ColorSync
0x0000000196780000 	/System/Library/Frameworks/CoreFoundation.framework/Versions/A/CoreFoundation
0x000000019f915000 	/System/Library/Frameworks/CoreImage.framework/Versions/A/CoreImage
0x0000000197f2c000 	/System/Library/Frameworks/CoreText.framework/Versions/A/CoreText
0x000000019f6c4000 	/System/Library/Frameworks/ImageIO.framework/Versions/A/ImageIO
0x00000001a11d4000 	/System/Library/PrivateFrameworks/SoftLinking.framework/Versions/A/SoftLinking
0x000000019dc6b000 	/usr/lib/libxml2.2.dylib
0x00000001a146c000 	/usr/lib/libcompression.dylib
0x00000001a2e29000 	/System/Library/PrivateFrameworks/TextureIO.framework/Versions/A/TextureIO
0x00000001a1b8a000 	/usr/lib/libate.dylib
0x00000001a1a52000 	/usr/lib/liblzma.5.dylib
0x0000000197368000 	/System/Library/Frameworks/SystemConfiguration.framework/Versions/A/SystemConfiguration
0x00000001a11d0000 	/usr/lib/libfakelink.dylib
0x000000019b39a000 	/System/Library/Frameworks/CFNetwork.framework/Versions/A/CFNetwork
0x00000001a1317000 	/usr/lib/libarchive.2.dylib
0x000000019fcdd000 	/System/Library/PrivateFrameworks/AppleSystemInfo.framework/Versions/A/AppleSystemInfo
0x00000001a089e000 	/usr/lib/libbsm.0.dylib
0x000000019a8d7000 	/usr/lib/libnetwork.dylib
0x00000001a116e000 	/usr/lib/system/libkxld.dylib
0x00000001a04b6000 	/System/Library/PrivateFrameworks/IOMobileFramebuffer.framework/Versions/A/IOMobileFramebuffer
0x0000000213048000 	/usr/lib/libCoreEntitlements.dylib
0x00000001a0eb4000 	/System/Library/PrivateFrameworks/AppleFSCompression.framework/Versions/A/AppleFSCompression
0x00000001a0887000 	/usr/lib/libcoretls.dylib
0x00000001a1a6b000 	/usr/lib/libcoretls_cfhelpers.dylib
0x00000001a1467000 	/usr/lib/libpam.2.dylib
0x000000019cc1f000 	/usr/lib/libsqlite3.dylib
0x00000001a1ad3000 	/usr/lib/libxar.1.dylib
0x00000001a0ec5000 	/usr/lib/libbz2.1.0.dylib
0x00000001a11d5000 	/usr/lib/libpcap.A.dylib
0x000000019cfee000 	/usr/lib/libdns_services.dylib
0x00000001a143a000 	/usr/lib/libapple_nghttp2.dylib
0x00000001a1212000 	/usr/lib/libiconv.2.dylib
0x00000001a1167000 	/usr/lib/libcharset.1.dylib
0x000000019dbea000 	/System/Library/Frameworks/CoreServices.framework/Versions/A/Frameworks/FSEvents.framework/Versions/A/FSEvents
0x0000000198e6f000 	/System/Library/Frameworks/CoreServices.framework/Versions/A/Frameworks/CarbonCore.framework/Versions/A/CarbonCore
0x000000019d21e000 	/System/Library/Frameworks/CoreServices.framework/Versions/A/Frameworks/Metadata.framework/Versions/A/Metadata
0x00000001a0ed8000 	/System/Library/Frameworks/CoreServices.framework/Versions/A/Frameworks/OSServices.framework/Versions/A/OSServices
0x00000001a139c000 	/System/Library/Frameworks/CoreServices.framework/Versions/A/Frameworks/SearchKit.framework/Versions/A/SearchKit
0x000000019cf7c000 	/System/Library/Frameworks/CoreServices.framework/Versions/A/Frameworks/AE.framework/Versions/A/AE
0x0000000196cc4000 	/System/Library/Frameworks/CoreServices.framework/Versions/A/Frameworks/LaunchServices.framework/Versions/A/LaunchServices
0x00000001a19fb000 	/System/Library/Frameworks/CoreServices.framework/Versions/A/Frameworks/DictionaryServices.framework/Versions/A/DictionaryServices
0x000000019dbf7000 	/System/Library/Frameworks/CoreServices.framework/Versions/A/Frameworks/SharedFileList.framework/Versions/A/SharedFileList
0x00000001a0877000 	/usr/lib/libCheckFix.dylib
0x000000019b8d9000 	/System/Library/PrivateFrameworks/TCC.framework/Versions/A/TCC
0x000000019fce3000 	/System/Library/PrivateFrameworks/CoreNLP.framework/Versions/A/CoreNLP
0x000000019d1ce000 	/System/Library/PrivateFrameworks/MetadataUtilities.framework/Versions/A/MetadataUtilities
0x0000000197421000 	/usr/lib/libmecabra.dylib
0x00000001a08af000 	/usr/lib/libmecab.dylib
0x00000001973ed000 	/usr/lib/libCRFSuite.dylib
0x00000001a090d000 	/usr/lib/libgermantok.dylib
0x00000001a1413000 	/usr/lib/libThaiTokenizer.dylib
0x000000019d2c3000 	/System/Library/Frameworks/Accelerate.framework/Versions/A/Frameworks/vImage.framework/Versions/A/vImage
0x00000001a7493000 	/System/Library/Frameworks/Accelerate.framework/Versions/A/Frameworks/vecLib.framework/Versions/A/vecLib
0x00000001a1b17000 	/System/Library/Frameworks/Accelerate.framework/Versions/A/Frameworks/vecLib.framework/Versions/A/libvMisc.dylib
0x00000001a03c0000 	/System/Library/Frameworks/Accelerate.framework/Versions/A/Frameworks/vecLib.framework/Versions/A/libvDSP.dylib
0x0000000197047000 	/System/Library/Frameworks/Accelerate.framework/Versions/A/Frameworks/vecLib.framework/Versions/A/libBLAS.dylib
0x00000001a153b000 	/System/Library/Frameworks/Accelerate.framework/Versions/A/Frameworks/vecLib.framework/Versions/A/libLAPACK.dylib
0x00000001a0910000 	/System/Library/Frameworks/Accelerate.framework/Versions/A/Frameworks/vecLib.framework/Versions/A/libLinearAlgebra.dylib
0x00000001a1452000 	/System/Library/Frameworks/Accelerate.framework/Versions/A/Frameworks/vecLib.framework/Versions/A/libSparseBLAS.dylib
0x00000001a1536000 	/System/Library/Frameworks/Accelerate.framework/Versions/A/Frameworks/vecLib.framework/Versions/A/libQuadrature.dylib
0x000000019fdda000 	/System/Library/Frameworks/Accelerate.framework/Versions/A/Frameworks/vecLib.framework/Versions/A/libBNNS.dylib
0x0000000197305000 	/System/Library/Frameworks/Accelerate.framework/Versions/A/Frameworks/vecLib.framework/Versions/A/libSparse.dylib
0x000000019fdd2000 	/System/Library/PrivateFrameworks/LinguisticData.framework/Versions/A/LinguisticData
0x00000001972bb000 	/System/Library/PrivateFrameworks/Lexicon.framework/Versions/A/Lexicon
0x00000001a1b0f000 	/usr/lib/libChineseTokenizer.dylib
0x0000000197a65000 	/System/Library/PrivateFrameworks/LanguageModeling.framework/Versions/A/LanguageModeling
0x00000001a1415000 	/System/Library/PrivateFrameworks/AppleSauce.framework/Versions/A/AppleSauce
0x00000001a04a3000 	/System/Library/PrivateFrameworks/CoreEmoji.framework/Versions/A/CoreEmoji
0x00000001a1305000 	/usr/lib/libcmph.dylib
0x000000019dbca000 	/System/Library/Frameworks/OpenDirectory.framework/Versions/A/Frameworks/CFOpenDirectory.framework/Versions/A/CFOpenDirectory
0x000000019dbba000 	/System/Library/Frameworks/OpenDirectory.framework/Versions/A/OpenDirectory
0x00000001a1a6d000 	/System/Library/PrivateFrameworks/APFS.framework/Versions/A/APFS
0x00000001a07cf000 	/System/Library/Frameworks/SecurityFoundation.framework/Versions/A/SecurityFoundation
0x00000001a1ae1000 	/usr/lib/libutil.dylib
0x00000001991a4000 	/System/Library/PrivateFrameworks/CoreServicesStore.framework/Versions/A/CoreServicesStore
0x00000001a1ae5000 	/usr/lib/libxslt.1.dylib
0x00000001a0863000 	/System/Library/PrivateFrameworks/BackgroundTaskManagement.framework/Versions/A/BackgroundTaskManagement
0x00000001a2d4a000 	/System/Library/Frameworks/ImageIO.framework/Versions/A/Resources/libRadiance.dylib
0x00000001a2d53000 	/System/Library/Frameworks/ImageIO.framework/Versions/A/Resources/libJPEG.dylib
0x00000001a2ca5000 	/System/Library/Frameworks/ImageIO.framework/Versions/A/Resources/libPng.dylib
0x00000001a2cc7000 	/System/Library/Frameworks/ImageIO.framework/Versions/A/Resources/libTIFF.dylib
0x00000001a2dae000 	/System/Library/Frameworks/ImageIO.framework/Versions/A/Resources/libGIF.dylib
0x00000001a26f3000 	/System/Library/Frameworks/ImageIO.framework/Versions/A/Resources/libJP2.dylib
0x00000001a1e36000 	/usr/lib/libexpat.1.dylib
0x00000001a26ae000 	/System/Library/PrivateFrameworks/AppleJPEG.framework/Versions/A/AppleJPEG
0x000000019f207000 	/System/Library/PrivateFrameworks/FontServices.framework/libFontParser.dylib
0x000000019cf21000 	/System/Library/PrivateFrameworks/RunningBoardServices.framework/Versions/A/RunningBoardServices
0x00000001ad3e3000 	/System/Library/PrivateFrameworks/IOSurfaceAccelerator.framework/Versions/A/IOSurfaceAccelerator
0x00000001a27df000 	/System/Library/PrivateFrameworks/WatchdogClient.framework/Versions/A/WatchdogClient
0x0000000197b69000 	/System/Library/Frameworks/CoreDisplay.framework/Versions/A/CoreDisplay
0x000000019f0f6000 	/System/Library/Frameworks/CoreMedia.framework/Versions/A/CoreMedia
0x000000019ef8a000 	/System/Library/PrivateFrameworks/IOAccelerator.framework/Versions/A/IOAccelerator
0x000000019dd58000 	/System/Library/Frameworks/CoreVideo.framework/Versions/A/CoreVideo
0x00000001a1465000 	/System/Library/Frameworks/MetalPerformanceShaders.framework/Versions/A/MetalPerformanceShaders
0x00000001a281c000 	/System/Library/Frameworks/VideoToolbox.framework/Versions/A/VideoToolbox
0x000000019ce65000 	/System/Library/PrivateFrameworks/BaseBoard.framework/Versions/A/BaseBoard
0x000000019cc04000 	/System/Library/PrivateFrameworks/ProtocolBuffer.framework/Versions/A/ProtocolBuffer
0x00000001a2d45000 	/System/Library/PrivateFrameworks/GPUWrangler.framework/Versions/A/GPUWrangler
0x00000001a2d24000 	/System/Library/PrivateFrameworks/IOPresentment.framework/Versions/A/IOPresentment
0x00000001a2d4d000 	/System/Library/PrivateFrameworks/DSExternalDisplay.framework/Versions/A/DSExternalDisplay
0x00000001f7710000 	/System/Library/Frameworks/OpenGL.framework/Versions/A/Libraries/libCoreFSCache.dylib
0x0000000200e2a000 	/System/Library/PrivateFrameworks/GPUCompiler.framework/Versions/31001/Libraries/libGPUCompilerUtils.dylib
0x00000001a2db3000 	/System/Library/PrivateFrameworks/CMCaptureCore.framework/Versions/A/CMCaptureCore
0x00000001a23e9000 	/System/Library/PrivateFrameworks/AppServerSupport.framework/Versions/A/AppServerSupport
0x00000001a4588000 	/System/Library/PrivateFrameworks/perfdata.framework/Versions/A/perfdata
0x0000000197c89000 	/System/Library/PrivateFrameworks/AudioToolboxCore.framework/Versions/A/AudioToolboxCore
0x000000019f0ce000 	/System/Library/PrivateFrameworks/caulk.framework/Versions/A/caulk
0x00000001a3e7d000 	/usr/lib/libAudioStatistics.dylib
0x00000001b5696000 	/System/Library/PrivateFrameworks/SystemPolicy.framework/Versions/A/SystemPolicy
0x00000001a40dd000 	/usr/lib/libSMC.dylib
0x00000001acc5a000 	/System/Library/Frameworks/CoreMIDI.framework/Versions/A/CoreMIDI
0x00000001a2c73000 	/usr/lib/libAudioToolboxUtility.dylib
0x00000001b1b3c000 	/System/Library/PrivateFrameworks/OSAServicesClient.framework/Versions/A/OSAServicesClient
0x00000001a4595000 	/usr/lib/libperfcheck.dylib
0x00000001b6199000 	/usr/lib/libmis.dylib
0x00000001f7771000 	/System/Library/Frameworks/OpenGL.framework/Versions/A/Libraries/libGLU.dylib
0x00000001f7730000 	/System/Library/Frameworks/OpenGL.framework/Versions/A/Libraries/libGFXShared.dylib
0x00000001f791a000 	/System/Library/Frameworks/OpenGL.framework/Versions/A/Libraries/libGL.dylib
0x00000001f7739000 	/System/Library/Frameworks/OpenGL.framework/Versions/A/Libraries/libGLImage.dylib
0x00000001f772d000 	/System/Library/Frameworks/OpenGL.framework/Versions/A/Libraries/libCVMSPluginSupport.dylib
0x00000001f7717000 	/System/Library/Frameworks/OpenGL.framework/Versions/A/Libraries/libCoreVMClient.dylib
0x000000019fc5f000 	/System/Library/Frameworks/MetalPerformanceShaders.framework/Versions/A/Frameworks/MPSCore.framework/Versions/A/MPSCore
0x00000001a0e27000 	/System/Library/Frameworks/MetalPerformanceShaders.framework/Versions/A/Frameworks/MPSImage.framework/Versions/A/MPSImage
0x00000001a0925000 	/System/Library/Frameworks/MetalPerformanceShaders.framework/Versions/A/Frameworks/MPSNeuralNetwork.framework/Versions/A/MPSNeuralNetwork
0x00000001a0d62000 	/System/Library/Frameworks/MetalPerformanceShaders.framework/Versions/A/Frameworks/MPSMatrix.framework/Versions/A/MPSMatrix
0x00000001a0b3d000 	/System/Library/Frameworks/MetalPerformanceShaders.framework/Versions/A/Frameworks/MPSRayIntersector.framework/Versions/A/MPSRayIntersector
0x00000001a0d93000 	/System/Library/Frameworks/MetalPerformanceShaders.framework/Versions/A/Frameworks/MPSNDArray.framework/Versions/A/MPSNDArray
0x00000001f942c000 	/System/Library/Frameworks/MetalPerformanceShaders.framework/Versions/A/Frameworks/MPSFunctions.framework/Versions/A/MPSFunctions
0x0000000196f25000 	/System/Library/PrivateFrameworks/MetalTools.framework/Versions/A/MetalTools
0x000000019fcdb000 	/System/Library/PrivateFrameworks/AggregateDictionary.framework/Versions/A/AggregateDictionary
0x00000001a1c1c000 	/usr/lib/libIOReport.dylib
0x00000001abc48000 	/System/Library/PrivateFrameworks/ASEProcessing.framework/Versions/A/ASEProcessing
0x00000001a1f8e000 	/System/Library/PrivateFrameworks/FaceCore.framework/Versions/A/FaceCore
0x00000001a1f80000 	/System/Library/PrivateFrameworks/GraphVisualizer.framework/Versions/A/GraphVisualizer
0x0000000200d41000 	/System/Library/PrivateFrameworks/FontServices.framework/Versions/A/FontServices
0x00000001a23a3000 	/System/Library/PrivateFrameworks/OTSVG.framework/Versions/A/OTSVG
0x000000019d926000 	/System/Library/Frameworks/ApplicationServices.framework/Versions/A/Frameworks/ATS.framework/Versions/A/Resources/libFontRegistry.dylib
0x00000001a23f2000 	/System/Library/PrivateFrameworks/FontServices.framework/libhvf.dylib
0x0000000200d42000 	/System/Library/PrivateFrameworks/FontServices.framework/libXTFontStaticRegistryData.dylib
0x00000001f7abc000 	/System/Library/Frameworks/OpenCL.framework/Versions/A/OpenCL
0x00000001a1dea000 	/System/Library/PrivateFrameworks/AppleVA.framework/Versions/A/AppleVA
0x00000001a3ea5000 	/System/Library/Frameworks/ApplicationServices.framework/Versions/A/Frameworks/ATS.framework/Versions/A/ATS
0x000000019c3ca000 	/System/Library/Frameworks/ApplicationServices.framework/Versions/A/Frameworks/HIServices.framework/Versions/A/HIServices
0x00000001a2dbd000 	/System/Library/Frameworks/ApplicationServices.framework/Versions/A/Frameworks/PrintCore.framework/Versions/A/PrintCore
0x00000001a4230000 	/System/Library/Frameworks/ApplicationServices.framework/Versions/A/Frameworks/QD.framework/Versions/A/QD
0x00000001a4228000 	/System/Library/Frameworks/ApplicationServices.framework/Versions/A/Frameworks/ColorSyncLegacy.framework/Versions/A/ColorSyncLegacy
0x00000001a3e91000 	/System/Library/Frameworks/ApplicationServices.framework/Versions/A/Frameworks/SpeechSynthesis.framework/Versions/A/SpeechSynthesis
0x00000001a2d7e000 	/System/Library/Frameworks/ApplicationServices.framework/Versions/A/Frameworks/ATSUI.framework/Versions/A/ATSUI
0x00000001a41bd000 	/usr/lib/libcups.2.dylib
0x00000001a45a3000 	/System/Library/Frameworks/Kerberos.framework/Versions/A/Kerberos
0x00000001a45b4000 	/System/Library/Frameworks/GSS.framework/Versions/A/GSS
0x00000001a3f14000 	/usr/lib/libresolv.9.dylib
0x00000001a2400000 	/System/Library/PrivateFrameworks/Heimdal.framework/Versions/A/Heimdal
0x00000001aaebc000 	/System/Library/Frameworks/Kerberos.framework/Versions/A/Libraries/libHeimdalProxy.dylib
0x000000019d000000 	/System/Library/Frameworks/Network.framework/Versions/A/Network
0x00000001a1e51000 	/usr/lib/libheimdal-asn1.dylib
0x00000001a45fa000 	/System/Library/PrivateFrameworks/CommonAuth.framework/Versions/A/CommonAuth
0x00000001a3e0b000 	/System/Library/PrivateFrameworks/AudioSession.framework/Versions/A/AudioSession
0x00000001a1ee2000 	/System/Library/PrivateFrameworks/MediaExperience.framework/Versions/A/MediaExperience
0x00000001a3c93000 	/System/Library/PrivateFrameworks/AudioSession.framework/libSessionUtility.dylib
0x00000001a423c000 	/System/Library/PrivateFrameworks/AudioResourceArbitration.framework/Versions/A/AudioResourceArbitration
0x00000001a1e5a000 	/System/Library/PrivateFrameworks/IconFoundation.framework/Versions/A/IconFoundation
0x00000001a70c1000 	/System/Library/PrivateFrameworks/SpeechRecognitionCore.framework/Versions/A/SpeechRecognitionCore
0x00000001da83a000 	/System/Library/CoreServices/Encodings/libTraditionalChineseConverter.dylib
0x00000001054d0000 	/Library/Java/JavaVirtualMachines/jdk-17.0.1.jdk/Contents/Home/lib/server/libjvm.dylib
0x00000001045f8000 	/Library/Java/JavaVirtualMachines/jdk-17.0.1.jdk/Contents/Home/lib/libjimage.dylib
0x0000000104624000 	/Library/Java/JavaVirtualMachines/jdk-17.0.1.jdk/Contents/Home/lib/libinstrument.dylib
0x0000000104670000 	/Library/Java/JavaVirtualMachines/jdk-17.0.1.jdk/Contents/Home/lib/libjava.dylib
0x0000000122b9c000 	/Library/Java/JavaVirtualMachines/jdk-17.0.1.jdk/Contents/Home/lib/libnio.dylib
0x0000000122bbc000 	/Library/Java/JavaVirtualMachines/jdk-17.0.1.jdk/Contents/Home/lib/libnet.dylib
0x0000000104654000 	/Library/Java/JavaVirtualMachines/jdk-17.0.1.jdk/Contents/Home/lib/libzip.dylib
0x0000000122be0000 	/Users/sean/.openjfx/cache/17.0.0.1/libprism_es2.dylib
0x0000000199167000 	/System/Library/PrivateFrameworks/CoreServicesInternal.framework/Versions/A/CoreServicesInternal
0x00000001f7924000 	/System/Library/Frameworks/OpenGL.framework/Versions/A/Resources/GLEngine.bundle/GLEngine
0x00000001f77ab000 	/System/Library/Frameworks/OpenGL.framework/Versions/A/Libraries/libGLProgrammability.dylib
0x0000000125534000 	/System/Library/Extensions/AppleMetalOpenGLRenderer.bundle/Contents/MacOS/AppleMetalOpenGLRenderer
0x00000001f7a93000 	/System/Library/Frameworks/OpenGL.framework/Versions/A/Resources/GLRendererFloat.bundle/GLRendererFloat
0x00000001f7b34000 	/System/Library/Extensions/AGXMetal13_3.bundle/Contents/MacOS/AGXMetal13_3
0x00000001b61b5000 	/System/Library/PrivateFrameworks/GPURawCounter.framework/Versions/A/GPURawCounter
0x00000001b0c8a000 	/System/Library/PrivateFrameworks/IOGPU.framework/Versions/A/IOGPU
0x00000001255cc000 	/Users/sean/.openjfx/cache/17.0.0.1/libglass.dylib
0x00000001a8561000 	/System/Library/Frameworks/FileProvider.framework/Versions/A/FileProvider
0x000000019cdcd000 	/System/Library/Frameworks/Accounts.framework/Versions/A/Accounts
0x00000001a86e1000 	/System/Library/PrivateFrameworks/GenerationalStorage.framework/Versions/A/GenerationalStorage
0x00000001a9291000 	/System/Library/PrivateFrameworks/CoreSymbolication.framework/Versions/A/CoreSymbolication
0x00000001a8301000 	/System/Library/PrivateFrameworks/SymptomDiagnosticReporter.framework/Versions/A/SymptomDiagnosticReporter
0x000000019a44c000 	/System/Library/PrivateFrameworks/DesktopServicesPriv.framework/Versions/A/DesktopServicesPriv
0x00000001992c6000 	/usr/lib/libsandbox.1.dylib
0x000000019dde4000 	/System/Library/PrivateFrameworks/UserManagement.framework/Versions/A/UserManagement
0x00000001a9252000 	/System/Library/PrivateFrameworks/DebugSymbols.framework/Versions/A/DebugSymbols
0x00000001a421b000 	/System/Library/PrivateFrameworks/NetAuth.framework/Versions/A/NetAuth
0x00000001a5119000 	/System/Library/PrivateFrameworks/Sharing.framework/Versions/A/Sharing
0x000000019ddb4000 	/System/Library/PrivateFrameworks/login.framework/Versions/A/Frameworks/loginsupport.framework/Versions/A/loginsupport
0x00000001aa402000 	/System/Library/PrivateFrameworks/Apple80211.framework/Versions/A/Apple80211
0x00000001a0f0b000 	/System/Library/PrivateFrameworks/AuthKit.framework/Versions/A/AuthKit
0x00000001a05a2000 	/System/Library/PrivateFrameworks/CoreUtils.framework/Versions/A/CoreUtils
0x00000001a04c2000 	/System/Library/Frameworks/CoreWLAN.framework/Versions/A/CoreWLAN
0x00000001a5282000 	/System/Library/Frameworks/IOBluetooth.framework/Versions/A/IOBluetooth
0x00000001aa462000 	/System/Library/PrivateFrameworks/CoreWiFi.framework/Versions/A/CoreWiFi
0x00000001a8e39000 	/System/Library/PrivateFrameworks/FrontBoardServices.framework/Versions/A/FrontBoardServices
0x00000001a8ed1000 	/System/Library/PrivateFrameworks/BoardServices.framework/Versions/A/BoardServices
0x00000001a07bd000 	/System/Library/PrivateFrameworks/AssertionServices.framework/Versions/A/AssertionServices
0x00000001aa5d0000 	/System/Library/PrivateFrameworks/BackBoardServices.framework/Versions/A/BackBoardServices
0x00000001a468d000 	/System/Library/PrivateFrameworks/CorePhoneNumbers.framework/Versions/A/CorePhoneNumbers
0x00000001a8431000 	/System/Library/PrivateFrameworks/DiskManagement.framework/Versions/A/DiskManagement
0x00000001a8334000 	/System/Library/PrivateFrameworks/AppleIDAuthSupport.framework/Versions/A/AppleIDAuthSupport
0x00000001fb6c5000 	/System/Library/PrivateFrameworks/AAAFoundation.framework/Versions/A/AAAFoundation
0x00000001a466c000 	/System/Library/PrivateFrameworks/KeychainCircle.framework/Versions/A/KeychainCircle
0x00000001a83fd000 	/System/Library/PrivateFrameworks/MediaKit.framework/Versions/A/MediaKit
0x00000001a8341000 	/System/Library/Frameworks/DiscRecording.framework/Versions/A/DiscRecording
0x00000001a1d66000 	/usr/lib/libCoreStorage.dylib
0x00000001aa8ca000 	/usr/lib/libcsfde.dylib
0x00000001a5357000 	/System/Library/PrivateFrameworks/ProtectedCloudStorage.framework/Versions/A/ProtectedCloudStorage
0x00000001aa8c2000 	/System/Library/PrivateFrameworks/EFILogin.framework/Versions/A/EFILogin
0x00000001a8708000 	/System/Library/PrivateFrameworks/OctagonTrust.framework/Versions/A/OctagonTrust
0x00000001fffac000 	/System/Library/PrivateFrameworks/CoreUtilsExtras.framework/Versions/A/CoreUtilsExtras
0x00000001a8273000 	/System/Library/Frameworks/CoreBluetooth.framework/Versions/A/CoreBluetooth
0x00000001aaf41000 	/System/Library/Frameworks/AudioUnit.framework/Versions/A/AudioUnit
0x00000001a1d5e000 	/usr/lib/libMatch.1.dylib
0x00000001ba41c000 	/System/Library/Frameworks/Accelerate.framework/Versions/A/Frameworks/vImage.framework/Versions/A/Libraries/libCGInterfaces.dylib
0x0000000127ed8000 	/usr/lib/libobjc-trampolines.dylib
0x000000019dab2000 	/System/Library/PrivateFrameworks/ViewBridge.framework/Versions/A/ViewBridge
0x00000001a24ae000 	/System/Library/PrivateFrameworks/login.framework/Versions/A/login
0x000000012c6ac000 	/Users/sean/.openjfx/cache/17.0.0.1/libjavafx_font.dylib
0x00000002131c2000 	/usr/lib/libRosetta.dylib
0x00000001a7797000 	/System/Library/PrivateFrameworks/SystemAdministration.framework/Versions/A/SystemAdministration
0x00000001a2fc7000 	/System/Library/Frameworks/MediaToolbox.framework/Versions/A/MediaToolbox
0x00000001a7089000 	/System/Library/Frameworks/DirectoryService.framework/Versions/A/DirectoryService
0x00000001aa758000 	/System/Library/PrivateFrameworks/DiskImages.framework/Versions/A/DiskImages
0x00000001a086e000 	/System/Library/Frameworks/ServiceManagement.framework/Versions/A/ServiceManagement
0x00000001aa93d000 	/System/Library/PrivateFrameworks/LoginUIKit.framework/Versions/A/Frameworks/LoginUICore.framework/Versions/A/LoginUICore
0x00000001a2667000 	/usr/lib/libodfde.dylib
0x00000001a852d000 	/System/Library/PrivateFrameworks/CoreAVCHD.framework/Versions/A/CoreAVCHD
0x00000001a7759000 	/System/Library/Frameworks/MediaAccessibility.framework/Versions/A/MediaAccessibility
0x00000001a8529000 	/System/Library/PrivateFrameworks/Mangrove.framework/Versions/A/Mangrove
0x00000001a7766000 	/System/Library/PrivateFrameworks/AlgosScoreFramework.framework/Versions/A/AlgosScoreFramework
0x00000001fd2b4000 	/System/Library/PrivateFrameworks/CMPhoto.framework/Versions/A/CMPhoto
0x00000001a851d000 	/System/Library/PrivateFrameworks/CoreAUC.framework/Versions/A/CoreAUC
0x00000001aa8d6000 	/usr/lib/libcurl.4.dylib
0x00000001aa62e000 	/usr/lib/libcrypto.44.dylib
0x00000001aa72b000 	/usr/lib/libssl.46.dylib
0x00000001aa5f0000 	/System/Library/Frameworks/LDAP.framework/Versions/A/LDAP
0x00000001aa62c000 	/System/Library/PrivateFrameworks/TrustEvaluationAgent.framework/Versions/A/TrustEvaluationAgent
0x00000001a3f2d000 	/usr/lib/libsasl2.2.dylib
0x00000001a778c000 	/System/Library/PrivateFrameworks/CoreDaemon.framework/Versions/B/CoreDaemon
0x00000001a7786000 	/System/Library/PrivateFrameworks/AppleSRP.framework/Versions/A/AppleSRP


VM Arguments:
jvm_args: -javaagent:/Applications/IntelliJ IDEA CE.app/Contents/lib/idea_rt.jar=49634:/Applications/IntelliJ IDEA CE.app/Contents/bin -Dfile.encoding=UTF-8 --module-path=/Users/sean/.m2/repository/org/openjfx/javafx-graphics/17.0.0.1/javafx-graphics-17.0.0.1-mac-aarch64.jar:/Users/sean/Documents/GitHub/Meal-Ordering-System/FoodOrderingSystem/target/classes:/Users/sean/.m2/repository/org/openjfx/javafx-base/17.0.0.1/javafx-base-17.0.0.1-mac-aarch64.jar:/Users/sean/.m2/repository/org/openjfx/javafx-fxml/17.0.0.1/javafx-fxml-17.0.0.1-mac-aarch64.jar:/Users/sean/.m2/repository/org/openjfx/javafx-controls/17.0.0.1/javafx-controls-17.0.0.1-mac-aarch64.jar -Djdk.module.main=com.example.foodorderingsystem 
java_command: com.example.foodorderingsystem/com.example.foodorderingsystem.HelloApplication
java_class_path (initial): /Users/sean/.m2/repository/org/openjfx/javafx-controls/17.0.0.1/javafx-controls-17.0.0.1.jar:/Users/sean/.m2/repository/org/openjfx/javafx-graphics/17.0.0.1/javafx-graphics-17.0.0.1.jar:/Users/sean/.m2/repository/org/openjfx/javafx-base/17.0.0.1/javafx-base-17.0.0.1.jar:/Users/sean/.m2/repository/org/openjfx/javafx-fxml/17.0.0.1/javafx-fxml-17.0.0.1.jar
Launcher Type: SUN_STANDARD

[Global flags]
     intx CICompilerCount                          = 4                                         {product} {ergonomic}
     uint ConcGCThreads                            = 2                                         {product} {ergonomic}
     uint G1ConcRefinementThreads                  = 8                                         {product} {ergonomic}
   size_t G1HeapRegionSize                         = 1048576                                   {product} {ergonomic}
    uintx GCDrainStackTargetSize                   = 64                                        {product} {ergonomic}
   size_t InitialHeapSize                          = 134217728                                 {product} {ergonomic}
   size_t MarkStackSize                            = 4194304                                   {product} {ergonomic}
   size_t MaxHeapSize                              = 2147483648                                {product} {ergonomic}
   size_t MaxNewSize                               = 1287651328                                {product} {ergonomic}
   size_t MinHeapDeltaBytes                        = 1048576                                   {product} {ergonomic}
   size_t MinHeapSize                              = 8388608                                   {product} {ergonomic}
    uintx NonNMethodCodeHeapSize                   = 5839564                                {pd product} {ergonomic}
    uintx NonProfiledCodeHeapSize                  = 122909338                              {pd product} {ergonomic}
    uintx ProfiledCodeHeapSize                     = 122909338                              {pd product} {ergonomic}
    uintx ReservedCodeCacheSize                    = 251658240                              {pd product} {ergonomic}
     bool SegmentedCodeCache                       = true                                      {product} {ergonomic}
   size_t SoftMaxHeapSize                          = 2147483648                             {manageable} {ergonomic}
     bool UseCompressedClassPointers               = true                           {product lp64_product} {ergonomic}
     bool UseCompressedOops                        = true                           {product lp64_product} {ergonomic}
     bool UseG1GC                                  = true                                      {product} {ergonomic}
     bool UseNUMA                                  = false                                     {product} {ergonomic}
     bool UseNUMAInterleaving                      = false                                     {product} {ergonomic}

Logging:
Log output configuration:
 #0: stdout all=warning uptime,level,tags
 #1: stderr all=off uptime,level,tags

Environment Variables:
PATH=/usr/local/bin:/usr/bin:/bin:/usr/sbin:/sbin
SHELL=/bin/zsh
LC_CTYPE=zh_TW.UTF-8

Signal Handlers:
   SIGSEGV: _ZL13crash_handleriP9__siginfoPv in libjvm.dylib, mask=11100110000111110111111111111111, flags=SA_RESTART|SA_SIGINFO
    SIGBUS: _ZL13crash_handleriP9__siginfoPv in libjvm.dylib, mask=11100110000111110111111111111111, flags=SA_RESTART|SA_SIGINFO
    SIGFPE: _ZL13crash_handleriP9__siginfoPv in libjvm.dylib, mask=11100110000111110111111111111111, flags=SA_RESTART|SA_SIGINFO
   SIGPIPE: _ZL17javaSignalHandleriP9__siginfoPv in libjvm.dylib, mask=11100110000111110111111111111111, flags=SA_RESTART|SA_SIGINFO
   SIGXFSZ: _ZL17javaSignalHandleriP9__siginfoPv in libjvm.dylib, mask=11100110000111110111111111111111, flags=SA_RESTART|SA_SIGINFO
    SIGILL: _ZL13crash_handleriP9__siginfoPv in libjvm.dylib, mask=11100110000111110111111111111111, flags=SA_RESTART|SA_SIGINFO
   SIGUSR2: _ZL10SR_handleriP9__siginfoP17__darwin_ucontext in libjvm.dylib, mask=00100000000000000000000000000000, flags=SA_RESTART|SA_SIGINFO
    SIGHUP: _ZL11UserHandleriPvS_ in libjvm.dylib, mask=11100110000111110111111111111111, flags=SA_RESTART|SA_SIGINFO
    SIGINT: _ZL11UserHandleriPvS_ in libjvm.dylib, mask=11100110000111110111111111111111, flags=SA_RESTART|SA_SIGINFO
   SIGTERM: _ZL11UserHandleriPvS_ in libjvm.dylib, mask=11100110000111110111111111111111, flags=SA_RESTART|SA_SIGINFO
   SIGQUIT: _ZL11UserHandleriPvS_ in libjvm.dylib, mask=11100110000111110111111111111111, flags=SA_RESTART|SA_SIGINFO
   SIGTRAP: _ZL13crash_handleriP9__siginfoPv in libjvm.dylib, mask=11100110000111110111111111111111, flags=SA_RESTART|SA_SIGINFO


---------------  S Y S T E M  ---------------

OS:
uname: Darwin 21.1.0 Darwin Kernel Version 21.1.0: Wed Oct 13 17:33:24 PDT 2021; root:xnu-8019.41.5~1/RELEASE_ARM64_T8101 arm64
OS uptime: 24 days 5:31 hours
rlimit (soft/hard): STACK 8176k/65520k , CORE 0k/infinity , NPROC 1333/2000 , NOFILE 10240/infinity , AS infinity/infinity , CPU infinity/infinity , DATA infinity/infinity , FSIZE infinity/infinity , MEMLOCK infinity/infinity , RSS infinity/infinity
load average: 2.40 2.84 3.88

CPU: total 8 (initial active 8) 0x61:0x0:0x1b588bb3:0, fp, simd, crc, lse

Memory: 16k page, physical 8388608k(104352k free), swap 7340032k(1395200k free)

vm_info: Java HotSpot(TM) 64-Bit Server VM (17.0.1+12-LTS-39) for bsd-aarch64 JRE (17.0.1+12-LTS-39), built on Sep 27 2021 17:38:30 by "mach5one" with clang Apple LLVM 12.0.0 (clang-1200.0.32.29)

END.
