#
# A fatal error has been detected by the Java Runtime Environment:
#
#  SIGBUS (0xa) at pc=0x000000010c5454f0, pid=26729, tid=29711
#
# JRE version: Java(TM) SE Runtime Environment (17.0.1+12) (build 17.0.1+12-LTS-39)
# Java VM: Java HotSpot(TM) 64-Bit Server VM (17.0.1+12-LTS-39, mixed mode, sharing, tiered, compressed oops, compressed class ptrs, g1 gc, bsd-aarch64)
# Problematic frame:
# v  ~StubRoutines::SafeFetchN
#
# No core dump will be written. Core dumps have been disabled. To enable core dumping, try "ulimit -c unlimited" before starting Java again
#
# If you would like to submit a bug report, please visit:
#   https://bugreport.java.com/bugreport/crash.jsp
# The crash happened outside the Java Virtual Machine in native code.
# See problematic frame for where to report the bug.
#

---------------  S U M M A R Y ------------

Command Line: -agentlib:jdwp=transport=dt_socket,address=127.0.0.1:50550,suspend=y,server=n -javaagent:/Users/sean/Library/Caches/JetBrains/IdeaIC2021.2/captureAgent/debugger-agent.jar -Dfile.encoding=UTF-8 --module-path=/Users/sean/.m2/repository/org/openjfx/javafx-controls/17.0.0.1/javafx-controls-17.0.0.1-mac-aarch64.jar:/Users/sean/.m2/repository/org/openjfx/javafx-fxml/17.0.0.1/javafx-fxml-17.0.0.1-mac-aarch64.jar:/Users/sean/.m2/repository/org/openjfx/javafx-base/17.0.0.1/javafx-base-17.0.0.1-mac-aarch64.jar:/Users/sean/.m2/repository/org/openjfx/javafx-graphics/17.0.0.1/javafx-graphics-17.0.0.1-mac-aarch64.jar:/Users/sean/Documents/GitHub/Meal-Ordering-System/FoodOrderingSystem/target/classes -Djdk.module.main=com.example.foodorderingsystem com.example.foodorderingsystem/com.example.foodorderingsystem.HelloApplication

Host: "MacBookPro17,1" arm64 1 MHz, 8 cores, 8G, Darwin 21.1.0, macOS 12.0.1 (21A559)
Time: Fri Jan 14 22:39:06 2022 CST elapsed time: 2.112086 seconds (0d 0h 0m 2s)

---------------  T H R E A D  ---------------

Current thread (0x0000000126812800):  JavaThread "InvokeLaterDispatcher" daemon [_thread_in_native, id=29711, stack(0x000000016ff58000,0x000000017015b000)]

Stack: [0x000000016ff58000,0x000000017015b000],  sp=0x000000017015a7b0,  free space=2057k
Native frames: (J=compiled Java code, j=interpreted, Vv=VM code, C=native code)
v  ~StubRoutines::SafeFetchN
V  [libjvm.dylib+0x79e208]  _ZN10OopStorage7releaseEPKP7oopDesc+0x20
V  [libjvm.dylib+0x4b8f30]  jni_DeleteGlobalRef+0xc4
C  [libglass.dylib+0xab08]  -[GlassRunnable dealloc]+0x34
C  [Foundation+0x85e0c]  -[_NSThreadPerformInfo dealloc]+0x30
C  [Foundation+0x525e8]  -[NSObject(NSThreadPerformAdditions) performSelectorOnMainThread:withObject:waitUntilDone:]+0x88
C  0x0b3680010c54fbe0
j  com.sun.glass.ui.mac.MacApplication.submitForLaterInvocation(Ljava/lang/Runnable;)V+2 javafx.graphics
j  com.sun.glass.ui.InvokeLaterDispatcher.run()V+82 javafx.graphics
v  ~StubRoutines::call_stub
V  [libjvm.dylib+0x460588]  _ZN9JavaCalls11call_helperEP9JavaValueRK12methodHandleP17JavaCallArgumentsP10JavaThread+0x38c
V  [libjvm.dylib+0x45f5a4]  _ZN9JavaCalls12call_virtualEP9JavaValueP5KlassP6SymbolS5_P17JavaCallArgumentsP10JavaThread+0x11c
V  [libjvm.dylib+0x45f670]  _ZN9JavaCalls12call_virtualEP9JavaValue6HandleP5KlassP6SymbolS6_P10JavaThread+0x64
V  [libjvm.dylib+0x512ef0]  _ZL12thread_entryP10JavaThreadS0_+0xc4
V  [libjvm.dylib+0x8fc514]  _ZN10JavaThread17thread_main_innerEv+0x134
V  [libjvm.dylib+0x8fae3c]  _ZN6Thread8call_runEv+0x128
V  [libjvm.dylib+0x7a4df0]  _ZL19thread_native_entryP6Thread+0x158
C  [libsystem_pthread.dylib+0x74ec]  _pthread_start+0x94

Java frames: (J=compiled Java code, j=interpreted, Vv=VM code)
j  com.sun.glass.ui.mac.MacApplication._submitForLaterInvocation(Ljava/lang/Runnable;)V+0 javafx.graphics
j  com.sun.glass.ui.mac.MacApplication.submitForLaterInvocation(Ljava/lang/Runnable;)V+2 javafx.graphics
j  com.sun.glass.ui.InvokeLaterDispatcher.run()V+82 javafx.graphics
v  ~StubRoutines::call_stub

siginfo: si_signo: 10 (SIGBUS), si_code: 1 (BUS_ADRALN), si_addr: 0x000000010c5454f0

Register to memory mapping:

 x0=0x0000000125f04b08 is a global jni handle
 x1=0x0 is NULL
 x2=0x0000000787d25168 is an oop: com.sun.glass.ui.InvokeLaterDispatcher$Future 
{0x0000000787d25168} - klass: 'com/sun/glass/ui/InvokeLaterDispatcher$Future'
 - ---- fields (total size 3 words):
 - private 'done' 'Z' @12  true
 - private final 'runnable' 'Ljava/lang/Runnable;' @16  a 'com/sun/javafx/tk/quantum/ViewScene$$Lambda$467+0x0000000800e46c68'{0x0000000787db3320} (f0fb6664)
 - final synthetic 'this$0' 'Lcom/sun/glass/ui/InvokeLaterDispatcher;' @20  a 'com/sun/glass/ui/InvokeLaterDispatcher'{0x00000007852228a8} (f0a44515)
 x3=0x0 is NULL
 x4=0x00000000000130a8 is an unknown value
 x5=0x0 is NULL
 x6=0x0 is NULL
 x7=0x0 is NULL
 x8=0x000000010c5454ec is at begin+0 in a stub
StubRoutines::SafeFetchN [0x000000010c5454ec, 0x000000010c5454f8] (12 bytes)
 x9=0x0 is NULL
x10=0x2010000030300000 is an unknown value
x11=0x0000000000000007 is an unknown value
x12=0x0 is NULL
x13=0x0000600000896cf0 points into unknown readable memory: 0x0000000000000000 | 00 00 00 00 00 00 00 00
x14=0x0000000000000001 is an unknown value
x15=0x0000000125929f98: OBJC_CLASS_$_GlassRunnable+0 in /Users/sean/.openjfx/cache/17.0.0.1/libglass.dylib at 0x00000001258e4000
x16=0x00000001a5690340: pthread_getspecific+0 in /usr/lib/system/libsystem_pthread.dylib at 0x00000001a568e000
x17=0x0000600000288180 points into unknown readable memory: 0xfffffffffffffffe | fe ff ff ff ff ff ff ff
x18=0x0 is NULL
x19=0x0000600000d95810 points into unknown readable memory: 0x0000600002491880 | 80 18 49 02 00 60 00 00
x20=0x0000000125f04900 points into unknown readable memory: 0x0000008800000850 | 50 08 00 00 88 00 00 00
x21=0x0000000125f04b08 is a global jni handle
x22=0x0000000126812800 is a thread
x23=0x0000000000000001 is an unknown value
x24=0x0000000125f04ac0 is a global jni handle
x25=0x0000000104a715d8: _ZN12StubRoutines17_safefetchN_entryE+0 in /Library/Java/JavaVirtualMachines/jdk-17.0.1.jdk/Contents/Home/lib/server/libjvm.dylib at 0x0000000103ee0000
x26=0x0000000121d2bee8 is pointing into metadata
x27=0x0 is NULL
x28=0x0000000126812800 is a thread


Registers:
 x0=0x0000000125f04b08  x1=0x0000000000000000  x2=0x0000000787d25168  x3=0x0000000000000000
 x4=0x00000000000130a8  x5=0x0000000000000000  x6=0x0000000000000000  x7=0x0000000000000000
 x8=0x000000010c5454ec  x9=0x0000000000000000 x10=0x2010000030300000 x11=0x0000000000000007
x12=0x0000000000000000 x13=0x0000600000896cf0 x14=0x0000000000000001 x15=0x0000000125929f98
x16=0x00000001a5690340 x17=0x0000600000288180 x18=0x0000000000000000 x19=0x0000600000d95810
x20=0x0000000125f04900 x21=0x0000000125f04b08 x22=0x0000000126812800 x23=0x0000000000000001
x24=0x0000000125f04ac0 x25=0x0000000104a715d8 x26=0x0000000121d2bee8 x27=0x0000000000000000
x28=0x0000000126812800  fp=0x000000017015a7f0  lr=0x000000010467cfd8  sp=0x000000017015a7b0
pc=0x000000010c5454f0 cpsr=0x0000000060001000
Top of Stack: (sp=0x000000017015a7b0)
0x000000017015a7b0:   0000000121d2bee8 0000000000000001
0x000000017015a7c0:   000000017015a9a8 00006000024894a0
0x000000017015a7d0:   0000000000000000 0000000125f04ac8
0x000000017015a7e0:   0000000125f04ac8 0000600000d95810
0x000000017015a7f0:   000000017015a830 000000010467e208
0x000000017015a800:   0000000000000001 0000000125f04ac8
0x000000017015a810:   0000000000000000 0000000125f04ac8
0x000000017015a820:   0000000000000001 0000000136893400
0x000000017015a830:   000000017015a860 0000000104398f30
0x000000017015a840:   0000600002489490 00000001ef8bd9f4
0x000000017015a850:   0000000000000000 0000600002489490
0x000000017015a860:   000000017015a890 00000001258eeb08
0x000000017015a870:   6216792fb18600fa 0000000000000000
0x000000017015a880:   0000000000000000 000060000339dd00
0x000000017015a890:   000000017015a8d0 00000001a6658e0c
0x000000017015a8a0:   000000017015a9a8 00006000024894a0
0x000000017015a8b0:   0000600002489490 6216792fb18600fa
0x000000017015a8c0:   0000000000000000 0000000000000000
0x000000017015a8d0:   000000017015a910 8b5f8001a66255e8
0x000000017015a8e0:   000000017015a9a8 000000010c54e500
0x000000017015a8f0:   0000000000000000 0000000104a78f90
0x000000017015a900:   000000017015a920 000000010c54ccf0
0x000000017015a910:   000000017015a980 0b3680010c54fbe0
0x000000017015a920:   000000017015a920 0000000800986475
0x000000017015a930:   000000017015a930 0000000000000000
0x000000017015a940:   000000017015a9a8 0000000121d2bee8
0x000000017015a950:   00000007852fbd50 0000000000000000
0x000000017015a960:   0000000000000000 0000000121d03a58
0x000000017015a970:   0000000000000000 000000017015a980
0x000000017015a980:   000000017015aa00 000000010c54a6ac
0x000000017015a990:   0000000000000000 0000000000000000
0x000000017015a9a0:   0000000787d25168 00000007852fb960 

Instructions: (pc=0x000000010c5454f0)
0x000000010c5453f0:   f2a09469 f2c00029 6d425935 1e640886
0x000000010c545400:   0c402d31 1e6408c7 1f5654d0 1e6c1017
0x000000010c545410:   1f5050d0 1f504cd0 1f5048d0 1e650af6
0x000000010c545420:   1f50d8f6 1f5694d6 1f5158f6 1e762880
0x000000010c545430:   36000501 1e614000 14000026 2e251ca5
0x000000010c545440:   d29c3009 f2a09469 f2c00029 6d425d36
0x000000010c545450:   1e600806 0c402d32 1f5758c7 1e6c101a
0x000000010c545460:   1f4754c7 1e650805 1f4750c7 d2866668
0x000000010c545470:   f2a7fa68 1f474cc7 1e6608c0 1f4748c7
0x000000010c545480:   1e6e1019 eb08007f 540000ac 1f479400
0x000000010c545490:   1f460340 1e603b20 1400000e d2a7fd29
0x000000010c5454a0:   eb09007f 540000ac 51480069 d3607d29
0x000000010c5454b0:   9e670121 14000002 1e6a5001 1f679417
0x000000010c5454c0:   1f668742 1e613b23 1e773857 1e773860
0x000000010c5454d0:   a8c17ff3 910003bf a8c17bfd d65f03c0
0x000000010c5454e0:   b9400001 aa0103e0 d65f03c0 f9400001
0x000000010c5454f0:   aa0103e0 d65f03c0 00000000 00000000
0x000000010c545500:   00000000 00000000 00000000 00000000
0x000000010c545510:   00000000 00000000 00000000 00000000
0x000000010c545520:   00000000 00000000 00000000 00000000
0x000000010c545530:   00000000 00000000 00000000 00000000
0x000000010c545540:   00000000 00000000 00000000 00000000
0x000000010c545550:   00000000 00000000 00000000 00000000
0x000000010c545560:   00000000 00000000 00000000 00000000
0x000000010c545570:   00000000 00000000 00000000 00000000
0x000000010c545580:   00000000 00000000 00000000 00000000
0x000000010c545590:   00000000 00000000 00000000 00000000
0x000000010c5455a0:   00000000 00000000 00000000 00000000
0x000000010c5455b0:   00000000 00000000 00000000 00000000
0x000000010c5455c0:   00000000 00000000 00000000 00000000
0x000000010c5455d0:   00000000 00000000 00000000 00000000
0x000000010c5455e0:   00000000 00000000 00000000 00000000 


Stack slot to memory mapping:
stack at sp + 0 slots: 0x0000000121d2bee8 is pointing into metadata
stack at sp + 1 slots: 0x0000000000000001 is an unknown value
stack at sp + 2 slots: 0x000000017015a9a8 is pointing into the stack for thread: 0x0000000126812800
stack at sp + 3 slots: 0x00006000024894a0 points into unknown readable memory: 0x01000001fe372081 | 81 20 37 fe 01 00 00 01
stack at sp + 4 slots: 0x0 is NULL
stack at sp + 5 slots: 0x0000000125f04ac8 is a global jni handle
stack at sp + 6 slots: 0x0000000125f04ac8 is a global jni handle
stack at sp + 7 slots: 0x0000600000d95810 points into unknown readable memory: 0x0000600002491880 | 80 18 49 02 00 60 00 00

StubRoutines::SafeFetchN [0x000000010c5454ec, 0x000000010c5454f8] (12 bytes)
[MachCode]
  0x000000010c5454ec: 0100 40f9 | e003 01aa | c003 5fd6 
[/MachCode]

---------------  P R O C E S S  ---------------

Threads class SMR info:
_java_thread_list=0x000060000260ed20, length=21, elements={
0x000000013601be00, 0x00000001360ca200, 0x00000001360cca00, 0x000000012680f000,
0x0000000126810000, 0x0000000126810600, 0x0000000126813200, 0x0000000126813800,
0x0000000126813e00, 0x0000000136809200, 0x0000000136812800, 0x0000000124808200,
0x0000000125008200, 0x00000001360d0e00, 0x0000000136811800, 0x0000000126812800,
0x0000000136893400, 0x0000000126150400, 0x00000001361c5c00, 0x0000000126197000,
0x0000000136140600
}

Java Threads: ( => current thread )
  0x000000013601be00 JavaThread "main" [_thread_blocked, id=6147, stack(0x000000016d138000,0x000000016d33b000)]
  0x00000001360ca200 JavaThread "Reference Handler" daemon [_thread_blocked, id=16387, stack(0x000000016df8c000,0x000000016e18f000)]
  0x00000001360cca00 JavaThread "Finalizer" daemon [_thread_blocked, id=15107, stack(0x000000016e198000,0x000000016e39b000)]
  0x000000012680f000 JavaThread "Signal Dispatcher" daemon [_thread_blocked, id=23043, stack(0x000000016e4bc000,0x000000016e6bf000)]
  0x0000000126810000 JavaThread "Service Thread" daemon [_thread_blocked, id=23555, stack(0x000000016e6c8000,0x000000016e8cb000)]
  0x0000000126810600 JavaThread "Monitor Deflation Thread" daemon [_thread_blocked, id=23811, stack(0x000000016e8d4000,0x000000016ead7000)]
  0x0000000126813200 JavaThread "C2 CompilerThread0" daemon [_thread_blocked, id=24067, stack(0x000000016eae0000,0x000000016ece3000)]
  0x0000000126813800 JavaThread "C1 CompilerThread0" daemon [_thread_blocked, id=24323, stack(0x000000016ecec000,0x000000016eeef000)]
  0x0000000126813e00 JavaThread "Sweeper thread" daemon [_thread_blocked, id=41475, stack(0x000000016eef8000,0x000000016f0fb000)]
  0x0000000136809200 JavaThread "Common-Cleaner" daemon [_thread_blocked, id=41219, stack(0x000000016f104000,0x000000016f307000)]
  0x0000000136812800 JavaThread "JDWP Transport Listener: dt_socket" daemon [_thread_blocked, id=24839, stack(0x000000016f310000,0x000000016f513000)]
  0x0000000124808200 JavaThread "JDWP Event Helper Thread" daemon [_thread_blocked, id=40451, stack(0x000000016f51c000,0x000000016f71f000)]
  0x0000000125008200 JavaThread "JDWP Command Reader" daemon [_thread_in_native, id=25091, stack(0x000000016f728000,0x000000016f92b000)]
  0x00000001360d0e00 JavaThread "Notification Thread" daemon [_thread_blocked, id=25603, stack(0x000000016f934000,0x000000016fb37000)]
  0x0000000136811800 JavaThread "QuantumRenderer-0" daemon [_thread_blocked, id=26371, stack(0x000000016fd4c000,0x000000016ff4f000)]
=>0x0000000126812800 JavaThread "InvokeLaterDispatcher" daemon [_thread_in_native, id=29711, stack(0x000000016ff58000,0x000000017015b000)]
  0x0000000136893400 JavaThread "JavaFX Application Thread" [_thread_in_native, id=259, stack(0x000000016c8b0000,0x000000016d0ac000)]
  0x0000000126150400 JavaThread "JavaFX-Launcher" [_thread_blocked, id=75791, stack(0x00000001703fc000,0x00000001705ff000)]
  0x00000001361c5c00 JavaThread "PulseTimer-CVDisplayLink thread" daemon [_thread_in_native, id=60063, stack(0x0000000170164000,0x00000001701e7000)]
  0x0000000126197000 JavaThread "Prism Font Disposer" daemon [_thread_blocked, id=69639, stack(0x0000000175c44000,0x0000000175e47000)]
  0x0000000136140600 JavaThread "Cleaner-0" daemon [_thread_blocked, id=87563, stack(0x0000000175edc000,0x00000001760df000)]

Other Threads:
  0x0000000125e04680 VMThread "VM Thread" [stack: 0x000000016dd80000,0x000000016df83000] [id=17155]
  0x0000000121605290 WatcherThread [stack: 0x000000016fb40000,0x000000016fd43000] [id=25859]
  0x0000000135e07fb0 GCTaskThread "GC Thread#0" [stack: 0x000000016d344000,0x000000016d547000] [id=19971]
  0x0000000135f393e0 GCTaskThread "GC Thread#1" [stack: 0x0000000170608000,0x000000017080b000] [id=55303]
  0x0000000123e07e20 GCTaskThread "GC Thread#2" [stack: 0x0000000170814000,0x0000000170a17000] [id=75015]
  0x0000000123e087b0 GCTaskThread "GC Thread#3" [stack: 0x0000000170a20000,0x0000000170c23000] [id=58627]
  0x0000000135e305c0 GCTaskThread "GC Thread#4" [stack: 0x0000000170c2c000,0x0000000170e2f000] [id=71683]
  0x0000000123e09020 GCTaskThread "GC Thread#5" [stack: 0x0000000170e38000,0x000000017103b000] [id=59395]
  0x0000000135f39860 GCTaskThread "GC Thread#6" [stack: 0x0000000171044000,0x0000000171247000] [id=71171]
  0x0000000125e20760 GCTaskThread "GC Thread#7" [stack: 0x0000000171250000,0x0000000171453000] [id=70659]
  0x0000000135e08660 ConcurrentGCThread "G1 Main Marker" [stack: 0x000000016d550000,0x000000016d753000] [id=12803]
  0x0000000135e08ee0 ConcurrentGCThread "G1 Conc#0" [stack: 0x000000016d75c000,0x000000016d95f000] [id=18947]
  0x0000000135e0ad50 ConcurrentGCThread "G1 Refine#0" [stack: 0x000000016d968000,0x000000016db6b000] [id=13059]
  0x0000000135f52ab0 ConcurrentGCThread "G1 Refine#1" [stack: 0x00000001760e8000,0x00000001762eb000] [id=87819]
  0x0000000135e0b5f0 ConcurrentGCThread "G1 Service" [stack: 0x000000016db74000,0x000000016dd77000] [id=17923]

Threads with active compile tasks:

VM state: not at safepoint (normal execution)

VM Mutex/Monitor currently owned by a thread: None

Heap address: 0x0000000780000000, size: 2048 MB, Compressed Oops mode: Zero based, Oop shift amount: 3

CDS archive(s) mapped at: [0x0000000800000000-0x0000000800bd4000-0x0000000800bd4000), size 12402688, SharedBaseAddress: 0x0000000800000000, ArchiveRelocationMode: 0.
Compressed class space mapped at: 0x0000000800c00000-0x0000000840c00000, reserved size: 1073741824
Narrow klass base: 0x0000000800000000, Narrow klass shift: 0, Narrow klass range: 0x100000000

GC Precious Log:
 CPUs: 8 total, 8 available
 Memory: 8192M
 Large Page Support: Disabled
 NUMA Support: Disabled
 Compressed Oops: Enabled (Zero based)
 Heap Region Size: 1M
 Heap Min Capacity: 8M
 Heap Initial Capacity: 128M
 Heap Max Capacity: 2G
 Pre-touch: Disabled
 Parallel Workers: 8
 Concurrent Workers: 2
 Concurrent Refinement Workers: 8
 Periodic GC: Disabled

Heap:
 garbage-first heap   total 133120K, used 12599K [0x0000000780000000, 0x0000000800000000)
  region size 1024K, 9 young (9216K), 6 survivors (6144K)
 Metaspace       used 15728K, committed 16000K, reserved 1064960K
  class space    used 2347K, committed 2496K, reserved 1048576K

Heap Regions: E=young(eden), S=young(survivor), O=old, HS=humongous(starts), HC=humongous(continues), CS=collection set, F=free, OA=open archive, CA=closed archive, TAMS=top-at-mark-start (previous, next)
|   0|0x0000000780000000, 0x0000000780100000, 0x0000000780100000|100%|HS|  |TAMS 0x0000000780000000, 0x0000000780000000| Complete 
|   1|0x0000000780100000, 0x0000000780200000, 0x0000000780200000|100%|HC|  |TAMS 0x0000000780100000, 0x0000000780100000| Complete 
|   2|0x0000000780200000, 0x0000000780300000, 0x0000000780300000|100%| O|  |TAMS 0x0000000780200000, 0x0000000780200000| Untracked 
|   3|0x0000000780300000, 0x0000000780355e00, 0x0000000780400000| 33%| O|  |TAMS 0x0000000780300000, 0x0000000780300000| Untracked 
|   4|0x0000000780400000, 0x0000000780400000, 0x0000000780500000|  0%| F|  |TAMS 0x0000000780400000, 0x0000000780400000| Untracked 
|   5|0x0000000780500000, 0x0000000780500000, 0x0000000780600000|  0%| F|  |TAMS 0x0000000780500000, 0x0000000780500000| Untracked 
|   6|0x0000000780600000, 0x0000000780600000, 0x0000000780700000|  0%| F|  |TAMS 0x0000000780600000, 0x0000000780600000| Untracked 
|   7|0x0000000780700000, 0x0000000780700000, 0x0000000780800000|  0%| F|  |TAMS 0x0000000780700000, 0x0000000780700000| Untracked 
|   8|0x0000000780800000, 0x0000000780800000, 0x0000000780900000|  0%| F|  |TAMS 0x0000000780800000, 0x0000000780800000| Untracked 
|   9|0x0000000780900000, 0x0000000780900000, 0x0000000780a00000|  0%| F|  |TAMS 0x0000000780900000, 0x0000000780900000| Untracked 
|  10|0x0000000780a00000, 0x0000000780a00000, 0x0000000780b00000|  0%| F|  |TAMS 0x0000000780a00000, 0x0000000780a00000| Untracked 
|  11|0x0000000780b00000, 0x0000000780b00000, 0x0000000780c00000|  0%| F|  |TAMS 0x0000000780b00000, 0x0000000780b00000| Untracked 
|  12|0x0000000780c00000, 0x0000000780c00000, 0x0000000780d00000|  0%| F|  |TAMS 0x0000000780c00000, 0x0000000780c00000| Untracked 
|  13|0x0000000780d00000, 0x0000000780d00000, 0x0000000780e00000|  0%| F|  |TAMS 0x0000000780d00000, 0x0000000780d00000| Untracked 
|  14|0x0000000780e00000, 0x0000000780e00000, 0x0000000780f00000|  0%| F|  |TAMS 0x0000000780e00000, 0x0000000780e00000| Untracked 
|  15|0x0000000780f00000, 0x0000000780f00000, 0x0000000781000000|  0%| F|  |TAMS 0x0000000780f00000, 0x0000000780f00000| Untracked 
|  16|0x0000000781000000, 0x0000000781000000, 0x0000000781100000|  0%| F|  |TAMS 0x0000000781000000, 0x0000000781000000| Untracked 
|  17|0x0000000781100000, 0x0000000781100000, 0x0000000781200000|  0%| F|  |TAMS 0x0000000781100000, 0x0000000781100000| Untracked 
|  18|0x0000000781200000, 0x0000000781200000, 0x0000000781300000|  0%| F|  |TAMS 0x0000000781200000, 0x0000000781200000| Untracked 
|  19|0x0000000781300000, 0x0000000781300000, 0x0000000781400000|  0%| F|  |TAMS 0x0000000781300000, 0x0000000781300000| Untracked 
|  20|0x0000000781400000, 0x0000000781400000, 0x0000000781500000|  0%| F|  |TAMS 0x0000000781400000, 0x0000000781400000| Untracked 
|  21|0x0000000781500000, 0x0000000781500000, 0x0000000781600000|  0%| F|  |TAMS 0x0000000781500000, 0x0000000781500000| Untracked 
|  22|0x0000000781600000, 0x0000000781600000, 0x0000000781700000|  0%| F|  |TAMS 0x0000000781600000, 0x0000000781600000| Untracked 
|  23|0x0000000781700000, 0x0000000781700000, 0x0000000781800000|  0%| F|  |TAMS 0x0000000781700000, 0x0000000781700000| Untracked 
|  24|0x0000000781800000, 0x0000000781800000, 0x0000000781900000|  0%| F|  |TAMS 0x0000000781800000, 0x0000000781800000| Untracked 
|  25|0x0000000781900000, 0x0000000781900000, 0x0000000781a00000|  0%| F|  |TAMS 0x0000000781900000, 0x0000000781900000| Untracked 
|  26|0x0000000781a00000, 0x0000000781a00000, 0x0000000781b00000|  0%| F|  |TAMS 0x0000000781a00000, 0x0000000781a00000| Untracked 
|  27|0x0000000781b00000, 0x0000000781b00000, 0x0000000781c00000|  0%| F|  |TAMS 0x0000000781b00000, 0x0000000781b00000| Untracked 
|  28|0x0000000781c00000, 0x0000000781c00000, 0x0000000781d00000|  0%| F|  |TAMS 0x0000000781c00000, 0x0000000781c00000| Untracked 
|  29|0x0000000781d00000, 0x0000000781d00000, 0x0000000781e00000|  0%| F|  |TAMS 0x0000000781d00000, 0x0000000781d00000| Untracked 
|  30|0x0000000781e00000, 0x0000000781e00000, 0x0000000781f00000|  0%| F|  |TAMS 0x0000000781e00000, 0x0000000781e00000| Untracked 
|  31|0x0000000781f00000, 0x0000000781f00000, 0x0000000782000000|  0%| F|  |TAMS 0x0000000781f00000, 0x0000000781f00000| Untracked 
|  32|0x0000000782000000, 0x0000000782000000, 0x0000000782100000|  0%| F|  |TAMS 0x0000000782000000, 0x0000000782000000| Untracked 
|  33|0x0000000782100000, 0x0000000782100000, 0x0000000782200000|  0%| F|  |TAMS 0x0000000782100000, 0x0000000782100000| Untracked 
|  34|0x0000000782200000, 0x0000000782200000, 0x0000000782300000|  0%| F|  |TAMS 0x0000000782200000, 0x0000000782200000| Untracked 
|  35|0x0000000782300000, 0x0000000782300000, 0x0000000782400000|  0%| F|  |TAMS 0x0000000782300000, 0x0000000782300000| Untracked 
|  36|0x0000000782400000, 0x0000000782400000, 0x0000000782500000|  0%| F|  |TAMS 0x0000000782400000, 0x0000000782400000| Untracked 
|  37|0x0000000782500000, 0x0000000782500000, 0x0000000782600000|  0%| F|  |TAMS 0x0000000782500000, 0x0000000782500000| Untracked 
|  38|0x0000000782600000, 0x0000000782600000, 0x0000000782700000|  0%| F|  |TAMS 0x0000000782600000, 0x0000000782600000| Untracked 
|  39|0x0000000782700000, 0x0000000782700000, 0x0000000782800000|  0%| F|  |TAMS 0x0000000782700000, 0x0000000782700000| Untracked 
|  40|0x0000000782800000, 0x0000000782800000, 0x0000000782900000|  0%| F|  |TAMS 0x0000000782800000, 0x0000000782800000| Untracked 
|  41|0x0000000782900000, 0x0000000782900000, 0x0000000782a00000|  0%| F|  |TAMS 0x0000000782900000, 0x0000000782900000| Untracked 
|  42|0x0000000782a00000, 0x0000000782a00000, 0x0000000782b00000|  0%| F|  |TAMS 0x0000000782a00000, 0x0000000782a00000| Untracked 
|  43|0x0000000782b00000, 0x0000000782b00000, 0x0000000782c00000|  0%| F|  |TAMS 0x0000000782b00000, 0x0000000782b00000| Untracked 
|  44|0x0000000782c00000, 0x0000000782c00000, 0x0000000782d00000|  0%| F|  |TAMS 0x0000000782c00000, 0x0000000782c00000| Untracked 
|  45|0x0000000782d00000, 0x0000000782d00000, 0x0000000782e00000|  0%| F|  |TAMS 0x0000000782d00000, 0x0000000782d00000| Untracked 
|  46|0x0000000782e00000, 0x0000000782e00000, 0x0000000782f00000|  0%| F|  |TAMS 0x0000000782e00000, 0x0000000782e00000| Untracked 
|  47|0x0000000782f00000, 0x0000000782f00000, 0x0000000783000000|  0%| F|  |TAMS 0x0000000782f00000, 0x0000000782f00000| Untracked 
|  48|0x0000000783000000, 0x0000000783000000, 0x0000000783100000|  0%| F|  |TAMS 0x0000000783000000, 0x0000000783000000| Untracked 
|  49|0x0000000783100000, 0x0000000783100000, 0x0000000783200000|  0%| F|  |TAMS 0x0000000783100000, 0x0000000783100000| Untracked 
|  50|0x0000000783200000, 0x0000000783200000, 0x0000000783300000|  0%| F|  |TAMS 0x0000000783200000, 0x0000000783200000| Untracked 
|  51|0x0000000783300000, 0x0000000783300000, 0x0000000783400000|  0%| F|  |TAMS 0x0000000783300000, 0x0000000783300000| Untracked 
|  52|0x0000000783400000, 0x0000000783400000, 0x0000000783500000|  0%| F|  |TAMS 0x0000000783400000, 0x0000000783400000| Untracked 
|  53|0x0000000783500000, 0x0000000783500000, 0x0000000783600000|  0%| F|  |TAMS 0x0000000783500000, 0x0000000783500000| Untracked 
|  54|0x0000000783600000, 0x0000000783600000, 0x0000000783700000|  0%| F|  |TAMS 0x0000000783600000, 0x0000000783600000| Untracked 
|  55|0x0000000783700000, 0x0000000783700000, 0x0000000783800000|  0%| F|  |TAMS 0x0000000783700000, 0x0000000783700000| Untracked 
|  56|0x0000000783800000, 0x0000000783800000, 0x0000000783900000|  0%| F|  |TAMS 0x0000000783800000, 0x0000000783800000| Untracked 
|  57|0x0000000783900000, 0x0000000783900000, 0x0000000783a00000|  0%| F|  |TAMS 0x0000000783900000, 0x0000000783900000| Untracked 
|  58|0x0000000783a00000, 0x0000000783a00000, 0x0000000783b00000|  0%| F|  |TAMS 0x0000000783a00000, 0x0000000783a00000| Untracked 
|  59|0x0000000783b00000, 0x0000000783b00000, 0x0000000783c00000|  0%| F|  |TAMS 0x0000000783b00000, 0x0000000783b00000| Untracked 
|  60|0x0000000783c00000, 0x0000000783c00000, 0x0000000783d00000|  0%| F|  |TAMS 0x0000000783c00000, 0x0000000783c00000| Untracked 
|  61|0x0000000783d00000, 0x0000000783d00000, 0x0000000783e00000|  0%| F|  |TAMS 0x0000000783d00000, 0x0000000783d00000| Untracked 
|  62|0x0000000783e00000, 0x0000000783e00000, 0x0000000783f00000|  0%| F|  |TAMS 0x0000000783e00000, 0x0000000783e00000| Untracked 
|  63|0x0000000783f00000, 0x0000000783f00000, 0x0000000784000000|  0%| F|  |TAMS 0x0000000783f00000, 0x0000000783f00000| Untracked 
|  64|0x0000000784000000, 0x0000000784000000, 0x0000000784100000|  0%| F|  |TAMS 0x0000000784000000, 0x0000000784000000| Untracked 
|  65|0x0000000784100000, 0x0000000784100000, 0x0000000784200000|  0%| F|  |TAMS 0x0000000784100000, 0x0000000784100000| Untracked 
|  66|0x0000000784200000, 0x0000000784200000, 0x0000000784300000|  0%| F|  |TAMS 0x0000000784200000, 0x0000000784200000| Untracked 
|  67|0x0000000784300000, 0x0000000784300000, 0x0000000784400000|  0%| F|  |TAMS 0x0000000784300000, 0x0000000784300000| Untracked 
|  68|0x0000000784400000, 0x0000000784400000, 0x0000000784500000|  0%| F|  |TAMS 0x0000000784400000, 0x0000000784400000| Untracked 
|  69|0x0000000784500000, 0x0000000784500000, 0x0000000784600000|  0%| F|  |TAMS 0x0000000784500000, 0x0000000784500000| Untracked 
|  70|0x0000000784600000, 0x0000000784600000, 0x0000000784700000|  0%| F|  |TAMS 0x0000000784600000, 0x0000000784600000| Untracked 
|  71|0x0000000784700000, 0x0000000784700000, 0x0000000784800000|  0%| F|  |TAMS 0x0000000784700000, 0x0000000784700000| Untracked 
|  72|0x0000000784800000, 0x0000000784800000, 0x0000000784900000|  0%| F|  |TAMS 0x0000000784800000, 0x0000000784800000| Untracked 
|  73|0x0000000784900000, 0x0000000784900000, 0x0000000784a00000|  0%| F|  |TAMS 0x0000000784900000, 0x0000000784900000| Untracked 
|  74|0x0000000784a00000, 0x0000000784a00000, 0x0000000784b00000|  0%| F|  |TAMS 0x0000000784a00000, 0x0000000784a00000| Untracked 
|  75|0x0000000784b00000, 0x0000000784b00000, 0x0000000784c00000|  0%| F|  |TAMS 0x0000000784b00000, 0x0000000784b00000| Untracked 
|  76|0x0000000784c00000, 0x0000000784c00000, 0x0000000784d00000|  0%| F|  |TAMS 0x0000000784c00000, 0x0000000784c00000| Untracked 
|  77|0x0000000784d00000, 0x0000000784e00000, 0x0000000784e00000|100%| S|CS|TAMS 0x0000000784d00000, 0x0000000784d00000| Complete 
|  78|0x0000000784e00000, 0x0000000784f00000, 0x0000000784f00000|100%| S|CS|TAMS 0x0000000784e00000, 0x0000000784e00000| Complete 
|  79|0x0000000784f00000, 0x0000000785000000, 0x0000000785000000|100%| S|CS|TAMS 0x0000000784f00000, 0x0000000784f00000| Complete 
|  80|0x0000000785000000, 0x0000000785100000, 0x0000000785100000|100%| S|CS|TAMS 0x0000000785000000, 0x0000000785000000| Complete 
|  81|0x0000000785100000, 0x0000000785200000, 0x0000000785200000|100%| S|CS|TAMS 0x0000000785100000, 0x0000000785100000| Complete 
|  82|0x0000000785200000, 0x0000000785300000, 0x0000000785300000|100%| S|CS|TAMS 0x0000000785200000, 0x0000000785200000| Complete 
|  83|0x0000000785300000, 0x0000000785300000, 0x0000000785400000|  0%| F|  |TAMS 0x0000000785300000, 0x0000000785300000| Untracked 
|  84|0x0000000785400000, 0x0000000785400000, 0x0000000785500000|  0%| F|  |TAMS 0x0000000785400000, 0x0000000785400000| Untracked 
|  85|0x0000000785500000, 0x0000000785500000, 0x0000000785600000|  0%| F|  |TAMS 0x0000000785500000, 0x0000000785500000| Untracked 
|  86|0x0000000785600000, 0x0000000785600000, 0x0000000785700000|  0%| F|  |TAMS 0x0000000785600000, 0x0000000785600000| Untracked 
|  87|0x0000000785700000, 0x0000000785700000, 0x0000000785800000|  0%| F|  |TAMS 0x0000000785700000, 0x0000000785700000| Untracked 
|  88|0x0000000785800000, 0x0000000785800000, 0x0000000785900000|  0%| F|  |TAMS 0x0000000785800000, 0x0000000785800000| Untracked 
|  89|0x0000000785900000, 0x0000000785900000, 0x0000000785a00000|  0%| F|  |TAMS 0x0000000785900000, 0x0000000785900000| Untracked 
|  90|0x0000000785a00000, 0x0000000785a00000, 0x0000000785b00000|  0%| F|  |TAMS 0x0000000785a00000, 0x0000000785a00000| Untracked 
|  91|0x0000000785b00000, 0x0000000785b00000, 0x0000000785c00000|  0%| F|  |TAMS 0x0000000785b00000, 0x0000000785b00000| Untracked 
|  92|0x0000000785c00000, 0x0000000785c00000, 0x0000000785d00000|  0%| F|  |TAMS 0x0000000785c00000, 0x0000000785c00000| Untracked 
|  93|0x0000000785d00000, 0x0000000785d00000, 0x0000000785e00000|  0%| F|  |TAMS 0x0000000785d00000, 0x0000000785d00000| Untracked 
|  94|0x0000000785e00000, 0x0000000785e00000, 0x0000000785f00000|  0%| F|  |TAMS 0x0000000785e00000, 0x0000000785e00000| Untracked 
|  95|0x0000000785f00000, 0x0000000785f00000, 0x0000000786000000|  0%| F|  |TAMS 0x0000000785f00000, 0x0000000785f00000| Untracked 
|  96|0x0000000786000000, 0x0000000786000000, 0x0000000786100000|  0%| F|  |TAMS 0x0000000786000000, 0x0000000786000000| Untracked 
|  97|0x0000000786100000, 0x0000000786100000, 0x0000000786200000|  0%| F|  |TAMS 0x0000000786100000, 0x0000000786100000| Untracked 
|  98|0x0000000786200000, 0x0000000786200000, 0x0000000786300000|  0%| F|  |TAMS 0x0000000786200000, 0x0000000786200000| Untracked 
|  99|0x0000000786300000, 0x0000000786300000, 0x0000000786400000|  0%| F|  |TAMS 0x0000000786300000, 0x0000000786300000| Untracked 
| 100|0x0000000786400000, 0x0000000786400000, 0x0000000786500000|  0%| F|  |TAMS 0x0000000786400000, 0x0000000786400000| Untracked 
| 101|0x0000000786500000, 0x0000000786500000, 0x0000000786600000|  0%| F|  |TAMS 0x0000000786500000, 0x0000000786500000| Untracked 
| 102|0x0000000786600000, 0x0000000786600000, 0x0000000786700000|  0%| F|  |TAMS 0x0000000786600000, 0x0000000786600000| Untracked 
| 103|0x0000000786700000, 0x0000000786700000, 0x0000000786800000|  0%| F|  |TAMS 0x0000000786700000, 0x0000000786700000| Untracked 
| 104|0x0000000786800000, 0x0000000786800000, 0x0000000786900000|  0%| F|  |TAMS 0x0000000786800000, 0x0000000786800000| Untracked 
| 105|0x0000000786900000, 0x0000000786900000, 0x0000000786a00000|  0%| F|  |TAMS 0x0000000786900000, 0x0000000786900000| Untracked 
| 106|0x0000000786a00000, 0x0000000786a00000, 0x0000000786b00000|  0%| F|  |TAMS 0x0000000786a00000, 0x0000000786a00000| Untracked 
| 107|0x0000000786b00000, 0x0000000786b00000, 0x0000000786c00000|  0%| F|  |TAMS 0x0000000786b00000, 0x0000000786b00000| Untracked 
| 108|0x0000000786c00000, 0x0000000786c00000, 0x0000000786d00000|  0%| F|  |TAMS 0x0000000786c00000, 0x0000000786c00000| Untracked 
| 109|0x0000000786d00000, 0x0000000786d00000, 0x0000000786e00000|  0%| F|  |TAMS 0x0000000786d00000, 0x0000000786d00000| Untracked 
| 110|0x0000000786e00000, 0x0000000786e00000, 0x0000000786f00000|  0%| F|  |TAMS 0x0000000786e00000, 0x0000000786e00000| Untracked 
| 111|0x0000000786f00000, 0x0000000786f00000, 0x0000000787000000|  0%| F|  |TAMS 0x0000000786f00000, 0x0000000786f00000| Untracked 
| 112|0x0000000787000000, 0x0000000787000000, 0x0000000787100000|  0%| F|  |TAMS 0x0000000787000000, 0x0000000787000000| Untracked 
| 113|0x0000000787100000, 0x0000000787100000, 0x0000000787200000|  0%| F|  |TAMS 0x0000000787100000, 0x0000000787100000| Untracked 
| 114|0x0000000787200000, 0x0000000787200000, 0x0000000787300000|  0%| F|  |TAMS 0x0000000787200000, 0x0000000787200000| Untracked 
| 115|0x0000000787300000, 0x0000000787300000, 0x0000000787400000|  0%| F|  |TAMS 0x0000000787300000, 0x0000000787300000| Untracked 
| 116|0x0000000787400000, 0x0000000787400000, 0x0000000787500000|  0%| F|  |TAMS 0x0000000787400000, 0x0000000787400000| Untracked 
| 117|0x0000000787500000, 0x0000000787500000, 0x0000000787600000|  0%| F|  |TAMS 0x0000000787500000, 0x0000000787500000| Untracked 
| 118|0x0000000787600000, 0x0000000787600000, 0x0000000787700000|  0%| F|  |TAMS 0x0000000787600000, 0x0000000787600000| Untracked 
| 119|0x0000000787700000, 0x0000000787700000, 0x0000000787800000|  0%| F|  |TAMS 0x0000000787700000, 0x0000000787700000| Untracked 
| 120|0x0000000787800000, 0x0000000787800000, 0x0000000787900000|  0%| F|  |TAMS 0x0000000787800000, 0x0000000787800000| Untracked 
| 121|0x0000000787900000, 0x0000000787900000, 0x0000000787a00000|  0%| F|  |TAMS 0x0000000787900000, 0x0000000787900000| Untracked 
| 122|0x0000000787a00000, 0x0000000787a00000, 0x0000000787b00000|  0%| F|  |TAMS 0x0000000787a00000, 0x0000000787a00000| Untracked 
| 123|0x0000000787b00000, 0x0000000787b00000, 0x0000000787c00000|  0%| F|  |TAMS 0x0000000787b00000, 0x0000000787b00000| Untracked 
| 124|0x0000000787c00000, 0x0000000787c00000, 0x0000000787d00000|  0%| F|  |TAMS 0x0000000787c00000, 0x0000000787c00000| Untracked 
| 125|0x0000000787d00000, 0x0000000787e00000, 0x0000000787e00000|100%| E|  |TAMS 0x0000000787d00000, 0x0000000787d00000| Complete 
| 126|0x0000000787e00000, 0x0000000787f00000, 0x0000000787f00000|100%| E|CS|TAMS 0x0000000787e00000, 0x0000000787e00000| Complete 
| 127|0x0000000787f00000, 0x0000000788000000, 0x0000000788000000|100%| E|CS|TAMS 0x0000000787f00000, 0x0000000787f00000| Complete 
|2046|0x00000007ffe00000, 0x00000007ffe78000, 0x00000007fff00000| 46%|OA|  |TAMS 0x00000007ffe00000, 0x00000007ffe00000| Untracked 
|2047|0x00000007fff00000, 0x00000007fff80000, 0x0000000800000000| 50%|CA|  |TAMS 0x00000007fff00000, 0x00000007fff00000| Untracked 

Card table byte_map: [0x0000000103688000,0x0000000103a88000] _byte_map_base: 0x00000000ffa88000

Marking Bits (Prev, Next): (CMBitMap*) 0x0000000136010c10, (CMBitMap*) 0x0000000136010c50
 Prev Bits: [0x000000011b544000, 0x000000011d544000)
 Next Bits: [0x000000011d544000, 0x000000011f544000)

Polling page: 0x0000000102dd8000

Metaspace:

Usage:
  Non-class:     13.07 MB used.
      Class:      2.29 MB used.
       Both:     15.36 MB used.

Virtual space:
  Non-class space:       16.00 MB reserved,      13.19 MB ( 82%) committed,  2 nodes.
      Class space:        1.00 GB reserved,       2.44 MB ( <1%) committed,  1 nodes.
             Both:        1.02 GB reserved,      15.62 MB (  2%) committed. 

Chunk freelists:
   Non-Class:  2.58 MB
       Class:  1.53 MB
        Both:  4.11 MB

MaxMetaspaceSize: unlimited
CompressedClassSpaceSize: 1.00 GB
Initial GC threshold: 21.00 MB
Current GC threshold: 21.00 MB
CDS: on
MetaspaceReclaimPolicy: balanced
 - commit_granule_bytes: 65536.
 - commit_granule_words: 8192.
 - virtual_space_node_default_size: 1048576.
 - enlarge_chunks_in_place: 1.
 - new_chunks_are_fully_committed: 0.
 - uncommit_free_chunks: 1.
 - use_allocation_guard: 0.
 - handle_deallocations: 1.


Internal statistics:

num_allocs_failed_limit: 0.
num_arena_births: 214.
num_arena_deaths: 0.
num_vsnodes_births: 3.
num_vsnodes_deaths: 0.
num_space_committed: 250.
num_space_uncommitted: 0.
num_chunks_returned_to_freelist: 0.
num_chunks_taken_from_freelist: 710.
num_chunk_merges: 0.
num_chunk_splits: 508.
num_chunks_enlarged: 407.
num_purges: 0.
num_inconsistent_stats: 0.

CodeHeap 'non-profiled nmethods': size=120032Kb used=851Kb max_used=851Kb free=119180Kb
 bounds [0x000000011400c000, 0x000000011427c000, 0x000000011b544000]
CodeHeap 'profiled nmethods': size=120016Kb used=4190Kb max_used=4190Kb free=115825Kb
 bounds [0x000000010cad8000, 0x000000010cef8000, 0x000000011400c000]
CodeHeap 'non-nmethods': size=5712Kb used=1417Kb max_used=1474Kb free=4294Kb
 bounds [0x000000010c544000, 0x000000010c7b4000, 0x000000010cad8000]
 total_blobs=2933 nmethods=2161 adapters=688
 compilation: enabled
              stopped_count=0, restarted_count=0
 full_count=0

Compilation events (20 events):
Event: 1.855 Thread 0x0000000126813800 nmethod 2205 0x000000010cee9910 code [0x000000010cee9b40, 0x000000010ceea078]
Event: 1.870 Thread 0x0000000126813200 nmethod 2196 0x00000001140dd990 code [0x00000001140ddbc0, 0x00000001140de630]
Event: 1.897 Thread 0x0000000126813800 2206       3       java.util.concurrent.locks.ReentrantLock$Sync::tryRelease (51 bytes)
Event: 1.898 Thread 0x0000000126813800 nmethod 2206 0x000000010ceea290 code [0x000000010ceea480, 0x000000010ceea858]
Event: 1.981 Thread 0x0000000126813800 2207       3       java.util.WeakHashMap$EntryIterator::next (5 bytes)
Event: 1.981 Thread 0x0000000126813800 nmethod 2207 0x000000010ceea990 code [0x000000010ceeab40, 0x000000010ceeadd8]
Event: 1.981 Thread 0x0000000126813800 2208       3       java.util.WeakHashMap$EntryIterator::next (5 bytes)
Event: 1.981 Thread 0x0000000126813800 nmethod 2208 0x000000010ceeaf10 code [0x000000010ceeb0c0, 0x000000010ceeb2d8]
Event: 1.998 Thread 0x0000000126813800 2209       1       javafx.scene.Cursor$StandardCursor::getCurrentFrame (5 bytes)
Event: 1.998 Thread 0x0000000126813800 nmethod 2209 0x00000001140df010 code [0x00000001140df180, 0x00000001140df268]
Event: 2.081 Thread 0x0000000126813800 2211       3       java.util.WeakHashMap::newTable (5 bytes)
Event: 2.081 Thread 0x0000000126813800 nmethod 2211 0x000000010ceeb390 code [0x000000010ceeb540, 0x000000010ceeb728]
Event: 2.097 Thread 0x0000000126813800 2213       3       java.util.WeakHashMap::<init> (133 bytes)
Event: 2.100 Thread 0x0000000126813800 nmethod 2213 0x000000010ceeb810 code [0x000000010ceebc80, 0x000000010ceed298]
Event: 2.100 Thread 0x0000000126813800 2212       3       java.util.WeakHashMap::<init> (9 bytes)
Event: 2.100 Thread 0x0000000126813800 nmethod 2212 0x000000010ceeda90 code [0x000000010ceedc40, 0x000000010ceeddd8]
Event: 2.108 Thread 0x0000000126813800 2214       3       java.util.WeakHashMap$Entry::getKey (8 bytes)
Event: 2.108 Thread 0x0000000126813800 nmethod 2214 0x000000010ceede90 code [0x000000010ceee040, 0x000000010ceee2e8]
Event: 2.108 Thread 0x0000000126813800 2215       3       java.util.WeakHashMap::unmaskNull (13 bytes)
Event: 2.109 Thread 0x0000000126813800 nmethod 2215 0x000000010ceee410 code [0x000000010ceee5c0, 0x000000010ceee728]

GC Heap History (4 events):
Event: 0.416 GC heap before
{Heap before GC invocations=0 (full 0):
 garbage-first heap   total 133120K, used 24544K [0x0000000780000000, 0x0000000800000000)
  region size 1024K, 23 young (23552K), 0 survivors (0K)
 Metaspace       used 6253K, committed 6400K, reserved 1056768K
  class space    used 748K, committed 832K, reserved 1048576K
}
Event: 0.427 GC heap after
{Heap after GC invocations=1 (full 0):
 garbage-first heap   total 133120K, used 3732K [0x0000000780000000, 0x0000000800000000)
  region size 1024K, 3 young (3072K), 3 survivors (3072K)
 Metaspace       used 6253K, committed 6400K, reserved 1056768K
  class space    used 748K, committed 832K, reserved 1048576K
}
Event: 0.899 GC heap before
{Heap before GC invocations=1 (full 0):
 garbage-first heap   total 133120K, used 47764K [0x0000000780000000, 0x0000000800000000)
  region size 1024K, 45 young (46080K), 3 survivors (3072K)
 Metaspace       used 15296K, committed 15488K, reserved 1064960K
  class space    used 2306K, committed 2432K, reserved 1048576K
}
Event: 0.904 GC heap after
{Heap after GC invocations=2 (full 0):
 garbage-first heap   total 133120K, used 10551K [0x0000000780000000, 0x0000000800000000)
  region size 1024K, 6 young (6144K), 6 survivors (6144K)
 Metaspace       used 15296K, committed 15488K, reserved 1064960K
  class space    used 2306K, committed 2432K, reserved 1048576K
}

Deoptimization events (20 events):
Event: 1.852 Thread 0x0000000136811800 DEOPT PACKING pc=0x000000010ce6eed4 sp=0x000000016ff4c610
Event: 1.852 Thread 0x0000000136811800 DEOPT UNPACKING pc=0x000000010c582b7c sp=0x000000016ff4c290 mode 0
Event: 1.852 Thread 0x0000000136811800 DEOPT PACKING pc=0x000000010ce6eed4 sp=0x000000016ff4c610
Event: 1.852 Thread 0x0000000136811800 DEOPT UNPACKING pc=0x000000010c582b7c sp=0x000000016ff4c290 mode 0
Event: 1.852 Thread 0x0000000136811800 DEOPT PACKING pc=0x000000010ce6eed4 sp=0x000000016ff4c610
Event: 1.852 Thread 0x0000000136811800 DEOPT UNPACKING pc=0x000000010c582b7c sp=0x000000016ff4c290 mode 0
Event: 1.852 Thread 0x0000000136811800 DEOPT PACKING pc=0x000000010ce6eed4 sp=0x000000016ff4c610
Event: 1.852 Thread 0x0000000136811800 DEOPT UNPACKING pc=0x000000010c582b7c sp=0x000000016ff4c290 mode 0
Event: 1.852 Thread 0x0000000136811800 DEOPT PACKING pc=0x000000010ce6eed4 sp=0x000000016ff4c610
Event: 1.852 Thread 0x0000000136811800 DEOPT UNPACKING pc=0x000000010c582b7c sp=0x000000016ff4c290 mode 0
Event: 1.852 Thread 0x0000000136811800 DEOPT PACKING pc=0x000000010ce6eed4 sp=0x000000016ff4c610
Event: 1.852 Thread 0x0000000136811800 DEOPT UNPACKING pc=0x000000010c582b7c sp=0x000000016ff4c290 mode 0
Event: 1.852 Thread 0x0000000136811800 DEOPT PACKING pc=0x000000010ce6eed4 sp=0x000000016ff4c610
Event: 1.852 Thread 0x0000000136811800 DEOPT UNPACKING pc=0x000000010c582b7c sp=0x000000016ff4c290 mode 0
Event: 1.852 Thread 0x0000000136811800 DEOPT PACKING pc=0x000000010ce6eed4 sp=0x000000016ff4c610
Event: 1.852 Thread 0x0000000136811800 DEOPT UNPACKING pc=0x000000010c582b7c sp=0x000000016ff4c290 mode 0
Event: 1.852 Thread 0x0000000136811800 DEOPT PACKING pc=0x000000010ce6eed4 sp=0x000000016ff4c610
Event: 1.852 Thread 0x0000000136811800 DEOPT UNPACKING pc=0x000000010c582b7c sp=0x000000016ff4c290 mode 0
Event: 1.852 Thread 0x0000000136811800 DEOPT PACKING pc=0x000000010ce6eed4 sp=0x000000016ff4c610
Event: 1.852 Thread 0x0000000136811800 DEOPT UNPACKING pc=0x000000010c582b7c sp=0x000000016ff4c290 mode 0

Classes unloaded (0 events):
No events

Classes redefined (0 events):
No events

Internal exceptions (20 events):
Event: 0.652 Thread 0x0000000136893400 Exception <a 'sun/nio/fs/UnixException'{0x0000000786f95ff0}> (0x0000000786f95ff0) 
thrown [open/src/hotspot/share/prims/jni.cpp, line 516]
Event: 0.715 Thread 0x0000000136893400 Exception <a 'java/lang/ClassNotFoundException'{0x00000007865872a8}: com/sun/javafx/scene/control/skin/resources/controls> (0x00000007865872a8) 
thrown [open/src/hotspot/share/prims/jni.cpp, line 535]
Event: 0.716 Thread 0x0000000136893400 Exception <a 'java/lang/ClassNotFoundException'{0x0000000786595248}: com/sun/javafx/scene/control/skin/resources/controls_zh> (0x0000000786595248) 
thrown [open/src/hotspot/share/prims/jni.cpp, line 535]
Event: 0.716 Thread 0x0000000136893400 Exception <a 'java/lang/ClassNotFoundException'{0x00000007865961e0}: com/sun/javafx/scene/control/skin/resources/controls_zh_TW> (0x00000007865961e0) 
thrown [open/src/hotspot/share/prims/jni.cpp, line 535]
Event: 0.717 Thread 0x0000000136893400 Exception <a 'java/lang/ClassNotFoundException'{0x00000007865a4568}: com/sun/javafx/scene/control/skin/resources/controls_zh_Hant> (0x00000007865a4568) 
thrown [open/src/hotspot/share/prims/jni.cpp, line 535]
Event: 0.717 Thread 0x0000000136893400 Exception <a 'java/lang/ClassNotFoundException'{0x00000007865a5508}: com/sun/javafx/scene/control/skin/resources/controls_zh_Hant_TW> (0x00000007865a5508) 
thrown [open/src/hotspot/share/prims/jni.cpp, line 535]
Event: 0.735 Thread 0x0000000136893400 Exception <a 'java/lang/NoSuchMethodError'{0x00000007863cfe60}: 'void java.lang.invoke.DirectMethodHandle$Holder.invokeSpecial(java.lang.Object, java.lang.Object, java.lang.Object, java.lang.Object, java.lang.Object, java.lang.Object)'> (0x00000007863cfe60) 
thrown [open/src/hotspot/share/interpreter/linkResolver.cpp, line 766]
Event: 0.756 Thread 0x0000000136893400 Exception <a 'java/lang/NoSuchMethodError'{0x0000000785f6cbc0}: 'java.lang.Object java.lang.invoke.DirectMethodHandle$Holder.invokeInterface(java.lang.Object, java.lang.Object, java.lang.Object)'> (0x0000000785f6cbc0) 
thrown [open/src/hotspot/share/interpreter/linkResolver.cpp, line 766]
Event: 0.756 Thread 0x0000000136893400 Exception <a 'java/lang/IncompatibleClassChangeError'{0x0000000785f70548}: Found class java.lang.Object, but interface was expected> (0x0000000785f70548) 
thrown [open/src/hotspot/share/interpreter/linkResolver.cpp, line 833]
Event: 0.804 Thread 0x0000000136893400 Exception <a 'java/lang/NoSuchMethodError'{0x0000000785944958}: 'java.lang.Object java.lang.invoke.DirectMethodHandle$Holder.newInvokeSpecial(java.lang.Object, java.lang.Object, int, int)'> (0x0000000785944958) 
thrown [open/src/hotspot/share/interpreter/linkResolver.cpp, line 766]
Event: 0.809 Thread 0x0000000136893400 Exception <a 'java/lang/NoSuchMethodError'{0x0000000785966178}: 'java.lang.Object java.lang.invoke.DirectMethodHandle$Holder.newInvokeSpecial(java.lang.Object, java.lang.Object, int)'> (0x0000000785966178) 
thrown [open/src/hotspot/share/interpreter/linkResolver.cpp, line 766]
Event: 0.864 Thread 0x0000000136811800 Exception <a 'java/lang/NoSuchMethodError'{0x0000000785778b60}: 'int java.lang.invoke.DirectMethodHandle$Holder.invokeStaticInit(java.lang.Object, java.lang.Object)'> (0x0000000785778b60) 
thrown [open/src/hotspot/share/interpreter/linkResolver.cpp, line 766]
Event: 0.872 Thread 0x0000000136893400 Exception <a 'java/lang/NoSuchMethodError'{0x00000007858eeaf8}: 'long java.lang.invoke.DirectMethodHandle$Holder.invokeStatic(java.lang.Object, java.lang.Object, java.lang.Object)'> (0x00000007858eeaf8) 
thrown [open/src/hotspot/share/interpreter/linkResolver.cpp, line 766]
Event: 0.872 Thread 0x0000000136893400 Exception <a 'java/lang/NoSuchMethodError'{0x00000007858f22a0}: 'long java.lang.invoke.DirectMethodHandle$Holder.invokeStaticInit(java.lang.Object, java.lang.Object, java.lang.Object)'> (0x00000007858f22a0) 
thrown [open/src/hotspot/share/interpreter/linkResolver.cpp, line 766]
Event: 0.873 Thread 0x0000000136893400 Exception <a 'java/lang/NoSuchMethodError'{0x00000007856883a8}: 'java.lang.Object java.lang.invoke.DirectMethodHandle$Holder.newInvokeSpecial(java.lang.Object, java.lang.Object, long)'> (0x00000007856883a8) 
thrown [open/src/hotspot/share/interpreter/linkResolver.cpp, line 766]
Event: 0.873 Thread 0x0000000136893400 Exception <a 'java/lang/NoSuchMethodError'{0x000000078568bc70}: 'java.lang.Object java.lang.invoke.Invokers$Holder.linkToTargetMethod(java.lang.Object, long, java.lang.Object)'> (0x000000078568bc70) 
thrown [open/src/hotspot/share/interpreter/linkResolver.cpp, line 766]
Event: 0.925 Thread 0x0000000136811800 Exception <a 'java/lang/NoSuchMethodError'{0x0000000787f7a130}: 'java.lang.Object java.lang.invoke.DirectMethodHandle$Holder.invokeStaticInit(java.lang.Object, int)'> (0x0000000787f7a130) 
thrown [open/src/hotspot/share/interpreter/linkResolver.cpp, line 766]
Event: 1.800 Thread 0x0000000136893400 Exception <a 'java/lang/NoSuchMethodError'{0x0000000787ef5408}: 'java.lang.Object java.lang.invoke.DirectMethodHandle$Holder.newInvokeSpecial(java.lang.Object, java.lang.Object, int, int, int, int, int, java.lang.Object)'> (0x0000000787ef5408) 
thrown [open/src/hotspot/share/interpreter/linkResolver.cpp, line 766]
Event: 1.801 Thread 0x0000000136893400 Exception <a 'java/lang/NoSuchMethodError'{0x0000000787da1788}: 'java.lang.Object java.lang.invoke.DirectMethodHandle$Holder.newInvokeSpecial(java.lang.Object, java.lang.Object, java.lang.Object, int, int, int, int, int)'> (0x0000000787da1788) 
thrown [open/src/hotspot/share/interpreter/linkResolver.cpp, line 766]
Event: 1.802 Thread 0x0000000136893400 Exception <a 'java/lang/NoSuchMethodError'{0x0000000787da8fe8}: 'java.lang.Object java.lang.invoke.Invokers$Holder.linkToTargetMethod(java.lang.Object, java.lang.Object, int, int, int, int, int, java.lang.Object)'> (0x0000000787da8fe8) 
thrown [open/src/hotspot/share/interpreter/linkResolver.cpp, line 766]

VM Operations (20 events):
Event: 0.480 Executing VM operation: HandshakeAllThreads
Event: 0.480 Executing VM operation: HandshakeAllThreads done
Event: 0.515 Executing VM operation: HandshakeAllThreads
Event: 0.515 Executing VM operation: HandshakeAllThreads done
Event: 0.631 Executing VM operation: ICBufferFull
Event: 0.631 Executing VM operation: ICBufferFull done
Event: 0.647 Executing VM operation: HandshakeAllThreads
Event: 0.647 Executing VM operation: HandshakeAllThreads done
Event: 0.736 Executing VM operation: ICBufferFull
Event: 0.737 Executing VM operation: ICBufferFull done
Event: 0.787 Executing VM operation: ICBufferFull
Event: 0.787 Executing VM operation: ICBufferFull done
Event: 0.867 Executing VM operation: ICBufferFull
Event: 0.867 Executing VM operation: ICBufferFull done
Event: 0.899 Executing VM operation: G1CollectForAllocation
Event: 0.904 Executing VM operation: G1CollectForAllocation done
Event: 0.904 Executing VM operation: Cleanup
Event: 0.904 Executing VM operation: Cleanup done
Event: 1.909 Executing VM operation: Cleanup
Event: 1.910 Executing VM operation: Cleanup done

Events (20 events):
Event: 1.331 loading class javafx/event/Event
Event: 1.331 loading class javafx/event/Event done
Event: 1.331 loading class javafx/event/Event
Event: 1.331 loading class javafx/event/Event done
Event: 1.792 loading class javafx/scene/Scene$ClickCounter
Event: 1.792 loading class javafx/scene/Scene$ClickCounter done
Event: 1.792 loading class javafx/event/Event
Event: 1.792 loading class javafx/event/Event done
Event: 1.792 loading class javafx/event/ActionEvent
Event: 1.792 loading class javafx/event/ActionEvent done
Event: 1.792 loading class javafx/event/ActionEvent
Event: 1.792 loading class javafx/event/ActionEvent done
Event: 1.799 loading class com/sun/javafx/tk/quantum/GlassViewEventHandler
Event: 1.799 loading class com/sun/javafx/tk/quantum/GlassViewEventHandler done
Event: 1.799 loading class com/sun/glass/ui/ClipboardAssistance
Event: 1.799 loading class com/sun/glass/ui/ClipboardAssistance done
Event: 1.801 loading class com/sun/javafx/tk/quantum/GlassSceneDnDEventHandler
Event: 1.801 loading class com/sun/javafx/tk/quantum/GlassSceneDnDEventHandler done
Event: 1.801 loading class com/sun/glass/ui/ClipboardAssistance
Event: 1.801 loading class com/sun/glass/ui/ClipboardAssistance done


Dynamic libraries:
0x0000000102d88000 	/Library/Java/JavaVirtualMachines/jdk-17.0.1.jdk/Contents/Home/lib/libjli.dylib
0x00000001b007a000 	/usr/lib/libz.1.dylib
0x00000001b012a000 	/usr/lib/libSystem.B.dylib
0x00000001b0124000 	/usr/lib/system/libcache.dylib
0x00000001b00e2000 	/usr/lib/system/libcommonCrypto.dylib
0x00000001b010b000 	/usr/lib/system/libcompiler_rt.dylib
0x00000001b0102000 	/usr/lib/system/libcopyfile.dylib
0x00000001a542e000 	/usr/lib/system/libcorecrypto.dylib
0x00000001a54d3000 	/usr/lib/system/libdispatch.dylib
0x00000001a569b000 	/usr/lib/system/libdyld.dylib
0x00000001b011a000 	/usr/lib/system/libkeymgr.dylib
0x00000001b00c4000 	/usr/lib/system/libmacho.dylib
0x00000001af7d0000 	/usr/lib/system/libquarantine.dylib
0x00000001b0117000 	/usr/lib/system/libremovefile.dylib
0x00000001aa81d000 	/usr/lib/system/libsystem_asl.dylib
0x00000001a53d8000 	/usr/lib/system/libsystem_blocks.dylib
0x00000001a5559000 	/usr/lib/system/libsystem_c.dylib
0x00000001b010f000 	/usr/lib/system/libsystem_collections.dylib
0x00000001aec2d000 	/usr/lib/system/libsystem_configuration.dylib
0x00000001adeb3000 	/usr/lib/system/libsystem_containermanager.dylib
0x00000001afe2e000 	/usr/lib/system/libsystem_coreservices.dylib
0x00000001a7dc0000 	/usr/lib/system/libsystem_darwin.dylib
0x00000001b011b000 	/usr/lib/system/libsystem_dnssd.dylib
0x00000001a5556000 	/usr/lib/system/libsystem_featureflags.dylib
0x00000001a56b0000 	/usr/lib/system/libsystem_info.dylib
0x00000001b008c000 	/usr/lib/system/libsystem_m.dylib
0x00000001a54a8000 	/usr/lib/system/libsystem_malloc.dylib
0x00000001aa7ae000 	/usr/lib/system/libsystem_networkextension.dylib
0x00000001a8213000 	/usr/lib/system/libsystem_notify.dylib
0x00000001b62f7000 	/usr/lib/system/libsystem_product_info_filter.dylib
0x00000001aec32000 	/usr/lib/system/libsystem_sandbox.dylib
0x00000001b0114000 	/usr/lib/system/libsystem_secinit.dylib
0x00000001a5658000 	/usr/lib/system/libsystem_kernel.dylib
0x00000001a56a8000 	/usr/lib/system/libsystem_platform.dylib
0x00000001a568e000 	/usr/lib/system/libsystem_pthread.dylib
0x00000001abf53000 	/usr/lib/system/libsystem_symptoms.dylib
0x00000001a5414000 	/usr/lib/system/libsystem_trace.dylib
0x00000001b00ef000 	/usr/lib/system/libunwind.dylib
0x00000001a53da000 	/usr/lib/system/libxpc.dylib
0x00000001a563e000 	/usr/lib/libc++abi.dylib
0x00000001a551a000 	/usr/lib/libobjc.A.dylib
0x00000001b00fa000 	/usr/lib/liboah.dylib
0x00000001a55da000 	/usr/lib/libc++.1.dylib
0x00000001bbcd4000 	/System/Library/Frameworks/Cocoa.framework/Versions/A/Cocoa
0x00000001a8272000 	/System/Library/Frameworks/AppKit.framework/Versions/C/AppKit
0x00000001ab794000 	/System/Library/Frameworks/CoreData.framework/Versions/A/CoreData
0x00000001a65d3000 	/System/Library/Frameworks/Foundation.framework/Versions/C/Foundation
0x00000001a9124000 	/System/Library/PrivateFrameworks/UIFoundation.framework/Versions/A/UIFoundation
0x00000001b5ff1000 	/System/Library/PrivateFrameworks/RemoteViewServices.framework/Versions/A/RemoteViewServices
0x00000001ae5ec000 	/System/Library/PrivateFrameworks/XCTTargetBootstrap.framework/Versions/A/XCTTargetBootstrap
0x00000001b1e2c000 	/System/Library/PrivateFrameworks/InternationalSupport.framework/Versions/A/InternationalSupport
0x00000001b1eb5000 	/System/Library/PrivateFrameworks/UserActivity.framework/Versions/A/UserActivity
0x00000001b1357000 	/usr/lib/libspindump.dylib
0x00000001a9394000 	/System/Library/Frameworks/UniformTypeIdentifiers.framework/Versions/A/UniformTypeIdentifiers
0x00000001acb7a000 	/usr/lib/libapp_launch_measurement.dylib
0x00000001ac0f7000 	/System/Library/PrivateFrameworks/CoreAnalytics.framework/Versions/A/CoreAnalytics
0x00000001acb7d000 	/System/Library/PrivateFrameworks/CoreAutoLayout.framework/Versions/A/CoreAutoLayout
0x00000001adef0000 	/System/Library/Frameworks/Metal.framework/Versions/A/Metal
0x00000001aec3d000 	/usr/lib/liblangid.dylib
0x00000001ae5f0000 	/System/Library/PrivateFrameworks/CoreSVG.framework/Versions/A/CoreSVG
0x00000001aa851000 	/System/Library/PrivateFrameworks/SkyLight.framework/Versions/A/SkyLight
0x00000001aac19000 	/System/Library/Frameworks/CoreGraphics.framework/Versions/A/CoreGraphics
0x00000001b666a000 	/System/Library/Frameworks/Accelerate.framework/Versions/A/Accelerate
0x00000001b0dcc000 	/System/Library/PrivateFrameworks/IconServices.framework/Versions/A/IconServices
0x00000001aded2000 	/System/Library/Frameworks/IOSurface.framework/Versions/A/IOSurface
0x00000001ac127000 	/usr/lib/libDiagnosticMessagesClient.dylib
0x00000001b9aa2000 	/System/Library/Frameworks/ApplicationServices.framework/Versions/A/ApplicationServices
0x00000001ae5d4000 	/System/Library/PrivateFrameworks/DFRFoundation.framework/Versions/A/DFRFoundation
0x00000001a7b15000 	/usr/lib/libicucore.A.dylib
0x00000001b2c29000 	/System/Library/Frameworks/AudioToolbox.framework/Versions/A/AudioToolbox
0x00000001b1e38000 	/System/Library/PrivateFrameworks/DataDetectorsCore.framework/Versions/A/DataDetectorsCore
0x00000001c7e54000 	/System/Library/PrivateFrameworks/TextInput.framework/Versions/A/TextInput
0x00000001aa7c8000 	/usr/lib/libMobileGestalt.dylib
0x00000001ae2a4000 	/System/Library/Frameworks/Carbon.framework/Versions/A/Frameworks/HIToolbox.framework/Versions/A/HIToolbox
0x00000001ac584000 	/System/Library/Frameworks/QuartzCore.framework/Versions/A/QuartzCore
0x00000001a7792000 	/System/Library/Frameworks/Security.framework/Versions/A/Security
0x00000001b6031000 	/System/Library/Frameworks/Carbon.framework/Versions/A/Frameworks/SpeechRecognition.framework/Versions/A/SpeechRecognition
0x00000001ac8d1000 	/System/Library/PrivateFrameworks/CoreUI.framework/Versions/A/CoreUI
0x00000001a7065000 	/System/Library/Frameworks/CoreAudio.framework/Versions/A/CoreAudio
0x00000001ac217000 	/System/Library/Frameworks/DiskArbitration.framework/Versions/A/DiskArbitration
0x00000001b173f000 	/System/Library/PrivateFrameworks/MultitouchSupport.framework/Versions/A/MultitouchSupport
0x00000001aa7c6000 	/usr/lib/libenergytrace.dylib
0x00000001a813e000 	/System/Library/Frameworks/IOKit.framework/Versions/A/IOKit
0x00000001b6418000 	/System/Library/Frameworks/CoreServices.framework/Versions/A/CoreServices
0x00000001acb0a000 	/System/Library/PrivateFrameworks/PerformanceAnalysis.framework/Versions/A/PerformanceAnalysis
0x0000000206679000 	/System/Library/Frameworks/OpenGL.framework/Versions/A/OpenGL
0x00000001af6f0000 	/System/Library/PrivateFrameworks/MobileKeyBag.framework/Versions/A/MobileKeyBag
0x00000001ab229000 	/System/Library/Frameworks/ColorSync.framework/Versions/A/ColorSync
0x00000001a56dc000 	/System/Library/Frameworks/CoreFoundation.framework/Versions/A/CoreFoundation
0x00000001ae871000 	/System/Library/Frameworks/CoreImage.framework/Versions/A/CoreImage
0x00000001a6e88000 	/System/Library/Frameworks/CoreText.framework/Versions/A/CoreText
0x00000001ae620000 	/System/Library/Frameworks/ImageIO.framework/Versions/A/ImageIO
0x00000001b0130000 	/System/Library/PrivateFrameworks/SoftLinking.framework/Versions/A/SoftLinking
0x00000001acbc7000 	/usr/lib/libxml2.2.dylib
0x00000001b03c8000 	/usr/lib/libcompression.dylib
0x00000001b1d85000 	/System/Library/PrivateFrameworks/TextureIO.framework/Versions/A/TextureIO
0x00000001b0ae6000 	/usr/lib/libate.dylib
0x00000001b09ae000 	/usr/lib/liblzma.5.dylib
0x00000001a62c4000 	/System/Library/Frameworks/SystemConfiguration.framework/Versions/A/SystemConfiguration
0x00000001b012c000 	/usr/lib/libfakelink.dylib
0x00000001aa2f6000 	/System/Library/Frameworks/CFNetwork.framework/Versions/A/CFNetwork
0x00000001b0273000 	/usr/lib/libarchive.2.dylib
0x00000001aec39000 	/System/Library/PrivateFrameworks/AppleSystemInfo.framework/Versions/A/AppleSystemInfo
0x00000001af7fa000 	/usr/lib/libbsm.0.dylib
0x00000001a9833000 	/usr/lib/libnetwork.dylib
0x00000001b00ca000 	/usr/lib/system/libkxld.dylib
0x00000001af412000 	/System/Library/PrivateFrameworks/IOMobileFramebuffer.framework/Versions/A/IOMobileFramebuffer
0x0000000221fa4000 	/usr/lib/libCoreEntitlements.dylib
0x00000001afe10000 	/System/Library/PrivateFrameworks/AppleFSCompression.framework/Versions/A/AppleFSCompression
0x00000001af7e3000 	/usr/lib/libcoretls.dylib
0x00000001b09c7000 	/usr/lib/libcoretls_cfhelpers.dylib
0x00000001b03c3000 	/usr/lib/libpam.2.dylib
0x00000001abb7b000 	/usr/lib/libsqlite3.dylib
0x00000001b0a2f000 	/usr/lib/libxar.1.dylib
0x00000001afe21000 	/usr/lib/libbz2.1.0.dylib
0x00000001b0131000 	/usr/lib/libpcap.A.dylib
0x00000001abf4a000 	/usr/lib/libdns_services.dylib
0x00000001b0396000 	/usr/lib/libapple_nghttp2.dylib
0x00000001b016e000 	/usr/lib/libiconv.2.dylib
0x00000001b00c3000 	/usr/lib/libcharset.1.dylib
0x00000001acb46000 	/System/Library/Frameworks/CoreServices.framework/Versions/A/Frameworks/FSEvents.framework/Versions/A/FSEvents
0x00000001a7dcb000 	/System/Library/Frameworks/CoreServices.framework/Versions/A/Frameworks/CarbonCore.framework/Versions/A/CarbonCore
0x00000001ac17a000 	/System/Library/Frameworks/CoreServices.framework/Versions/A/Frameworks/Metadata.framework/Versions/A/Metadata
0x00000001afe34000 	/System/Library/Frameworks/CoreServices.framework/Versions/A/Frameworks/OSServices.framework/Versions/A/OSServices
0x00000001b02f8000 	/System/Library/Frameworks/CoreServices.framework/Versions/A/Frameworks/SearchKit.framework/Versions/A/SearchKit
0x00000001abed8000 	/System/Library/Frameworks/CoreServices.framework/Versions/A/Frameworks/AE.framework/Versions/A/AE
0x00000001a5c20000 	/System/Library/Frameworks/CoreServices.framework/Versions/A/Frameworks/LaunchServices.framework/Versions/A/LaunchServices
0x00000001b0957000 	/System/Library/Frameworks/CoreServices.framework/Versions/A/Frameworks/DictionaryServices.framework/Versions/A/DictionaryServices
0x00000001acb53000 	/System/Library/Frameworks/CoreServices.framework/Versions/A/Frameworks/SharedFileList.framework/Versions/A/SharedFileList
0x00000001af7d3000 	/usr/lib/libCheckFix.dylib
0x00000001aa835000 	/System/Library/PrivateFrameworks/TCC.framework/Versions/A/TCC
0x00000001aec3f000 	/System/Library/PrivateFrameworks/CoreNLP.framework/Versions/A/CoreNLP
0x00000001ac12a000 	/System/Library/PrivateFrameworks/MetadataUtilities.framework/Versions/A/MetadataUtilities
0x00000001a637d000 	/usr/lib/libmecabra.dylib
0x00000001af80b000 	/usr/lib/libmecab.dylib
0x00000001a6349000 	/usr/lib/libCRFSuite.dylib
0x00000001af869000 	/usr/lib/libgermantok.dylib
0x00000001b036f000 	/usr/lib/libThaiTokenizer.dylib
0x00000001ac21f000 	/System/Library/Frameworks/Accelerate.framework/Versions/A/Frameworks/vImage.framework/Versions/A/vImage
0x00000001b63ef000 	/System/Library/Frameworks/Accelerate.framework/Versions/A/Frameworks/vecLib.framework/Versions/A/vecLib
0x00000001b0a73000 	/System/Library/Frameworks/Accelerate.framework/Versions/A/Frameworks/vecLib.framework/Versions/A/libvMisc.dylib
0x00000001af31c000 	/System/Library/Frameworks/Accelerate.framework/Versions/A/Frameworks/vecLib.framework/Versions/A/libvDSP.dylib
0x00000001a5fa3000 	/System/Library/Frameworks/Accelerate.framework/Versions/A/Frameworks/vecLib.framework/Versions/A/libBLAS.dylib
0x00000001b0497000 	/System/Library/Frameworks/Accelerate.framework/Versions/A/Frameworks/vecLib.framework/Versions/A/libLAPACK.dylib
0x00000001af86c000 	/System/Library/Frameworks/Accelerate.framework/Versions/A/Frameworks/vecLib.framework/Versions/A/libLinearAlgebra.dylib
0x00000001b03ae000 	/System/Library/Frameworks/Accelerate.framework/Versions/A/Frameworks/vecLib.framework/Versions/A/libSparseBLAS.dylib
0x00000001b0492000 	/System/Library/Frameworks/Accelerate.framework/Versions/A/Frameworks/vecLib.framework/Versions/A/libQuadrature.dylib
0x00000001aed36000 	/System/Library/Frameworks/Accelerate.framework/Versions/A/Frameworks/vecLib.framework/Versions/A/libBNNS.dylib
0x00000001a6261000 	/System/Library/Frameworks/Accelerate.framework/Versions/A/Frameworks/vecLib.framework/Versions/A/libSparse.dylib
0x00000001aed2e000 	/System/Library/PrivateFrameworks/LinguisticData.framework/Versions/A/LinguisticData
0x00000001a6217000 	/System/Library/PrivateFrameworks/Lexicon.framework/Versions/A/Lexicon
0x00000001b0a6b000 	/usr/lib/libChineseTokenizer.dylib
0x00000001a69c1000 	/System/Library/PrivateFrameworks/LanguageModeling.framework/Versions/A/LanguageModeling
0x00000001b0371000 	/System/Library/PrivateFrameworks/AppleSauce.framework/Versions/A/AppleSauce
0x00000001af3ff000 	/System/Library/PrivateFrameworks/CoreEmoji.framework/Versions/A/CoreEmoji
0x00000001b0261000 	/usr/lib/libcmph.dylib
0x00000001acb26000 	/System/Library/Frameworks/OpenDirectory.framework/Versions/A/Frameworks/CFOpenDirectory.framework/Versions/A/CFOpenDirectory
0x00000001acb16000 	/System/Library/Frameworks/OpenDirectory.framework/Versions/A/OpenDirectory
0x00000001b09c9000 	/System/Library/PrivateFrameworks/APFS.framework/Versions/A/APFS
0x00000001af72b000 	/System/Library/Frameworks/SecurityFoundation.framework/Versions/A/SecurityFoundation
0x00000001b0a3d000 	/usr/lib/libutil.dylib
0x00000001a8100000 	/System/Library/PrivateFrameworks/CoreServicesStore.framework/Versions/A/CoreServicesStore
0x00000001b0a41000 	/usr/lib/libxslt.1.dylib
0x00000001af7bf000 	/System/Library/PrivateFrameworks/BackgroundTaskManagement.framework/Versions/A/BackgroundTaskManagement
0x00000001b1ca6000 	/System/Library/Frameworks/ImageIO.framework/Versions/A/Resources/libRadiance.dylib
0x00000001b1caf000 	/System/Library/Frameworks/ImageIO.framework/Versions/A/Resources/libJPEG.dylib
0x00000001b1c01000 	/System/Library/Frameworks/ImageIO.framework/Versions/A/Resources/libPng.dylib
0x00000001b1c23000 	/System/Library/Frameworks/ImageIO.framework/Versions/A/Resources/libTIFF.dylib
0x00000001b1d0a000 	/System/Library/Frameworks/ImageIO.framework/Versions/A/Resources/libGIF.dylib
0x00000001b164f000 	/System/Library/Frameworks/ImageIO.framework/Versions/A/Resources/libJP2.dylib
0x00000001b0d92000 	/usr/lib/libexpat.1.dylib
0x00000001b160a000 	/System/Library/PrivateFrameworks/AppleJPEG.framework/Versions/A/AppleJPEG
0x00000001ae163000 	/System/Library/PrivateFrameworks/FontServices.framework/libFontParser.dylib
0x00000001abe7d000 	/System/Library/PrivateFrameworks/RunningBoardServices.framework/Versions/A/RunningBoardServices
0x00000001bc33f000 	/System/Library/PrivateFrameworks/IOSurfaceAccelerator.framework/Versions/A/IOSurfaceAccelerator
0x00000001b173b000 	/System/Library/PrivateFrameworks/WatchdogClient.framework/Versions/A/WatchdogClient
0x00000001a6ac5000 	/System/Library/Frameworks/CoreDisplay.framework/Versions/A/CoreDisplay
0x00000001ae052000 	/System/Library/Frameworks/CoreMedia.framework/Versions/A/CoreMedia
0x00000001adee6000 	/System/Library/PrivateFrameworks/IOAccelerator.framework/Versions/A/IOAccelerator
0x00000001accb4000 	/System/Library/Frameworks/CoreVideo.framework/Versions/A/CoreVideo
0x00000001b03c1000 	/System/Library/Frameworks/MetalPerformanceShaders.framework/Versions/A/MetalPerformanceShaders
0x00000001b1778000 	/System/Library/Frameworks/VideoToolbox.framework/Versions/A/VideoToolbox
0x00000001abdc1000 	/System/Library/PrivateFrameworks/BaseBoard.framework/Versions/A/BaseBoard
0x00000001abb60000 	/System/Library/PrivateFrameworks/ProtocolBuffer.framework/Versions/A/ProtocolBuffer
0x00000001b1ca1000 	/System/Library/PrivateFrameworks/GPUWrangler.framework/Versions/A/GPUWrangler
0x00000001b1c80000 	/System/Library/PrivateFrameworks/IOPresentment.framework/Versions/A/IOPresentment
0x00000001b1ca9000 	/System/Library/PrivateFrameworks/DSExternalDisplay.framework/Versions/A/DSExternalDisplay
0x000000020666c000 	/System/Library/Frameworks/OpenGL.framework/Versions/A/Libraries/libCoreFSCache.dylib
0x000000020fd86000 	/System/Library/PrivateFrameworks/GPUCompiler.framework/Versions/31001/Libraries/libGPUCompilerUtils.dylib
0x00000001b1d0f000 	/System/Library/PrivateFrameworks/CMCaptureCore.framework/Versions/A/CMCaptureCore
0x00000001b1345000 	/System/Library/PrivateFrameworks/AppServerSupport.framework/Versions/A/AppServerSupport
0x00000001b34e4000 	/System/Library/PrivateFrameworks/perfdata.framework/Versions/A/perfdata
0x00000001a6be5000 	/System/Library/PrivateFrameworks/AudioToolboxCore.framework/Versions/A/AudioToolboxCore
0x00000001ae02a000 	/System/Library/PrivateFrameworks/caulk.framework/Versions/A/caulk
0x00000001b2dd9000 	/usr/lib/libAudioStatistics.dylib
0x00000001c45f2000 	/System/Library/PrivateFrameworks/SystemPolicy.framework/Versions/A/SystemPolicy
0x00000001b3039000 	/usr/lib/libSMC.dylib
0x00000001bbbb6000 	/System/Library/Frameworks/CoreMIDI.framework/Versions/A/CoreMIDI
0x00000001b1bcf000 	/usr/lib/libAudioToolboxUtility.dylib
0x00000001c0a98000 	/System/Library/PrivateFrameworks/OSAServicesClient.framework/Versions/A/OSAServicesClient
0x00000001b34f1000 	/usr/lib/libperfcheck.dylib
0x00000001c50f5000 	/usr/lib/libmis.dylib
0x00000002066cd000 	/System/Library/Frameworks/OpenGL.framework/Versions/A/Libraries/libGLU.dylib
0x000000020668c000 	/System/Library/Frameworks/OpenGL.framework/Versions/A/Libraries/libGFXShared.dylib
0x0000000206876000 	/System/Library/Frameworks/OpenGL.framework/Versions/A/Libraries/libGL.dylib
0x0000000206695000 	/System/Library/Frameworks/OpenGL.framework/Versions/A/Libraries/libGLImage.dylib
0x0000000206689000 	/System/Library/Frameworks/OpenGL.framework/Versions/A/Libraries/libCVMSPluginSupport.dylib
0x0000000206673000 	/System/Library/Frameworks/OpenGL.framework/Versions/A/Libraries/libCoreVMClient.dylib
0x00000001aebbb000 	/System/Library/Frameworks/MetalPerformanceShaders.framework/Versions/A/Frameworks/MPSCore.framework/Versions/A/MPSCore
0x00000001afd83000 	/System/Library/Frameworks/MetalPerformanceShaders.framework/Versions/A/Frameworks/MPSImage.framework/Versions/A/MPSImage
0x00000001af881000 	/System/Library/Frameworks/MetalPerformanceShaders.framework/Versions/A/Frameworks/MPSNeuralNetwork.framework/Versions/A/MPSNeuralNetwork
0x00000001afcbe000 	/System/Library/Frameworks/MetalPerformanceShaders.framework/Versions/A/Frameworks/MPSMatrix.framework/Versions/A/MPSMatrix
0x00000001afa99000 	/System/Library/Frameworks/MetalPerformanceShaders.framework/Versions/A/Frameworks/MPSRayIntersector.framework/Versions/A/MPSRayIntersector
0x00000001afcef000 	/System/Library/Frameworks/MetalPerformanceShaders.framework/Versions/A/Frameworks/MPSNDArray.framework/Versions/A/MPSNDArray
0x0000000208388000 	/System/Library/Frameworks/MetalPerformanceShaders.framework/Versions/A/Frameworks/MPSFunctions.framework/Versions/A/MPSFunctions
0x00000001a5e81000 	/System/Library/PrivateFrameworks/MetalTools.framework/Versions/A/MetalTools
0x00000001aec37000 	/System/Library/PrivateFrameworks/AggregateDictionary.framework/Versions/A/AggregateDictionary
0x00000001b0b78000 	/usr/lib/libIOReport.dylib
0x00000001baba4000 	/System/Library/PrivateFrameworks/ASEProcessing.framework/Versions/A/ASEProcessing
0x00000001b0eea000 	/System/Library/PrivateFrameworks/FaceCore.framework/Versions/A/FaceCore
0x00000001b0edc000 	/System/Library/PrivateFrameworks/GraphVisualizer.framework/Versions/A/GraphVisualizer
0x000000020fc9d000 	/System/Library/PrivateFrameworks/FontServices.framework/Versions/A/FontServices
0x00000001b12ff000 	/System/Library/PrivateFrameworks/OTSVG.framework/Versions/A/OTSVG
0x00000001ac882000 	/System/Library/Frameworks/ApplicationServices.framework/Versions/A/Frameworks/ATS.framework/Versions/A/Resources/libFontRegistry.dylib
0x00000001b134e000 	/System/Library/PrivateFrameworks/FontServices.framework/libhvf.dylib
0x000000020fc9e000 	/System/Library/PrivateFrameworks/FontServices.framework/libXTFontStaticRegistryData.dylib
0x0000000206a18000 	/System/Library/Frameworks/OpenCL.framework/Versions/A/OpenCL
0x00000001b0d46000 	/System/Library/PrivateFrameworks/AppleVA.framework/Versions/A/AppleVA
0x00000001b2e01000 	/System/Library/Frameworks/ApplicationServices.framework/Versions/A/Frameworks/ATS.framework/Versions/A/ATS
0x00000001ab326000 	/System/Library/Frameworks/ApplicationServices.framework/Versions/A/Frameworks/HIServices.framework/Versions/A/HIServices
0x00000001b1d19000 	/System/Library/Frameworks/ApplicationServices.framework/Versions/A/Frameworks/PrintCore.framework/Versions/A/PrintCore
0x00000001b318c000 	/System/Library/Frameworks/ApplicationServices.framework/Versions/A/Frameworks/QD.framework/Versions/A/QD
0x00000001b3184000 	/System/Library/Frameworks/ApplicationServices.framework/Versions/A/Frameworks/ColorSyncLegacy.framework/Versions/A/ColorSyncLegacy
0x00000001b2ded000 	/System/Library/Frameworks/ApplicationServices.framework/Versions/A/Frameworks/SpeechSynthesis.framework/Versions/A/SpeechSynthesis
0x00000001b1cda000 	/System/Library/Frameworks/ApplicationServices.framework/Versions/A/Frameworks/ATSUI.framework/Versions/A/ATSUI
0x00000001b3119000 	/usr/lib/libcups.2.dylib
0x00000001b34ff000 	/System/Library/Frameworks/Kerberos.framework/Versions/A/Kerberos
0x00000001b3510000 	/System/Library/Frameworks/GSS.framework/Versions/A/GSS
0x00000001b2e70000 	/usr/lib/libresolv.9.dylib
0x00000001b135c000 	/System/Library/PrivateFrameworks/Heimdal.framework/Versions/A/Heimdal
0x00000001b9e18000 	/System/Library/Frameworks/Kerberos.framework/Versions/A/Libraries/libHeimdalProxy.dylib
0x00000001abf5c000 	/System/Library/Frameworks/Network.framework/Versions/A/Network
0x00000001b0dad000 	/usr/lib/libheimdal-asn1.dylib
0x00000001b3556000 	/System/Library/PrivateFrameworks/CommonAuth.framework/Versions/A/CommonAuth
0x00000001b2d67000 	/System/Library/PrivateFrameworks/AudioSession.framework/Versions/A/AudioSession
0x00000001b0e3e000 	/System/Library/PrivateFrameworks/MediaExperience.framework/Versions/A/MediaExperience
0x00000001b2bef000 	/System/Library/PrivateFrameworks/AudioSession.framework/libSessionUtility.dylib
0x00000001b3198000 	/System/Library/PrivateFrameworks/AudioResourceArbitration.framework/Versions/A/AudioResourceArbitration
0x00000001b0db6000 	/System/Library/PrivateFrameworks/IconFoundation.framework/Versions/A/IconFoundation
0x00000001b601d000 	/System/Library/PrivateFrameworks/SpeechRecognitionCore.framework/Versions/A/SpeechRecognitionCore
0x00000001e9796000 	/System/Library/CoreServices/Encodings/libTraditionalChineseConverter.dylib
0x0000000103ee0000 	/Library/Java/JavaVirtualMachines/jdk-17.0.1.jdk/Contents/Home/lib/server/libjvm.dylib
0x0000000102dec000 	/Library/Java/JavaVirtualMachines/jdk-17.0.1.jdk/Contents/Home/lib/libjimage.dylib
0x0000000102ff4000 	/Library/Java/JavaVirtualMachines/jdk-17.0.1.jdk/Contents/Home/lib/libjdwp.dylib
0x000000010303c000 	/Library/Java/JavaVirtualMachines/jdk-17.0.1.jdk/Contents/Home/lib/libjava.dylib
0x0000000102e18000 	/Library/Java/JavaVirtualMachines/jdk-17.0.1.jdk/Contents/Home/lib/libinstrument.dylib
0x0000000103ea8000 	/Library/Java/JavaVirtualMachines/jdk-17.0.1.jdk/Contents/Home/lib/libnio.dylib
0x00000001215d0000 	/Library/Java/JavaVirtualMachines/jdk-17.0.1.jdk/Contents/Home/lib/libnet.dylib
0x0000000103ec8000 	/Library/Java/JavaVirtualMachines/jdk-17.0.1.jdk/Contents/Home/lib/libzip.dylib
0x0000000103e88000 	/Library/Java/JavaVirtualMachines/jdk-17.0.1.jdk/Contents/Home/lib/libdt_socket.dylib
0x0000000123c48000 	/Library/Java/JavaVirtualMachines/jdk-17.0.1.jdk/Contents/Home/lib/libverify.dylib
0x0000000123c64000 	/Users/sean/.openjfx/cache/17.0.0.1/libprism_es2.dylib
0x00000001a80c3000 	/System/Library/PrivateFrameworks/CoreServicesInternal.framework/Versions/A/CoreServicesInternal
0x0000000206880000 	/System/Library/Frameworks/OpenGL.framework/Versions/A/Resources/GLEngine.bundle/GLEngine
0x0000000206707000 	/System/Library/Frameworks/OpenGL.framework/Versions/A/Libraries/libGLProgrammability.dylib
0x0000000123f00000 	/System/Library/Extensions/AppleMetalOpenGLRenderer.bundle/Contents/MacOS/AppleMetalOpenGLRenderer
0x00000002069ef000 	/System/Library/Frameworks/OpenGL.framework/Versions/A/Resources/GLRendererFloat.bundle/GLRendererFloat
0x0000000206a90000 	/System/Library/Extensions/AGXMetal13_3.bundle/Contents/MacOS/AGXMetal13_3
0x00000001c5111000 	/System/Library/PrivateFrameworks/GPURawCounter.framework/Versions/A/GPURawCounter
0x00000001bfbe6000 	/System/Library/PrivateFrameworks/IOGPU.framework/Versions/A/IOGPU
0x00000001258e4000 	/Users/sean/.openjfx/cache/17.0.0.1/libglass.dylib
0x00000001b74bd000 	/System/Library/Frameworks/FileProvider.framework/Versions/A/FileProvider
0x00000001abd29000 	/System/Library/Frameworks/Accounts.framework/Versions/A/Accounts
0x00000001b763d000 	/System/Library/PrivateFrameworks/GenerationalStorage.framework/Versions/A/GenerationalStorage
0x00000001b81ed000 	/System/Library/PrivateFrameworks/CoreSymbolication.framework/Versions/A/CoreSymbolication
0x00000001b725d000 	/System/Library/PrivateFrameworks/SymptomDiagnosticReporter.framework/Versions/A/SymptomDiagnosticReporter
0x00000001a93a8000 	/System/Library/PrivateFrameworks/DesktopServicesPriv.framework/Versions/A/DesktopServicesPriv
0x00000001a8222000 	/usr/lib/libsandbox.1.dylib
0x00000001acd40000 	/System/Library/PrivateFrameworks/UserManagement.framework/Versions/A/UserManagement
0x00000001b81ae000 	/System/Library/PrivateFrameworks/DebugSymbols.framework/Versions/A/DebugSymbols
0x00000001b3177000 	/System/Library/PrivateFrameworks/NetAuth.framework/Versions/A/NetAuth
0x00000001b4075000 	/System/Library/PrivateFrameworks/Sharing.framework/Versions/A/Sharing
0x00000001acd10000 	/System/Library/PrivateFrameworks/login.framework/Versions/A/Frameworks/loginsupport.framework/Versions/A/loginsupport
0x00000001b935e000 	/System/Library/PrivateFrameworks/Apple80211.framework/Versions/A/Apple80211
0x00000001afe67000 	/System/Library/PrivateFrameworks/AuthKit.framework/Versions/A/AuthKit
0x00000001af4fe000 	/System/Library/PrivateFrameworks/CoreUtils.framework/Versions/A/CoreUtils
0x00000001af41e000 	/System/Library/Frameworks/CoreWLAN.framework/Versions/A/CoreWLAN
0x00000001b41de000 	/System/Library/Frameworks/IOBluetooth.framework/Versions/A/IOBluetooth
0x00000001b93be000 	/System/Library/PrivateFrameworks/CoreWiFi.framework/Versions/A/CoreWiFi
0x00000001b7d95000 	/System/Library/PrivateFrameworks/FrontBoardServices.framework/Versions/A/FrontBoardServices
0x00000001b7e2d000 	/System/Library/PrivateFrameworks/BoardServices.framework/Versions/A/BoardServices
0x00000001af719000 	/System/Library/PrivateFrameworks/AssertionServices.framework/Versions/A/AssertionServices
0x00000001b952c000 	/System/Library/PrivateFrameworks/BackBoardServices.framework/Versions/A/BackBoardServices
0x00000001b35e9000 	/System/Library/PrivateFrameworks/CorePhoneNumbers.framework/Versions/A/CorePhoneNumbers
0x00000001b738d000 	/System/Library/PrivateFrameworks/DiskManagement.framework/Versions/A/DiskManagement
0x00000001b7290000 	/System/Library/PrivateFrameworks/AppleIDAuthSupport.framework/Versions/A/AppleIDAuthSupport
0x000000020a621000 	/System/Library/PrivateFrameworks/AAAFoundation.framework/Versions/A/AAAFoundation
0x00000001b35c8000 	/System/Library/PrivateFrameworks/KeychainCircle.framework/Versions/A/KeychainCircle
0x00000001b7359000 	/System/Library/PrivateFrameworks/MediaKit.framework/Versions/A/MediaKit
0x00000001b729d000 	/System/Library/Frameworks/DiscRecording.framework/Versions/A/DiscRecording
0x00000001b0cc2000 	/usr/lib/libCoreStorage.dylib
0x00000001b9826000 	/usr/lib/libcsfde.dylib
0x00000001b42b3000 	/System/Library/PrivateFrameworks/ProtectedCloudStorage.framework/Versions/A/ProtectedCloudStorage
0x00000001b981e000 	/System/Library/PrivateFrameworks/EFILogin.framework/Versions/A/EFILogin
0x00000001b7664000 	/System/Library/PrivateFrameworks/OctagonTrust.framework/Versions/A/OctagonTrust
0x000000020ef08000 	/System/Library/PrivateFrameworks/CoreUtilsExtras.framework/Versions/A/CoreUtilsExtras
0x00000001b71cf000 	/System/Library/Frameworks/CoreBluetooth.framework/Versions/A/CoreBluetooth
0x00000001b9e9d000 	/System/Library/Frameworks/AudioUnit.framework/Versions/A/AudioUnit
0x00000001b0cba000 	/usr/lib/libMatch.1.dylib
0x00000001c9378000 	/System/Library/Frameworks/Accelerate.framework/Versions/A/Frameworks/vImage.framework/Versions/A/Libraries/libCGInterfaces.dylib
0x0000000127fcc000 	/usr/lib/libobjc-trampolines.dylib
0x00000001aca0e000 	/System/Library/PrivateFrameworks/ViewBridge.framework/Versions/A/ViewBridge
0x00000001b140a000 	/System/Library/PrivateFrameworks/login.framework/Versions/A/login
0x00000001b0b81000 	/System/Library/PrivateFrameworks/CrashReporterSupport.framework/Versions/A/CrashReporterSupport
0x00000001d0c87000 	/System/Library/PrivateFrameworks/OSAnalytics.framework/Versions/A/OSAnalytics
0x00000001dbdd6000 	/System/Library/PrivateFrameworks/Symbolication.framework/Versions/A/Symbolication
0x00000001c50d2000 	/System/Library/PrivateFrameworks/MallocStackLogging.framework/Versions/A/MallocStackLogging
0x0000000131f88000 	/Users/sean/.openjfx/cache/17.0.0.1/libjavafx_font.dylib
0x000000022211e000 	/usr/lib/libRosetta.dylib


VM Arguments:
jvm_args: -agentlib:jdwp=transport=dt_socket,address=127.0.0.1:50550,suspend=y,server=n -javaagent:/Users/sean/Library/Caches/JetBrains/IdeaIC2021.2/captureAgent/debugger-agent.jar -Dfile.encoding=UTF-8 --module-path=/Users/sean/.m2/repository/org/openjfx/javafx-controls/17.0.0.1/javafx-controls-17.0.0.1-mac-aarch64.jar:/Users/sean/.m2/repository/org/openjfx/javafx-fxml/17.0.0.1/javafx-fxml-17.0.0.1-mac-aarch64.jar:/Users/sean/.m2/repository/org/openjfx/javafx-base/17.0.0.1/javafx-base-17.0.0.1-mac-aarch64.jar:/Users/sean/.m2/repository/org/openjfx/javafx-graphics/17.0.0.1/javafx-graphics-17.0.0.1-mac-aarch64.jar:/Users/sean/Documents/GitHub/Meal-Ordering-System/FoodOrderingSystem/target/classes -Djdk.module.main=com.example.foodorderingsystem 
java_command: com.example.foodorderingsystem/com.example.foodorderingsystem.HelloApplication
java_class_path (initial): /Users/sean/.m2/repository/org/openjfx/javafx-controls/17.0.0.1/javafx-controls-17.0.0.1.jar:/Users/sean/.m2/repository/org/openjfx/javafx-graphics/17.0.0.1/javafx-graphics-17.0.0.1.jar:/Users/sean/.m2/repository/org/openjfx/javafx-base/17.0.0.1/javafx-base-17.0.0.1.jar:/Users/sean/.m2/repository/org/openjfx/javafx-fxml/17.0.0.1/javafx-fxml-17.0.0.1.jar:/Applications/IntelliJ IDEA CE.app/Contents/lib/idea_rt.jar
Launcher Type: SUN_STANDARD

[Global flags]
     intx CICompilerCount                          = 4                                         {product} {ergonomic}
     uint ConcGCThreads                            = 2                                         {product} {ergonomic}
     uint G1ConcRefinementThreads                  = 8                                         {product} {ergonomic}
   size_t G1HeapRegionSize                         = 1048576                                   {product} {ergonomic}
    uintx GCDrainStackTargetSize                   = 64                                        {product} {ergonomic}
   size_t InitialHeapSize                          = 134217728                                 {product} {ergonomic}
   size_t MarkStackSize                            = 4194304                                   {product} {ergonomic}
   size_t MaxHeapSize                              = 2147483648                                {product} {ergonomic}
   size_t MaxNewSize                               = 1287651328                                {product} {ergonomic}
   size_t MinHeapDeltaBytes                        = 1048576                                   {product} {ergonomic}
   size_t MinHeapSize                              = 8388608                                   {product} {ergonomic}
    uintx NonNMethodCodeHeapSize                   = 5839564                                {pd product} {ergonomic}
    uintx NonProfiledCodeHeapSize                  = 122909338                              {pd product} {ergonomic}
    uintx ProfiledCodeHeapSize                     = 122909338                              {pd product} {ergonomic}
    uintx ReservedCodeCacheSize                    = 251658240                              {pd product} {ergonomic}
     bool SegmentedCodeCache                       = true                                      {product} {ergonomic}
   size_t SoftMaxHeapSize                          = 2147483648                             {manageable} {ergonomic}
     bool UseCompressedClassPointers               = true                           {product lp64_product} {ergonomic}
     bool UseCompressedOops                        = true                           {product lp64_product} {ergonomic}
     bool UseG1GC                                  = true                                      {product} {ergonomic}
     bool UseNUMA                                  = false                                     {product} {ergonomic}
     bool UseNUMAInterleaving                      = false                                     {product} {ergonomic}

Logging:
Log output configuration:
 #0: stdout all=warning uptime,level,tags
 #1: stderr all=off uptime,level,tags

Environment Variables:
PATH=/usr/local/bin:/usr/bin:/bin:/usr/sbin:/sbin
SHELL=/bin/zsh
LC_CTYPE=zh_TW.UTF-8

Signal Handlers:
   SIGSEGV: _ZL13crash_handleriP9__siginfoPv in libjvm.dylib, mask=11100110000111110111111111111111, flags=SA_RESTART|SA_SIGINFO
    SIGBUS: _ZL13crash_handleriP9__siginfoPv in libjvm.dylib, mask=11100110000111110111111111111111, flags=SA_RESTART|SA_SIGINFO
    SIGFPE: _ZL13crash_handleriP9__siginfoPv in libjvm.dylib, mask=11100110000111110111111111111111, flags=SA_RESTART|SA_SIGINFO
   SIGPIPE: _ZL17javaSignalHandleriP9__siginfoPv in libjvm.dylib, mask=11100110000111110111111111111111, flags=SA_RESTART|SA_SIGINFO
   SIGXFSZ: _ZL17javaSignalHandleriP9__siginfoPv in libjvm.dylib, mask=11100110000111110111111111111111, flags=SA_RESTART|SA_SIGINFO
    SIGILL: _ZL13crash_handleriP9__siginfoPv in libjvm.dylib, mask=11100110000111110111111111111111, flags=SA_RESTART|SA_SIGINFO
   SIGUSR2: _ZL10SR_handleriP9__siginfoP17__darwin_ucontext in libjvm.dylib, mask=00100000000000000000000000000000, flags=SA_RESTART|SA_SIGINFO
    SIGHUP: _ZL11UserHandleriPvS_ in libjvm.dylib, mask=11100110000111110111111111111111, flags=SA_RESTART|SA_SIGINFO
    SIGINT: _ZL11UserHandleriPvS_ in libjvm.dylib, mask=11100110000111110111111111111111, flags=SA_RESTART|SA_SIGINFO
   SIGTERM: _ZL11UserHandleriPvS_ in libjvm.dylib, mask=11100110000111110111111111111111, flags=SA_RESTART|SA_SIGINFO
   SIGQUIT: _ZL11UserHandleriPvS_ in libjvm.dylib, mask=11100110000111110111111111111111, flags=SA_RESTART|SA_SIGINFO
   SIGTRAP: _ZL13crash_handleriP9__siginfoPv in libjvm.dylib, mask=11100110000111110111111111111111, flags=SA_RESTART|SA_SIGINFO


---------------  S Y S T E M  ---------------

OS:
uname: Darwin 21.1.0 Darwin Kernel Version 21.1.0: Wed Oct 13 17:33:24 PDT 2021; root:xnu-8019.41.5~1/RELEASE_ARM64_T8101 arm64
OS uptime: 3 days 8:44 hours
rlimit (soft/hard): STACK 8176k/65520k , CORE 0k/infinity , NPROC 1333/2000 , NOFILE 10240/infinity , AS infinity/infinity , CPU infinity/infinity , DATA infinity/infinity , FSIZE infinity/infinity , MEMLOCK infinity/infinity , RSS infinity/infinity
load average: 3.19 2.32 2.00

CPU: total 8 (initial active 8) 0x61:0x0:0x1b588bb3:0, fp, simd, crc, lse

Memory: 16k page, physical 8388608k(86368k free), swap 10485760k(1537280k free)

vm_info: Java HotSpot(TM) 64-Bit Server VM (17.0.1+12-LTS-39) for bsd-aarch64 JRE (17.0.1+12-LTS-39), built on Sep 27 2021 17:38:30 by "mach5one" with clang Apple LLVM 12.0.0 (clang-1200.0.32.29)

END.
