#
# A fatal error has been detected by the Java Runtime Environment:
#
#  SIGBUS (0xa) at pc=0x000000010e8614f0, pid=18308, tid=30223
#
# JRE version: Java(TM) SE Runtime Environment (17.0.1+12) (build 17.0.1+12-LTS-39)
# Java VM: Java HotSpot(TM) 64-Bit Server VM (17.0.1+12-LTS-39, mixed mode, sharing, tiered, compressed oops, compressed class ptrs, g1 gc, bsd-aarch64)
# Problematic frame:
# v  ~StubRoutines::SafeFetchN
#
# No core dump will be written. Core dumps have been disabled. To enable core dumping, try "ulimit -c unlimited" before starting Java again
#
# If you would like to submit a bug report, please visit:
#   https://bugreport.java.com/bugreport/crash.jsp
# The crash happened outside the Java Virtual Machine in native code.
# See problematic frame for where to report the bug.
#

---------------  S U M M A R Y ------------

Command Line: -javaagent:/Applications/IntelliJ IDEA CE.app/Contents/lib/idea_rt.jar=58389:/Applications/IntelliJ IDEA CE.app/Contents/bin -Dfile.encoding=UTF-8 --module-path=/Users/sean/.m2/repository/org/openjfx/javafx-fxml/17.0.0.1/javafx-fxml-17.0.0.1-mac-aarch64.jar:/Users/sean/.m2/repository/org/openjfx/javafx-base/17.0.0.1/javafx-base-17.0.0.1-mac-aarch64.jar:/Users/sean/Documents/GitHub/Meal-Ordering-System/FoodOrderingSystem/target/classes:/Users/sean/.m2/repository/org/openjfx/javafx-controls/17.0.0.1/javafx-controls-17.0.0.1-mac-aarch64.jar:/Users/sean/.m2/repository/org/openjfx/javafx-graphics/17.0.0.1/javafx-graphics-17.0.0.1-mac-aarch64.jar -Djdk.module.main=com.example.foodorderingsystem com.example.foodorderingsystem/com.example.foodorderingsystem.HelloApplication

Host: "MacBookPro17,1" arm64 1 MHz, 8 cores, 8G, Darwin 21.1.0, macOS 12.0.1 (21A559)
Time: Thu Dec 16 17:08:12 2021 CST elapsed time: 1.988355 seconds (0d 0h 0m 1s)

---------------  T H R E A D  ---------------

Current thread (0x000000014a0c6600):  JavaThread "InvokeLaterDispatcher" daemon [_thread_in_native, id=30223, stack(0x000000016d8d4000,0x000000016dad7000)]

Stack: [0x000000016d8d4000,0x000000016dad7000],  sp=0x000000016dad67b0,  free space=2057k
Native frames: (J=compiled Java code, j=interpreted, Vv=VM code, C=native code)
v  ~StubRoutines::SafeFetchN
V  [libjvm.dylib+0x79e208]  _ZN10OopStorage7releaseEPKP7oopDesc+0x20
V  [libjvm.dylib+0x4b8f30]  jni_DeleteGlobalRef+0xc4
C  [libglass.dylib+0xab08]  -[GlassRunnable dealloc]+0x34
C  [Foundation+0x85e0c]  -[_NSThreadPerformInfo dealloc]+0x30
C  [Foundation+0x525e8]  -[NSObject(NSThreadPerformAdditions) performSelectorOnMainThread:withObject:waitUntilDone:]+0x88
C  0x2c5d00010e8698ac
j  com.sun.glass.ui.mac.MacApplication.submitForLaterInvocation(Ljava/lang/Runnable;)V+2 javafx.graphics
j  com.sun.glass.ui.InvokeLaterDispatcher.run()V+82 javafx.graphics
v  ~StubRoutines::call_stub
V  [libjvm.dylib+0x460588]  _ZN9JavaCalls11call_helperEP9JavaValueRK12methodHandleP17JavaCallArgumentsP10JavaThread+0x38c
V  [libjvm.dylib+0x45f5a4]  _ZN9JavaCalls12call_virtualEP9JavaValueP5KlassP6SymbolS5_P17JavaCallArgumentsP10JavaThread+0x11c
V  [libjvm.dylib+0x45f670]  _ZN9JavaCalls12call_virtualEP9JavaValue6HandleP5KlassP6SymbolS6_P10JavaThread+0x64
V  [libjvm.dylib+0x512ef0]  _ZL12thread_entryP10JavaThreadS0_+0xc4
V  [libjvm.dylib+0x8fc514]  _ZN10JavaThread17thread_main_innerEv+0x134
V  [libjvm.dylib+0x8fae3c]  _ZN6Thread8call_runEv+0x128
V  [libjvm.dylib+0x7a4df0]  _ZL19thread_native_entryP6Thread+0x158
C  [libsystem_pthread.dylib+0x74ec]  _pthread_start+0x94

Java frames: (J=compiled Java code, j=interpreted, Vv=VM code)
j  com.sun.glass.ui.mac.MacApplication._submitForLaterInvocation(Ljava/lang/Runnable;)V+0 javafx.graphics
j  com.sun.glass.ui.mac.MacApplication.submitForLaterInvocation(Ljava/lang/Runnable;)V+2 javafx.graphics
j  com.sun.glass.ui.InvokeLaterDispatcher.run()V+82 javafx.graphics
v  ~StubRoutines::call_stub

siginfo: si_signo: 10 (SIGBUS), si_code: 1 (BUS_ADRALN), si_addr: 0x000000010e8614f0

Register to memory mapping:

 x0=0x000000014b805748 points into unknown readable memory: 0x0000000000000000 | 00 00 00 00 00 00 00 00
 x1=0x0 is NULL
 x2=0x0000000786201410 is an oop: com.sun.glass.ui.InvokeLaterDispatcher$Future 
{0x0000000786201410} - klass: 'com/sun/glass/ui/InvokeLaterDispatcher$Future'
 - ---- fields (total size 3 words):
 - private 'done' 'Z' @12  true
 - private final 'runnable' 'Ljava/lang/Runnable;' @16  a 'com/sun/javafx/tk/quantum/QuantumToolkit$$Lambda$85+0x0000000800c39200'{0x000000078685e870} (f0d0bd0e)
 - final synthetic 'this$0' 'Lcom/sun/glass/ui/InvokeLaterDispatcher;' @20  a 'com/sun/glass/ui/InvokeLaterDispatcher'{0x000000078680b3f0} (f0d0167e)
 x3=0x0 is NULL
 x4=0x00000000000130a8 is an unknown value
 x5=0x0 is NULL
 x6=0x0 is NULL
 x7=0x0000000000000003 is an unknown value
 x8=0x000000010e8614ec is at begin+0 in a stub
StubRoutines::SafeFetchN [0x000000010e8614ec, 0x000000010e8614f8] (12 bytes)
 x9=0x0 is NULL
x10=0x2010000030300000 is an unknown value
x11=0x0000000000000007 is an unknown value
x12=0x0 is NULL
x13=0x0000600001cd4070 points into unknown readable memory: 0x0010080000000003 | 03 00 00 00 00 08 10 00
x14=0x0000000000000001 is an unknown value
x15=0x000000012608df98: OBJC_CLASS_$_GlassRunnable+0 in /Users/sean/.openjfx/cache/17.0.0.1/libglass.dylib at 0x0000000126048000
x16=0x000000018a5ac340: pthread_getspecific+0 in /usr/lib/system/libsystem_pthread.dylib at 0x000000018a5aa000
x17=0x00006000016dae20 points into unknown readable memory: 0xfffffffffffffffe | fe ff ff ff ff ff ff ff
x18=0x0 is NULL
x19=0x00006000019cd110 points into unknown readable memory: 0x00006000030c8420 | 20 84 0c 03 00 60 00 00
x20=0x000000014b805540 points into unknown readable memory: 0xffffffffffffffff | ff ff ff ff ff ff ff ff
x21=0x000000014b805748 points into unknown readable memory: 0x0000000000000000 | 00 00 00 00 00 00 00 00
x22=0x000000014a0c6600 is a thread
x23=0x0000000000000001 is an unknown value
x24=0x000000014b805700 is a global jni handle
x25=0x0000000106d8d5d8: _ZN12StubRoutines17_safefetchN_entryE+0 in /Library/Java/JavaVirtualMachines/jdk-17.0.1.jdk/Contents/Home/lib/server/libjvm.dylib at 0x00000001061fc000
x26=0x0000000124118258 is pointing into metadata
x27=0x0 is NULL
x28=0x000000014a0c6600 is a thread


Registers:
 x0=0x000000014b805748  x1=0x0000000000000000  x2=0x0000000786201410  x3=0x0000000000000000
 x4=0x00000000000130a8  x5=0x0000000000000000  x6=0x0000000000000000  x7=0x0000000000000003
 x8=0x000000010e8614ec  x9=0x0000000000000000 x10=0x2010000030300000 x11=0x0000000000000007
x12=0x0000000000000000 x13=0x0000600001cd4070 x14=0x0000000000000001 x15=0x000000012608df98
x16=0x000000018a5ac340 x17=0x00006000016dae20 x18=0x0000000000000000 x19=0x00006000019cd110
x20=0x000000014b805540 x21=0x000000014b805748 x22=0x000000014a0c6600 x23=0x0000000000000001
x24=0x000000014b805700 x25=0x0000000106d8d5d8 x26=0x0000000124118258 x27=0x0000000000000000
x28=0x000000014a0c6600  fp=0x000000016dad67f0  lr=0x0000000106998fd8  sp=0x000000016dad67b0
pc=0x000000010e8614f0 cpsr=0x0000000060001000
Top of Stack: (sp=0x000000016dad67b0)
0x000000016dad67b0:   0000000124118258 0000000000000001
0x000000016dad67c0:   000000016dad69a8 00006000030d0390
0x000000016dad67d0:   0000000000000000 000000014b805738
0x000000016dad67e0:   000000014b805738 00006000019cd110
0x000000016dad67f0:   000000016dad6830 000000010699a208
0x000000016dad6800:   0000000000000001 000000014b805738
0x000000016dad6810:   0000000000000000 000000014b805738
0x000000016dad6820:   0000000000000001 000000014c0d8000
0x000000016dad6830:   000000016dad6860 00000001066b4f30
0x000000016dad6840:   00006000030d0380 00000001d47d99f4
0x000000016dad6850:   0000000000000000 00006000030d0380
0x000000016dad6860:   000000016dad6890 0000000126052b08
0x000000016dad6870:   b05ea1c7c90e00c2 0000000000000000
0x000000016dad6880:   0000000000000000 00006000027ed440
0x000000016dad6890:   000000016dad68d0 000000018b574e0c
0x000000016dad68a0:   000000016dad69a8 00006000030d0390
0x000000016dad68b0:   00006000030d0380 b05ea1c7c90e00c2
0x000000016dad68c0:   0000000000000000 0000000000000000
0x000000016dad68d0:   000000016dad6910 813100018b5415e8
0x000000016dad68e0:   000000016dad69a8 000000010e8687c0
0x000000016dad68f0:   0000000000000000 0000000106d94f90
0x000000016dad6900:   000000016dad6920 000000010e867730
0x000000016dad6910:   000000016dad6980 2c5d00010e8698ac
0x000000016dad6920:   000000016dad6920 0000000800986475
0x000000016dad6930:   000000016dad6930 0000000000000000
0x000000016dad6940:   000000016dad69a8 0000000124118258
0x000000016dad6950:   0000000786855d00 0000000000000000
0x000000016dad6960:   0000000000000000 00000001240f7138
0x000000016dad6970:   0000000000000000 000000016dad6980
0x000000016dad6980:   000000016dad6a00 000000010e865fc8
0x000000016dad6990:   0000000000000000 0000000000000000
0x000000016dad69a0:   0000000786201410 0000000786855d78 

Instructions: (pc=0x000000010e8614f0)
0x000000010e8613f0:   f2a0daa9 f2c00029 6d425935 1e640886
0x000000010e861400:   0c402d31 1e6408c7 1f5654d0 1e6c1017
0x000000010e861410:   1f5050d0 1f504cd0 1f5048d0 1e650af6
0x000000010e861420:   1f50d8f6 1f5694d6 1f5158f6 1e762880
0x000000010e861430:   36000501 1e614000 14000026 2e251ca5
0x000000010e861440:   d2943009 f2a0daa9 f2c00029 6d425d36
0x000000010e861450:   1e600806 0c402d32 1f5758c7 1e6c101a
0x000000010e861460:   1f4754c7 1e650805 1f4750c7 d2866668
0x000000010e861470:   f2a7fa68 1f474cc7 1e6608c0 1f4748c7
0x000000010e861480:   1e6e1019 eb08007f 540000ac 1f479400
0x000000010e861490:   1f460340 1e603b20 1400000e d2a7fd29
0x000000010e8614a0:   eb09007f 540000ac 51480069 d3607d29
0x000000010e8614b0:   9e670121 14000002 1e6a5001 1f679417
0x000000010e8614c0:   1f668742 1e613b23 1e773857 1e773860
0x000000010e8614d0:   a8c17ff3 910003bf a8c17bfd d65f03c0
0x000000010e8614e0:   b9400001 aa0103e0 d65f03c0 f9400001
0x000000010e8614f0:   aa0103e0 d65f03c0 00000000 00000000
0x000000010e861500:   00000000 00000000 00000000 00000000
0x000000010e861510:   00000000 00000000 00000000 00000000
0x000000010e861520:   00000000 00000000 00000000 00000000
0x000000010e861530:   00000000 00000000 00000000 00000000
0x000000010e861540:   00000000 00000000 00000000 00000000
0x000000010e861550:   00000000 00000000 00000000 00000000
0x000000010e861560:   00000000 00000000 00000000 00000000
0x000000010e861570:   00000000 00000000 00000000 00000000
0x000000010e861580:   00000000 00000000 00000000 00000000
0x000000010e861590:   00000000 00000000 00000000 00000000
0x000000010e8615a0:   00000000 00000000 00000000 00000000
0x000000010e8615b0:   00000000 00000000 00000000 00000000
0x000000010e8615c0:   00000000 00000000 00000000 00000000
0x000000010e8615d0:   00000000 00000000 00000000 00000000
0x000000010e8615e0:   00000000 00000000 00000000 00000000 


Stack slot to memory mapping:
stack at sp + 0 slots: 0x0000000124118258 is pointing into metadata
stack at sp + 1 slots: 0x0000000000000001 is an unknown value
stack at sp + 2 slots: 0x000000016dad69a8 is pointing into the stack for thread: 0x000000014a0c6600
stack at sp + 3 slots: 0x00006000030d0390 points into unknown readable memory: 0x01000001e328e081 | 81 e0 28 e3 01 00 00 01
stack at sp + 4 slots: 0x0 is NULL
stack at sp + 5 slots: 0x000000014b805738 is a global jni handle
stack at sp + 6 slots: 0x000000014b805738 is a global jni handle
stack at sp + 7 slots: 0x00006000019cd110 points into unknown readable memory: 0x00006000030c8420 | 20 84 0c 03 00 60 00 00

StubRoutines::SafeFetchN [0x000000010e8614ec, 0x000000010e8614f8] (12 bytes)
[MachCode]
  0x000000010e8614ec: 0100 40f9 | e003 01aa | c003 5fd6 
[/MachCode]

---------------  P R O C E S S  ---------------

Threads class SMR info:
_java_thread_list=0x0000600003215520, length=20, elements={
0x000000014c008200, 0x000000014c071400, 0x000000014c073c00, 0x000000014c074800,
0x000000014b008e00, 0x000000014a00e400, 0x000000014a00ea00, 0x000000012b00a400,
0x000000014c072400, 0x000000014c072a00, 0x000000014a83e600, 0x000000014a841800,
0x000000014a108a00, 0x000000014a0c6600, 0x000000014c0d8000, 0x000000014a202c00,
0x000000014a3d7000, 0x000000014c269400, 0x000000014b07a600, 0x000000014aece600
}

Java Threads: ( => current thread )
  0x000000014c008200 JavaThread "main" [_thread_blocked, id=9987, stack(0x000000016aecc000,0x000000016b0cf000)]
  0x000000014c071400 JavaThread "Reference Handler" daemon [_thread_blocked, id=16899, stack(0x000000016bd20000,0x000000016bf23000)]
  0x000000014c073c00 JavaThread "Finalizer" daemon [_thread_blocked, id=15875, stack(0x000000016bf2c000,0x000000016c12f000)]
  0x000000014c074800 JavaThread "Signal Dispatcher" daemon [_thread_blocked, id=42755, stack(0x000000016c250000,0x000000016c453000)]
  0x000000014b008e00 JavaThread "Service Thread" daemon [_thread_blocked, id=42499, stack(0x000000016c45c000,0x000000016c65f000)]
  0x000000014a00e400 JavaThread "Monitor Deflation Thread" daemon [_thread_blocked, id=23811, stack(0x000000016c668000,0x000000016c86b000)]
  0x000000014a00ea00 JavaThread "C2 CompilerThread0" daemon [_thread_blocked, id=24067, stack(0x000000016c874000,0x000000016ca77000)]
  0x000000012b00a400 JavaThread "C1 CompilerThread0" daemon [_thread_blocked, id=41731, stack(0x000000016ca80000,0x000000016cc83000)]
  0x000000014c072400 JavaThread "Sweeper thread" daemon [_thread_blocked, id=24579, stack(0x000000016cc8c000,0x000000016ce8f000)]
  0x000000014c072a00 JavaThread "Common-Cleaner" daemon [_thread_blocked, id=41219, stack(0x000000016ce98000,0x000000016d09b000)]
  0x000000014a83e600 JavaThread "Monitor Ctrl-Break" daemon [_thread_in_native, id=24835, stack(0x000000016d0a4000,0x000000016d2a7000)]
  0x000000014a841800 JavaThread "Notification Thread" daemon [_thread_blocked, id=25347, stack(0x000000016d2b0000,0x000000016d4b3000)]
  0x000000014a108a00 JavaThread "QuantumRenderer-0" daemon [_thread_blocked, id=26115, stack(0x000000016d6c8000,0x000000016d8cb000)]
=>0x000000014a0c6600 JavaThread "InvokeLaterDispatcher" daemon [_thread_in_native, id=30223, stack(0x000000016d8d4000,0x000000016dad7000)]
  0x000000014c0d8000 JavaThread "JavaFX Application Thread" [_thread_in_native, id=259, stack(0x000000016a644000,0x000000016ae40000)]
  0x000000014a202c00 JavaThread "JavaFX-Launcher" [_thread_blocked, id=59395, stack(0x000000016dd10000,0x000000016df13000)]
  0x000000014a3d7000 JavaThread "PulseTimer-CVDisplayLink thread" daemon [_thread_in_native, id=79375, stack(0x000000016dbf8000,0x000000016dc7b000)]
  0x000000014c269400 JavaThread "Prism Font Disposer" daemon [_thread_blocked, id=61447, stack(0x000000016e958000,0x000000016eb5b000)]
  0x000000014b07a600 JavaThread "Cleaner-0" daemon [_thread_blocked, id=65047, stack(0x000000016eb64000,0x000000016ed67000)]
  0x000000014aece600 JavaThread "Attach Listener" daemon [_thread_blocked, id=65291, stack(0x000000016ed70000,0x000000016ef73000)]

Other Threads:
  0x000000014b907f50 VMThread "VM Thread" [stack: 0x000000016bb14000,0x000000016bd17000] [id=15363]
  0x0000000149f0b250 WatcherThread [stack: 0x000000016d4bc000,0x000000016d6bf000] [id=25859]
  0x0000000149e06520 GCTaskThread "GC Thread#0" [stack: 0x000000016b0d8000,0x000000016b2db000] [id=12035]
  0x0000000149e27830 GCTaskThread "GC Thread#1" [stack: 0x000000016df1c000,0x000000016e11f000] [id=59651]
  0x0000000149e27ae0 GCTaskThread "GC Thread#2" [stack: 0x000000016e128000,0x000000016e32b000] [id=74499]
  0x0000000149f30ba0 GCTaskThread "GC Thread#3" [stack: 0x000000016e334000,0x000000016e537000] [id=73987]
  0x0000000149e27f60 GCTaskThread "GC Thread#4" [stack: 0x000000016e540000,0x000000016e743000] [id=60163]
  0x0000000149e287d0 GCTaskThread "GC Thread#5" [stack: 0x000000016e74c000,0x000000016e94f000] [id=60675]
  0x0000000149f05440 ConcurrentGCThread "G1 Main Marker" [stack: 0x000000016b2e4000,0x000000016b4e7000] [id=19459]
  0x000000014b905310 ConcurrentGCThread "G1 Conc#0" [stack: 0x000000016b4f0000,0x000000016b6f3000] [id=12803]
  0x000000014b907180 ConcurrentGCThread "G1 Refine#0" [stack: 0x000000016b6fc000,0x000000016b8ff000] [id=13315]
  0x0000000149e06ae0 ConcurrentGCThread "G1 Service" [stack: 0x000000016b908000,0x000000016bb0b000] [id=13827]

Threads with active compile tasks:

VM state: not at safepoint (normal execution)

VM Mutex/Monitor currently owned by a thread: None

Heap address: 0x0000000780000000, size: 2048 MB, Compressed Oops mode: Zero based, Oop shift amount: 3

CDS archive(s) mapped at: [0x0000000800000000-0x0000000800bd4000-0x0000000800bd4000), size 12402688, SharedBaseAddress: 0x0000000800000000, ArchiveRelocationMode: 0.
Compressed class space mapped at: 0x0000000800c00000-0x0000000840c00000, reserved size: 1073741824
Narrow klass base: 0x0000000800000000, Narrow klass shift: 0, Narrow klass range: 0x100000000

GC Precious Log:
 CPUs: 8 total, 8 available
 Memory: 8192M
 Large Page Support: Disabled
 NUMA Support: Disabled
 Compressed Oops: Enabled (Zero based)
 Heap Region Size: 1M
 Heap Min Capacity: 8M
 Heap Initial Capacity: 128M
 Heap Max Capacity: 2G
 Pre-touch: Disabled
 Parallel Workers: 8
 Concurrent Workers: 2
 Concurrent Refinement Workers: 8
 Periodic GC: Disabled

Heap:
 garbage-first heap   total 133120K, used 38901K [0x0000000780000000, 0x0000000800000000)
  region size 1024K, 37 young (37888K), 3 survivors (3072K)
 Metaspace       used 15540K, committed 15744K, reserved 1064960K
  class space    used 2342K, committed 2432K, reserved 1048576K

Heap Regions: E=young(eden), S=young(survivor), O=old, HS=humongous(starts), HC=humongous(continues), CS=collection set, F=free, OA=open archive, CA=closed archive, TAMS=top-at-mark-start (previous, next)
|   0|0x0000000780000000, 0x0000000780005600, 0x0000000780100000|  2%| O|  |TAMS 0x0000000780000000, 0x0000000780000000| Untracked 
|   1|0x0000000780100000, 0x0000000780200000, 0x0000000780200000|100%|HS|  |TAMS 0x0000000780100000, 0x0000000780100000| Complete 
|   2|0x0000000780200000, 0x0000000780300000, 0x0000000780300000|100%|HC|  |TAMS 0x0000000780200000, 0x0000000780200000| Complete 
|   3|0x0000000780300000, 0x0000000780300000, 0x0000000780400000|  0%| F|  |TAMS 0x0000000780300000, 0x0000000780300000| Untracked 
|   4|0x0000000780400000, 0x0000000780400000, 0x0000000780500000|  0%| F|  |TAMS 0x0000000780400000, 0x0000000780400000| Untracked 
|   5|0x0000000780500000, 0x0000000780500000, 0x0000000780600000|  0%| F|  |TAMS 0x0000000780500000, 0x0000000780500000| Untracked 
|   6|0x0000000780600000, 0x0000000780600000, 0x0000000780700000|  0%| F|  |TAMS 0x0000000780600000, 0x0000000780600000| Untracked 
|   7|0x0000000780700000, 0x0000000780700000, 0x0000000780800000|  0%| F|  |TAMS 0x0000000780700000, 0x0000000780700000| Untracked 
|   8|0x0000000780800000, 0x0000000780800000, 0x0000000780900000|  0%| F|  |TAMS 0x0000000780800000, 0x0000000780800000| Untracked 
|   9|0x0000000780900000, 0x0000000780900000, 0x0000000780a00000|  0%| F|  |TAMS 0x0000000780900000, 0x0000000780900000| Untracked 
|  10|0x0000000780a00000, 0x0000000780a00000, 0x0000000780b00000|  0%| F|  |TAMS 0x0000000780a00000, 0x0000000780a00000| Untracked 
|  11|0x0000000780b00000, 0x0000000780b00000, 0x0000000780c00000|  0%| F|  |TAMS 0x0000000780b00000, 0x0000000780b00000| Untracked 
|  12|0x0000000780c00000, 0x0000000780c00000, 0x0000000780d00000|  0%| F|  |TAMS 0x0000000780c00000, 0x0000000780c00000| Untracked 
|  13|0x0000000780d00000, 0x0000000780d00000, 0x0000000780e00000|  0%| F|  |TAMS 0x0000000780d00000, 0x0000000780d00000| Untracked 
|  14|0x0000000780e00000, 0x0000000780e00000, 0x0000000780f00000|  0%| F|  |TAMS 0x0000000780e00000, 0x0000000780e00000| Untracked 
|  15|0x0000000780f00000, 0x0000000780f00000, 0x0000000781000000|  0%| F|  |TAMS 0x0000000780f00000, 0x0000000780f00000| Untracked 
|  16|0x0000000781000000, 0x0000000781000000, 0x0000000781100000|  0%| F|  |TAMS 0x0000000781000000, 0x0000000781000000| Untracked 
|  17|0x0000000781100000, 0x0000000781100000, 0x0000000781200000|  0%| F|  |TAMS 0x0000000781100000, 0x0000000781100000| Untracked 
|  18|0x0000000781200000, 0x0000000781200000, 0x0000000781300000|  0%| F|  |TAMS 0x0000000781200000, 0x0000000781200000| Untracked 
|  19|0x0000000781300000, 0x0000000781300000, 0x0000000781400000|  0%| F|  |TAMS 0x0000000781300000, 0x0000000781300000| Untracked 
|  20|0x0000000781400000, 0x0000000781400000, 0x0000000781500000|  0%| F|  |TAMS 0x0000000781400000, 0x0000000781400000| Untracked 
|  21|0x0000000781500000, 0x0000000781500000, 0x0000000781600000|  0%| F|  |TAMS 0x0000000781500000, 0x0000000781500000| Untracked 
|  22|0x0000000781600000, 0x0000000781600000, 0x0000000781700000|  0%| F|  |TAMS 0x0000000781600000, 0x0000000781600000| Untracked 
|  23|0x0000000781700000, 0x0000000781700000, 0x0000000781800000|  0%| F|  |TAMS 0x0000000781700000, 0x0000000781700000| Untracked 
|  24|0x0000000781800000, 0x0000000781800000, 0x0000000781900000|  0%| F|  |TAMS 0x0000000781800000, 0x0000000781800000| Untracked 
|  25|0x0000000781900000, 0x0000000781900000, 0x0000000781a00000|  0%| F|  |TAMS 0x0000000781900000, 0x0000000781900000| Untracked 
|  26|0x0000000781a00000, 0x0000000781a00000, 0x0000000781b00000|  0%| F|  |TAMS 0x0000000781a00000, 0x0000000781a00000| Untracked 
|  27|0x0000000781b00000, 0x0000000781b00000, 0x0000000781c00000|  0%| F|  |TAMS 0x0000000781b00000, 0x0000000781b00000| Untracked 
|  28|0x0000000781c00000, 0x0000000781c00000, 0x0000000781d00000|  0%| F|  |TAMS 0x0000000781c00000, 0x0000000781c00000| Untracked 
|  29|0x0000000781d00000, 0x0000000781d00000, 0x0000000781e00000|  0%| F|  |TAMS 0x0000000781d00000, 0x0000000781d00000| Untracked 
|  30|0x0000000781e00000, 0x0000000781e00000, 0x0000000781f00000|  0%| F|  |TAMS 0x0000000781e00000, 0x0000000781e00000| Untracked 
|  31|0x0000000781f00000, 0x0000000781f00000, 0x0000000782000000|  0%| F|  |TAMS 0x0000000781f00000, 0x0000000781f00000| Untracked 
|  32|0x0000000782000000, 0x0000000782000000, 0x0000000782100000|  0%| F|  |TAMS 0x0000000782000000, 0x0000000782000000| Untracked 
|  33|0x0000000782100000, 0x0000000782100000, 0x0000000782200000|  0%| F|  |TAMS 0x0000000782100000, 0x0000000782100000| Untracked 
|  34|0x0000000782200000, 0x0000000782200000, 0x0000000782300000|  0%| F|  |TAMS 0x0000000782200000, 0x0000000782200000| Untracked 
|  35|0x0000000782300000, 0x0000000782300000, 0x0000000782400000|  0%| F|  |TAMS 0x0000000782300000, 0x0000000782300000| Untracked 
|  36|0x0000000782400000, 0x0000000782400000, 0x0000000782500000|  0%| F|  |TAMS 0x0000000782400000, 0x0000000782400000| Untracked 
|  37|0x0000000782500000, 0x0000000782500000, 0x0000000782600000|  0%| F|  |TAMS 0x0000000782500000, 0x0000000782500000| Untracked 
|  38|0x0000000782600000, 0x0000000782600000, 0x0000000782700000|  0%| F|  |TAMS 0x0000000782600000, 0x0000000782600000| Untracked 
|  39|0x0000000782700000, 0x0000000782700000, 0x0000000782800000|  0%| F|  |TAMS 0x0000000782700000, 0x0000000782700000| Untracked 
|  40|0x0000000782800000, 0x0000000782800000, 0x0000000782900000|  0%| F|  |TAMS 0x0000000782800000, 0x0000000782800000| Untracked 
|  41|0x0000000782900000, 0x0000000782900000, 0x0000000782a00000|  0%| F|  |TAMS 0x0000000782900000, 0x0000000782900000| Untracked 
|  42|0x0000000782a00000, 0x0000000782a00000, 0x0000000782b00000|  0%| F|  |TAMS 0x0000000782a00000, 0x0000000782a00000| Untracked 
|  43|0x0000000782b00000, 0x0000000782b00000, 0x0000000782c00000|  0%| F|  |TAMS 0x0000000782b00000, 0x0000000782b00000| Untracked 
|  44|0x0000000782c00000, 0x0000000782c00000, 0x0000000782d00000|  0%| F|  |TAMS 0x0000000782c00000, 0x0000000782c00000| Untracked 
|  45|0x0000000782d00000, 0x0000000782d00000, 0x0000000782e00000|  0%| F|  |TAMS 0x0000000782d00000, 0x0000000782d00000| Untracked 
|  46|0x0000000782e00000, 0x0000000782e00000, 0x0000000782f00000|  0%| F|  |TAMS 0x0000000782e00000, 0x0000000782e00000| Untracked 
|  47|0x0000000782f00000, 0x0000000782f00000, 0x0000000783000000|  0%| F|  |TAMS 0x0000000782f00000, 0x0000000782f00000| Untracked 
|  48|0x0000000783000000, 0x0000000783000000, 0x0000000783100000|  0%| F|  |TAMS 0x0000000783000000, 0x0000000783000000| Untracked 
|  49|0x0000000783100000, 0x0000000783100000, 0x0000000783200000|  0%| F|  |TAMS 0x0000000783100000, 0x0000000783100000| Untracked 
|  50|0x0000000783200000, 0x0000000783200000, 0x0000000783300000|  0%| F|  |TAMS 0x0000000783200000, 0x0000000783200000| Untracked 
|  51|0x0000000783300000, 0x0000000783300000, 0x0000000783400000|  0%| F|  |TAMS 0x0000000783300000, 0x0000000783300000| Untracked 
|  52|0x0000000783400000, 0x0000000783400000, 0x0000000783500000|  0%| F|  |TAMS 0x0000000783400000, 0x0000000783400000| Untracked 
|  53|0x0000000783500000, 0x0000000783500000, 0x0000000783600000|  0%| F|  |TAMS 0x0000000783500000, 0x0000000783500000| Untracked 
|  54|0x0000000783600000, 0x0000000783600000, 0x0000000783700000|  0%| F|  |TAMS 0x0000000783600000, 0x0000000783600000| Untracked 
|  55|0x0000000783700000, 0x0000000783700000, 0x0000000783800000|  0%| F|  |TAMS 0x0000000783700000, 0x0000000783700000| Untracked 
|  56|0x0000000783800000, 0x0000000783800000, 0x0000000783900000|  0%| F|  |TAMS 0x0000000783800000, 0x0000000783800000| Untracked 
|  57|0x0000000783900000, 0x0000000783900000, 0x0000000783a00000|  0%| F|  |TAMS 0x0000000783900000, 0x0000000783900000| Untracked 
|  58|0x0000000783a00000, 0x0000000783a00000, 0x0000000783b00000|  0%| F|  |TAMS 0x0000000783a00000, 0x0000000783a00000| Untracked 
|  59|0x0000000783b00000, 0x0000000783b00000, 0x0000000783c00000|  0%| F|  |TAMS 0x0000000783b00000, 0x0000000783b00000| Untracked 
|  60|0x0000000783c00000, 0x0000000783c00000, 0x0000000783d00000|  0%| F|  |TAMS 0x0000000783c00000, 0x0000000783c00000| Untracked 
|  61|0x0000000783d00000, 0x0000000783d00000, 0x0000000783e00000|  0%| F|  |TAMS 0x0000000783d00000, 0x0000000783d00000| Untracked 
|  62|0x0000000783e00000, 0x0000000783e00000, 0x0000000783f00000|  0%| F|  |TAMS 0x0000000783e00000, 0x0000000783e00000| Untracked 
|  63|0x0000000783f00000, 0x0000000783f00000, 0x0000000784000000|  0%| F|  |TAMS 0x0000000783f00000, 0x0000000783f00000| Untracked 
|  64|0x0000000784000000, 0x0000000784000000, 0x0000000784100000|  0%| F|  |TAMS 0x0000000784000000, 0x0000000784000000| Untracked 
|  65|0x0000000784100000, 0x0000000784100000, 0x0000000784200000|  0%| F|  |TAMS 0x0000000784100000, 0x0000000784100000| Untracked 
|  66|0x0000000784200000, 0x0000000784200000, 0x0000000784300000|  0%| F|  |TAMS 0x0000000784200000, 0x0000000784200000| Untracked 
|  67|0x0000000784300000, 0x0000000784300000, 0x0000000784400000|  0%| F|  |TAMS 0x0000000784300000, 0x0000000784300000| Untracked 
|  68|0x0000000784400000, 0x0000000784400000, 0x0000000784500000|  0%| F|  |TAMS 0x0000000784400000, 0x0000000784400000| Untracked 
|  69|0x0000000784500000, 0x0000000784500000, 0x0000000784600000|  0%| F|  |TAMS 0x0000000784500000, 0x0000000784500000| Untracked 
|  70|0x0000000784600000, 0x0000000784600000, 0x0000000784700000|  0%| F|  |TAMS 0x0000000784600000, 0x0000000784600000| Untracked 
|  71|0x0000000784700000, 0x0000000784700000, 0x0000000784800000|  0%| F|  |TAMS 0x0000000784700000, 0x0000000784700000| Untracked 
|  72|0x0000000784800000, 0x0000000784800000, 0x0000000784900000|  0%| F|  |TAMS 0x0000000784800000, 0x0000000784800000| Untracked 
|  73|0x0000000784900000, 0x0000000784900000, 0x0000000784a00000|  0%| F|  |TAMS 0x0000000784900000, 0x0000000784900000| Untracked 
|  74|0x0000000784a00000, 0x0000000784a00000, 0x0000000784b00000|  0%| F|  |TAMS 0x0000000784a00000, 0x0000000784a00000| Untracked 
|  75|0x0000000784b00000, 0x0000000784b00000, 0x0000000784c00000|  0%| F|  |TAMS 0x0000000784b00000, 0x0000000784b00000| Untracked 
|  76|0x0000000784c00000, 0x0000000784c00000, 0x0000000784d00000|  0%| F|  |TAMS 0x0000000784c00000, 0x0000000784c00000| Untracked 
|  77|0x0000000784d00000, 0x0000000784d00000, 0x0000000784e00000|  0%| F|  |TAMS 0x0000000784d00000, 0x0000000784d00000| Untracked 
|  78|0x0000000784e00000, 0x0000000784e00000, 0x0000000784f00000|  0%| F|  |TAMS 0x0000000784e00000, 0x0000000784e00000| Untracked 
|  79|0x0000000784f00000, 0x0000000784f00000, 0x0000000785000000|  0%| F|  |TAMS 0x0000000784f00000, 0x0000000784f00000| Untracked 
|  80|0x0000000785000000, 0x0000000785000000, 0x0000000785100000|  0%| F|  |TAMS 0x0000000785000000, 0x0000000785000000| Untracked 
|  81|0x0000000785100000, 0x0000000785100000, 0x0000000785200000|  0%| F|  |TAMS 0x0000000785100000, 0x0000000785100000| Untracked 
|  82|0x0000000785200000, 0x0000000785200000, 0x0000000785300000|  0%| F|  |TAMS 0x0000000785200000, 0x0000000785200000| Untracked 
|  83|0x0000000785300000, 0x0000000785300000, 0x0000000785400000|  0%| F|  |TAMS 0x0000000785300000, 0x0000000785300000| Untracked 
|  84|0x0000000785400000, 0x0000000785400000, 0x0000000785500000|  0%| F|  |TAMS 0x0000000785400000, 0x0000000785400000| Untracked 
|  85|0x0000000785500000, 0x0000000785500000, 0x0000000785600000|  0%| F|  |TAMS 0x0000000785500000, 0x0000000785500000| Untracked 
|  86|0x0000000785600000, 0x0000000785600000, 0x0000000785700000|  0%| F|  |TAMS 0x0000000785600000, 0x0000000785600000| Untracked 
|  87|0x0000000785700000, 0x0000000785700000, 0x0000000785800000|  0%| F|  |TAMS 0x0000000785700000, 0x0000000785700000| Untracked 
|  88|0x0000000785800000, 0x0000000785800000, 0x0000000785900000|  0%| F|  |TAMS 0x0000000785800000, 0x0000000785800000| Untracked 
|  89|0x0000000785900000, 0x0000000785900000, 0x0000000785a00000|  0%| F|  |TAMS 0x0000000785900000, 0x0000000785900000| Untracked 
|  90|0x0000000785a00000, 0x0000000785a00000, 0x0000000785b00000|  0%| F|  |TAMS 0x0000000785a00000, 0x0000000785a00000| Untracked 
|  91|0x0000000785b00000, 0x0000000785b526f0, 0x0000000785c00000| 32%| E|  |TAMS 0x0000000785b00000, 0x0000000785b00000| Complete 
|  92|0x0000000785c00000, 0x0000000785d00000, 0x0000000785d00000|100%| E|CS|TAMS 0x0000000785c00000, 0x0000000785c00000| Complete 
|  93|0x0000000785d00000, 0x0000000785e00000, 0x0000000785e00000|100%| E|CS|TAMS 0x0000000785d00000, 0x0000000785d00000| Complete 
|  94|0x0000000785e00000, 0x0000000785f00000, 0x0000000785f00000|100%| E|CS|TAMS 0x0000000785e00000, 0x0000000785e00000| Complete 
|  95|0x0000000785f00000, 0x0000000786000000, 0x0000000786000000|100%| E|  |TAMS 0x0000000785f00000, 0x0000000785f00000| Complete 
|  96|0x0000000786000000, 0x0000000786100000, 0x0000000786100000|100%| E|CS|TAMS 0x0000000786000000, 0x0000000786000000| Complete 
|  97|0x0000000786100000, 0x0000000786200000, 0x0000000786200000|100%| E|CS|TAMS 0x0000000786100000, 0x0000000786100000| Complete 
|  98|0x0000000786200000, 0x0000000786300000, 0x0000000786300000|100%| E|CS|TAMS 0x0000000786200000, 0x0000000786200000| Complete 
|  99|0x0000000786300000, 0x0000000786400000, 0x0000000786400000|100%| E|CS|TAMS 0x0000000786300000, 0x0000000786300000| Complete 
| 100|0x0000000786400000, 0x0000000786500000, 0x0000000786500000|100%| E|CS|TAMS 0x0000000786400000, 0x0000000786400000| Complete 
| 101|0x0000000786500000, 0x0000000786600000, 0x0000000786600000|100%| E|CS|TAMS 0x0000000786500000, 0x0000000786500000| Complete 
| 102|0x0000000786600000, 0x0000000786700000, 0x0000000786700000|100%| S|CS|TAMS 0x0000000786600000, 0x0000000786600000| Complete 
| 103|0x0000000786700000, 0x0000000786800000, 0x0000000786800000|100%| S|CS|TAMS 0x0000000786700000, 0x0000000786700000| Complete 
| 104|0x0000000786800000, 0x0000000786900000, 0x0000000786900000|100%| S|CS|TAMS 0x0000000786800000, 0x0000000786800000| Complete 
| 105|0x0000000786900000, 0x0000000786a00000, 0x0000000786a00000|100%| E|CS|TAMS 0x0000000786900000, 0x0000000786900000| Complete 
| 106|0x0000000786a00000, 0x0000000786b00000, 0x0000000786b00000|100%| E|CS|TAMS 0x0000000786a00000, 0x0000000786a00000| Complete 
| 107|0x0000000786b00000, 0x0000000786c00000, 0x0000000786c00000|100%| E|CS|TAMS 0x0000000786b00000, 0x0000000786b00000| Complete 
| 108|0x0000000786c00000, 0x0000000786d00000, 0x0000000786d00000|100%| E|CS|TAMS 0x0000000786c00000, 0x0000000786c00000| Complete 
| 109|0x0000000786d00000, 0x0000000786e00000, 0x0000000786e00000|100%| E|CS|TAMS 0x0000000786d00000, 0x0000000786d00000| Complete 
| 110|0x0000000786e00000, 0x0000000786f00000, 0x0000000786f00000|100%| E|CS|TAMS 0x0000000786e00000, 0x0000000786e00000| Complete 
| 111|0x0000000786f00000, 0x0000000787000000, 0x0000000787000000|100%| E|CS|TAMS 0x0000000786f00000, 0x0000000786f00000| Complete 
| 112|0x0000000787000000, 0x0000000787100000, 0x0000000787100000|100%| E|CS|TAMS 0x0000000787000000, 0x0000000787000000| Complete 
| 113|0x0000000787100000, 0x0000000787200000, 0x0000000787200000|100%| E|CS|TAMS 0x0000000787100000, 0x0000000787100000| Complete 
| 114|0x0000000787200000, 0x0000000787300000, 0x0000000787300000|100%| E|CS|TAMS 0x0000000787200000, 0x0000000787200000| Complete 
| 115|0x0000000787300000, 0x0000000787400000, 0x0000000787400000|100%| E|CS|TAMS 0x0000000787300000, 0x0000000787300000| Complete 
| 116|0x0000000787400000, 0x0000000787500000, 0x0000000787500000|100%| E|CS|TAMS 0x0000000787400000, 0x0000000787400000| Complete 
| 117|0x0000000787500000, 0x0000000787600000, 0x0000000787600000|100%| E|CS|TAMS 0x0000000787500000, 0x0000000787500000| Complete 
| 118|0x0000000787600000, 0x0000000787700000, 0x0000000787700000|100%| E|CS|TAMS 0x0000000787600000, 0x0000000787600000| Complete 
| 119|0x0000000787700000, 0x0000000787800000, 0x0000000787800000|100%| E|CS|TAMS 0x0000000787700000, 0x0000000787700000| Complete 
| 120|0x0000000787800000, 0x0000000787900000, 0x0000000787900000|100%| E|CS|TAMS 0x0000000787800000, 0x0000000787800000| Complete 
| 121|0x0000000787900000, 0x0000000787a00000, 0x0000000787a00000|100%| E|CS|TAMS 0x0000000787900000, 0x0000000787900000| Complete 
| 122|0x0000000787a00000, 0x0000000787b00000, 0x0000000787b00000|100%| E|CS|TAMS 0x0000000787a00000, 0x0000000787a00000| Complete 
| 123|0x0000000787b00000, 0x0000000787c00000, 0x0000000787c00000|100%| E|CS|TAMS 0x0000000787b00000, 0x0000000787b00000| Complete 
| 124|0x0000000787c00000, 0x0000000787d00000, 0x0000000787d00000|100%| E|CS|TAMS 0x0000000787c00000, 0x0000000787c00000| Complete 
| 125|0x0000000787d00000, 0x0000000787e00000, 0x0000000787e00000|100%| E|CS|TAMS 0x0000000787d00000, 0x0000000787d00000| Complete 
| 126|0x0000000787e00000, 0x0000000787f00000, 0x0000000787f00000|100%| E|CS|TAMS 0x0000000787e00000, 0x0000000787e00000| Complete 
| 127|0x0000000787f00000, 0x0000000788000000, 0x0000000788000000|100%| E|CS|TAMS 0x0000000787f00000, 0x0000000787f00000| Complete 
|2046|0x00000007ffe00000, 0x00000007ffe78000, 0x00000007fff00000| 46%|OA|  |TAMS 0x00000007ffe00000, 0x00000007ffe00000| Untracked 
|2047|0x00000007fff00000, 0x00000007fff80000, 0x0000000800000000| 50%|CA|  |TAMS 0x00000007fff00000, 0x00000007fff00000| Untracked 

Card table byte_map: [0x00000001058e8000,0x0000000105ce8000] _byte_map_base: 0x0000000101ce8000

Marking Bits (Prev, Next): (CMBitMap*) 0x000000014a808e10, (CMBitMap*) 0x000000014a808e50
 Prev Bits: [0x000000011d860000, 0x000000011f860000)
 Next Bits: [0x000000011f860000, 0x0000000121860000)

Polling page: 0x0000000105144000

Metaspace:

Usage:
  Non-class:     12.89 MB used.
      Class:      2.29 MB used.
       Both:     15.18 MB used.

Virtual space:
  Non-class space:       16.00 MB reserved,      13.00 MB ( 81%) committed,  2 nodes.
      Class space:        1.00 GB reserved,       2.38 MB ( <1%) committed,  1 nodes.
             Both:        1.02 GB reserved,      15.38 MB (  1%) committed. 

Chunk freelists:
   Non-Class:  3.05 MB
       Class:  1.57 MB
        Both:  4.62 MB

MaxMetaspaceSize: unlimited
CompressedClassSpaceSize: 1.00 GB
Initial GC threshold: 21.00 MB
Current GC threshold: 21.00 MB
CDS: on
MetaspaceReclaimPolicy: balanced
 - commit_granule_bytes: 65536.
 - commit_granule_words: 8192.
 - virtual_space_node_default_size: 1048576.
 - enlarge_chunks_in_place: 1.
 - new_chunks_are_fully_committed: 0.
 - uncommit_free_chunks: 1.
 - use_allocation_guard: 0.
 - handle_deallocations: 1.


Internal statistics:

num_allocs_failed_limit: 0.
num_arena_births: 198.
num_arena_deaths: 0.
num_vsnodes_births: 3.
num_vsnodes_deaths: 0.
num_space_committed: 246.
num_space_uncommitted: 0.
num_chunks_returned_to_freelist: 0.
num_chunks_taken_from_freelist: 693.
num_chunk_merges: 0.
num_chunk_splits: 487.
num_chunks_enlarged: 384.
num_purges: 0.
num_inconsistent_stats: 0.

CodeHeap 'non-profiled nmethods': size=120032Kb used=892Kb max_used=892Kb free=119139Kb
 bounds [0x0000000116328000, 0x0000000116598000, 0x000000011d860000]
CodeHeap 'profiled nmethods': size=120016Kb used=4183Kb max_used=4183Kb free=115833Kb
 bounds [0x000000010edf4000, 0x000000010f214000, 0x0000000116328000]
CodeHeap 'non-nmethods': size=5712Kb used=1382Kb max_used=1457Kb free=4329Kb
 bounds [0x000000010e860000, 0x000000010ead0000, 0x000000010edf4000]
 total_blobs=2874 nmethods=2101 adapters=689
 compilation: enabled
              stopped_count=0, restarted_count=0
 full_count=0

Compilation events (20 events):
Event: 1.954 Thread 0x000000012b00a400 2151       3       java.util.WeakHashMap$EntrySet::iterator (12 bytes)
Event: 1.954 Thread 0x000000012b00a400 nmethod 2151 0x000000010f204c90 code [0x000000010f204e40, 0x000000010f2050d8]
Event: 1.960 Thread 0x000000012b00a400 2152       3       com.sun.javafx.scene.NodeHelper::getSubScene (10 bytes)
Event: 1.961 Thread 0x000000012b00a400 nmethod 2152 0x000000010f205210 code [0x000000010f2053c0, 0x000000010f2055a8]
Event: 1.961 Thread 0x000000012b00a400 2153       3       javafx.scene.Node$1::getSubScene (5 bytes)
Event: 1.961 Thread 0x000000012b00a400 nmethod 2153 0x000000010f205710 code [0x000000010f2058c0, 0x000000010f205a28]
Event: 1.968 Thread 0x000000012b00a400 2154       3       com.sun.javafx.event.EventDispatchChainImpl::prepend (77 bytes)
Event: 1.969 Thread 0x000000012b00a400 nmethod 2154 0x000000010f205b10 code [0x000000010f205d00, 0x000000010f206188]
Event: 1.969 Thread 0x000000012b00a400 2155       3       com.sun.javafx.event.EventDispatchChainImpl::ensureCapacity (89 bytes)
Event: 1.969 Thread 0x000000012b00a400 nmethod 2155 0x000000010f206310 code [0x000000010f206500, 0x000000010f206b08]
Event: 1.969 Thread 0x000000012b00a400 2156       1       java.lang.Thread::isInterrupted (5 bytes)
Event: 1.970 Thread 0x000000012b00a400 nmethod 2156 0x0000000116406d10 code [0x0000000116406e80, 0x0000000116406f68]
Event: 1.976 Thread 0x000000012b00a400 2159       3       com.sun.javafx.geom.transform.Translate2D::inverseDeltaTransform (19 bytes)
Event: 1.976 Thread 0x000000012b00a400 nmethod 2159 0x000000010f206c90 code [0x000000010f206e40, 0x000000010f207168]
Event: 1.976 Thread 0x000000012b00a400 2157       3       com.sun.javafx.scene.NodeHelper::intersectsBounds (11 bytes)
Event: 1.977 Thread 0x000000012b00a400 nmethod 2157 0x000000010f207310 code [0x000000010f2074c0, 0x000000010f2076d8]
Event: 1.977 Thread 0x000000012b00a400 2158       3       javafx.scene.Node$1::intersectsBounds (6 bytes)
Event: 1.977 Thread 0x000000012b00a400 nmethod 2158 0x000000010f207810 code [0x000000010f2079c0, 0x000000010f207b58]
Event: 1.985 Thread 0x000000014a00ea00 2161       4       com.sun.javafx.geom.RectBounds::getBoundsType (4 bytes)
Event: 1.985 Thread 0x000000012b00a400 2160       3       javafx.scene.layout.Region::doPickNodeLocal (30 bytes)

GC Heap History (2 events):
Event: 0.630 GC heap before
{Heap before GC invocations=0 (full 0):
 garbage-first heap   total 133120K, used 23520K [0x0000000780000000, 0x0000000800000000)
  region size 1024K, 23 young (23552K), 0 survivors (0K)
 Metaspace       used 7817K, committed 8000K, reserved 1056768K
  class space    used 1029K, committed 1152K, reserved 1048576K
}
Event: 0.632 GC heap after
{Heap after GC invocations=1 (full 0):
 garbage-first heap   total 133120K, used 4085K [0x0000000780000000, 0x0000000800000000)
  region size 1024K, 3 young (3072K), 3 survivors (3072K)
 Metaspace       used 7817K, committed 8000K, reserved 1056768K
  class space    used 1029K, committed 1152K, reserved 1048576K
}

Deoptimization events (20 events):
Event: 1.511 Thread 0x000000014a108a00 DEOPT PACKING pc=0x000000010f176138 sp=0x000000016d8c8490
Event: 1.511 Thread 0x000000014a108a00 DEOPT UNPACKING pc=0x000000010e89eb7c sp=0x000000016d8c80f0 mode 0
Event: 1.511 Thread 0x000000014a108a00 DEOPT PACKING pc=0x000000010f176138 sp=0x000000016d8c8490
Event: 1.511 Thread 0x000000014a108a00 DEOPT UNPACKING pc=0x000000010e89eb7c sp=0x000000016d8c80f0 mode 0
Event: 1.511 Thread 0x000000014a108a00 DEOPT PACKING pc=0x000000010f176138 sp=0x000000016d8c8490
Event: 1.511 Thread 0x000000014a108a00 DEOPT UNPACKING pc=0x000000010e89eb7c sp=0x000000016d8c80f0 mode 0
Event: 1.511 Thread 0x000000014a108a00 DEOPT PACKING pc=0x000000010f176138 sp=0x000000016d8c8490
Event: 1.511 Thread 0x000000014a108a00 DEOPT UNPACKING pc=0x000000010e89eb7c sp=0x000000016d8c80f0 mode 0
Event: 1.511 Thread 0x000000014a108a00 DEOPT PACKING pc=0x000000010f176138 sp=0x000000016d8c8490
Event: 1.511 Thread 0x000000014a108a00 DEOPT UNPACKING pc=0x000000010e89eb7c sp=0x000000016d8c80f0 mode 0
Event: 1.511 Thread 0x000000014a108a00 DEOPT PACKING pc=0x000000010f176138 sp=0x000000016d8c8490
Event: 1.511 Thread 0x000000014a108a00 DEOPT UNPACKING pc=0x000000010e89eb7c sp=0x000000016d8c80f0 mode 0
Event: 1.512 Thread 0x000000014a108a00 DEOPT PACKING pc=0x000000010f176138 sp=0x000000016d8c8490
Event: 1.512 Thread 0x000000014a108a00 DEOPT UNPACKING pc=0x000000010e89eb7c sp=0x000000016d8c80f0 mode 0
Event: 1.512 Thread 0x000000014a108a00 DEOPT PACKING pc=0x000000010f176138 sp=0x000000016d8c8490
Event: 1.512 Thread 0x000000014a108a00 DEOPT UNPACKING pc=0x000000010e89eb7c sp=0x000000016d8c80f0 mode 0
Event: 1.512 Thread 0x000000014a108a00 DEOPT PACKING pc=0x000000010f176138 sp=0x000000016d8c8490
Event: 1.512 Thread 0x000000014a108a00 DEOPT UNPACKING pc=0x000000010e89eb7c sp=0x000000016d8c80f0 mode 0
Event: 1.512 Thread 0x000000014a108a00 DEOPT PACKING pc=0x000000010f180b60 sp=0x000000016d8c87f0
Event: 1.512 Thread 0x000000014a108a00 DEOPT UNPACKING pc=0x000000010e89eb7c sp=0x000000016d8c8490 mode 0

Classes unloaded (0 events):
No events

Classes redefined (0 events):
No events

Internal exceptions (20 events):
Event: 0.776 Thread 0x000000014c0d8000 Exception <a 'java/io/FileNotFoundException'{0x000000078770fc58}> (0x000000078770fc58) 
thrown [open/src/hotspot/share/prims/jni.cpp, line 516]
Event: 0.776 Thread 0x000000014c0d8000 Exception <a 'java/io/FileNotFoundException'{0x00000007877105c8}> (0x00000007877105c8) 
thrown [open/src/hotspot/share/prims/jni.cpp, line 516]
Event: 0.792 Thread 0x000000014c0d8000 Exception <a 'sun/nio/fs/UnixException'{0x0000000787652ab0}> (0x0000000787652ab0) 
thrown [open/src/hotspot/share/prims/jni.cpp, line 516]
Event: 0.795 Thread 0x000000014c0d8000 Implicit null exception at 0x00000001163669f8 to 0x0000000116366a88
Event: 0.860 Thread 0x000000014c0d8000 Exception <a 'java/lang/ClassNotFoundException'{0x00000007871f3658}: com/sun/javafx/scene/control/skin/resources/controls> (0x00000007871f3658) 
thrown [open/src/hotspot/share/prims/jni.cpp, line 535]
Event: 0.860 Thread 0x000000014c0d8000 Exception <a 'java/lang/ClassNotFoundException'{0x0000000787001df8}: com/sun/javafx/scene/control/skin/resources/controls_zh> (0x0000000787001df8) 
thrown [open/src/hotspot/share/prims/jni.cpp, line 535]
Event: 0.860 Thread 0x000000014c0d8000 Exception <a 'java/lang/ClassNotFoundException'{0x0000000787002d90}: com/sun/javafx/scene/control/skin/resources/controls_zh_TW> (0x0000000787002d90) 
thrown [open/src/hotspot/share/prims/jni.cpp, line 535]
Event: 0.861 Thread 0x000000014c0d8000 Exception <a 'java/lang/ClassNotFoundException'{0x0000000787011118}: com/sun/javafx/scene/control/skin/resources/controls_zh_Hant> (0x0000000787011118) 
thrown [open/src/hotspot/share/prims/jni.cpp, line 535]
Event: 0.861 Thread 0x000000014c0d8000 Exception <a 'java/lang/ClassNotFoundException'{0x00000007870120b8}: com/sun/javafx/scene/control/skin/resources/controls_zh_Hant_TW> (0x00000007870120b8) 
thrown [open/src/hotspot/share/prims/jni.cpp, line 535]
Event: 0.877 Thread 0x000000014c0d8000 Exception <a 'java/lang/NoSuchMethodError'{0x0000000786e2acb0}: 'void java.lang.invoke.DirectMethodHandle$Holder.invokeSpecial(java.lang.Object, java.lang.Object, java.lang.Object, java.lang.Object, java.lang.Object, java.lang.Object)'> (0x0000000786e2acb0) 
thrown [open/src/hotspot/share/interpreter/linkResolver.cpp, line 766]
Event: 0.896 Thread 0x000000014c0d8000 Exception <a 'java/lang/NoSuchMethodError'{0x0000000786b12700}: 'java.lang.Object java.lang.invoke.DirectMethodHandle$Holder.invokeInterface(java.lang.Object, java.lang.Object, java.lang.Object)'> (0x0000000786b12700) 
thrown [open/src/hotspot/share/interpreter/linkResolver.cpp, line 766]
Event: 0.896 Thread 0x000000014c0d8000 Exception <a 'java/lang/IncompatibleClassChangeError'{0x0000000786b16088}: Found class java.lang.Object, but interface was expected> (0x0000000786b16088) 
thrown [open/src/hotspot/share/interpreter/linkResolver.cpp, line 833]
Event: 0.945 Thread 0x000000014c0d8000 Exception <a 'java/lang/NoSuchMethodError'{0x000000078635f910}: 'java.lang.Object java.lang.invoke.DirectMethodHandle$Holder.newInvokeSpecial(java.lang.Object, java.lang.Object, int, int)'> (0x000000078635f910) 
thrown [open/src/hotspot/share/interpreter/linkResolver.cpp, line 766]
Event: 0.949 Thread 0x000000014c0d8000 Exception <a 'java/lang/NoSuchMethodError'{0x000000078637fe10}: 'java.lang.Object java.lang.invoke.DirectMethodHandle$Holder.newInvokeSpecial(java.lang.Object, java.lang.Object, int)'> (0x000000078637fe10) 
thrown [open/src/hotspot/share/interpreter/linkResolver.cpp, line 766]
Event: 1.010 Thread 0x000000014a108a00 Exception <a 'java/lang/NoSuchMethodError'{0x000000078614e2c0}: 'int java.lang.invoke.DirectMethodHandle$Holder.invokeStaticInit(java.lang.Object, java.lang.Object)'> (0x000000078614e2c0) 
thrown [open/src/hotspot/share/interpreter/linkResolver.cpp, line 766]
Event: 1.022 Thread 0x000000014c0d8000 Exception <a 'java/lang/NoSuchMethodError'{0x00000007862d3198}: 'long java.lang.invoke.DirectMethodHandle$Holder.invokeStatic(java.lang.Object, java.lang.Object, java.lang.Object)'> (0x00000007862d3198) 
thrown [open/src/hotspot/share/interpreter/linkResolver.cpp, line 766]
Event: 1.022 Thread 0x000000014c0d8000 Exception <a 'java/lang/NoSuchMethodError'{0x00000007862d6940}: 'long java.lang.invoke.DirectMethodHandle$Holder.invokeStaticInit(java.lang.Object, java.lang.Object, java.lang.Object)'> (0x00000007862d6940) 
thrown [open/src/hotspot/share/interpreter/linkResolver.cpp, line 766]
Event: 1.023 Thread 0x000000014c0d8000 Exception <a 'java/lang/NoSuchMethodError'{0x000000078607a078}: 'java.lang.Object java.lang.invoke.DirectMethodHandle$Holder.newInvokeSpecial(java.lang.Object, java.lang.Object, long)'> (0x000000078607a078) 
thrown [open/src/hotspot/share/interpreter/linkResolver.cpp, line 766]
Event: 1.023 Thread 0x000000014c0d8000 Exception <a 'java/lang/NoSuchMethodError'{0x000000078607d940}: 'java.lang.Object java.lang.invoke.Invokers$Holder.linkToTargetMethod(java.lang.Object, long, java.lang.Object)'> (0x000000078607d940) 
thrown [open/src/hotspot/share/interpreter/linkResolver.cpp, line 766]
Event: 1.071 Thread 0x000000014a108a00 Exception <a 'java/lang/NoSuchMethodError'{0x0000000785dd28d8}: 'java.lang.Object java.lang.invoke.DirectMethodHandle$Holder.invokeStaticInit(java.lang.Object, int)'> (0x0000000785dd28d8) 
thrown [open/src/hotspot/share/interpreter/linkResolver.cpp, line 766]

VM Operations (20 events):
Event: 0.089 Executing VM operation: HandshakeAllThreads
Event: 0.089 Executing VM operation: HandshakeAllThreads done
Event: 0.218 Executing VM operation: ICBufferFull
Event: 0.218 Executing VM operation: ICBufferFull done
Event: 0.613 Executing VM operation: HandshakeAllThreads
Event: 0.613 Executing VM operation: HandshakeAllThreads done
Event: 0.629 Executing VM operation: G1CollectForAllocation
Event: 0.632 Executing VM operation: G1CollectForAllocation done
Event: 0.642 Executing VM operation: HandshakeAllThreads
Event: 0.642 Executing VM operation: HandshakeAllThreads done
Event: 0.664 Executing VM operation: ICBufferFull
Event: 0.664 Executing VM operation: ICBufferFull done
Event: 0.786 Executing VM operation: HandshakeAllThreads
Event: 0.786 Executing VM operation: HandshakeAllThreads done
Event: 0.844 Executing VM operation: ICBufferFull
Event: 0.844 Executing VM operation: ICBufferFull done
Event: 0.912 Executing VM operation: ICBufferFull
Event: 0.912 Executing VM operation: ICBufferFull done
Event: 0.940 Executing VM operation: ICBufferFull
Event: 0.940 Executing VM operation: ICBufferFull done

Events (20 events):
Event: 1.139 loading class sun/util/resources/cldr/TimeZoneNames
Event: 1.140 loading class sun/util/resources/TimeZoneNamesBundle
Event: 1.141 loading class sun/util/resources/OpenListResourceBundle
Event: 1.141 loading class sun/util/resources/OpenListResourceBundle done
Event: 1.141 loading class sun/util/resources/TimeZoneNamesBundle done
Event: 1.141 loading class sun/util/resources/cldr/TimeZoneNames done
Event: 1.142 loading class sun/util/resources/cldr/TimeZoneNames_en
Event: 1.143 loading class sun/util/resources/cldr/TimeZoneNames_en done
Event: 1.143 loading class sun/util/resources/cldr/TimeZoneNames_en_US
Event: 1.143 loading class sun/util/resources/cldr/TimeZoneNames_en_US done
Event: 1.144 loading class sun/util/resources/TimeZoneNames
Event: 1.145 loading class sun/util/resources/TimeZoneNames done
Event: 1.145 loading class sun/util/resources/TimeZoneNames_en
Event: 1.145 loading class sun/util/resources/TimeZoneNames_en done
Event: 1.601 loading class java/util/EnumMap$Values
Event: 1.601 loading class java/util/EnumMap$Values done
Event: 1.601 loading class java/util/EnumMap$ValueIterator
Event: 1.601 loading class java/util/EnumMap$EnumMapIterator
Event: 1.601 loading class java/util/EnumMap$EnumMapIterator done
Event: 1.601 loading class java/util/EnumMap$ValueIterator done


Dynamic libraries:
0x00000001050f4000 	/Library/Java/JavaVirtualMachines/jdk-17.0.1.jdk/Contents/Home/lib/libjli.dylib
0x0000000194f96000 	/usr/lib/libz.1.dylib
0x0000000195046000 	/usr/lib/libSystem.B.dylib
0x0000000195040000 	/usr/lib/system/libcache.dylib
0x0000000194ffe000 	/usr/lib/system/libcommonCrypto.dylib
0x0000000195027000 	/usr/lib/system/libcompiler_rt.dylib
0x000000019501e000 	/usr/lib/system/libcopyfile.dylib
0x000000018a34a000 	/usr/lib/system/libcorecrypto.dylib
0x000000018a3ef000 	/usr/lib/system/libdispatch.dylib
0x000000018a5b7000 	/usr/lib/system/libdyld.dylib
0x0000000195036000 	/usr/lib/system/libkeymgr.dylib
0x0000000194fe0000 	/usr/lib/system/libmacho.dylib
0x00000001946ec000 	/usr/lib/system/libquarantine.dylib
0x0000000195033000 	/usr/lib/system/libremovefile.dylib
0x000000018f739000 	/usr/lib/system/libsystem_asl.dylib
0x000000018a2f4000 	/usr/lib/system/libsystem_blocks.dylib
0x000000018a475000 	/usr/lib/system/libsystem_c.dylib
0x000000019502b000 	/usr/lib/system/libsystem_collections.dylib
0x0000000193b49000 	/usr/lib/system/libsystem_configuration.dylib
0x0000000192dcf000 	/usr/lib/system/libsystem_containermanager.dylib
0x0000000194d4a000 	/usr/lib/system/libsystem_coreservices.dylib
0x000000018ccdc000 	/usr/lib/system/libsystem_darwin.dylib
0x0000000195037000 	/usr/lib/system/libsystem_dnssd.dylib
0x000000018a472000 	/usr/lib/system/libsystem_featureflags.dylib
0x000000018a5cc000 	/usr/lib/system/libsystem_info.dylib
0x0000000194fa8000 	/usr/lib/system/libsystem_m.dylib
0x000000018a3c4000 	/usr/lib/system/libsystem_malloc.dylib
0x000000018f6ca000 	/usr/lib/system/libsystem_networkextension.dylib
0x000000018d12f000 	/usr/lib/system/libsystem_notify.dylib
0x000000019b213000 	/usr/lib/system/libsystem_product_info_filter.dylib
0x0000000193b4e000 	/usr/lib/system/libsystem_sandbox.dylib
0x0000000195030000 	/usr/lib/system/libsystem_secinit.dylib
0x000000018a574000 	/usr/lib/system/libsystem_kernel.dylib
0x000000018a5c4000 	/usr/lib/system/libsystem_platform.dylib
0x000000018a5aa000 	/usr/lib/system/libsystem_pthread.dylib
0x0000000190e6f000 	/usr/lib/system/libsystem_symptoms.dylib
0x000000018a330000 	/usr/lib/system/libsystem_trace.dylib
0x000000019500b000 	/usr/lib/system/libunwind.dylib
0x000000018a2f6000 	/usr/lib/system/libxpc.dylib
0x000000018a55a000 	/usr/lib/libc++abi.dylib
0x000000018a436000 	/usr/lib/libobjc.A.dylib
0x0000000195016000 	/usr/lib/liboah.dylib
0x000000018a4f6000 	/usr/lib/libc++.1.dylib
0x00000001a0bf0000 	/System/Library/Frameworks/Cocoa.framework/Versions/A/Cocoa
0x000000018d18e000 	/System/Library/Frameworks/AppKit.framework/Versions/C/AppKit
0x00000001906b0000 	/System/Library/Frameworks/CoreData.framework/Versions/A/CoreData
0x000000018b4ef000 	/System/Library/Frameworks/Foundation.framework/Versions/C/Foundation
0x000000018e040000 	/System/Library/PrivateFrameworks/UIFoundation.framework/Versions/A/UIFoundation
0x000000019af0d000 	/System/Library/PrivateFrameworks/RemoteViewServices.framework/Versions/A/RemoteViewServices
0x0000000193508000 	/System/Library/PrivateFrameworks/XCTTargetBootstrap.framework/Versions/A/XCTTargetBootstrap
0x0000000196d48000 	/System/Library/PrivateFrameworks/InternationalSupport.framework/Versions/A/InternationalSupport
0x0000000196dd1000 	/System/Library/PrivateFrameworks/UserActivity.framework/Versions/A/UserActivity
0x0000000196273000 	/usr/lib/libspindump.dylib
0x000000018e2b0000 	/System/Library/Frameworks/UniformTypeIdentifiers.framework/Versions/A/UniformTypeIdentifiers
0x0000000191a96000 	/usr/lib/libapp_launch_measurement.dylib
0x0000000191013000 	/System/Library/PrivateFrameworks/CoreAnalytics.framework/Versions/A/CoreAnalytics
0x0000000191a99000 	/System/Library/PrivateFrameworks/CoreAutoLayout.framework/Versions/A/CoreAutoLayout
0x0000000192e0c000 	/System/Library/Frameworks/Metal.framework/Versions/A/Metal
0x0000000193b59000 	/usr/lib/liblangid.dylib
0x000000019350c000 	/System/Library/PrivateFrameworks/CoreSVG.framework/Versions/A/CoreSVG
0x000000018f76d000 	/System/Library/PrivateFrameworks/SkyLight.framework/Versions/A/SkyLight
0x000000018fb35000 	/System/Library/Frameworks/CoreGraphics.framework/Versions/A/CoreGraphics
0x000000019b586000 	/System/Library/Frameworks/Accelerate.framework/Versions/A/Accelerate
0x0000000195ce8000 	/System/Library/PrivateFrameworks/IconServices.framework/Versions/A/IconServices
0x0000000192dee000 	/System/Library/Frameworks/IOSurface.framework/Versions/A/IOSurface
0x0000000191043000 	/usr/lib/libDiagnosticMessagesClient.dylib
0x000000019e9be000 	/System/Library/Frameworks/ApplicationServices.framework/Versions/A/ApplicationServices
0x00000001934f0000 	/System/Library/PrivateFrameworks/DFRFoundation.framework/Versions/A/DFRFoundation
0x000000018ca31000 	/usr/lib/libicucore.A.dylib
0x0000000197b45000 	/System/Library/Frameworks/AudioToolbox.framework/Versions/A/AudioToolbox
0x0000000196d54000 	/System/Library/PrivateFrameworks/DataDetectorsCore.framework/Versions/A/DataDetectorsCore
0x00000001acd70000 	/System/Library/PrivateFrameworks/TextInput.framework/Versions/A/TextInput
0x000000018f6e4000 	/usr/lib/libMobileGestalt.dylib
0x00000001931c0000 	/System/Library/Frameworks/Carbon.framework/Versions/A/Frameworks/HIToolbox.framework/Versions/A/HIToolbox
0x00000001914a0000 	/System/Library/Frameworks/QuartzCore.framework/Versions/A/QuartzCore
0x000000018c6ae000 	/System/Library/Frameworks/Security.framework/Versions/A/Security
0x000000019af4d000 	/System/Library/Frameworks/Carbon.framework/Versions/A/Frameworks/SpeechRecognition.framework/Versions/A/SpeechRecognition
0x00000001917ed000 	/System/Library/PrivateFrameworks/CoreUI.framework/Versions/A/CoreUI
0x000000018bf81000 	/System/Library/Frameworks/CoreAudio.framework/Versions/A/CoreAudio
0x0000000191133000 	/System/Library/Frameworks/DiskArbitration.framework/Versions/A/DiskArbitration
0x000000019665b000 	/System/Library/PrivateFrameworks/MultitouchSupport.framework/Versions/A/MultitouchSupport
0x000000018f6e2000 	/usr/lib/libenergytrace.dylib
0x000000018d05a000 	/System/Library/Frameworks/IOKit.framework/Versions/A/IOKit
0x000000019b334000 	/System/Library/Frameworks/CoreServices.framework/Versions/A/CoreServices
0x0000000191a26000 	/System/Library/PrivateFrameworks/PerformanceAnalysis.framework/Versions/A/PerformanceAnalysis
0x00000001eb595000 	/System/Library/Frameworks/OpenGL.framework/Versions/A/OpenGL
0x000000019460c000 	/System/Library/PrivateFrameworks/MobileKeyBag.framework/Versions/A/MobileKeyBag
0x0000000190145000 	/System/Library/Frameworks/ColorSync.framework/Versions/A/ColorSync
0x000000018a5f8000 	/System/Library/Frameworks/CoreFoundation.framework/Versions/A/CoreFoundation
0x000000019378d000 	/System/Library/Frameworks/CoreImage.framework/Versions/A/CoreImage
0x000000018bda4000 	/System/Library/Frameworks/CoreText.framework/Versions/A/CoreText
0x000000019353c000 	/System/Library/Frameworks/ImageIO.framework/Versions/A/ImageIO
0x000000019504c000 	/System/Library/PrivateFrameworks/SoftLinking.framework/Versions/A/SoftLinking
0x0000000191ae3000 	/usr/lib/libxml2.2.dylib
0x00000001952e4000 	/usr/lib/libcompression.dylib
0x0000000196ca1000 	/System/Library/PrivateFrameworks/TextureIO.framework/Versions/A/TextureIO
0x0000000195a02000 	/usr/lib/libate.dylib
0x00000001958ca000 	/usr/lib/liblzma.5.dylib
0x000000018b1e0000 	/System/Library/Frameworks/SystemConfiguration.framework/Versions/A/SystemConfiguration
0x0000000195048000 	/usr/lib/libfakelink.dylib
0x000000018f212000 	/System/Library/Frameworks/CFNetwork.framework/Versions/A/CFNetwork
0x000000019518f000 	/usr/lib/libarchive.2.dylib
0x0000000193b55000 	/System/Library/PrivateFrameworks/AppleSystemInfo.framework/Versions/A/AppleSystemInfo
0x0000000194716000 	/usr/lib/libbsm.0.dylib
0x000000018e74f000 	/usr/lib/libnetwork.dylib
0x0000000194fe6000 	/usr/lib/system/libkxld.dylib
0x000000019432e000 	/System/Library/PrivateFrameworks/IOMobileFramebuffer.framework/Versions/A/IOMobileFramebuffer
0x0000000206ec0000 	/usr/lib/libCoreEntitlements.dylib
0x0000000194d2c000 	/System/Library/PrivateFrameworks/AppleFSCompression.framework/Versions/A/AppleFSCompression
0x00000001946ff000 	/usr/lib/libcoretls.dylib
0x00000001958e3000 	/usr/lib/libcoretls_cfhelpers.dylib
0x00000001952df000 	/usr/lib/libpam.2.dylib
0x0000000190a97000 	/usr/lib/libsqlite3.dylib
0x000000019594b000 	/usr/lib/libxar.1.dylib
0x0000000194d3d000 	/usr/lib/libbz2.1.0.dylib
0x000000019504d000 	/usr/lib/libpcap.A.dylib
0x0000000190e66000 	/usr/lib/libdns_services.dylib
0x00000001952b2000 	/usr/lib/libapple_nghttp2.dylib
0x000000019508a000 	/usr/lib/libiconv.2.dylib
0x0000000194fdf000 	/usr/lib/libcharset.1.dylib
0x0000000191a62000 	/System/Library/Frameworks/CoreServices.framework/Versions/A/Frameworks/FSEvents.framework/Versions/A/FSEvents
0x000000018cce7000 	/System/Library/Frameworks/CoreServices.framework/Versions/A/Frameworks/CarbonCore.framework/Versions/A/CarbonCore
0x0000000191096000 	/System/Library/Frameworks/CoreServices.framework/Versions/A/Frameworks/Metadata.framework/Versions/A/Metadata
0x0000000194d50000 	/System/Library/Frameworks/CoreServices.framework/Versions/A/Frameworks/OSServices.framework/Versions/A/OSServices
0x0000000195214000 	/System/Library/Frameworks/CoreServices.framework/Versions/A/Frameworks/SearchKit.framework/Versions/A/SearchKit
0x0000000190df4000 	/System/Library/Frameworks/CoreServices.framework/Versions/A/Frameworks/AE.framework/Versions/A/AE
0x000000018ab3c000 	/System/Library/Frameworks/CoreServices.framework/Versions/A/Frameworks/LaunchServices.framework/Versions/A/LaunchServices
0x0000000195873000 	/System/Library/Frameworks/CoreServices.framework/Versions/A/Frameworks/DictionaryServices.framework/Versions/A/DictionaryServices
0x0000000191a6f000 	/System/Library/Frameworks/CoreServices.framework/Versions/A/Frameworks/SharedFileList.framework/Versions/A/SharedFileList
0x00000001946ef000 	/usr/lib/libCheckFix.dylib
0x000000018f751000 	/System/Library/PrivateFrameworks/TCC.framework/Versions/A/TCC
0x0000000193b5b000 	/System/Library/PrivateFrameworks/CoreNLP.framework/Versions/A/CoreNLP
0x0000000191046000 	/System/Library/PrivateFrameworks/MetadataUtilities.framework/Versions/A/MetadataUtilities
0x000000018b299000 	/usr/lib/libmecabra.dylib
0x0000000194727000 	/usr/lib/libmecab.dylib
0x000000018b265000 	/usr/lib/libCRFSuite.dylib
0x0000000194785000 	/usr/lib/libgermantok.dylib
0x000000019528b000 	/usr/lib/libThaiTokenizer.dylib
0x000000019113b000 	/System/Library/Frameworks/Accelerate.framework/Versions/A/Frameworks/vImage.framework/Versions/A/vImage
0x000000019b30b000 	/System/Library/Frameworks/Accelerate.framework/Versions/A/Frameworks/vecLib.framework/Versions/A/vecLib
0x000000019598f000 	/System/Library/Frameworks/Accelerate.framework/Versions/A/Frameworks/vecLib.framework/Versions/A/libvMisc.dylib
0x0000000194238000 	/System/Library/Frameworks/Accelerate.framework/Versions/A/Frameworks/vecLib.framework/Versions/A/libvDSP.dylib
0x000000018aebf000 	/System/Library/Frameworks/Accelerate.framework/Versions/A/Frameworks/vecLib.framework/Versions/A/libBLAS.dylib
0x00000001953b3000 	/System/Library/Frameworks/Accelerate.framework/Versions/A/Frameworks/vecLib.framework/Versions/A/libLAPACK.dylib
0x0000000194788000 	/System/Library/Frameworks/Accelerate.framework/Versions/A/Frameworks/vecLib.framework/Versions/A/libLinearAlgebra.dylib
0x00000001952ca000 	/System/Library/Frameworks/Accelerate.framework/Versions/A/Frameworks/vecLib.framework/Versions/A/libSparseBLAS.dylib
0x00000001953ae000 	/System/Library/Frameworks/Accelerate.framework/Versions/A/Frameworks/vecLib.framework/Versions/A/libQuadrature.dylib
0x0000000193c52000 	/System/Library/Frameworks/Accelerate.framework/Versions/A/Frameworks/vecLib.framework/Versions/A/libBNNS.dylib
0x000000018b17d000 	/System/Library/Frameworks/Accelerate.framework/Versions/A/Frameworks/vecLib.framework/Versions/A/libSparse.dylib
0x0000000193c4a000 	/System/Library/PrivateFrameworks/LinguisticData.framework/Versions/A/LinguisticData
0x000000018b133000 	/System/Library/PrivateFrameworks/Lexicon.framework/Versions/A/Lexicon
0x0000000195987000 	/usr/lib/libChineseTokenizer.dylib
0x000000018b8dd000 	/System/Library/PrivateFrameworks/LanguageModeling.framework/Versions/A/LanguageModeling
0x000000019528d000 	/System/Library/PrivateFrameworks/AppleSauce.framework/Versions/A/AppleSauce
0x000000019431b000 	/System/Library/PrivateFrameworks/CoreEmoji.framework/Versions/A/CoreEmoji
0x000000019517d000 	/usr/lib/libcmph.dylib
0x0000000191a42000 	/System/Library/Frameworks/OpenDirectory.framework/Versions/A/Frameworks/CFOpenDirectory.framework/Versions/A/CFOpenDirectory
0x0000000191a32000 	/System/Library/Frameworks/OpenDirectory.framework/Versions/A/OpenDirectory
0x00000001958e5000 	/System/Library/PrivateFrameworks/APFS.framework/Versions/A/APFS
0x0000000194647000 	/System/Library/Frameworks/SecurityFoundation.framework/Versions/A/SecurityFoundation
0x0000000195959000 	/usr/lib/libutil.dylib
0x000000018d01c000 	/System/Library/PrivateFrameworks/CoreServicesStore.framework/Versions/A/CoreServicesStore
0x000000019595d000 	/usr/lib/libxslt.1.dylib
0x00000001946db000 	/System/Library/PrivateFrameworks/BackgroundTaskManagement.framework/Versions/A/BackgroundTaskManagement
0x0000000196bc2000 	/System/Library/Frameworks/ImageIO.framework/Versions/A/Resources/libRadiance.dylib
0x0000000196bcb000 	/System/Library/Frameworks/ImageIO.framework/Versions/A/Resources/libJPEG.dylib
0x0000000196b1d000 	/System/Library/Frameworks/ImageIO.framework/Versions/A/Resources/libPng.dylib
0x0000000196b3f000 	/System/Library/Frameworks/ImageIO.framework/Versions/A/Resources/libTIFF.dylib
0x0000000196c26000 	/System/Library/Frameworks/ImageIO.framework/Versions/A/Resources/libGIF.dylib
0x000000019656b000 	/System/Library/Frameworks/ImageIO.framework/Versions/A/Resources/libJP2.dylib
0x0000000195cae000 	/usr/lib/libexpat.1.dylib
0x0000000196526000 	/System/Library/PrivateFrameworks/AppleJPEG.framework/Versions/A/AppleJPEG
0x000000019307f000 	/System/Library/PrivateFrameworks/FontServices.framework/libFontParser.dylib
0x0000000190d99000 	/System/Library/PrivateFrameworks/RunningBoardServices.framework/Versions/A/RunningBoardServices
0x00000001a125b000 	/System/Library/PrivateFrameworks/IOSurfaceAccelerator.framework/Versions/A/IOSurfaceAccelerator
0x0000000196657000 	/System/Library/PrivateFrameworks/WatchdogClient.framework/Versions/A/WatchdogClient
0x000000018b9e1000 	/System/Library/Frameworks/CoreDisplay.framework/Versions/A/CoreDisplay
0x0000000192f6e000 	/System/Library/Frameworks/CoreMedia.framework/Versions/A/CoreMedia
0x0000000192e02000 	/System/Library/PrivateFrameworks/IOAccelerator.framework/Versions/A/IOAccelerator
0x0000000191bd0000 	/System/Library/Frameworks/CoreVideo.framework/Versions/A/CoreVideo
0x00000001952dd000 	/System/Library/Frameworks/MetalPerformanceShaders.framework/Versions/A/MetalPerformanceShaders
0x0000000196694000 	/System/Library/Frameworks/VideoToolbox.framework/Versions/A/VideoToolbox
0x0000000190cdd000 	/System/Library/PrivateFrameworks/BaseBoard.framework/Versions/A/BaseBoard
0x0000000190a7c000 	/System/Library/PrivateFrameworks/ProtocolBuffer.framework/Versions/A/ProtocolBuffer
0x0000000196bbd000 	/System/Library/PrivateFrameworks/GPUWrangler.framework/Versions/A/GPUWrangler
0x0000000196b9c000 	/System/Library/PrivateFrameworks/IOPresentment.framework/Versions/A/IOPresentment
0x0000000196bc5000 	/System/Library/PrivateFrameworks/DSExternalDisplay.framework/Versions/A/DSExternalDisplay
0x00000001eb588000 	/System/Library/Frameworks/OpenGL.framework/Versions/A/Libraries/libCoreFSCache.dylib
0x00000001f4ca2000 	/System/Library/PrivateFrameworks/GPUCompiler.framework/Versions/31001/Libraries/libGPUCompilerUtils.dylib
0x0000000196c2b000 	/System/Library/PrivateFrameworks/CMCaptureCore.framework/Versions/A/CMCaptureCore
0x0000000196261000 	/System/Library/PrivateFrameworks/AppServerSupport.framework/Versions/A/AppServerSupport
0x0000000198400000 	/System/Library/PrivateFrameworks/perfdata.framework/Versions/A/perfdata
0x000000018bb01000 	/System/Library/PrivateFrameworks/AudioToolboxCore.framework/Versions/A/AudioToolboxCore
0x0000000192f46000 	/System/Library/PrivateFrameworks/caulk.framework/Versions/A/caulk
0x0000000197cf5000 	/usr/lib/libAudioStatistics.dylib
0x00000001a950e000 	/System/Library/PrivateFrameworks/SystemPolicy.framework/Versions/A/SystemPolicy
0x0000000197f55000 	/usr/lib/libSMC.dylib
0x00000001a0ad2000 	/System/Library/Frameworks/CoreMIDI.framework/Versions/A/CoreMIDI
0x0000000196aeb000 	/usr/lib/libAudioToolboxUtility.dylib
0x00000001a59b4000 	/System/Library/PrivateFrameworks/OSAServicesClient.framework/Versions/A/OSAServicesClient
0x000000019840d000 	/usr/lib/libperfcheck.dylib
0x00000001aa011000 	/usr/lib/libmis.dylib
0x00000001eb5e9000 	/System/Library/Frameworks/OpenGL.framework/Versions/A/Libraries/libGLU.dylib
0x00000001eb5a8000 	/System/Library/Frameworks/OpenGL.framework/Versions/A/Libraries/libGFXShared.dylib
0x00000001eb792000 	/System/Library/Frameworks/OpenGL.framework/Versions/A/Libraries/libGL.dylib
0x00000001eb5b1000 	/System/Library/Frameworks/OpenGL.framework/Versions/A/Libraries/libGLImage.dylib
0x00000001eb5a5000 	/System/Library/Frameworks/OpenGL.framework/Versions/A/Libraries/libCVMSPluginSupport.dylib
0x00000001eb58f000 	/System/Library/Frameworks/OpenGL.framework/Versions/A/Libraries/libCoreVMClient.dylib
0x0000000193ad7000 	/System/Library/Frameworks/MetalPerformanceShaders.framework/Versions/A/Frameworks/MPSCore.framework/Versions/A/MPSCore
0x0000000194c9f000 	/System/Library/Frameworks/MetalPerformanceShaders.framework/Versions/A/Frameworks/MPSImage.framework/Versions/A/MPSImage
0x000000019479d000 	/System/Library/Frameworks/MetalPerformanceShaders.framework/Versions/A/Frameworks/MPSNeuralNetwork.framework/Versions/A/MPSNeuralNetwork
0x0000000194bda000 	/System/Library/Frameworks/MetalPerformanceShaders.framework/Versions/A/Frameworks/MPSMatrix.framework/Versions/A/MPSMatrix
0x00000001949b5000 	/System/Library/Frameworks/MetalPerformanceShaders.framework/Versions/A/Frameworks/MPSRayIntersector.framework/Versions/A/MPSRayIntersector
0x0000000194c0b000 	/System/Library/Frameworks/MetalPerformanceShaders.framework/Versions/A/Frameworks/MPSNDArray.framework/Versions/A/MPSNDArray
0x00000001ed2a4000 	/System/Library/Frameworks/MetalPerformanceShaders.framework/Versions/A/Frameworks/MPSFunctions.framework/Versions/A/MPSFunctions
0x000000018ad9d000 	/System/Library/PrivateFrameworks/MetalTools.framework/Versions/A/MetalTools
0x0000000193b53000 	/System/Library/PrivateFrameworks/AggregateDictionary.framework/Versions/A/AggregateDictionary
0x0000000195a94000 	/usr/lib/libIOReport.dylib
0x000000019fac0000 	/System/Library/PrivateFrameworks/ASEProcessing.framework/Versions/A/ASEProcessing
0x0000000195e06000 	/System/Library/PrivateFrameworks/FaceCore.framework/Versions/A/FaceCore
0x0000000195df8000 	/System/Library/PrivateFrameworks/GraphVisualizer.framework/Versions/A/GraphVisualizer
0x00000001f4bb9000 	/System/Library/PrivateFrameworks/FontServices.framework/Versions/A/FontServices
0x000000019621b000 	/System/Library/PrivateFrameworks/OTSVG.framework/Versions/A/OTSVG
0x000000019179e000 	/System/Library/Frameworks/ApplicationServices.framework/Versions/A/Frameworks/ATS.framework/Versions/A/Resources/libFontRegistry.dylib
0x000000019626a000 	/System/Library/PrivateFrameworks/FontServices.framework/libhvf.dylib
0x00000001f4bba000 	/System/Library/PrivateFrameworks/FontServices.framework/libXTFontStaticRegistryData.dylib
0x00000001eb934000 	/System/Library/Frameworks/OpenCL.framework/Versions/A/OpenCL
0x0000000195c62000 	/System/Library/PrivateFrameworks/AppleVA.framework/Versions/A/AppleVA
0x0000000197d1d000 	/System/Library/Frameworks/ApplicationServices.framework/Versions/A/Frameworks/ATS.framework/Versions/A/ATS
0x0000000190242000 	/System/Library/Frameworks/ApplicationServices.framework/Versions/A/Frameworks/HIServices.framework/Versions/A/HIServices
0x0000000196c35000 	/System/Library/Frameworks/ApplicationServices.framework/Versions/A/Frameworks/PrintCore.framework/Versions/A/PrintCore
0x00000001980a8000 	/System/Library/Frameworks/ApplicationServices.framework/Versions/A/Frameworks/QD.framework/Versions/A/QD
0x00000001980a0000 	/System/Library/Frameworks/ApplicationServices.framework/Versions/A/Frameworks/ColorSyncLegacy.framework/Versions/A/ColorSyncLegacy
0x0000000197d09000 	/System/Library/Frameworks/ApplicationServices.framework/Versions/A/Frameworks/SpeechSynthesis.framework/Versions/A/SpeechSynthesis
0x0000000196bf6000 	/System/Library/Frameworks/ApplicationServices.framework/Versions/A/Frameworks/ATSUI.framework/Versions/A/ATSUI
0x0000000198035000 	/usr/lib/libcups.2.dylib
0x000000019841b000 	/System/Library/Frameworks/Kerberos.framework/Versions/A/Kerberos
0x000000019842c000 	/System/Library/Frameworks/GSS.framework/Versions/A/GSS
0x0000000197d8c000 	/usr/lib/libresolv.9.dylib
0x0000000196278000 	/System/Library/PrivateFrameworks/Heimdal.framework/Versions/A/Heimdal
0x000000019ed34000 	/System/Library/Frameworks/Kerberos.framework/Versions/A/Libraries/libHeimdalProxy.dylib
0x0000000190e78000 	/System/Library/Frameworks/Network.framework/Versions/A/Network
0x0000000195cc9000 	/usr/lib/libheimdal-asn1.dylib
0x0000000198472000 	/System/Library/PrivateFrameworks/CommonAuth.framework/Versions/A/CommonAuth
0x0000000197c83000 	/System/Library/PrivateFrameworks/AudioSession.framework/Versions/A/AudioSession
0x0000000195d5a000 	/System/Library/PrivateFrameworks/MediaExperience.framework/Versions/A/MediaExperience
0x0000000197b0b000 	/System/Library/PrivateFrameworks/AudioSession.framework/libSessionUtility.dylib
0x00000001980b4000 	/System/Library/PrivateFrameworks/AudioResourceArbitration.framework/Versions/A/AudioResourceArbitration
0x0000000195cd2000 	/System/Library/PrivateFrameworks/IconFoundation.framework/Versions/A/IconFoundation
0x000000019af39000 	/System/Library/PrivateFrameworks/SpeechRecognitionCore.framework/Versions/A/SpeechRecognitionCore
0x00000001ce6b2000 	/System/Library/CoreServices/Encodings/libTraditionalChineseConverter.dylib
0x00000001061fc000 	/Library/Java/JavaVirtualMachines/jdk-17.0.1.jdk/Contents/Home/lib/server/libjvm.dylib
0x0000000105158000 	/Library/Java/JavaVirtualMachines/jdk-17.0.1.jdk/Contents/Home/lib/libjimage.dylib
0x0000000105184000 	/Library/Java/JavaVirtualMachines/jdk-17.0.1.jdk/Contents/Home/lib/libinstrument.dylib
0x00000001051d0000 	/Library/Java/JavaVirtualMachines/jdk-17.0.1.jdk/Contents/Home/lib/libjava.dylib
0x0000000105244000 	/Library/Java/JavaVirtualMachines/jdk-17.0.1.jdk/Contents/Home/lib/libnio.dylib
0x0000000106150000 	/Library/Java/JavaVirtualMachines/jdk-17.0.1.jdk/Contents/Home/lib/libnet.dylib
0x00000001051b8000 	/Library/Java/JavaVirtualMachines/jdk-17.0.1.jdk/Contents/Home/lib/libzip.dylib
0x0000000106174000 	/Users/sean/.openjfx/cache/17.0.0.1/libprism_es2.dylib
0x000000018cfdf000 	/System/Library/PrivateFrameworks/CoreServicesInternal.framework/Versions/A/CoreServicesInternal
0x00000001eb79c000 	/System/Library/Frameworks/OpenGL.framework/Versions/A/Resources/GLEngine.bundle/GLEngine
0x00000001eb623000 	/System/Library/Frameworks/OpenGL.framework/Versions/A/Libraries/libGLProgrammability.dylib
0x0000000123b34000 	/System/Library/Extensions/AppleMetalOpenGLRenderer.bundle/Contents/MacOS/AppleMetalOpenGLRenderer
0x00000001eb90b000 	/System/Library/Frameworks/OpenGL.framework/Versions/A/Resources/GLRendererFloat.bundle/GLRendererFloat
0x00000001eb9ac000 	/System/Library/Extensions/AGXMetal13_3.bundle/Contents/MacOS/AGXMetal13_3
0x00000001aa02d000 	/System/Library/PrivateFrameworks/GPURawCounter.framework/Versions/A/GPURawCounter
0x00000001a4b02000 	/System/Library/PrivateFrameworks/IOGPU.framework/Versions/A/IOGPU
0x0000000126048000 	/Users/sean/.openjfx/cache/17.0.0.1/libglass.dylib
0x000000019c3d9000 	/System/Library/Frameworks/FileProvider.framework/Versions/A/FileProvider
0x0000000190c45000 	/System/Library/Frameworks/Accounts.framework/Versions/A/Accounts
0x000000019c559000 	/System/Library/PrivateFrameworks/GenerationalStorage.framework/Versions/A/GenerationalStorage
0x000000019d109000 	/System/Library/PrivateFrameworks/CoreSymbolication.framework/Versions/A/CoreSymbolication
0x000000019c179000 	/System/Library/PrivateFrameworks/SymptomDiagnosticReporter.framework/Versions/A/SymptomDiagnosticReporter
0x000000018e2c4000 	/System/Library/PrivateFrameworks/DesktopServicesPriv.framework/Versions/A/DesktopServicesPriv
0x000000018d13e000 	/usr/lib/libsandbox.1.dylib
0x0000000191c5c000 	/System/Library/PrivateFrameworks/UserManagement.framework/Versions/A/UserManagement
0x000000019d0ca000 	/System/Library/PrivateFrameworks/DebugSymbols.framework/Versions/A/DebugSymbols
0x0000000198093000 	/System/Library/PrivateFrameworks/NetAuth.framework/Versions/A/NetAuth
0x0000000198f91000 	/System/Library/PrivateFrameworks/Sharing.framework/Versions/A/Sharing
0x0000000191c2c000 	/System/Library/PrivateFrameworks/login.framework/Versions/A/Frameworks/loginsupport.framework/Versions/A/loginsupport
0x000000019e27a000 	/System/Library/PrivateFrameworks/Apple80211.framework/Versions/A/Apple80211
0x0000000194d83000 	/System/Library/PrivateFrameworks/AuthKit.framework/Versions/A/AuthKit
0x000000019441a000 	/System/Library/PrivateFrameworks/CoreUtils.framework/Versions/A/CoreUtils
0x000000019433a000 	/System/Library/Frameworks/CoreWLAN.framework/Versions/A/CoreWLAN
0x00000001990fa000 	/System/Library/Frameworks/IOBluetooth.framework/Versions/A/IOBluetooth
0x000000019e2da000 	/System/Library/PrivateFrameworks/CoreWiFi.framework/Versions/A/CoreWiFi
0x000000019ccb1000 	/System/Library/PrivateFrameworks/FrontBoardServices.framework/Versions/A/FrontBoardServices
0x000000019cd49000 	/System/Library/PrivateFrameworks/BoardServices.framework/Versions/A/BoardServices
0x0000000194635000 	/System/Library/PrivateFrameworks/AssertionServices.framework/Versions/A/AssertionServices
0x000000019e448000 	/System/Library/PrivateFrameworks/BackBoardServices.framework/Versions/A/BackBoardServices
0x0000000198505000 	/System/Library/PrivateFrameworks/CorePhoneNumbers.framework/Versions/A/CorePhoneNumbers
0x000000019c2a9000 	/System/Library/PrivateFrameworks/DiskManagement.framework/Versions/A/DiskManagement
0x000000019c1ac000 	/System/Library/PrivateFrameworks/AppleIDAuthSupport.framework/Versions/A/AppleIDAuthSupport
0x00000001ef53d000 	/System/Library/PrivateFrameworks/AAAFoundation.framework/Versions/A/AAAFoundation
0x00000001984e4000 	/System/Library/PrivateFrameworks/KeychainCircle.framework/Versions/A/KeychainCircle
0x000000019c275000 	/System/Library/PrivateFrameworks/MediaKit.framework/Versions/A/MediaKit
0x000000019c1b9000 	/System/Library/Frameworks/DiscRecording.framework/Versions/A/DiscRecording
0x0000000195bde000 	/usr/lib/libCoreStorage.dylib
0x000000019e742000 	/usr/lib/libcsfde.dylib
0x00000001991cf000 	/System/Library/PrivateFrameworks/ProtectedCloudStorage.framework/Versions/A/ProtectedCloudStorage
0x000000019e73a000 	/System/Library/PrivateFrameworks/EFILogin.framework/Versions/A/EFILogin
0x000000019c580000 	/System/Library/PrivateFrameworks/OctagonTrust.framework/Versions/A/OctagonTrust
0x00000001f3e24000 	/System/Library/PrivateFrameworks/CoreUtilsExtras.framework/Versions/A/CoreUtilsExtras
0x000000019c0eb000 	/System/Library/Frameworks/CoreBluetooth.framework/Versions/A/CoreBluetooth
0x000000019edb9000 	/System/Library/Frameworks/AudioUnit.framework/Versions/A/AudioUnit
0x0000000195bd6000 	/usr/lib/libMatch.1.dylib
0x00000001ae294000 	/System/Library/Frameworks/Accelerate.framework/Versions/A/Frameworks/vImage.framework/Versions/A/Libraries/libCGInterfaces.dylib
0x0000000127950000 	/usr/lib/libobjc-trampolines.dylib
0x000000019192a000 	/System/Library/PrivateFrameworks/ViewBridge.framework/Versions/A/ViewBridge
0x0000000196326000 	/System/Library/PrivateFrameworks/login.framework/Versions/A/login
0x000000012c660000 	/Users/sean/.openjfx/cache/17.0.0.1/libjavafx_font.dylib
0x000000020703a000 	/usr/lib/libRosetta.dylib


VM Arguments:
jvm_args: -javaagent:/Applications/IntelliJ IDEA CE.app/Contents/lib/idea_rt.jar=58389:/Applications/IntelliJ IDEA CE.app/Contents/bin -Dfile.encoding=UTF-8 --module-path=/Users/sean/.m2/repository/org/openjfx/javafx-fxml/17.0.0.1/javafx-fxml-17.0.0.1-mac-aarch64.jar:/Users/sean/.m2/repository/org/openjfx/javafx-base/17.0.0.1/javafx-base-17.0.0.1-mac-aarch64.jar:/Users/sean/Documents/GitHub/Meal-Ordering-System/FoodOrderingSystem/target/classes:/Users/sean/.m2/repository/org/openjfx/javafx-controls/17.0.0.1/javafx-controls-17.0.0.1-mac-aarch64.jar:/Users/sean/.m2/repository/org/openjfx/javafx-graphics/17.0.0.1/javafx-graphics-17.0.0.1-mac-aarch64.jar -Djdk.module.main=com.example.foodorderingsystem 
java_command: com.example.foodorderingsystem/com.example.foodorderingsystem.HelloApplication
java_class_path (initial): /Users/sean/.m2/repository/org/openjfx/javafx-controls/17.0.0.1/javafx-controls-17.0.0.1.jar:/Users/sean/.m2/repository/org/openjfx/javafx-graphics/17.0.0.1/javafx-graphics-17.0.0.1.jar:/Users/sean/.m2/repository/org/openjfx/javafx-base/17.0.0.1/javafx-base-17.0.0.1.jar:/Users/sean/.m2/repository/org/openjfx/javafx-fxml/17.0.0.1/javafx-fxml-17.0.0.1.jar
Launcher Type: SUN_STANDARD

[Global flags]
     intx CICompilerCount                          = 4                                         {product} {ergonomic}
     uint ConcGCThreads                            = 2                                         {product} {ergonomic}
     uint G1ConcRefinementThreads                  = 8                                         {product} {ergonomic}
   size_t G1HeapRegionSize                         = 1048576                                   {product} {ergonomic}
    uintx GCDrainStackTargetSize                   = 64                                        {product} {ergonomic}
   size_t InitialHeapSize                          = 134217728                                 {product} {ergonomic}
   size_t MarkStackSize                            = 4194304                                   {product} {ergonomic}
   size_t MaxHeapSize                              = 2147483648                                {product} {ergonomic}
   size_t MaxNewSize                               = 1287651328                                {product} {ergonomic}
   size_t MinHeapDeltaBytes                        = 1048576                                   {product} {ergonomic}
   size_t MinHeapSize                              = 8388608                                   {product} {ergonomic}
    uintx NonNMethodCodeHeapSize                   = 5839564                                {pd product} {ergonomic}
    uintx NonProfiledCodeHeapSize                  = 122909338                              {pd product} {ergonomic}
    uintx ProfiledCodeHeapSize                     = 122909338                              {pd product} {ergonomic}
    uintx ReservedCodeCacheSize                    = 251658240                              {pd product} {ergonomic}
     bool SegmentedCodeCache                       = true                                      {product} {ergonomic}
   size_t SoftMaxHeapSize                          = 2147483648                             {manageable} {ergonomic}
     bool UseCompressedClassPointers               = true                           {product lp64_product} {ergonomic}
     bool UseCompressedOops                        = true                           {product lp64_product} {ergonomic}
     bool UseG1GC                                  = true                                      {product} {ergonomic}
     bool UseNUMA                                  = false                                     {product} {ergonomic}
     bool UseNUMAInterleaving                      = false                                     {product} {ergonomic}

Logging:
Log output configuration:
 #0: stdout all=warning uptime,level,tags
 #1: stderr all=off uptime,level,tags

Environment Variables:
PATH=/usr/local/bin:/usr/bin:/bin:/usr/sbin:/sbin
SHELL=/bin/zsh
LC_CTYPE=zh_TW.UTF-8

Signal Handlers:
   SIGSEGV: _ZL13crash_handleriP9__siginfoPv in libjvm.dylib, mask=11100110000111110111111111111111, flags=SA_RESTART|SA_SIGINFO
    SIGBUS: _ZL13crash_handleriP9__siginfoPv in libjvm.dylib, mask=11100110000111110111111111111111, flags=SA_RESTART|SA_SIGINFO
    SIGFPE: _ZL13crash_handleriP9__siginfoPv in libjvm.dylib, mask=11100110000111110111111111111111, flags=SA_RESTART|SA_SIGINFO
   SIGPIPE: _ZL17javaSignalHandleriP9__siginfoPv in libjvm.dylib, mask=11100110000111110111111111111111, flags=SA_RESTART|SA_SIGINFO
   SIGXFSZ: _ZL17javaSignalHandleriP9__siginfoPv in libjvm.dylib, mask=11100110000111110111111111111111, flags=SA_RESTART|SA_SIGINFO
    SIGILL: _ZL13crash_handleriP9__siginfoPv in libjvm.dylib, mask=11100110000111110111111111111111, flags=SA_RESTART|SA_SIGINFO
   SIGUSR2: _ZL10SR_handleriP9__siginfoP17__darwin_ucontext in libjvm.dylib, mask=00100000000000000000000000000000, flags=SA_RESTART|SA_SIGINFO
    SIGHUP: _ZL11UserHandleriPvS_ in libjvm.dylib, mask=11100110000111110111111111111111, flags=SA_RESTART|SA_SIGINFO
    SIGINT: _ZL11UserHandleriPvS_ in libjvm.dylib, mask=11100110000111110111111111111111, flags=SA_RESTART|SA_SIGINFO
   SIGTERM: _ZL11UserHandleriPvS_ in libjvm.dylib, mask=11100110000111110111111111111111, flags=SA_RESTART|SA_SIGINFO
   SIGQUIT: _ZL11UserHandleriPvS_ in libjvm.dylib, mask=11100110000111110111111111111111, flags=SA_RESTART|SA_SIGINFO
   SIGTRAP: _ZL13crash_handleriP9__siginfoPv in libjvm.dylib, mask=11100110000111110111111111111111, flags=SA_RESTART|SA_SIGINFO


---------------  S Y S T E M  ---------------

OS:
uname: Darwin 21.1.0 Darwin Kernel Version 21.1.0: Wed Oct 13 17:33:24 PDT 2021; root:xnu-8019.41.5~1/RELEASE_ARM64_T8101 arm64
OS uptime: 1 days 23:27 hours
rlimit (soft/hard): STACK 8176k/65520k , CORE 0k/infinity , NPROC 1333/2000 , NOFILE 10240/infinity , AS infinity/infinity , CPU infinity/infinity , DATA infinity/infinity , FSIZE infinity/infinity , MEMLOCK infinity/infinity , RSS infinity/infinity
load average: 2.70 3.20 2.95

CPU: total 8 (initial active 8) 0x61:0x0:0x1b588bb3:0, fp, simd, crc, lse

Memory: 16k page, physical 8388608k(135040k free), swap 4194304k(1582080k free)

vm_info: Java HotSpot(TM) 64-Bit Server VM (17.0.1+12-LTS-39) for bsd-aarch64 JRE (17.0.1+12-LTS-39), built on Sep 27 2021 17:38:30 by "mach5one" with clang Apple LLVM 12.0.0 (clang-1200.0.32.29)

END.
