#
# A fatal error has been detected by the Java Runtime Environment:
#
#  SIGBUS (0xa) at pc=0x000000010e2cd4f0, pid=98590, tid=30991
#
# JRE version: Java(TM) SE Runtime Environment (17.0.1+12) (build 17.0.1+12-LTS-39)
# Java VM: Java HotSpot(TM) 64-Bit Server VM (17.0.1+12-LTS-39, mixed mode, sharing, tiered, compressed oops, compressed class ptrs, g1 gc, bsd-aarch64)
# Problematic frame:
# v  ~StubRoutines::SafeFetchN
#
# No core dump will be written. Core dumps have been disabled. To enable core dumping, try "ulimit -c unlimited" before starting Java again
#
# If you would like to submit a bug report, please visit:
#   https://bugreport.java.com/bugreport/crash.jsp
# The crash happened outside the Java Virtual Machine in native code.
# See problematic frame for where to report the bug.
#

---------------  S U M M A R Y ------------

Command Line: -agentlib:jdwp=transport=dt_socket,address=127.0.0.1:65506,suspend=y,server=n -javaagent:/Users/sean/Library/Caches/JetBrains/IdeaIC2021.2/captureAgent/debugger-agent.jar -Dfile.encoding=UTF-8 --module-path=/Users/sean/.m2/repository/org/openjfx/javafx-controls/17.0.0.1/javafx-controls-17.0.0.1-mac-aarch64.jar:/Users/sean/.m2/repository/org/openjfx/javafx-fxml/17.0.0.1/javafx-fxml-17.0.0.1-mac-aarch64.jar:/Users/sean/.m2/repository/org/openjfx/javafx-base/17.0.0.1/javafx-base-17.0.0.1-mac-aarch64.jar:/Users/sean/.m2/repository/org/openjfx/javafx-graphics/17.0.0.1/javafx-graphics-17.0.0.1-mac-aarch64.jar:/Users/sean/Documents/GitHub/Meal-Ordering-System/FoodOrderingSystem/target/classes -Djdk.module.main=com.example.foodorderingsystem com.example.foodorderingsystem/com.example.foodorderingsystem.HelloApplication

Host: "MacBookPro17,1" arm64 1 MHz, 8 cores, 8G, Darwin 21.1.0, macOS 12.0.1 (21A559)
Time: Fri Feb 11 16:39:02 2022 CST elapsed time: 11.782138 seconds (0d 0h 0m 11s)

---------------  T H R E A D  ---------------

Current thread (0x000000015385ac00):  JavaThread "InvokeLaterDispatcher" daemon [_thread_in_native, id=30991, stack(0x000000016e3bc000,0x000000016e5bf000)]

Stack: [0x000000016e3bc000,0x000000016e5bf000],  sp=0x000000016e5be790,  free space=2057k
Native frames: (J=compiled Java code, j=interpreted, Vv=VM code, C=native code)
v  ~StubRoutines::SafeFetchN
V  [libjvm.dylib+0x79e208]  _ZN10OopStorage7releaseEPKP7oopDesc+0x20
V  [libjvm.dylib+0x4b8f30]  jni_DeleteGlobalRef+0xc4
C  [libglass.dylib+0xab08]  -[GlassRunnable dealloc]+0x34
C  [Foundation+0x85e0c]  -[_NSThreadPerformInfo dealloc]+0x30
C  [Foundation+0x525e8]  -[NSObject(NSThreadPerformAdditions) performSelectorOnMainThread:withObject:waitUntilDone:]+0x88
C  0x034180010e2d7be0
J 5206 c1 com.sun.glass.ui.mac.MacApplication.submitForLaterInvocation(Ljava/lang/Runnable;)V javafx.graphics (6 bytes) @ 0x000000010f3e6cec [0x000000010f3e6c40+0x00000000000000ac]
C  0x0000000000000000

Java frames: (J=compiled Java code, j=interpreted, Vv=VM code)
j  com.sun.glass.ui.mac.MacApplication._submitForLaterInvocation(Ljava/lang/Runnable;)V+0 javafx.graphics
J 5206 c1 com.sun.glass.ui.mac.MacApplication.submitForLaterInvocation(Ljava/lang/Runnable;)V javafx.graphics (6 bytes) @ 0x000000010f3e6cec [0x000000010f3e6c40+0x00000000000000ac]
j  com.sun.glass.ui.InvokeLaterDispatcher.run()V+82 javafx.graphics
v  ~StubRoutines::call_stub

siginfo: si_signo: 10 (SIGBUS), si_code: 1 (BUS_ADRALN), si_addr: 0x000000010e2cd4f0

Register to memory mapping:

 x0=0x0000000154805248 points into unknown readable memory: 0x0000000000000000 | 00 00 00 00 00 00 00 00
 x1=0x0 is NULL
 x2=0x00000007850babc8 is an oop: com.sun.glass.ui.InvokeLaterDispatcher$Future 
{0x00000007850babc8} - klass: 'com/sun/glass/ui/InvokeLaterDispatcher$Future'
 - ---- fields (total size 3 words):
 - private 'done' 'Z' @12  true
 - private final 'runnable' 'Ljava/lang/Runnable;' @16  a 'com/sun/javafx/tk/quantum/QuantumToolkit$$Lambda$83+0x0000000800c3ef70'{0x0000000780ee0510} (f01dc0a2)
 - final synthetic 'this$0' 'Lcom/sun/glass/ui/InvokeLaterDispatcher;' @20  a 'com/sun/glass/ui/InvokeLaterDispatcher'{0x0000000780ecdcc8} (f01d9b99)
 x3=0x0 is NULL
 x4=0x0 is NULL
 x5=0x0 is NULL
 x6=0x0 is NULL
 x7=0x00000008000362b0 is a pointer to class: 
java.util.concurrent.locks.ReentrantLock$NonfairSync {0x00000008000362b0}
 - instance size:     4
 - klass size:        73
 - access:            final synchronized 
 - state:             fully_initialized
 - name:              'java/util/concurrent/locks/ReentrantLock$NonfairSync'
 - super:             'java/util/concurrent/locks/ReentrantLock$Sync'
 - sub:               
 - arrays:            NULL
 - methods:           Array<T>(0x0000000800abcf98)
 - method ordering:   Array<T>(0x0000000800abcf88)
 - default_methods:   Array<T>(0x0000000000000000)
 - local interfaces:  Array<T>(0x00000008005c3850)
 - trans. interfaces: Array<T>(0x00000008005ffce8)
 - constants:         constant pool [69] {0x0000000800abd000} for 'java/util/concurrent/locks/ReentrantLock$NonfairSync' cache=0x00000008003c6170
 - class loader data:  loader data: 0x0000600001754e60 of 'bootstrap'
 - source file:       'ReentrantLock.java'
 - class annotations:       Array<T>(0x0000000000000000)
 - class type annotations:  Array<T>(0x0000000000000000)
 - field annotations:       Array<T>(0x0000000000000000)
 - field type annotations:  Array<T>(0x0000000000000000)
 - inner classes:     Array<T>(0x0000000800abd3b0)
 - nest members:     Array<T>(0x00000008005c37e0)
 - permitted subclasses:     Array<T>(0x00000008005c37e0)
 - java mirror:       a 'java/lang/Class'{0x00000007ffe181b0} = 'java/util/concurrent/locks/ReentrantLock$NonfairSync'
 - vtable length      11  (start addr: 0x0000000800036480)
 - itable length      2 (start addr: 0x00000008000364d8)
 - ---- static fields (1 words):
 - private static final 'serialVersionUID' 'J' @112 
 - ---- non-static fields (4 words):
 - private transient 'exclusiveOwnerThread' 'Ljava/lang/Thread;' @12 
 - private volatile 'state' 'I' @16 
 - private volatile transient 'head' 'Ljava/util/concurrent/locks/AbstractQueuedSynchronizer$Node;' @20 
 - private volatile transient 'tail' 'Ljava/util/concurrent/locks/AbstractQueuedSynchronizer$Node;' @24 
 - non-static oop maps: 12-12 20-24 
 x8=0x000000010e2cd4ec is at begin+0 in a stub
StubRoutines::SafeFetchN [0x000000010e2cd4ec, 0x000000010e2cd4f8] (12 bytes)
 x9=0x0 is NULL
x10=0x2010000030300000 is an unknown value
x11=0x0000000000000007 is an unknown value
x12=0x0 is NULL
x13=0x000060000087f3f0 points into unknown readable memory: 0x0000000100000000 | 00 00 00 00 01 00 00 00
x14=0x0000000000000001 is an unknown value
x15=0x0000000125925f98: OBJC_CLASS_$_GlassRunnable+0 in /Users/sean/.openjfx/cache/17.0.0.1/libglass.dylib at 0x00000001258e0000
x16=0x0000000196734340: pthread_getspecific+0 in /usr/lib/system/libsystem_pthread.dylib at 0x0000000196732000
x17=0x00006000002576c0 points into unknown readable memory: 0xfffffffffffffffe | fe ff ff ff ff ff ff ff
x18=0x0 is NULL
x19=0x0000600000d55650 points into unknown readable memory: 0x0000600002451850 | 50 18 45 02 00 60 00 00
x20=0x0000000154805040 points into unknown readable memory: 0x00000000000007ff | ff 07 00 00 00 00 00 00
x21=0x0000000154805248 points into unknown readable memory: 0x0000000000000000 | 00 00 00 00 00 00 00 00
x22=0x000000015385ac00 is a thread
x23=0x0000000000000001 is an unknown value
x24=0x0000000154805200 is a global jni handle
x25=0x00000001067f95d8: _ZN12StubRoutines17_safefetchN_entryE+0 in /Library/Java/JavaVirtualMachines/jdk-17.0.1.jdk/Contents/Home/lib/server/libjvm.dylib at 0x0000000105c68000
x26=0x000000012392bcf8 is pointing into metadata
x27=0x0 is NULL
x28=0x000000015385ac00 is a thread


Registers:
 x0=0x0000000154805248  x1=0x0000000000000000  x2=0x00000007850babc8  x3=0x0000000000000000
 x4=0x0000000000000000  x5=0x0000000000000000  x6=0x0000000000000000  x7=0x00000008000362b0
 x8=0x000000010e2cd4ec  x9=0x0000000000000000 x10=0x2010000030300000 x11=0x0000000000000007
x12=0x0000000000000000 x13=0x000060000087f3f0 x14=0x0000000000000001 x15=0x0000000125925f98
x16=0x0000000196734340 x17=0x00006000002576c0 x18=0x0000000000000000 x19=0x0000600000d55650
x20=0x0000000154805040 x21=0x0000000154805248 x22=0x000000015385ac00 x23=0x0000000000000001
x24=0x0000000154805200 x25=0x00000001067f95d8 x26=0x000000012392bcf8 x27=0x0000000000000000
x28=0x000000015385ac00  fp=0x000000016e5be7d0  lr=0x0000000106404fd8  sp=0x000000016e5be790
pc=0x000000010e2cd4f0 cpsr=0x0000000060001000
Top of Stack: (sp=0x000000016e5be790)
0x000000016e5be790:   000000012392bcf8 0000000000000001
0x000000016e5be7a0:   000000016e5be988 000060000244cbd0
0x000000016e5be7b0:   0000000000000000 0000000154805218
0x000000016e5be7c0:   0000000154805218 0000600000d55650
0x000000016e5be7d0:   000000016e5be810 0000000106406208
0x000000016e5be7e0:   0000000000000001 0000000154805218
0x000000016e5be7f0:   0000000000000000 0000000154805218
0x000000016e5be800:   0000000000000001 00000001350e5e00
0x000000016e5be810:   000000016e5be840 0000000106120f30
0x000000016e5be820:   000060000244cbb0 00000001e09619f4
0x000000016e5be830:   0000000000000000 000060000244cbb0
0x000000016e5be840:   000000016e5be870 00000001258eab08
0x000000016e5be850:   28b8373f777800fd 0000000000000000
0x000000016e5be860:   0000000000000000 0000600003c780c0
0x000000016e5be870:   000000016e5be8b0 00000001976fce0c
0x000000016e5be880:   000000016e5be988 000060000244cbd0
0x000000016e5be890:   000060000244cbb0 28b8373f777800fd
0x000000016e5be8a0:   0000000000000000 0000000000000000
0x000000016e5be8b0:   000000016e5be8f0 d5650001976c95e8
0x000000016e5be8c0:   000000016e5be988 000000010e2d6500
0x000000016e5be8d0:   0000000000000000 0000000106800f90
0x000000016e5be8e0:   000000016e5be900 000000010e2d4cf0
0x000000016e5be8f0:   000000016e5be960 034180010e2d7be0
0x000000016e5be900:   0000000780ee0510 0000000781239de8
0x000000016e5be910:   000000016e5be910 0000000000000000
0x000000016e5be920:   000000016e5be988 000000012392bcf8
0x000000016e5be930:   00000007810866f8 0000000000000000
0x000000016e5be940:   0000000000000000 0000000123903848
0x000000016e5be950:   0000000000000000 000000016e5be990
0x000000016e5be960:   000000016e5bea80 000000010f3e6cec
0x000000016e5be970:   0000000000000000 0000000000000000
0x000000016e5be980:   00000007850babc8 0000000780ee1d88 

Instructions: (pc=0x000000010e2cd4f0)
0x000000010e2cd3f0:   f2a0cf89 f2c00029 6d425935 1e640886
0x000000010e2cd400:   0c402d31 1e6408c7 1f5654d0 1e6c1017
0x000000010e2cd410:   1f5050d0 1f504cd0 1f5048d0 1e650af6
0x000000010e2cd420:   1f50d8f6 1f5694d6 1f5158f6 1e762880
0x000000010e2cd430:   36000501 1e614000 14000026 2e251ca5
0x000000010e2cd440:   d28c3009 f2a0cf89 f2c00029 6d425d36
0x000000010e2cd450:   1e600806 0c402d32 1f5758c7 1e6c101a
0x000000010e2cd460:   1f4754c7 1e650805 1f4750c7 d2866668
0x000000010e2cd470:   f2a7fa68 1f474cc7 1e6608c0 1f4748c7
0x000000010e2cd480:   1e6e1019 eb08007f 540000ac 1f479400
0x000000010e2cd490:   1f460340 1e603b20 1400000e d2a7fd29
0x000000010e2cd4a0:   eb09007f 540000ac 51480069 d3607d29
0x000000010e2cd4b0:   9e670121 14000002 1e6a5001 1f679417
0x000000010e2cd4c0:   1f668742 1e613b23 1e773857 1e773860
0x000000010e2cd4d0:   a8c17ff3 910003bf a8c17bfd d65f03c0
0x000000010e2cd4e0:   b9400001 aa0103e0 d65f03c0 f9400001
0x000000010e2cd4f0:   aa0103e0 d65f03c0 00000000 00000000
0x000000010e2cd500:   00000000 00000000 00000000 00000000
0x000000010e2cd510:   00000000 00000000 00000000 00000000
0x000000010e2cd520:   00000000 00000000 00000000 00000000
0x000000010e2cd530:   00000000 00000000 00000000 00000000
0x000000010e2cd540:   00000000 00000000 00000000 00000000
0x000000010e2cd550:   00000000 00000000 00000000 00000000
0x000000010e2cd560:   00000000 00000000 00000000 00000000
0x000000010e2cd570:   00000000 00000000 00000000 00000000
0x000000010e2cd580:   00000000 00000000 00000000 00000000
0x000000010e2cd590:   00000000 00000000 00000000 00000000
0x000000010e2cd5a0:   00000000 00000000 00000000 00000000
0x000000010e2cd5b0:   00000000 00000000 00000000 00000000
0x000000010e2cd5c0:   00000000 00000000 00000000 00000000
0x000000010e2cd5d0:   00000000 00000000 00000000 00000000
0x000000010e2cd5e0:   00000000 00000000 00000000 00000000 


Stack slot to memory mapping:
stack at sp + 0 slots: 0x000000012392bcf8 is pointing into metadata
stack at sp + 1 slots: 0x0000000000000001 is an unknown value
stack at sp + 2 slots: 0x000000016e5be988 is pointing into the stack for thread: 0x000000015385ac00
stack at sp + 3 slots: 0x000060000244cbd0 points into unknown readable memory: 0x01000001ef416081 | 81 60 41 ef 01 00 00 01
stack at sp + 4 slots: 0x0 is NULL
stack at sp + 5 slots: 0x0000000154805218 is a global jni handle
stack at sp + 6 slots: 0x0000000154805218 is a global jni handle
stack at sp + 7 slots: 0x0000600000d55650 points into unknown readable memory: 0x0000600002451850 | 50 18 45 02 00 60 00 00

StubRoutines::SafeFetchN [0x000000010e2cd4ec, 0x000000010e2cd4f8] (12 bytes)
[MachCode]
  0x000000010e2cd4ec: 0100 40f9 | e003 01aa | c003 5fd6 
[/MachCode]

---------------  P R O C E S S  ---------------

Threads class SMR info:
_java_thread_list=0x0000600002746a00, length=22, elements={
0x000000015380e400, 0x0000000153859800, 0x0000000153814200, 0x0000000143815c00,
0x0000000143816200, 0x000000014403ae00, 0x000000014403b400, 0x000000015385c400,
0x0000000144808200, 0x000000015385d400, 0x0000000154008c00, 0x000000015400b400,
0x0000000144832a00, 0x00000001538fb800, 0x0000000133890800, 0x000000015385ac00,
0x00000001350e5e00, 0x0000000135144c00, 0x00000001339e6e00, 0x0000000143932a00,
0x0000000135214c00, 0x0000000154009200
}

Java Threads: ( => current thread )
  0x000000015380e400 JavaThread "main" [_thread_blocked, id=10499, stack(0x000000016b59c000,0x000000016b79f000)]
  0x0000000153859800 JavaThread "Reference Handler" daemon [_thread_blocked, id=15107, stack(0x000000016c3f0000,0x000000016c5f3000)]
  0x0000000153814200 JavaThread "Finalizer" daemon [_thread_blocked, id=16387, stack(0x000000016c5fc000,0x000000016c7ff000)]
  0x0000000143815c00 JavaThread "Signal Dispatcher" daemon [_thread_blocked, id=22531, stack(0x000000016c920000,0x000000016cb23000)]
  0x0000000143816200 JavaThread "Service Thread" daemon [_thread_blocked, id=22787, stack(0x000000016cb2c000,0x000000016cd2f000)]
  0x000000014403ae00 JavaThread "Monitor Deflation Thread" daemon [_thread_blocked, id=41731, stack(0x000000016cd38000,0x000000016cf3b000)]
  0x000000014403b400 JavaThread "C2 CompilerThread0" daemon [_thread_blocked, id=23555, stack(0x000000016cf44000,0x000000016d147000)]
  0x000000015385c400 JavaThread "C1 CompilerThread0" daemon [_thread_blocked, id=23811, stack(0x000000016d150000,0x000000016d353000)]
  0x0000000144808200 JavaThread "Sweeper thread" daemon [_thread_blocked, id=24323, stack(0x000000016d35c000,0x000000016d55f000)]
  0x000000015385d400 JavaThread "Common-Cleaner" daemon [_thread_blocked, id=41219, stack(0x000000016d568000,0x000000016d76b000)]
  0x0000000154008c00 JavaThread "JDWP Transport Listener: dt_socket" daemon [_thread_blocked, id=24839, stack(0x000000016d774000,0x000000016d977000)]
  0x000000015400b400 JavaThread "JDWP Event Helper Thread" daemon [_thread_blocked, id=40707, stack(0x000000016d980000,0x000000016db83000)]
  0x0000000144832a00 JavaThread "JDWP Command Reader" daemon [_thread_in_native, id=40195, stack(0x000000016db8c000,0x000000016dd8f000)]
  0x00000001538fb800 JavaThread "Notification Thread" daemon [_thread_blocked, id=39683, stack(0x000000016dd98000,0x000000016df9b000)]
  0x0000000133890800 JavaThread "QuantumRenderer-0" daemon [_thread_blocked, id=38915, stack(0x000000016e1b0000,0x000000016e3b3000)]
=>0x000000015385ac00 JavaThread "InvokeLaterDispatcher" daemon [_thread_in_native, id=30991, stack(0x000000016e3bc000,0x000000016e5bf000)]
  0x00000001350e5e00 JavaThread "JavaFX Application Thread" [_thread_in_native, id=259, stack(0x000000016ad14000,0x000000016b510000)]
  0x0000000135144c00 JavaThread "JavaFX-Launcher" [_thread_blocked, id=74775, stack(0x000000016e978000,0x000000016eb7b000)]
  0x00000001339e6e00 JavaThread "Keep-Alive-Timer" daemon [_thread_blocked, id=58635, stack(0x000000016f9d8000,0x000000016fbdb000)]
  0x0000000143932a00 JavaThread "Prism Font Disposer" daemon [_thread_blocked, id=67595, stack(0x000000016fdf0000,0x000000016fff3000)]
  0x0000000135214c00 JavaThread "Cleaner-0" daemon [_thread_blocked, id=173083, stack(0x0000000290210000,0x0000000290413000)]
  0x0000000154009200 JavaThread "PulseTimer-CVDisplayLink thread" daemon [_thread_in_native, id=88755, stack(0x000000016e654000,0x000000016e6d7000)]

Other Threads:
  0x000000015360c400 VMThread "VM Thread" [stack: 0x000000016c1e4000,0x000000016c3e7000] [id=16643]
  0x000000015361add0 WatcherThread [stack: 0x000000016dfa4000,0x000000016e1a7000] [id=25347]
  0x0000000153608be0 GCTaskThread "GC Thread#0" [stack: 0x000000016b7a8000,0x000000016b9ab000] [id=12547]
  0x0000000133630cd0 GCTaskThread "GC Thread#1" [stack: 0x000000016eb84000,0x000000016ed87000] [id=70915]
  0x0000000133630f80 GCTaskThread "GC Thread#2" [stack: 0x000000016ed90000,0x000000016ef93000] [id=57347]
  0x0000000154827ca0 GCTaskThread "GC Thread#3" [stack: 0x000000016ef9c000,0x000000016f19f000] [id=70403]
  0x00000001548286e0 GCTaskThread "GC Thread#4" [stack: 0x000000016f1a8000,0x000000016f3ab000] [id=70147]
  0x0000000154828b60 GCTaskThread "GC Thread#5" [stack: 0x000000016f3b4000,0x000000016f5b7000] [id=69635]
  0x0000000133631780 GCTaskThread "GC Thread#6" [stack: 0x000000016f5c0000,0x000000016f7c3000] [id=58371]
  0x0000000133631c00 GCTaskThread "GC Thread#7" [stack: 0x000000016f7cc000,0x000000016f9cf000] [id=69123]
  0x0000000143604400 ConcurrentGCThread "G1 Main Marker" [stack: 0x000000016b9b4000,0x000000016bbb7000] [id=19971]
  0x0000000143604c80 ConcurrentGCThread "G1 Conc#0" [stack: 0x000000016bbc0000,0x000000016bdc3000] [id=18947]
  0x0000000133757ae0 ConcurrentGCThread "G1 Conc#1" [stack: 0x0000000290004000,0x0000000290207000] [id=67331]
  0x0000000133604080 ConcurrentGCThread "G1 Refine#0" [stack: 0x000000016bdcc000,0x000000016bfcf000] [id=13315]
  0x00000001437041c0 ConcurrentGCThread "G1 Service" [stack: 0x000000016bfd8000,0x000000016c1db000] [id=18179]

Threads with active compile tasks:

VM state: not at safepoint (normal execution)

VM Mutex/Monitor currently owned by a thread: None

Heap address: 0x0000000780000000, size: 2048 MB, Compressed Oops mode: Zero based, Oop shift amount: 3

CDS archive(s) mapped at: [0x0000000800000000-0x0000000800bd4000-0x0000000800bd4000), size 12402688, SharedBaseAddress: 0x0000000800000000, ArchiveRelocationMode: 0.
Compressed class space mapped at: 0x0000000800c00000-0x0000000840c00000, reserved size: 1073741824
Narrow klass base: 0x0000000800000000, Narrow klass shift: 0, Narrow klass range: 0x100000000

GC Precious Log:
 CPUs: 8 total, 8 available
 Memory: 8192M
 Large Page Support: Disabled
 NUMA Support: Disabled
 Compressed Oops: Enabled (Zero based)
 Heap Region Size: 1M
 Heap Min Capacity: 8M
 Heap Initial Capacity: 128M
 Heap Max Capacity: 2G
 Pre-touch: Disabled
 Parallel Workers: 8
 Concurrent Workers: 2
 Concurrent Refinement Workers: 8
 Periodic GC: Disabled

Heap:
 garbage-first heap   total 96256K, used 59662K [0x0000000780000000, 0x0000000800000000)
  region size 1024K, 18 young (18432K), 5 survivors (5120K)
 Metaspace       used 25435K, committed 25728K, reserved 1073152K
  class space    used 3440K, committed 3584K, reserved 1048576K

Heap Regions: E=young(eden), S=young(survivor), O=old, HS=humongous(starts), HC=humongous(continues), CS=collection set, F=free, OA=open archive, CA=closed archive, TAMS=top-at-mark-start (previous, next)
|   0|0x0000000780000000, 0x0000000780100000, 0x0000000780100000|100%|HS|  |TAMS 0x0000000780100000, 0x0000000780100000| Complete 
|   1|0x0000000780100000, 0x0000000780200000, 0x0000000780200000|100%|HC|  |TAMS 0x0000000780200000, 0x0000000780200000| Complete 
|   2|0x0000000780200000, 0x0000000780300000, 0x0000000780300000|100%|HS|  |TAMS 0x0000000780300000, 0x0000000780300000| Complete 
|   3|0x0000000780300000, 0x0000000780400000, 0x0000000780400000|100%|HC|  |TAMS 0x0000000780400000, 0x0000000780400000| Complete 
|   4|0x0000000780400000, 0x0000000780500000, 0x0000000780500000|100%|HC|  |TAMS 0x0000000780500000, 0x0000000780500000| Complete 
|   5|0x0000000780500000, 0x0000000780600000, 0x0000000780600000|100%|HC|  |TAMS 0x0000000780600000, 0x0000000780600000| Complete 
|   6|0x0000000780600000, 0x0000000780700000, 0x0000000780700000|100%|HS|  |TAMS 0x0000000780700000, 0x0000000780700000| Complete 
|   7|0x0000000780700000, 0x0000000780800000, 0x0000000780800000|100%|HC|  |TAMS 0x0000000780800000, 0x0000000780800000| Complete 
|   8|0x0000000780800000, 0x0000000780900000, 0x0000000780900000|100%|HC|  |TAMS 0x0000000780900000, 0x0000000780900000| Complete 
|   9|0x0000000780900000, 0x0000000780a00000, 0x0000000780a00000|100%|HC|  |TAMS 0x0000000780a00000, 0x0000000780a00000| Complete 
|  10|0x0000000780a00000, 0x0000000780b00000, 0x0000000780b00000|100%|HS|  |TAMS 0x0000000780b00000, 0x0000000780b00000| Complete 
|  11|0x0000000780b00000, 0x0000000780c00000, 0x0000000780c00000|100%|HC|  |TAMS 0x0000000780c00000, 0x0000000780c00000| Complete 
|  12|0x0000000780c00000, 0x0000000780d00000, 0x0000000780d00000|100%|HC|  |TAMS 0x0000000780d00000, 0x0000000780d00000| Complete 
|  13|0x0000000780d00000, 0x0000000780e00000, 0x0000000780e00000|100%|HC|  |TAMS 0x0000000780e00000, 0x0000000780e00000| Complete 
|  14|0x0000000780e00000, 0x0000000780f00000, 0x0000000780f00000|100%| O|  |TAMS 0x0000000780ecd200, 0x0000000780f00000| Untracked 
|  15|0x0000000780f00000, 0x0000000781000000, 0x0000000781000000|100%| O|  |TAMS 0x0000000780f00000, 0x0000000781000000| Untracked 
|  16|0x0000000781000000, 0x0000000781100000, 0x0000000781100000|100%| O|  |TAMS 0x0000000781000000, 0x0000000781100000| Untracked 
|  17|0x0000000781100000, 0x0000000781200000, 0x0000000781200000|100%| O|  |TAMS 0x0000000781100000, 0x0000000781200000| Untracked 
|  18|0x0000000781200000, 0x0000000781300000, 0x0000000781300000|100%| O|  |TAMS 0x0000000781200000, 0x0000000781300000| Untracked 
|  19|0x0000000781300000, 0x0000000781400000, 0x0000000781400000|100%| O|  |TAMS 0x0000000781300000, 0x0000000781400000| Untracked 
|  20|0x0000000781400000, 0x0000000781500000, 0x0000000781500000|100%| O|  |TAMS 0x0000000781400000, 0x0000000781500000| Untracked 
|  21|0x0000000781500000, 0x00000007815c9200, 0x0000000781600000| 78%| O|  |TAMS 0x0000000781500000, 0x00000007815c9200| Untracked 
|  22|0x0000000781600000, 0x0000000781700000, 0x0000000781700000|100%|HS|  |TAMS 0x0000000781600000, 0x0000000781700000| Complete 
|  23|0x0000000781700000, 0x0000000781800000, 0x0000000781800000|100%|HC|  |TAMS 0x0000000781700000, 0x0000000781800000| Complete 
|  24|0x0000000781800000, 0x0000000781900000, 0x0000000781900000|100%|HS|  |TAMS 0x0000000781800000, 0x0000000781900000| Complete 
|  25|0x0000000781900000, 0x0000000781a00000, 0x0000000781a00000|100%|HC|  |TAMS 0x0000000781900000, 0x0000000781a00000| Complete 
|  26|0x0000000781a00000, 0x0000000781b00000, 0x0000000781b00000|100%|HC|  |TAMS 0x0000000781a00000, 0x0000000781b00000| Complete 
|  27|0x0000000781b00000, 0x0000000781c00000, 0x0000000781c00000|100%|HC|  |TAMS 0x0000000781b00000, 0x0000000781c00000| Complete 
|  28|0x0000000781c00000, 0x0000000781d00000, 0x0000000781d00000|100%|HS|  |TAMS 0x0000000781c00000, 0x0000000781d00000| Complete 
|  29|0x0000000781d00000, 0x0000000781e00000, 0x0000000781e00000|100%|HC|  |TAMS 0x0000000781d00000, 0x0000000781e00000| Complete 
|  30|0x0000000781e00000, 0x0000000781f00000, 0x0000000781f00000|100%|HC|  |TAMS 0x0000000781e00000, 0x0000000781f00000| Complete 
|  31|0x0000000781f00000, 0x0000000782000000, 0x0000000782000000|100%|HC|  |TAMS 0x0000000781f00000, 0x0000000782000000| Complete 
|  32|0x0000000782000000, 0x0000000782100000, 0x0000000782100000|100%|HC|  |TAMS 0x0000000782000000, 0x0000000782100000| Complete 
|  33|0x0000000782100000, 0x0000000782200000, 0x0000000782200000|100%|HC|  |TAMS 0x0000000782100000, 0x0000000782200000| Complete 
|  34|0x0000000782200000, 0x0000000782300000, 0x0000000782300000|100%|HC|  |TAMS 0x0000000782200000, 0x0000000782300000| Complete 
|  35|0x0000000782300000, 0x0000000782400000, 0x0000000782400000|100%|HC|  |TAMS 0x0000000782300000, 0x0000000782400000| Complete 
|  36|0x0000000782400000, 0x0000000782500000, 0x0000000782500000|100%|HC|  |TAMS 0x0000000782400000, 0x0000000782500000| Complete 
|  37|0x0000000782500000, 0x0000000782600000, 0x0000000782600000|100%|HS|  |TAMS 0x0000000782500000, 0x0000000782600000| Complete 
|  38|0x0000000782600000, 0x0000000782700000, 0x0000000782700000|100%|HC|  |TAMS 0x0000000782600000, 0x0000000782700000| Complete 
|  39|0x0000000782700000, 0x0000000782800000, 0x0000000782800000|100%|HS|  |TAMS 0x0000000782700000, 0x0000000782700000| Complete 
|  40|0x0000000782800000, 0x0000000782900000, 0x0000000782900000|100%|HC|  |TAMS 0x0000000782800000, 0x0000000782800000| Complete 
|  41|0x0000000782900000, 0x0000000782900000, 0x0000000782a00000|  0%| F|  |TAMS 0x0000000782900000, 0x0000000782900000| Untracked 
|  42|0x0000000782a00000, 0x0000000782a00000, 0x0000000782b00000|  0%| F|  |TAMS 0x0000000782a00000, 0x0000000782a00000| Untracked 
|  43|0x0000000782b00000, 0x0000000782b00000, 0x0000000782c00000|  0%| F|  |TAMS 0x0000000782b00000, 0x0000000782b00000| Untracked 
|  44|0x0000000782c00000, 0x0000000782c00000, 0x0000000782d00000|  0%| F|  |TAMS 0x0000000782c00000, 0x0000000782c00000| Untracked 
|  45|0x0000000782d00000, 0x0000000782d00000, 0x0000000782e00000|  0%| F|  |TAMS 0x0000000782d00000, 0x0000000782d00000| Untracked 
|  46|0x0000000782e00000, 0x0000000782e00000, 0x0000000782f00000|  0%| F|  |TAMS 0x0000000782e00000, 0x0000000782e00000| Untracked 
|  47|0x0000000782f00000, 0x0000000782f00000, 0x0000000783000000|  0%| F|  |TAMS 0x0000000782f00000, 0x0000000782f00000| Untracked 
|  48|0x0000000783000000, 0x0000000783000000, 0x0000000783100000|  0%| F|  |TAMS 0x0000000783000000, 0x0000000783000000| Untracked 
|  49|0x0000000783100000, 0x0000000783100000, 0x0000000783200000|  0%| F|  |TAMS 0x0000000783100000, 0x0000000783100000| Untracked 
|  50|0x0000000783200000, 0x0000000783200000, 0x0000000783300000|  0%| F|  |TAMS 0x0000000783200000, 0x0000000783200000| Untracked 
|  51|0x0000000783300000, 0x0000000783300000, 0x0000000783400000|  0%| F|  |TAMS 0x0000000783300000, 0x0000000783300000| Untracked 
|  52|0x0000000783400000, 0x0000000783400000, 0x0000000783500000|  0%| F|  |TAMS 0x0000000783400000, 0x0000000783400000| Untracked 
|  53|0x0000000783500000, 0x0000000783500000, 0x0000000783600000|  0%| F|  |TAMS 0x0000000783500000, 0x0000000783500000| Untracked 
|  54|0x0000000783600000, 0x0000000783600000, 0x0000000783700000|  0%| F|  |TAMS 0x0000000783600000, 0x0000000783600000| Untracked 
|  55|0x0000000783700000, 0x0000000783700000, 0x0000000783800000|  0%| F|  |TAMS 0x0000000783700000, 0x0000000783700000| Untracked 
|  56|0x0000000783800000, 0x0000000783800000, 0x0000000783900000|  0%| F|  |TAMS 0x0000000783800000, 0x0000000783800000| Untracked 
|  57|0x0000000783900000, 0x0000000783900000, 0x0000000783a00000|  0%| F|  |TAMS 0x0000000783900000, 0x0000000783900000| Untracked 
|  58|0x0000000783a00000, 0x0000000783a00000, 0x0000000783b00000|  0%| F|  |TAMS 0x0000000783a00000, 0x0000000783a00000| Untracked 
|  59|0x0000000783b00000, 0x0000000783b00000, 0x0000000783c00000|  0%| F|  |TAMS 0x0000000783b00000, 0x0000000783b00000| Untracked 
|  60|0x0000000783c00000, 0x0000000783c00000, 0x0000000783d00000|  0%| F|  |TAMS 0x0000000783c00000, 0x0000000783c00000| Untracked 
|  61|0x0000000783d00000, 0x0000000783d00000, 0x0000000783e00000|  0%| F|  |TAMS 0x0000000783d00000, 0x0000000783d00000| Untracked 
|  62|0x0000000783e00000, 0x0000000783e00000, 0x0000000783f00000|  0%| F|  |TAMS 0x0000000783e00000, 0x0000000783e00000| Untracked 
|  63|0x0000000783f00000, 0x0000000783f826e0, 0x0000000784000000| 50%| S|CS|TAMS 0x0000000783f00000, 0x0000000783f00000| Complete 
|  64|0x0000000784000000, 0x0000000784100000, 0x0000000784100000|100%| S|CS|TAMS 0x0000000784000000, 0x0000000784000000| Complete 
|  65|0x0000000784100000, 0x0000000784200000, 0x0000000784200000|100%| S|CS|TAMS 0x0000000784100000, 0x0000000784100000| Complete 
|  66|0x0000000784200000, 0x0000000784300000, 0x0000000784300000|100%| S|CS|TAMS 0x0000000784200000, 0x0000000784200000| Complete 
|  67|0x0000000784300000, 0x0000000784400000, 0x0000000784400000|100%| S|CS|TAMS 0x0000000784300000, 0x0000000784300000| Complete 
|  68|0x0000000784400000, 0x0000000784400000, 0x0000000784500000|  0%| F|  |TAMS 0x0000000784400000, 0x0000000784400000| Untracked 
|  69|0x0000000784500000, 0x0000000784500000, 0x0000000784600000|  0%| F|  |TAMS 0x0000000784500000, 0x0000000784500000| Untracked 
|  70|0x0000000784600000, 0x0000000784600000, 0x0000000784700000|  0%| F|  |TAMS 0x0000000784600000, 0x0000000784600000| Untracked 
|  71|0x0000000784700000, 0x0000000784700000, 0x0000000784800000|  0%| F|  |TAMS 0x0000000784700000, 0x0000000784700000| Untracked 
|  72|0x0000000784800000, 0x0000000784800000, 0x0000000784900000|  0%| F|  |TAMS 0x0000000784800000, 0x0000000784800000| Untracked 
|  73|0x0000000784900000, 0x0000000784900000, 0x0000000784a00000|  0%| F|  |TAMS 0x0000000784900000, 0x0000000784900000| Untracked 
|  74|0x0000000784a00000, 0x0000000784a00000, 0x0000000784b00000|  0%| F|  |TAMS 0x0000000784a00000, 0x0000000784a00000| Untracked 
|  75|0x0000000784b00000, 0x0000000784b00000, 0x0000000784c00000|  0%| F|  |TAMS 0x0000000784b00000, 0x0000000784b00000| Untracked 
|  76|0x0000000784c00000, 0x0000000784c00000, 0x0000000784d00000|  0%| F|  |TAMS 0x0000000784c00000, 0x0000000784c00000| Untracked 
|  77|0x0000000784d00000, 0x0000000784d00000, 0x0000000784e00000|  0%| F|  |TAMS 0x0000000784d00000, 0x0000000784d00000| Untracked 
|  78|0x0000000784e00000, 0x0000000784e00000, 0x0000000784f00000|  0%| F|  |TAMS 0x0000000784e00000, 0x0000000784e00000| Untracked 
|  79|0x0000000784f00000, 0x0000000784f9c6f0, 0x0000000785000000| 61%| E|  |TAMS 0x0000000784f00000, 0x0000000784f00000| Complete 
|  80|0x0000000785000000, 0x0000000785100000, 0x0000000785100000|100%| E|CS|TAMS 0x0000000785000000, 0x0000000785000000| Complete 
|  81|0x0000000785100000, 0x0000000785200000, 0x0000000785200000|100%| E|CS|TAMS 0x0000000785100000, 0x0000000785100000| Complete 
|  82|0x0000000785200000, 0x0000000785300000, 0x0000000785300000|100%| E|CS|TAMS 0x0000000785200000, 0x0000000785200000| Complete 
|  83|0x0000000785300000, 0x0000000785400000, 0x0000000785400000|100%| E|CS|TAMS 0x0000000785300000, 0x0000000785300000| Complete 
|  84|0x0000000785400000, 0x0000000785500000, 0x0000000785500000|100%| E|CS|TAMS 0x0000000785400000, 0x0000000785400000| Complete 
|  85|0x0000000785500000, 0x0000000785600000, 0x0000000785600000|100%| E|CS|TAMS 0x0000000785500000, 0x0000000785500000| Complete 
|  86|0x0000000785600000, 0x0000000785700000, 0x0000000785700000|100%| E|CS|TAMS 0x0000000785600000, 0x0000000785600000| Complete 
|  87|0x0000000785700000, 0x0000000785800000, 0x0000000785800000|100%| E|CS|TAMS 0x0000000785700000, 0x0000000785700000| Complete 
| 102|0x0000000786600000, 0x0000000786700000, 0x0000000786700000|100%| E|CS|TAMS 0x0000000786600000, 0x0000000786600000| Complete 
| 103|0x0000000786700000, 0x0000000786800000, 0x0000000786800000|100%| E|CS|TAMS 0x0000000786700000, 0x0000000786700000| Complete 
| 104|0x0000000786800000, 0x0000000786900000, 0x0000000786900000|100%| E|CS|TAMS 0x0000000786800000, 0x0000000786800000| Complete 
| 127|0x0000000787f00000, 0x0000000788000000, 0x0000000788000000|100%| E|CS|TAMS 0x0000000787f00000, 0x0000000787f00000| Complete 
|2046|0x00000007ffe00000, 0x00000007ffe78000, 0x00000007fff00000| 46%|OA|  |TAMS 0x00000007ffe78000, 0x00000007ffe78000| Untracked 
|2047|0x00000007fff00000, 0x00000007fff80000, 0x0000000800000000| 50%|CA|  |TAMS 0x00000007fff80000, 0x00000007fff80000| Untracked 

Card table byte_map: [0x0000000105268000,0x0000000105668000] _byte_map_base: 0x0000000101668000

Marking Bits (Prev, Next): (CMBitMap*) 0x0000000144008650, (CMBitMap*) 0x0000000144008610
 Prev Bits: [0x000000011f2cc000, 0x00000001212cc000)
 Next Bits: [0x000000011d2cc000, 0x000000011f2cc000)

Polling page: 0x0000000104a74000

Metaspace:

Usage:
  Non-class:     21.48 MB used.
      Class:      3.36 MB used.
       Both:     24.84 MB used.

Virtual space:
  Non-class space:       24.00 MB reserved,      21.62 MB ( 90%) committed,  3 nodes.
      Class space:        1.00 GB reserved,       3.50 MB ( <1%) committed,  1 nodes.
             Both:        1.02 GB reserved,      25.12 MB (  2%) committed. 

Chunk freelists:
   Non-Class:  1.62 MB
       Class:  368.00 KB
        Both:  1.98 MB

MaxMetaspaceSize: unlimited
CompressedClassSpaceSize: 1.00 GB
Initial GC threshold: 21.00 MB
Current GC threshold: 35.12 MB
CDS: on
MetaspaceReclaimPolicy: balanced
 - commit_granule_bytes: 65536.
 - commit_granule_words: 8192.
 - virtual_space_node_default_size: 1048576.
 - enlarge_chunks_in_place: 1.
 - new_chunks_are_fully_committed: 0.
 - uncommit_free_chunks: 1.
 - use_allocation_guard: 0.
 - handle_deallocations: 1.


Internal statistics:

num_allocs_failed_limit: 3.
num_arena_births: 266.
num_arena_deaths: 0.
num_vsnodes_births: 4.
num_vsnodes_deaths: 0.
num_space_committed: 402.
num_space_uncommitted: 0.
num_chunks_returned_to_freelist: 3.
num_chunks_taken_from_freelist: 949.
num_chunk_merges: 3.
num_chunk_splits: 653.
num_chunks_enlarged: 492.
num_purges: 0.
num_inconsistent_stats: 0.

CodeHeap 'non-profiled nmethods': size=120032Kb used=2329Kb max_used=2329Kb free=117702Kb
 bounds [0x0000000115d94000, 0x0000000116004000, 0x000000011d2cc000]
CodeHeap 'profiled nmethods': size=120016Kb used=12089Kb max_used=12089Kb free=107926Kb
 bounds [0x000000010e860000, 0x000000010f430000, 0x0000000115d94000]
CodeHeap 'non-nmethods': size=5712Kb used=1478Kb max_used=1535Kb free=4233Kb
 bounds [0x000000010e2cc000, 0x000000010e53c000, 0x000000010e860000]
 total_blobs=6022 nmethods=5176 adapters=762
 compilation: enabled
              stopped_count=0, restarted_count=0
 full_count=0

Compilation events (20 events):
Event: 11.700 Thread 0x000000015385c400 5290       3       javafx.scene.shape.Rectangle$1::doConfigShape (8 bytes)
Event: 11.700 Thread 0x000000015385c400 nmethod 5290 0x000000010f423610 code [0x000000010f4237c0, 0x000000010f423a58]
Event: 11.700 Thread 0x000000015385c400 5291       3       javafx.scene.shape.Rectangle::doConfigShape (92 bytes)
Event: 11.701 Thread 0x000000014403b400 5292       4       com.sun.javafx.sg.prism.NGGroup::renderForcedContent (43 bytes)
Event: 11.702 Thread 0x000000015385c400 nmethod 5291 0x000000010f423b90 code [0x000000010f424080, 0x000000010f4268a8]
Event: 11.702 Thread 0x000000015385c400 5293       1       com.sun.prism.es2.GLDrawable::getNativeDrawableInfo (5 bytes)
Event: 11.702 Thread 0x000000015385c400 nmethod 5293 0x0000000115fd9a90 code [0x0000000115fd9c00, 0x0000000115fd9ce8]
Event: 11.706 Thread 0x000000014403b400 nmethod 5292 0x0000000115fd9d90 code [0x0000000115fd9f80, 0x0000000115fda2a0]
Event: 11.714 Thread 0x000000015385c400 5294       3       javafx.scene.shape.Shape::doComputeContains (11 bytes)
Event: 11.715 Thread 0x000000015385c400 nmethod 5294 0x000000010f427310 code [0x000000010f427500, 0x000000010f4279f8]
Event: 11.747 Thread 0x000000015385c400 5299   !   3       com.sun.javafx.event.EventQueue::fire (66 bytes)
Event: 11.749 Thread 0x000000015385c400 nmethod 5299 0x000000010f427b90 code [0x000000010f427e00, 0x000000010f428718]
Event: 11.749 Thread 0x000000015385c400 5295       3       com.sun.javafx.geom.transform.Affine3D::deltaTransform (126 bytes)
Event: 11.749 Thread 0x000000015385c400 nmethod 5295 0x000000010f428b90 code [0x000000010f428d80, 0x000000010f429198]
Event: 11.749 Thread 0x000000015385c400 5296       3       com.sun.javafx.geom.transform.AffineBase::deltaTransform (204 bytes)
Event: 11.750 Thread 0x000000015385c400 nmethod 5296 0x000000010f429390 code [0x000000010f4295c0, 0x000000010f429bd8]
Event: 11.750 Thread 0x000000015385c400 5297       3       com.sun.javafx.geom.Vec3d::normalize (38 bytes)
Event: 11.750 Thread 0x000000015385c400 nmethod 5297 0x000000010f429e90 code [0x000000010f42a040, 0x000000010f42a218]
Event: 11.750 Thread 0x000000015385c400 5298       3       com.sun.javafx.scene.input.PickResultChooser::toPickResult (41 bytes)
Event: 11.750 Thread 0x000000015385c400 nmethod 5298 0x000000010f42a310 code [0x000000010f42a4c0, 0x000000010f42a718]

GC Heap History (8 events):
Event: 0.414 GC heap before
{Heap before GC invocations=0 (full 0):
 garbage-first heap   total 133120K, used 23520K [0x0000000780000000, 0x0000000800000000)
  region size 1024K, 23 young (23552K), 0 survivors (0K)
 Metaspace       used 6026K, committed 6272K, reserved 1056768K
  class space    used 731K, committed 832K, reserved 1048576K
}
Event: 0.415 GC heap after
{Heap after GC invocations=1 (full 0):
 garbage-first heap   total 133120K, used 3637K [0x0000000780000000, 0x0000000800000000)
  region size 1024K, 3 young (3072K), 3 survivors (3072K)
 Metaspace       used 6026K, committed 6272K, reserved 1056768K
  class space    used 731K, committed 832K, reserved 1048576K
}
Event: 2.460 GC heap before
{Heap before GC invocations=1 (full 0):
 garbage-first heap   total 133120K, used 65077K [0x0000000780000000, 0x0000000800000000)
  region size 1024K, 49 young (50176K), 3 survivors (3072K)
 Metaspace       used 16902K, committed 17152K, reserved 1064960K
  class space    used 2136K, committed 2240K, reserved 1048576K
}
Event: 2.466 GC heap after
{Heap after GC invocations=2 (full 0):
 garbage-first heap   total 133120K, used 23316K [0x0000000780000000, 0x0000000800000000)
  region size 1024K, 7 young (7168K), 7 survivors (7168K)
 Metaspace       used 16902K, committed 17152K, reserved 1064960K
  class space    used 2136K, committed 2240K, reserved 1048576K
}
Event: 2.700 GC heap before
{Heap before GC invocations=2 (full 0):
 garbage-first heap   total 133120K, used 45844K [0x0000000780000000, 0x0000000800000000)
  region size 1024K, 30 young (30720K), 7 survivors (7168K)
 Metaspace       used 21356K, committed 21504K, reserved 1073152K
  class space    used 3053K, committed 3136K, reserved 1048576K
}
Event: 2.704 GC heap after
{Heap after GC invocations=3 (full 0):
 garbage-first heap   total 133120K, used 25785K [0x0000000780000000, 0x0000000800000000)
  region size 1024K, 3 young (3072K), 3 survivors (3072K)
 Metaspace       used 21356K, committed 21504K, reserved 1073152K
  class space    used 3053K, committed 3136K, reserved 1048576K
}
Event: 7.718 GC heap before
{Heap before GC invocations=4 (full 0):
 garbage-first heap   total 96256K, used 63673K [0x0000000780000000, 0x0000000800000000)
  region size 1024K, 24 young (24576K), 3 survivors (3072K)
 Metaspace       used 23818K, committed 24128K, reserved 1073152K
  class space    used 3315K, committed 3456K, reserved 1048576K
}
Event: 7.725 GC heap after
{Heap after GC invocations=5 (full 0):
 garbage-first heap   total 96256K, used 45326K [0x0000000780000000, 0x0000000800000000)
  region size 1024K, 5 young (5120K), 5 survivors (5120K)
 Metaspace       used 23818K, committed 24128K, reserved 1073152K
  class space    used 3315K, committed 3456K, reserved 1048576K
}

Deoptimization events (20 events):
Event: 8.804 Thread 0x00000001350e5e00 DEOPT PACKING pc=0x000000010ee3f388 sp=0x000000016b509ca0
Event: 8.804 Thread 0x00000001350e5e00 DEOPT UNPACKING pc=0x000000010e30ab7c sp=0x000000016b509940 mode 0
Event: 8.814 Thread 0x00000001350e5e00 Uncommon trap: trap_request=0xfffffff4 fr.pc=0x0000000115f5ccd0 relative=0x0000000000000110
Event: 8.814 Thread 0x00000001350e5e00 Uncommon trap: reason=null_check action=make_not_entrant pc=0x0000000115f5ccd0 method=javafx.scene.Node$MiscProperties.getClip()Ljavafx/scene/Node; @ 20 c2
Event: 8.814 Thread 0x00000001350e5e00 DEOPT PACKING pc=0x0000000115f5ccd0 sp=0x000000016b5088b0
Event: 8.814 Thread 0x00000001350e5e00 DEOPT UNPACKING pc=0x000000010e30ad1c sp=0x000000016b5087f0 mode 2
Event: 8.869 Thread 0x0000000133890800 DEOPT PACKING pc=0x000000010ef44698 sp=0x000000016e3afc00
Event: 8.869 Thread 0x0000000133890800 DEOPT UNPACKING pc=0x000000010e30ab7c sp=0x000000016e3af890 mode 0
Event: 9.210 Thread 0x00000001350e5e00 Uncommon trap: trap_request=0xffffff45 fr.pc=0x0000000115f614e8 relative=0x0000000000000328
Event: 9.210 Thread 0x00000001350e5e00 Uncommon trap: reason=unstable_if action=reinterpret pc=0x0000000115f614e8 method=javafx.scene.Node$MiscProperties.isDisable()Z @ 4 c2
Event: 9.210 Thread 0x00000001350e5e00 DEOPT PACKING pc=0x0000000115f614e8 sp=0x000000016b50ab90
Event: 9.210 Thread 0x00000001350e5e00 DEOPT UNPACKING pc=0x000000010e30ad1c sp=0x000000016b50aa40 mode 2
Event: 11.036 Thread 0x00000001350e5e00 DEOPT PACKING pc=0x000000010f2b23a8 sp=0x000000016b50ad40
Event: 11.036 Thread 0x00000001350e5e00 DEOPT UNPACKING pc=0x000000010e30ab7c sp=0x000000016b50aa50 mode 3
Event: 11.138 Thread 0x00000001339e6e00 DEOPT PACKING pc=0x000000010ec7aa04 sp=0x000000016fbda380
Event: 11.138 Thread 0x00000001339e6e00 DEOPT UNPACKING pc=0x000000010e30ab7c sp=0x000000016fbd9ff0 mode 1
Event: 11.139 Thread 0x00000001339e6e00 DEOPT PACKING pc=0x000000010ec7aa04 sp=0x000000016fbda380
Event: 11.139 Thread 0x00000001339e6e00 DEOPT UNPACKING pc=0x000000010e30ab7c sp=0x000000016fbd9ff0 mode 1
Event: 11.139 Thread 0x00000001339e6e00 DEOPT PACKING pc=0x000000010ec7aa04 sp=0x000000016fbda380
Event: 11.139 Thread 0x00000001339e6e00 DEOPT UNPACKING pc=0x000000010e30ab7c sp=0x000000016fbd9ff0 mode 1

Classes unloaded (0 events):
No events

Classes redefined (0 events):
No events

Internal exceptions (20 events):
Event: 2.628 Thread 0x00000001350e5e00 Exception <a 'java/lang/ClassNotFoundException'{0x00000007872979a8}: com/sun/javafx/scene/control/skin/resources/controls-nt_zh_Hant_TW> (0x00000007872979a8) 
thrown [open/src/hotspot/share/prims/jni.cpp, line 535]
Event: 2.653 Thread 0x00000001350e5e00 Exception <a 'java/lang/NoSuchMethodError'{0x0000000786f54110}: 'void java.lang.invoke.DirectMethodHandle$Holder.invokeSpecialIFC(java.lang.Object, java.lang.Object, java.lang.Object, java.lang.Object)'> (0x0000000786f54110) 
thrown [open/src/hotspot/share/interpreter/linkResolver.cpp, line 766]
Event: 2.663 Thread 0x00000001350e5e00 Exception <a 'java/lang/ClassNotFoundException'{0x0000000786eba588}: com/sun/javafx/scene/control/skin/resources/controls> (0x0000000786eba588) 
thrown [open/src/hotspot/share/prims/jni.cpp, line 535]
Event: 2.663 Thread 0x00000001350e5e00 Exception <a 'java/lang/ClassNotFoundException'{0x0000000786ec87f0}: com/sun/javafx/scene/control/skin/resources/controls_zh> (0x0000000786ec87f0) 
thrown [open/src/hotspot/share/prims/jni.cpp, line 535]
Event: 2.663 Thread 0x00000001350e5e00 Exception <a 'java/lang/ClassNotFoundException'{0x0000000786ec9a50}: com/sun/javafx/scene/control/skin/resources/controls_zh_TW> (0x0000000786ec9a50) 
thrown [open/src/hotspot/share/prims/jni.cpp, line 535]
Event: 2.664 Thread 0x00000001350e5e00 Exception <a 'java/lang/ClassNotFoundException'{0x0000000786ed80a0}: com/sun/javafx/scene/control/skin/resources/controls_zh_Hant> (0x0000000786ed80a0) 
thrown [open/src/hotspot/share/prims/jni.cpp, line 535]
Event: 2.664 Thread 0x00000001350e5e00 Exception <a 'java/lang/ClassNotFoundException'{0x0000000786ed9308}: com/sun/javafx/scene/control/skin/resources/controls_zh_Hant_TW> (0x0000000786ed9308) 
thrown [open/src/hotspot/share/prims/jni.cpp, line 535]
Event: 2.737 Thread 0x00000001350e5e00 Exception <a 'java/lang/NoSuchMethodError'{0x0000000785558dc0}: 'void java.lang.invoke.DirectMethodHandle$Holder.invokeSpecial(java.lang.Object, java.lang.Object, int, int)'> (0x0000000785558dc0) 
thrown [open/src/hotspot/share/interpreter/linkResolver.cpp, line 766]
Event: 2.737 Thread 0x00000001350e5e00 Exception <a 'java/lang/NoSuchMethodError'{0x000000078555f5a8}: 'java.lang.Object java.lang.invoke.DirectMethodHandle$Holder.newInvokeSpecial(java.lang.Object, java.lang.Object, int, int)'> (0x000000078555f5a8) 
thrown [open/src/hotspot/share/interpreter/linkResolver.cpp, line 766]
Event: 2.743 Thread 0x00000001350e5e00 Exception <a 'java/lang/NoSuchMethodError'{0x0000000785581fe8}: 'java.lang.Object java.lang.invoke.DirectMethodHandle$Holder.newInvokeSpecial(java.lang.Object, java.lang.Object, int)'> (0x0000000785581fe8) 
thrown [open/src/hotspot/share/interpreter/linkResolver.cpp, line 766]
Event: 2.801 Thread 0x00000001350e5e00 Exception <a 'java/lang/NoSuchMethodError'{0x0000000785229320}: 'long java.lang.invoke.DirectMethodHandle$Holder.invokeStatic(java.lang.Object, java.lang.Object, java.lang.Object)'> (0x0000000785229320) 
thrown [open/src/hotspot/share/interpreter/linkResolver.cpp, line 766]
Event: 2.801 Thread 0x00000001350e5e00 Exception <a 'java/lang/NoSuchMethodError'{0x000000078522cac8}: 'long java.lang.invoke.DirectMethodHandle$Holder.invokeStaticInit(java.lang.Object, java.lang.Object, java.lang.Object)'> (0x000000078522cac8) 
thrown [open/src/hotspot/share/interpreter/linkResolver.cpp, line 766]
Event: 2.802 Thread 0x00000001350e5e00 Exception <a 'java/lang/NoSuchMethodError'{0x00000007852446d0}: 'java.lang.Object java.lang.invoke.DirectMethodHandle$Holder.newInvokeSpecial(java.lang.Object, java.lang.Object, long)'> (0x00000007852446d0) 
thrown [open/src/hotspot/share/interpreter/linkResolver.cpp, line 766]
Event: 2.802 Thread 0x00000001350e5e00 Exception <a 'java/lang/NoSuchMethodError'{0x0000000785247f98}: 'java.lang.Object java.lang.invoke.Invokers$Holder.linkToTargetMethod(java.lang.Object, long, java.lang.Object)'> (0x0000000785247f98) 
thrown [open/src/hotspot/share/interpreter/linkResolver.cpp, line 766]
Event: 2.837 Thread 0x0000000133890800 Exception <a 'java/lang/NoSuchMethodError'{0x00000007852be058}: 'java.lang.Object java.lang.invoke.DirectMethodHandle$Holder.invokeStaticInit(java.lang.Object, int)'> (0x00000007852be058) 
thrown [open/src/hotspot/share/interpreter/linkResolver.cpp, line 766]
Event: 8.612 Thread 0x00000001350e5e00 Exception <a 'java/lang/NoSuchMethodError'{0x00000007868ba9e8}: 'java.lang.Object java.lang.invoke.DirectMethodHandle$Holder.newInvokeSpecial(java.lang.Object, java.lang.Object, int, int, int, int, int, java.lang.Object)'> (0x00000007868ba9e8) 
thrown [open/src/hotspot/share/interpreter/linkResolver.cpp, line 766]
Event: 8.613 Thread 0x00000001350e5e00 Exception <a 'java/lang/NoSuchMethodError'{0x00000007868cd9c8}: 'java.lang.Object java.lang.invoke.DirectMethodHandle$Holder.newInvokeSpecial(java.lang.Object, java.lang.Object, java.lang.Object, int, int, int, int, int)'> (0x00000007868cd9c8) 
thrown [open/src/hotspot/share/interpreter/linkResolver.cpp, line 766]
Event: 8.614 Thread 0x00000001350e5e00 Exception <a 'java/lang/NoSuchMethodError'{0x00000007868d5228}: 'java.lang.Object java.lang.invoke.Invokers$Holder.linkToTargetMethod(java.lang.Object, java.lang.Object, int, int, int, int, int, java.lang.Object)'> (0x00000007868d5228) 
thrown [open/src/hotspot/share/interpreter/linkResolver.cpp, line 766]
Event: 8.708 Thread 0x00000001350e5e00 Exception <a 'sun/nio/fs/UnixException'{0x00000007867ca3f8}> (0x00000007867ca3f8) 
thrown [open/src/hotspot/share/prims/jni.cpp, line 516]
Event: 8.814 Thread 0x00000001350e5e00 Implicit null exception at 0x0000000115f5cc50 to 0x0000000115f5ccc0

VM Operations (20 events):
Event: 7.050 Executing VM operation: Cleanup
Event: 7.050 Executing VM operation: Cleanup done
Event: 7.718 Executing VM operation: G1TryInitiateConcMark
Event: 7.725 Executing VM operation: G1TryInitiateConcMark done
Event: 7.725 Executing VM operation: Cleanup
Event: 7.726 Executing VM operation: Cleanup done
Event: 8.427 Executing VM operation: ICBufferFull
Event: 8.427 Executing VM operation: ICBufferFull done
Event: 8.705 Executing VM operation: HandshakeAllThreads
Event: 8.706 Executing VM operation: HandshakeAllThreads done
Event: 8.775 Executing VM operation: ICBufferFull
Event: 8.775 Executing VM operation: ICBufferFull done
Event: 8.812 Executing VM operation: ICBufferFull
Event: 8.812 Executing VM operation: ICBufferFull done
Event: 9.181 Executing VM operation: ICBufferFull
Event: 9.181 Executing VM operation: ICBufferFull done
Event: 10.186 Executing VM operation: Cleanup
Event: 10.186 Executing VM operation: Cleanup done
Event: 11.032 Executing VM operation: ICBufferFull
Event: 11.032 Executing VM operation: ICBufferFull done

Events (20 events):
Event: 8.773 loading class javafx/scene/input/KeyEvent
Event: 8.773 loading class javafx/scene/input/KeyEvent done
Event: 8.773 loading class com/sun/javafx/scene/control/behavior/DateCellBehavior
Event: 8.773 loading class com/sun/javafx/scene/control/behavior/DateCellBehavior done
Event: 8.773 loading class javafx/scene/input/KeyEvent
Event: 8.773 loading class javafx/scene/input/KeyEvent done
Event: 8.815 loading class com/sun/javafx/tk/quantum/QuantumToolkit
Event: 8.815 loading class com/sun/javafx/tk/quantum/QuantumToolkit done
Event: 8.815 loading class com/sun/javafx/tk/quantum/QuantumToolkit
Event: 8.815 loading class com/sun/javafx/tk/quantum/QuantumToolkit done
Event: 8.815 loading class com/sun/javafx/tk/RenderJob
Event: 8.815 loading class com/sun/javafx/tk/RenderJob done
Event: 10.765 loading class jdk/internal/access/foreign/MemorySegmentProxy
Event: 10.765 loading class jdk/internal/access/foreign/MemorySegmentProxy done
Event: 11.022 loading class java/time/format/DateTimeFormatterBuilder$LocalizedPrinterParser
Event: 11.023 loading class java/time/format/DateTimeFormatterBuilder$LocalizedPrinterParser done
Event: 11.023 loading class sun/text/spi/JavaTimeDateTimePatternProvider
Event: 11.024 loading class sun/text/spi/JavaTimeDateTimePatternProvider done
Event: 11.024 loading class sun/util/locale/provider/JavaTimeDateTimePatternImpl
Event: 11.024 loading class sun/util/locale/provider/JavaTimeDateTimePatternImpl done


Dynamic libraries:
0x0000000104a24000 	/Library/Java/JavaVirtualMachines/jdk-17.0.1.jdk/Contents/Home/lib/libjli.dylib
0x00000001a111e000 	/usr/lib/libz.1.dylib
0x00000001a11ce000 	/usr/lib/libSystem.B.dylib
0x00000001a11c8000 	/usr/lib/system/libcache.dylib
0x00000001a1186000 	/usr/lib/system/libcommonCrypto.dylib
0x00000001a11af000 	/usr/lib/system/libcompiler_rt.dylib
0x00000001a11a6000 	/usr/lib/system/libcopyfile.dylib
0x00000001964d2000 	/usr/lib/system/libcorecrypto.dylib
0x0000000196577000 	/usr/lib/system/libdispatch.dylib
0x000000019673f000 	/usr/lib/system/libdyld.dylib
0x00000001a11be000 	/usr/lib/system/libkeymgr.dylib
0x00000001a1168000 	/usr/lib/system/libmacho.dylib
0x00000001a0874000 	/usr/lib/system/libquarantine.dylib
0x00000001a11bb000 	/usr/lib/system/libremovefile.dylib
0x000000019b8c1000 	/usr/lib/system/libsystem_asl.dylib
0x000000019647c000 	/usr/lib/system/libsystem_blocks.dylib
0x00000001965fd000 	/usr/lib/system/libsystem_c.dylib
0x00000001a11b3000 	/usr/lib/system/libsystem_collections.dylib
0x000000019fcd1000 	/usr/lib/system/libsystem_configuration.dylib
0x000000019ef57000 	/usr/lib/system/libsystem_containermanager.dylib
0x00000001a0ed2000 	/usr/lib/system/libsystem_coreservices.dylib
0x0000000198e64000 	/usr/lib/system/libsystem_darwin.dylib
0x00000001a11bf000 	/usr/lib/system/libsystem_dnssd.dylib
0x00000001965fa000 	/usr/lib/system/libsystem_featureflags.dylib
0x0000000196754000 	/usr/lib/system/libsystem_info.dylib
0x00000001a1130000 	/usr/lib/system/libsystem_m.dylib
0x000000019654c000 	/usr/lib/system/libsystem_malloc.dylib
0x000000019b852000 	/usr/lib/system/libsystem_networkextension.dylib
0x00000001992b7000 	/usr/lib/system/libsystem_notify.dylib
0x00000001a739b000 	/usr/lib/system/libsystem_product_info_filter.dylib
0x000000019fcd6000 	/usr/lib/system/libsystem_sandbox.dylib
0x00000001a11b8000 	/usr/lib/system/libsystem_secinit.dylib
0x00000001966fc000 	/usr/lib/system/libsystem_kernel.dylib
0x000000019674c000 	/usr/lib/system/libsystem_platform.dylib
0x0000000196732000 	/usr/lib/system/libsystem_pthread.dylib
0x000000019cff7000 	/usr/lib/system/libsystem_symptoms.dylib
0x00000001964b8000 	/usr/lib/system/libsystem_trace.dylib
0x00000001a1193000 	/usr/lib/system/libunwind.dylib
0x000000019647e000 	/usr/lib/system/libxpc.dylib
0x00000001966e2000 	/usr/lib/libc++abi.dylib
0x00000001965be000 	/usr/lib/libobjc.A.dylib
0x00000001a119e000 	/usr/lib/liboah.dylib
0x000000019667e000 	/usr/lib/libc++.1.dylib
0x00000001acd78000 	/System/Library/Frameworks/Cocoa.framework/Versions/A/Cocoa
0x0000000199316000 	/System/Library/Frameworks/AppKit.framework/Versions/C/AppKit
0x000000019c838000 	/System/Library/Frameworks/CoreData.framework/Versions/A/CoreData
0x0000000197677000 	/System/Library/Frameworks/Foundation.framework/Versions/C/Foundation
0x000000019a1c8000 	/System/Library/PrivateFrameworks/UIFoundation.framework/Versions/A/UIFoundation
0x00000001a7095000 	/System/Library/PrivateFrameworks/RemoteViewServices.framework/Versions/A/RemoteViewServices
0x000000019f690000 	/System/Library/PrivateFrameworks/XCTTargetBootstrap.framework/Versions/A/XCTTargetBootstrap
0x00000001a2ed0000 	/System/Library/PrivateFrameworks/InternationalSupport.framework/Versions/A/InternationalSupport
0x00000001a2f59000 	/System/Library/PrivateFrameworks/UserActivity.framework/Versions/A/UserActivity
0x00000001a23fb000 	/usr/lib/libspindump.dylib
0x000000019a438000 	/System/Library/Frameworks/UniformTypeIdentifiers.framework/Versions/A/UniformTypeIdentifiers
0x000000019dc1e000 	/usr/lib/libapp_launch_measurement.dylib
0x000000019d19b000 	/System/Library/PrivateFrameworks/CoreAnalytics.framework/Versions/A/CoreAnalytics
0x000000019dc21000 	/System/Library/PrivateFrameworks/CoreAutoLayout.framework/Versions/A/CoreAutoLayout
0x000000019ef94000 	/System/Library/Frameworks/Metal.framework/Versions/A/Metal
0x000000019fce1000 	/usr/lib/liblangid.dylib
0x000000019f694000 	/System/Library/PrivateFrameworks/CoreSVG.framework/Versions/A/CoreSVG
0x000000019b8f5000 	/System/Library/PrivateFrameworks/SkyLight.framework/Versions/A/SkyLight
0x000000019bcbd000 	/System/Library/Frameworks/CoreGraphics.framework/Versions/A/CoreGraphics
0x00000001a770e000 	/System/Library/Frameworks/Accelerate.framework/Versions/A/Accelerate
0x00000001a1e70000 	/System/Library/PrivateFrameworks/IconServices.framework/Versions/A/IconServices
0x000000019ef76000 	/System/Library/Frameworks/IOSurface.framework/Versions/A/IOSurface
0x000000019d1cb000 	/usr/lib/libDiagnosticMessagesClient.dylib
0x00000001aab46000 	/System/Library/Frameworks/ApplicationServices.framework/Versions/A/ApplicationServices
0x000000019f678000 	/System/Library/PrivateFrameworks/DFRFoundation.framework/Versions/A/DFRFoundation
0x0000000198bb9000 	/usr/lib/libicucore.A.dylib
0x00000001a3ccd000 	/System/Library/Frameworks/AudioToolbox.framework/Versions/A/AudioToolbox
0x00000001a2edc000 	/System/Library/PrivateFrameworks/DataDetectorsCore.framework/Versions/A/DataDetectorsCore
0x00000001b8ef8000 	/System/Library/PrivateFrameworks/TextInput.framework/Versions/A/TextInput
0x000000019b86c000 	/usr/lib/libMobileGestalt.dylib
0x000000019f348000 	/System/Library/Frameworks/Carbon.framework/Versions/A/Frameworks/HIToolbox.framework/Versions/A/HIToolbox
0x000000019d628000 	/System/Library/Frameworks/QuartzCore.framework/Versions/A/QuartzCore
0x0000000198836000 	/System/Library/Frameworks/Security.framework/Versions/A/Security
0x00000001a70d5000 	/System/Library/Frameworks/Carbon.framework/Versions/A/Frameworks/SpeechRecognition.framework/Versions/A/SpeechRecognition
0x000000019d975000 	/System/Library/PrivateFrameworks/CoreUI.framework/Versions/A/CoreUI
0x0000000198109000 	/System/Library/Frameworks/CoreAudio.framework/Versions/A/CoreAudio
0x000000019d2bb000 	/System/Library/Frameworks/DiskArbitration.framework/Versions/A/DiskArbitration
0x00000001a27e3000 	/System/Library/PrivateFrameworks/MultitouchSupport.framework/Versions/A/MultitouchSupport
0x000000019b86a000 	/usr/lib/libenergytrace.dylib
0x00000001991e2000 	/System/Library/Frameworks/IOKit.framework/Versions/A/IOKit
0x00000001a74bc000 	/System/Library/Frameworks/CoreServices.framework/Versions/A/CoreServices
0x000000019dbae000 	/System/Library/PrivateFrameworks/PerformanceAnalysis.framework/Versions/A/PerformanceAnalysis
0x00000001f771d000 	/System/Library/Frameworks/OpenGL.framework/Versions/A/OpenGL
0x00000001a0794000 	/System/Library/PrivateFrameworks/MobileKeyBag.framework/Versions/A/MobileKeyBag
0x000000019c2cd000 	/System/Library/Frameworks/ColorSync.framework/Versions/A/ColorSync
0x0000000196780000 	/System/Library/Frameworks/CoreFoundation.framework/Versions/A/CoreFoundation
0x000000019f915000 	/System/Library/Frameworks/CoreImage.framework/Versions/A/CoreImage
0x0000000197f2c000 	/System/Library/Frameworks/CoreText.framework/Versions/A/CoreText
0x000000019f6c4000 	/System/Library/Frameworks/ImageIO.framework/Versions/A/ImageIO
0x00000001a11d4000 	/System/Library/PrivateFrameworks/SoftLinking.framework/Versions/A/SoftLinking
0x000000019dc6b000 	/usr/lib/libxml2.2.dylib
0x00000001a146c000 	/usr/lib/libcompression.dylib
0x00000001a2e29000 	/System/Library/PrivateFrameworks/TextureIO.framework/Versions/A/TextureIO
0x00000001a1b8a000 	/usr/lib/libate.dylib
0x00000001a1a52000 	/usr/lib/liblzma.5.dylib
0x0000000197368000 	/System/Library/Frameworks/SystemConfiguration.framework/Versions/A/SystemConfiguration
0x00000001a11d0000 	/usr/lib/libfakelink.dylib
0x000000019b39a000 	/System/Library/Frameworks/CFNetwork.framework/Versions/A/CFNetwork
0x00000001a1317000 	/usr/lib/libarchive.2.dylib
0x000000019fcdd000 	/System/Library/PrivateFrameworks/AppleSystemInfo.framework/Versions/A/AppleSystemInfo
0x00000001a089e000 	/usr/lib/libbsm.0.dylib
0x000000019a8d7000 	/usr/lib/libnetwork.dylib
0x00000001a116e000 	/usr/lib/system/libkxld.dylib
0x00000001a04b6000 	/System/Library/PrivateFrameworks/IOMobileFramebuffer.framework/Versions/A/IOMobileFramebuffer
0x0000000213048000 	/usr/lib/libCoreEntitlements.dylib
0x00000001a0eb4000 	/System/Library/PrivateFrameworks/AppleFSCompression.framework/Versions/A/AppleFSCompression
0x00000001a0887000 	/usr/lib/libcoretls.dylib
0x00000001a1a6b000 	/usr/lib/libcoretls_cfhelpers.dylib
0x00000001a1467000 	/usr/lib/libpam.2.dylib
0x000000019cc1f000 	/usr/lib/libsqlite3.dylib
0x00000001a1ad3000 	/usr/lib/libxar.1.dylib
0x00000001a0ec5000 	/usr/lib/libbz2.1.0.dylib
0x00000001a11d5000 	/usr/lib/libpcap.A.dylib
0x000000019cfee000 	/usr/lib/libdns_services.dylib
0x00000001a143a000 	/usr/lib/libapple_nghttp2.dylib
0x00000001a1212000 	/usr/lib/libiconv.2.dylib
0x00000001a1167000 	/usr/lib/libcharset.1.dylib
0x000000019dbea000 	/System/Library/Frameworks/CoreServices.framework/Versions/A/Frameworks/FSEvents.framework/Versions/A/FSEvents
0x0000000198e6f000 	/System/Library/Frameworks/CoreServices.framework/Versions/A/Frameworks/CarbonCore.framework/Versions/A/CarbonCore
0x000000019d21e000 	/System/Library/Frameworks/CoreServices.framework/Versions/A/Frameworks/Metadata.framework/Versions/A/Metadata
0x00000001a0ed8000 	/System/Library/Frameworks/CoreServices.framework/Versions/A/Frameworks/OSServices.framework/Versions/A/OSServices
0x00000001a139c000 	/System/Library/Frameworks/CoreServices.framework/Versions/A/Frameworks/SearchKit.framework/Versions/A/SearchKit
0x000000019cf7c000 	/System/Library/Frameworks/CoreServices.framework/Versions/A/Frameworks/AE.framework/Versions/A/AE
0x0000000196cc4000 	/System/Library/Frameworks/CoreServices.framework/Versions/A/Frameworks/LaunchServices.framework/Versions/A/LaunchServices
0x00000001a19fb000 	/System/Library/Frameworks/CoreServices.framework/Versions/A/Frameworks/DictionaryServices.framework/Versions/A/DictionaryServices
0x000000019dbf7000 	/System/Library/Frameworks/CoreServices.framework/Versions/A/Frameworks/SharedFileList.framework/Versions/A/SharedFileList
0x00000001a0877000 	/usr/lib/libCheckFix.dylib
0x000000019b8d9000 	/System/Library/PrivateFrameworks/TCC.framework/Versions/A/TCC
0x000000019fce3000 	/System/Library/PrivateFrameworks/CoreNLP.framework/Versions/A/CoreNLP
0x000000019d1ce000 	/System/Library/PrivateFrameworks/MetadataUtilities.framework/Versions/A/MetadataUtilities
0x0000000197421000 	/usr/lib/libmecabra.dylib
0x00000001a08af000 	/usr/lib/libmecab.dylib
0x00000001973ed000 	/usr/lib/libCRFSuite.dylib
0x00000001a090d000 	/usr/lib/libgermantok.dylib
0x00000001a1413000 	/usr/lib/libThaiTokenizer.dylib
0x000000019d2c3000 	/System/Library/Frameworks/Accelerate.framework/Versions/A/Frameworks/vImage.framework/Versions/A/vImage
0x00000001a7493000 	/System/Library/Frameworks/Accelerate.framework/Versions/A/Frameworks/vecLib.framework/Versions/A/vecLib
0x00000001a1b17000 	/System/Library/Frameworks/Accelerate.framework/Versions/A/Frameworks/vecLib.framework/Versions/A/libvMisc.dylib
0x00000001a03c0000 	/System/Library/Frameworks/Accelerate.framework/Versions/A/Frameworks/vecLib.framework/Versions/A/libvDSP.dylib
0x0000000197047000 	/System/Library/Frameworks/Accelerate.framework/Versions/A/Frameworks/vecLib.framework/Versions/A/libBLAS.dylib
0x00000001a153b000 	/System/Library/Frameworks/Accelerate.framework/Versions/A/Frameworks/vecLib.framework/Versions/A/libLAPACK.dylib
0x00000001a0910000 	/System/Library/Frameworks/Accelerate.framework/Versions/A/Frameworks/vecLib.framework/Versions/A/libLinearAlgebra.dylib
0x00000001a1452000 	/System/Library/Frameworks/Accelerate.framework/Versions/A/Frameworks/vecLib.framework/Versions/A/libSparseBLAS.dylib
0x00000001a1536000 	/System/Library/Frameworks/Accelerate.framework/Versions/A/Frameworks/vecLib.framework/Versions/A/libQuadrature.dylib
0x000000019fdda000 	/System/Library/Frameworks/Accelerate.framework/Versions/A/Frameworks/vecLib.framework/Versions/A/libBNNS.dylib
0x0000000197305000 	/System/Library/Frameworks/Accelerate.framework/Versions/A/Frameworks/vecLib.framework/Versions/A/libSparse.dylib
0x000000019fdd2000 	/System/Library/PrivateFrameworks/LinguisticData.framework/Versions/A/LinguisticData
0x00000001972bb000 	/System/Library/PrivateFrameworks/Lexicon.framework/Versions/A/Lexicon
0x00000001a1b0f000 	/usr/lib/libChineseTokenizer.dylib
0x0000000197a65000 	/System/Library/PrivateFrameworks/LanguageModeling.framework/Versions/A/LanguageModeling
0x00000001a1415000 	/System/Library/PrivateFrameworks/AppleSauce.framework/Versions/A/AppleSauce
0x00000001a04a3000 	/System/Library/PrivateFrameworks/CoreEmoji.framework/Versions/A/CoreEmoji
0x00000001a1305000 	/usr/lib/libcmph.dylib
0x000000019dbca000 	/System/Library/Frameworks/OpenDirectory.framework/Versions/A/Frameworks/CFOpenDirectory.framework/Versions/A/CFOpenDirectory
0x000000019dbba000 	/System/Library/Frameworks/OpenDirectory.framework/Versions/A/OpenDirectory
0x00000001a1a6d000 	/System/Library/PrivateFrameworks/APFS.framework/Versions/A/APFS
0x00000001a07cf000 	/System/Library/Frameworks/SecurityFoundation.framework/Versions/A/SecurityFoundation
0x00000001a1ae1000 	/usr/lib/libutil.dylib
0x00000001991a4000 	/System/Library/PrivateFrameworks/CoreServicesStore.framework/Versions/A/CoreServicesStore
0x00000001a1ae5000 	/usr/lib/libxslt.1.dylib
0x00000001a0863000 	/System/Library/PrivateFrameworks/BackgroundTaskManagement.framework/Versions/A/BackgroundTaskManagement
0x00000001a2d4a000 	/System/Library/Frameworks/ImageIO.framework/Versions/A/Resources/libRadiance.dylib
0x00000001a2d53000 	/System/Library/Frameworks/ImageIO.framework/Versions/A/Resources/libJPEG.dylib
0x00000001a2ca5000 	/System/Library/Frameworks/ImageIO.framework/Versions/A/Resources/libPng.dylib
0x00000001a2cc7000 	/System/Library/Frameworks/ImageIO.framework/Versions/A/Resources/libTIFF.dylib
0x00000001a2dae000 	/System/Library/Frameworks/ImageIO.framework/Versions/A/Resources/libGIF.dylib
0x00000001a26f3000 	/System/Library/Frameworks/ImageIO.framework/Versions/A/Resources/libJP2.dylib
0x00000001a1e36000 	/usr/lib/libexpat.1.dylib
0x00000001a26ae000 	/System/Library/PrivateFrameworks/AppleJPEG.framework/Versions/A/AppleJPEG
0x000000019f207000 	/System/Library/PrivateFrameworks/FontServices.framework/libFontParser.dylib
0x000000019cf21000 	/System/Library/PrivateFrameworks/RunningBoardServices.framework/Versions/A/RunningBoardServices
0x00000001ad3e3000 	/System/Library/PrivateFrameworks/IOSurfaceAccelerator.framework/Versions/A/IOSurfaceAccelerator
0x00000001a27df000 	/System/Library/PrivateFrameworks/WatchdogClient.framework/Versions/A/WatchdogClient
0x0000000197b69000 	/System/Library/Frameworks/CoreDisplay.framework/Versions/A/CoreDisplay
0x000000019f0f6000 	/System/Library/Frameworks/CoreMedia.framework/Versions/A/CoreMedia
0x000000019ef8a000 	/System/Library/PrivateFrameworks/IOAccelerator.framework/Versions/A/IOAccelerator
0x000000019dd58000 	/System/Library/Frameworks/CoreVideo.framework/Versions/A/CoreVideo
0x00000001a1465000 	/System/Library/Frameworks/MetalPerformanceShaders.framework/Versions/A/MetalPerformanceShaders
0x00000001a281c000 	/System/Library/Frameworks/VideoToolbox.framework/Versions/A/VideoToolbox
0x000000019ce65000 	/System/Library/PrivateFrameworks/BaseBoard.framework/Versions/A/BaseBoard
0x000000019cc04000 	/System/Library/PrivateFrameworks/ProtocolBuffer.framework/Versions/A/ProtocolBuffer
0x00000001a2d45000 	/System/Library/PrivateFrameworks/GPUWrangler.framework/Versions/A/GPUWrangler
0x00000001a2d24000 	/System/Library/PrivateFrameworks/IOPresentment.framework/Versions/A/IOPresentment
0x00000001a2d4d000 	/System/Library/PrivateFrameworks/DSExternalDisplay.framework/Versions/A/DSExternalDisplay
0x00000001f7710000 	/System/Library/Frameworks/OpenGL.framework/Versions/A/Libraries/libCoreFSCache.dylib
0x0000000200e2a000 	/System/Library/PrivateFrameworks/GPUCompiler.framework/Versions/31001/Libraries/libGPUCompilerUtils.dylib
0x00000001a2db3000 	/System/Library/PrivateFrameworks/CMCaptureCore.framework/Versions/A/CMCaptureCore
0x00000001a23e9000 	/System/Library/PrivateFrameworks/AppServerSupport.framework/Versions/A/AppServerSupport
0x00000001a4588000 	/System/Library/PrivateFrameworks/perfdata.framework/Versions/A/perfdata
0x0000000197c89000 	/System/Library/PrivateFrameworks/AudioToolboxCore.framework/Versions/A/AudioToolboxCore
0x000000019f0ce000 	/System/Library/PrivateFrameworks/caulk.framework/Versions/A/caulk
0x00000001a3e7d000 	/usr/lib/libAudioStatistics.dylib
0x00000001b5696000 	/System/Library/PrivateFrameworks/SystemPolicy.framework/Versions/A/SystemPolicy
0x00000001a40dd000 	/usr/lib/libSMC.dylib
0x00000001acc5a000 	/System/Library/Frameworks/CoreMIDI.framework/Versions/A/CoreMIDI
0x00000001a2c73000 	/usr/lib/libAudioToolboxUtility.dylib
0x00000001b1b3c000 	/System/Library/PrivateFrameworks/OSAServicesClient.framework/Versions/A/OSAServicesClient
0x00000001a4595000 	/usr/lib/libperfcheck.dylib
0x00000001b6199000 	/usr/lib/libmis.dylib
0x00000001f7771000 	/System/Library/Frameworks/OpenGL.framework/Versions/A/Libraries/libGLU.dylib
0x00000001f7730000 	/System/Library/Frameworks/OpenGL.framework/Versions/A/Libraries/libGFXShared.dylib
0x00000001f791a000 	/System/Library/Frameworks/OpenGL.framework/Versions/A/Libraries/libGL.dylib
0x00000001f7739000 	/System/Library/Frameworks/OpenGL.framework/Versions/A/Libraries/libGLImage.dylib
0x00000001f772d000 	/System/Library/Frameworks/OpenGL.framework/Versions/A/Libraries/libCVMSPluginSupport.dylib
0x00000001f7717000 	/System/Library/Frameworks/OpenGL.framework/Versions/A/Libraries/libCoreVMClient.dylib
0x000000019fc5f000 	/System/Library/Frameworks/MetalPerformanceShaders.framework/Versions/A/Frameworks/MPSCore.framework/Versions/A/MPSCore
0x00000001a0e27000 	/System/Library/Frameworks/MetalPerformanceShaders.framework/Versions/A/Frameworks/MPSImage.framework/Versions/A/MPSImage
0x00000001a0925000 	/System/Library/Frameworks/MetalPerformanceShaders.framework/Versions/A/Frameworks/MPSNeuralNetwork.framework/Versions/A/MPSNeuralNetwork
0x00000001a0d62000 	/System/Library/Frameworks/MetalPerformanceShaders.framework/Versions/A/Frameworks/MPSMatrix.framework/Versions/A/MPSMatrix
0x00000001a0b3d000 	/System/Library/Frameworks/MetalPerformanceShaders.framework/Versions/A/Frameworks/MPSRayIntersector.framework/Versions/A/MPSRayIntersector
0x00000001a0d93000 	/System/Library/Frameworks/MetalPerformanceShaders.framework/Versions/A/Frameworks/MPSNDArray.framework/Versions/A/MPSNDArray
0x00000001f942c000 	/System/Library/Frameworks/MetalPerformanceShaders.framework/Versions/A/Frameworks/MPSFunctions.framework/Versions/A/MPSFunctions
0x0000000196f25000 	/System/Library/PrivateFrameworks/MetalTools.framework/Versions/A/MetalTools
0x000000019fcdb000 	/System/Library/PrivateFrameworks/AggregateDictionary.framework/Versions/A/AggregateDictionary
0x00000001a1c1c000 	/usr/lib/libIOReport.dylib
0x00000001abc48000 	/System/Library/PrivateFrameworks/ASEProcessing.framework/Versions/A/ASEProcessing
0x00000001a1f8e000 	/System/Library/PrivateFrameworks/FaceCore.framework/Versions/A/FaceCore
0x00000001a1f80000 	/System/Library/PrivateFrameworks/GraphVisualizer.framework/Versions/A/GraphVisualizer
0x0000000200d41000 	/System/Library/PrivateFrameworks/FontServices.framework/Versions/A/FontServices
0x00000001a23a3000 	/System/Library/PrivateFrameworks/OTSVG.framework/Versions/A/OTSVG
0x000000019d926000 	/System/Library/Frameworks/ApplicationServices.framework/Versions/A/Frameworks/ATS.framework/Versions/A/Resources/libFontRegistry.dylib
0x00000001a23f2000 	/System/Library/PrivateFrameworks/FontServices.framework/libhvf.dylib
0x0000000200d42000 	/System/Library/PrivateFrameworks/FontServices.framework/libXTFontStaticRegistryData.dylib
0x00000001f7abc000 	/System/Library/Frameworks/OpenCL.framework/Versions/A/OpenCL
0x00000001a1dea000 	/System/Library/PrivateFrameworks/AppleVA.framework/Versions/A/AppleVA
0x00000001a3ea5000 	/System/Library/Frameworks/ApplicationServices.framework/Versions/A/Frameworks/ATS.framework/Versions/A/ATS
0x000000019c3ca000 	/System/Library/Frameworks/ApplicationServices.framework/Versions/A/Frameworks/HIServices.framework/Versions/A/HIServices
0x00000001a2dbd000 	/System/Library/Frameworks/ApplicationServices.framework/Versions/A/Frameworks/PrintCore.framework/Versions/A/PrintCore
0x00000001a4230000 	/System/Library/Frameworks/ApplicationServices.framework/Versions/A/Frameworks/QD.framework/Versions/A/QD
0x00000001a4228000 	/System/Library/Frameworks/ApplicationServices.framework/Versions/A/Frameworks/ColorSyncLegacy.framework/Versions/A/ColorSyncLegacy
0x00000001a3e91000 	/System/Library/Frameworks/ApplicationServices.framework/Versions/A/Frameworks/SpeechSynthesis.framework/Versions/A/SpeechSynthesis
0x00000001a2d7e000 	/System/Library/Frameworks/ApplicationServices.framework/Versions/A/Frameworks/ATSUI.framework/Versions/A/ATSUI
0x00000001a41bd000 	/usr/lib/libcups.2.dylib
0x00000001a45a3000 	/System/Library/Frameworks/Kerberos.framework/Versions/A/Kerberos
0x00000001a45b4000 	/System/Library/Frameworks/GSS.framework/Versions/A/GSS
0x00000001a3f14000 	/usr/lib/libresolv.9.dylib
0x00000001a2400000 	/System/Library/PrivateFrameworks/Heimdal.framework/Versions/A/Heimdal
0x00000001aaebc000 	/System/Library/Frameworks/Kerberos.framework/Versions/A/Libraries/libHeimdalProxy.dylib
0x000000019d000000 	/System/Library/Frameworks/Network.framework/Versions/A/Network
0x00000001a1e51000 	/usr/lib/libheimdal-asn1.dylib
0x00000001a45fa000 	/System/Library/PrivateFrameworks/CommonAuth.framework/Versions/A/CommonAuth
0x00000001a3e0b000 	/System/Library/PrivateFrameworks/AudioSession.framework/Versions/A/AudioSession
0x00000001a1ee2000 	/System/Library/PrivateFrameworks/MediaExperience.framework/Versions/A/MediaExperience
0x00000001a3c93000 	/System/Library/PrivateFrameworks/AudioSession.framework/libSessionUtility.dylib
0x00000001a423c000 	/System/Library/PrivateFrameworks/AudioResourceArbitration.framework/Versions/A/AudioResourceArbitration
0x00000001a1e5a000 	/System/Library/PrivateFrameworks/IconFoundation.framework/Versions/A/IconFoundation
0x00000001a70c1000 	/System/Library/PrivateFrameworks/SpeechRecognitionCore.framework/Versions/A/SpeechRecognitionCore
0x00000001da83a000 	/System/Library/CoreServices/Encodings/libTraditionalChineseConverter.dylib
0x0000000105c68000 	/Library/Java/JavaVirtualMachines/jdk-17.0.1.jdk/Contents/Home/lib/server/libjvm.dylib
0x0000000104a88000 	/Library/Java/JavaVirtualMachines/jdk-17.0.1.jdk/Contents/Home/lib/libjimage.dylib
0x0000000104ae4000 	/Library/Java/JavaVirtualMachines/jdk-17.0.1.jdk/Contents/Home/lib/libjdwp.dylib
0x0000000104b2c000 	/Library/Java/JavaVirtualMachines/jdk-17.0.1.jdk/Contents/Home/lib/libjava.dylib
0x0000000104ab4000 	/Library/Java/JavaVirtualMachines/jdk-17.0.1.jdk/Contents/Home/lib/libinstrument.dylib
0x0000000104cac000 	/Library/Java/JavaVirtualMachines/jdk-17.0.1.jdk/Contents/Home/lib/libnio.dylib
0x0000000105af4000 	/Library/Java/JavaVirtualMachines/jdk-17.0.1.jdk/Contents/Home/lib/libnet.dylib
0x0000000105ad0000 	/Library/Java/JavaVirtualMachines/jdk-17.0.1.jdk/Contents/Home/lib/libzip.dylib
0x0000000104c8c000 	/Library/Java/JavaVirtualMachines/jdk-17.0.1.jdk/Contents/Home/lib/libdt_socket.dylib
0x0000000105b34000 	/Library/Java/JavaVirtualMachines/jdk-17.0.1.jdk/Contents/Home/lib/libverify.dylib
0x0000000105b50000 	/Users/sean/.openjfx/cache/17.0.0.1/libprism_es2.dylib
0x0000000199167000 	/System/Library/PrivateFrameworks/CoreServicesInternal.framework/Versions/A/CoreServicesInternal
0x00000001f7924000 	/System/Library/Frameworks/OpenGL.framework/Versions/A/Resources/GLEngine.bundle/GLEngine
0x00000001f77ab000 	/System/Library/Frameworks/OpenGL.framework/Versions/A/Libraries/libGLProgrammability.dylib
0x0000000125848000 	/System/Library/Extensions/AppleMetalOpenGLRenderer.bundle/Contents/MacOS/AppleMetalOpenGLRenderer
0x00000001f7a93000 	/System/Library/Frameworks/OpenGL.framework/Versions/A/Resources/GLRendererFloat.bundle/GLRendererFloat
0x00000001f7b34000 	/System/Library/Extensions/AGXMetal13_3.bundle/Contents/MacOS/AGXMetal13_3
0x00000001b61b5000 	/System/Library/PrivateFrameworks/GPURawCounter.framework/Versions/A/GPURawCounter
0x00000001b0c8a000 	/System/Library/PrivateFrameworks/IOGPU.framework/Versions/A/IOGPU
0x00000001258e0000 	/Users/sean/.openjfx/cache/17.0.0.1/libglass.dylib
0x00000001a8561000 	/System/Library/Frameworks/FileProvider.framework/Versions/A/FileProvider
0x000000019cdcd000 	/System/Library/Frameworks/Accounts.framework/Versions/A/Accounts
0x00000001a86e1000 	/System/Library/PrivateFrameworks/GenerationalStorage.framework/Versions/A/GenerationalStorage
0x00000001a9291000 	/System/Library/PrivateFrameworks/CoreSymbolication.framework/Versions/A/CoreSymbolication
0x00000001a8301000 	/System/Library/PrivateFrameworks/SymptomDiagnosticReporter.framework/Versions/A/SymptomDiagnosticReporter
0x000000019a44c000 	/System/Library/PrivateFrameworks/DesktopServicesPriv.framework/Versions/A/DesktopServicesPriv
0x00000001992c6000 	/usr/lib/libsandbox.1.dylib
0x000000019dde4000 	/System/Library/PrivateFrameworks/UserManagement.framework/Versions/A/UserManagement
0x00000001a9252000 	/System/Library/PrivateFrameworks/DebugSymbols.framework/Versions/A/DebugSymbols
0x00000001a421b000 	/System/Library/PrivateFrameworks/NetAuth.framework/Versions/A/NetAuth
0x00000001a5119000 	/System/Library/PrivateFrameworks/Sharing.framework/Versions/A/Sharing
0x000000019ddb4000 	/System/Library/PrivateFrameworks/login.framework/Versions/A/Frameworks/loginsupport.framework/Versions/A/loginsupport
0x00000001aa402000 	/System/Library/PrivateFrameworks/Apple80211.framework/Versions/A/Apple80211
0x00000001a0f0b000 	/System/Library/PrivateFrameworks/AuthKit.framework/Versions/A/AuthKit
0x00000001a05a2000 	/System/Library/PrivateFrameworks/CoreUtils.framework/Versions/A/CoreUtils
0x00000001a04c2000 	/System/Library/Frameworks/CoreWLAN.framework/Versions/A/CoreWLAN
0x00000001a5282000 	/System/Library/Frameworks/IOBluetooth.framework/Versions/A/IOBluetooth
0x00000001aa462000 	/System/Library/PrivateFrameworks/CoreWiFi.framework/Versions/A/CoreWiFi
0x00000001a8e39000 	/System/Library/PrivateFrameworks/FrontBoardServices.framework/Versions/A/FrontBoardServices
0x00000001a8ed1000 	/System/Library/PrivateFrameworks/BoardServices.framework/Versions/A/BoardServices
0x00000001a07bd000 	/System/Library/PrivateFrameworks/AssertionServices.framework/Versions/A/AssertionServices
0x00000001aa5d0000 	/System/Library/PrivateFrameworks/BackBoardServices.framework/Versions/A/BackBoardServices
0x00000001a468d000 	/System/Library/PrivateFrameworks/CorePhoneNumbers.framework/Versions/A/CorePhoneNumbers
0x00000001a8431000 	/System/Library/PrivateFrameworks/DiskManagement.framework/Versions/A/DiskManagement
0x00000001a8334000 	/System/Library/PrivateFrameworks/AppleIDAuthSupport.framework/Versions/A/AppleIDAuthSupport
0x00000001fb6c5000 	/System/Library/PrivateFrameworks/AAAFoundation.framework/Versions/A/AAAFoundation
0x00000001a466c000 	/System/Library/PrivateFrameworks/KeychainCircle.framework/Versions/A/KeychainCircle
0x00000001a83fd000 	/System/Library/PrivateFrameworks/MediaKit.framework/Versions/A/MediaKit
0x00000001a8341000 	/System/Library/Frameworks/DiscRecording.framework/Versions/A/DiscRecording
0x00000001a1d66000 	/usr/lib/libCoreStorage.dylib
0x00000001aa8ca000 	/usr/lib/libcsfde.dylib
0x00000001a5357000 	/System/Library/PrivateFrameworks/ProtectedCloudStorage.framework/Versions/A/ProtectedCloudStorage
0x00000001aa8c2000 	/System/Library/PrivateFrameworks/EFILogin.framework/Versions/A/EFILogin
0x00000001a8708000 	/System/Library/PrivateFrameworks/OctagonTrust.framework/Versions/A/OctagonTrust
0x00000001fffac000 	/System/Library/PrivateFrameworks/CoreUtilsExtras.framework/Versions/A/CoreUtilsExtras
0x00000001a8273000 	/System/Library/Frameworks/CoreBluetooth.framework/Versions/A/CoreBluetooth
0x00000001aaf41000 	/System/Library/Frameworks/AudioUnit.framework/Versions/A/AudioUnit
0x00000001a1d5e000 	/usr/lib/libMatch.1.dylib
0x00000001ba41c000 	/System/Library/Frameworks/Accelerate.framework/Versions/A/Frameworks/vImage.framework/Versions/A/Libraries/libCGInterfaces.dylib
0x0000000127194000 	/usr/lib/libobjc-trampolines.dylib
0x000000019dab2000 	/System/Library/PrivateFrameworks/ViewBridge.framework/Versions/A/ViewBridge
0x00000001a24ae000 	/System/Library/PrivateFrameworks/login.framework/Versions/A/login
0x00000001a1c25000 	/System/Library/PrivateFrameworks/CrashReporterSupport.framework/Versions/A/CrashReporterSupport
0x00000001c1d2b000 	/System/Library/PrivateFrameworks/OSAnalytics.framework/Versions/A/OSAnalytics
0x00000001cce7a000 	/System/Library/PrivateFrameworks/Symbolication.framework/Versions/A/Symbolication
0x00000001b6176000 	/System/Library/PrivateFrameworks/MallocStackLogging.framework/Versions/A/MallocStackLogging
0x0000000131760000 	/Users/sean/.openjfx/cache/17.0.0.1/libjavafx_font.dylib
0x00000002131c2000 	/usr/lib/libRosetta.dylib
0x0000000131a00000 	/Users/sean/.openjfx/cache/17.0.0.1/libjavafx_iio.dylib


VM Arguments:
jvm_args: -agentlib:jdwp=transport=dt_socket,address=127.0.0.1:65506,suspend=y,server=n -javaagent:/Users/sean/Library/Caches/JetBrains/IdeaIC2021.2/captureAgent/debugger-agent.jar -Dfile.encoding=UTF-8 --module-path=/Users/sean/.m2/repository/org/openjfx/javafx-controls/17.0.0.1/javafx-controls-17.0.0.1-mac-aarch64.jar:/Users/sean/.m2/repository/org/openjfx/javafx-fxml/17.0.0.1/javafx-fxml-17.0.0.1-mac-aarch64.jar:/Users/sean/.m2/repository/org/openjfx/javafx-base/17.0.0.1/javafx-base-17.0.0.1-mac-aarch64.jar:/Users/sean/.m2/repository/org/openjfx/javafx-graphics/17.0.0.1/javafx-graphics-17.0.0.1-mac-aarch64.jar:/Users/sean/Documents/GitHub/Meal-Ordering-System/FoodOrderingSystem/target/classes -Djdk.module.main=com.example.foodorderingsystem 
java_command: com.example.foodorderingsystem/com.example.foodorderingsystem.HelloApplication
java_class_path (initial): /Users/sean/.m2/repository/org/openjfx/javafx-controls/17.0.0.1/javafx-controls-17.0.0.1.jar:/Users/sean/.m2/repository/org/openjfx/javafx-graphics/17.0.0.1/javafx-graphics-17.0.0.1.jar:/Users/sean/.m2/repository/org/openjfx/javafx-base/17.0.0.1/javafx-base-17.0.0.1.jar:/Users/sean/.m2/repository/org/openjfx/javafx-fxml/17.0.0.1/javafx-fxml-17.0.0.1.jar:/Applications/IntelliJ IDEA CE.app/Contents/lib/idea_rt.jar
Launcher Type: SUN_STANDARD

[Global flags]
     intx CICompilerCount                          = 4                                         {product} {ergonomic}
     uint ConcGCThreads                            = 2                                         {product} {ergonomic}
     uint G1ConcRefinementThreads                  = 8                                         {product} {ergonomic}
   size_t G1HeapRegionSize                         = 1048576                                   {product} {ergonomic}
    uintx GCDrainStackTargetSize                   = 64                                        {product} {ergonomic}
   size_t InitialHeapSize                          = 134217728                                 {product} {ergonomic}
   size_t MarkStackSize                            = 4194304                                   {product} {ergonomic}
   size_t MaxHeapSize                              = 2147483648                                {product} {ergonomic}
   size_t MaxNewSize                               = 1287651328                                {product} {ergonomic}
   size_t MinHeapDeltaBytes                        = 1048576                                   {product} {ergonomic}
   size_t MinHeapSize                              = 8388608                                   {product} {ergonomic}
    uintx NonNMethodCodeHeapSize                   = 5839564                                {pd product} {ergonomic}
    uintx NonProfiledCodeHeapSize                  = 122909338                              {pd product} {ergonomic}
    uintx ProfiledCodeHeapSize                     = 122909338                              {pd product} {ergonomic}
    uintx ReservedCodeCacheSize                    = 251658240                              {pd product} {ergonomic}
     bool SegmentedCodeCache                       = true                                      {product} {ergonomic}
   size_t SoftMaxHeapSize                          = 2147483648                             {manageable} {ergonomic}
     bool UseCompressedClassPointers               = true                           {product lp64_product} {ergonomic}
     bool UseCompressedOops                        = true                           {product lp64_product} {ergonomic}
     bool UseG1GC                                  = true                                      {product} {ergonomic}
     bool UseNUMA                                  = false                                     {product} {ergonomic}
     bool UseNUMAInterleaving                      = false                                     {product} {ergonomic}

Logging:
Log output configuration:
 #0: stdout all=warning uptime,level,tags
 #1: stderr all=off uptime,level,tags

Environment Variables:
PATH=/usr/local/bin:/usr/bin:/bin:/usr/sbin:/sbin
SHELL=/bin/zsh
LC_CTYPE=zh_TW.UTF-8

Signal Handlers:
   SIGSEGV: _ZL13crash_handleriP9__siginfoPv in libjvm.dylib, mask=11100110000111110111111111111111, flags=SA_RESTART|SA_SIGINFO
    SIGBUS: _ZL13crash_handleriP9__siginfoPv in libjvm.dylib, mask=11100110000111110111111111111111, flags=SA_RESTART|SA_SIGINFO
    SIGFPE: _ZL13crash_handleriP9__siginfoPv in libjvm.dylib, mask=11100110000111110111111111111111, flags=SA_RESTART|SA_SIGINFO
   SIGPIPE: _ZL17javaSignalHandleriP9__siginfoPv in libjvm.dylib, mask=11100110000111110111111111111111, flags=SA_RESTART|SA_SIGINFO
   SIGXFSZ: _ZL17javaSignalHandleriP9__siginfoPv in libjvm.dylib, mask=11100110000111110111111111111111, flags=SA_RESTART|SA_SIGINFO
    SIGILL: _ZL13crash_handleriP9__siginfoPv in libjvm.dylib, mask=11100110000111110111111111111111, flags=SA_RESTART|SA_SIGINFO
   SIGUSR2: _ZL10SR_handleriP9__siginfoP17__darwin_ucontext in libjvm.dylib, mask=00100000000000000000000000000000, flags=SA_RESTART|SA_SIGINFO
    SIGHUP: _ZL11UserHandleriPvS_ in libjvm.dylib, mask=11100110000111110111111111111111, flags=SA_RESTART|SA_SIGINFO
    SIGINT: _ZL11UserHandleriPvS_ in libjvm.dylib, mask=11100110000111110111111111111111, flags=SA_RESTART|SA_SIGINFO
   SIGTERM: _ZL11UserHandleriPvS_ in libjvm.dylib, mask=11100110000111110111111111111111, flags=SA_RESTART|SA_SIGINFO
   SIGQUIT: _ZL11UserHandleriPvS_ in libjvm.dylib, mask=11100110000111110111111111111111, flags=SA_RESTART|SA_SIGINFO
   SIGTRAP: _ZL13crash_handleriP9__siginfoPv in libjvm.dylib, mask=11100110000111110111111111111111, flags=SA_RESTART|SA_SIGINFO


---------------  S Y S T E M  ---------------

OS:
uname: Darwin 21.1.0 Darwin Kernel Version 21.1.0: Wed Oct 13 17:33:24 PDT 2021; root:xnu-8019.41.5~1/RELEASE_ARM64_T8101 arm64
OS uptime: 24 days 3:37 hours
rlimit (soft/hard): STACK 8176k/65520k , CORE 0k/infinity , NPROC 1333/2000 , NOFILE 10240/infinity , AS infinity/infinity , CPU infinity/infinity , DATA infinity/infinity , FSIZE infinity/infinity , MEMLOCK infinity/infinity , RSS infinity/infinity
load average: 3.89 2.80 2.63

CPU: total 8 (initial active 8) 0x61:0x0:0x1b588bb3:0, fp, simd, crc, lse

Memory: 16k page, physical 8388608k(99712k free), swap 6291456k(544256k free)

vm_info: Java HotSpot(TM) 64-Bit Server VM (17.0.1+12-LTS-39) for bsd-aarch64 JRE (17.0.1+12-LTS-39), built on Sep 27 2021 17:38:30 by "mach5one" with clang Apple LLVM 12.0.0 (clang-1200.0.32.29)

END.
