#
# A fatal error has been detected by the Java Runtime Environment:
#
#  SIGBUS (0xa) at pc=0x00000001300014f0, pid=82506, tid=34831
#
# JRE version: Java(TM) SE Runtime Environment (17.0.1+12) (build 17.0.1+12-LTS-39)
# Java VM: Java HotSpot(TM) 64-Bit Server VM (17.0.1+12-LTS-39, mixed mode, sharing, tiered, compressed oops, compressed class ptrs, g1 gc, bsd-aarch64)
# Problematic frame:
# v  ~StubRoutines::SafeFetchN
#
# No core dump will be written. Core dumps have been disabled. To enable core dumping, try "ulimit -c unlimited" before starting Java again
#
# If you would like to submit a bug report, please visit:
#   https://bugreport.java.com/bugreport/crash.jsp
# The crash happened outside the Java Virtual Machine in native code.
# See problematic frame for where to report the bug.
#

---------------  S U M M A R Y ------------

Command Line: -agentlib:jdwp=transport=dt_socket,address=127.0.0.1:57123,suspend=y,server=n -javaagent:/Users/sean/Library/Caches/JetBrains/IdeaIC2021.2/captureAgent/debugger-agent.jar -Dfile.encoding=UTF-8 --module-path=/Users/sean/Documents/GitHub/Meal-Ordering-System/FoodOrderingSystem/target/classes:/Users/sean/.m2/repository/org/openjfx/javafx-graphics/17.0.0.1/javafx-graphics-17.0.0.1-mac-aarch64.jar:/Users/sean/.m2/repository/org/openjfx/javafx-controls/17.0.0.1/javafx-controls-17.0.0.1-mac-aarch64.jar:/Users/sean/.m2/repository/org/openjfx/javafx-base/17.0.0.1/javafx-base-17.0.0.1-mac-aarch64.jar:/Users/sean/.m2/repository/org/openjfx/javafx-fxml/17.0.0.1/javafx-fxml-17.0.0.1-mac-aarch64.jar -Djdk.module.main=com.example.foodorderingsystem com.example.foodorderingsystem/com.example.foodorderingsystem.HelloApplication

Host: "MacBookPro17,1" arm64 1 MHz, 8 cores, 8G, Darwin 21.1.0, macOS 12.0.1 (21A559)
Time: Fri Jan  7 23:03:05 2022 CST elapsed time: 1.512665 seconds (0d 0h 0m 1s)

---------------  T H R E A D  ---------------

Current thread (0x00000001208d1600):  JavaThread "InvokeLaterDispatcher" daemon [_thread_in_native, id=34831, stack(0x0000000172b34000,0x0000000172d37000)]

Stack: [0x0000000172b34000,0x0000000172d37000],  sp=0x0000000172d367b0,  free space=2057k
Native frames: (J=compiled Java code, j=interpreted, Vv=VM code, C=native code)
v  ~StubRoutines::SafeFetchN
V  [libjvm.dylib+0x79e208]  _ZN10OopStorage7releaseEPKP7oopDesc+0x20
V  [libjvm.dylib+0x4b8f30]  jni_DeleteGlobalRef+0xc4
C  [libglass.dylib+0xab08]  -[GlassRunnable dealloc]+0x34
C  [Foundation+0x85e0c]  -[_NSThreadPerformInfo dealloc]+0x30
C  [Foundation+0x525e8]  -[NSObject(NSThreadPerformAdditions) performSelectorOnMainThread:withObject:waitUntilDone:]+0x88
C  0x514000013000bbe0
j  com.sun.glass.ui.mac.MacApplication.submitForLaterInvocation(Ljava/lang/Runnable;)V+2 javafx.graphics
j  com.sun.glass.ui.InvokeLaterDispatcher.run()V+82 javafx.graphics
v  ~StubRoutines::call_stub
V  [libjvm.dylib+0x460588]  _ZN9JavaCalls11call_helperEP9JavaValueRK12methodHandleP17JavaCallArgumentsP10JavaThread+0x38c
V  [libjvm.dylib+0x45f5a4]  _ZN9JavaCalls12call_virtualEP9JavaValueP5KlassP6SymbolS5_P17JavaCallArgumentsP10JavaThread+0x11c
V  [libjvm.dylib+0x45f670]  _ZN9JavaCalls12call_virtualEP9JavaValue6HandleP5KlassP6SymbolS6_P10JavaThread+0x64
V  [libjvm.dylib+0x512ef0]  _ZL12thread_entryP10JavaThreadS0_+0xc4
V  [libjvm.dylib+0x8fc514]  _ZN10JavaThread17thread_main_innerEv+0x134
V  [libjvm.dylib+0x8fae3c]  _ZN6Thread8call_runEv+0x128
V  [libjvm.dylib+0x7a4df0]  _ZL19thread_native_entryP6Thread+0x158
C  [libsystem_pthread.dylib+0x74ec]  _pthread_start+0x94

Java frames: (J=compiled Java code, j=interpreted, Vv=VM code)
j  com.sun.glass.ui.mac.MacApplication._submitForLaterInvocation(Ljava/lang/Runnable;)V+0 javafx.graphics
j  com.sun.glass.ui.mac.MacApplication.submitForLaterInvocation(Ljava/lang/Runnable;)V+2 javafx.graphics
j  com.sun.glass.ui.InvokeLaterDispatcher.run()V+82 javafx.graphics
v  ~StubRoutines::call_stub

siginfo: si_signo: 10 (SIGBUS), si_code: 1 (BUS_ADRALN), si_addr: 0x00000001300014f0

Register to memory mapping:

 x0=0x0000000120615888 points into unknown readable memory: 0x0000000000000000 | 00 00 00 00 00 00 00 00
 x1=0x0 is NULL
 x2=0x0000000787e003b8 is an oop: com.sun.glass.ui.InvokeLaterDispatcher$Future 
{0x0000000787e003b8} - klass: 'com/sun/glass/ui/InvokeLaterDispatcher$Future'
 - ---- fields (total size 3 words):
 - private 'done' 'Z' @12  true
 - private final 'runnable' 'Ljava/lang/Runnable;' @16  a 'com/sun/javafx/tk/quantum/QuantumToolkit$$Lambda$83+0x0000000800c3ef70'{0x000000078502b680} (f0a056d0)
 - final synthetic 'this$0' 'Lcom/sun/glass/ui/InvokeLaterDispatcher;' @20  a 'com/sun/glass/ui/InvokeLaterDispatcher'{0x0000000785200ac8} (f0a40159)
 x3=0x0 is NULL
 x4=0x00000000000130a8 is an unknown value
 x5=0x0 is NULL
 x6=0x0 is NULL
 x7=0x0 is NULL
 x8=0x00000001300014ec is at begin+0 in a stub
StubRoutines::SafeFetchN [0x00000001300014ec, 0x00000001300014f8] (12 bytes)
 x9=0x0 is NULL
x10=0x2010000030300000 is an unknown value
x11=0x0000000000000007 is an unknown value
x12=0x0 is NULL
x13=0x0000600001988270 points into unknown readable memory: 0x000000000074733b | 3b 73 74 00 00 00 00 00
x14=0x0000000000000001 is an unknown value
x15=0x0000000110b11f98: OBJC_CLASS_$_GlassRunnable+0 in /Users/sean/.openjfx/cache/17.0.0.1/libglass.dylib at 0x0000000110acc000
x16=0x00000001c27d4340: pthread_getspecific+0 in /usr/lib/system/libsystem_pthread.dylib at 0x00000001c27d2000
x17=0x0000600001392160 points into unknown readable memory: 0xfffffffffffffffe | fe ff ff ff ff ff ff ff
x18=0x0 is NULL
x19=0x0000600001c9c690 points into unknown readable memory: 0x0000600003581370 | 70 13 58 03 00 60 00 00
x20=0x0000000120615680 points into unknown readable memory: 0x00000007ffe02160 | 60 21 e0 ff 07 00 00 00
x21=0x0000000120615888 points into unknown readable memory: 0x0000000000000000 | 00 00 00 00 00 00 00 00
x22=0x00000001208d1600 is a thread
x23=0x0000000000000001 is an unknown value
x24=0x0000000120615840 is a global jni handle
x25=0x0000000101e8d5d8: _ZN12StubRoutines17_safefetchN_entryE+0 in /Library/Java/JavaVirtualMachines/jdk-17.0.1.jdk/Contents/Home/lib/server/libjvm.dylib at 0x00000001012fc000
x26=0x000000011012bea8 is pointing into metadata
x27=0x0 is NULL
x28=0x00000001208d1600 is a thread


Registers:
 x0=0x0000000120615888  x1=0x0000000000000000  x2=0x0000000787e003b8  x3=0x0000000000000000
 x4=0x00000000000130a8  x5=0x0000000000000000  x6=0x0000000000000000  x7=0x0000000000000000
 x8=0x00000001300014ec  x9=0x0000000000000000 x10=0x2010000030300000 x11=0x0000000000000007
x12=0x0000000000000000 x13=0x0000600001988270 x14=0x0000000000000001 x15=0x0000000110b11f98
x16=0x00000001c27d4340 x17=0x0000600001392160 x18=0x0000000000000000 x19=0x0000600001c9c690
x20=0x0000000120615680 x21=0x0000000120615888 x22=0x00000001208d1600 x23=0x0000000000000001
x24=0x0000000120615840 x25=0x0000000101e8d5d8 x26=0x000000011012bea8 x27=0x0000000000000000
x28=0x00000001208d1600  fp=0x0000000172d367f0  lr=0x0000000101a98fd8  sp=0x0000000172d367b0
pc=0x00000001300014f0 cpsr=0x0000000060001000
Top of Stack: (sp=0x0000000172d367b0)
0x0000000172d367b0:   000000011012bea8 0000000000000001
0x0000000172d367c0:   0000000172d369a8 0000600003575540
0x0000000172d367d0:   0000000000000000 0000000120615840
0x0000000172d367e0:   0000000120615840 0000600001c9c690
0x0000000172d367f0:   0000000172d36830 0000000101a9a208
0x0000000172d36800:   0000000000000001 0000000120615840
0x0000000172d36810:   0000000000000000 0000000120615840
0x0000000172d36820:   0000000000000001 00000001121dac00
0x0000000172d36830:   0000000172d36860 00000001017b4f30
0x0000000172d36840:   0000600003575510 000000020ca019f4
0x0000000172d36850:   0000000000000000 0000600003575510
0x0000000172d36860:   0000000172d36890 0000000110ad6b08
0x0000000172d36870:   b7c2ffebee7f00cf 0000000000000000
0x0000000172d36880:   0000000000000000 0000600002256780
0x0000000172d36890:   0000000172d368d0 00000001c379ce0c
0x0000000172d368a0:   0000000172d369a8 0000600003575540
0x0000000172d368b0:   0000600003575510 b7c2ffebee7f00cf
0x0000000172d368c0:   0000000000000000 0000000000000000
0x0000000172d368d0:   0000000172d36910 7d2c8001c37695e8
0x0000000172d368e0:   0000000172d369a8 000000013000a500
0x0000000172d368f0:   0000000000000000 0000000101e94f90
0x0000000172d36900:   0000000172d36920 0000000130008cf0
0x0000000172d36910:   0000000172d36980 514000013000bbe0
0x0000000172d36920:   0000000172d36920 0000000800986475
0x0000000172d36930:   0000000172d36930 0000000000000000
0x0000000172d36940:   0000000172d369a8 000000011012bea8
0x0000000172d36950:   0000000785216110 0000000000000000
0x0000000172d36960:   0000000000000000 0000000110103a00
0x0000000172d36970:   0000000000000000 0000000172d36980
0x0000000172d36980:   0000000172d36a00 00000001300066ac
0x0000000172d36990:   0000000000000000 0000000000000000
0x0000000172d369a0:   0000000787e003b8 00000007852b3c90 

Instructions: (pc=0x00000001300014f0)
0x00000001300013f0:   f2a03ca9 f2c00029 6d425935 1e640886
0x0000000130001400:   0c402d31 1e6408c7 1f5654d0 1e6c1017
0x0000000130001410:   1f5050d0 1f504cd0 1f5048d0 1e650af6
0x0000000130001420:   1f50d8f6 1f5694d6 1f5158f6 1e762880
0x0000000130001430:   36000501 1e614000 14000026 2e251ca5
0x0000000130001440:   d2943009 f2a03ca9 f2c00029 6d425d36
0x0000000130001450:   1e600806 0c402d32 1f5758c7 1e6c101a
0x0000000130001460:   1f4754c7 1e650805 1f4750c7 d2866668
0x0000000130001470:   f2a7fa68 1f474cc7 1e6608c0 1f4748c7
0x0000000130001480:   1e6e1019 eb08007f 540000ac 1f479400
0x0000000130001490:   1f460340 1e603b20 1400000e d2a7fd29
0x00000001300014a0:   eb09007f 540000ac 51480069 d3607d29
0x00000001300014b0:   9e670121 14000002 1e6a5001 1f679417
0x00000001300014c0:   1f668742 1e613b23 1e773857 1e773860
0x00000001300014d0:   a8c17ff3 910003bf a8c17bfd d65f03c0
0x00000001300014e0:   b9400001 aa0103e0 d65f03c0 f9400001
0x00000001300014f0:   aa0103e0 d65f03c0 00000000 00000000
0x0000000130001500:   00000000 00000000 00000000 00000000
0x0000000130001510:   00000000 00000000 00000000 00000000
0x0000000130001520:   00000000 00000000 00000000 00000000
0x0000000130001530:   00000000 00000000 00000000 00000000
0x0000000130001540:   00000000 00000000 00000000 00000000
0x0000000130001550:   00000000 00000000 00000000 00000000
0x0000000130001560:   00000000 00000000 00000000 00000000
0x0000000130001570:   00000000 00000000 00000000 00000000
0x0000000130001580:   00000000 00000000 00000000 00000000
0x0000000130001590:   00000000 00000000 00000000 00000000
0x00000001300015a0:   00000000 00000000 00000000 00000000
0x00000001300015b0:   00000000 00000000 00000000 00000000
0x00000001300015c0:   00000000 00000000 00000000 00000000
0x00000001300015d0:   00000000 00000000 00000000 00000000
0x00000001300015e0:   00000000 00000000 00000000 00000000 


Stack slot to memory mapping:
stack at sp + 0 slots: 0x000000011012bea8 is pointing into metadata
stack at sp + 1 slots: 0x0000000000000001 is an unknown value
stack at sp + 2 slots: 0x0000000172d369a8 is pointing into the stack for thread: 0x00000001208d1600
stack at sp + 3 slots: 0x0000600003575540 points into unknown readable memory: 0x010000021b4b6081 | 81 60 4b 1b 02 00 00 01
stack at sp + 4 slots: 0x0 is NULL
stack at sp + 5 slots: 0x0000000120615840 is a global jni handle
stack at sp + 6 slots: 0x0000000120615840 is a global jni handle
stack at sp + 7 slots: 0x0000600001c9c690 points into unknown readable memory: 0x0000600003581370 | 70 13 58 03 00 60 00 00

StubRoutines::SafeFetchN [0x00000001300014ec, 0x00000001300014f8] (12 bytes)
[MachCode]
  0x00000001300014ec: 0100 40f9 | e003 01aa | c003 5fd6 
[/MachCode]

---------------  P R O C E S S  ---------------

Threads class SMR info:
_java_thread_list=0x00006000036a8ce0, length=21, elements={
0x000000012180d600, 0x0000000121870a00, 0x0000000121873200, 0x000000012100f000,
0x000000012101de00, 0x000000012101e400, 0x000000012101ec00, 0x000000012101f200,
0x0000000111824600, 0x0000000121027800, 0x0000000120840000, 0x000000012083d000,
0x000000011101e400, 0x000000012083d600, 0x0000000121111a00, 0x00000001208d1600,
0x00000001121dac00, 0x0000000112220800, 0x0000000112220000, 0x000000012097e400,
0x000000012124e600
}

Java Threads: ( => current thread )
  0x000000012180d600 JavaThread "main" [_thread_blocked, id=10243, stack(0x000000016fd14000,0x000000016ff17000)]
  0x0000000121870a00 JavaThread "Reference Handler" daemon [_thread_blocked, id=17667, stack(0x0000000170b68000,0x0000000170d6b000)]
  0x0000000121873200 JavaThread "Finalizer" daemon [_thread_blocked, id=16387, stack(0x0000000170d74000,0x0000000170f77000)]
  0x000000012100f000 JavaThread "Signal Dispatcher" daemon [_thread_blocked, id=42499, stack(0x0000000171098000,0x000000017129b000)]
  0x000000012101de00 JavaThread "Service Thread" daemon [_thread_blocked, id=23043, stack(0x00000001712a4000,0x00000001714a7000)]
  0x000000012101e400 JavaThread "Monitor Deflation Thread" daemon [_thread_blocked, id=41731, stack(0x00000001714b0000,0x00000001716b3000)]
  0x000000012101ec00 JavaThread "C2 CompilerThread0" daemon [_thread_blocked, id=23555, stack(0x00000001716bc000,0x00000001718bf000)]
  0x000000012101f200 JavaThread "C1 CompilerThread0" daemon [_thread_blocked, id=41219, stack(0x00000001718c8000,0x0000000171acb000)]
  0x0000000111824600 JavaThread "Sweeper thread" daemon [_thread_blocked, id=40963, stack(0x0000000171ad4000,0x0000000171cd7000)]
  0x0000000121027800 JavaThread "Common-Cleaner" daemon [_thread_blocked, id=24067, stack(0x0000000171ce0000,0x0000000171ee3000)]
  0x0000000120840000 JavaThread "JDWP Transport Listener: dt_socket" daemon [_thread_blocked, id=24327, stack(0x0000000171eec000,0x00000001720ef000)]
  0x000000012083d000 JavaThread "JDWP Event Helper Thread" daemon [_thread_blocked, id=24835, stack(0x00000001720f8000,0x00000001722fb000)]
  0x000000011101e400 JavaThread "JDWP Command Reader" daemon [_thread_in_native, id=39939, stack(0x0000000172304000,0x0000000172507000)]
  0x000000012083d600 JavaThread "Notification Thread" daemon [_thread_blocked, id=39427, stack(0x0000000172510000,0x0000000172713000)]
  0x0000000121111a00 JavaThread "QuantumRenderer-0" daemon [_thread_blocked, id=25859, stack(0x0000000172928000,0x0000000172b2b000)]
=>0x00000001208d1600 JavaThread "InvokeLaterDispatcher" daemon [_thread_in_native, id=34831, stack(0x0000000172b34000,0x0000000172d37000)]
  0x00000001121dac00 JavaThread "JavaFX Application Thread" [_thread_in_vm, id=259, stack(0x000000016f48c000,0x000000016fc88000)]
  0x0000000112220800 JavaThread "PulseTimer-CVDisplayLink thread" daemon [_thread_in_native, id=53507, stack(0x0000000172dcc000,0x0000000172e4f000)]
  0x0000000112220000 JavaThread "JavaFX-Launcher" [_thread_blocked, id=56323, stack(0x0000000172e58000,0x000000017305b000)]
  0x000000012097e400 JavaThread "Prism Font Disposer" daemon [_thread_blocked, id=61727, stack(0x0000000173fd0000,0x00000001741d3000)]
  0x000000012124e600 JavaThread "Cleaner-0" daemon [_thread_blocked, id=173831, stack(0x00000001741dc000,0x00000001743df000)]

Other Threads:
  0x000000011060b230 VMThread "VM Thread" [stack: 0x000000017095c000,0x0000000170b5f000] [id=17923]
  0x0000000120618db0 WatcherThread [stack: 0x000000017271c000,0x000000017291f000] [id=25347]
  0x00000001106065b0 GCTaskThread "GC Thread#0" [stack: 0x000000016ff20000,0x0000000170123000] [id=19971]
  0x000000011062d6f0 GCTaskThread "GC Thread#1" [stack: 0x000000017317c000,0x000000017337f000] [id=59907]
  0x000000011062d9a0 GCTaskThread "GC Thread#2" [stack: 0x0000000173388000,0x000000017358b000] [id=72963]
  0x000000010fa32a00 GCTaskThread "GC Thread#3" [stack: 0x0000000173594000,0x0000000173797000] [id=60419]
  0x000000010fa32fe0 GCTaskThread "GC Thread#4" [stack: 0x00000001737a0000,0x00000001739a3000] [id=72451]
  0x000000010fa33460 GCTaskThread "GC Thread#5" [stack: 0x00000001739ac000,0x0000000173baf000] [id=60931]
  0x000000010fa33b20 GCTaskThread "GC Thread#6" [stack: 0x0000000173bb8000,0x0000000173dbb000] [id=71939]
  0x00000001206363e0 GCTaskThread "GC Thread#7" [stack: 0x0000000173dc4000,0x0000000173fc7000] [id=71427]
  0x0000000110606c60 ConcurrentGCThread "G1 Main Marker" [stack: 0x000000017012c000,0x000000017032f000] [id=19459]
  0x00000001106074e0 ConcurrentGCThread "G1 Conc#0" [stack: 0x0000000170338000,0x000000017053b000] [id=18691]
  0x0000000120605a00 ConcurrentGCThread "G1 Refine#0" [stack: 0x0000000170544000,0x0000000170747000] [id=13315]
  0x00000001206062a0 ConcurrentGCThread "G1 Service" [stack: 0x0000000170750000,0x0000000170953000] [id=13827]

Threads with active compile tasks:

VM state: not at safepoint (normal execution)

VM Mutex/Monitor currently owned by a thread: None

Heap address: 0x0000000780000000, size: 2048 MB, Compressed Oops mode: Zero based, Oop shift amount: 3

CDS archive(s) mapped at: [0x0000000800000000-0x0000000800bd4000-0x0000000800bd4000), size 12402688, SharedBaseAddress: 0x0000000800000000, ArchiveRelocationMode: 0.
Compressed class space mapped at: 0x0000000800c00000-0x0000000840c00000, reserved size: 1073741824
Narrow klass base: 0x0000000800000000, Narrow klass shift: 0, Narrow klass range: 0x100000000

GC Precious Log:
 CPUs: 8 total, 8 available
 Memory: 8192M
 Large Page Support: Disabled
 NUMA Support: Disabled
 Compressed Oops: Enabled (Zero based)
 Heap Region Size: 1M
 Heap Min Capacity: 8M
 Heap Initial Capacity: 128M
 Heap Max Capacity: 2G
 Pre-touch: Disabled
 Parallel Workers: 8
 Concurrent Workers: 2
 Concurrent Refinement Workers: 8
 Periodic GC: Disabled

Heap:
 garbage-first heap   total 133120K, used 15580K [0x0000000780000000, 0x0000000800000000)
  region size 1024K, 12 young (12288K), 6 survivors (6144K)
 Metaspace       used 15988K, committed 16256K, reserved 1064960K
  class space    used 2416K, committed 2560K, reserved 1048576K

Heap Regions: E=young(eden), S=young(survivor), O=old, HS=humongous(starts), HC=humongous(continues), CS=collection set, F=free, OA=open archive, CA=closed archive, TAMS=top-at-mark-start (previous, next)
|   0|0x0000000780000000, 0x0000000780100000, 0x0000000780100000|100%| O|  |TAMS 0x0000000780000000, 0x0000000780000000| Untracked 
|   1|0x0000000780100000, 0x000000078013f200, 0x0000000780200000| 24%| O|  |TAMS 0x0000000780100000, 0x0000000780100000| Untracked 
|   2|0x0000000780200000, 0x0000000780300000, 0x0000000780300000|100%|HS|  |TAMS 0x0000000780200000, 0x0000000780200000| Complete 
|   3|0x0000000780300000, 0x0000000780400000, 0x0000000780400000|100%|HC|  |TAMS 0x0000000780300000, 0x0000000780300000| Complete 
|   4|0x0000000780400000, 0x0000000780400000, 0x0000000780500000|  0%| F|  |TAMS 0x0000000780400000, 0x0000000780400000| Untracked 
|   5|0x0000000780500000, 0x0000000780500000, 0x0000000780600000|  0%| F|  |TAMS 0x0000000780500000, 0x0000000780500000| Untracked 
|   6|0x0000000780600000, 0x0000000780600000, 0x0000000780700000|  0%| F|  |TAMS 0x0000000780600000, 0x0000000780600000| Untracked 
|   7|0x0000000780700000, 0x0000000780700000, 0x0000000780800000|  0%| F|  |TAMS 0x0000000780700000, 0x0000000780700000| Untracked 
|   8|0x0000000780800000, 0x0000000780800000, 0x0000000780900000|  0%| F|  |TAMS 0x0000000780800000, 0x0000000780800000| Untracked 
|   9|0x0000000780900000, 0x0000000780900000, 0x0000000780a00000|  0%| F|  |TAMS 0x0000000780900000, 0x0000000780900000| Untracked 
|  10|0x0000000780a00000, 0x0000000780a00000, 0x0000000780b00000|  0%| F|  |TAMS 0x0000000780a00000, 0x0000000780a00000| Untracked 
|  11|0x0000000780b00000, 0x0000000780b00000, 0x0000000780c00000|  0%| F|  |TAMS 0x0000000780b00000, 0x0000000780b00000| Untracked 
|  12|0x0000000780c00000, 0x0000000780c00000, 0x0000000780d00000|  0%| F|  |TAMS 0x0000000780c00000, 0x0000000780c00000| Untracked 
|  13|0x0000000780d00000, 0x0000000780d00000, 0x0000000780e00000|  0%| F|  |TAMS 0x0000000780d00000, 0x0000000780d00000| Untracked 
|  14|0x0000000780e00000, 0x0000000780e00000, 0x0000000780f00000|  0%| F|  |TAMS 0x0000000780e00000, 0x0000000780e00000| Untracked 
|  15|0x0000000780f00000, 0x0000000780f00000, 0x0000000781000000|  0%| F|  |TAMS 0x0000000780f00000, 0x0000000780f00000| Untracked 
|  16|0x0000000781000000, 0x0000000781000000, 0x0000000781100000|  0%| F|  |TAMS 0x0000000781000000, 0x0000000781000000| Untracked 
|  17|0x0000000781100000, 0x0000000781100000, 0x0000000781200000|  0%| F|  |TAMS 0x0000000781100000, 0x0000000781100000| Untracked 
|  18|0x0000000781200000, 0x0000000781200000, 0x0000000781300000|  0%| F|  |TAMS 0x0000000781200000, 0x0000000781200000| Untracked 
|  19|0x0000000781300000, 0x0000000781300000, 0x0000000781400000|  0%| F|  |TAMS 0x0000000781300000, 0x0000000781300000| Untracked 
|  20|0x0000000781400000, 0x0000000781400000, 0x0000000781500000|  0%| F|  |TAMS 0x0000000781400000, 0x0000000781400000| Untracked 
|  21|0x0000000781500000, 0x0000000781500000, 0x0000000781600000|  0%| F|  |TAMS 0x0000000781500000, 0x0000000781500000| Untracked 
|  22|0x0000000781600000, 0x0000000781600000, 0x0000000781700000|  0%| F|  |TAMS 0x0000000781600000, 0x0000000781600000| Untracked 
|  23|0x0000000781700000, 0x0000000781700000, 0x0000000781800000|  0%| F|  |TAMS 0x0000000781700000, 0x0000000781700000| Untracked 
|  24|0x0000000781800000, 0x0000000781800000, 0x0000000781900000|  0%| F|  |TAMS 0x0000000781800000, 0x0000000781800000| Untracked 
|  25|0x0000000781900000, 0x0000000781900000, 0x0000000781a00000|  0%| F|  |TAMS 0x0000000781900000, 0x0000000781900000| Untracked 
|  26|0x0000000781a00000, 0x0000000781a00000, 0x0000000781b00000|  0%| F|  |TAMS 0x0000000781a00000, 0x0000000781a00000| Untracked 
|  27|0x0000000781b00000, 0x0000000781b00000, 0x0000000781c00000|  0%| F|  |TAMS 0x0000000781b00000, 0x0000000781b00000| Untracked 
|  28|0x0000000781c00000, 0x0000000781c00000, 0x0000000781d00000|  0%| F|  |TAMS 0x0000000781c00000, 0x0000000781c00000| Untracked 
|  29|0x0000000781d00000, 0x0000000781d00000, 0x0000000781e00000|  0%| F|  |TAMS 0x0000000781d00000, 0x0000000781d00000| Untracked 
|  30|0x0000000781e00000, 0x0000000781e00000, 0x0000000781f00000|  0%| F|  |TAMS 0x0000000781e00000, 0x0000000781e00000| Untracked 
|  31|0x0000000781f00000, 0x0000000781f00000, 0x0000000782000000|  0%| F|  |TAMS 0x0000000781f00000, 0x0000000781f00000| Untracked 
|  32|0x0000000782000000, 0x0000000782000000, 0x0000000782100000|  0%| F|  |TAMS 0x0000000782000000, 0x0000000782000000| Untracked 
|  33|0x0000000782100000, 0x0000000782100000, 0x0000000782200000|  0%| F|  |TAMS 0x0000000782100000, 0x0000000782100000| Untracked 
|  34|0x0000000782200000, 0x0000000782200000, 0x0000000782300000|  0%| F|  |TAMS 0x0000000782200000, 0x0000000782200000| Untracked 
|  35|0x0000000782300000, 0x0000000782300000, 0x0000000782400000|  0%| F|  |TAMS 0x0000000782300000, 0x0000000782300000| Untracked 
|  36|0x0000000782400000, 0x0000000782400000, 0x0000000782500000|  0%| F|  |TAMS 0x0000000782400000, 0x0000000782400000| Untracked 
|  37|0x0000000782500000, 0x0000000782500000, 0x0000000782600000|  0%| F|  |TAMS 0x0000000782500000, 0x0000000782500000| Untracked 
|  38|0x0000000782600000, 0x0000000782600000, 0x0000000782700000|  0%| F|  |TAMS 0x0000000782600000, 0x0000000782600000| Untracked 
|  39|0x0000000782700000, 0x0000000782700000, 0x0000000782800000|  0%| F|  |TAMS 0x0000000782700000, 0x0000000782700000| Untracked 
|  40|0x0000000782800000, 0x0000000782800000, 0x0000000782900000|  0%| F|  |TAMS 0x0000000782800000, 0x0000000782800000| Untracked 
|  41|0x0000000782900000, 0x0000000782900000, 0x0000000782a00000|  0%| F|  |TAMS 0x0000000782900000, 0x0000000782900000| Untracked 
|  42|0x0000000782a00000, 0x0000000782a00000, 0x0000000782b00000|  0%| F|  |TAMS 0x0000000782a00000, 0x0000000782a00000| Untracked 
|  43|0x0000000782b00000, 0x0000000782b00000, 0x0000000782c00000|  0%| F|  |TAMS 0x0000000782b00000, 0x0000000782b00000| Untracked 
|  44|0x0000000782c00000, 0x0000000782c00000, 0x0000000782d00000|  0%| F|  |TAMS 0x0000000782c00000, 0x0000000782c00000| Untracked 
|  45|0x0000000782d00000, 0x0000000782d00000, 0x0000000782e00000|  0%| F|  |TAMS 0x0000000782d00000, 0x0000000782d00000| Untracked 
|  46|0x0000000782e00000, 0x0000000782e00000, 0x0000000782f00000|  0%| F|  |TAMS 0x0000000782e00000, 0x0000000782e00000| Untracked 
|  47|0x0000000782f00000, 0x0000000782f00000, 0x0000000783000000|  0%| F|  |TAMS 0x0000000782f00000, 0x0000000782f00000| Untracked 
|  48|0x0000000783000000, 0x0000000783000000, 0x0000000783100000|  0%| F|  |TAMS 0x0000000783000000, 0x0000000783000000| Untracked 
|  49|0x0000000783100000, 0x0000000783100000, 0x0000000783200000|  0%| F|  |TAMS 0x0000000783100000, 0x0000000783100000| Untracked 
|  50|0x0000000783200000, 0x0000000783200000, 0x0000000783300000|  0%| F|  |TAMS 0x0000000783200000, 0x0000000783200000| Untracked 
|  51|0x0000000783300000, 0x0000000783300000, 0x0000000783400000|  0%| F|  |TAMS 0x0000000783300000, 0x0000000783300000| Untracked 
|  52|0x0000000783400000, 0x0000000783400000, 0x0000000783500000|  0%| F|  |TAMS 0x0000000783400000, 0x0000000783400000| Untracked 
|  53|0x0000000783500000, 0x0000000783500000, 0x0000000783600000|  0%| F|  |TAMS 0x0000000783500000, 0x0000000783500000| Untracked 
|  54|0x0000000783600000, 0x0000000783600000, 0x0000000783700000|  0%| F|  |TAMS 0x0000000783600000, 0x0000000783600000| Untracked 
|  55|0x0000000783700000, 0x0000000783700000, 0x0000000783800000|  0%| F|  |TAMS 0x0000000783700000, 0x0000000783700000| Untracked 
|  56|0x0000000783800000, 0x0000000783800000, 0x0000000783900000|  0%| F|  |TAMS 0x0000000783800000, 0x0000000783800000| Untracked 
|  57|0x0000000783900000, 0x0000000783900000, 0x0000000783a00000|  0%| F|  |TAMS 0x0000000783900000, 0x0000000783900000| Untracked 
|  58|0x0000000783a00000, 0x0000000783a00000, 0x0000000783b00000|  0%| F|  |TAMS 0x0000000783a00000, 0x0000000783a00000| Untracked 
|  59|0x0000000783b00000, 0x0000000783b00000, 0x0000000783c00000|  0%| F|  |TAMS 0x0000000783b00000, 0x0000000783b00000| Untracked 
|  60|0x0000000783c00000, 0x0000000783c00000, 0x0000000783d00000|  0%| F|  |TAMS 0x0000000783c00000, 0x0000000783c00000| Untracked 
|  61|0x0000000783d00000, 0x0000000783d00000, 0x0000000783e00000|  0%| F|  |TAMS 0x0000000783d00000, 0x0000000783d00000| Untracked 
|  62|0x0000000783e00000, 0x0000000783e00000, 0x0000000783f00000|  0%| F|  |TAMS 0x0000000783e00000, 0x0000000783e00000| Untracked 
|  63|0x0000000783f00000, 0x0000000783f00000, 0x0000000784000000|  0%| F|  |TAMS 0x0000000783f00000, 0x0000000783f00000| Untracked 
|  64|0x0000000784000000, 0x0000000784000000, 0x0000000784100000|  0%| F|  |TAMS 0x0000000784000000, 0x0000000784000000| Untracked 
|  65|0x0000000784100000, 0x0000000784100000, 0x0000000784200000|  0%| F|  |TAMS 0x0000000784100000, 0x0000000784100000| Untracked 
|  66|0x0000000784200000, 0x0000000784200000, 0x0000000784300000|  0%| F|  |TAMS 0x0000000784200000, 0x0000000784200000| Untracked 
|  67|0x0000000784300000, 0x0000000784300000, 0x0000000784400000|  0%| F|  |TAMS 0x0000000784300000, 0x0000000784300000| Untracked 
|  68|0x0000000784400000, 0x0000000784400000, 0x0000000784500000|  0%| F|  |TAMS 0x0000000784400000, 0x0000000784400000| Untracked 
|  69|0x0000000784500000, 0x0000000784500000, 0x0000000784600000|  0%| F|  |TAMS 0x0000000784500000, 0x0000000784500000| Untracked 
|  70|0x0000000784600000, 0x0000000784600000, 0x0000000784700000|  0%| F|  |TAMS 0x0000000784600000, 0x0000000784600000| Untracked 
|  71|0x0000000784700000, 0x0000000784700000, 0x0000000784800000|  0%| F|  |TAMS 0x0000000784700000, 0x0000000784700000| Untracked 
|  72|0x0000000784800000, 0x0000000784800000, 0x0000000784900000|  0%| F|  |TAMS 0x0000000784800000, 0x0000000784800000| Untracked 
|  73|0x0000000784900000, 0x0000000784900000, 0x0000000784a00000|  0%| F|  |TAMS 0x0000000784900000, 0x0000000784900000| Untracked 
|  74|0x0000000784a00000, 0x0000000784a00000, 0x0000000784b00000|  0%| F|  |TAMS 0x0000000784a00000, 0x0000000784a00000| Untracked 
|  75|0x0000000784b00000, 0x0000000784b00000, 0x0000000784c00000|  0%| F|  |TAMS 0x0000000784b00000, 0x0000000784b00000| Untracked 
|  76|0x0000000784c00000, 0x0000000784c00000, 0x0000000784d00000|  0%| F|  |TAMS 0x0000000784c00000, 0x0000000784c00000| Untracked 
|  77|0x0000000784d00000, 0x0000000784e00000, 0x0000000784e00000|100%| S|CS|TAMS 0x0000000784d00000, 0x0000000784d00000| Complete 
|  78|0x0000000784e00000, 0x0000000784f00000, 0x0000000784f00000|100%| S|CS|TAMS 0x0000000784e00000, 0x0000000784e00000| Complete 
|  79|0x0000000784f00000, 0x0000000785000000, 0x0000000785000000|100%| S|CS|TAMS 0x0000000784f00000, 0x0000000784f00000| Complete 
|  80|0x0000000785000000, 0x0000000785100000, 0x0000000785100000|100%| S|CS|TAMS 0x0000000785000000, 0x0000000785000000| Complete 
|  81|0x0000000785100000, 0x0000000785200000, 0x0000000785200000|100%| S|CS|TAMS 0x0000000785100000, 0x0000000785100000| Complete 
|  82|0x0000000785200000, 0x0000000785300000, 0x0000000785300000|100%| S|CS|TAMS 0x0000000785200000, 0x0000000785200000| Complete 
|  83|0x0000000785300000, 0x0000000785300000, 0x0000000785400000|  0%| F|  |TAMS 0x0000000785300000, 0x0000000785300000| Untracked 
|  84|0x0000000785400000, 0x0000000785400000, 0x0000000785500000|  0%| F|  |TAMS 0x0000000785400000, 0x0000000785400000| Untracked 
|  85|0x0000000785500000, 0x0000000785500000, 0x0000000785600000|  0%| F|  |TAMS 0x0000000785500000, 0x0000000785500000| Untracked 
|  86|0x0000000785600000, 0x0000000785600000, 0x0000000785700000|  0%| F|  |TAMS 0x0000000785600000, 0x0000000785600000| Untracked 
|  87|0x0000000785700000, 0x0000000785700000, 0x0000000785800000|  0%| F|  |TAMS 0x0000000785700000, 0x0000000785700000| Untracked 
|  88|0x0000000785800000, 0x0000000785800000, 0x0000000785900000|  0%| F|  |TAMS 0x0000000785800000, 0x0000000785800000| Untracked 
|  89|0x0000000785900000, 0x0000000785900000, 0x0000000785a00000|  0%| F|  |TAMS 0x0000000785900000, 0x0000000785900000| Untracked 
|  90|0x0000000785a00000, 0x0000000785a00000, 0x0000000785b00000|  0%| F|  |TAMS 0x0000000785a00000, 0x0000000785a00000| Untracked 
|  91|0x0000000785b00000, 0x0000000785b00000, 0x0000000785c00000|  0%| F|  |TAMS 0x0000000785b00000, 0x0000000785b00000| Untracked 
|  92|0x0000000785c00000, 0x0000000785c00000, 0x0000000785d00000|  0%| F|  |TAMS 0x0000000785c00000, 0x0000000785c00000| Untracked 
|  93|0x0000000785d00000, 0x0000000785d00000, 0x0000000785e00000|  0%| F|  |TAMS 0x0000000785d00000, 0x0000000785d00000| Untracked 
|  94|0x0000000785e00000, 0x0000000785e00000, 0x0000000785f00000|  0%| F|  |TAMS 0x0000000785e00000, 0x0000000785e00000| Untracked 
|  95|0x0000000785f00000, 0x0000000785f00000, 0x0000000786000000|  0%| F|  |TAMS 0x0000000785f00000, 0x0000000785f00000| Untracked 
|  96|0x0000000786000000, 0x0000000786000000, 0x0000000786100000|  0%| F|  |TAMS 0x0000000786000000, 0x0000000786000000| Untracked 
|  97|0x0000000786100000, 0x0000000786100000, 0x0000000786200000|  0%| F|  |TAMS 0x0000000786100000, 0x0000000786100000| Untracked 
|  98|0x0000000786200000, 0x0000000786200000, 0x0000000786300000|  0%| F|  |TAMS 0x0000000786200000, 0x0000000786200000| Untracked 
|  99|0x0000000786300000, 0x0000000786300000, 0x0000000786400000|  0%| F|  |TAMS 0x0000000786300000, 0x0000000786300000| Untracked 
| 100|0x0000000786400000, 0x0000000786400000, 0x0000000786500000|  0%| F|  |TAMS 0x0000000786400000, 0x0000000786400000| Untracked 
| 101|0x0000000786500000, 0x0000000786500000, 0x0000000786600000|  0%| F|  |TAMS 0x0000000786500000, 0x0000000786500000| Untracked 
| 102|0x0000000786600000, 0x0000000786600000, 0x0000000786700000|  0%| F|  |TAMS 0x0000000786600000, 0x0000000786600000| Untracked 
| 103|0x0000000786700000, 0x0000000786700000, 0x0000000786800000|  0%| F|  |TAMS 0x0000000786700000, 0x0000000786700000| Untracked 
| 104|0x0000000786800000, 0x0000000786800000, 0x0000000786900000|  0%| F|  |TAMS 0x0000000786800000, 0x0000000786800000| Untracked 
| 105|0x0000000786900000, 0x0000000786900000, 0x0000000786a00000|  0%| F|  |TAMS 0x0000000786900000, 0x0000000786900000| Untracked 
| 106|0x0000000786a00000, 0x0000000786a00000, 0x0000000786b00000|  0%| F|  |TAMS 0x0000000786a00000, 0x0000000786a00000| Untracked 
| 107|0x0000000786b00000, 0x0000000786b00000, 0x0000000786c00000|  0%| F|  |TAMS 0x0000000786b00000, 0x0000000786b00000| Untracked 
| 108|0x0000000786c00000, 0x0000000786c00000, 0x0000000786d00000|  0%| F|  |TAMS 0x0000000786c00000, 0x0000000786c00000| Untracked 
| 109|0x0000000786d00000, 0x0000000786d00000, 0x0000000786e00000|  0%| F|  |TAMS 0x0000000786d00000, 0x0000000786d00000| Untracked 
| 110|0x0000000786e00000, 0x0000000786e00000, 0x0000000786f00000|  0%| F|  |TAMS 0x0000000786e00000, 0x0000000786e00000| Untracked 
| 111|0x0000000786f00000, 0x0000000786f00000, 0x0000000787000000|  0%| F|  |TAMS 0x0000000786f00000, 0x0000000786f00000| Untracked 
| 112|0x0000000787000000, 0x0000000787000000, 0x0000000787100000|  0%| F|  |TAMS 0x0000000787000000, 0x0000000787000000| Untracked 
| 113|0x0000000787100000, 0x0000000787100000, 0x0000000787200000|  0%| F|  |TAMS 0x0000000787100000, 0x0000000787100000| Untracked 
| 114|0x0000000787200000, 0x0000000787200000, 0x0000000787300000|  0%| F|  |TAMS 0x0000000787200000, 0x0000000787200000| Untracked 
| 115|0x0000000787300000, 0x0000000787300000, 0x0000000787400000|  0%| F|  |TAMS 0x0000000787300000, 0x0000000787300000| Untracked 
| 116|0x0000000787400000, 0x0000000787400000, 0x0000000787500000|  0%| F|  |TAMS 0x0000000787400000, 0x0000000787400000| Untracked 
| 117|0x0000000787500000, 0x0000000787500000, 0x0000000787600000|  0%| F|  |TAMS 0x0000000787500000, 0x0000000787500000| Untracked 
| 118|0x0000000787600000, 0x0000000787600000, 0x0000000787700000|  0%| F|  |TAMS 0x0000000787600000, 0x0000000787600000| Untracked 
| 119|0x0000000787700000, 0x0000000787700000, 0x0000000787800000|  0%| F|  |TAMS 0x0000000787700000, 0x0000000787700000| Untracked 
| 120|0x0000000787800000, 0x0000000787800000, 0x0000000787900000|  0%| F|  |TAMS 0x0000000787800000, 0x0000000787800000| Untracked 
| 121|0x0000000787900000, 0x0000000787900000, 0x0000000787a00000|  0%| F|  |TAMS 0x0000000787900000, 0x0000000787900000| Untracked 
| 122|0x0000000787a00000, 0x0000000787a75040, 0x0000000787b00000| 45%| E|  |TAMS 0x0000000787a00000, 0x0000000787a00000| Complete 
| 123|0x0000000787b00000, 0x0000000787c00000, 0x0000000787c00000|100%| E|CS|TAMS 0x0000000787b00000, 0x0000000787b00000| Complete 
| 124|0x0000000787c00000, 0x0000000787d00000, 0x0000000787d00000|100%| E|CS|TAMS 0x0000000787c00000, 0x0000000787c00000| Complete 
| 125|0x0000000787d00000, 0x0000000787e00000, 0x0000000787e00000|100%| E|CS|TAMS 0x0000000787d00000, 0x0000000787d00000| Complete 
| 126|0x0000000787e00000, 0x0000000787f00000, 0x0000000787f00000|100%| E|CS|TAMS 0x0000000787e00000, 0x0000000787e00000| Complete 
| 127|0x0000000787f00000, 0x0000000788000000, 0x0000000788000000|100%| E|CS|TAMS 0x0000000787f00000, 0x0000000787f00000| Complete 
|2046|0x00000007ffe00000, 0x00000007ffe78000, 0x00000007fff00000| 46%|OA|  |TAMS 0x00000007ffe00000, 0x00000007ffe00000| Untracked 
|2047|0x00000007fff00000, 0x00000007fff80000, 0x0000000800000000| 50%|CA|  |TAMS 0x00000007fff00000, 0x00000007fff00000| Untracked 

Card table byte_map: [0x0000000100ab8000,0x0000000100eb8000] _byte_map_base: 0x00000000fceb8000

Marking Bits (Prev, Next): (CMBitMap*) 0x000000012180c210, (CMBitMap*) 0x000000012180c250
 Prev Bits: [0x0000000109960000, 0x000000010b960000)
 Next Bits: [0x000000010b960000, 0x000000010d960000)

Polling page: 0x00000001002fc000

Metaspace:

Usage:
  Non-class:     13.25 MB used.
      Class:      2.36 MB used.
       Both:     15.61 MB used.

Virtual space:
  Non-class space:       16.00 MB reserved,      13.38 MB ( 84%) committed,  2 nodes.
      Class space:        1.00 GB reserved,       2.50 MB ( <1%) committed,  1 nodes.
             Both:        1.02 GB reserved,      15.88 MB (  2%) committed. 

Chunk freelists:
   Non-Class:  2.42 MB
       Class:  1.47 MB
        Both:  3.89 MB

MaxMetaspaceSize: unlimited
CompressedClassSpaceSize: 1.00 GB
Initial GC threshold: 21.00 MB
Current GC threshold: 21.00 MB
CDS: on
MetaspaceReclaimPolicy: balanced
 - commit_granule_bytes: 65536.
 - commit_granule_words: 8192.
 - virtual_space_node_default_size: 1048576.
 - enlarge_chunks_in_place: 1.
 - new_chunks_are_fully_committed: 0.
 - uncommit_free_chunks: 1.
 - use_allocation_guard: 0.
 - handle_deallocations: 1.


Internal statistics:

num_allocs_failed_limit: 0.
num_arena_births: 206.
num_arena_deaths: 0.
num_vsnodes_births: 3.
num_vsnodes_deaths: 0.
num_space_committed: 254.
num_space_uncommitted: 0.
num_chunks_returned_to_freelist: 0.
num_chunks_taken_from_freelist: 751.
num_chunk_merges: 0.
num_chunk_splits: 511.
num_chunks_enlarged: 394.
num_purges: 0.
num_inconsistent_stats: 0.

CodeHeap 'non-profiled nmethods': size=120032Kb used=797Kb max_used=797Kb free=119234Kb
 bounds [0x0000000137ac8000, 0x0000000137d38000, 0x000000013f000000]
CodeHeap 'profiled nmethods': size=120016Kb used=4356Kb max_used=4356Kb free=115659Kb
 bounds [0x0000000130594000, 0x00000001309e4000, 0x0000000137ac8000]
CodeHeap 'non-nmethods': size=5712Kb used=1400Kb max_used=1465Kb free=4311Kb
 bounds [0x0000000130000000, 0x0000000130270000, 0x0000000130594000]
 total_blobs=2979 nmethods=2221 adapters=674
 compilation: enabled
              stopped_count=0, restarted_count=0
 full_count=0

Compilation events (20 events):
Event: 1.263 Thread 0x000000012101f200 2281       1       java.util.concurrent.locks.AbstractOwnableSynchronizer::getExclusiveOwnerThread (5 bytes)
Event: 1.263 Thread 0x000000012101f200 nmethod 2281 0x0000000137b85290 code [0x0000000137b85400, 0x0000000137b854e8]
Event: 1.297 Thread 0x000000012101f200 2282       1       java.util.concurrent.locks.AbstractOwnableSynchronizer::setExclusiveOwnerThread (6 bytes)
Event: 1.297 Thread 0x000000012101f200 nmethod 2282 0x0000000137b85590 code [0x0000000137b85700, 0x0000000137b85868]
Event: 1.310 Thread 0x000000012101ec00 nmethod 2261% 0x0000000137b85910 code [0x0000000137b85d00, 0x0000000137b8ac80]
Event: 1.310 Thread 0x000000012101ec00 2263       4       java.util.Arrays::fill (28 bytes)
Event: 1.311 Thread 0x000000012101ec00 nmethod 2263 0x0000000137b8ec90 code [0x0000000137b8ee40, 0x0000000137b8efc0]
Event: 1.311 Thread 0x000000012101ec00 2270       4       java.lang.ref.Reference::refersTo (6 bytes)
Event: 1.312 Thread 0x000000012101ec00 nmethod 2270 0x0000000137b8f110 code [0x0000000137b8f2c0, 0x0000000137b8f3b0]
Event: 1.328 Thread 0x000000012101f200 2283       3       java.util.Arrays::asList (9 bytes)
Event: 1.329 Thread 0x000000012101f200 nmethod 2283 0x00000001309d2490 code [0x00000001309d2680, 0x00000001309d2b18]
Event: 1.329 Thread 0x000000012101f200 2284       3       java.util.Arrays$ArrayList::<init> (16 bytes)
Event: 1.329 Thread 0x000000012101f200 nmethod 2284 0x00000001309d2d10 code [0x00000001309d2f00, 0x00000001309d3318]
Event: 1.330 Thread 0x000000012101f200 2285       1       java.util.concurrent.locks.AbstractQueuedSynchronizer::setState (6 bytes)
Event: 1.330 Thread 0x000000012101f200 nmethod 2285 0x0000000137b8f490 code [0x0000000137b8f600, 0x0000000137b8f6e8]
Event: 1.451 Thread 0x000000012101f200 2286       3       java.util.Arrays$ArrayList::iterator (12 bytes)
Event: 1.451 Thread 0x000000012101f200 nmethod 2286 0x00000001309d3510 code [0x00000001309d36c0, 0x00000001309d3968]
Event: 1.451 Thread 0x000000012101f200 2287       3       java.util.Arrays$ArrayItr::<init> (10 bytes)
Event: 1.451 Thread 0x000000012101f200 nmethod 2287 0x00000001309d3a90 code [0x00000001309d3c40, 0x00000001309d3e28]
Event: 1.512 Thread 0x000000012101f200 2288       3       java.util.Collections$UnmodifiableCollection::iterator (9 bytes)

GC Heap History (4 events):
Event: 0.566 GC heap before
{Heap before GC invocations=0 (full 0):
 garbage-first heap   total 133120K, used 23520K [0x0000000780000000, 0x0000000800000000)
  region size 1024K, 23 young (23552K), 0 survivors (0K)
 Metaspace       used 6235K, committed 6400K, reserved 1056768K
  class space    used 748K, committed 832K, reserved 1048576K
}
Event: 0.569 GC heap after
{Heap after GC invocations=1 (full 0):
 garbage-first heap   total 133120K, used 3768K [0x0000000780000000, 0x0000000800000000)
  region size 1024K, 3 young (3072K), 3 survivors (3072K)
 Metaspace       used 6235K, committed 6400K, reserved 1056768K
  class space    used 748K, committed 832K, reserved 1048576K
}
Event: 1.117 GC heap before
{Heap before GC invocations=1 (full 0):
 garbage-first heap   total 133120K, used 46776K [0x0000000780000000, 0x0000000800000000)
  region size 1024K, 45 young (46080K), 3 survivors (3072K)
 Metaspace       used 15012K, committed 15232K, reserved 1064960K
  class space    used 2307K, committed 2368K, reserved 1048576K
}
Event: 1.121 GC heap after
{Heap after GC invocations=2 (full 0):
 garbage-first heap   total 133120K, used 8412K [0x0000000780000000, 0x0000000800000000)
  region size 1024K, 6 young (6144K), 6 survivors (6144K)
 Metaspace       used 15012K, committed 15232K, reserved 1064960K
  class space    used 2307K, committed 2368K, reserved 1048576K
}

Deoptimization events (20 events):
Event: 1.213 Thread 0x0000000121111a00 DEOPT PACKING pc=0x0000000130973b70 sp=0x0000000172b28920
Event: 1.213 Thread 0x0000000121111a00 DEOPT UNPACKING pc=0x000000013003eb7c sp=0x0000000172b285a0 mode 0
Event: 1.217 Thread 0x0000000121111a00 DEOPT PACKING pc=0x0000000130973b70 sp=0x0000000172b28300
Event: 1.217 Thread 0x0000000121111a00 DEOPT UNPACKING pc=0x000000013003eb7c sp=0x0000000172b27f80 mode 0
Event: 1.226 Thread 0x0000000121111a00 DEOPT PACKING pc=0x000000013099cfcc sp=0x0000000172b28cb0
Event: 1.226 Thread 0x0000000121111a00 DEOPT UNPACKING pc=0x000000013003eb7c sp=0x0000000172b288d0 mode 0
Event: 1.230 Thread 0x0000000121111a00 DEOPT PACKING pc=0x000000013098285c sp=0x0000000172b28800
Event: 1.230 Thread 0x0000000121111a00 DEOPT UNPACKING pc=0x000000013003eb7c sp=0x0000000172b284a0 mode 0
Event: 1.246 Thread 0x0000000112220800 Uncommon trap: trap_request=0xffffffde fr.pc=0x0000000137b3419c relative=0x0000000000000f5c
Event: 1.246 Thread 0x0000000112220800 Uncommon trap: reason=class_check action=maybe_recompile pc=0x0000000137b3419c method=java.util.concurrent.ConcurrentHashMap.putVal(Ljava/lang/Object;Ljava/lang/Object;Z)Ljava/lang/Object; @ 242 c2
Event: 1.246 Thread 0x0000000112220800 DEOPT PACKING pc=0x0000000137b3419c sp=0x0000000172e4e510
Event: 1.246 Thread 0x0000000112220800 DEOPT UNPACKING pc=0x000000013003ed1c sp=0x0000000172e4e440 mode 2
Event: 1.263 Thread 0x0000000112220800 Uncommon trap: trap_request=0xffffffde fr.pc=0x0000000137b3419c relative=0x0000000000000f5c
Event: 1.263 Thread 0x0000000112220800 Uncommon trap: reason=class_check action=maybe_recompile pc=0x0000000137b3419c method=java.util.concurrent.ConcurrentHashMap.putVal(Ljava/lang/Object;Ljava/lang/Object;Z)Ljava/lang/Object; @ 242 c2
Event: 1.263 Thread 0x0000000112220800 DEOPT PACKING pc=0x0000000137b3419c sp=0x0000000172e4e510
Event: 1.263 Thread 0x0000000112220800 DEOPT UNPACKING pc=0x000000013003ed1c sp=0x0000000172e4e440 mode 2
Event: 1.280 Thread 0x0000000112220800 Uncommon trap: trap_request=0xffffffde fr.pc=0x0000000137b3419c relative=0x0000000000000f5c
Event: 1.280 Thread 0x0000000112220800 Uncommon trap: reason=class_check action=maybe_recompile pc=0x0000000137b3419c method=java.util.concurrent.ConcurrentHashMap.putVal(Ljava/lang/Object;Ljava/lang/Object;Z)Ljava/lang/Object; @ 242 c2
Event: 1.280 Thread 0x0000000112220800 DEOPT PACKING pc=0x0000000137b3419c sp=0x0000000172e4e510
Event: 1.280 Thread 0x0000000112220800 DEOPT UNPACKING pc=0x000000013003ed1c sp=0x0000000172e4e440 mode 2

Classes unloaded (0 events):
No events

Classes redefined (0 events):
No events

Internal exceptions (20 events):
Event: 0.725 Thread 0x00000001121dac00 Exception <a 'java/io/FileNotFoundException'{0x0000000786f5efd8}> (0x0000000786f5efd8) 
thrown [open/src/hotspot/share/prims/jni.cpp, line 516]
Event: 0.725 Thread 0x00000001121dac00 Exception <a 'java/io/FileNotFoundException'{0x0000000786f60c80}> (0x0000000786f60c80) 
thrown [open/src/hotspot/share/prims/jni.cpp, line 516]
Event: 0.727 Thread 0x00000001121dac00 Exception <a 'java/lang/NoSuchMethodError'{0x0000000786f78c10}: 'java.lang.Object java.lang.invoke.DirectMethodHandle$Holder.newInvokeSpecial(java.lang.Object, java.lang.Object, int)'> (0x0000000786f78c10) 
thrown [open/src/hotspot/share/interpreter/linkResolver.cpp, line 766]
Event: 0.732 Thread 0x00000001121dac00 Exception <a 'sun/nio/fs/UnixException'{0x0000000786e10a68}> (0x0000000786e10a68) 
thrown [open/src/hotspot/share/prims/jni.cpp, line 516]
Event: 0.741 Thread 0x00000001121dac00 Implicit null exception at 0x0000000137b12894 to 0x0000000137b12de4
Event: 0.741 Thread 0x00000001121dac00 Implicit null exception at 0x0000000137b11198 to 0x0000000137b1168c
Event: 0.795 Thread 0x00000001121dac00 Exception <a 'java/lang/NoSuchMethodError'{0x0000000786af5b48}: 'int java.lang.invoke.DirectMethodHandle$Holder.invokeStaticInit(java.lang.Object, java.lang.Object)'> (0x0000000786af5b48) 
thrown [open/src/hotspot/share/interpreter/linkResolver.cpp, line 766]
Event: 0.816 Thread 0x00000001121dac00 Exception <a 'java/lang/NoSuchMethodError'{0x00000007863580e0}: 'void java.lang.invoke.DirectMethodHandle$Holder.invokeSpecial(java.lang.Object, java.lang.Object, java.lang.Object, java.lang.Object, java.lang.Object, java.lang.Object)'> (0x00000007863580e0) 
thrown [open/src/hotspot/share/interpreter/linkResolver.cpp, line 766]
Event: 0.827 Thread 0x00000001121dac00 Exception <a 'java/lang/NoSuchMethodError'{0x0000000786267aa8}: 'java.lang.Object java.lang.invoke.DirectMethodHandle$Holder.invokeInterface(java.lang.Object, java.lang.Object, java.lang.Object)'> (0x0000000786267aa8) 
thrown [open/src/hotspot/share/interpreter/linkResolver.cpp, line 766]
Event: 0.827 Thread 0x00000001121dac00 Exception <a 'java/lang/IncompatibleClassChangeError'{0x000000078626b430}: Found class java.lang.Object, but interface was expected> (0x000000078626b430) 
thrown [open/src/hotspot/share/interpreter/linkResolver.cpp, line 833]
Event: 0.958 Thread 0x00000001121dac00 Exception <a 'java/lang/ClassNotFoundException'{0x0000000785c505b0}: com/sun/javafx/scene/control/skin/resources/controls> (0x0000000785c505b0) 
thrown [open/src/hotspot/share/prims/jni.cpp, line 535]
Event: 0.959 Thread 0x00000001121dac00 Exception <a 'java/lang/ClassNotFoundException'{0x0000000785c5e560}: com/sun/javafx/scene/control/skin/resources/controls_zh> (0x0000000785c5e560) 
thrown [open/src/hotspot/share/prims/jni.cpp, line 535]
Event: 0.959 Thread 0x00000001121dac00 Exception <a 'java/lang/ClassNotFoundException'{0x0000000785c5f508}: com/sun/javafx/scene/control/skin/resources/controls_zh_TW> (0x0000000785c5f508) 
thrown [open/src/hotspot/share/prims/jni.cpp, line 535]
Event: 0.959 Thread 0x00000001121dac00 Exception <a 'java/lang/ClassNotFoundException'{0x0000000785c6d8a0}: com/sun/javafx/scene/control/skin/resources/controls_zh_Hant> (0x0000000785c6d8a0) 
thrown [open/src/hotspot/share/prims/jni.cpp, line 535]
Event: 0.959 Thread 0x00000001121dac00 Exception <a 'java/lang/ClassNotFoundException'{0x0000000785c6e850}: com/sun/javafx/scene/control/skin/resources/controls_zh_Hant_TW> (0x0000000785c6e850) 
thrown [open/src/hotspot/share/prims/jni.cpp, line 535]
Event: 1.125 Thread 0x00000001121dac00 Exception <a 'java/lang/NoSuchMethodError'{0x0000000787f2c1d0}: 'long java.lang.invoke.DirectMethodHandle$Holder.invokeStatic(java.lang.Object, java.lang.Object, java.lang.Object)'> (0x0000000787f2c1d0) 
thrown [open/src/hotspot/share/interpreter/linkResolver.cpp, line 766]
Event: 1.125 Thread 0x00000001121dac00 Exception <a 'java/lang/NoSuchMethodError'{0x0000000787f2f978}: 'long java.lang.invoke.DirectMethodHandle$Holder.invokeStaticInit(java.lang.Object, java.lang.Object, java.lang.Object)'> (0x0000000787f2f978) 
thrown [open/src/hotspot/share/interpreter/linkResolver.cpp, line 766]
Event: 1.126 Thread 0x00000001121dac00 Exception <a 'java/lang/NoSuchMethodError'{0x0000000787f47580}: 'java.lang.Object java.lang.invoke.DirectMethodHandle$Holder.newInvokeSpecial(java.lang.Object, java.lang.Object, long)'> (0x0000000787f47580) 
thrown [open/src/hotspot/share/interpreter/linkResolver.cpp, line 766]
Event: 1.127 Thread 0x00000001121dac00 Exception <a 'java/lang/NoSuchMethodError'{0x0000000787f4ae48}: 'java.lang.Object java.lang.invoke.Invokers$Holder.linkToTargetMethod(java.lang.Object, long, java.lang.Object)'> (0x0000000787f4ae48) 
thrown [open/src/hotspot/share/interpreter/linkResolver.cpp, line 766]
Event: 1.192 Thread 0x0000000121111a00 Exception <a 'java/lang/NoSuchMethodError'{0x0000000787b0a2d0}: 'java.lang.Object java.lang.invoke.DirectMethodHandle$Holder.invokeStaticInit(java.lang.Object, int)'> (0x0000000787b0a2d0) 
thrown [open/src/hotspot/share/interpreter/linkResolver.cpp, line 766]

VM Operations (20 events):
Event: 0.094 Executing VM operation: ChangeBreakpoints
Event: 0.094 Executing VM operation: ChangeBreakpoints done
Event: 0.566 Executing VM operation: G1CollectForAllocation
Event: 0.569 Executing VM operation: G1CollectForAllocation done
Event: 0.569 Executing VM operation: Cleanup
Event: 0.569 Executing VM operation: Cleanup done
Event: 0.637 Executing VM operation: HandshakeAllThreads
Event: 0.637 Executing VM operation: HandshakeAllThreads done
Event: 0.721 Executing VM operation: HandshakeAllThreads
Event: 0.721 Executing VM operation: HandshakeAllThreads done
Event: 0.723 Executing VM operation: ICBufferFull
Event: 0.724 Executing VM operation: ICBufferFull done
Event: 0.927 Executing VM operation: ICBufferFull
Event: 0.927 Executing VM operation: ICBufferFull done
Event: 0.989 Executing VM operation: ICBufferFull
Event: 0.991 Executing VM operation: ICBufferFull done
Event: 1.043 Executing VM operation: ICBufferFull
Event: 1.043 Executing VM operation: ICBufferFull done
Event: 1.117 Executing VM operation: G1CollectForAllocation
Event: 1.121 Executing VM operation: G1CollectForAllocation done

Events (20 events):
Event: 1.157 loading class sun/misc/Unsafe
Event: 1.157 loading class sun/misc/Unsafe done
Event: 1.157 loading class jdk/internal/reflect/UnsafeQualifiedStaticObjectFieldAccessorImpl
Event: 1.157 loading class jdk/internal/reflect/UnsafeQualifiedStaticFieldAccessorImpl
Event: 1.157 loading class jdk/internal/reflect/UnsafeQualifiedStaticFieldAccessorImpl done
Event: 1.157 loading class jdk/internal/reflect/UnsafeQualifiedStaticObjectFieldAccessorImpl done
Event: 1.162 loading class com/sun/marlin/OffHeapArray
Event: 1.162 loading class com/sun/marlin/OffHeapArray done
Event: 1.177 loading class com/sun/scenario/effect/FilterContext
Event: 1.177 loading class com/sun/scenario/effect/FilterContext done
Event: 1.177 loading class com/sun/scenario/effect/FilterContext
Event: 1.177 loading class com/sun/scenario/effect/FilterContext done
Event: 1.177 loading class com/sun/scenario/effect/impl/Renderer
Event: 1.177 loading class com/sun/scenario/effect/impl/Renderer done
Event: 1.192 loading class jdk/internal/misc/ScopedMemoryAccess$Scope
Event: 1.192 loading class jdk/internal/misc/ScopedMemoryAccess$Scope done
Event: 1.241 loading class com/sun/prism/impl/ps/CachingShapeRepState$CacheEntry
Event: 1.241 loading class com/sun/prism/impl/ps/CachingShapeRepState$CacheEntry done
Event: 1.241 loading class com/sun/prism/impl/ps/CachingShapeRepState$CacheEntry
Event: 1.241 loading class com/sun/prism/impl/ps/CachingShapeRepState$CacheEntry done


Dynamic libraries:
0x00000001002ac000 	/Library/Java/JavaVirtualMachines/jdk-17.0.1.jdk/Contents/Home/lib/libjli.dylib
0x00000001cd1be000 	/usr/lib/libz.1.dylib
0x00000001cd26e000 	/usr/lib/libSystem.B.dylib
0x00000001cd268000 	/usr/lib/system/libcache.dylib
0x00000001cd226000 	/usr/lib/system/libcommonCrypto.dylib
0x00000001cd24f000 	/usr/lib/system/libcompiler_rt.dylib
0x00000001cd246000 	/usr/lib/system/libcopyfile.dylib
0x00000001c2572000 	/usr/lib/system/libcorecrypto.dylib
0x00000001c2617000 	/usr/lib/system/libdispatch.dylib
0x00000001c27df000 	/usr/lib/system/libdyld.dylib
0x00000001cd25e000 	/usr/lib/system/libkeymgr.dylib
0x00000001cd208000 	/usr/lib/system/libmacho.dylib
0x00000001cc914000 	/usr/lib/system/libquarantine.dylib
0x00000001cd25b000 	/usr/lib/system/libremovefile.dylib
0x00000001c7961000 	/usr/lib/system/libsystem_asl.dylib
0x00000001c251c000 	/usr/lib/system/libsystem_blocks.dylib
0x00000001c269d000 	/usr/lib/system/libsystem_c.dylib
0x00000001cd253000 	/usr/lib/system/libsystem_collections.dylib
0x00000001cbd71000 	/usr/lib/system/libsystem_configuration.dylib
0x00000001caff7000 	/usr/lib/system/libsystem_containermanager.dylib
0x00000001ccf72000 	/usr/lib/system/libsystem_coreservices.dylib
0x00000001c4f04000 	/usr/lib/system/libsystem_darwin.dylib
0x00000001cd25f000 	/usr/lib/system/libsystem_dnssd.dylib
0x00000001c269a000 	/usr/lib/system/libsystem_featureflags.dylib
0x00000001c27f4000 	/usr/lib/system/libsystem_info.dylib
0x00000001cd1d0000 	/usr/lib/system/libsystem_m.dylib
0x00000001c25ec000 	/usr/lib/system/libsystem_malloc.dylib
0x00000001c78f2000 	/usr/lib/system/libsystem_networkextension.dylib
0x00000001c5357000 	/usr/lib/system/libsystem_notify.dylib
0x00000001d343b000 	/usr/lib/system/libsystem_product_info_filter.dylib
0x00000001cbd76000 	/usr/lib/system/libsystem_sandbox.dylib
0x00000001cd258000 	/usr/lib/system/libsystem_secinit.dylib
0x00000001c279c000 	/usr/lib/system/libsystem_kernel.dylib
0x00000001c27ec000 	/usr/lib/system/libsystem_platform.dylib
0x00000001c27d2000 	/usr/lib/system/libsystem_pthread.dylib
0x00000001c9097000 	/usr/lib/system/libsystem_symptoms.dylib
0x00000001c2558000 	/usr/lib/system/libsystem_trace.dylib
0x00000001cd233000 	/usr/lib/system/libunwind.dylib
0x00000001c251e000 	/usr/lib/system/libxpc.dylib
0x00000001c2782000 	/usr/lib/libc++abi.dylib
0x00000001c265e000 	/usr/lib/libobjc.A.dylib
0x00000001cd23e000 	/usr/lib/liboah.dylib
0x00000001c271e000 	/usr/lib/libc++.1.dylib
0x00000001d8e18000 	/System/Library/Frameworks/Cocoa.framework/Versions/A/Cocoa
0x00000001c53b6000 	/System/Library/Frameworks/AppKit.framework/Versions/C/AppKit
0x00000001c88d8000 	/System/Library/Frameworks/CoreData.framework/Versions/A/CoreData
0x00000001c3717000 	/System/Library/Frameworks/Foundation.framework/Versions/C/Foundation
0x00000001c6268000 	/System/Library/PrivateFrameworks/UIFoundation.framework/Versions/A/UIFoundation
0x00000001d3135000 	/System/Library/PrivateFrameworks/RemoteViewServices.framework/Versions/A/RemoteViewServices
0x00000001cb730000 	/System/Library/PrivateFrameworks/XCTTargetBootstrap.framework/Versions/A/XCTTargetBootstrap
0x00000001cef70000 	/System/Library/PrivateFrameworks/InternationalSupport.framework/Versions/A/InternationalSupport
0x00000001ceff9000 	/System/Library/PrivateFrameworks/UserActivity.framework/Versions/A/UserActivity
0x00000001ce49b000 	/usr/lib/libspindump.dylib
0x00000001c64d8000 	/System/Library/Frameworks/UniformTypeIdentifiers.framework/Versions/A/UniformTypeIdentifiers
0x00000001c9cbe000 	/usr/lib/libapp_launch_measurement.dylib
0x00000001c923b000 	/System/Library/PrivateFrameworks/CoreAnalytics.framework/Versions/A/CoreAnalytics
0x00000001c9cc1000 	/System/Library/PrivateFrameworks/CoreAutoLayout.framework/Versions/A/CoreAutoLayout
0x00000001cb034000 	/System/Library/Frameworks/Metal.framework/Versions/A/Metal
0x00000001cbd81000 	/usr/lib/liblangid.dylib
0x00000001cb734000 	/System/Library/PrivateFrameworks/CoreSVG.framework/Versions/A/CoreSVG
0x00000001c7995000 	/System/Library/PrivateFrameworks/SkyLight.framework/Versions/A/SkyLight
0x00000001c7d5d000 	/System/Library/Frameworks/CoreGraphics.framework/Versions/A/CoreGraphics
0x00000001d37ae000 	/System/Library/Frameworks/Accelerate.framework/Versions/A/Accelerate
0x00000001cdf10000 	/System/Library/PrivateFrameworks/IconServices.framework/Versions/A/IconServices
0x00000001cb016000 	/System/Library/Frameworks/IOSurface.framework/Versions/A/IOSurface
0x00000001c926b000 	/usr/lib/libDiagnosticMessagesClient.dylib
0x00000001d6be6000 	/System/Library/Frameworks/ApplicationServices.framework/Versions/A/ApplicationServices
0x00000001cb718000 	/System/Library/PrivateFrameworks/DFRFoundation.framework/Versions/A/DFRFoundation
0x00000001c4c59000 	/usr/lib/libicucore.A.dylib
0x00000001cfd6d000 	/System/Library/Frameworks/AudioToolbox.framework/Versions/A/AudioToolbox
0x00000001cef7c000 	/System/Library/PrivateFrameworks/DataDetectorsCore.framework/Versions/A/DataDetectorsCore
0x00000001e4f98000 	/System/Library/PrivateFrameworks/TextInput.framework/Versions/A/TextInput
0x00000001c790c000 	/usr/lib/libMobileGestalt.dylib
0x00000001cb3e8000 	/System/Library/Frameworks/Carbon.framework/Versions/A/Frameworks/HIToolbox.framework/Versions/A/HIToolbox
0x00000001c96c8000 	/System/Library/Frameworks/QuartzCore.framework/Versions/A/QuartzCore
0x00000001c48d6000 	/System/Library/Frameworks/Security.framework/Versions/A/Security
0x00000001d3175000 	/System/Library/Frameworks/Carbon.framework/Versions/A/Frameworks/SpeechRecognition.framework/Versions/A/SpeechRecognition
0x00000001c9a15000 	/System/Library/PrivateFrameworks/CoreUI.framework/Versions/A/CoreUI
0x00000001c41a9000 	/System/Library/Frameworks/CoreAudio.framework/Versions/A/CoreAudio
0x00000001c935b000 	/System/Library/Frameworks/DiskArbitration.framework/Versions/A/DiskArbitration
0x00000001ce883000 	/System/Library/PrivateFrameworks/MultitouchSupport.framework/Versions/A/MultitouchSupport
0x00000001c790a000 	/usr/lib/libenergytrace.dylib
0x00000001c5282000 	/System/Library/Frameworks/IOKit.framework/Versions/A/IOKit
0x00000001d355c000 	/System/Library/Frameworks/CoreServices.framework/Versions/A/CoreServices
0x00000001c9c4e000 	/System/Library/PrivateFrameworks/PerformanceAnalysis.framework/Versions/A/PerformanceAnalysis
0x00000002237bd000 	/System/Library/Frameworks/OpenGL.framework/Versions/A/OpenGL
0x00000001cc834000 	/System/Library/PrivateFrameworks/MobileKeyBag.framework/Versions/A/MobileKeyBag
0x00000001c836d000 	/System/Library/Frameworks/ColorSync.framework/Versions/A/ColorSync
0x00000001c2820000 	/System/Library/Frameworks/CoreFoundation.framework/Versions/A/CoreFoundation
0x00000001cb9b5000 	/System/Library/Frameworks/CoreImage.framework/Versions/A/CoreImage
0x00000001c3fcc000 	/System/Library/Frameworks/CoreText.framework/Versions/A/CoreText
0x00000001cb764000 	/System/Library/Frameworks/ImageIO.framework/Versions/A/ImageIO
0x00000001cd274000 	/System/Library/PrivateFrameworks/SoftLinking.framework/Versions/A/SoftLinking
0x00000001c9d0b000 	/usr/lib/libxml2.2.dylib
0x00000001cd50c000 	/usr/lib/libcompression.dylib
0x00000001ceec9000 	/System/Library/PrivateFrameworks/TextureIO.framework/Versions/A/TextureIO
0x00000001cdc2a000 	/usr/lib/libate.dylib
0x00000001cdaf2000 	/usr/lib/liblzma.5.dylib
0x00000001c3408000 	/System/Library/Frameworks/SystemConfiguration.framework/Versions/A/SystemConfiguration
0x00000001cd270000 	/usr/lib/libfakelink.dylib
0x00000001c743a000 	/System/Library/Frameworks/CFNetwork.framework/Versions/A/CFNetwork
0x00000001cd3b7000 	/usr/lib/libarchive.2.dylib
0x00000001cbd7d000 	/System/Library/PrivateFrameworks/AppleSystemInfo.framework/Versions/A/AppleSystemInfo
0x00000001cc93e000 	/usr/lib/libbsm.0.dylib
0x00000001c6977000 	/usr/lib/libnetwork.dylib
0x00000001cd20e000 	/usr/lib/system/libkxld.dylib
0x00000001cc556000 	/System/Library/PrivateFrameworks/IOMobileFramebuffer.framework/Versions/A/IOMobileFramebuffer
0x000000023f0e8000 	/usr/lib/libCoreEntitlements.dylib
0x00000001ccf54000 	/System/Library/PrivateFrameworks/AppleFSCompression.framework/Versions/A/AppleFSCompression
0x00000001cc927000 	/usr/lib/libcoretls.dylib
0x00000001cdb0b000 	/usr/lib/libcoretls_cfhelpers.dylib
0x00000001cd507000 	/usr/lib/libpam.2.dylib
0x00000001c8cbf000 	/usr/lib/libsqlite3.dylib
0x00000001cdb73000 	/usr/lib/libxar.1.dylib
0x00000001ccf65000 	/usr/lib/libbz2.1.0.dylib
0x00000001cd275000 	/usr/lib/libpcap.A.dylib
0x00000001c908e000 	/usr/lib/libdns_services.dylib
0x00000001cd4da000 	/usr/lib/libapple_nghttp2.dylib
0x00000001cd2b2000 	/usr/lib/libiconv.2.dylib
0x00000001cd207000 	/usr/lib/libcharset.1.dylib
0x00000001c9c8a000 	/System/Library/Frameworks/CoreServices.framework/Versions/A/Frameworks/FSEvents.framework/Versions/A/FSEvents
0x00000001c4f0f000 	/System/Library/Frameworks/CoreServices.framework/Versions/A/Frameworks/CarbonCore.framework/Versions/A/CarbonCore
0x00000001c92be000 	/System/Library/Frameworks/CoreServices.framework/Versions/A/Frameworks/Metadata.framework/Versions/A/Metadata
0x00000001ccf78000 	/System/Library/Frameworks/CoreServices.framework/Versions/A/Frameworks/OSServices.framework/Versions/A/OSServices
0x00000001cd43c000 	/System/Library/Frameworks/CoreServices.framework/Versions/A/Frameworks/SearchKit.framework/Versions/A/SearchKit
0x00000001c901c000 	/System/Library/Frameworks/CoreServices.framework/Versions/A/Frameworks/AE.framework/Versions/A/AE
0x00000001c2d64000 	/System/Library/Frameworks/CoreServices.framework/Versions/A/Frameworks/LaunchServices.framework/Versions/A/LaunchServices
0x00000001cda9b000 	/System/Library/Frameworks/CoreServices.framework/Versions/A/Frameworks/DictionaryServices.framework/Versions/A/DictionaryServices
0x00000001c9c97000 	/System/Library/Frameworks/CoreServices.framework/Versions/A/Frameworks/SharedFileList.framework/Versions/A/SharedFileList
0x00000001cc917000 	/usr/lib/libCheckFix.dylib
0x00000001c7979000 	/System/Library/PrivateFrameworks/TCC.framework/Versions/A/TCC
0x00000001cbd83000 	/System/Library/PrivateFrameworks/CoreNLP.framework/Versions/A/CoreNLP
0x00000001c926e000 	/System/Library/PrivateFrameworks/MetadataUtilities.framework/Versions/A/MetadataUtilities
0x00000001c34c1000 	/usr/lib/libmecabra.dylib
0x00000001cc94f000 	/usr/lib/libmecab.dylib
0x00000001c348d000 	/usr/lib/libCRFSuite.dylib
0x00000001cc9ad000 	/usr/lib/libgermantok.dylib
0x00000001cd4b3000 	/usr/lib/libThaiTokenizer.dylib
0x00000001c9363000 	/System/Library/Frameworks/Accelerate.framework/Versions/A/Frameworks/vImage.framework/Versions/A/vImage
0x00000001d3533000 	/System/Library/Frameworks/Accelerate.framework/Versions/A/Frameworks/vecLib.framework/Versions/A/vecLib
0x00000001cdbb7000 	/System/Library/Frameworks/Accelerate.framework/Versions/A/Frameworks/vecLib.framework/Versions/A/libvMisc.dylib
0x00000001cc460000 	/System/Library/Frameworks/Accelerate.framework/Versions/A/Frameworks/vecLib.framework/Versions/A/libvDSP.dylib
0x00000001c30e7000 	/System/Library/Frameworks/Accelerate.framework/Versions/A/Frameworks/vecLib.framework/Versions/A/libBLAS.dylib
0x00000001cd5db000 	/System/Library/Frameworks/Accelerate.framework/Versions/A/Frameworks/vecLib.framework/Versions/A/libLAPACK.dylib
0x00000001cc9b0000 	/System/Library/Frameworks/Accelerate.framework/Versions/A/Frameworks/vecLib.framework/Versions/A/libLinearAlgebra.dylib
0x00000001cd4f2000 	/System/Library/Frameworks/Accelerate.framework/Versions/A/Frameworks/vecLib.framework/Versions/A/libSparseBLAS.dylib
0x00000001cd5d6000 	/System/Library/Frameworks/Accelerate.framework/Versions/A/Frameworks/vecLib.framework/Versions/A/libQuadrature.dylib
0x00000001cbe7a000 	/System/Library/Frameworks/Accelerate.framework/Versions/A/Frameworks/vecLib.framework/Versions/A/libBNNS.dylib
0x00000001c33a5000 	/System/Library/Frameworks/Accelerate.framework/Versions/A/Frameworks/vecLib.framework/Versions/A/libSparse.dylib
0x00000001cbe72000 	/System/Library/PrivateFrameworks/LinguisticData.framework/Versions/A/LinguisticData
0x00000001c335b000 	/System/Library/PrivateFrameworks/Lexicon.framework/Versions/A/Lexicon
0x00000001cdbaf000 	/usr/lib/libChineseTokenizer.dylib
0x00000001c3b05000 	/System/Library/PrivateFrameworks/LanguageModeling.framework/Versions/A/LanguageModeling
0x00000001cd4b5000 	/System/Library/PrivateFrameworks/AppleSauce.framework/Versions/A/AppleSauce
0x00000001cc543000 	/System/Library/PrivateFrameworks/CoreEmoji.framework/Versions/A/CoreEmoji
0x00000001cd3a5000 	/usr/lib/libcmph.dylib
0x00000001c9c6a000 	/System/Library/Frameworks/OpenDirectory.framework/Versions/A/Frameworks/CFOpenDirectory.framework/Versions/A/CFOpenDirectory
0x00000001c9c5a000 	/System/Library/Frameworks/OpenDirectory.framework/Versions/A/OpenDirectory
0x00000001cdb0d000 	/System/Library/PrivateFrameworks/APFS.framework/Versions/A/APFS
0x00000001cc86f000 	/System/Library/Frameworks/SecurityFoundation.framework/Versions/A/SecurityFoundation
0x00000001cdb81000 	/usr/lib/libutil.dylib
0x00000001c5244000 	/System/Library/PrivateFrameworks/CoreServicesStore.framework/Versions/A/CoreServicesStore
0x00000001cdb85000 	/usr/lib/libxslt.1.dylib
0x00000001cc903000 	/System/Library/PrivateFrameworks/BackgroundTaskManagement.framework/Versions/A/BackgroundTaskManagement
0x00000001cedea000 	/System/Library/Frameworks/ImageIO.framework/Versions/A/Resources/libRadiance.dylib
0x00000001cedf3000 	/System/Library/Frameworks/ImageIO.framework/Versions/A/Resources/libJPEG.dylib
0x00000001ced45000 	/System/Library/Frameworks/ImageIO.framework/Versions/A/Resources/libPng.dylib
0x00000001ced67000 	/System/Library/Frameworks/ImageIO.framework/Versions/A/Resources/libTIFF.dylib
0x00000001cee4e000 	/System/Library/Frameworks/ImageIO.framework/Versions/A/Resources/libGIF.dylib
0x00000001ce793000 	/System/Library/Frameworks/ImageIO.framework/Versions/A/Resources/libJP2.dylib
0x00000001cded6000 	/usr/lib/libexpat.1.dylib
0x00000001ce74e000 	/System/Library/PrivateFrameworks/AppleJPEG.framework/Versions/A/AppleJPEG
0x00000001cb2a7000 	/System/Library/PrivateFrameworks/FontServices.framework/libFontParser.dylib
0x00000001c8fc1000 	/System/Library/PrivateFrameworks/RunningBoardServices.framework/Versions/A/RunningBoardServices
0x00000001d9483000 	/System/Library/PrivateFrameworks/IOSurfaceAccelerator.framework/Versions/A/IOSurfaceAccelerator
0x00000001ce87f000 	/System/Library/PrivateFrameworks/WatchdogClient.framework/Versions/A/WatchdogClient
0x00000001c3c09000 	/System/Library/Frameworks/CoreDisplay.framework/Versions/A/CoreDisplay
0x00000001cb196000 	/System/Library/Frameworks/CoreMedia.framework/Versions/A/CoreMedia
0x00000001cb02a000 	/System/Library/PrivateFrameworks/IOAccelerator.framework/Versions/A/IOAccelerator
0x00000001c9df8000 	/System/Library/Frameworks/CoreVideo.framework/Versions/A/CoreVideo
0x00000001cd505000 	/System/Library/Frameworks/MetalPerformanceShaders.framework/Versions/A/MetalPerformanceShaders
0x00000001ce8bc000 	/System/Library/Frameworks/VideoToolbox.framework/Versions/A/VideoToolbox
0x00000001c8f05000 	/System/Library/PrivateFrameworks/BaseBoard.framework/Versions/A/BaseBoard
0x00000001c8ca4000 	/System/Library/PrivateFrameworks/ProtocolBuffer.framework/Versions/A/ProtocolBuffer
0x00000001cede5000 	/System/Library/PrivateFrameworks/GPUWrangler.framework/Versions/A/GPUWrangler
0x00000001cedc4000 	/System/Library/PrivateFrameworks/IOPresentment.framework/Versions/A/IOPresentment
0x00000001ceded000 	/System/Library/PrivateFrameworks/DSExternalDisplay.framework/Versions/A/DSExternalDisplay
0x00000002237b0000 	/System/Library/Frameworks/OpenGL.framework/Versions/A/Libraries/libCoreFSCache.dylib
0x000000022ceca000 	/System/Library/PrivateFrameworks/GPUCompiler.framework/Versions/31001/Libraries/libGPUCompilerUtils.dylib
0x00000001cee53000 	/System/Library/PrivateFrameworks/CMCaptureCore.framework/Versions/A/CMCaptureCore
0x00000001ce489000 	/System/Library/PrivateFrameworks/AppServerSupport.framework/Versions/A/AppServerSupport
0x00000001d0628000 	/System/Library/PrivateFrameworks/perfdata.framework/Versions/A/perfdata
0x00000001c3d29000 	/System/Library/PrivateFrameworks/AudioToolboxCore.framework/Versions/A/AudioToolboxCore
0x00000001cb16e000 	/System/Library/PrivateFrameworks/caulk.framework/Versions/A/caulk
0x00000001cff1d000 	/usr/lib/libAudioStatistics.dylib
0x00000001e1736000 	/System/Library/PrivateFrameworks/SystemPolicy.framework/Versions/A/SystemPolicy
0x00000001d017d000 	/usr/lib/libSMC.dylib
0x00000001d8cfa000 	/System/Library/Frameworks/CoreMIDI.framework/Versions/A/CoreMIDI
0x00000001ced13000 	/usr/lib/libAudioToolboxUtility.dylib
0x00000001ddbdc000 	/System/Library/PrivateFrameworks/OSAServicesClient.framework/Versions/A/OSAServicesClient
0x00000001d0635000 	/usr/lib/libperfcheck.dylib
0x00000001e2239000 	/usr/lib/libmis.dylib
0x0000000223811000 	/System/Library/Frameworks/OpenGL.framework/Versions/A/Libraries/libGLU.dylib
0x00000002237d0000 	/System/Library/Frameworks/OpenGL.framework/Versions/A/Libraries/libGFXShared.dylib
0x00000002239ba000 	/System/Library/Frameworks/OpenGL.framework/Versions/A/Libraries/libGL.dylib
0x00000002237d9000 	/System/Library/Frameworks/OpenGL.framework/Versions/A/Libraries/libGLImage.dylib
0x00000002237cd000 	/System/Library/Frameworks/OpenGL.framework/Versions/A/Libraries/libCVMSPluginSupport.dylib
0x00000002237b7000 	/System/Library/Frameworks/OpenGL.framework/Versions/A/Libraries/libCoreVMClient.dylib
0x00000001cbcff000 	/System/Library/Frameworks/MetalPerformanceShaders.framework/Versions/A/Frameworks/MPSCore.framework/Versions/A/MPSCore
0x00000001ccec7000 	/System/Library/Frameworks/MetalPerformanceShaders.framework/Versions/A/Frameworks/MPSImage.framework/Versions/A/MPSImage
0x00000001cc9c5000 	/System/Library/Frameworks/MetalPerformanceShaders.framework/Versions/A/Frameworks/MPSNeuralNetwork.framework/Versions/A/MPSNeuralNetwork
0x00000001cce02000 	/System/Library/Frameworks/MetalPerformanceShaders.framework/Versions/A/Frameworks/MPSMatrix.framework/Versions/A/MPSMatrix
0x00000001ccbdd000 	/System/Library/Frameworks/MetalPerformanceShaders.framework/Versions/A/Frameworks/MPSRayIntersector.framework/Versions/A/MPSRayIntersector
0x00000001cce33000 	/System/Library/Frameworks/MetalPerformanceShaders.framework/Versions/A/Frameworks/MPSNDArray.framework/Versions/A/MPSNDArray
0x00000002254cc000 	/System/Library/Frameworks/MetalPerformanceShaders.framework/Versions/A/Frameworks/MPSFunctions.framework/Versions/A/MPSFunctions
0x00000001c2fc5000 	/System/Library/PrivateFrameworks/MetalTools.framework/Versions/A/MetalTools
0x00000001cbd7b000 	/System/Library/PrivateFrameworks/AggregateDictionary.framework/Versions/A/AggregateDictionary
0x00000001cdcbc000 	/usr/lib/libIOReport.dylib
0x00000001d7ce8000 	/System/Library/PrivateFrameworks/ASEProcessing.framework/Versions/A/ASEProcessing
0x00000001ce02e000 	/System/Library/PrivateFrameworks/FaceCore.framework/Versions/A/FaceCore
0x00000001ce020000 	/System/Library/PrivateFrameworks/GraphVisualizer.framework/Versions/A/GraphVisualizer
0x000000022cde1000 	/System/Library/PrivateFrameworks/FontServices.framework/Versions/A/FontServices
0x00000001ce443000 	/System/Library/PrivateFrameworks/OTSVG.framework/Versions/A/OTSVG
0x00000001c99c6000 	/System/Library/Frameworks/ApplicationServices.framework/Versions/A/Frameworks/ATS.framework/Versions/A/Resources/libFontRegistry.dylib
0x00000001ce492000 	/System/Library/PrivateFrameworks/FontServices.framework/libhvf.dylib
0x000000022cde2000 	/System/Library/PrivateFrameworks/FontServices.framework/libXTFontStaticRegistryData.dylib
0x0000000223b5c000 	/System/Library/Frameworks/OpenCL.framework/Versions/A/OpenCL
0x00000001cde8a000 	/System/Library/PrivateFrameworks/AppleVA.framework/Versions/A/AppleVA
0x00000001cff45000 	/System/Library/Frameworks/ApplicationServices.framework/Versions/A/Frameworks/ATS.framework/Versions/A/ATS
0x00000001c846a000 	/System/Library/Frameworks/ApplicationServices.framework/Versions/A/Frameworks/HIServices.framework/Versions/A/HIServices
0x00000001cee5d000 	/System/Library/Frameworks/ApplicationServices.framework/Versions/A/Frameworks/PrintCore.framework/Versions/A/PrintCore
0x00000001d02d0000 	/System/Library/Frameworks/ApplicationServices.framework/Versions/A/Frameworks/QD.framework/Versions/A/QD
0x00000001d02c8000 	/System/Library/Frameworks/ApplicationServices.framework/Versions/A/Frameworks/ColorSyncLegacy.framework/Versions/A/ColorSyncLegacy
0x00000001cff31000 	/System/Library/Frameworks/ApplicationServices.framework/Versions/A/Frameworks/SpeechSynthesis.framework/Versions/A/SpeechSynthesis
0x00000001cee1e000 	/System/Library/Frameworks/ApplicationServices.framework/Versions/A/Frameworks/ATSUI.framework/Versions/A/ATSUI
0x00000001d025d000 	/usr/lib/libcups.2.dylib
0x00000001d0643000 	/System/Library/Frameworks/Kerberos.framework/Versions/A/Kerberos
0x00000001d0654000 	/System/Library/Frameworks/GSS.framework/Versions/A/GSS
0x00000001cffb4000 	/usr/lib/libresolv.9.dylib
0x00000001ce4a0000 	/System/Library/PrivateFrameworks/Heimdal.framework/Versions/A/Heimdal
0x00000001d6f5c000 	/System/Library/Frameworks/Kerberos.framework/Versions/A/Libraries/libHeimdalProxy.dylib
0x00000001c90a0000 	/System/Library/Frameworks/Network.framework/Versions/A/Network
0x00000001cdef1000 	/usr/lib/libheimdal-asn1.dylib
0x00000001d069a000 	/System/Library/PrivateFrameworks/CommonAuth.framework/Versions/A/CommonAuth
0x00000001cfeab000 	/System/Library/PrivateFrameworks/AudioSession.framework/Versions/A/AudioSession
0x00000001cdf82000 	/System/Library/PrivateFrameworks/MediaExperience.framework/Versions/A/MediaExperience
0x00000001cfd33000 	/System/Library/PrivateFrameworks/AudioSession.framework/libSessionUtility.dylib
0x00000001d02dc000 	/System/Library/PrivateFrameworks/AudioResourceArbitration.framework/Versions/A/AudioResourceArbitration
0x00000001cdefa000 	/System/Library/PrivateFrameworks/IconFoundation.framework/Versions/A/IconFoundation
0x00000001d3161000 	/System/Library/PrivateFrameworks/SpeechRecognitionCore.framework/Versions/A/SpeechRecognitionCore
0x00000002068da000 	/System/Library/CoreServices/Encodings/libTraditionalChineseConverter.dylib
0x00000001012fc000 	/Library/Java/JavaVirtualMachines/jdk-17.0.1.jdk/Contents/Home/lib/server/libjvm.dylib
0x0000000100310000 	/Library/Java/JavaVirtualMachines/jdk-17.0.1.jdk/Contents/Home/lib/libjimage.dylib
0x0000000100458000 	/Library/Java/JavaVirtualMachines/jdk-17.0.1.jdk/Contents/Home/lib/libjdwp.dylib
0x0000000100410000 	/Library/Java/JavaVirtualMachines/jdk-17.0.1.jdk/Contents/Home/lib/libjava.dylib
0x000000010033c000 	/Library/Java/JavaVirtualMachines/jdk-17.0.1.jdk/Contents/Home/lib/libinstrument.dylib
0x00000001012d8000 	/Library/Java/JavaVirtualMachines/jdk-17.0.1.jdk/Contents/Home/lib/libnio.dylib
0x0000000110500000 	/Library/Java/JavaVirtualMachines/jdk-17.0.1.jdk/Contents/Home/lib/libnet.dylib
0x000000010f9c8000 	/Library/Java/JavaVirtualMachines/jdk-17.0.1.jdk/Contents/Home/lib/libzip.dylib
0x00000001012b8000 	/Library/Java/JavaVirtualMachines/jdk-17.0.1.jdk/Contents/Home/lib/libdt_socket.dylib
0x0000000110524000 	/Library/Java/JavaVirtualMachines/jdk-17.0.1.jdk/Contents/Home/lib/libverify.dylib
0x0000000110540000 	/Users/sean/.openjfx/cache/17.0.0.1/libprism_es2.dylib
0x00000001c5207000 	/System/Library/PrivateFrameworks/CoreServicesInternal.framework/Versions/A/CoreServicesInternal
0x00000002239c4000 	/System/Library/Frameworks/OpenGL.framework/Versions/A/Resources/GLEngine.bundle/GLEngine
0x000000022384b000 	/System/Library/Frameworks/OpenGL.framework/Versions/A/Libraries/libGLProgrammability.dylib
0x0000000110a34000 	/System/Library/Extensions/AppleMetalOpenGLRenderer.bundle/Contents/MacOS/AppleMetalOpenGLRenderer
0x0000000223b33000 	/System/Library/Frameworks/OpenGL.framework/Versions/A/Resources/GLRendererFloat.bundle/GLRendererFloat
0x0000000223bd4000 	/System/Library/Extensions/AGXMetal13_3.bundle/Contents/MacOS/AGXMetal13_3
0x00000001e2255000 	/System/Library/PrivateFrameworks/GPURawCounter.framework/Versions/A/GPURawCounter
0x00000001dcd2a000 	/System/Library/PrivateFrameworks/IOGPU.framework/Versions/A/IOGPU
0x0000000110acc000 	/Users/sean/.openjfx/cache/17.0.0.1/libglass.dylib
0x00000001d4601000 	/System/Library/Frameworks/FileProvider.framework/Versions/A/FileProvider
0x00000001c8e6d000 	/System/Library/Frameworks/Accounts.framework/Versions/A/Accounts
0x00000001d4781000 	/System/Library/PrivateFrameworks/GenerationalStorage.framework/Versions/A/GenerationalStorage
0x00000001d5331000 	/System/Library/PrivateFrameworks/CoreSymbolication.framework/Versions/A/CoreSymbolication
0x00000001d43a1000 	/System/Library/PrivateFrameworks/SymptomDiagnosticReporter.framework/Versions/A/SymptomDiagnosticReporter
0x00000001c64ec000 	/System/Library/PrivateFrameworks/DesktopServicesPriv.framework/Versions/A/DesktopServicesPriv
0x00000001c5366000 	/usr/lib/libsandbox.1.dylib
0x00000001c9e84000 	/System/Library/PrivateFrameworks/UserManagement.framework/Versions/A/UserManagement
0x00000001d52f2000 	/System/Library/PrivateFrameworks/DebugSymbols.framework/Versions/A/DebugSymbols
0x00000001d02bb000 	/System/Library/PrivateFrameworks/NetAuth.framework/Versions/A/NetAuth
0x00000001d11b9000 	/System/Library/PrivateFrameworks/Sharing.framework/Versions/A/Sharing
0x00000001c9e54000 	/System/Library/PrivateFrameworks/login.framework/Versions/A/Frameworks/loginsupport.framework/Versions/A/loginsupport
0x00000001d64a2000 	/System/Library/PrivateFrameworks/Apple80211.framework/Versions/A/Apple80211
0x00000001ccfab000 	/System/Library/PrivateFrameworks/AuthKit.framework/Versions/A/AuthKit
0x00000001cc642000 	/System/Library/PrivateFrameworks/CoreUtils.framework/Versions/A/CoreUtils
0x00000001cc562000 	/System/Library/Frameworks/CoreWLAN.framework/Versions/A/CoreWLAN
0x00000001d1322000 	/System/Library/Frameworks/IOBluetooth.framework/Versions/A/IOBluetooth
0x00000001d6502000 	/System/Library/PrivateFrameworks/CoreWiFi.framework/Versions/A/CoreWiFi
0x00000001d4ed9000 	/System/Library/PrivateFrameworks/FrontBoardServices.framework/Versions/A/FrontBoardServices
0x00000001d4f71000 	/System/Library/PrivateFrameworks/BoardServices.framework/Versions/A/BoardServices
0x00000001cc85d000 	/System/Library/PrivateFrameworks/AssertionServices.framework/Versions/A/AssertionServices
0x00000001d6670000 	/System/Library/PrivateFrameworks/BackBoardServices.framework/Versions/A/BackBoardServices
0x00000001d072d000 	/System/Library/PrivateFrameworks/CorePhoneNumbers.framework/Versions/A/CorePhoneNumbers
0x00000001d44d1000 	/System/Library/PrivateFrameworks/DiskManagement.framework/Versions/A/DiskManagement
0x00000001d43d4000 	/System/Library/PrivateFrameworks/AppleIDAuthSupport.framework/Versions/A/AppleIDAuthSupport
0x0000000227765000 	/System/Library/PrivateFrameworks/AAAFoundation.framework/Versions/A/AAAFoundation
0x00000001d070c000 	/System/Library/PrivateFrameworks/KeychainCircle.framework/Versions/A/KeychainCircle
0x00000001d449d000 	/System/Library/PrivateFrameworks/MediaKit.framework/Versions/A/MediaKit
0x00000001d43e1000 	/System/Library/Frameworks/DiscRecording.framework/Versions/A/DiscRecording
0x00000001cde06000 	/usr/lib/libCoreStorage.dylib
0x00000001d696a000 	/usr/lib/libcsfde.dylib
0x00000001d13f7000 	/System/Library/PrivateFrameworks/ProtectedCloudStorage.framework/Versions/A/ProtectedCloudStorage
0x00000001d6962000 	/System/Library/PrivateFrameworks/EFILogin.framework/Versions/A/EFILogin
0x00000001d47a8000 	/System/Library/PrivateFrameworks/OctagonTrust.framework/Versions/A/OctagonTrust
0x000000022c04c000 	/System/Library/PrivateFrameworks/CoreUtilsExtras.framework/Versions/A/CoreUtilsExtras
0x00000001d4313000 	/System/Library/Frameworks/CoreBluetooth.framework/Versions/A/CoreBluetooth
0x00000001d6fe1000 	/System/Library/Frameworks/AudioUnit.framework/Versions/A/AudioUnit
0x00000001cddfe000 	/usr/lib/libMatch.1.dylib
0x00000001e64bc000 	/System/Library/Frameworks/Accelerate.framework/Versions/A/Frameworks/vImage.framework/Versions/A/Libraries/libCGInterfaces.dylib
0x0000000110fe8000 	/usr/lib/libobjc-trampolines.dylib
0x000000023f262000 	/usr/lib/libRosetta.dylib
0x00000001c9b52000 	/System/Library/PrivateFrameworks/ViewBridge.framework/Versions/A/ViewBridge
0x00000001ce54e000 	/System/Library/PrivateFrameworks/login.framework/Versions/A/login
0x00000001cdcc5000 	/System/Library/PrivateFrameworks/CrashReporterSupport.framework/Versions/A/CrashReporterSupport
0x00000001eddcb000 	/System/Library/PrivateFrameworks/OSAnalytics.framework/Versions/A/OSAnalytics
0x00000001f8f1a000 	/System/Library/PrivateFrameworks/Symbolication.framework/Versions/A/Symbolication
0x00000001e2216000 	/System/Library/PrivateFrameworks/MallocStackLogging.framework/Versions/A/MallocStackLogging
0x0000000122958000 	/Users/sean/.openjfx/cache/17.0.0.1/libjavafx_font.dylib


VM Arguments:
jvm_args: -agentlib:jdwp=transport=dt_socket,address=127.0.0.1:57123,suspend=y,server=n -javaagent:/Users/sean/Library/Caches/JetBrains/IdeaIC2021.2/captureAgent/debugger-agent.jar -Dfile.encoding=UTF-8 --module-path=/Users/sean/Documents/GitHub/Meal-Ordering-System/FoodOrderingSystem/target/classes:/Users/sean/.m2/repository/org/openjfx/javafx-graphics/17.0.0.1/javafx-graphics-17.0.0.1-mac-aarch64.jar:/Users/sean/.m2/repository/org/openjfx/javafx-controls/17.0.0.1/javafx-controls-17.0.0.1-mac-aarch64.jar:/Users/sean/.m2/repository/org/openjfx/javafx-base/17.0.0.1/javafx-base-17.0.0.1-mac-aarch64.jar:/Users/sean/.m2/repository/org/openjfx/javafx-fxml/17.0.0.1/javafx-fxml-17.0.0.1-mac-aarch64.jar -Djdk.module.main=com.example.foodorderingsystem 
java_command: com.example.foodorderingsystem/com.example.foodorderingsystem.HelloApplication
java_class_path (initial): /Users/sean/.m2/repository/org/openjfx/javafx-controls/17.0.0.1/javafx-controls-17.0.0.1.jar:/Users/sean/.m2/repository/org/openjfx/javafx-graphics/17.0.0.1/javafx-graphics-17.0.0.1.jar:/Users/sean/.m2/repository/org/openjfx/javafx-base/17.0.0.1/javafx-base-17.0.0.1.jar:/Users/sean/.m2/repository/org/openjfx/javafx-fxml/17.0.0.1/javafx-fxml-17.0.0.1.jar:/Applications/IntelliJ IDEA CE.app/Contents/lib/idea_rt.jar
Launcher Type: SUN_STANDARD

[Global flags]
     intx CICompilerCount                          = 4                                         {product} {ergonomic}
     uint ConcGCThreads                            = 2                                         {product} {ergonomic}
     uint G1ConcRefinementThreads                  = 8                                         {product} {ergonomic}
   size_t G1HeapRegionSize                         = 1048576                                   {product} {ergonomic}
    uintx GCDrainStackTargetSize                   = 64                                        {product} {ergonomic}
   size_t InitialHeapSize                          = 134217728                                 {product} {ergonomic}
   size_t MarkStackSize                            = 4194304                                   {product} {ergonomic}
   size_t MaxHeapSize                              = 2147483648                                {product} {ergonomic}
   size_t MaxNewSize                               = 1287651328                                {product} {ergonomic}
   size_t MinHeapDeltaBytes                        = 1048576                                   {product} {ergonomic}
   size_t MinHeapSize                              = 8388608                                   {product} {ergonomic}
    uintx NonNMethodCodeHeapSize                   = 5839564                                {pd product} {ergonomic}
    uintx NonProfiledCodeHeapSize                  = 122909338                              {pd product} {ergonomic}
    uintx ProfiledCodeHeapSize                     = 122909338                              {pd product} {ergonomic}
    uintx ReservedCodeCacheSize                    = 251658240                              {pd product} {ergonomic}
     bool SegmentedCodeCache                       = true                                      {product} {ergonomic}
   size_t SoftMaxHeapSize                          = 2147483648                             {manageable} {ergonomic}
     bool UseCompressedClassPointers               = true                           {product lp64_product} {ergonomic}
     bool UseCompressedOops                        = true                           {product lp64_product} {ergonomic}
     bool UseG1GC                                  = true                                      {product} {ergonomic}
     bool UseNUMA                                  = false                                     {product} {ergonomic}
     bool UseNUMAInterleaving                      = false                                     {product} {ergonomic}

Logging:
Log output configuration:
 #0: stdout all=warning uptime,level,tags
 #1: stderr all=off uptime,level,tags

Environment Variables:
PATH=/usr/local/bin:/usr/bin:/bin:/usr/sbin:/sbin
SHELL=/bin/zsh
LC_CTYPE=zh_TW.UTF-8

Signal Handlers:
   SIGSEGV: _ZL13crash_handleriP9__siginfoPv in libjvm.dylib, mask=11100110000111110111111111111111, flags=SA_RESTART|SA_SIGINFO
    SIGBUS: _ZL13crash_handleriP9__siginfoPv in libjvm.dylib, mask=11100110000111110111111111111111, flags=SA_RESTART|SA_SIGINFO
    SIGFPE: _ZL13crash_handleriP9__siginfoPv in libjvm.dylib, mask=11100110000111110111111111111111, flags=SA_RESTART|SA_SIGINFO
   SIGPIPE: _ZL17javaSignalHandleriP9__siginfoPv in libjvm.dylib, mask=11100110000111110111111111111111, flags=SA_RESTART|SA_SIGINFO
   SIGXFSZ: _ZL17javaSignalHandleriP9__siginfoPv in libjvm.dylib, mask=11100110000111110111111111111111, flags=SA_RESTART|SA_SIGINFO
    SIGILL: _ZL13crash_handleriP9__siginfoPv in libjvm.dylib, mask=11100110000111110111111111111111, flags=SA_RESTART|SA_SIGINFO
   SIGUSR2: _ZL10SR_handleriP9__siginfoP17__darwin_ucontext in libjvm.dylib, mask=00100000000000000000000000000000, flags=SA_RESTART|SA_SIGINFO
    SIGHUP: _ZL11UserHandleriPvS_ in libjvm.dylib, mask=11100110000111110111111111111111, flags=SA_RESTART|SA_SIGINFO
    SIGINT: _ZL11UserHandleriPvS_ in libjvm.dylib, mask=11100110000111110111111111111111, flags=SA_RESTART|SA_SIGINFO
   SIGTERM: _ZL11UserHandleriPvS_ in libjvm.dylib, mask=11100110000111110111111111111111, flags=SA_RESTART|SA_SIGINFO
   SIGQUIT: _ZL11UserHandleriPvS_ in libjvm.dylib, mask=11100110000111110111111111111111, flags=SA_RESTART|SA_SIGINFO
   SIGTRAP: _ZL13crash_handleriP9__siginfoPv in libjvm.dylib, mask=11100110000111110111111111111111, flags=SA_RESTART|SA_SIGINFO


---------------  S Y S T E M  ---------------

OS:
uname: Darwin 21.1.0 Darwin Kernel Version 21.1.0: Wed Oct 13 17:33:24 PDT 2021; root:xnu-8019.41.5~1/RELEASE_ARM64_T8101 arm64
OS uptime: 10 days 7:06 hours
rlimit (soft/hard): STACK 8176k/65520k , CORE 0k/infinity , NPROC 1333/2000 , NOFILE 10240/infinity , AS infinity/infinity , CPU infinity/infinity , DATA infinity/infinity , FSIZE infinity/infinity , MEMLOCK infinity/infinity , RSS infinity/infinity
load average: 9.78 4.92 5.20

CPU: total 8 (initial active 8) 0x61:0x0:0x1b588bb3:0, fp, simd, crc, lse

Memory: 16k page, physical 8388608k(80848k free), swap 8388608k(1157376k free)

vm_info: Java HotSpot(TM) 64-Bit Server VM (17.0.1+12-LTS-39) for bsd-aarch64 JRE (17.0.1+12-LTS-39), built on Sep 27 2021 17:38:30 by "mach5one" with clang Apple LLVM 12.0.0 (clang-1200.0.32.29)

END.
