#
# A fatal error has been detected by the Java Runtime Environment:
#
#  SIGBUS (0xa) at pc=0x000000010a0fd4f0, pid=15044, tid=29455
#
# JRE version: Java(TM) SE Runtime Environment (17.0.1+12) (build 17.0.1+12-LTS-39)
# Java VM: Java HotSpot(TM) 64-Bit Server VM (17.0.1+12-LTS-39, mixed mode, sharing, tiered, compressed oops, compressed class ptrs, g1 gc, bsd-aarch64)
# Problematic frame:
# v  ~StubRoutines::SafeFetchN
#
# No core dump will be written. Core dumps have been disabled. To enable core dumping, try "ulimit -c unlimited" before starting Java again
#
# If you would like to submit a bug report, please visit:
#   https://bugreport.java.com/bugreport/crash.jsp
# The crash happened outside the Java Virtual Machine in native code.
# See problematic frame for where to report the bug.
#

---------------  S U M M A R Y ------------

Command Line: -javaagent:/Applications/IntelliJ IDEA CE.app/Contents/lib/idea_rt.jar=57093:/Applications/IntelliJ IDEA CE.app/Contents/bin -Dfile.encoding=UTF-8 --module-path=/Users/sean/.m2/repository/org/openjfx/javafx-base/17.0.0.1/javafx-base-17.0.0.1-mac-aarch64.jar:/Users/sean/.m2/repository/org/openjfx/javafx-controls/17.0.0.1/javafx-controls-17.0.0.1-mac-aarch64.jar:/Users/sean/.m2/repository/org/openjfx/javafx-graphics/17.0.0.1/javafx-graphics-17.0.0.1-mac-aarch64.jar:/Users/sean/.m2/repository/org/openjfx/javafx-fxml/17.0.0.1/javafx-fxml-17.0.0.1-mac-aarch64.jar:/Users/sean/Documents/GitHub/Meal-Ordering-System/FoodOrderingSystem/target/classes -Djdk.module.main=com.example.foodorderingsystem com.example.foodorderingsystem/com.example.foodorderingsystem.HelloApplication

Host: "MacBookPro17,1" arm64 1 MHz, 8 cores, 8G, Darwin 21.1.0, macOS 12.0.1 (21A559)
Time: Thu Dec 16 12:32:21 2021 CST elapsed time: 1.664217 seconds (0d 0h 0m 1s)

---------------  T H R E A D  ---------------

Current thread (0x0000000122a28200):  JavaThread "InvokeLaterDispatcher" daemon [_thread_in_native, id=29455, stack(0x0000000171f14000,0x0000000172117000)]

Stack: [0x0000000171f14000,0x0000000172117000],  sp=0x00000001721167b0,  free space=2057k
Native frames: (J=compiled Java code, j=interpreted, Vv=VM code, C=native code)
v  ~StubRoutines::SafeFetchN
V  [libjvm.dylib+0x79e208]  _ZN10OopStorage7releaseEPKP7oopDesc+0x20
V  [libjvm.dylib+0x4b8f30]  jni_DeleteGlobalRef+0xc4
C  [libglass.dylib+0xab08]  -[GlassRunnable dealloc]+0x34
C  [Foundation+0x85e0c]  -[_NSThreadPerformInfo dealloc]+0x30
C  [Foundation+0x525e8]  -[NSObject(NSThreadPerformAdditions) performSelectorOnMainThread:withObject:waitUntilDone:]+0x88
C  0x3a2100010a1058ac
j  com.sun.glass.ui.mac.MacApplication.submitForLaterInvocation(Ljava/lang/Runnable;)V+2 javafx.graphics
j  com.sun.glass.ui.InvokeLaterDispatcher.run()V+82 javafx.graphics
v  ~StubRoutines::call_stub
V  [libjvm.dylib+0x460588]  _ZN9JavaCalls11call_helperEP9JavaValueRK12methodHandleP17JavaCallArgumentsP10JavaThread+0x38c
V  [libjvm.dylib+0x45f5a4]  _ZN9JavaCalls12call_virtualEP9JavaValueP5KlassP6SymbolS5_P17JavaCallArgumentsP10JavaThread+0x11c
V  [libjvm.dylib+0x45f670]  _ZN9JavaCalls12call_virtualEP9JavaValue6HandleP5KlassP6SymbolS6_P10JavaThread+0x64
V  [libjvm.dylib+0x512ef0]  _ZL12thread_entryP10JavaThreadS0_+0xc4
V  [libjvm.dylib+0x8fc514]  _ZN10JavaThread17thread_main_innerEv+0x134
V  [libjvm.dylib+0x8fae3c]  _ZN6Thread8call_runEv+0x128
V  [libjvm.dylib+0x7a4df0]  _ZL19thread_native_entryP6Thread+0x158
C  [libsystem_pthread.dylib+0x74ec]  _pthread_start+0x94

Java frames: (J=compiled Java code, j=interpreted, Vv=VM code)
j  com.sun.glass.ui.mac.MacApplication._submitForLaterInvocation(Ljava/lang/Runnable;)V+0 javafx.graphics
j  com.sun.glass.ui.mac.MacApplication.submitForLaterInvocation(Ljava/lang/Runnable;)V+2 javafx.graphics
j  com.sun.glass.ui.InvokeLaterDispatcher.run()V+82 javafx.graphics
v  ~StubRoutines::call_stub

siginfo: si_signo: 10 (SIGBUS), si_code: 1 (BUS_ADRALN), si_addr: 0x000000010a0fd4f0

Register to memory mapping:

 x0=0x0000000126f06b88 is a global jni handle
 x1=0x0 is NULL
 x2=0x0000000786201100 is an oop: com.sun.glass.ui.InvokeLaterDispatcher$Future 
{0x0000000786201100} - klass: 'com/sun/glass/ui/InvokeLaterDispatcher$Future'
 - ---- fields (total size 3 words):
 - private 'done' 'Z' @12  true
 - private final 'runnable' 'Ljava/lang/Runnable;' @16  a 'com/sun/javafx/application/PlatformImpl$$Lambda$92+0x0000000800c821c8'{0x0000000785ba0d08} (f0b741a1)
 - final synthetic 'this$0' 'Lcom/sun/glass/ui/InvokeLaterDispatcher;' @20  a 'com/sun/glass/ui/InvokeLaterDispatcher'{0x00000007868156c0} (f0d02ad8)
 x3=0x0 is NULL
 x4=0x00000000000130a8 is an unknown value
 x5=0x0 is NULL
 x6=0x0 is NULL
 x7=0x0 is NULL
 x8=0x000000010a0fd4ec is at begin+0 in a stub
StubRoutines::SafeFetchN [0x000000010a0fd4ec, 0x000000010a0fd4f8] (12 bytes)
 x9=0x0 is NULL
x10=0x2010000030300000 is an unknown value
x11=0x0000000000000007 is an unknown value
x12=0x0 is NULL
x13=0x0000600003730af0 points into unknown readable memory: 0x45543c7473694c65 | 65 4c 69 73 74 3c 54 45
x14=0x0000000000000001 is an unknown value
x15=0x000000011f691f98: OBJC_CLASS_$_GlassRunnable+0 in /Users/sean/.openjfx/cache/17.0.0.1/libglass.dylib at 0x000000011f64c000
x16=0x000000018a5ac340: pthread_getspecific+0 in /usr/lib/system/libsystem_pthread.dylib at 0x000000018a5aa000
x17=0x0000600003d129a0 points into unknown readable memory: 0xfffffffffffffffe | fe ff ff ff ff ff ff ff
x18=0x0 is NULL
x19=0x00006000032080e0 points into unknown readable memory: 0x0000600001b04020 | 20 40 b0 01 00 60 00 00
x20=0x0000000126f06980 points into unknown readable memory: 0x90b6bf16eff9d1bb | bb d1 f9 ef 16 bf b6 90
x21=0x0000000126f06b88 is a global jni handle
x22=0x0000000122a28200 is a thread
x23=0x0000000000000001 is an unknown value
x24=0x0000000126f06b40 is a global jni handle
x25=0x00000001026295d8: _ZN12StubRoutines17_safefetchN_entryE+0 in /Library/Java/JavaVirtualMachines/jdk-17.0.1.jdk/Contents/Home/lib/server/libjvm.dylib at 0x0000000101a98000
x26=0x00000001205182c0 is pointing into metadata
x27=0x0 is NULL
x28=0x0000000122a28200 is a thread


Registers:
 x0=0x0000000126f06b88  x1=0x0000000000000000  x2=0x0000000786201100  x3=0x0000000000000000
 x4=0x00000000000130a8  x5=0x0000000000000000  x6=0x0000000000000000  x7=0x0000000000000000
 x8=0x000000010a0fd4ec  x9=0x0000000000000000 x10=0x2010000030300000 x11=0x0000000000000007
x12=0x0000000000000000 x13=0x0000600003730af0 x14=0x0000000000000001 x15=0x000000011f691f98
x16=0x000000018a5ac340 x17=0x0000600003d129a0 x18=0x0000000000000000 x19=0x00006000032080e0
x20=0x0000000126f06980 x21=0x0000000126f06b88 x22=0x0000000122a28200 x23=0x0000000000000001
x24=0x0000000126f06b40 x25=0x00000001026295d8 x26=0x00000001205182c0 x27=0x0000000000000000
x28=0x0000000122a28200  fp=0x00000001721167f0  lr=0x0000000102234fd8  sp=0x00000001721167b0
pc=0x000000010a0fd4f0 cpsr=0x0000000060001000
Top of Stack: (sp=0x00000001721167b0)
0x00000001721167b0:   00000001205182c0 0000000000000001
0x00000001721167c0:   00000001721169a8 0000600001b3a530
0x00000001721167d0:   0000000000000000 0000000126f06b70
0x00000001721167e0:   0000000126f06b70 00006000032080e0
0x00000001721167f0:   0000000172116830 0000000102236208
0x0000000172116800:   0000000000000001 0000000126f06b70
0x0000000172116810:   0000000000000000 0000000126f06b70
0x0000000172116820:   0000000000000001 00000001489acc00
0x0000000172116830:   0000000172116860 0000000101f50f30
0x0000000172116840:   0000600001b3a3d0 00000001d47d99f4
0x0000000172116850:   0000000000000000 0000600001b3a3d0
0x0000000172116860:   0000000172116890 000000011f656b08
0x0000000172116870:   42a22b22b24c0026 0000000000000000
0x0000000172116880:   0000000000000000 0000600000c11fc0
0x0000000172116890:   00000001721168d0 000000018b574e0c
0x00000001721168a0:   00000001721169a8 0000600001b3a530
0x00000001721168b0:   0000600001b3a3d0 42a22b22b24c0026
0x00000001721168c0:   0000000000000000 0000000000000000
0x00000001721168d0:   0000000172116910 076000018b5415e8
0x00000001721168e0:   00000001721169a8 000000010a1047c0
0x00000001721168f0:   0000000000000000 0000000102630f90
0x0000000172116900:   0000000172116920 000000010a103730
0x0000000172116910:   0000000172116980 3a2100010a1058ac
0x0000000172116920:   0000000172116920 0000000800986475
0x0000000172116930:   0000000172116930 0000000000000000
0x0000000172116940:   00000001721169a8 00000001205182c0
0x0000000172116950:   0000000786816c28 0000000000000000
0x0000000172116960:   0000000000000000 00000001204f7138
0x0000000172116970:   0000000000000000 0000000172116980
0x0000000172116980:   0000000172116a00 000000010a101fc8
0x0000000172116990:   0000000000000000 0000000000000000
0x00000001721169a0:   0000000786201100 0000000786816ca0 

Instructions: (pc=0x000000010a0fd4f0)
0x000000010a0fd3f0:   f2a04be9 f2c00029 6d425935 1e640886
0x000000010a0fd400:   0c402d31 1e6408c7 1f5654d0 1e6c1017
0x000000010a0fd410:   1f5050d0 1f504cd0 1f5048d0 1e650af6
0x000000010a0fd420:   1f50d8f6 1f5694d6 1f5158f6 1e762880
0x000000010a0fd430:   36000501 1e614000 14000026 2e251ca5
0x000000010a0fd440:   d28c3009 f2a04be9 f2c00029 6d425d36
0x000000010a0fd450:   1e600806 0c402d32 1f5758c7 1e6c101a
0x000000010a0fd460:   1f4754c7 1e650805 1f4750c7 d2866668
0x000000010a0fd470:   f2a7fa68 1f474cc7 1e6608c0 1f4748c7
0x000000010a0fd480:   1e6e1019 eb08007f 540000ac 1f479400
0x000000010a0fd490:   1f460340 1e603b20 1400000e d2a7fd29
0x000000010a0fd4a0:   eb09007f 540000ac 51480069 d3607d29
0x000000010a0fd4b0:   9e670121 14000002 1e6a5001 1f679417
0x000000010a0fd4c0:   1f668742 1e613b23 1e773857 1e773860
0x000000010a0fd4d0:   a8c17ff3 910003bf a8c17bfd d65f03c0
0x000000010a0fd4e0:   b9400001 aa0103e0 d65f03c0 f9400001
0x000000010a0fd4f0:   aa0103e0 d65f03c0 00000000 00000000
0x000000010a0fd500:   00000000 00000000 00000000 00000000
0x000000010a0fd510:   00000000 00000000 00000000 00000000
0x000000010a0fd520:   00000000 00000000 00000000 00000000
0x000000010a0fd530:   00000000 00000000 00000000 00000000
0x000000010a0fd540:   00000000 00000000 00000000 00000000
0x000000010a0fd550:   00000000 00000000 00000000 00000000
0x000000010a0fd560:   00000000 00000000 00000000 00000000
0x000000010a0fd570:   00000000 00000000 00000000 00000000
0x000000010a0fd580:   00000000 00000000 00000000 00000000
0x000000010a0fd590:   00000000 00000000 00000000 00000000
0x000000010a0fd5a0:   00000000 00000000 00000000 00000000
0x000000010a0fd5b0:   00000000 00000000 00000000 00000000
0x000000010a0fd5c0:   00000000 00000000 00000000 00000000
0x000000010a0fd5d0:   00000000 00000000 00000000 00000000
0x000000010a0fd5e0:   00000000 00000000 00000000 00000000 


Stack slot to memory mapping:
stack at sp + 0 slots: 0x00000001205182c0 is pointing into metadata
stack at sp + 1 slots: 0x0000000000000001 is an unknown value
stack at sp + 2 slots: 0x00000001721169a8 is pointing into the stack for thread: 0x0000000122a28200
stack at sp + 3 slots: 0x0000600001b3a530 points into unknown readable memory: 0x01000001e328e081 | 81 e0 28 e3 01 00 00 01
stack at sp + 4 slots: 0x0 is NULL
stack at sp + 5 slots: 0x0000000126f06b70 is a global jni handle
stack at sp + 6 slots: 0x0000000126f06b70 is a global jni handle
stack at sp + 7 slots: 0x00006000032080e0 points into unknown readable memory: 0x0000600001b04020 | 20 40 b0 01 00 60 00 00

StubRoutines::SafeFetchN [0x000000010a0fd4ec, 0x000000010a0fd4f8] (12 bytes)
[MachCode]
  0x000000010a0fd4ec: 0100 40f9 | e003 01aa | c003 5fd6 
[/MachCode]

---------------  P R O C E S S  ---------------

Threads class SMR info:
_java_thread_list=0x00006000019f8240, length=20, elements={
0x000000014700d600, 0x0000000127009c00, 0x000000012700c400, 0x000000012700ac00,
0x000000012300a400, 0x000000012300aa00, 0x000000014704da00, 0x000000014781d200,
0x0000000123013000, 0x000000012700b200, 0x0000000127015c00, 0x0000000148873e00,
0x0000000127016200, 0x0000000122a28200, 0x00000001489acc00, 0x0000000148a31000,
0x00000001270a2200, 0x00000001489bec00, 0x0000000148b96000, 0x00000001271e1a00
}

Java Threads: ( => current thread )
  0x000000014700d600 JavaThread "main" [_thread_blocked, id=9987, stack(0x000000016f50c000,0x000000016f70f000)]
  0x0000000127009c00 JavaThread "Reference Handler" daemon [_thread_blocked, id=17667, stack(0x0000000170360000,0x0000000170563000)]
  0x000000012700c400 JavaThread "Finalizer" daemon [_thread_blocked, id=17155, stack(0x000000017056c000,0x000000017076f000)]
  0x000000012700ac00 JavaThread "Signal Dispatcher" daemon [_thread_blocked, id=42499, stack(0x0000000170890000,0x0000000170a93000)]
  0x000000012300a400 JavaThread "Service Thread" daemon [_thread_blocked, id=41987, stack(0x0000000170a9c000,0x0000000170c9f000)]
  0x000000012300aa00 JavaThread "Monitor Deflation Thread" daemon [_thread_blocked, id=23043, stack(0x0000000170ca8000,0x0000000170eab000)]
  0x000000014704da00 JavaThread "C2 CompilerThread0" daemon [_thread_in_native, id=41219, stack(0x0000000170eb4000,0x00000001710b7000)]
  0x000000014781d200 JavaThread "C1 CompilerThread0" daemon [_thread_blocked, id=40963, stack(0x00000001710c0000,0x00000001712c3000)]
  0x0000000123013000 JavaThread "Sweeper thread" daemon [_thread_blocked, id=23811, stack(0x00000001712cc000,0x00000001714cf000)]
  0x000000012700b200 JavaThread "Common-Cleaner" daemon [_thread_blocked, id=40451, stack(0x00000001714d8000,0x00000001716db000)]
  0x0000000127015c00 JavaThread "Monitor Ctrl-Break" daemon [_thread_in_native, id=39939, stack(0x00000001716e4000,0x00000001718e7000)]
  0x0000000148873e00 JavaThread "Notification Thread" daemon [_thread_blocked, id=39683, stack(0x00000001718f0000,0x0000000171af3000)]
  0x0000000127016200 JavaThread "QuantumRenderer-0" daemon [_thread_blocked, id=24579, stack(0x0000000171d08000,0x0000000171f0b000)]
=>0x0000000122a28200 JavaThread "InvokeLaterDispatcher" daemon [_thread_in_native, id=29455, stack(0x0000000171f14000,0x0000000172117000)]
  0x00000001489acc00 JavaThread "JavaFX Application Thread" [_thread_in_native, id=259, stack(0x000000016ec84000,0x000000016f480000)]
  0x0000000148a31000 JavaThread "JavaFX-Launcher" [_thread_blocked, id=56343, stack(0x0000000172238000,0x000000017243b000)]
  0x00000001270a2200 JavaThread "PulseTimer-CVDisplayLink thread" daemon [_thread_in_native, id=52487, stack(0x00000001721ac000,0x000000017222f000)]
  0x00000001489bec00 JavaThread "Prism Font Disposer" daemon [_thread_blocked, id=72455, stack(0x0000000172f0c000,0x000000017310f000)]
  0x0000000148b96000 JavaThread "Cleaner-0" daemon [_thread_blocked, id=66327, stack(0x00000001732bc000,0x00000001734bf000)]
  0x00000001271e1a00 JavaThread "Attach Listener" daemon [_thread_blocked, id=1315, stack(0x00000001734c8000,0x00000001736cb000)]

Other Threads:
  0x0000000126f047a0 VMThread "VM Thread" [stack: 0x0000000170154000,0x0000000170357000] [id=15619]
  0x0000000136e065d0 WatcherThread [stack: 0x0000000171afc000,0x0000000171cff000] [id=39171]
  0x0000000146e07b90 GCTaskThread "GC Thread#0" [stack: 0x000000016f718000,0x000000016f91b000] [id=13059]
  0x0000000146e27720 GCTaskThread "GC Thread#1" [stack: 0x00000001724d0000,0x00000001726d3000] [id=74499]
  0x0000000146e27e40 GCTaskThread "GC Thread#2" [stack: 0x00000001726dc000,0x00000001728df000] [id=73987]
  0x0000000146e282c0 GCTaskThread "GC Thread#3" [stack: 0x00000001728e8000,0x0000000172aeb000] [id=60163]
  0x0000000146e28b30 GCTaskThread "GC Thread#4" [stack: 0x0000000172af4000,0x0000000172cf7000] [id=60419]
  0x0000000146e293a0 GCTaskThread "GC Thread#5" [stack: 0x0000000172d00000,0x0000000172f03000] [id=60675]
  0x0000000146f04720 ConcurrentGCThread "G1 Main Marker" [stack: 0x000000016f924000,0x000000016fb27000] [id=20483]
  0x0000000146f04fa0 ConcurrentGCThread "G1 Conc#0" [stack: 0x000000016fb30000,0x000000016fd33000] [id=19715]
  0x0000000126e058f0 ConcurrentGCThread "G1 Refine#0" [stack: 0x000000016fd3c000,0x000000016ff3f000] [id=14339]
  0x0000000126e06190 ConcurrentGCThread "G1 Service" [stack: 0x000000016ff48000,0x000000017014b000] [id=19203]

Threads with active compile tasks:
C2 CompilerThread0     1676 2094       4       javafx.scene.CssStyleHelper::getStyle (162 bytes)

VM state: not at safepoint (normal execution)

VM Mutex/Monitor currently owned by a thread: None

Heap address: 0x0000000780000000, size: 2048 MB, Compressed Oops mode: Zero based, Oop shift amount: 3

CDS archive(s) mapped at: [0x0000000800000000-0x0000000800bd4000-0x0000000800bd4000), size 12402688, SharedBaseAddress: 0x0000000800000000, ArchiveRelocationMode: 0.
Compressed class space mapped at: 0x0000000800c00000-0x0000000840c00000, reserved size: 1073741824
Narrow klass base: 0x0000000800000000, Narrow klass shift: 0, Narrow klass range: 0x100000000

GC Precious Log:
 CPUs: 8 total, 8 available
 Memory: 8192M
 Large Page Support: Disabled
 NUMA Support: Disabled
 Compressed Oops: Enabled (Zero based)
 Heap Region Size: 1M
 Heap Min Capacity: 8M
 Heap Initial Capacity: 128M
 Heap Max Capacity: 2G
 Pre-touch: Disabled
 Parallel Workers: 8
 Concurrent Workers: 2
 Concurrent Refinement Workers: 8
 Periodic GC: Disabled

Heap:
 garbage-first heap   total 133120K, used 38875K [0x0000000780000000, 0x0000000800000000)
  region size 1024K, 37 young (37888K), 3 survivors (3072K)
 Metaspace       used 15472K, committed 15680K, reserved 1064960K
  class space    used 2340K, committed 2432K, reserved 1048576K

Heap Regions: E=young(eden), S=young(survivor), O=old, HS=humongous(starts), HC=humongous(continues), CS=collection set, F=free, OA=open archive, CA=closed archive, TAMS=top-at-mark-start (previous, next)
|   0|0x0000000780000000, 0x0000000780100000, 0x0000000780100000|100%|HS|  |TAMS 0x0000000780000000, 0x0000000780000000| Complete 
|   1|0x0000000780100000, 0x0000000780200000, 0x0000000780200000|100%|HC|  |TAMS 0x0000000780100000, 0x0000000780100000| Complete 
|   2|0x0000000780200000, 0x0000000780200000, 0x0000000780300000|  0%| F|  |TAMS 0x0000000780200000, 0x0000000780200000| Untracked 
|   3|0x0000000780300000, 0x0000000780300000, 0x0000000780400000|  0%| F|  |TAMS 0x0000000780300000, 0x0000000780300000| Untracked 
|   4|0x0000000780400000, 0x0000000780400000, 0x0000000780500000|  0%| F|  |TAMS 0x0000000780400000, 0x0000000780400000| Untracked 
|   5|0x0000000780500000, 0x0000000780500000, 0x0000000780600000|  0%| F|  |TAMS 0x0000000780500000, 0x0000000780500000| Untracked 
|   6|0x0000000780600000, 0x0000000780600000, 0x0000000780700000|  0%| F|  |TAMS 0x0000000780600000, 0x0000000780600000| Untracked 
|   7|0x0000000780700000, 0x0000000780700000, 0x0000000780800000|  0%| F|  |TAMS 0x0000000780700000, 0x0000000780700000| Untracked 
|   8|0x0000000780800000, 0x0000000780800000, 0x0000000780900000|  0%| F|  |TAMS 0x0000000780800000, 0x0000000780800000| Untracked 
|   9|0x0000000780900000, 0x0000000780900000, 0x0000000780a00000|  0%| F|  |TAMS 0x0000000780900000, 0x0000000780900000| Untracked 
|  10|0x0000000780a00000, 0x0000000780a00000, 0x0000000780b00000|  0%| F|  |TAMS 0x0000000780a00000, 0x0000000780a00000| Untracked 
|  11|0x0000000780b00000, 0x0000000780b00000, 0x0000000780c00000|  0%| F|  |TAMS 0x0000000780b00000, 0x0000000780b00000| Untracked 
|  12|0x0000000780c00000, 0x0000000780c00000, 0x0000000780d00000|  0%| F|  |TAMS 0x0000000780c00000, 0x0000000780c00000| Untracked 
|  13|0x0000000780d00000, 0x0000000780d00000, 0x0000000780e00000|  0%| F|  |TAMS 0x0000000780d00000, 0x0000000780d00000| Untracked 
|  14|0x0000000780e00000, 0x0000000780e00000, 0x0000000780f00000|  0%| F|  |TAMS 0x0000000780e00000, 0x0000000780e00000| Untracked 
|  15|0x0000000780f00000, 0x0000000780f00000, 0x0000000781000000|  0%| F|  |TAMS 0x0000000780f00000, 0x0000000780f00000| Untracked 
|  16|0x0000000781000000, 0x0000000781000000, 0x0000000781100000|  0%| F|  |TAMS 0x0000000781000000, 0x0000000781000000| Untracked 
|  17|0x0000000781100000, 0x0000000781100000, 0x0000000781200000|  0%| F|  |TAMS 0x0000000781100000, 0x0000000781100000| Untracked 
|  18|0x0000000781200000, 0x0000000781200000, 0x0000000781300000|  0%| F|  |TAMS 0x0000000781200000, 0x0000000781200000| Untracked 
|  19|0x0000000781300000, 0x0000000781300000, 0x0000000781400000|  0%| F|  |TAMS 0x0000000781300000, 0x0000000781300000| Untracked 
|  20|0x0000000781400000, 0x0000000781400000, 0x0000000781500000|  0%| F|  |TAMS 0x0000000781400000, 0x0000000781400000| Untracked 
|  21|0x0000000781500000, 0x0000000781500000, 0x0000000781600000|  0%| F|  |TAMS 0x0000000781500000, 0x0000000781500000| Untracked 
|  22|0x0000000781600000, 0x0000000781600000, 0x0000000781700000|  0%| F|  |TAMS 0x0000000781600000, 0x0000000781600000| Untracked 
|  23|0x0000000781700000, 0x0000000781700000, 0x0000000781800000|  0%| F|  |TAMS 0x0000000781700000, 0x0000000781700000| Untracked 
|  24|0x0000000781800000, 0x0000000781800000, 0x0000000781900000|  0%| F|  |TAMS 0x0000000781800000, 0x0000000781800000| Untracked 
|  25|0x0000000781900000, 0x0000000781900000, 0x0000000781a00000|  0%| F|  |TAMS 0x0000000781900000, 0x0000000781900000| Untracked 
|  26|0x0000000781a00000, 0x0000000781a00000, 0x0000000781b00000|  0%| F|  |TAMS 0x0000000781a00000, 0x0000000781a00000| Untracked 
|  27|0x0000000781b00000, 0x0000000781b00000, 0x0000000781c00000|  0%| F|  |TAMS 0x0000000781b00000, 0x0000000781b00000| Untracked 
|  28|0x0000000781c00000, 0x0000000781c00000, 0x0000000781d00000|  0%| F|  |TAMS 0x0000000781c00000, 0x0000000781c00000| Untracked 
|  29|0x0000000781d00000, 0x0000000781d00000, 0x0000000781e00000|  0%| F|  |TAMS 0x0000000781d00000, 0x0000000781d00000| Untracked 
|  30|0x0000000781e00000, 0x0000000781e00000, 0x0000000781f00000|  0%| F|  |TAMS 0x0000000781e00000, 0x0000000781e00000| Untracked 
|  31|0x0000000781f00000, 0x0000000781f00000, 0x0000000782000000|  0%| F|  |TAMS 0x0000000781f00000, 0x0000000781f00000| Untracked 
|  32|0x0000000782000000, 0x0000000782000000, 0x0000000782100000|  0%| F|  |TAMS 0x0000000782000000, 0x0000000782000000| Untracked 
|  33|0x0000000782100000, 0x0000000782100000, 0x0000000782200000|  0%| F|  |TAMS 0x0000000782100000, 0x0000000782100000| Untracked 
|  34|0x0000000782200000, 0x0000000782200000, 0x0000000782300000|  0%| F|  |TAMS 0x0000000782200000, 0x0000000782200000| Untracked 
|  35|0x0000000782300000, 0x0000000782300000, 0x0000000782400000|  0%| F|  |TAMS 0x0000000782300000, 0x0000000782300000| Untracked 
|  36|0x0000000782400000, 0x0000000782400000, 0x0000000782500000|  0%| F|  |TAMS 0x0000000782400000, 0x0000000782400000| Untracked 
|  37|0x0000000782500000, 0x0000000782500000, 0x0000000782600000|  0%| F|  |TAMS 0x0000000782500000, 0x0000000782500000| Untracked 
|  38|0x0000000782600000, 0x0000000782600000, 0x0000000782700000|  0%| F|  |TAMS 0x0000000782600000, 0x0000000782600000| Untracked 
|  39|0x0000000782700000, 0x0000000782700000, 0x0000000782800000|  0%| F|  |TAMS 0x0000000782700000, 0x0000000782700000| Untracked 
|  40|0x0000000782800000, 0x0000000782800000, 0x0000000782900000|  0%| F|  |TAMS 0x0000000782800000, 0x0000000782800000| Untracked 
|  41|0x0000000782900000, 0x0000000782900000, 0x0000000782a00000|  0%| F|  |TAMS 0x0000000782900000, 0x0000000782900000| Untracked 
|  42|0x0000000782a00000, 0x0000000782a00000, 0x0000000782b00000|  0%| F|  |TAMS 0x0000000782a00000, 0x0000000782a00000| Untracked 
|  43|0x0000000782b00000, 0x0000000782b00000, 0x0000000782c00000|  0%| F|  |TAMS 0x0000000782b00000, 0x0000000782b00000| Untracked 
|  44|0x0000000782c00000, 0x0000000782c00000, 0x0000000782d00000|  0%| F|  |TAMS 0x0000000782c00000, 0x0000000782c00000| Untracked 
|  45|0x0000000782d00000, 0x0000000782d00000, 0x0000000782e00000|  0%| F|  |TAMS 0x0000000782d00000, 0x0000000782d00000| Untracked 
|  46|0x0000000782e00000, 0x0000000782e00000, 0x0000000782f00000|  0%| F|  |TAMS 0x0000000782e00000, 0x0000000782e00000| Untracked 
|  47|0x0000000782f00000, 0x0000000782f00000, 0x0000000783000000|  0%| F|  |TAMS 0x0000000782f00000, 0x0000000782f00000| Untracked 
|  48|0x0000000783000000, 0x0000000783000000, 0x0000000783100000|  0%| F|  |TAMS 0x0000000783000000, 0x0000000783000000| Untracked 
|  49|0x0000000783100000, 0x0000000783100000, 0x0000000783200000|  0%| F|  |TAMS 0x0000000783100000, 0x0000000783100000| Untracked 
|  50|0x0000000783200000, 0x0000000783200000, 0x0000000783300000|  0%| F|  |TAMS 0x0000000783200000, 0x0000000783200000| Untracked 
|  51|0x0000000783300000, 0x0000000783300000, 0x0000000783400000|  0%| F|  |TAMS 0x0000000783300000, 0x0000000783300000| Untracked 
|  52|0x0000000783400000, 0x0000000783400000, 0x0000000783500000|  0%| F|  |TAMS 0x0000000783400000, 0x0000000783400000| Untracked 
|  53|0x0000000783500000, 0x0000000783500000, 0x0000000783600000|  0%| F|  |TAMS 0x0000000783500000, 0x0000000783500000| Untracked 
|  54|0x0000000783600000, 0x0000000783600000, 0x0000000783700000|  0%| F|  |TAMS 0x0000000783600000, 0x0000000783600000| Untracked 
|  55|0x0000000783700000, 0x0000000783700000, 0x0000000783800000|  0%| F|  |TAMS 0x0000000783700000, 0x0000000783700000| Untracked 
|  56|0x0000000783800000, 0x0000000783800000, 0x0000000783900000|  0%| F|  |TAMS 0x0000000783800000, 0x0000000783800000| Untracked 
|  57|0x0000000783900000, 0x0000000783900000, 0x0000000783a00000|  0%| F|  |TAMS 0x0000000783900000, 0x0000000783900000| Untracked 
|  58|0x0000000783a00000, 0x0000000783a00000, 0x0000000783b00000|  0%| F|  |TAMS 0x0000000783a00000, 0x0000000783a00000| Untracked 
|  59|0x0000000783b00000, 0x0000000783b00000, 0x0000000783c00000|  0%| F|  |TAMS 0x0000000783b00000, 0x0000000783b00000| Untracked 
|  60|0x0000000783c00000, 0x0000000783c00000, 0x0000000783d00000|  0%| F|  |TAMS 0x0000000783c00000, 0x0000000783c00000| Untracked 
|  61|0x0000000783d00000, 0x0000000783d00000, 0x0000000783e00000|  0%| F|  |TAMS 0x0000000783d00000, 0x0000000783d00000| Untracked 
|  62|0x0000000783e00000, 0x0000000783e00000, 0x0000000783f00000|  0%| F|  |TAMS 0x0000000783e00000, 0x0000000783e00000| Untracked 
|  63|0x0000000783f00000, 0x0000000783f00000, 0x0000000784000000|  0%| F|  |TAMS 0x0000000783f00000, 0x0000000783f00000| Untracked 
|  64|0x0000000784000000, 0x0000000784000000, 0x0000000784100000|  0%| F|  |TAMS 0x0000000784000000, 0x0000000784000000| Untracked 
|  65|0x0000000784100000, 0x0000000784100000, 0x0000000784200000|  0%| F|  |TAMS 0x0000000784100000, 0x0000000784100000| Untracked 
|  66|0x0000000784200000, 0x0000000784200000, 0x0000000784300000|  0%| F|  |TAMS 0x0000000784200000, 0x0000000784200000| Untracked 
|  67|0x0000000784300000, 0x0000000784300000, 0x0000000784400000|  0%| F|  |TAMS 0x0000000784300000, 0x0000000784300000| Untracked 
|  68|0x0000000784400000, 0x0000000784400000, 0x0000000784500000|  0%| F|  |TAMS 0x0000000784400000, 0x0000000784400000| Untracked 
|  69|0x0000000784500000, 0x0000000784500000, 0x0000000784600000|  0%| F|  |TAMS 0x0000000784500000, 0x0000000784500000| Untracked 
|  70|0x0000000784600000, 0x0000000784600000, 0x0000000784700000|  0%| F|  |TAMS 0x0000000784600000, 0x0000000784600000| Untracked 
|  71|0x0000000784700000, 0x0000000784700000, 0x0000000784800000|  0%| F|  |TAMS 0x0000000784700000, 0x0000000784700000| Untracked 
|  72|0x0000000784800000, 0x0000000784800000, 0x0000000784900000|  0%| F|  |TAMS 0x0000000784800000, 0x0000000784800000| Untracked 
|  73|0x0000000784900000, 0x0000000784900000, 0x0000000784a00000|  0%| F|  |TAMS 0x0000000784900000, 0x0000000784900000| Untracked 
|  74|0x0000000784a00000, 0x0000000784a00000, 0x0000000784b00000|  0%| F|  |TAMS 0x0000000784a00000, 0x0000000784a00000| Untracked 
|  75|0x0000000784b00000, 0x0000000784b00000, 0x0000000784c00000|  0%| F|  |TAMS 0x0000000784b00000, 0x0000000784b00000| Untracked 
|  76|0x0000000784c00000, 0x0000000784c00000, 0x0000000784d00000|  0%| F|  |TAMS 0x0000000784c00000, 0x0000000784c00000| Untracked 
|  77|0x0000000784d00000, 0x0000000784d00000, 0x0000000784e00000|  0%| F|  |TAMS 0x0000000784d00000, 0x0000000784d00000| Untracked 
|  78|0x0000000784e00000, 0x0000000784e00000, 0x0000000784f00000|  0%| F|  |TAMS 0x0000000784e00000, 0x0000000784e00000| Untracked 
|  79|0x0000000784f00000, 0x0000000784f00000, 0x0000000785000000|  0%| F|  |TAMS 0x0000000784f00000, 0x0000000784f00000| Untracked 
|  80|0x0000000785000000, 0x0000000785000000, 0x0000000785100000|  0%| F|  |TAMS 0x0000000785000000, 0x0000000785000000| Untracked 
|  81|0x0000000785100000, 0x0000000785100000, 0x0000000785200000|  0%| F|  |TAMS 0x0000000785100000, 0x0000000785100000| Untracked 
|  82|0x0000000785200000, 0x0000000785200000, 0x0000000785300000|  0%| F|  |TAMS 0x0000000785200000, 0x0000000785200000| Untracked 
|  83|0x0000000785300000, 0x0000000785300000, 0x0000000785400000|  0%| F|  |TAMS 0x0000000785300000, 0x0000000785300000| Untracked 
|  84|0x0000000785400000, 0x0000000785400000, 0x0000000785500000|  0%| F|  |TAMS 0x0000000785400000, 0x0000000785400000| Untracked 
|  85|0x0000000785500000, 0x0000000785500000, 0x0000000785600000|  0%| F|  |TAMS 0x0000000785500000, 0x0000000785500000| Untracked 
|  86|0x0000000785600000, 0x0000000785600000, 0x0000000785700000|  0%| F|  |TAMS 0x0000000785600000, 0x0000000785600000| Untracked 
|  87|0x0000000785700000, 0x0000000785700000, 0x0000000785800000|  0%| F|  |TAMS 0x0000000785700000, 0x0000000785700000| Untracked 
|  88|0x0000000785800000, 0x0000000785800000, 0x0000000785900000|  0%| F|  |TAMS 0x0000000785800000, 0x0000000785800000| Untracked 
|  89|0x0000000785900000, 0x0000000785900000, 0x0000000785a00000|  0%| F|  |TAMS 0x0000000785900000, 0x0000000785900000| Untracked 
|  90|0x0000000785a00000, 0x0000000785a00000, 0x0000000785b00000|  0%| F|  |TAMS 0x0000000785a00000, 0x0000000785a00000| Untracked 
|  91|0x0000000785b00000, 0x0000000785c00000, 0x0000000785c00000|100%| E|  |TAMS 0x0000000785b00000, 0x0000000785b00000| Complete 
|  92|0x0000000785c00000, 0x0000000785d00000, 0x0000000785d00000|100%| E|CS|TAMS 0x0000000785c00000, 0x0000000785c00000| Complete 
|  93|0x0000000785d00000, 0x0000000785e00000, 0x0000000785e00000|100%| E|CS|TAMS 0x0000000785d00000, 0x0000000785d00000| Complete 
|  94|0x0000000785e00000, 0x0000000785f00000, 0x0000000785f00000|100%| E|CS|TAMS 0x0000000785e00000, 0x0000000785e00000| Complete 
|  95|0x0000000785f00000, 0x0000000786000000, 0x0000000786000000|100%| E|  |TAMS 0x0000000785f00000, 0x0000000785f00000| Complete 
|  96|0x0000000786000000, 0x0000000786100000, 0x0000000786100000|100%| E|CS|TAMS 0x0000000786000000, 0x0000000786000000| Complete 
|  97|0x0000000786100000, 0x0000000786200000, 0x0000000786200000|100%| E|CS|TAMS 0x0000000786100000, 0x0000000786100000| Complete 
|  98|0x0000000786200000, 0x0000000786300000, 0x0000000786300000|100%| E|CS|TAMS 0x0000000786200000, 0x0000000786200000| Complete 
|  99|0x0000000786300000, 0x0000000786400000, 0x0000000786400000|100%| E|CS|TAMS 0x0000000786300000, 0x0000000786300000| Complete 
| 100|0x0000000786400000, 0x0000000786500000, 0x0000000786500000|100%| E|CS|TAMS 0x0000000786400000, 0x0000000786400000| Complete 
| 101|0x0000000786500000, 0x0000000786600000, 0x0000000786600000|100%| E|CS|TAMS 0x0000000786500000, 0x0000000786500000| Complete 
| 102|0x0000000786600000, 0x00000007866fede8, 0x0000000786700000| 99%| S|CS|TAMS 0x0000000786600000, 0x0000000786600000| Complete 
| 103|0x0000000786700000, 0x0000000786800000, 0x0000000786800000|100%| S|CS|TAMS 0x0000000786700000, 0x0000000786700000| Complete 
| 104|0x0000000786800000, 0x0000000786900000, 0x0000000786900000|100%| S|CS|TAMS 0x0000000786800000, 0x0000000786800000| Complete 
| 105|0x0000000786900000, 0x0000000786a00000, 0x0000000786a00000|100%| E|CS|TAMS 0x0000000786900000, 0x0000000786900000| Complete 
| 106|0x0000000786a00000, 0x0000000786b00000, 0x0000000786b00000|100%| E|CS|TAMS 0x0000000786a00000, 0x0000000786a00000| Complete 
| 107|0x0000000786b00000, 0x0000000786c00000, 0x0000000786c00000|100%| E|CS|TAMS 0x0000000786b00000, 0x0000000786b00000| Complete 
| 108|0x0000000786c00000, 0x0000000786d00000, 0x0000000786d00000|100%| E|CS|TAMS 0x0000000786c00000, 0x0000000786c00000| Complete 
| 109|0x0000000786d00000, 0x0000000786e00000, 0x0000000786e00000|100%| E|CS|TAMS 0x0000000786d00000, 0x0000000786d00000| Complete 
| 110|0x0000000786e00000, 0x0000000786f00000, 0x0000000786f00000|100%| E|CS|TAMS 0x0000000786e00000, 0x0000000786e00000| Complete 
| 111|0x0000000786f00000, 0x0000000787000000, 0x0000000787000000|100%| E|CS|TAMS 0x0000000786f00000, 0x0000000786f00000| Complete 
| 112|0x0000000787000000, 0x0000000787100000, 0x0000000787100000|100%| E|CS|TAMS 0x0000000787000000, 0x0000000787000000| Complete 
| 113|0x0000000787100000, 0x0000000787200000, 0x0000000787200000|100%| E|CS|TAMS 0x0000000787100000, 0x0000000787100000| Complete 
| 114|0x0000000787200000, 0x0000000787300000, 0x0000000787300000|100%| E|CS|TAMS 0x0000000787200000, 0x0000000787200000| Complete 
| 115|0x0000000787300000, 0x0000000787400000, 0x0000000787400000|100%| E|CS|TAMS 0x0000000787300000, 0x0000000787300000| Complete 
| 116|0x0000000787400000, 0x0000000787500000, 0x0000000787500000|100%| E|CS|TAMS 0x0000000787400000, 0x0000000787400000| Complete 
| 117|0x0000000787500000, 0x0000000787600000, 0x0000000787600000|100%| E|CS|TAMS 0x0000000787500000, 0x0000000787500000| Complete 
| 118|0x0000000787600000, 0x0000000787700000, 0x0000000787700000|100%| E|CS|TAMS 0x0000000787600000, 0x0000000787600000| Complete 
| 119|0x0000000787700000, 0x0000000787800000, 0x0000000787800000|100%| E|CS|TAMS 0x0000000787700000, 0x0000000787700000| Complete 
| 120|0x0000000787800000, 0x0000000787900000, 0x0000000787900000|100%| E|CS|TAMS 0x0000000787800000, 0x0000000787800000| Complete 
| 121|0x0000000787900000, 0x0000000787a00000, 0x0000000787a00000|100%| E|CS|TAMS 0x0000000787900000, 0x0000000787900000| Complete 
| 122|0x0000000787a00000, 0x0000000787b00000, 0x0000000787b00000|100%| E|CS|TAMS 0x0000000787a00000, 0x0000000787a00000| Complete 
| 123|0x0000000787b00000, 0x0000000787c00000, 0x0000000787c00000|100%| E|CS|TAMS 0x0000000787b00000, 0x0000000787b00000| Complete 
| 124|0x0000000787c00000, 0x0000000787d00000, 0x0000000787d00000|100%| E|CS|TAMS 0x0000000787c00000, 0x0000000787c00000| Complete 
| 125|0x0000000787d00000, 0x0000000787e00000, 0x0000000787e00000|100%| E|CS|TAMS 0x0000000787d00000, 0x0000000787d00000| Complete 
| 126|0x0000000787e00000, 0x0000000787f00000, 0x0000000787f00000|100%| E|CS|TAMS 0x0000000787e00000, 0x0000000787e00000| Complete 
| 127|0x0000000787f00000, 0x0000000788000000, 0x0000000788000000|100%| E|CS|TAMS 0x0000000787f00000, 0x0000000787f00000| Complete 
|2046|0x00000007ffe00000, 0x00000007ffe78000, 0x00000007fff00000| 46%|OA|  |TAMS 0x00000007ffe00000, 0x00000007ffe00000| Untracked 
|2047|0x00000007fff00000, 0x00000007fff80000, 0x0000000800000000| 50%|CA|  |TAMS 0x00000007fff00000, 0x00000007fff00000| Untracked 

Card table byte_map: [0x0000000101288000,0x0000000101688000] _byte_map_base: 0x00000000fd688000

Marking Bits (Prev, Next): (CMBitMap*) 0x0000000147809010, (CMBitMap*) 0x0000000147809050
 Prev Bits: [0x00000001190fc000, 0x000000011b0fc000)
 Next Bits: [0x000000011b0fc000, 0x000000011d0fc000)

Polling page: 0x0000000100bb0000

Metaspace:

Usage:
  Non-class:     12.82 MB used.
      Class:      2.29 MB used.
       Both:     15.11 MB used.

Virtual space:
  Non-class space:       16.00 MB reserved,      12.94 MB ( 81%) committed,  2 nodes.
      Class space:        1.00 GB reserved,       2.38 MB ( <1%) committed,  1 nodes.
             Both:        1.02 GB reserved,      15.31 MB (  1%) committed. 

Chunk freelists:
   Non-Class:  3.08 MB
       Class:  1.57 MB
        Both:  4.65 MB

MaxMetaspaceSize: unlimited
CompressedClassSpaceSize: 1.00 GB
Initial GC threshold: 21.00 MB
Current GC threshold: 21.00 MB
CDS: on
MetaspaceReclaimPolicy: balanced
 - commit_granule_bytes: 65536.
 - commit_granule_words: 8192.
 - virtual_space_node_default_size: 1048576.
 - enlarge_chunks_in_place: 1.
 - new_chunks_are_fully_committed: 0.
 - uncommit_free_chunks: 1.
 - use_allocation_guard: 0.
 - handle_deallocations: 1.


Internal statistics:

num_allocs_failed_limit: 0.
num_arena_births: 198.
num_arena_deaths: 0.
num_vsnodes_births: 3.
num_vsnodes_deaths: 0.
num_space_committed: 245.
num_space_uncommitted: 0.
num_chunks_returned_to_freelist: 0.
num_chunks_taken_from_freelist: 697.
num_chunk_merges: 0.
num_chunk_splits: 489.
num_chunks_enlarged: 379.
num_purges: 0.
num_inconsistent_stats: 0.

CodeHeap 'non-profiled nmethods': size=120032Kb used=866Kb max_used=866Kb free=119165Kb
 bounds [0x0000000111bc4000, 0x0000000111e34000, 0x00000001190fc000]
CodeHeap 'profiled nmethods': size=120016Kb used=4111Kb max_used=4111Kb free=115905Kb
 bounds [0x000000010a690000, 0x000000010aaa0000, 0x0000000111bc4000]
CodeHeap 'non-nmethods': size=5712Kb used=1375Kb max_used=1478Kb free=4336Kb
 bounds [0x000000010a0fc000, 0x000000010a36c000, 0x000000010a690000]
 total_blobs=2822 nmethods=2049 adapters=689
 compilation: enabled
              stopped_count=0, restarted_count=0
 full_count=0

Compilation events (20 events):
Event: 1.639 Thread 0x000000014781d200 2087       3       javafx.scene.layout.Region$1::doPickNodeLocal (10 bytes)
Event: 1.639 Thread 0x000000014781d200 nmethod 2087 0x000000010aa8b410 code [0x000000010aa8b5c0, 0x000000010aa8b858]
Event: 1.639 Thread 0x000000014781d200 2088       3       java.util.EnumMap::unmaskNull (13 bytes)
Event: 1.639 Thread 0x000000014781d200 nmethod 2088 0x000000010aa8b990 code [0x000000010aa8bb40, 0x000000010aa8bce8]
Event: 1.639 Thread 0x000000014781d200 2089       1       javafx.scene.input.PickResult::getIntersectedPoint (5 bytes)
Event: 1.639 Thread 0x000000014781d200 nmethod 2089 0x0000000111c9a890 code [0x0000000111c9aa00, 0x0000000111c9aae8]
Event: 1.655 Thread 0x000000014781d200 2090       3       java.util.EnumMap$EnumMapIterator::hasNext (64 bytes)
Event: 1.655 Thread 0x000000014781d200 nmethod 2090 0x000000010aa8bd90 code [0x000000010aa8bf40, 0x000000010aa8c1e8]
Event: 1.655 Thread 0x000000014781d200 2091       3       com.sun.javafx.geom.transform.Translate2D::transform (48 bytes)
Event: 1.655 Thread 0x000000014781d200 nmethod 2091 0x000000010aa8c310 code [0x000000010aa8c4c0, 0x000000010aa8c7a8]
Event: 1.655 Thread 0x000000014781d200 2092       3       com.sun.javafx.event.EventDispatchChainImpl::dispatchEvent (101 bytes)
Event: 1.655 Thread 0x000000014781d200 nmethod 2092 0x000000010aa8c910 code [0x000000010aa8cac0, 0x000000010aa8ce18]
Event: 1.658 Thread 0x000000014781d200 2093       3       java.util.AbstractCollection::containsAll (38 bytes)
Event: 1.658 Thread 0x000000014704da00 2094       4       javafx.scene.CssStyleHelper::getStyle (162 bytes)
Event: 1.658 Thread 0x000000014781d200 nmethod 2093 0x000000010aa8cf90 code [0x000000010aa8d1c0, 0x000000010aa8d7e8]
Event: 1.659 Thread 0x000000014781d200 2096       3       javafx.css.converter.DeriveColorConverter::convert (7 bytes)
Event: 1.659 Thread 0x000000014781d200 nmethod 2096 0x000000010aa8d990 code [0x000000010aa8db40, 0x000000010aa8dcd8]
Event: 1.659 Thread 0x000000014781d200 2097       3       javafx.css.converter.DeriveColorConverter::convert (44 bytes)
Event: 1.659 Thread 0x000000014781d200 nmethod 2097 0x000000010aa8dd90 code [0x000000010aa8dfc0, 0x000000010aa8e7a8]
Event: 1.659 Thread 0x000000014781d200 2098       3       com.sun.javafx.util.Utils::deriveColor (327 bytes)

GC Heap History (2 events):
Event: 0.401 GC heap before
{Heap before GC invocations=0 (full 0):
 garbage-first heap   total 133120K, used 23520K [0x0000000780000000, 0x0000000800000000)
  region size 1024K, 23 young (23552K), 0 survivors (0K)
 Metaspace       used 7806K, committed 8064K, reserved 1056768K
  class space    used 1026K, committed 1152K, reserved 1048576K
}
Event: 0.407 GC heap after
{Heap after GC invocations=1 (full 0):
 garbage-first heap   total 133120K, used 4059K [0x0000000780000000, 0x0000000800000000)
  region size 1024K, 3 young (3072K), 3 survivors (3072K)
 Metaspace       used 7806K, committed 8064K, reserved 1056768K
  class space    used 1026K, committed 1152K, reserved 1048576K
}

Deoptimization events (20 events):
Event: 1.058 Thread 0x0000000127016200 DEOPT PACKING pc=0x000000010aa07738 sp=0x0000000171f085f0
Event: 1.058 Thread 0x0000000127016200 DEOPT UNPACKING pc=0x000000010a13ab7c sp=0x0000000171f08250 mode 0
Event: 1.058 Thread 0x0000000127016200 DEOPT PACKING pc=0x000000010aa07738 sp=0x0000000171f085f0
Event: 1.058 Thread 0x0000000127016200 DEOPT UNPACKING pc=0x000000010a13ab7c sp=0x0000000171f08250 mode 0
Event: 1.058 Thread 0x0000000127016200 DEOPT PACKING pc=0x000000010aa07738 sp=0x0000000171f085f0
Event: 1.058 Thread 0x0000000127016200 DEOPT UNPACKING pc=0x000000010a13ab7c sp=0x0000000171f08250 mode 0
Event: 1.058 Thread 0x0000000127016200 DEOPT PACKING pc=0x000000010aa07738 sp=0x0000000171f085f0
Event: 1.058 Thread 0x0000000127016200 DEOPT UNPACKING pc=0x000000010a13ab7c sp=0x0000000171f08250 mode 0
Event: 1.184 Thread 0x00000001271e1a00 Uncommon trap: trap_request=0xffffff45 fr.pc=0x0000000111c3ebf8 relative=0x0000000000000d78
Event: 1.184 Thread 0x00000001271e1a00 Uncommon trap: reason=unstable_if action=reinterpret pc=0x0000000111c3ebf8 method=java.util.concurrent.ConcurrentHashMap.putVal(Ljava/lang/Object;Ljava/lang/Object;Z)Ljava/lang/Object; @ 148 c2
Event: 1.184 Thread 0x00000001271e1a00 DEOPT PACKING pc=0x0000000111c3ebf8 sp=0x00000001736c98e0
Event: 1.184 Thread 0x00000001271e1a00 DEOPT UNPACKING pc=0x000000010a13ad1c sp=0x00000001736c97f0 mode 2
Event: 1.185 Thread 0x00000001271e1a00 Uncommon trap: trap_request=0xffffff45 fr.pc=0x0000000111bd2338 relative=0x00000000000000f8
Event: 1.185 Thread 0x00000001271e1a00 Uncommon trap: reason=unstable_if action=reinterpret pc=0x0000000111bd2338 method=java.lang.StringLatin1.lastIndexOf([BI[BII)I @ 86 c2
Event: 1.185 Thread 0x00000001271e1a00 DEOPT PACKING pc=0x0000000111bd2338 sp=0x00000001736c98d0
Event: 1.185 Thread 0x00000001271e1a00 DEOPT UNPACKING pc=0x000000010a13ad1c sp=0x00000001736c9830 mode 2
Event: 1.394 Thread 0x0000000127016200 DEOPT PACKING pc=0x000000010aa57ad4 sp=0x0000000171f09810
Event: 1.394 Thread 0x0000000127016200 DEOPT UNPACKING pc=0x000000010a13ab7c sp=0x0000000171f09430 mode 0
Event: 1.396 Thread 0x0000000127016200 DEOPT PACKING pc=0x000000010aa44014 sp=0x0000000171f08710
Event: 1.396 Thread 0x0000000127016200 DEOPT UNPACKING pc=0x000000010a13ab7c sp=0x0000000171f08310 mode 0

Classes unloaded (0 events):
No events

Classes redefined (0 events):
No events

Internal exceptions (20 events):
Event: 0.451 Thread 0x00000001489acc00 Exception <a 'sun/nio/fs/UnixException'{0x00000007879e5a38}> (0x00000007879e5a38) 
thrown [open/src/hotspot/share/prims/jni.cpp, line 516]
Event: 0.541 Thread 0x00000001489acc00 Exception <a 'java/io/FileNotFoundException'{0x0000000787712160}> (0x0000000787712160) 
thrown [open/src/hotspot/share/prims/jni.cpp, line 516]
Event: 0.541 Thread 0x00000001489acc00 Exception <a 'java/io/FileNotFoundException'{0x0000000787712ad0}> (0x0000000787712ad0) 
thrown [open/src/hotspot/share/prims/jni.cpp, line 516]
Event: 0.559 Thread 0x00000001489acc00 Exception <a 'sun/nio/fs/UnixException'{0x00000007876476d0}> (0x00000007876476d0) 
thrown [open/src/hotspot/share/prims/jni.cpp, line 516]
Event: 0.672 Thread 0x00000001489acc00 Exception <a 'java/lang/ClassNotFoundException'{0x0000000787072ef0}: com/sun/javafx/scene/control/skin/resources/controls> (0x0000000787072ef0) 
thrown [open/src/hotspot/share/prims/jni.cpp, line 535]
Event: 0.673 Thread 0x00000001489acc00 Exception <a 'java/lang/ClassNotFoundException'{0x0000000787081298}: com/sun/javafx/scene/control/skin/resources/controls_zh> (0x0000000787081298) 
thrown [open/src/hotspot/share/prims/jni.cpp, line 535]
Event: 0.673 Thread 0x00000001489acc00 Exception <a 'java/lang/ClassNotFoundException'{0x0000000787082230}: com/sun/javafx/scene/control/skin/resources/controls_zh_TW> (0x0000000787082230) 
thrown [open/src/hotspot/share/prims/jni.cpp, line 535]
Event: 0.674 Thread 0x00000001489acc00 Exception <a 'java/lang/ClassNotFoundException'{0x00000007870905b8}: com/sun/javafx/scene/control/skin/resources/controls_zh_Hant> (0x00000007870905b8) 
thrown [open/src/hotspot/share/prims/jni.cpp, line 535]
Event: 0.674 Thread 0x00000001489acc00 Exception <a 'java/lang/ClassNotFoundException'{0x0000000787091558}: com/sun/javafx/scene/control/skin/resources/controls_zh_Hant_TW> (0x0000000787091558) 
thrown [open/src/hotspot/share/prims/jni.cpp, line 535]
Event: 0.703 Thread 0x00000001489acc00 Exception <a 'java/lang/NoSuchMethodError'{0x0000000786eabd98}: 'void java.lang.invoke.DirectMethodHandle$Holder.invokeSpecial(java.lang.Object, java.lang.Object, java.lang.Object, java.lang.Object, java.lang.Object, java.lang.Object)'> (0x0000000786eabd98) 
thrown [open/src/hotspot/share/interpreter/linkResolver.cpp, line 766]
Event: 0.729 Thread 0x00000001489acc00 Exception <a 'java/lang/NoSuchMethodError'{0x0000000786b91eb8}: 'java.lang.Object java.lang.invoke.DirectMethodHandle$Holder.invokeInterface(java.lang.Object, java.lang.Object, java.lang.Object)'> (0x0000000786b91eb8) 
thrown [open/src/hotspot/share/interpreter/linkResolver.cpp, line 766]
Event: 0.729 Thread 0x00000001489acc00 Exception <a 'java/lang/IncompatibleClassChangeError'{0x0000000786b95840}: Found class java.lang.Object, but interface was expected> (0x0000000786b95840) 
thrown [open/src/hotspot/share/interpreter/linkResolver.cpp, line 833]
Event: 0.782 Thread 0x00000001489acc00 Exception <a 'java/lang/NoSuchMethodError'{0x00000007863b8078}: 'java.lang.Object java.lang.invoke.DirectMethodHandle$Holder.newInvokeSpecial(java.lang.Object, java.lang.Object, int, int)'> (0x00000007863b8078) 
thrown [open/src/hotspot/share/interpreter/linkResolver.cpp, line 766]
Event: 0.787 Thread 0x00000001489acc00 Exception <a 'java/lang/NoSuchMethodError'{0x00000007863d4a18}: 'java.lang.Object java.lang.invoke.DirectMethodHandle$Holder.newInvokeSpecial(java.lang.Object, java.lang.Object, int)'> (0x00000007863d4a18) 
thrown [open/src/hotspot/share/interpreter/linkResolver.cpp, line 766]
Event: 0.931 Thread 0x0000000127016200 Exception <a 'java/lang/NoSuchMethodError'{0x00000007861e6e00}: 'int java.lang.invoke.DirectMethodHandle$Holder.invokeStaticInit(java.lang.Object, java.lang.Object)'> (0x00000007861e6e00) 
thrown [open/src/hotspot/share/interpreter/linkResolver.cpp, line 766]
Event: 0.951 Thread 0x00000001489acc00 Exception <a 'java/lang/NoSuchMethodError'{0x0000000786129d68}: 'long java.lang.invoke.DirectMethodHandle$Holder.invokeStatic(java.lang.Object, java.lang.Object, java.lang.Object)'> (0x0000000786129d68) 
thrown [open/src/hotspot/share/interpreter/linkResolver.cpp, line 766]
Event: 0.951 Thread 0x00000001489acc00 Exception <a 'java/lang/NoSuchMethodError'{0x000000078612d510}: 'long java.lang.invoke.DirectMethodHandle$Holder.invokeStaticInit(java.lang.Object, java.lang.Object, java.lang.Object)'> (0x000000078612d510) 
thrown [open/src/hotspot/share/interpreter/linkResolver.cpp, line 766]
Event: 0.952 Thread 0x00000001489acc00 Exception <a 'java/lang/NoSuchMethodError'{0x0000000786145118}: 'java.lang.Object java.lang.invoke.DirectMethodHandle$Holder.newInvokeSpecial(java.lang.Object, java.lang.Object, long)'> (0x0000000786145118) 
thrown [open/src/hotspot/share/interpreter/linkResolver.cpp, line 766]
Event: 0.952 Thread 0x00000001489acc00 Exception <a 'java/lang/NoSuchMethodError'{0x00000007861489e0}: 'java.lang.Object java.lang.invoke.Invokers$Holder.linkToTargetMethod(java.lang.Object, long, java.lang.Object)'> (0x00000007861489e0) 
thrown [open/src/hotspot/share/interpreter/linkResolver.cpp, line 766]
Event: 1.018 Thread 0x0000000127016200 Exception <a 'java/lang/NoSuchMethodError'{0x0000000785dd09f8}: 'java.lang.Object java.lang.invoke.DirectMethodHandle$Holder.invokeStaticInit(java.lang.Object, int)'> (0x0000000785dd09f8) 
thrown [open/src/hotspot/share/interpreter/linkResolver.cpp, line 766]

VM Operations (20 events):
Event: 0.074 Executing VM operation: HandshakeAllThreads
Event: 0.075 Executing VM operation: HandshakeAllThreads done
Event: 0.102 Executing VM operation: ICBufferFull
Event: 0.102 Executing VM operation: ICBufferFull done
Event: 0.388 Executing VM operation: HandshakeAllThreads
Event: 0.388 Executing VM operation: HandshakeAllThreads done
Event: 0.401 Executing VM operation: G1CollectForAllocation
Event: 0.407 Executing VM operation: G1CollectForAllocation done
Event: 0.417 Executing VM operation: HandshakeAllThreads
Event: 0.417 Executing VM operation: HandshakeAllThreads done
Event: 0.440 Executing VM operation: ICBufferFull
Event: 0.440 Executing VM operation: ICBufferFull done
Event: 0.554 Executing VM operation: HandshakeAllThreads
Event: 0.554 Executing VM operation: HandshakeAllThreads done
Event: 0.673 Executing VM operation: ICBufferFull
Event: 0.673 Executing VM operation: ICBufferFull done
Event: 0.753 Executing VM operation: ICBufferFull
Event: 0.753 Executing VM operation: ICBufferFull done
Event: 0.876 Executing VM operation: ICBufferFull
Event: 0.876 Executing VM operation: ICBufferFull done

Events (20 events):
Event: 1.182 loading class sun/util/cldr/CLDRTimeZoneNameProviderImpl
Event: 1.182 loading class sun/util/locale/provider/TimeZoneNameProviderImpl
Event: 1.182 loading class sun/util/locale/provider/TimeZoneNameProviderImpl done
Event: 1.182 loading class sun/util/cldr/CLDRTimeZoneNameProviderImpl done
Event: 1.184 loading class sun/util/locale/provider/BaseLocaleDataMetaInfo
Event: 1.184 loading class sun/util/locale/provider/BaseLocaleDataMetaInfo done
Event: 1.184 loading class sun/util/resources/cldr/TimeZoneNames
Event: 1.185 loading class sun/util/resources/TimeZoneNamesBundle
Event: 1.185 loading class sun/util/resources/OpenListResourceBundle
Event: 1.185 loading class sun/util/resources/OpenListResourceBundle done
Event: 1.185 loading class sun/util/resources/TimeZoneNamesBundle done
Event: 1.185 loading class sun/util/resources/cldr/TimeZoneNames done
Event: 1.185 loading class sun/util/resources/cldr/TimeZoneNames_en
Event: 1.185 loading class sun/util/resources/cldr/TimeZoneNames_en done
Event: 1.185 loading class sun/util/resources/cldr/TimeZoneNames_en_US
Event: 1.185 loading class sun/util/resources/cldr/TimeZoneNames_en_US done
Event: 1.186 loading class sun/util/resources/TimeZoneNames
Event: 1.186 loading class sun/util/resources/TimeZoneNames done
Event: 1.186 loading class sun/util/resources/TimeZoneNames_en
Event: 1.186 loading class sun/util/resources/TimeZoneNames_en done


Dynamic libraries:
0x0000000100b70000 	/Library/Java/JavaVirtualMachines/jdk-17.0.1.jdk/Contents/Home/lib/libjli.dylib
0x0000000194f96000 	/usr/lib/libz.1.dylib
0x0000000195046000 	/usr/lib/libSystem.B.dylib
0x0000000195040000 	/usr/lib/system/libcache.dylib
0x0000000194ffe000 	/usr/lib/system/libcommonCrypto.dylib
0x0000000195027000 	/usr/lib/system/libcompiler_rt.dylib
0x000000019501e000 	/usr/lib/system/libcopyfile.dylib
0x000000018a34a000 	/usr/lib/system/libcorecrypto.dylib
0x000000018a3ef000 	/usr/lib/system/libdispatch.dylib
0x000000018a5b7000 	/usr/lib/system/libdyld.dylib
0x0000000195036000 	/usr/lib/system/libkeymgr.dylib
0x0000000194fe0000 	/usr/lib/system/libmacho.dylib
0x00000001946ec000 	/usr/lib/system/libquarantine.dylib
0x0000000195033000 	/usr/lib/system/libremovefile.dylib
0x000000018f739000 	/usr/lib/system/libsystem_asl.dylib
0x000000018a2f4000 	/usr/lib/system/libsystem_blocks.dylib
0x000000018a475000 	/usr/lib/system/libsystem_c.dylib
0x000000019502b000 	/usr/lib/system/libsystem_collections.dylib
0x0000000193b49000 	/usr/lib/system/libsystem_configuration.dylib
0x0000000192dcf000 	/usr/lib/system/libsystem_containermanager.dylib
0x0000000194d4a000 	/usr/lib/system/libsystem_coreservices.dylib
0x000000018ccdc000 	/usr/lib/system/libsystem_darwin.dylib
0x0000000195037000 	/usr/lib/system/libsystem_dnssd.dylib
0x000000018a472000 	/usr/lib/system/libsystem_featureflags.dylib
0x000000018a5cc000 	/usr/lib/system/libsystem_info.dylib
0x0000000194fa8000 	/usr/lib/system/libsystem_m.dylib
0x000000018a3c4000 	/usr/lib/system/libsystem_malloc.dylib
0x000000018f6ca000 	/usr/lib/system/libsystem_networkextension.dylib
0x000000018d12f000 	/usr/lib/system/libsystem_notify.dylib
0x000000019b213000 	/usr/lib/system/libsystem_product_info_filter.dylib
0x0000000193b4e000 	/usr/lib/system/libsystem_sandbox.dylib
0x0000000195030000 	/usr/lib/system/libsystem_secinit.dylib
0x000000018a574000 	/usr/lib/system/libsystem_kernel.dylib
0x000000018a5c4000 	/usr/lib/system/libsystem_platform.dylib
0x000000018a5aa000 	/usr/lib/system/libsystem_pthread.dylib
0x0000000190e6f000 	/usr/lib/system/libsystem_symptoms.dylib
0x000000018a330000 	/usr/lib/system/libsystem_trace.dylib
0x000000019500b000 	/usr/lib/system/libunwind.dylib
0x000000018a2f6000 	/usr/lib/system/libxpc.dylib
0x000000018a55a000 	/usr/lib/libc++abi.dylib
0x000000018a436000 	/usr/lib/libobjc.A.dylib
0x0000000195016000 	/usr/lib/liboah.dylib
0x000000018a4f6000 	/usr/lib/libc++.1.dylib
0x00000001a0bf0000 	/System/Library/Frameworks/Cocoa.framework/Versions/A/Cocoa
0x000000018d18e000 	/System/Library/Frameworks/AppKit.framework/Versions/C/AppKit
0x00000001906b0000 	/System/Library/Frameworks/CoreData.framework/Versions/A/CoreData
0x000000018b4ef000 	/System/Library/Frameworks/Foundation.framework/Versions/C/Foundation
0x000000018e040000 	/System/Library/PrivateFrameworks/UIFoundation.framework/Versions/A/UIFoundation
0x000000019af0d000 	/System/Library/PrivateFrameworks/RemoteViewServices.framework/Versions/A/RemoteViewServices
0x0000000193508000 	/System/Library/PrivateFrameworks/XCTTargetBootstrap.framework/Versions/A/XCTTargetBootstrap
0x0000000196d48000 	/System/Library/PrivateFrameworks/InternationalSupport.framework/Versions/A/InternationalSupport
0x0000000196dd1000 	/System/Library/PrivateFrameworks/UserActivity.framework/Versions/A/UserActivity
0x0000000196273000 	/usr/lib/libspindump.dylib
0x000000018e2b0000 	/System/Library/Frameworks/UniformTypeIdentifiers.framework/Versions/A/UniformTypeIdentifiers
0x0000000191a96000 	/usr/lib/libapp_launch_measurement.dylib
0x0000000191013000 	/System/Library/PrivateFrameworks/CoreAnalytics.framework/Versions/A/CoreAnalytics
0x0000000191a99000 	/System/Library/PrivateFrameworks/CoreAutoLayout.framework/Versions/A/CoreAutoLayout
0x0000000192e0c000 	/System/Library/Frameworks/Metal.framework/Versions/A/Metal
0x0000000193b59000 	/usr/lib/liblangid.dylib
0x000000019350c000 	/System/Library/PrivateFrameworks/CoreSVG.framework/Versions/A/CoreSVG
0x000000018f76d000 	/System/Library/PrivateFrameworks/SkyLight.framework/Versions/A/SkyLight
0x000000018fb35000 	/System/Library/Frameworks/CoreGraphics.framework/Versions/A/CoreGraphics
0x000000019b586000 	/System/Library/Frameworks/Accelerate.framework/Versions/A/Accelerate
0x0000000195ce8000 	/System/Library/PrivateFrameworks/IconServices.framework/Versions/A/IconServices
0x0000000192dee000 	/System/Library/Frameworks/IOSurface.framework/Versions/A/IOSurface
0x0000000191043000 	/usr/lib/libDiagnosticMessagesClient.dylib
0x000000019e9be000 	/System/Library/Frameworks/ApplicationServices.framework/Versions/A/ApplicationServices
0x00000001934f0000 	/System/Library/PrivateFrameworks/DFRFoundation.framework/Versions/A/DFRFoundation
0x000000018ca31000 	/usr/lib/libicucore.A.dylib
0x0000000197b45000 	/System/Library/Frameworks/AudioToolbox.framework/Versions/A/AudioToolbox
0x0000000196d54000 	/System/Library/PrivateFrameworks/DataDetectorsCore.framework/Versions/A/DataDetectorsCore
0x00000001acd70000 	/System/Library/PrivateFrameworks/TextInput.framework/Versions/A/TextInput
0x000000018f6e4000 	/usr/lib/libMobileGestalt.dylib
0x00000001931c0000 	/System/Library/Frameworks/Carbon.framework/Versions/A/Frameworks/HIToolbox.framework/Versions/A/HIToolbox
0x00000001914a0000 	/System/Library/Frameworks/QuartzCore.framework/Versions/A/QuartzCore
0x000000018c6ae000 	/System/Library/Frameworks/Security.framework/Versions/A/Security
0x000000019af4d000 	/System/Library/Frameworks/Carbon.framework/Versions/A/Frameworks/SpeechRecognition.framework/Versions/A/SpeechRecognition
0x00000001917ed000 	/System/Library/PrivateFrameworks/CoreUI.framework/Versions/A/CoreUI
0x000000018bf81000 	/System/Library/Frameworks/CoreAudio.framework/Versions/A/CoreAudio
0x0000000191133000 	/System/Library/Frameworks/DiskArbitration.framework/Versions/A/DiskArbitration
0x000000019665b000 	/System/Library/PrivateFrameworks/MultitouchSupport.framework/Versions/A/MultitouchSupport
0x000000018f6e2000 	/usr/lib/libenergytrace.dylib
0x000000018d05a000 	/System/Library/Frameworks/IOKit.framework/Versions/A/IOKit
0x000000019b334000 	/System/Library/Frameworks/CoreServices.framework/Versions/A/CoreServices
0x0000000191a26000 	/System/Library/PrivateFrameworks/PerformanceAnalysis.framework/Versions/A/PerformanceAnalysis
0x00000001eb595000 	/System/Library/Frameworks/OpenGL.framework/Versions/A/OpenGL
0x000000019460c000 	/System/Library/PrivateFrameworks/MobileKeyBag.framework/Versions/A/MobileKeyBag
0x0000000190145000 	/System/Library/Frameworks/ColorSync.framework/Versions/A/ColorSync
0x000000018a5f8000 	/System/Library/Frameworks/CoreFoundation.framework/Versions/A/CoreFoundation
0x000000019378d000 	/System/Library/Frameworks/CoreImage.framework/Versions/A/CoreImage
0x000000018bda4000 	/System/Library/Frameworks/CoreText.framework/Versions/A/CoreText
0x000000019353c000 	/System/Library/Frameworks/ImageIO.framework/Versions/A/ImageIO
0x000000019504c000 	/System/Library/PrivateFrameworks/SoftLinking.framework/Versions/A/SoftLinking
0x0000000191ae3000 	/usr/lib/libxml2.2.dylib
0x00000001952e4000 	/usr/lib/libcompression.dylib
0x0000000196ca1000 	/System/Library/PrivateFrameworks/TextureIO.framework/Versions/A/TextureIO
0x0000000195a02000 	/usr/lib/libate.dylib
0x00000001958ca000 	/usr/lib/liblzma.5.dylib
0x000000018b1e0000 	/System/Library/Frameworks/SystemConfiguration.framework/Versions/A/SystemConfiguration
0x0000000195048000 	/usr/lib/libfakelink.dylib
0x000000018f212000 	/System/Library/Frameworks/CFNetwork.framework/Versions/A/CFNetwork
0x000000019518f000 	/usr/lib/libarchive.2.dylib
0x0000000193b55000 	/System/Library/PrivateFrameworks/AppleSystemInfo.framework/Versions/A/AppleSystemInfo
0x0000000194716000 	/usr/lib/libbsm.0.dylib
0x000000018e74f000 	/usr/lib/libnetwork.dylib
0x0000000194fe6000 	/usr/lib/system/libkxld.dylib
0x000000019432e000 	/System/Library/PrivateFrameworks/IOMobileFramebuffer.framework/Versions/A/IOMobileFramebuffer
0x0000000206ec0000 	/usr/lib/libCoreEntitlements.dylib
0x0000000194d2c000 	/System/Library/PrivateFrameworks/AppleFSCompression.framework/Versions/A/AppleFSCompression
0x00000001946ff000 	/usr/lib/libcoretls.dylib
0x00000001958e3000 	/usr/lib/libcoretls_cfhelpers.dylib
0x00000001952df000 	/usr/lib/libpam.2.dylib
0x0000000190a97000 	/usr/lib/libsqlite3.dylib
0x000000019594b000 	/usr/lib/libxar.1.dylib
0x0000000194d3d000 	/usr/lib/libbz2.1.0.dylib
0x000000019504d000 	/usr/lib/libpcap.A.dylib
0x0000000190e66000 	/usr/lib/libdns_services.dylib
0x00000001952b2000 	/usr/lib/libapple_nghttp2.dylib
0x000000019508a000 	/usr/lib/libiconv.2.dylib
0x0000000194fdf000 	/usr/lib/libcharset.1.dylib
0x0000000191a62000 	/System/Library/Frameworks/CoreServices.framework/Versions/A/Frameworks/FSEvents.framework/Versions/A/FSEvents
0x000000018cce7000 	/System/Library/Frameworks/CoreServices.framework/Versions/A/Frameworks/CarbonCore.framework/Versions/A/CarbonCore
0x0000000191096000 	/System/Library/Frameworks/CoreServices.framework/Versions/A/Frameworks/Metadata.framework/Versions/A/Metadata
0x0000000194d50000 	/System/Library/Frameworks/CoreServices.framework/Versions/A/Frameworks/OSServices.framework/Versions/A/OSServices
0x0000000195214000 	/System/Library/Frameworks/CoreServices.framework/Versions/A/Frameworks/SearchKit.framework/Versions/A/SearchKit
0x0000000190df4000 	/System/Library/Frameworks/CoreServices.framework/Versions/A/Frameworks/AE.framework/Versions/A/AE
0x000000018ab3c000 	/System/Library/Frameworks/CoreServices.framework/Versions/A/Frameworks/LaunchServices.framework/Versions/A/LaunchServices
0x0000000195873000 	/System/Library/Frameworks/CoreServices.framework/Versions/A/Frameworks/DictionaryServices.framework/Versions/A/DictionaryServices
0x0000000191a6f000 	/System/Library/Frameworks/CoreServices.framework/Versions/A/Frameworks/SharedFileList.framework/Versions/A/SharedFileList
0x00000001946ef000 	/usr/lib/libCheckFix.dylib
0x000000018f751000 	/System/Library/PrivateFrameworks/TCC.framework/Versions/A/TCC
0x0000000193b5b000 	/System/Library/PrivateFrameworks/CoreNLP.framework/Versions/A/CoreNLP
0x0000000191046000 	/System/Library/PrivateFrameworks/MetadataUtilities.framework/Versions/A/MetadataUtilities
0x000000018b299000 	/usr/lib/libmecabra.dylib
0x0000000194727000 	/usr/lib/libmecab.dylib
0x000000018b265000 	/usr/lib/libCRFSuite.dylib
0x0000000194785000 	/usr/lib/libgermantok.dylib
0x000000019528b000 	/usr/lib/libThaiTokenizer.dylib
0x000000019113b000 	/System/Library/Frameworks/Accelerate.framework/Versions/A/Frameworks/vImage.framework/Versions/A/vImage
0x000000019b30b000 	/System/Library/Frameworks/Accelerate.framework/Versions/A/Frameworks/vecLib.framework/Versions/A/vecLib
0x000000019598f000 	/System/Library/Frameworks/Accelerate.framework/Versions/A/Frameworks/vecLib.framework/Versions/A/libvMisc.dylib
0x0000000194238000 	/System/Library/Frameworks/Accelerate.framework/Versions/A/Frameworks/vecLib.framework/Versions/A/libvDSP.dylib
0x000000018aebf000 	/System/Library/Frameworks/Accelerate.framework/Versions/A/Frameworks/vecLib.framework/Versions/A/libBLAS.dylib
0x00000001953b3000 	/System/Library/Frameworks/Accelerate.framework/Versions/A/Frameworks/vecLib.framework/Versions/A/libLAPACK.dylib
0x0000000194788000 	/System/Library/Frameworks/Accelerate.framework/Versions/A/Frameworks/vecLib.framework/Versions/A/libLinearAlgebra.dylib
0x00000001952ca000 	/System/Library/Frameworks/Accelerate.framework/Versions/A/Frameworks/vecLib.framework/Versions/A/libSparseBLAS.dylib
0x00000001953ae000 	/System/Library/Frameworks/Accelerate.framework/Versions/A/Frameworks/vecLib.framework/Versions/A/libQuadrature.dylib
0x0000000193c52000 	/System/Library/Frameworks/Accelerate.framework/Versions/A/Frameworks/vecLib.framework/Versions/A/libBNNS.dylib
0x000000018b17d000 	/System/Library/Frameworks/Accelerate.framework/Versions/A/Frameworks/vecLib.framework/Versions/A/libSparse.dylib
0x0000000193c4a000 	/System/Library/PrivateFrameworks/LinguisticData.framework/Versions/A/LinguisticData
0x000000018b133000 	/System/Library/PrivateFrameworks/Lexicon.framework/Versions/A/Lexicon
0x0000000195987000 	/usr/lib/libChineseTokenizer.dylib
0x000000018b8dd000 	/System/Library/PrivateFrameworks/LanguageModeling.framework/Versions/A/LanguageModeling
0x000000019528d000 	/System/Library/PrivateFrameworks/AppleSauce.framework/Versions/A/AppleSauce
0x000000019431b000 	/System/Library/PrivateFrameworks/CoreEmoji.framework/Versions/A/CoreEmoji
0x000000019517d000 	/usr/lib/libcmph.dylib
0x0000000191a42000 	/System/Library/Frameworks/OpenDirectory.framework/Versions/A/Frameworks/CFOpenDirectory.framework/Versions/A/CFOpenDirectory
0x0000000191a32000 	/System/Library/Frameworks/OpenDirectory.framework/Versions/A/OpenDirectory
0x00000001958e5000 	/System/Library/PrivateFrameworks/APFS.framework/Versions/A/APFS
0x0000000194647000 	/System/Library/Frameworks/SecurityFoundation.framework/Versions/A/SecurityFoundation
0x0000000195959000 	/usr/lib/libutil.dylib
0x000000018d01c000 	/System/Library/PrivateFrameworks/CoreServicesStore.framework/Versions/A/CoreServicesStore
0x000000019595d000 	/usr/lib/libxslt.1.dylib
0x00000001946db000 	/System/Library/PrivateFrameworks/BackgroundTaskManagement.framework/Versions/A/BackgroundTaskManagement
0x0000000196bc2000 	/System/Library/Frameworks/ImageIO.framework/Versions/A/Resources/libRadiance.dylib
0x0000000196bcb000 	/System/Library/Frameworks/ImageIO.framework/Versions/A/Resources/libJPEG.dylib
0x0000000196b1d000 	/System/Library/Frameworks/ImageIO.framework/Versions/A/Resources/libPng.dylib
0x0000000196b3f000 	/System/Library/Frameworks/ImageIO.framework/Versions/A/Resources/libTIFF.dylib
0x0000000196c26000 	/System/Library/Frameworks/ImageIO.framework/Versions/A/Resources/libGIF.dylib
0x000000019656b000 	/System/Library/Frameworks/ImageIO.framework/Versions/A/Resources/libJP2.dylib
0x0000000195cae000 	/usr/lib/libexpat.1.dylib
0x0000000196526000 	/System/Library/PrivateFrameworks/AppleJPEG.framework/Versions/A/AppleJPEG
0x000000019307f000 	/System/Library/PrivateFrameworks/FontServices.framework/libFontParser.dylib
0x0000000190d99000 	/System/Library/PrivateFrameworks/RunningBoardServices.framework/Versions/A/RunningBoardServices
0x00000001a125b000 	/System/Library/PrivateFrameworks/IOSurfaceAccelerator.framework/Versions/A/IOSurfaceAccelerator
0x0000000196657000 	/System/Library/PrivateFrameworks/WatchdogClient.framework/Versions/A/WatchdogClient
0x000000018b9e1000 	/System/Library/Frameworks/CoreDisplay.framework/Versions/A/CoreDisplay
0x0000000192f6e000 	/System/Library/Frameworks/CoreMedia.framework/Versions/A/CoreMedia
0x0000000192e02000 	/System/Library/PrivateFrameworks/IOAccelerator.framework/Versions/A/IOAccelerator
0x0000000191bd0000 	/System/Library/Frameworks/CoreVideo.framework/Versions/A/CoreVideo
0x00000001952dd000 	/System/Library/Frameworks/MetalPerformanceShaders.framework/Versions/A/MetalPerformanceShaders
0x0000000196694000 	/System/Library/Frameworks/VideoToolbox.framework/Versions/A/VideoToolbox
0x0000000190cdd000 	/System/Library/PrivateFrameworks/BaseBoard.framework/Versions/A/BaseBoard
0x0000000190a7c000 	/System/Library/PrivateFrameworks/ProtocolBuffer.framework/Versions/A/ProtocolBuffer
0x0000000196bbd000 	/System/Library/PrivateFrameworks/GPUWrangler.framework/Versions/A/GPUWrangler
0x0000000196b9c000 	/System/Library/PrivateFrameworks/IOPresentment.framework/Versions/A/IOPresentment
0x0000000196bc5000 	/System/Library/PrivateFrameworks/DSExternalDisplay.framework/Versions/A/DSExternalDisplay
0x00000001eb588000 	/System/Library/Frameworks/OpenGL.framework/Versions/A/Libraries/libCoreFSCache.dylib
0x00000001f4ca2000 	/System/Library/PrivateFrameworks/GPUCompiler.framework/Versions/31001/Libraries/libGPUCompilerUtils.dylib
0x0000000196c2b000 	/System/Library/PrivateFrameworks/CMCaptureCore.framework/Versions/A/CMCaptureCore
0x0000000196261000 	/System/Library/PrivateFrameworks/AppServerSupport.framework/Versions/A/AppServerSupport
0x0000000198400000 	/System/Library/PrivateFrameworks/perfdata.framework/Versions/A/perfdata
0x000000018bb01000 	/System/Library/PrivateFrameworks/AudioToolboxCore.framework/Versions/A/AudioToolboxCore
0x0000000192f46000 	/System/Library/PrivateFrameworks/caulk.framework/Versions/A/caulk
0x0000000197cf5000 	/usr/lib/libAudioStatistics.dylib
0x00000001a950e000 	/System/Library/PrivateFrameworks/SystemPolicy.framework/Versions/A/SystemPolicy
0x0000000197f55000 	/usr/lib/libSMC.dylib
0x00000001a0ad2000 	/System/Library/Frameworks/CoreMIDI.framework/Versions/A/CoreMIDI
0x0000000196aeb000 	/usr/lib/libAudioToolboxUtility.dylib
0x00000001a59b4000 	/System/Library/PrivateFrameworks/OSAServicesClient.framework/Versions/A/OSAServicesClient
0x000000019840d000 	/usr/lib/libperfcheck.dylib
0x00000001aa011000 	/usr/lib/libmis.dylib
0x00000001eb5e9000 	/System/Library/Frameworks/OpenGL.framework/Versions/A/Libraries/libGLU.dylib
0x00000001eb5a8000 	/System/Library/Frameworks/OpenGL.framework/Versions/A/Libraries/libGFXShared.dylib
0x00000001eb792000 	/System/Library/Frameworks/OpenGL.framework/Versions/A/Libraries/libGL.dylib
0x00000001eb5b1000 	/System/Library/Frameworks/OpenGL.framework/Versions/A/Libraries/libGLImage.dylib
0x00000001eb5a5000 	/System/Library/Frameworks/OpenGL.framework/Versions/A/Libraries/libCVMSPluginSupport.dylib
0x00000001eb58f000 	/System/Library/Frameworks/OpenGL.framework/Versions/A/Libraries/libCoreVMClient.dylib
0x0000000193ad7000 	/System/Library/Frameworks/MetalPerformanceShaders.framework/Versions/A/Frameworks/MPSCore.framework/Versions/A/MPSCore
0x0000000194c9f000 	/System/Library/Frameworks/MetalPerformanceShaders.framework/Versions/A/Frameworks/MPSImage.framework/Versions/A/MPSImage
0x000000019479d000 	/System/Library/Frameworks/MetalPerformanceShaders.framework/Versions/A/Frameworks/MPSNeuralNetwork.framework/Versions/A/MPSNeuralNetwork
0x0000000194bda000 	/System/Library/Frameworks/MetalPerformanceShaders.framework/Versions/A/Frameworks/MPSMatrix.framework/Versions/A/MPSMatrix
0x00000001949b5000 	/System/Library/Frameworks/MetalPerformanceShaders.framework/Versions/A/Frameworks/MPSRayIntersector.framework/Versions/A/MPSRayIntersector
0x0000000194c0b000 	/System/Library/Frameworks/MetalPerformanceShaders.framework/Versions/A/Frameworks/MPSNDArray.framework/Versions/A/MPSNDArray
0x00000001ed2a4000 	/System/Library/Frameworks/MetalPerformanceShaders.framework/Versions/A/Frameworks/MPSFunctions.framework/Versions/A/MPSFunctions
0x000000018ad9d000 	/System/Library/PrivateFrameworks/MetalTools.framework/Versions/A/MetalTools
0x0000000193b53000 	/System/Library/PrivateFrameworks/AggregateDictionary.framework/Versions/A/AggregateDictionary
0x0000000195a94000 	/usr/lib/libIOReport.dylib
0x000000019fac0000 	/System/Library/PrivateFrameworks/ASEProcessing.framework/Versions/A/ASEProcessing
0x0000000195e06000 	/System/Library/PrivateFrameworks/FaceCore.framework/Versions/A/FaceCore
0x0000000195df8000 	/System/Library/PrivateFrameworks/GraphVisualizer.framework/Versions/A/GraphVisualizer
0x00000001f4bb9000 	/System/Library/PrivateFrameworks/FontServices.framework/Versions/A/FontServices
0x000000019621b000 	/System/Library/PrivateFrameworks/OTSVG.framework/Versions/A/OTSVG
0x000000019179e000 	/System/Library/Frameworks/ApplicationServices.framework/Versions/A/Frameworks/ATS.framework/Versions/A/Resources/libFontRegistry.dylib
0x000000019626a000 	/System/Library/PrivateFrameworks/FontServices.framework/libhvf.dylib
0x00000001f4bba000 	/System/Library/PrivateFrameworks/FontServices.framework/libXTFontStaticRegistryData.dylib
0x00000001eb934000 	/System/Library/Frameworks/OpenCL.framework/Versions/A/OpenCL
0x0000000195c62000 	/System/Library/PrivateFrameworks/AppleVA.framework/Versions/A/AppleVA
0x0000000197d1d000 	/System/Library/Frameworks/ApplicationServices.framework/Versions/A/Frameworks/ATS.framework/Versions/A/ATS
0x0000000190242000 	/System/Library/Frameworks/ApplicationServices.framework/Versions/A/Frameworks/HIServices.framework/Versions/A/HIServices
0x0000000196c35000 	/System/Library/Frameworks/ApplicationServices.framework/Versions/A/Frameworks/PrintCore.framework/Versions/A/PrintCore
0x00000001980a8000 	/System/Library/Frameworks/ApplicationServices.framework/Versions/A/Frameworks/QD.framework/Versions/A/QD
0x00000001980a0000 	/System/Library/Frameworks/ApplicationServices.framework/Versions/A/Frameworks/ColorSyncLegacy.framework/Versions/A/ColorSyncLegacy
0x0000000197d09000 	/System/Library/Frameworks/ApplicationServices.framework/Versions/A/Frameworks/SpeechSynthesis.framework/Versions/A/SpeechSynthesis
0x0000000196bf6000 	/System/Library/Frameworks/ApplicationServices.framework/Versions/A/Frameworks/ATSUI.framework/Versions/A/ATSUI
0x0000000198035000 	/usr/lib/libcups.2.dylib
0x000000019841b000 	/System/Library/Frameworks/Kerberos.framework/Versions/A/Kerberos
0x000000019842c000 	/System/Library/Frameworks/GSS.framework/Versions/A/GSS
0x0000000197d8c000 	/usr/lib/libresolv.9.dylib
0x0000000196278000 	/System/Library/PrivateFrameworks/Heimdal.framework/Versions/A/Heimdal
0x000000019ed34000 	/System/Library/Frameworks/Kerberos.framework/Versions/A/Libraries/libHeimdalProxy.dylib
0x0000000190e78000 	/System/Library/Frameworks/Network.framework/Versions/A/Network
0x0000000195cc9000 	/usr/lib/libheimdal-asn1.dylib
0x0000000198472000 	/System/Library/PrivateFrameworks/CommonAuth.framework/Versions/A/CommonAuth
0x0000000197c83000 	/System/Library/PrivateFrameworks/AudioSession.framework/Versions/A/AudioSession
0x0000000195d5a000 	/System/Library/PrivateFrameworks/MediaExperience.framework/Versions/A/MediaExperience
0x0000000197b0b000 	/System/Library/PrivateFrameworks/AudioSession.framework/libSessionUtility.dylib
0x00000001980b4000 	/System/Library/PrivateFrameworks/AudioResourceArbitration.framework/Versions/A/AudioResourceArbitration
0x0000000195cd2000 	/System/Library/PrivateFrameworks/IconFoundation.framework/Versions/A/IconFoundation
0x000000019af39000 	/System/Library/PrivateFrameworks/SpeechRecognitionCore.framework/Versions/A/SpeechRecognitionCore
0x00000001ce6b2000 	/System/Library/CoreServices/Encodings/libTraditionalChineseConverter.dylib
0x0000000101a98000 	/Library/Java/JavaVirtualMachines/jdk-17.0.1.jdk/Contents/Home/lib/server/libjvm.dylib
0x0000000100bc4000 	/Library/Java/JavaVirtualMachines/jdk-17.0.1.jdk/Contents/Home/lib/libjimage.dylib
0x0000000100bf0000 	/Library/Java/JavaVirtualMachines/jdk-17.0.1.jdk/Contents/Home/lib/libinstrument.dylib
0x0000000100c3c000 	/Library/Java/JavaVirtualMachines/jdk-17.0.1.jdk/Contents/Home/lib/libjava.dylib
0x000000011f164000 	/Library/Java/JavaVirtualMachines/jdk-17.0.1.jdk/Contents/Home/lib/libnio.dylib
0x000000011f184000 	/Library/Java/JavaVirtualMachines/jdk-17.0.1.jdk/Contents/Home/lib/libnet.dylib
0x0000000100c24000 	/Library/Java/JavaVirtualMachines/jdk-17.0.1.jdk/Contents/Home/lib/libzip.dylib
0x000000011f1a8000 	/Users/sean/.openjfx/cache/17.0.0.1/libprism_es2.dylib
0x000000018cfdf000 	/System/Library/PrivateFrameworks/CoreServicesInternal.framework/Versions/A/CoreServicesInternal
0x00000001eb79c000 	/System/Library/Frameworks/OpenGL.framework/Versions/A/Resources/GLEngine.bundle/GLEngine
0x00000001eb623000 	/System/Library/Frameworks/OpenGL.framework/Versions/A/Libraries/libGLProgrammability.dylib
0x000000011f5b4000 	/System/Library/Extensions/AppleMetalOpenGLRenderer.bundle/Contents/MacOS/AppleMetalOpenGLRenderer
0x00000001eb90b000 	/System/Library/Frameworks/OpenGL.framework/Versions/A/Resources/GLRendererFloat.bundle/GLRendererFloat
0x00000001eb9ac000 	/System/Library/Extensions/AGXMetal13_3.bundle/Contents/MacOS/AGXMetal13_3
0x00000001aa02d000 	/System/Library/PrivateFrameworks/GPURawCounter.framework/Versions/A/GPURawCounter
0x00000001a4b02000 	/System/Library/PrivateFrameworks/IOGPU.framework/Versions/A/IOGPU
0x000000011f64c000 	/Users/sean/.openjfx/cache/17.0.0.1/libglass.dylib
0x000000019c3d9000 	/System/Library/Frameworks/FileProvider.framework/Versions/A/FileProvider
0x0000000190c45000 	/System/Library/Frameworks/Accounts.framework/Versions/A/Accounts
0x000000019c559000 	/System/Library/PrivateFrameworks/GenerationalStorage.framework/Versions/A/GenerationalStorage
0x000000019d109000 	/System/Library/PrivateFrameworks/CoreSymbolication.framework/Versions/A/CoreSymbolication
0x000000019c179000 	/System/Library/PrivateFrameworks/SymptomDiagnosticReporter.framework/Versions/A/SymptomDiagnosticReporter
0x000000018e2c4000 	/System/Library/PrivateFrameworks/DesktopServicesPriv.framework/Versions/A/DesktopServicesPriv
0x000000018d13e000 	/usr/lib/libsandbox.1.dylib
0x0000000191c5c000 	/System/Library/PrivateFrameworks/UserManagement.framework/Versions/A/UserManagement
0x000000019d0ca000 	/System/Library/PrivateFrameworks/DebugSymbols.framework/Versions/A/DebugSymbols
0x0000000198093000 	/System/Library/PrivateFrameworks/NetAuth.framework/Versions/A/NetAuth
0x0000000198f91000 	/System/Library/PrivateFrameworks/Sharing.framework/Versions/A/Sharing
0x0000000191c2c000 	/System/Library/PrivateFrameworks/login.framework/Versions/A/Frameworks/loginsupport.framework/Versions/A/loginsupport
0x000000019e27a000 	/System/Library/PrivateFrameworks/Apple80211.framework/Versions/A/Apple80211
0x0000000194d83000 	/System/Library/PrivateFrameworks/AuthKit.framework/Versions/A/AuthKit
0x000000019441a000 	/System/Library/PrivateFrameworks/CoreUtils.framework/Versions/A/CoreUtils
0x000000019433a000 	/System/Library/Frameworks/CoreWLAN.framework/Versions/A/CoreWLAN
0x00000001990fa000 	/System/Library/Frameworks/IOBluetooth.framework/Versions/A/IOBluetooth
0x000000019e2da000 	/System/Library/PrivateFrameworks/CoreWiFi.framework/Versions/A/CoreWiFi
0x000000019ccb1000 	/System/Library/PrivateFrameworks/FrontBoardServices.framework/Versions/A/FrontBoardServices
0x000000019cd49000 	/System/Library/PrivateFrameworks/BoardServices.framework/Versions/A/BoardServices
0x0000000194635000 	/System/Library/PrivateFrameworks/AssertionServices.framework/Versions/A/AssertionServices
0x000000019e448000 	/System/Library/PrivateFrameworks/BackBoardServices.framework/Versions/A/BackBoardServices
0x0000000198505000 	/System/Library/PrivateFrameworks/CorePhoneNumbers.framework/Versions/A/CorePhoneNumbers
0x000000019c2a9000 	/System/Library/PrivateFrameworks/DiskManagement.framework/Versions/A/DiskManagement
0x000000019c1ac000 	/System/Library/PrivateFrameworks/AppleIDAuthSupport.framework/Versions/A/AppleIDAuthSupport
0x00000001ef53d000 	/System/Library/PrivateFrameworks/AAAFoundation.framework/Versions/A/AAAFoundation
0x00000001984e4000 	/System/Library/PrivateFrameworks/KeychainCircle.framework/Versions/A/KeychainCircle
0x000000019c275000 	/System/Library/PrivateFrameworks/MediaKit.framework/Versions/A/MediaKit
0x000000019c1b9000 	/System/Library/Frameworks/DiscRecording.framework/Versions/A/DiscRecording
0x0000000195bde000 	/usr/lib/libCoreStorage.dylib
0x000000019e742000 	/usr/lib/libcsfde.dylib
0x00000001991cf000 	/System/Library/PrivateFrameworks/ProtectedCloudStorage.framework/Versions/A/ProtectedCloudStorage
0x000000019e73a000 	/System/Library/PrivateFrameworks/EFILogin.framework/Versions/A/EFILogin
0x000000019c580000 	/System/Library/PrivateFrameworks/OctagonTrust.framework/Versions/A/OctagonTrust
0x00000001f3e24000 	/System/Library/PrivateFrameworks/CoreUtilsExtras.framework/Versions/A/CoreUtilsExtras
0x000000019c0eb000 	/System/Library/Frameworks/CoreBluetooth.framework/Versions/A/CoreBluetooth
0x000000019edb9000 	/System/Library/Frameworks/AudioUnit.framework/Versions/A/AudioUnit
0x0000000195bd6000 	/usr/lib/libMatch.1.dylib
0x00000001ae294000 	/System/Library/Frameworks/Accelerate.framework/Versions/A/Frameworks/vImage.framework/Versions/A/Libraries/libCGInterfaces.dylib
0x00000001227e4000 	/usr/lib/libobjc-trampolines.dylib
0x000000019192a000 	/System/Library/PrivateFrameworks/ViewBridge.framework/Versions/A/ViewBridge
0x0000000196326000 	/System/Library/PrivateFrameworks/login.framework/Versions/A/login
0x0000000195a9d000 	/System/Library/PrivateFrameworks/CrashReporterSupport.framework/Versions/A/CrashReporterSupport
0x00000001b5ba3000 	/System/Library/PrivateFrameworks/OSAnalytics.framework/Versions/A/OSAnalytics
0x00000001c0cf2000 	/System/Library/PrivateFrameworks/Symbolication.framework/Versions/A/Symbolication
0x00000001a9fee000 	/System/Library/PrivateFrameworks/MallocStackLogging.framework/Versions/A/MallocStackLogging
0x0000000126d88000 	/Users/sean/.openjfx/cache/17.0.0.1/libjavafx_font.dylib
0x000000020703a000 	/usr/lib/libRosetta.dylib


VM Arguments:
jvm_args: -javaagent:/Applications/IntelliJ IDEA CE.app/Contents/lib/idea_rt.jar=57093:/Applications/IntelliJ IDEA CE.app/Contents/bin -Dfile.encoding=UTF-8 --module-path=/Users/sean/.m2/repository/org/openjfx/javafx-base/17.0.0.1/javafx-base-17.0.0.1-mac-aarch64.jar:/Users/sean/.m2/repository/org/openjfx/javafx-controls/17.0.0.1/javafx-controls-17.0.0.1-mac-aarch64.jar:/Users/sean/.m2/repository/org/openjfx/javafx-graphics/17.0.0.1/javafx-graphics-17.0.0.1-mac-aarch64.jar:/Users/sean/.m2/repository/org/openjfx/javafx-fxml/17.0.0.1/javafx-fxml-17.0.0.1-mac-aarch64.jar:/Users/sean/Documents/GitHub/Meal-Ordering-System/FoodOrderingSystem/target/classes -Djdk.module.main=com.example.foodorderingsystem 
java_command: com.example.foodorderingsystem/com.example.foodorderingsystem.HelloApplication
java_class_path (initial): /Users/sean/.m2/repository/org/openjfx/javafx-controls/17.0.0.1/javafx-controls-17.0.0.1.jar:/Users/sean/.m2/repository/org/openjfx/javafx-graphics/17.0.0.1/javafx-graphics-17.0.0.1.jar:/Users/sean/.m2/repository/org/openjfx/javafx-base/17.0.0.1/javafx-base-17.0.0.1.jar:/Users/sean/.m2/repository/org/openjfx/javafx-fxml/17.0.0.1/javafx-fxml-17.0.0.1.jar
Launcher Type: SUN_STANDARD

[Global flags]
     intx CICompilerCount                          = 4                                         {product} {ergonomic}
     uint ConcGCThreads                            = 2                                         {product} {ergonomic}
     uint G1ConcRefinementThreads                  = 8                                         {product} {ergonomic}
   size_t G1HeapRegionSize                         = 1048576                                   {product} {ergonomic}
    uintx GCDrainStackTargetSize                   = 64                                        {product} {ergonomic}
   size_t InitialHeapSize                          = 134217728                                 {product} {ergonomic}
   size_t MarkStackSize                            = 4194304                                   {product} {ergonomic}
   size_t MaxHeapSize                              = 2147483648                                {product} {ergonomic}
   size_t MaxNewSize                               = 1287651328                                {product} {ergonomic}
   size_t MinHeapDeltaBytes                        = 1048576                                   {product} {ergonomic}
   size_t MinHeapSize                              = 8388608                                   {product} {ergonomic}
    uintx NonNMethodCodeHeapSize                   = 5839564                                {pd product} {ergonomic}
    uintx NonProfiledCodeHeapSize                  = 122909338                              {pd product} {ergonomic}
    uintx ProfiledCodeHeapSize                     = 122909338                              {pd product} {ergonomic}
    uintx ReservedCodeCacheSize                    = 251658240                              {pd product} {ergonomic}
     bool SegmentedCodeCache                       = true                                      {product} {ergonomic}
   size_t SoftMaxHeapSize                          = 2147483648                             {manageable} {ergonomic}
     bool UseCompressedClassPointers               = true                           {product lp64_product} {ergonomic}
     bool UseCompressedOops                        = true                           {product lp64_product} {ergonomic}
     bool UseG1GC                                  = true                                      {product} {ergonomic}
     bool UseNUMA                                  = false                                     {product} {ergonomic}
     bool UseNUMAInterleaving                      = false                                     {product} {ergonomic}

Logging:
Log output configuration:
 #0: stdout all=warning uptime,level,tags
 #1: stderr all=off uptime,level,tags

Environment Variables:
PATH=/usr/local/bin:/usr/bin:/bin:/usr/sbin:/sbin
SHELL=/bin/zsh
LC_CTYPE=zh_TW.UTF-8

Signal Handlers:
   SIGSEGV: _ZL13crash_handleriP9__siginfoPv in libjvm.dylib, mask=11100110000111110111111111111111, flags=SA_RESTART|SA_SIGINFO
    SIGBUS: _ZL13crash_handleriP9__siginfoPv in libjvm.dylib, mask=11100110000111110111111111111111, flags=SA_RESTART|SA_SIGINFO
    SIGFPE: _ZL13crash_handleriP9__siginfoPv in libjvm.dylib, mask=11100110000111110111111111111111, flags=SA_RESTART|SA_SIGINFO
   SIGPIPE: _ZL17javaSignalHandleriP9__siginfoPv in libjvm.dylib, mask=11100110000111110111111111111111, flags=SA_RESTART|SA_SIGINFO
   SIGXFSZ: _ZL17javaSignalHandleriP9__siginfoPv in libjvm.dylib, mask=11100110000111110111111111111111, flags=SA_RESTART|SA_SIGINFO
    SIGILL: _ZL13crash_handleriP9__siginfoPv in libjvm.dylib, mask=11100110000111110111111111111111, flags=SA_RESTART|SA_SIGINFO
   SIGUSR2: _ZL10SR_handleriP9__siginfoP17__darwin_ucontext in libjvm.dylib, mask=00100000000000000000000000000000, flags=SA_RESTART|SA_SIGINFO
    SIGHUP: _ZL11UserHandleriPvS_ in libjvm.dylib, mask=11100110000111110111111111111111, flags=SA_RESTART|SA_SIGINFO
    SIGINT: _ZL11UserHandleriPvS_ in libjvm.dylib, mask=11100110000111110111111111111111, flags=SA_RESTART|SA_SIGINFO
   SIGTERM: _ZL11UserHandleriPvS_ in libjvm.dylib, mask=11100110000111110111111111111111, flags=SA_RESTART|SA_SIGINFO
   SIGQUIT: _ZL11UserHandleriPvS_ in libjvm.dylib, mask=11100110000111110111111111111111, flags=SA_RESTART|SA_SIGINFO
   SIGTRAP: _ZL13crash_handleriP9__siginfoPv in libjvm.dylib, mask=11100110000111110111111111111111, flags=SA_RESTART|SA_SIGINFO


---------------  S Y S T E M  ---------------

OS:
uname: Darwin 21.1.0 Darwin Kernel Version 21.1.0: Wed Oct 13 17:33:24 PDT 2021; root:xnu-8019.41.5~1/RELEASE_ARM64_T8101 arm64
OS uptime: 1 days 18:52 hours
rlimit (soft/hard): STACK 8176k/65520k , CORE 0k/infinity , NPROC 1333/2000 , NOFILE 10240/infinity , AS infinity/infinity , CPU infinity/infinity , DATA infinity/infinity , FSIZE infinity/infinity , MEMLOCK infinity/infinity , RSS infinity/infinity
load average: 1.95 1.98 1.84

CPU: total 8 (initial active 8) 0x61:0x0:0x1b588bb3:0, fp, simd, crc, lse

Memory: 16k page, physical 8388608k(126528k free), swap 3145728k(319488k free)

vm_info: Java HotSpot(TM) 64-Bit Server VM (17.0.1+12-LTS-39) for bsd-aarch64 JRE (17.0.1+12-LTS-39), built on Sep 27 2021 17:38:30 by "mach5one" with clang Apple LLVM 12.0.0 (clang-1200.0.32.29)

END.
