#
# A fatal error has been detected by the Java Runtime Environment:
#
#  SIGBUS (0xa) at pc=0x000000010e62d4f0, pid=26662, tid=35343
#
# JRE version: Java(TM) SE Runtime Environment (17.0.1+12) (build 17.0.1+12-LTS-39)
# Java VM: Java HotSpot(TM) 64-Bit Server VM (17.0.1+12-LTS-39, mixed mode, sharing, tiered, compressed oops, compressed class ptrs, g1 gc, bsd-aarch64)
# Problematic frame:
# v  ~StubRoutines::SafeFetchN
#
# No core dump will be written. Core dumps have been disabled. To enable core dumping, try "ulimit -c unlimited" before starting Java again
#
# If you would like to submit a bug report, please visit:
#   https://bugreport.java.com/bugreport/crash.jsp
# The crash happened outside the Java Virtual Machine in native code.
# See problematic frame for where to report the bug.
#

---------------  S U M M A R Y ------------

Command Line: -agentlib:jdwp=transport=dt_socket,address=127.0.0.1:50523,suspend=y,server=n -javaagent:/Users/sean/Library/Caches/JetBrains/IdeaIC2021.2/captureAgent/debugger-agent.jar -Dfile.encoding=UTF-8 --module-path=/Users/sean/.m2/repository/org/openjfx/javafx-controls/17.0.0.1/javafx-controls-17.0.0.1-mac-aarch64.jar:/Users/sean/.m2/repository/org/openjfx/javafx-fxml/17.0.0.1/javafx-fxml-17.0.0.1-mac-aarch64.jar:/Users/sean/.m2/repository/org/openjfx/javafx-base/17.0.0.1/javafx-base-17.0.0.1-mac-aarch64.jar:/Users/sean/.m2/repository/org/openjfx/javafx-graphics/17.0.0.1/javafx-graphics-17.0.0.1-mac-aarch64.jar:/Users/sean/Documents/GitHub/Meal-Ordering-System/FoodOrderingSystem/target/classes -Djdk.module.main=com.example.foodorderingsystem com.example.foodorderingsystem/com.example.foodorderingsystem.HelloApplication

Host: "MacBookPro17,1" arm64 1 MHz, 8 cores, 8G, Darwin 21.1.0, macOS 12.0.1 (21A559)
Time: Fri Jan 14 22:36:23 2022 CST elapsed time: 2.577879 seconds (0d 0h 0m 2s)

---------------  T H R E A D  ---------------

Current thread (0x000000014f0c7a00):  JavaThread "InvokeLaterDispatcher" daemon [_thread_in_native, id=35343, stack(0x000000016de24000,0x000000016e027000)]

Stack: [0x000000016de24000,0x000000016e027000],  sp=0x000000016e0267b0,  free space=2057k
Native frames: (J=compiled Java code, j=interpreted, Vv=VM code, C=native code)
v  ~StubRoutines::SafeFetchN
V  [libjvm.dylib+0x79e208]  _ZN10OopStorage7releaseEPKP7oopDesc+0x20
V  [libjvm.dylib+0x4b8f30]  jni_DeleteGlobalRef+0xc4
C  [libglass.dylib+0xab08]  -[GlassRunnable dealloc]+0x34
C  [Foundation+0x85e0c]  -[_NSThreadPerformInfo dealloc]+0x30
C  [Foundation+0x525e8]  -[NSObject(NSThreadPerformAdditions) performSelectorOnMainThread:withObject:waitUntilDone:]+0x88
C  0x961d80010e637be0
j  com.sun.glass.ui.mac.MacApplication.submitForLaterInvocation(Ljava/lang/Runnable;)V+2 javafx.graphics
j  com.sun.glass.ui.InvokeLaterDispatcher.run()V+82 javafx.graphics
v  ~StubRoutines::call_stub
V  [libjvm.dylib+0x460588]  _ZN9JavaCalls11call_helperEP9JavaValueRK12methodHandleP17JavaCallArgumentsP10JavaThread+0x38c
V  [libjvm.dylib+0x45f5a4]  _ZN9JavaCalls12call_virtualEP9JavaValueP5KlassP6SymbolS5_P17JavaCallArgumentsP10JavaThread+0x11c
V  [libjvm.dylib+0x45f670]  _ZN9JavaCalls12call_virtualEP9JavaValue6HandleP5KlassP6SymbolS6_P10JavaThread+0x64
V  [libjvm.dylib+0x512ef0]  _ZL12thread_entryP10JavaThreadS0_+0xc4
V  [libjvm.dylib+0x8fc514]  _ZN10JavaThread17thread_main_innerEv+0x134
V  [libjvm.dylib+0x8fae3c]  _ZN6Thread8call_runEv+0x128
V  [libjvm.dylib+0x7a4df0]  _ZL19thread_native_entryP6Thread+0x158
C  [libsystem_pthread.dylib+0x74ec]  _pthread_start+0x94

Java frames: (J=compiled Java code, j=interpreted, Vv=VM code)
j  com.sun.glass.ui.mac.MacApplication._submitForLaterInvocation(Ljava/lang/Runnable;)V+0 javafx.graphics
j  com.sun.glass.ui.mac.MacApplication.submitForLaterInvocation(Ljava/lang/Runnable;)V+2 javafx.graphics
j  com.sun.glass.ui.InvokeLaterDispatcher.run()V+82 javafx.graphics
v  ~StubRoutines::call_stub

siginfo: si_signo: 10 (SIGBUS), si_code: 1 (BUS_ADRALN), si_addr: 0x000000010e62d4f0

Register to memory mapping:

 x0=0x000000014ce24e48 points into unknown readable memory: 0x0000000000000000 | 00 00 00 00 00 00 00 00
 x1=0x0 is NULL
 x2=0x00000007859f50b8 is an oop: com.sun.glass.ui.InvokeLaterDispatcher$Future 
{0x00000007859f50b8} - klass: 'com/sun/glass/ui/InvokeLaterDispatcher$Future'
 - ---- fields (total size 3 words):
 - private 'done' 'Z' @12  true
 - private final 'runnable' 'Ljava/lang/Runnable;' @16  a 'com/sun/javafx/tk/quantum/QuantumToolkit$$Lambda$83+0x0000000800c3eb70'{0x0000000786739a70} (f0ce734e)
 - final synthetic 'this$0' 'Lcom/sun/glass/ui/InvokeLaterDispatcher;' @20  a 'com/sun/glass/ui/InvokeLaterDispatcher'{0x0000000786820210} (f0d04042)
 x3=0x0 is NULL
 x4=0x00000000000130a8 is an unknown value
 x5=0x0 is NULL
 x6=0x0 is NULL
 x7=0x0 is NULL
 x8=0x000000010e62d4ec is at begin+0 in a stub
StubRoutines::SafeFetchN [0x000000010e62d4ec, 0x000000010e62d4f8] (12 bytes)
 x9=0x0 is NULL
x10=0x2010000030300000 is an unknown value
x11=0x0000000000000007 is an unknown value
x12=0x0 is NULL
x13=0x0000600001e70370 points into unknown readable memory: 0x6a624f2f676e616c | 6c 61 6e 67 2f 4f 62 6a
x14=0x0000000000000001 is an unknown value
x15=0x0000000123a71f98: OBJC_CLASS_$_GlassRunnable+0 in /Users/sean/.openjfx/cache/17.0.0.1/libglass.dylib at 0x0000000123a2c000
x16=0x00000001a5690340: pthread_getspecific+0 in /usr/lib/system/libsystem_pthread.dylib at 0x00000001a568e000
x17=0x000060000146e9a0 points into unknown readable memory: 0xfffffffffffffffe | fe ff ff ff ff ff ff ff
x18=0x0 is NULL
x19=0x0000600001b6c620 points into unknown readable memory: 0x0000600003275370 | 70 53 27 03 00 60 00 00
x20=0x000000014ce24c40 points into unknown readable memory: 0x00000007ffe02160 | 60 21 e0 ff 07 00 00 00
x21=0x000000014ce24e48 points into unknown readable memory: 0x0000000000000000 | 00 00 00 00 00 00 00 00
x22=0x000000014f0c7a00 is a thread
x23=0x0000000000000001 is an unknown value
x24=0x000000014ce24e00 is a global jni handle
x25=0x0000000106b595d8: _ZN12StubRoutines17_safefetchN_entryE+0 in /Library/Java/JavaVirtualMachines/jdk-17.0.1.jdk/Contents/Home/lib/server/libjvm.dylib at 0x0000000105fc8000
x26=0x000000012412bf00 is pointing into metadata
x27=0x0 is NULL
x28=0x000000014f0c7a00 is a thread


Registers:
 x0=0x000000014ce24e48  x1=0x0000000000000000  x2=0x00000007859f50b8  x3=0x0000000000000000
 x4=0x00000000000130a8  x5=0x0000000000000000  x6=0x0000000000000000  x7=0x0000000000000000
 x8=0x000000010e62d4ec  x9=0x0000000000000000 x10=0x2010000030300000 x11=0x0000000000000007
x12=0x0000000000000000 x13=0x0000600001e70370 x14=0x0000000000000001 x15=0x0000000123a71f98
x16=0x00000001a5690340 x17=0x000060000146e9a0 x18=0x0000000000000000 x19=0x0000600001b6c620
x20=0x000000014ce24c40 x21=0x000000014ce24e48 x22=0x000000014f0c7a00 x23=0x0000000000000001
x24=0x000000014ce24e00 x25=0x0000000106b595d8 x26=0x000000012412bf00 x27=0x0000000000000000
x28=0x000000014f0c7a00  fp=0x000000016e0267f0  lr=0x0000000106764fd8  sp=0x000000016e0267b0
pc=0x000000010e62d4f0 cpsr=0x0000000060001000
Top of Stack: (sp=0x000000016e0267b0)
0x000000016e0267b0:   000000012412bf00 0000000000000001
0x000000016e0267c0:   000000016e0269a8 0000600003268b10
0x000000016e0267d0:   0000000000000000 000000014ce24e00
0x000000016e0267e0:   000000014ce24e00 0000600001b6c620
0x000000016e0267f0:   000000016e026830 0000000106766208
0x000000016e026800:   0000000000000001 000000014ce24e00
0x000000016e026810:   0000000000000000 000000014ce24e00
0x000000016e026820:   0000000000000001 000000014f0c0400
0x000000016e026830:   000000016e026860 0000000106480f30
0x000000016e026840:   0000600003268b40 00000001ef8bd9f4
0x000000016e026850:   0000000000000000 0000600003268b40
0x000000016e026860:   000000016e026890 0000000123a36b08
0x000000016e026870:   888e514e3d0500c1 0000000000000000
0x000000016e026880:   0000000000000000 0000600002567f80
0x000000016e026890:   000000016e0268d0 00000001a6658e0c
0x000000016e0268a0:   000000016e0269a8 0000600003268b10
0x000000016e0268b0:   0000600003268b40 888e514e3d0500c1
0x000000016e0268c0:   0000000000000000 0000000000000000
0x000000016e0268d0:   000000016e026910 b37b8001a66255e8
0x000000016e0268e0:   000000016e0269a8 000000010e636500
0x000000016e0268f0:   0000000000000000 0000000106b60f90
0x000000016e026900:   000000016e026920 000000010e634cf0
0x000000016e026910:   000000016e026980 961d80010e637be0
0x000000016e026920:   000000016e026988 0000000123d92130
0x000000016e026930:   000000016e026930 0000000000000000
0x000000016e026940:   000000016e0269a8 000000012412bf00
0x000000016e026950:   00000007868405b0 0000000000000000
0x000000016e026960:   0000000000000000 0000000124103a58
0x000000016e026970:   0000000000000000 000000016e026980
0x000000016e026980:   000000016e026a00 000000010e6326ac
0x000000016e026990:   0000000000000000 0000000000000000
0x000000016e0269a0:   00000007859f50b8 0000000786840628 

Instructions: (pc=0x000000010e62d4f0)
0x000000010e62d3f0:   f2a0d649 f2c00029 6d425935 1e640886
0x000000010e62d400:   0c402d31 1e6408c7 1f5654d0 1e6c1017
0x000000010e62d410:   1f5050d0 1f504cd0 1f5048d0 1e650af6
0x000000010e62d420:   1f50d8f6 1f5694d6 1f5158f6 1e762880
0x000000010e62d430:   36000501 1e614000 14000026 2e251ca5
0x000000010e62d440:   d28c3009 f2a0d649 f2c00029 6d425d36
0x000000010e62d450:   1e600806 0c402d32 1f5758c7 1e6c101a
0x000000010e62d460:   1f4754c7 1e650805 1f4750c7 d2866668
0x000000010e62d470:   f2a7fa68 1f474cc7 1e6608c0 1f4748c7
0x000000010e62d480:   1e6e1019 eb08007f 540000ac 1f479400
0x000000010e62d490:   1f460340 1e603b20 1400000e d2a7fd29
0x000000010e62d4a0:   eb09007f 540000ac 51480069 d3607d29
0x000000010e62d4b0:   9e670121 14000002 1e6a5001 1f679417
0x000000010e62d4c0:   1f668742 1e613b23 1e773857 1e773860
0x000000010e62d4d0:   a8c17ff3 910003bf a8c17bfd d65f03c0
0x000000010e62d4e0:   b9400001 aa0103e0 d65f03c0 f9400001
0x000000010e62d4f0:   aa0103e0 d65f03c0 00000000 00000000
0x000000010e62d500:   00000000 00000000 00000000 00000000
0x000000010e62d510:   00000000 00000000 00000000 00000000
0x000000010e62d520:   00000000 00000000 00000000 00000000
0x000000010e62d530:   00000000 00000000 00000000 00000000
0x000000010e62d540:   00000000 00000000 00000000 00000000
0x000000010e62d550:   00000000 00000000 00000000 00000000
0x000000010e62d560:   00000000 00000000 00000000 00000000
0x000000010e62d570:   00000000 00000000 00000000 00000000
0x000000010e62d580:   00000000 00000000 00000000 00000000
0x000000010e62d590:   00000000 00000000 00000000 00000000
0x000000010e62d5a0:   00000000 00000000 00000000 00000000
0x000000010e62d5b0:   00000000 00000000 00000000 00000000
0x000000010e62d5c0:   00000000 00000000 00000000 00000000
0x000000010e62d5d0:   00000000 00000000 00000000 00000000
0x000000010e62d5e0:   00000000 00000000 00000000 00000000 


Stack slot to memory mapping:
stack at sp + 0 slots: 0x000000012412bf00 is pointing into metadata
stack at sp + 1 slots: 0x0000000000000001 is an unknown value
stack at sp + 2 slots: 0x000000016e0269a8 is pointing into the stack for thread: 0x000000014f0c7a00
stack at sp + 3 slots: 0x0000600003268b10 points into unknown readable memory: 0x01000001fe372081 | 81 20 37 fe 01 00 00 01
stack at sp + 4 slots: 0x0 is NULL
stack at sp + 5 slots: 0x000000014ce24e00 is a global jni handle
stack at sp + 6 slots: 0x000000014ce24e00 is a global jni handle
stack at sp + 7 slots: 0x0000600001b6c620 points into unknown readable memory: 0x0000600003275370 | 70 53 27 03 00 60 00 00

StubRoutines::SafeFetchN [0x000000010e62d4ec, 0x000000010e62d4f8] (12 bytes)
[MachCode]
  0x000000010e62d4ec: 0100 40f9 | e003 01aa | c003 5fd6 
[/MachCode]

---------------  P R O C E S S  ---------------

Threads class SMR info:
_java_thread_list=0x00006000030b1cc0, length=21, elements={
0x000000014f008a00, 0x000000014f0baa00, 0x000000014f0bd200, 0x000000014d01e800,
0x000000014d01ee00, 0x000000014d01c600, 0x000000014d01cc00, 0x000000014d01f600,
0x000000014d027c00, 0x000000013f008800, 0x000000014d813c00, 0x000000013e809600,
0x000000014d814200, 0x000000013d00a200, 0x000000013d00ac00, 0x000000014f0c7a00,
0x000000014f0c0400, 0x000000013f15a000, 0x000000014f231400, 0x000000013f14ca00,
0x000000013f184800
}

Java Threads: ( => current thread )
  0x000000014f008a00 JavaThread "main" [_thread_blocked, id=10243, stack(0x000000016b004000,0x000000016b207000)]
  0x000000014f0baa00 JavaThread "Reference Handler" daemon [_thread_blocked, id=17667, stack(0x000000016be58000,0x000000016c05b000)]
  0x000000014f0bd200 JavaThread "Finalizer" daemon [_thread_blocked, id=17155, stack(0x000000016c064000,0x000000016c267000)]
  0x000000014d01e800 JavaThread "Signal Dispatcher" daemon [_thread_blocked, id=42499, stack(0x000000016c388000,0x000000016c58b000)]
  0x000000014d01ee00 JavaThread "Service Thread" daemon [_thread_blocked, id=41987, stack(0x000000016c594000,0x000000016c797000)]
  0x000000014d01c600 JavaThread "Monitor Deflation Thread" daemon [_thread_blocked, id=23299, stack(0x000000016c7a0000,0x000000016c9a3000)]
  0x000000014d01cc00 JavaThread "C2 CompilerThread0" daemon [_thread_blocked, id=23555, stack(0x000000016c9ac000,0x000000016cbaf000)]
  0x000000014d01f600 JavaThread "C1 CompilerThread0" daemon [_thread_blocked, id=24067, stack(0x000000016cbb8000,0x000000016cdbb000)]
  0x000000014d027c00 JavaThread "Sweeper thread" daemon [_thread_blocked, id=24579, stack(0x000000016cdc4000,0x000000016cfc7000)]
  0x000000013f008800 JavaThread "Common-Cleaner" daemon [_thread_blocked, id=41475, stack(0x000000016cfd0000,0x000000016d1d3000)]
  0x000000014d813c00 JavaThread "JDWP Transport Listener: dt_socket" daemon [_thread_blocked, id=25351, stack(0x000000016d1dc000,0x000000016d3df000)]
  0x000000013e809600 JavaThread "JDWP Event Helper Thread" daemon [_thread_blocked, id=41219, stack(0x000000016d3e8000,0x000000016d5eb000)]
  0x000000014d814200 JavaThread "JDWP Command Reader" daemon [_thread_in_native, id=40963, stack(0x000000016d5f4000,0x000000016d7f7000)]
  0x000000013d00a200 JavaThread "Notification Thread" daemon [_thread_blocked, id=40451, stack(0x000000016d800000,0x000000016da03000)]
  0x000000013d00ac00 JavaThread "QuantumRenderer-0" daemon [_thread_blocked, id=39683, stack(0x000000016dc18000,0x000000016de1b000)]
=>0x000000014f0c7a00 JavaThread "InvokeLaterDispatcher" daemon [_thread_in_native, id=35343, stack(0x000000016de24000,0x000000016e027000)]
  0x000000014f0c0400 JavaThread "JavaFX Application Thread" [_thread_in_vm, id=259, stack(0x000000016a77c000,0x000000016af78000)]
  0x000000013f15a000 JavaThread "PulseTimer-CVDisplayLink thread" daemon [_thread_in_native, id=52483, stack(0x000000016e030000,0x000000016e0b3000)]
  0x000000014f231400 JavaThread "JavaFX-Launcher" [_thread_blocked, id=55055, stack(0x000000016e354000,0x000000016e557000)]
  0x000000013f14ca00 JavaThread "Prism Font Disposer" daemon [_thread_blocked, id=69383, stack(0x000000016f3b4000,0x000000016f5b7000)]
  0x000000013f184800 JavaThread "Cleaner-0" daemon [_thread_blocked, id=69943, stack(0x000000016f5c0000,0x000000016f7c3000)]

Other Threads:
  0x000000013ce04680 VMThread "VM Thread" [stack: 0x000000016bc4c000,0x000000016be4f000] [id=15619]
  0x000000014ce263c0 WatcherThread [stack: 0x000000016da0c000,0x000000016dc0f000] [id=26115]
  0x000000014e106640 GCTaskThread "GC Thread#0" [stack: 0x000000016b210000,0x000000016b413000] [id=12291]
  0x000000013cf28020 GCTaskThread "GC Thread#1" [stack: 0x000000016e560000,0x000000016e763000] [id=58115]
  0x000000013cf284a0 GCTaskThread "GC Thread#2" [stack: 0x000000016e76c000,0x000000016e96f000] [id=58627]
  0x000000013cf28d10 GCTaskThread "GC Thread#3" [stack: 0x000000016e978000,0x000000016eb7b000] [id=71171]
  0x000000014ce423b0 GCTaskThread "GC Thread#4" [stack: 0x000000016eb84000,0x000000016ed87000] [id=59395]
  0x000000013cf29580 GCTaskThread "GC Thread#5" [stack: 0x000000016ed90000,0x000000016ef93000] [id=70915]
  0x000000013cf2a030 GCTaskThread "GC Thread#6" [stack: 0x000000016ef9c000,0x000000016f19f000] [id=59907]
  0x000000013cf2a8a0 GCTaskThread "GC Thread#7" [stack: 0x000000016f1a8000,0x000000016f3ab000] [id=70403]
  0x000000014e106cf0 ConcurrentGCThread "G1 Main Marker" [stack: 0x000000016b41c000,0x000000016b61f000] [id=12803]
  0x000000014e107570 ConcurrentGCThread "G1 Conc#0" [stack: 0x000000016b628000,0x000000016b82b000] [id=13827]
  0x000000014e1093e0 ConcurrentGCThread "G1 Refine#0" [stack: 0x000000016b834000,0x000000016ba37000] [id=14339]
  0x000000014e109c80 ConcurrentGCThread "G1 Service" [stack: 0x000000016ba40000,0x000000016bc43000] [id=14851]

Threads with active compile tasks:

VM state: not at safepoint (normal execution)

VM Mutex/Monitor currently owned by a thread: None

Heap address: 0x0000000780000000, size: 2048 MB, Compressed Oops mode: Zero based, Oop shift amount: 3

CDS archive(s) mapped at: [0x0000000800000000-0x0000000800bd4000-0x0000000800bd4000), size 12402688, SharedBaseAddress: 0x0000000800000000, ArchiveRelocationMode: 0.
Compressed class space mapped at: 0x0000000800c00000-0x0000000840c00000, reserved size: 1073741824
Narrow klass base: 0x0000000800000000, Narrow klass shift: 0, Narrow klass range: 0x100000000

GC Precious Log:
 CPUs: 8 total, 8 available
 Memory: 8192M
 Large Page Support: Disabled
 NUMA Support: Disabled
 Compressed Oops: Enabled (Zero based)
 Heap Region Size: 1M
 Heap Min Capacity: 8M
 Heap Initial Capacity: 128M
 Heap Max Capacity: 2G
 Pre-touch: Disabled
 Parallel Workers: 8
 Concurrent Workers: 2
 Concurrent Refinement Workers: 8
 Periodic GC: Disabled

Heap:
 garbage-first heap   total 133120K, used 49873K [0x0000000780000000, 0x0000000800000000)
  region size 1024K, 47 young (48128K), 3 survivors (3072K)
 Metaspace       used 15529K, committed 15808K, reserved 1064960K
  class space    used 2332K, committed 2496K, reserved 1048576K

Heap Regions: E=young(eden), S=young(survivor), O=old, HS=humongous(starts), HC=humongous(continues), CS=collection set, F=free, OA=open archive, CA=closed archive, TAMS=top-at-mark-start (previous, next)
|   0|0x0000000780000000, 0x0000000780100000, 0x0000000780100000|100%|HS|  |TAMS 0x0000000780000000, 0x0000000780000000| Complete 
|   1|0x0000000780100000, 0x0000000780200000, 0x0000000780200000|100%|HC|  |TAMS 0x0000000780100000, 0x0000000780100000| Complete 
|   2|0x0000000780200000, 0x0000000780200000, 0x0000000780300000|  0%| F|  |TAMS 0x0000000780200000, 0x0000000780200000| Untracked 
|   3|0x0000000780300000, 0x0000000780300000, 0x0000000780400000|  0%| F|  |TAMS 0x0000000780300000, 0x0000000780300000| Untracked 
|   4|0x0000000780400000, 0x0000000780400000, 0x0000000780500000|  0%| F|  |TAMS 0x0000000780400000, 0x0000000780400000| Untracked 
|   5|0x0000000780500000, 0x0000000780500000, 0x0000000780600000|  0%| F|  |TAMS 0x0000000780500000, 0x0000000780500000| Untracked 
|   6|0x0000000780600000, 0x0000000780600000, 0x0000000780700000|  0%| F|  |TAMS 0x0000000780600000, 0x0000000780600000| Untracked 
|   7|0x0000000780700000, 0x0000000780700000, 0x0000000780800000|  0%| F|  |TAMS 0x0000000780700000, 0x0000000780700000| Untracked 
|   8|0x0000000780800000, 0x0000000780800000, 0x0000000780900000|  0%| F|  |TAMS 0x0000000780800000, 0x0000000780800000| Untracked 
|   9|0x0000000780900000, 0x0000000780900000, 0x0000000780a00000|  0%| F|  |TAMS 0x0000000780900000, 0x0000000780900000| Untracked 
|  10|0x0000000780a00000, 0x0000000780a00000, 0x0000000780b00000|  0%| F|  |TAMS 0x0000000780a00000, 0x0000000780a00000| Untracked 
|  11|0x0000000780b00000, 0x0000000780b00000, 0x0000000780c00000|  0%| F|  |TAMS 0x0000000780b00000, 0x0000000780b00000| Untracked 
|  12|0x0000000780c00000, 0x0000000780c00000, 0x0000000780d00000|  0%| F|  |TAMS 0x0000000780c00000, 0x0000000780c00000| Untracked 
|  13|0x0000000780d00000, 0x0000000780d00000, 0x0000000780e00000|  0%| F|  |TAMS 0x0000000780d00000, 0x0000000780d00000| Untracked 
|  14|0x0000000780e00000, 0x0000000780e00000, 0x0000000780f00000|  0%| F|  |TAMS 0x0000000780e00000, 0x0000000780e00000| Untracked 
|  15|0x0000000780f00000, 0x0000000780f00000, 0x0000000781000000|  0%| F|  |TAMS 0x0000000780f00000, 0x0000000780f00000| Untracked 
|  16|0x0000000781000000, 0x0000000781000000, 0x0000000781100000|  0%| F|  |TAMS 0x0000000781000000, 0x0000000781000000| Untracked 
|  17|0x0000000781100000, 0x0000000781100000, 0x0000000781200000|  0%| F|  |TAMS 0x0000000781100000, 0x0000000781100000| Untracked 
|  18|0x0000000781200000, 0x0000000781200000, 0x0000000781300000|  0%| F|  |TAMS 0x0000000781200000, 0x0000000781200000| Untracked 
|  19|0x0000000781300000, 0x0000000781300000, 0x0000000781400000|  0%| F|  |TAMS 0x0000000781300000, 0x0000000781300000| Untracked 
|  20|0x0000000781400000, 0x0000000781400000, 0x0000000781500000|  0%| F|  |TAMS 0x0000000781400000, 0x0000000781400000| Untracked 
|  21|0x0000000781500000, 0x0000000781500000, 0x0000000781600000|  0%| F|  |TAMS 0x0000000781500000, 0x0000000781500000| Untracked 
|  22|0x0000000781600000, 0x0000000781600000, 0x0000000781700000|  0%| F|  |TAMS 0x0000000781600000, 0x0000000781600000| Untracked 
|  23|0x0000000781700000, 0x0000000781700000, 0x0000000781800000|  0%| F|  |TAMS 0x0000000781700000, 0x0000000781700000| Untracked 
|  24|0x0000000781800000, 0x0000000781800000, 0x0000000781900000|  0%| F|  |TAMS 0x0000000781800000, 0x0000000781800000| Untracked 
|  25|0x0000000781900000, 0x0000000781900000, 0x0000000781a00000|  0%| F|  |TAMS 0x0000000781900000, 0x0000000781900000| Untracked 
|  26|0x0000000781a00000, 0x0000000781a00000, 0x0000000781b00000|  0%| F|  |TAMS 0x0000000781a00000, 0x0000000781a00000| Untracked 
|  27|0x0000000781b00000, 0x0000000781b00000, 0x0000000781c00000|  0%| F|  |TAMS 0x0000000781b00000, 0x0000000781b00000| Untracked 
|  28|0x0000000781c00000, 0x0000000781c00000, 0x0000000781d00000|  0%| F|  |TAMS 0x0000000781c00000, 0x0000000781c00000| Untracked 
|  29|0x0000000781d00000, 0x0000000781d00000, 0x0000000781e00000|  0%| F|  |TAMS 0x0000000781d00000, 0x0000000781d00000| Untracked 
|  30|0x0000000781e00000, 0x0000000781e00000, 0x0000000781f00000|  0%| F|  |TAMS 0x0000000781e00000, 0x0000000781e00000| Untracked 
|  31|0x0000000781f00000, 0x0000000781f00000, 0x0000000782000000|  0%| F|  |TAMS 0x0000000781f00000, 0x0000000781f00000| Untracked 
|  32|0x0000000782000000, 0x0000000782000000, 0x0000000782100000|  0%| F|  |TAMS 0x0000000782000000, 0x0000000782000000| Untracked 
|  33|0x0000000782100000, 0x0000000782100000, 0x0000000782200000|  0%| F|  |TAMS 0x0000000782100000, 0x0000000782100000| Untracked 
|  34|0x0000000782200000, 0x0000000782200000, 0x0000000782300000|  0%| F|  |TAMS 0x0000000782200000, 0x0000000782200000| Untracked 
|  35|0x0000000782300000, 0x0000000782300000, 0x0000000782400000|  0%| F|  |TAMS 0x0000000782300000, 0x0000000782300000| Untracked 
|  36|0x0000000782400000, 0x0000000782400000, 0x0000000782500000|  0%| F|  |TAMS 0x0000000782400000, 0x0000000782400000| Untracked 
|  37|0x0000000782500000, 0x0000000782500000, 0x0000000782600000|  0%| F|  |TAMS 0x0000000782500000, 0x0000000782500000| Untracked 
|  38|0x0000000782600000, 0x0000000782600000, 0x0000000782700000|  0%| F|  |TAMS 0x0000000782600000, 0x0000000782600000| Untracked 
|  39|0x0000000782700000, 0x0000000782700000, 0x0000000782800000|  0%| F|  |TAMS 0x0000000782700000, 0x0000000782700000| Untracked 
|  40|0x0000000782800000, 0x0000000782800000, 0x0000000782900000|  0%| F|  |TAMS 0x0000000782800000, 0x0000000782800000| Untracked 
|  41|0x0000000782900000, 0x0000000782900000, 0x0000000782a00000|  0%| F|  |TAMS 0x0000000782900000, 0x0000000782900000| Untracked 
|  42|0x0000000782a00000, 0x0000000782a00000, 0x0000000782b00000|  0%| F|  |TAMS 0x0000000782a00000, 0x0000000782a00000| Untracked 
|  43|0x0000000782b00000, 0x0000000782b00000, 0x0000000782c00000|  0%| F|  |TAMS 0x0000000782b00000, 0x0000000782b00000| Untracked 
|  44|0x0000000782c00000, 0x0000000782c00000, 0x0000000782d00000|  0%| F|  |TAMS 0x0000000782c00000, 0x0000000782c00000| Untracked 
|  45|0x0000000782d00000, 0x0000000782d00000, 0x0000000782e00000|  0%| F|  |TAMS 0x0000000782d00000, 0x0000000782d00000| Untracked 
|  46|0x0000000782e00000, 0x0000000782e00000, 0x0000000782f00000|  0%| F|  |TAMS 0x0000000782e00000, 0x0000000782e00000| Untracked 
|  47|0x0000000782f00000, 0x0000000782f00000, 0x0000000783000000|  0%| F|  |TAMS 0x0000000782f00000, 0x0000000782f00000| Untracked 
|  48|0x0000000783000000, 0x0000000783000000, 0x0000000783100000|  0%| F|  |TAMS 0x0000000783000000, 0x0000000783000000| Untracked 
|  49|0x0000000783100000, 0x0000000783100000, 0x0000000783200000|  0%| F|  |TAMS 0x0000000783100000, 0x0000000783100000| Untracked 
|  50|0x0000000783200000, 0x0000000783200000, 0x0000000783300000|  0%| F|  |TAMS 0x0000000783200000, 0x0000000783200000| Untracked 
|  51|0x0000000783300000, 0x0000000783300000, 0x0000000783400000|  0%| F|  |TAMS 0x0000000783300000, 0x0000000783300000| Untracked 
|  52|0x0000000783400000, 0x0000000783400000, 0x0000000783500000|  0%| F|  |TAMS 0x0000000783400000, 0x0000000783400000| Untracked 
|  53|0x0000000783500000, 0x0000000783500000, 0x0000000783600000|  0%| F|  |TAMS 0x0000000783500000, 0x0000000783500000| Untracked 
|  54|0x0000000783600000, 0x0000000783600000, 0x0000000783700000|  0%| F|  |TAMS 0x0000000783600000, 0x0000000783600000| Untracked 
|  55|0x0000000783700000, 0x0000000783700000, 0x0000000783800000|  0%| F|  |TAMS 0x0000000783700000, 0x0000000783700000| Untracked 
|  56|0x0000000783800000, 0x0000000783800000, 0x0000000783900000|  0%| F|  |TAMS 0x0000000783800000, 0x0000000783800000| Untracked 
|  57|0x0000000783900000, 0x0000000783900000, 0x0000000783a00000|  0%| F|  |TAMS 0x0000000783900000, 0x0000000783900000| Untracked 
|  58|0x0000000783a00000, 0x0000000783a00000, 0x0000000783b00000|  0%| F|  |TAMS 0x0000000783a00000, 0x0000000783a00000| Untracked 
|  59|0x0000000783b00000, 0x0000000783b00000, 0x0000000783c00000|  0%| F|  |TAMS 0x0000000783b00000, 0x0000000783b00000| Untracked 
|  60|0x0000000783c00000, 0x0000000783c00000, 0x0000000783d00000|  0%| F|  |TAMS 0x0000000783c00000, 0x0000000783c00000| Untracked 
|  61|0x0000000783d00000, 0x0000000783d00000, 0x0000000783e00000|  0%| F|  |TAMS 0x0000000783d00000, 0x0000000783d00000| Untracked 
|  62|0x0000000783e00000, 0x0000000783e00000, 0x0000000783f00000|  0%| F|  |TAMS 0x0000000783e00000, 0x0000000783e00000| Untracked 
|  63|0x0000000783f00000, 0x0000000783f00000, 0x0000000784000000|  0%| F|  |TAMS 0x0000000783f00000, 0x0000000783f00000| Untracked 
|  64|0x0000000784000000, 0x0000000784000000, 0x0000000784100000|  0%| F|  |TAMS 0x0000000784000000, 0x0000000784000000| Untracked 
|  65|0x0000000784100000, 0x0000000784100000, 0x0000000784200000|  0%| F|  |TAMS 0x0000000784100000, 0x0000000784100000| Untracked 
|  66|0x0000000784200000, 0x0000000784200000, 0x0000000784300000|  0%| F|  |TAMS 0x0000000784200000, 0x0000000784200000| Untracked 
|  67|0x0000000784300000, 0x0000000784300000, 0x0000000784400000|  0%| F|  |TAMS 0x0000000784300000, 0x0000000784300000| Untracked 
|  68|0x0000000784400000, 0x0000000784400000, 0x0000000784500000|  0%| F|  |TAMS 0x0000000784400000, 0x0000000784400000| Untracked 
|  69|0x0000000784500000, 0x0000000784500000, 0x0000000784600000|  0%| F|  |TAMS 0x0000000784500000, 0x0000000784500000| Untracked 
|  70|0x0000000784600000, 0x0000000784600000, 0x0000000784700000|  0%| F|  |TAMS 0x0000000784600000, 0x0000000784600000| Untracked 
|  71|0x0000000784700000, 0x0000000784700000, 0x0000000784800000|  0%| F|  |TAMS 0x0000000784700000, 0x0000000784700000| Untracked 
|  72|0x0000000784800000, 0x0000000784800000, 0x0000000784900000|  0%| F|  |TAMS 0x0000000784800000, 0x0000000784800000| Untracked 
|  73|0x0000000784900000, 0x0000000784900000, 0x0000000784a00000|  0%| F|  |TAMS 0x0000000784900000, 0x0000000784900000| Untracked 
|  74|0x0000000784a00000, 0x0000000784a00000, 0x0000000784b00000|  0%| F|  |TAMS 0x0000000784a00000, 0x0000000784a00000| Untracked 
|  75|0x0000000784b00000, 0x0000000784b00000, 0x0000000784c00000|  0%| F|  |TAMS 0x0000000784b00000, 0x0000000784b00000| Untracked 
|  76|0x0000000784c00000, 0x0000000784c00000, 0x0000000784d00000|  0%| F|  |TAMS 0x0000000784c00000, 0x0000000784c00000| Untracked 
|  77|0x0000000784d00000, 0x0000000784d00000, 0x0000000784e00000|  0%| F|  |TAMS 0x0000000784d00000, 0x0000000784d00000| Untracked 
|  78|0x0000000784e00000, 0x0000000784e00000, 0x0000000784f00000|  0%| F|  |TAMS 0x0000000784e00000, 0x0000000784e00000| Untracked 
|  79|0x0000000784f00000, 0x0000000784f00000, 0x0000000785000000|  0%| F|  |TAMS 0x0000000784f00000, 0x0000000784f00000| Untracked 
|  80|0x0000000785000000, 0x0000000785000000, 0x0000000785100000|  0%| F|  |TAMS 0x0000000785000000, 0x0000000785000000| Untracked 
|  81|0x0000000785100000, 0x0000000785180800, 0x0000000785200000| 50%| E|  |TAMS 0x0000000785100000, 0x0000000785100000| Complete 
|  82|0x0000000785200000, 0x0000000785300000, 0x0000000785300000|100%| E|CS|TAMS 0x0000000785200000, 0x0000000785200000| Complete 
|  83|0x0000000785300000, 0x0000000785400000, 0x0000000785400000|100%| E|CS|TAMS 0x0000000785300000, 0x0000000785300000| Complete 
|  84|0x0000000785400000, 0x0000000785500000, 0x0000000785500000|100%| E|CS|TAMS 0x0000000785400000, 0x0000000785400000| Complete 
|  85|0x0000000785500000, 0x0000000785600000, 0x0000000785600000|100%| E|CS|TAMS 0x0000000785500000, 0x0000000785500000| Complete 
|  86|0x0000000785600000, 0x0000000785700000, 0x0000000785700000|100%| E|CS|TAMS 0x0000000785600000, 0x0000000785600000| Complete 
|  87|0x0000000785700000, 0x0000000785800000, 0x0000000785800000|100%| E|CS|TAMS 0x0000000785700000, 0x0000000785700000| Complete 
|  88|0x0000000785800000, 0x0000000785900000, 0x0000000785900000|100%| E|CS|TAMS 0x0000000785800000, 0x0000000785800000| Complete 
|  89|0x0000000785900000, 0x0000000785a00000, 0x0000000785a00000|100%| E|CS|TAMS 0x0000000785900000, 0x0000000785900000| Complete 
|  90|0x0000000785a00000, 0x0000000785b00000, 0x0000000785b00000|100%| E|CS|TAMS 0x0000000785a00000, 0x0000000785a00000| Complete 
|  91|0x0000000785b00000, 0x0000000785c00000, 0x0000000785c00000|100%| E|CS|TAMS 0x0000000785b00000, 0x0000000785b00000| Complete 
|  92|0x0000000785c00000, 0x0000000785d00000, 0x0000000785d00000|100%| E|CS|TAMS 0x0000000785c00000, 0x0000000785c00000| Complete 
|  93|0x0000000785d00000, 0x0000000785e00000, 0x0000000785e00000|100%| E|CS|TAMS 0x0000000785d00000, 0x0000000785d00000| Complete 
|  94|0x0000000785e00000, 0x0000000785f00000, 0x0000000785f00000|100%| E|CS|TAMS 0x0000000785e00000, 0x0000000785e00000| Complete 
|  95|0x0000000785f00000, 0x0000000786000000, 0x0000000786000000|100%| E|CS|TAMS 0x0000000785f00000, 0x0000000785f00000| Complete 
|  96|0x0000000786000000, 0x0000000786100000, 0x0000000786100000|100%| E|CS|TAMS 0x0000000786000000, 0x0000000786000000| Complete 
|  97|0x0000000786100000, 0x0000000786200000, 0x0000000786200000|100%| E|CS|TAMS 0x0000000786100000, 0x0000000786100000| Complete 
|  98|0x0000000786200000, 0x0000000786300000, 0x0000000786300000|100%| E|CS|TAMS 0x0000000786200000, 0x0000000786200000| Complete 
|  99|0x0000000786300000, 0x0000000786400000, 0x0000000786400000|100%| E|CS|TAMS 0x0000000786300000, 0x0000000786300000| Complete 
| 100|0x0000000786400000, 0x0000000786500000, 0x0000000786500000|100%| E|CS|TAMS 0x0000000786400000, 0x0000000786400000| Complete 
| 101|0x0000000786500000, 0x0000000786600000, 0x0000000786600000|100%| E|CS|TAMS 0x0000000786500000, 0x0000000786500000| Complete 
| 102|0x0000000786600000, 0x00000007866bc6e0, 0x0000000786700000| 73%| S|CS|TAMS 0x0000000786600000, 0x0000000786600000| Complete 
| 103|0x0000000786700000, 0x0000000786800000, 0x0000000786800000|100%| S|CS|TAMS 0x0000000786700000, 0x0000000786700000| Complete 
| 104|0x0000000786800000, 0x0000000786900000, 0x0000000786900000|100%| S|CS|TAMS 0x0000000786800000, 0x0000000786800000| Complete 
| 105|0x0000000786900000, 0x0000000786a00000, 0x0000000786a00000|100%| E|CS|TAMS 0x0000000786900000, 0x0000000786900000| Complete 
| 106|0x0000000786a00000, 0x0000000786b00000, 0x0000000786b00000|100%| E|CS|TAMS 0x0000000786a00000, 0x0000000786a00000| Complete 
| 107|0x0000000786b00000, 0x0000000786c00000, 0x0000000786c00000|100%| E|CS|TAMS 0x0000000786b00000, 0x0000000786b00000| Complete 
| 108|0x0000000786c00000, 0x0000000786d00000, 0x0000000786d00000|100%| E|CS|TAMS 0x0000000786c00000, 0x0000000786c00000| Complete 
| 109|0x0000000786d00000, 0x0000000786e00000, 0x0000000786e00000|100%| E|CS|TAMS 0x0000000786d00000, 0x0000000786d00000| Complete 
| 110|0x0000000786e00000, 0x0000000786f00000, 0x0000000786f00000|100%| E|CS|TAMS 0x0000000786e00000, 0x0000000786e00000| Complete 
| 111|0x0000000786f00000, 0x0000000787000000, 0x0000000787000000|100%| E|CS|TAMS 0x0000000786f00000, 0x0000000786f00000| Complete 
| 112|0x0000000787000000, 0x0000000787100000, 0x0000000787100000|100%| E|CS|TAMS 0x0000000787000000, 0x0000000787000000| Complete 
| 113|0x0000000787100000, 0x0000000787200000, 0x0000000787200000|100%| E|CS|TAMS 0x0000000787100000, 0x0000000787100000| Complete 
| 114|0x0000000787200000, 0x0000000787300000, 0x0000000787300000|100%| E|CS|TAMS 0x0000000787200000, 0x0000000787200000| Complete 
| 115|0x0000000787300000, 0x0000000787400000, 0x0000000787400000|100%| E|CS|TAMS 0x0000000787300000, 0x0000000787300000| Complete 
| 116|0x0000000787400000, 0x0000000787500000, 0x0000000787500000|100%| E|CS|TAMS 0x0000000787400000, 0x0000000787400000| Complete 
| 117|0x0000000787500000, 0x0000000787600000, 0x0000000787600000|100%| E|CS|TAMS 0x0000000787500000, 0x0000000787500000| Complete 
| 118|0x0000000787600000, 0x0000000787700000, 0x0000000787700000|100%| E|CS|TAMS 0x0000000787600000, 0x0000000787600000| Complete 
| 119|0x0000000787700000, 0x0000000787800000, 0x0000000787800000|100%| E|CS|TAMS 0x0000000787700000, 0x0000000787700000| Complete 
| 120|0x0000000787800000, 0x0000000787900000, 0x0000000787900000|100%| E|CS|TAMS 0x0000000787800000, 0x0000000787800000| Complete 
| 121|0x0000000787900000, 0x0000000787a00000, 0x0000000787a00000|100%| E|CS|TAMS 0x0000000787900000, 0x0000000787900000| Complete 
| 122|0x0000000787a00000, 0x0000000787b00000, 0x0000000787b00000|100%| E|CS|TAMS 0x0000000787a00000, 0x0000000787a00000| Complete 
| 123|0x0000000787b00000, 0x0000000787c00000, 0x0000000787c00000|100%| E|CS|TAMS 0x0000000787b00000, 0x0000000787b00000| Complete 
| 124|0x0000000787c00000, 0x0000000787d00000, 0x0000000787d00000|100%| E|CS|TAMS 0x0000000787c00000, 0x0000000787c00000| Complete 
| 125|0x0000000787d00000, 0x0000000787e00000, 0x0000000787e00000|100%| E|CS|TAMS 0x0000000787d00000, 0x0000000787d00000| Complete 
| 126|0x0000000787e00000, 0x0000000787f00000, 0x0000000787f00000|100%| E|CS|TAMS 0x0000000787e00000, 0x0000000787e00000| Complete 
| 127|0x0000000787f00000, 0x0000000788000000, 0x0000000788000000|100%| E|CS|TAMS 0x0000000787f00000, 0x0000000787f00000| Complete 
|2046|0x00000007ffe00000, 0x00000007ffe78000, 0x00000007fff00000| 46%|OA|  |TAMS 0x00000007ffe00000, 0x00000007ffe00000| Untracked 
|2047|0x00000007fff00000, 0x00000007fff80000, 0x0000000800000000| 50%|CA|  |TAMS 0x00000007fff00000, 0x00000007fff00000| Untracked 

Card table byte_map: [0x00000001057cc000,0x0000000105bcc000] _byte_map_base: 0x0000000101bcc000

Marking Bits (Prev, Next): (CMBitMap*) 0x000000014f02dc10, (CMBitMap*) 0x000000014f02dc50
 Prev Bits: [0x000000011da2c000, 0x000000011fa2c000)
 Next Bits: [0x000000011fa2c000, 0x0000000121a2c000)

Polling page: 0x0000000104f0c000

Metaspace:

Usage:
  Non-class:     12.89 MB used.
      Class:      2.28 MB used.
       Both:     15.17 MB used.

Virtual space:
  Non-class space:       16.00 MB reserved,      13.00 MB ( 81%) committed,  2 nodes.
      Class space:        1.00 GB reserved,       2.44 MB ( <1%) committed,  1 nodes.
             Both:        1.02 GB reserved,      15.44 MB (  1%) committed. 

Chunk freelists:
   Non-Class:  2.73 MB
       Class:  1.55 MB
        Both:  4.28 MB

MaxMetaspaceSize: unlimited
CompressedClassSpaceSize: 1.00 GB
Initial GC threshold: 21.00 MB
Current GC threshold: 21.00 MB
CDS: on
MetaspaceReclaimPolicy: balanced
 - commit_granule_bytes: 65536.
 - commit_granule_words: 8192.
 - virtual_space_node_default_size: 1048576.
 - enlarge_chunks_in_place: 1.
 - new_chunks_are_fully_committed: 0.
 - uncommit_free_chunks: 1.
 - use_allocation_guard: 0.
 - handle_deallocations: 1.


Internal statistics:

num_allocs_failed_limit: 0.
num_arena_births: 198.
num_arena_deaths: 0.
num_vsnodes_births: 3.
num_vsnodes_deaths: 0.
num_space_committed: 247.
num_space_uncommitted: 0.
num_chunks_returned_to_freelist: 0.
num_chunks_taken_from_freelist: 695.
num_chunk_merges: 0.
num_chunk_splits: 494.
num_chunks_enlarged: 392.
num_purges: 0.
num_inconsistent_stats: 0.

CodeHeap 'non-profiled nmethods': size=120032Kb used=851Kb max_used=851Kb free=119180Kb
 bounds [0x00000001160f4000, 0x0000000116364000, 0x000000011d62c000]
CodeHeap 'profiled nmethods': size=120016Kb used=4067Kb max_used=4067Kb free=115949Kb
 bounds [0x000000010ebc0000, 0x000000010efc0000, 0x00000001160f4000]
CodeHeap 'non-nmethods': size=5712Kb used=1407Kb max_used=1500Kb free=4304Kb
 bounds [0x000000010e62c000, 0x000000010e89c000, 0x000000010ebc0000]
 total_blobs=2801 nmethods=2043 adapters=674
 compilation: enabled
              stopped_count=0, restarted_count=0
 full_count=0

Compilation events (20 events):
Event: 2.316 Thread 0x000000014d01f600 nmethod 2096 0x00000001161c0c90 code [0x00000001161c0e00, 0x00000001161c0f68]
Event: 2.317 Thread 0x000000014d01f600 2097       3       java.lang.Thread::interrupted (23 bytes)
Event: 2.317 Thread 0x000000014d01f600 nmethod 2097 0x000000010efb5290 code [0x000000010efb5440, 0x000000010efb5618]
Event: 2.373 Thread 0x000000014d01f600 2098       3       java.util.WeakHashMap::putAll (133 bytes)
Event: 2.374 Thread 0x000000014d01f600 nmethod 2098 0x000000010efb5710 code [0x000000010efb59c0, 0x000000010efb6618]
Event: 2.383 Thread 0x000000014d01cc00 nmethod 2091 0x00000001161c1010 code [0x00000001161c1380, 0x00000001161c4d70]
Event: 2.383 Thread 0x000000014d01cc00 2094       4       com.sun.prism.impl.VertexBuffer::addVertNoCheck (102 bytes)
Event: 2.384 Thread 0x000000014d01cc00 nmethod 2094 0x00000001161c8490 code [0x00000001161c8640, 0x00000001161c8900]
Event: 2.390 Thread 0x000000014d01f600 2099       3       com.sun.scenario.animation.AnimationPulse::getDefaultBean (4 bytes)
Event: 2.390 Thread 0x000000014d01f600 nmethod 2099 0x000000010efb6990 code [0x000000010efb6b40, 0x000000010efb6c28]
Event: 2.407 Thread 0x000000014d01f600 2100       3       java.util.concurrent.atomic.AtomicBoolean::get (13 bytes)
Event: 2.407 Thread 0x000000014d01f600 nmethod 2100 0x000000010efb6d10 code [0x000000010efb6ec0, 0x000000010efb7068]
Event: 2.507 Thread 0x000000014d01f600 2101       3       java.util.concurrent.locks.ReentrantLock$NonfairSync::initialTryLock (58 bytes)
Event: 2.508 Thread 0x000000014d01f600 nmethod 2101 0x000000010efb7110 code [0x000000010efb7300, 0x000000010efb7788]
Event: 2.523 Thread 0x000000014d01f600 2102       3       java.util.concurrent.locks.ReentrantLock::unlock (10 bytes)
Event: 2.524 Thread 0x000000014d01f600 nmethod 2102 0x000000010efb7910 code [0x000000010efb7b00, 0x000000010efb7e48]
Event: 2.573 Thread 0x000000014d01f600 2103       3       java.util.concurrent.locks.ReentrantLock::lock (8 bytes)
Event: 2.573 Thread 0x000000014d01f600 nmethod 2103 0x000000010efb7f90 code [0x000000010efb8180, 0x000000010efb8508]
Event: 2.573 Thread 0x000000014d01f600 2104       3       java.util.concurrent.locks.ReentrantLock$Sync::lock (13 bytes)
Event: 2.574 Thread 0x000000014d01f600 nmethod 2104 0x000000010efb8610 code [0x000000010efb8800, 0x000000010efb8b08]

GC Heap History (2 events):
Event: 0.385 GC heap before
{Heap before GC invocations=0 (full 0):
 garbage-first heap   total 133120K, used 23520K [0x0000000780000000, 0x0000000800000000)
  region size 1024K, 23 young (23552K), 0 survivors (0K)
 Metaspace       used 6226K, committed 6400K, reserved 1056768K
  class space    used 746K, committed 832K, reserved 1048576K
}
Event: 0.387 GC heap after
{Heap after GC invocations=1 (full 0):
 garbage-first heap   total 133120K, used 3793K [0x0000000780000000, 0x0000000800000000)
  region size 1024K, 3 young (3072K), 3 survivors (3072K)
 Metaspace       used 6226K, committed 6400K, reserved 1056768K
  class space    used 746K, committed 832K, reserved 1048576K
}

Deoptimization events (20 events):
Event: 1.006 Thread 0x000000013f15a000 Uncommon trap: trap_request=0xffffffde fr.pc=0x00000001161521f8 relative=0x0000000000000ff8
Event: 1.006 Thread 0x000000013f15a000 Uncommon trap: reason=class_check action=maybe_recompile pc=0x00000001161521f8 method=java.util.concurrent.ConcurrentHashMap.putVal(Ljava/lang/Object;Ljava/lang/Object;Z)Ljava/lang/Object; @ 242 c2
Event: 1.006 Thread 0x000000013f15a000 DEOPT PACKING pc=0x00000001161521f8 sp=0x000000016e0b2520
Event: 1.006 Thread 0x000000013f15a000 DEOPT UNPACKING pc=0x000000010e66ad1c sp=0x000000016e0b2440 mode 2
Event: 1.023 Thread 0x000000013f15a000 Uncommon trap: trap_request=0xffffffde fr.pc=0x00000001161521f8 relative=0x0000000000000ff8
Event: 1.023 Thread 0x000000013f15a000 Uncommon trap: reason=class_check action=maybe_recompile pc=0x00000001161521f8 method=java.util.concurrent.ConcurrentHashMap.putVal(Ljava/lang/Object;Ljava/lang/Object;Z)Ljava/lang/Object; @ 242 c2
Event: 1.023 Thread 0x000000013f15a000 DEOPT PACKING pc=0x00000001161521f8 sp=0x000000016e0b2520
Event: 1.023 Thread 0x000000013f15a000 DEOPT UNPACKING pc=0x000000010e66ad1c sp=0x000000016e0b2440 mode 2
Event: 1.310 Thread 0x000000013d00ac00 DEOPT PACKING pc=0x000000010ef46e68 sp=0x000000016de184b0
Event: 1.310 Thread 0x000000013d00ac00 DEOPT UNPACKING pc=0x000000010e66ab7c sp=0x000000016de18130 mode 0
Event: 1.812 Thread 0x000000013d00ac00 DEOPT PACKING pc=0x000000010ef815d8 sp=0x000000016de18620
Event: 1.812 Thread 0x000000013d00ac00 DEOPT UNPACKING pc=0x000000010e66ab7c sp=0x000000016de182a0 mode 0
Event: 1.813 Thread 0x000000013d00ac00 DEOPT PACKING pc=0x000000010ef8cb4c sp=0x000000016de187c0
Event: 1.813 Thread 0x000000013d00ac00 DEOPT UNPACKING pc=0x000000010e66ab7c sp=0x000000016de183e0 mode 0
Event: 2.310 Thread 0x000000013d00ac00 DEOPT PACKING pc=0x000000010ef80eb4 sp=0x000000016de19600
Event: 2.310 Thread 0x000000013d00ac00 DEOPT UNPACKING pc=0x000000010e66ab7c sp=0x000000016de19280 mode 0
Event: 2.314 Thread 0x000000013d00ac00 DEOPT PACKING pc=0x000000010ef80eb4 sp=0x000000016de18620
Event: 2.314 Thread 0x000000013d00ac00 DEOPT UNPACKING pc=0x000000010e66ab7c sp=0x000000016de182a0 mode 0
Event: 2.315 Thread 0x000000013d00ac00 DEOPT PACKING pc=0x000000010ef80eb4 sp=0x000000016de18620
Event: 2.315 Thread 0x000000013d00ac00 DEOPT UNPACKING pc=0x000000010e66ab7c sp=0x000000016de182a0 mode 0

Classes unloaded (0 events):
No events

Classes redefined (0 events):
No events

Internal exceptions (20 events):
Event: 0.480 Thread 0x000000014f0c0400 Exception <a 'sun/nio/fs/UnixException'{0x0000000787153c20}> (0x0000000787153c20) 
thrown [open/src/hotspot/share/prims/jni.cpp, line 516]
Event: 0.557 Thread 0x000000014f0c0400 Exception <a 'java/io/FileNotFoundException'{0x00000007870a2ec8}> (0x00000007870a2ec8) 
thrown [open/src/hotspot/share/prims/jni.cpp, line 516]
Event: 0.557 Thread 0x000000014f0c0400 Exception <a 'java/io/FileNotFoundException'{0x00000007870a3838}> (0x00000007870a3838) 
thrown [open/src/hotspot/share/prims/jni.cpp, line 516]
Event: 0.571 Thread 0x000000014f0c0400 Exception <a 'sun/nio/fs/UnixException'{0x0000000786e19ed0}> (0x0000000786e19ed0) 
thrown [open/src/hotspot/share/prims/jni.cpp, line 516]
Event: 0.635 Thread 0x000000014f0c0400 Exception <a 'java/lang/ClassNotFoundException'{0x00000007865e45f0}: com/sun/javafx/scene/control/skin/resources/controls> (0x00000007865e45f0) 
thrown [open/src/hotspot/share/prims/jni.cpp, line 535]
Event: 0.635 Thread 0x000000014f0c0400 Exception <a 'java/lang/ClassNotFoundException'{0x00000007865f2590}: com/sun/javafx/scene/control/skin/resources/controls_zh> (0x00000007865f2590) 
thrown [open/src/hotspot/share/prims/jni.cpp, line 535]
Event: 0.635 Thread 0x000000014f0c0400 Exception <a 'java/lang/ClassNotFoundException'{0x00000007865f3528}: com/sun/javafx/scene/control/skin/resources/controls_zh_TW> (0x00000007865f3528) 
thrown [open/src/hotspot/share/prims/jni.cpp, line 535]
Event: 0.636 Thread 0x000000014f0c0400 Exception <a 'java/lang/ClassNotFoundException'{0x00000007864020f0}: com/sun/javafx/scene/control/skin/resources/controls_zh_Hant> (0x00000007864020f0) 
thrown [open/src/hotspot/share/prims/jni.cpp, line 535]
Event: 0.636 Thread 0x000000014f0c0400 Exception <a 'java/lang/ClassNotFoundException'{0x0000000786403090}: com/sun/javafx/scene/control/skin/resources/controls_zh_Hant_TW> (0x0000000786403090) 
thrown [open/src/hotspot/share/prims/jni.cpp, line 535]
Event: 0.655 Thread 0x000000014f0c0400 Exception <a 'java/lang/NoSuchMethodError'{0x000000078622df50}: 'void java.lang.invoke.DirectMethodHandle$Holder.invokeSpecial(java.lang.Object, java.lang.Object, java.lang.Object, java.lang.Object, java.lang.Object, java.lang.Object)'> (0x000000078622df50) 
thrown [open/src/hotspot/share/interpreter/linkResolver.cpp, line 766]
Event: 0.682 Thread 0x000000014f0c0400 Exception <a 'java/lang/NoSuchMethodError'{0x0000000785f5b828}: 'java.lang.Object java.lang.invoke.DirectMethodHandle$Holder.invokeInterface(java.lang.Object, java.lang.Object, java.lang.Object)'> (0x0000000785f5b828) 
thrown [open/src/hotspot/share/interpreter/linkResolver.cpp, line 766]
Event: 0.683 Thread 0x000000014f0c0400 Exception <a 'java/lang/IncompatibleClassChangeError'{0x0000000785f5f1b0}: Found class java.lang.Object, but interface was expected> (0x0000000785f5f1b0) 
thrown [open/src/hotspot/share/interpreter/linkResolver.cpp, line 833]
Event: 0.744 Thread 0x000000014f0c0400 Exception <a 'java/lang/NoSuchMethodError'{0x0000000785935440}: 'java.lang.Object java.lang.invoke.DirectMethodHandle$Holder.newInvokeSpecial(java.lang.Object, java.lang.Object, int, int)'> (0x0000000785935440) 
thrown [open/src/hotspot/share/interpreter/linkResolver.cpp, line 766]
Event: 0.750 Thread 0x000000014f0c0400 Exception <a 'java/lang/NoSuchMethodError'{0x0000000785956c60}: 'java.lang.Object java.lang.invoke.DirectMethodHandle$Holder.newInvokeSpecial(java.lang.Object, java.lang.Object, int)'> (0x0000000785956c60) 
thrown [open/src/hotspot/share/interpreter/linkResolver.cpp, line 766]
Event: 0.811 Thread 0x000000013d00ac00 Exception <a 'java/lang/NoSuchMethodError'{0x0000000785778b60}: 'int java.lang.invoke.DirectMethodHandle$Holder.invokeStaticInit(java.lang.Object, java.lang.Object)'> (0x0000000785778b60) 
thrown [open/src/hotspot/share/interpreter/linkResolver.cpp, line 766]
Event: 0.824 Thread 0x000000014f0c0400 Exception <a 'java/lang/NoSuchMethodError'{0x00000007858df608}: 'long java.lang.invoke.DirectMethodHandle$Holder.invokeStatic(java.lang.Object, java.lang.Object, java.lang.Object)'> (0x00000007858df608) 
thrown [open/src/hotspot/share/interpreter/linkResolver.cpp, line 766]
Event: 0.824 Thread 0x000000014f0c0400 Exception <a 'java/lang/NoSuchMethodError'{0x00000007858e2db0}: 'long java.lang.invoke.DirectMethodHandle$Holder.invokeStaticInit(java.lang.Object, java.lang.Object, java.lang.Object)'> (0x00000007858e2db0) 
thrown [open/src/hotspot/share/interpreter/linkResolver.cpp, line 766]
Event: 0.825 Thread 0x000000014f0c0400 Exception <a 'java/lang/NoSuchMethodError'{0x00000007858fa9b8}: 'java.lang.Object java.lang.invoke.DirectMethodHandle$Holder.newInvokeSpecial(java.lang.Object, java.lang.Object, long)'> (0x00000007858fa9b8) 
thrown [open/src/hotspot/share/interpreter/linkResolver.cpp, line 766]
Event: 0.825 Thread 0x000000014f0c0400 Exception <a 'java/lang/NoSuchMethodError'{0x00000007858fe280}: 'java.lang.Object java.lang.invoke.Invokers$Holder.linkToTargetMethod(java.lang.Object, long, java.lang.Object)'> (0x00000007858fe280) 
thrown [open/src/hotspot/share/interpreter/linkResolver.cpp, line 766]
Event: 0.920 Thread 0x000000013d00ac00 Exception <a 'java/lang/NoSuchMethodError'{0x00000007852e79b0}: 'java.lang.Object java.lang.invoke.DirectMethodHandle$Holder.invokeStaticInit(java.lang.Object, int)'> (0x00000007852e79b0) 
thrown [open/src/hotspot/share/interpreter/linkResolver.cpp, line 766]

VM Operations (20 events):
Event: 0.384 Executing VM operation: G1CollectForAllocation
Event: 0.387 Executing VM operation: G1CollectForAllocation done
Event: 0.387 Executing VM operation: Cleanup
Event: 0.387 Executing VM operation: Cleanup done
Event: 0.420 Executing VM operation: HandshakeAllThreads
Event: 0.420 Executing VM operation: HandshakeAllThreads done
Event: 0.447 Executing VM operation: HandshakeAllThreads
Event: 0.447 Executing VM operation: HandshakeAllThreads done
Event: 0.469 Executing VM operation: ICBufferFull
Event: 0.469 Executing VM operation: ICBufferFull done
Event: 0.566 Executing VM operation: HandshakeAllThreads
Event: 0.566 Executing VM operation: HandshakeAllThreads done
Event: 0.590 Executing VM operation: ICBufferFull
Event: 0.590 Executing VM operation: ICBufferFull done
Event: 0.707 Executing VM operation: ICBufferFull
Event: 0.707 Executing VM operation: ICBufferFull done
Event: 0.745 Executing VM operation: ICBufferFull
Event: 0.745 Executing VM operation: ICBufferFull done
Event: 1.750 Executing VM operation: Cleanup
Event: 1.750 Executing VM operation: Cleanup done

Events (20 events):
Event: 0.840 loading class java/nio/ShortBuffer done
Event: 0.840 loading class java/nio/DirectShortBufferU done
Event: 0.858 loading class java/nio/FloatBuffer
Event: 0.858 loading class java/nio/FloatBuffer done
Event: 0.858 loading class java/nio/DoubleBuffer
Event: 0.858 loading class java/nio/DoubleBuffer done
Event: 0.858 loading class java/nio/DirectFloatBufferU
Event: 0.858 loading class java/nio/DirectFloatBufferU done
Event: 0.866 loading class com/sun/scenario/effect/FilterContext
Event: 0.866 loading class com/sun/scenario/effect/FilterContext done
Event: 0.866 loading class com/sun/scenario/effect/FilterContext
Event: 0.866 loading class com/sun/scenario/effect/FilterContext done
Event: 0.866 loading class com/sun/scenario/effect/impl/Renderer
Event: 0.866 loading class com/sun/scenario/effect/impl/Renderer done
Event: 0.917 loading class jdk/internal/misc/ScopedMemoryAccess$Scope
Event: 0.917 loading class jdk/internal/misc/ScopedMemoryAccess$Scope done
Event: 0.993 loading class com/sun/prism/impl/ps/CachingShapeRepState$CacheEntry
Event: 0.993 loading class com/sun/prism/impl/ps/CachingShapeRepState$CacheEntry done
Event: 0.993 loading class com/sun/prism/impl/ps/CachingShapeRepState$CacheEntry
Event: 0.993 loading class com/sun/prism/impl/ps/CachingShapeRepState$CacheEntry done


Dynamic libraries:
0x0000000104ebc000 	/Library/Java/JavaVirtualMachines/jdk-17.0.1.jdk/Contents/Home/lib/libjli.dylib
0x00000001b007a000 	/usr/lib/libz.1.dylib
0x00000001b012a000 	/usr/lib/libSystem.B.dylib
0x00000001b0124000 	/usr/lib/system/libcache.dylib
0x00000001b00e2000 	/usr/lib/system/libcommonCrypto.dylib
0x00000001b010b000 	/usr/lib/system/libcompiler_rt.dylib
0x00000001b0102000 	/usr/lib/system/libcopyfile.dylib
0x00000001a542e000 	/usr/lib/system/libcorecrypto.dylib
0x00000001a54d3000 	/usr/lib/system/libdispatch.dylib
0x00000001a569b000 	/usr/lib/system/libdyld.dylib
0x00000001b011a000 	/usr/lib/system/libkeymgr.dylib
0x00000001b00c4000 	/usr/lib/system/libmacho.dylib
0x00000001af7d0000 	/usr/lib/system/libquarantine.dylib
0x00000001b0117000 	/usr/lib/system/libremovefile.dylib
0x00000001aa81d000 	/usr/lib/system/libsystem_asl.dylib
0x00000001a53d8000 	/usr/lib/system/libsystem_blocks.dylib
0x00000001a5559000 	/usr/lib/system/libsystem_c.dylib
0x00000001b010f000 	/usr/lib/system/libsystem_collections.dylib
0x00000001aec2d000 	/usr/lib/system/libsystem_configuration.dylib
0x00000001adeb3000 	/usr/lib/system/libsystem_containermanager.dylib
0x00000001afe2e000 	/usr/lib/system/libsystem_coreservices.dylib
0x00000001a7dc0000 	/usr/lib/system/libsystem_darwin.dylib
0x00000001b011b000 	/usr/lib/system/libsystem_dnssd.dylib
0x00000001a5556000 	/usr/lib/system/libsystem_featureflags.dylib
0x00000001a56b0000 	/usr/lib/system/libsystem_info.dylib
0x00000001b008c000 	/usr/lib/system/libsystem_m.dylib
0x00000001a54a8000 	/usr/lib/system/libsystem_malloc.dylib
0x00000001aa7ae000 	/usr/lib/system/libsystem_networkextension.dylib
0x00000001a8213000 	/usr/lib/system/libsystem_notify.dylib
0x00000001b62f7000 	/usr/lib/system/libsystem_product_info_filter.dylib
0x00000001aec32000 	/usr/lib/system/libsystem_sandbox.dylib
0x00000001b0114000 	/usr/lib/system/libsystem_secinit.dylib
0x00000001a5658000 	/usr/lib/system/libsystem_kernel.dylib
0x00000001a56a8000 	/usr/lib/system/libsystem_platform.dylib
0x00000001a568e000 	/usr/lib/system/libsystem_pthread.dylib
0x00000001abf53000 	/usr/lib/system/libsystem_symptoms.dylib
0x00000001a5414000 	/usr/lib/system/libsystem_trace.dylib
0x00000001b00ef000 	/usr/lib/system/libunwind.dylib
0x00000001a53da000 	/usr/lib/system/libxpc.dylib
0x00000001a563e000 	/usr/lib/libc++abi.dylib
0x00000001a551a000 	/usr/lib/libobjc.A.dylib
0x00000001b00fa000 	/usr/lib/liboah.dylib
0x00000001a55da000 	/usr/lib/libc++.1.dylib
0x00000001bbcd4000 	/System/Library/Frameworks/Cocoa.framework/Versions/A/Cocoa
0x00000001a8272000 	/System/Library/Frameworks/AppKit.framework/Versions/C/AppKit
0x00000001ab794000 	/System/Library/Frameworks/CoreData.framework/Versions/A/CoreData
0x00000001a65d3000 	/System/Library/Frameworks/Foundation.framework/Versions/C/Foundation
0x00000001a9124000 	/System/Library/PrivateFrameworks/UIFoundation.framework/Versions/A/UIFoundation
0x00000001b5ff1000 	/System/Library/PrivateFrameworks/RemoteViewServices.framework/Versions/A/RemoteViewServices
0x00000001ae5ec000 	/System/Library/PrivateFrameworks/XCTTargetBootstrap.framework/Versions/A/XCTTargetBootstrap
0x00000001b1e2c000 	/System/Library/PrivateFrameworks/InternationalSupport.framework/Versions/A/InternationalSupport
0x00000001b1eb5000 	/System/Library/PrivateFrameworks/UserActivity.framework/Versions/A/UserActivity
0x00000001b1357000 	/usr/lib/libspindump.dylib
0x00000001a9394000 	/System/Library/Frameworks/UniformTypeIdentifiers.framework/Versions/A/UniformTypeIdentifiers
0x00000001acb7a000 	/usr/lib/libapp_launch_measurement.dylib
0x00000001ac0f7000 	/System/Library/PrivateFrameworks/CoreAnalytics.framework/Versions/A/CoreAnalytics
0x00000001acb7d000 	/System/Library/PrivateFrameworks/CoreAutoLayout.framework/Versions/A/CoreAutoLayout
0x00000001adef0000 	/System/Library/Frameworks/Metal.framework/Versions/A/Metal
0x00000001aec3d000 	/usr/lib/liblangid.dylib
0x00000001ae5f0000 	/System/Library/PrivateFrameworks/CoreSVG.framework/Versions/A/CoreSVG
0x00000001aa851000 	/System/Library/PrivateFrameworks/SkyLight.framework/Versions/A/SkyLight
0x00000001aac19000 	/System/Library/Frameworks/CoreGraphics.framework/Versions/A/CoreGraphics
0x00000001b666a000 	/System/Library/Frameworks/Accelerate.framework/Versions/A/Accelerate
0x00000001b0dcc000 	/System/Library/PrivateFrameworks/IconServices.framework/Versions/A/IconServices
0x00000001aded2000 	/System/Library/Frameworks/IOSurface.framework/Versions/A/IOSurface
0x00000001ac127000 	/usr/lib/libDiagnosticMessagesClient.dylib
0x00000001b9aa2000 	/System/Library/Frameworks/ApplicationServices.framework/Versions/A/ApplicationServices
0x00000001ae5d4000 	/System/Library/PrivateFrameworks/DFRFoundation.framework/Versions/A/DFRFoundation
0x00000001a7b15000 	/usr/lib/libicucore.A.dylib
0x00000001b2c29000 	/System/Library/Frameworks/AudioToolbox.framework/Versions/A/AudioToolbox
0x00000001b1e38000 	/System/Library/PrivateFrameworks/DataDetectorsCore.framework/Versions/A/DataDetectorsCore
0x00000001c7e54000 	/System/Library/PrivateFrameworks/TextInput.framework/Versions/A/TextInput
0x00000001aa7c8000 	/usr/lib/libMobileGestalt.dylib
0x00000001ae2a4000 	/System/Library/Frameworks/Carbon.framework/Versions/A/Frameworks/HIToolbox.framework/Versions/A/HIToolbox
0x00000001ac584000 	/System/Library/Frameworks/QuartzCore.framework/Versions/A/QuartzCore
0x00000001a7792000 	/System/Library/Frameworks/Security.framework/Versions/A/Security
0x00000001b6031000 	/System/Library/Frameworks/Carbon.framework/Versions/A/Frameworks/SpeechRecognition.framework/Versions/A/SpeechRecognition
0x00000001ac8d1000 	/System/Library/PrivateFrameworks/CoreUI.framework/Versions/A/CoreUI
0x00000001a7065000 	/System/Library/Frameworks/CoreAudio.framework/Versions/A/CoreAudio
0x00000001ac217000 	/System/Library/Frameworks/DiskArbitration.framework/Versions/A/DiskArbitration
0x00000001b173f000 	/System/Library/PrivateFrameworks/MultitouchSupport.framework/Versions/A/MultitouchSupport
0x00000001aa7c6000 	/usr/lib/libenergytrace.dylib
0x00000001a813e000 	/System/Library/Frameworks/IOKit.framework/Versions/A/IOKit
0x00000001b6418000 	/System/Library/Frameworks/CoreServices.framework/Versions/A/CoreServices
0x00000001acb0a000 	/System/Library/PrivateFrameworks/PerformanceAnalysis.framework/Versions/A/PerformanceAnalysis
0x0000000206679000 	/System/Library/Frameworks/OpenGL.framework/Versions/A/OpenGL
0x00000001af6f0000 	/System/Library/PrivateFrameworks/MobileKeyBag.framework/Versions/A/MobileKeyBag
0x00000001ab229000 	/System/Library/Frameworks/ColorSync.framework/Versions/A/ColorSync
0x00000001a56dc000 	/System/Library/Frameworks/CoreFoundation.framework/Versions/A/CoreFoundation
0x00000001ae871000 	/System/Library/Frameworks/CoreImage.framework/Versions/A/CoreImage
0x00000001a6e88000 	/System/Library/Frameworks/CoreText.framework/Versions/A/CoreText
0x00000001ae620000 	/System/Library/Frameworks/ImageIO.framework/Versions/A/ImageIO
0x00000001b0130000 	/System/Library/PrivateFrameworks/SoftLinking.framework/Versions/A/SoftLinking
0x00000001acbc7000 	/usr/lib/libxml2.2.dylib
0x00000001b03c8000 	/usr/lib/libcompression.dylib
0x00000001b1d85000 	/System/Library/PrivateFrameworks/TextureIO.framework/Versions/A/TextureIO
0x00000001b0ae6000 	/usr/lib/libate.dylib
0x00000001b09ae000 	/usr/lib/liblzma.5.dylib
0x00000001a62c4000 	/System/Library/Frameworks/SystemConfiguration.framework/Versions/A/SystemConfiguration
0x00000001b012c000 	/usr/lib/libfakelink.dylib
0x00000001aa2f6000 	/System/Library/Frameworks/CFNetwork.framework/Versions/A/CFNetwork
0x00000001b0273000 	/usr/lib/libarchive.2.dylib
0x00000001aec39000 	/System/Library/PrivateFrameworks/AppleSystemInfo.framework/Versions/A/AppleSystemInfo
0x00000001af7fa000 	/usr/lib/libbsm.0.dylib
0x00000001a9833000 	/usr/lib/libnetwork.dylib
0x00000001b00ca000 	/usr/lib/system/libkxld.dylib
0x00000001af412000 	/System/Library/PrivateFrameworks/IOMobileFramebuffer.framework/Versions/A/IOMobileFramebuffer
0x0000000221fa4000 	/usr/lib/libCoreEntitlements.dylib
0x00000001afe10000 	/System/Library/PrivateFrameworks/AppleFSCompression.framework/Versions/A/AppleFSCompression
0x00000001af7e3000 	/usr/lib/libcoretls.dylib
0x00000001b09c7000 	/usr/lib/libcoretls_cfhelpers.dylib
0x00000001b03c3000 	/usr/lib/libpam.2.dylib
0x00000001abb7b000 	/usr/lib/libsqlite3.dylib
0x00000001b0a2f000 	/usr/lib/libxar.1.dylib
0x00000001afe21000 	/usr/lib/libbz2.1.0.dylib
0x00000001b0131000 	/usr/lib/libpcap.A.dylib
0x00000001abf4a000 	/usr/lib/libdns_services.dylib
0x00000001b0396000 	/usr/lib/libapple_nghttp2.dylib
0x00000001b016e000 	/usr/lib/libiconv.2.dylib
0x00000001b00c3000 	/usr/lib/libcharset.1.dylib
0x00000001acb46000 	/System/Library/Frameworks/CoreServices.framework/Versions/A/Frameworks/FSEvents.framework/Versions/A/FSEvents
0x00000001a7dcb000 	/System/Library/Frameworks/CoreServices.framework/Versions/A/Frameworks/CarbonCore.framework/Versions/A/CarbonCore
0x00000001ac17a000 	/System/Library/Frameworks/CoreServices.framework/Versions/A/Frameworks/Metadata.framework/Versions/A/Metadata
0x00000001afe34000 	/System/Library/Frameworks/CoreServices.framework/Versions/A/Frameworks/OSServices.framework/Versions/A/OSServices
0x00000001b02f8000 	/System/Library/Frameworks/CoreServices.framework/Versions/A/Frameworks/SearchKit.framework/Versions/A/SearchKit
0x00000001abed8000 	/System/Library/Frameworks/CoreServices.framework/Versions/A/Frameworks/AE.framework/Versions/A/AE
0x00000001a5c20000 	/System/Library/Frameworks/CoreServices.framework/Versions/A/Frameworks/LaunchServices.framework/Versions/A/LaunchServices
0x00000001b0957000 	/System/Library/Frameworks/CoreServices.framework/Versions/A/Frameworks/DictionaryServices.framework/Versions/A/DictionaryServices
0x00000001acb53000 	/System/Library/Frameworks/CoreServices.framework/Versions/A/Frameworks/SharedFileList.framework/Versions/A/SharedFileList
0x00000001af7d3000 	/usr/lib/libCheckFix.dylib
0x00000001aa835000 	/System/Library/PrivateFrameworks/TCC.framework/Versions/A/TCC
0x00000001aec3f000 	/System/Library/PrivateFrameworks/CoreNLP.framework/Versions/A/CoreNLP
0x00000001ac12a000 	/System/Library/PrivateFrameworks/MetadataUtilities.framework/Versions/A/MetadataUtilities
0x00000001a637d000 	/usr/lib/libmecabra.dylib
0x00000001af80b000 	/usr/lib/libmecab.dylib
0x00000001a6349000 	/usr/lib/libCRFSuite.dylib
0x00000001af869000 	/usr/lib/libgermantok.dylib
0x00000001b036f000 	/usr/lib/libThaiTokenizer.dylib
0x00000001ac21f000 	/System/Library/Frameworks/Accelerate.framework/Versions/A/Frameworks/vImage.framework/Versions/A/vImage
0x00000001b63ef000 	/System/Library/Frameworks/Accelerate.framework/Versions/A/Frameworks/vecLib.framework/Versions/A/vecLib
0x00000001b0a73000 	/System/Library/Frameworks/Accelerate.framework/Versions/A/Frameworks/vecLib.framework/Versions/A/libvMisc.dylib
0x00000001af31c000 	/System/Library/Frameworks/Accelerate.framework/Versions/A/Frameworks/vecLib.framework/Versions/A/libvDSP.dylib
0x00000001a5fa3000 	/System/Library/Frameworks/Accelerate.framework/Versions/A/Frameworks/vecLib.framework/Versions/A/libBLAS.dylib
0x00000001b0497000 	/System/Library/Frameworks/Accelerate.framework/Versions/A/Frameworks/vecLib.framework/Versions/A/libLAPACK.dylib
0x00000001af86c000 	/System/Library/Frameworks/Accelerate.framework/Versions/A/Frameworks/vecLib.framework/Versions/A/libLinearAlgebra.dylib
0x00000001b03ae000 	/System/Library/Frameworks/Accelerate.framework/Versions/A/Frameworks/vecLib.framework/Versions/A/libSparseBLAS.dylib
0x00000001b0492000 	/System/Library/Frameworks/Accelerate.framework/Versions/A/Frameworks/vecLib.framework/Versions/A/libQuadrature.dylib
0x00000001aed36000 	/System/Library/Frameworks/Accelerate.framework/Versions/A/Frameworks/vecLib.framework/Versions/A/libBNNS.dylib
0x00000001a6261000 	/System/Library/Frameworks/Accelerate.framework/Versions/A/Frameworks/vecLib.framework/Versions/A/libSparse.dylib
0x00000001aed2e000 	/System/Library/PrivateFrameworks/LinguisticData.framework/Versions/A/LinguisticData
0x00000001a6217000 	/System/Library/PrivateFrameworks/Lexicon.framework/Versions/A/Lexicon
0x00000001b0a6b000 	/usr/lib/libChineseTokenizer.dylib
0x00000001a69c1000 	/System/Library/PrivateFrameworks/LanguageModeling.framework/Versions/A/LanguageModeling
0x00000001b0371000 	/System/Library/PrivateFrameworks/AppleSauce.framework/Versions/A/AppleSauce
0x00000001af3ff000 	/System/Library/PrivateFrameworks/CoreEmoji.framework/Versions/A/CoreEmoji
0x00000001b0261000 	/usr/lib/libcmph.dylib
0x00000001acb26000 	/System/Library/Frameworks/OpenDirectory.framework/Versions/A/Frameworks/CFOpenDirectory.framework/Versions/A/CFOpenDirectory
0x00000001acb16000 	/System/Library/Frameworks/OpenDirectory.framework/Versions/A/OpenDirectory
0x00000001b09c9000 	/System/Library/PrivateFrameworks/APFS.framework/Versions/A/APFS
0x00000001af72b000 	/System/Library/Frameworks/SecurityFoundation.framework/Versions/A/SecurityFoundation
0x00000001b0a3d000 	/usr/lib/libutil.dylib
0x00000001a8100000 	/System/Library/PrivateFrameworks/CoreServicesStore.framework/Versions/A/CoreServicesStore
0x00000001b0a41000 	/usr/lib/libxslt.1.dylib
0x00000001af7bf000 	/System/Library/PrivateFrameworks/BackgroundTaskManagement.framework/Versions/A/BackgroundTaskManagement
0x00000001b1ca6000 	/System/Library/Frameworks/ImageIO.framework/Versions/A/Resources/libRadiance.dylib
0x00000001b1caf000 	/System/Library/Frameworks/ImageIO.framework/Versions/A/Resources/libJPEG.dylib
0x00000001b1c01000 	/System/Library/Frameworks/ImageIO.framework/Versions/A/Resources/libPng.dylib
0x00000001b1c23000 	/System/Library/Frameworks/ImageIO.framework/Versions/A/Resources/libTIFF.dylib
0x00000001b1d0a000 	/System/Library/Frameworks/ImageIO.framework/Versions/A/Resources/libGIF.dylib
0x00000001b164f000 	/System/Library/Frameworks/ImageIO.framework/Versions/A/Resources/libJP2.dylib
0x00000001b0d92000 	/usr/lib/libexpat.1.dylib
0x00000001b160a000 	/System/Library/PrivateFrameworks/AppleJPEG.framework/Versions/A/AppleJPEG
0x00000001ae163000 	/System/Library/PrivateFrameworks/FontServices.framework/libFontParser.dylib
0x00000001abe7d000 	/System/Library/PrivateFrameworks/RunningBoardServices.framework/Versions/A/RunningBoardServices
0x00000001bc33f000 	/System/Library/PrivateFrameworks/IOSurfaceAccelerator.framework/Versions/A/IOSurfaceAccelerator
0x00000001b173b000 	/System/Library/PrivateFrameworks/WatchdogClient.framework/Versions/A/WatchdogClient
0x00000001a6ac5000 	/System/Library/Frameworks/CoreDisplay.framework/Versions/A/CoreDisplay
0x00000001ae052000 	/System/Library/Frameworks/CoreMedia.framework/Versions/A/CoreMedia
0x00000001adee6000 	/System/Library/PrivateFrameworks/IOAccelerator.framework/Versions/A/IOAccelerator
0x00000001accb4000 	/System/Library/Frameworks/CoreVideo.framework/Versions/A/CoreVideo
0x00000001b03c1000 	/System/Library/Frameworks/MetalPerformanceShaders.framework/Versions/A/MetalPerformanceShaders
0x00000001b1778000 	/System/Library/Frameworks/VideoToolbox.framework/Versions/A/VideoToolbox
0x00000001abdc1000 	/System/Library/PrivateFrameworks/BaseBoard.framework/Versions/A/BaseBoard
0x00000001abb60000 	/System/Library/PrivateFrameworks/ProtocolBuffer.framework/Versions/A/ProtocolBuffer
0x00000001b1ca1000 	/System/Library/PrivateFrameworks/GPUWrangler.framework/Versions/A/GPUWrangler
0x00000001b1c80000 	/System/Library/PrivateFrameworks/IOPresentment.framework/Versions/A/IOPresentment
0x00000001b1ca9000 	/System/Library/PrivateFrameworks/DSExternalDisplay.framework/Versions/A/DSExternalDisplay
0x000000020666c000 	/System/Library/Frameworks/OpenGL.framework/Versions/A/Libraries/libCoreFSCache.dylib
0x000000020fd86000 	/System/Library/PrivateFrameworks/GPUCompiler.framework/Versions/31001/Libraries/libGPUCompilerUtils.dylib
0x00000001b1d0f000 	/System/Library/PrivateFrameworks/CMCaptureCore.framework/Versions/A/CMCaptureCore
0x00000001b1345000 	/System/Library/PrivateFrameworks/AppServerSupport.framework/Versions/A/AppServerSupport
0x00000001b34e4000 	/System/Library/PrivateFrameworks/perfdata.framework/Versions/A/perfdata
0x00000001a6be5000 	/System/Library/PrivateFrameworks/AudioToolboxCore.framework/Versions/A/AudioToolboxCore
0x00000001ae02a000 	/System/Library/PrivateFrameworks/caulk.framework/Versions/A/caulk
0x00000001b2dd9000 	/usr/lib/libAudioStatistics.dylib
0x00000001c45f2000 	/System/Library/PrivateFrameworks/SystemPolicy.framework/Versions/A/SystemPolicy
0x00000001b3039000 	/usr/lib/libSMC.dylib
0x00000001bbbb6000 	/System/Library/Frameworks/CoreMIDI.framework/Versions/A/CoreMIDI
0x00000001b1bcf000 	/usr/lib/libAudioToolboxUtility.dylib
0x00000001c0a98000 	/System/Library/PrivateFrameworks/OSAServicesClient.framework/Versions/A/OSAServicesClient
0x00000001b34f1000 	/usr/lib/libperfcheck.dylib
0x00000001c50f5000 	/usr/lib/libmis.dylib
0x00000002066cd000 	/System/Library/Frameworks/OpenGL.framework/Versions/A/Libraries/libGLU.dylib
0x000000020668c000 	/System/Library/Frameworks/OpenGL.framework/Versions/A/Libraries/libGFXShared.dylib
0x0000000206876000 	/System/Library/Frameworks/OpenGL.framework/Versions/A/Libraries/libGL.dylib
0x0000000206695000 	/System/Library/Frameworks/OpenGL.framework/Versions/A/Libraries/libGLImage.dylib
0x0000000206689000 	/System/Library/Frameworks/OpenGL.framework/Versions/A/Libraries/libCVMSPluginSupport.dylib
0x0000000206673000 	/System/Library/Frameworks/OpenGL.framework/Versions/A/Libraries/libCoreVMClient.dylib
0x00000001aebbb000 	/System/Library/Frameworks/MetalPerformanceShaders.framework/Versions/A/Frameworks/MPSCore.framework/Versions/A/MPSCore
0x00000001afd83000 	/System/Library/Frameworks/MetalPerformanceShaders.framework/Versions/A/Frameworks/MPSImage.framework/Versions/A/MPSImage
0x00000001af881000 	/System/Library/Frameworks/MetalPerformanceShaders.framework/Versions/A/Frameworks/MPSNeuralNetwork.framework/Versions/A/MPSNeuralNetwork
0x00000001afcbe000 	/System/Library/Frameworks/MetalPerformanceShaders.framework/Versions/A/Frameworks/MPSMatrix.framework/Versions/A/MPSMatrix
0x00000001afa99000 	/System/Library/Frameworks/MetalPerformanceShaders.framework/Versions/A/Frameworks/MPSRayIntersector.framework/Versions/A/MPSRayIntersector
0x00000001afcef000 	/System/Library/Frameworks/MetalPerformanceShaders.framework/Versions/A/Frameworks/MPSNDArray.framework/Versions/A/MPSNDArray
0x0000000208388000 	/System/Library/Frameworks/MetalPerformanceShaders.framework/Versions/A/Frameworks/MPSFunctions.framework/Versions/A/MPSFunctions
0x00000001a5e81000 	/System/Library/PrivateFrameworks/MetalTools.framework/Versions/A/MetalTools
0x00000001aec37000 	/System/Library/PrivateFrameworks/AggregateDictionary.framework/Versions/A/AggregateDictionary
0x00000001b0b78000 	/usr/lib/libIOReport.dylib
0x00000001baba4000 	/System/Library/PrivateFrameworks/ASEProcessing.framework/Versions/A/ASEProcessing
0x00000001b0eea000 	/System/Library/PrivateFrameworks/FaceCore.framework/Versions/A/FaceCore
0x00000001b0edc000 	/System/Library/PrivateFrameworks/GraphVisualizer.framework/Versions/A/GraphVisualizer
0x000000020fc9d000 	/System/Library/PrivateFrameworks/FontServices.framework/Versions/A/FontServices
0x00000001b12ff000 	/System/Library/PrivateFrameworks/OTSVG.framework/Versions/A/OTSVG
0x00000001ac882000 	/System/Library/Frameworks/ApplicationServices.framework/Versions/A/Frameworks/ATS.framework/Versions/A/Resources/libFontRegistry.dylib
0x00000001b134e000 	/System/Library/PrivateFrameworks/FontServices.framework/libhvf.dylib
0x000000020fc9e000 	/System/Library/PrivateFrameworks/FontServices.framework/libXTFontStaticRegistryData.dylib
0x0000000206a18000 	/System/Library/Frameworks/OpenCL.framework/Versions/A/OpenCL
0x00000001b0d46000 	/System/Library/PrivateFrameworks/AppleVA.framework/Versions/A/AppleVA
0x00000001b2e01000 	/System/Library/Frameworks/ApplicationServices.framework/Versions/A/Frameworks/ATS.framework/Versions/A/ATS
0x00000001ab326000 	/System/Library/Frameworks/ApplicationServices.framework/Versions/A/Frameworks/HIServices.framework/Versions/A/HIServices
0x00000001b1d19000 	/System/Library/Frameworks/ApplicationServices.framework/Versions/A/Frameworks/PrintCore.framework/Versions/A/PrintCore
0x00000001b318c000 	/System/Library/Frameworks/ApplicationServices.framework/Versions/A/Frameworks/QD.framework/Versions/A/QD
0x00000001b3184000 	/System/Library/Frameworks/ApplicationServices.framework/Versions/A/Frameworks/ColorSyncLegacy.framework/Versions/A/ColorSyncLegacy
0x00000001b2ded000 	/System/Library/Frameworks/ApplicationServices.framework/Versions/A/Frameworks/SpeechSynthesis.framework/Versions/A/SpeechSynthesis
0x00000001b1cda000 	/System/Library/Frameworks/ApplicationServices.framework/Versions/A/Frameworks/ATSUI.framework/Versions/A/ATSUI
0x00000001b3119000 	/usr/lib/libcups.2.dylib
0x00000001b34ff000 	/System/Library/Frameworks/Kerberos.framework/Versions/A/Kerberos
0x00000001b3510000 	/System/Library/Frameworks/GSS.framework/Versions/A/GSS
0x00000001b2e70000 	/usr/lib/libresolv.9.dylib
0x00000001b135c000 	/System/Library/PrivateFrameworks/Heimdal.framework/Versions/A/Heimdal
0x00000001b9e18000 	/System/Library/Frameworks/Kerberos.framework/Versions/A/Libraries/libHeimdalProxy.dylib
0x00000001abf5c000 	/System/Library/Frameworks/Network.framework/Versions/A/Network
0x00000001b0dad000 	/usr/lib/libheimdal-asn1.dylib
0x00000001b3556000 	/System/Library/PrivateFrameworks/CommonAuth.framework/Versions/A/CommonAuth
0x00000001b2d67000 	/System/Library/PrivateFrameworks/AudioSession.framework/Versions/A/AudioSession
0x00000001b0e3e000 	/System/Library/PrivateFrameworks/MediaExperience.framework/Versions/A/MediaExperience
0x00000001b2bef000 	/System/Library/PrivateFrameworks/AudioSession.framework/libSessionUtility.dylib
0x00000001b3198000 	/System/Library/PrivateFrameworks/AudioResourceArbitration.framework/Versions/A/AudioResourceArbitration
0x00000001b0db6000 	/System/Library/PrivateFrameworks/IconFoundation.framework/Versions/A/IconFoundation
0x00000001b601d000 	/System/Library/PrivateFrameworks/SpeechRecognitionCore.framework/Versions/A/SpeechRecognitionCore
0x00000001e9796000 	/System/Library/CoreServices/Encodings/libTraditionalChineseConverter.dylib
0x0000000105fc8000 	/Library/Java/JavaVirtualMachines/jdk-17.0.1.jdk/Contents/Home/lib/server/libjvm.dylib
0x00000001050dc000 	/Library/Java/JavaVirtualMachines/jdk-17.0.1.jdk/Contents/Home/lib/libjimage.dylib
0x0000000105138000 	/Library/Java/JavaVirtualMachines/jdk-17.0.1.jdk/Contents/Home/lib/libjdwp.dylib
0x0000000105180000 	/Library/Java/JavaVirtualMachines/jdk-17.0.1.jdk/Contents/Home/lib/libjava.dylib
0x00000001050f0000 	/Library/Java/JavaVirtualMachines/jdk-17.0.1.jdk/Contents/Home/lib/libinstrument.dylib
0x0000000105c34000 	/Library/Java/JavaVirtualMachines/jdk-17.0.1.jdk/Contents/Home/lib/libnio.dylib
0x0000000105c54000 	/Library/Java/JavaVirtualMachines/jdk-17.0.1.jdk/Contents/Home/lib/libnet.dylib
0x0000000105c78000 	/Library/Java/JavaVirtualMachines/jdk-17.0.1.jdk/Contents/Home/lib/libzip.dylib
0x0000000105c90000 	/Library/Java/JavaVirtualMachines/jdk-17.0.1.jdk/Contents/Home/lib/libdt_socket.dylib
0x0000000105ca4000 	/Library/Java/JavaVirtualMachines/jdk-17.0.1.jdk/Contents/Home/lib/libverify.dylib
0x0000000105cc0000 	/Users/sean/.openjfx/cache/17.0.0.1/libprism_es2.dylib
0x00000001a80c3000 	/System/Library/PrivateFrameworks/CoreServicesInternal.framework/Versions/A/CoreServicesInternal
0x0000000206880000 	/System/Library/Frameworks/OpenGL.framework/Versions/A/Resources/GLEngine.bundle/GLEngine
0x0000000206707000 	/System/Library/Frameworks/OpenGL.framework/Versions/A/Libraries/libGLProgrammability.dylib
0x0000000105eb8000 	/System/Library/Extensions/AppleMetalOpenGLRenderer.bundle/Contents/MacOS/AppleMetalOpenGLRenderer
0x00000002069ef000 	/System/Library/Frameworks/OpenGL.framework/Versions/A/Resources/GLRendererFloat.bundle/GLRendererFloat
0x0000000206a90000 	/System/Library/Extensions/AGXMetal13_3.bundle/Contents/MacOS/AGXMetal13_3
0x00000001c5111000 	/System/Library/PrivateFrameworks/GPURawCounter.framework/Versions/A/GPURawCounter
0x00000001bfbe6000 	/System/Library/PrivateFrameworks/IOGPU.framework/Versions/A/IOGPU
0x0000000123a2c000 	/Users/sean/.openjfx/cache/17.0.0.1/libglass.dylib
0x00000001b74bd000 	/System/Library/Frameworks/FileProvider.framework/Versions/A/FileProvider
0x00000001abd29000 	/System/Library/Frameworks/Accounts.framework/Versions/A/Accounts
0x00000001b763d000 	/System/Library/PrivateFrameworks/GenerationalStorage.framework/Versions/A/GenerationalStorage
0x00000001b81ed000 	/System/Library/PrivateFrameworks/CoreSymbolication.framework/Versions/A/CoreSymbolication
0x00000001b725d000 	/System/Library/PrivateFrameworks/SymptomDiagnosticReporter.framework/Versions/A/SymptomDiagnosticReporter
0x00000001a93a8000 	/System/Library/PrivateFrameworks/DesktopServicesPriv.framework/Versions/A/DesktopServicesPriv
0x00000001a8222000 	/usr/lib/libsandbox.1.dylib
0x00000001acd40000 	/System/Library/PrivateFrameworks/UserManagement.framework/Versions/A/UserManagement
0x00000001b81ae000 	/System/Library/PrivateFrameworks/DebugSymbols.framework/Versions/A/DebugSymbols
0x00000001b3177000 	/System/Library/PrivateFrameworks/NetAuth.framework/Versions/A/NetAuth
0x00000001b4075000 	/System/Library/PrivateFrameworks/Sharing.framework/Versions/A/Sharing
0x00000001acd10000 	/System/Library/PrivateFrameworks/login.framework/Versions/A/Frameworks/loginsupport.framework/Versions/A/loginsupport
0x00000001b935e000 	/System/Library/PrivateFrameworks/Apple80211.framework/Versions/A/Apple80211
0x00000001afe67000 	/System/Library/PrivateFrameworks/AuthKit.framework/Versions/A/AuthKit
0x00000001af4fe000 	/System/Library/PrivateFrameworks/CoreUtils.framework/Versions/A/CoreUtils
0x00000001af41e000 	/System/Library/Frameworks/CoreWLAN.framework/Versions/A/CoreWLAN
0x00000001b41de000 	/System/Library/Frameworks/IOBluetooth.framework/Versions/A/IOBluetooth
0x00000001b93be000 	/System/Library/PrivateFrameworks/CoreWiFi.framework/Versions/A/CoreWiFi
0x00000001b7d95000 	/System/Library/PrivateFrameworks/FrontBoardServices.framework/Versions/A/FrontBoardServices
0x00000001b7e2d000 	/System/Library/PrivateFrameworks/BoardServices.framework/Versions/A/BoardServices
0x00000001af719000 	/System/Library/PrivateFrameworks/AssertionServices.framework/Versions/A/AssertionServices
0x00000001b952c000 	/System/Library/PrivateFrameworks/BackBoardServices.framework/Versions/A/BackBoardServices
0x00000001b35e9000 	/System/Library/PrivateFrameworks/CorePhoneNumbers.framework/Versions/A/CorePhoneNumbers
0x00000001b738d000 	/System/Library/PrivateFrameworks/DiskManagement.framework/Versions/A/DiskManagement
0x00000001b7290000 	/System/Library/PrivateFrameworks/AppleIDAuthSupport.framework/Versions/A/AppleIDAuthSupport
0x000000020a621000 	/System/Library/PrivateFrameworks/AAAFoundation.framework/Versions/A/AAAFoundation
0x00000001b35c8000 	/System/Library/PrivateFrameworks/KeychainCircle.framework/Versions/A/KeychainCircle
0x00000001b7359000 	/System/Library/PrivateFrameworks/MediaKit.framework/Versions/A/MediaKit
0x00000001b729d000 	/System/Library/Frameworks/DiscRecording.framework/Versions/A/DiscRecording
0x00000001b0cc2000 	/usr/lib/libCoreStorage.dylib
0x00000001b9826000 	/usr/lib/libcsfde.dylib
0x00000001b42b3000 	/System/Library/PrivateFrameworks/ProtectedCloudStorage.framework/Versions/A/ProtectedCloudStorage
0x00000001b981e000 	/System/Library/PrivateFrameworks/EFILogin.framework/Versions/A/EFILogin
0x00000001b7664000 	/System/Library/PrivateFrameworks/OctagonTrust.framework/Versions/A/OctagonTrust
0x000000020ef08000 	/System/Library/PrivateFrameworks/CoreUtilsExtras.framework/Versions/A/CoreUtilsExtras
0x00000001b71cf000 	/System/Library/Frameworks/CoreBluetooth.framework/Versions/A/CoreBluetooth
0x00000001b9e9d000 	/System/Library/Frameworks/AudioUnit.framework/Versions/A/AudioUnit
0x00000001b0cba000 	/usr/lib/libMatch.1.dylib
0x00000001c9378000 	/System/Library/Frameworks/Accelerate.framework/Versions/A/Frameworks/vImage.framework/Versions/A/Libraries/libCGInterfaces.dylib
0x000000012788c000 	/usr/lib/libobjc-trampolines.dylib
0x00000001aca0e000 	/System/Library/PrivateFrameworks/ViewBridge.framework/Versions/A/ViewBridge
0x00000001b140a000 	/System/Library/PrivateFrameworks/login.framework/Versions/A/login
0x00000001b0b81000 	/System/Library/PrivateFrameworks/CrashReporterSupport.framework/Versions/A/CrashReporterSupport
0x00000001d0c87000 	/System/Library/PrivateFrameworks/OSAnalytics.framework/Versions/A/OSAnalytics
0x00000001dbdd6000 	/System/Library/PrivateFrameworks/Symbolication.framework/Versions/A/Symbolication
0x00000001c50d2000 	/System/Library/PrivateFrameworks/MallocStackLogging.framework/Versions/A/MallocStackLogging
0x0000000138fe0000 	/Users/sean/.openjfx/cache/17.0.0.1/libjavafx_font.dylib


VM Arguments:
jvm_args: -agentlib:jdwp=transport=dt_socket,address=127.0.0.1:50523,suspend=y,server=n -javaagent:/Users/sean/Library/Caches/JetBrains/IdeaIC2021.2/captureAgent/debugger-agent.jar -Dfile.encoding=UTF-8 --module-path=/Users/sean/.m2/repository/org/openjfx/javafx-controls/17.0.0.1/javafx-controls-17.0.0.1-mac-aarch64.jar:/Users/sean/.m2/repository/org/openjfx/javafx-fxml/17.0.0.1/javafx-fxml-17.0.0.1-mac-aarch64.jar:/Users/sean/.m2/repository/org/openjfx/javafx-base/17.0.0.1/javafx-base-17.0.0.1-mac-aarch64.jar:/Users/sean/.m2/repository/org/openjfx/javafx-graphics/17.0.0.1/javafx-graphics-17.0.0.1-mac-aarch64.jar:/Users/sean/Documents/GitHub/Meal-Ordering-System/FoodOrderingSystem/target/classes -Djdk.module.main=com.example.foodorderingsystem 
java_command: com.example.foodorderingsystem/com.example.foodorderingsystem.HelloApplication
java_class_path (initial): /Users/sean/.m2/repository/org/openjfx/javafx-controls/17.0.0.1/javafx-controls-17.0.0.1.jar:/Users/sean/.m2/repository/org/openjfx/javafx-graphics/17.0.0.1/javafx-graphics-17.0.0.1.jar:/Users/sean/.m2/repository/org/openjfx/javafx-base/17.0.0.1/javafx-base-17.0.0.1.jar:/Users/sean/.m2/repository/org/openjfx/javafx-fxml/17.0.0.1/javafx-fxml-17.0.0.1.jar:/Applications/IntelliJ IDEA CE.app/Contents/lib/idea_rt.jar
Launcher Type: SUN_STANDARD

[Global flags]
     intx CICompilerCount                          = 4                                         {product} {ergonomic}
     uint ConcGCThreads                            = 2                                         {product} {ergonomic}
     uint G1ConcRefinementThreads                  = 8                                         {product} {ergonomic}
   size_t G1HeapRegionSize                         = 1048576                                   {product} {ergonomic}
    uintx GCDrainStackTargetSize                   = 64                                        {product} {ergonomic}
   size_t InitialHeapSize                          = 134217728                                 {product} {ergonomic}
   size_t MarkStackSize                            = 4194304                                   {product} {ergonomic}
   size_t MaxHeapSize                              = 2147483648                                {product} {ergonomic}
   size_t MaxNewSize                               = 1287651328                                {product} {ergonomic}
   size_t MinHeapDeltaBytes                        = 1048576                                   {product} {ergonomic}
   size_t MinHeapSize                              = 8388608                                   {product} {ergonomic}
    uintx NonNMethodCodeHeapSize                   = 5839564                                {pd product} {ergonomic}
    uintx NonProfiledCodeHeapSize                  = 122909338                              {pd product} {ergonomic}
    uintx ProfiledCodeHeapSize                     = 122909338                              {pd product} {ergonomic}
    uintx ReservedCodeCacheSize                    = 251658240                              {pd product} {ergonomic}
     bool SegmentedCodeCache                       = true                                      {product} {ergonomic}
   size_t SoftMaxHeapSize                          = 2147483648                             {manageable} {ergonomic}
     bool UseCompressedClassPointers               = true                           {product lp64_product} {ergonomic}
     bool UseCompressedOops                        = true                           {product lp64_product} {ergonomic}
     bool UseG1GC                                  = true                                      {product} {ergonomic}
     bool UseNUMA                                  = false                                     {product} {ergonomic}
     bool UseNUMAInterleaving                      = false                                     {product} {ergonomic}

Logging:
Log output configuration:
 #0: stdout all=warning uptime,level,tags
 #1: stderr all=off uptime,level,tags

Environment Variables:
PATH=/usr/local/bin:/usr/bin:/bin:/usr/sbin:/sbin
SHELL=/bin/zsh
LC_CTYPE=zh_TW.UTF-8

Signal Handlers:
   SIGSEGV: _ZL13crash_handleriP9__siginfoPv in libjvm.dylib, mask=11100110000111110111111111111111, flags=SA_RESTART|SA_SIGINFO
    SIGBUS: _ZL13crash_handleriP9__siginfoPv in libjvm.dylib, mask=11100110000111110111111111111111, flags=SA_RESTART|SA_SIGINFO
    SIGFPE: _ZL13crash_handleriP9__siginfoPv in libjvm.dylib, mask=11100110000111110111111111111111, flags=SA_RESTART|SA_SIGINFO
   SIGPIPE: _ZL17javaSignalHandleriP9__siginfoPv in libjvm.dylib, mask=11100110000111110111111111111111, flags=SA_RESTART|SA_SIGINFO
   SIGXFSZ: _ZL17javaSignalHandleriP9__siginfoPv in libjvm.dylib, mask=11100110000111110111111111111111, flags=SA_RESTART|SA_SIGINFO
    SIGILL: _ZL13crash_handleriP9__siginfoPv in libjvm.dylib, mask=11100110000111110111111111111111, flags=SA_RESTART|SA_SIGINFO
   SIGUSR2: _ZL10SR_handleriP9__siginfoP17__darwin_ucontext in libjvm.dylib, mask=00100000000000000000000000000000, flags=SA_RESTART|SA_SIGINFO
    SIGHUP: _ZL11UserHandleriPvS_ in libjvm.dylib, mask=11100110000111110111111111111111, flags=SA_RESTART|SA_SIGINFO
    SIGINT: _ZL11UserHandleriPvS_ in libjvm.dylib, mask=11100110000111110111111111111111, flags=SA_RESTART|SA_SIGINFO
   SIGTERM: _ZL11UserHandleriPvS_ in libjvm.dylib, mask=11100110000111110111111111111111, flags=SA_RESTART|SA_SIGINFO
   SIGQUIT: _ZL11UserHandleriPvS_ in libjvm.dylib, mask=11100110000111110111111111111111, flags=SA_RESTART|SA_SIGINFO
   SIGTRAP: _ZL13crash_handleriP9__siginfoPv in libjvm.dylib, mask=11100110000111110111111111111111, flags=SA_RESTART|SA_SIGINFO


---------------  S Y S T E M  ---------------

OS:
uname: Darwin 21.1.0 Darwin Kernel Version 21.1.0: Wed Oct 13 17:33:24 PDT 2021; root:xnu-8019.41.5~1/RELEASE_ARM64_T8101 arm64
OS uptime: 3 days 8:41 hours
rlimit (soft/hard): STACK 8176k/65520k , CORE 0k/infinity , NPROC 1333/2000 , NOFILE 10240/infinity , AS infinity/infinity , CPU infinity/infinity , DATA infinity/infinity , FSIZE infinity/infinity , MEMLOCK infinity/infinity , RSS infinity/infinity
load average: 1.47 1.46 1.70

CPU: total 8 (initial active 8) 0x61:0x0:0x1b588bb3:0, fp, simd, crc, lse

Memory: 16k page, physical 8388608k(75408k free), swap 9437184k(495616k free)

vm_info: Java HotSpot(TM) 64-Bit Server VM (17.0.1+12-LTS-39) for bsd-aarch64 JRE (17.0.1+12-LTS-39), built on Sep 27 2021 17:38:30 by "mach5one" with clang Apple LLVM 12.0.0 (clang-1200.0.32.29)

END.
