#
# A fatal error has been detected by the Java Runtime Environment:
#
#  SIGBUS (0xa) at pc=0x00000001098614f0, pid=18173, tid=36111
#
# JRE version: Java(TM) SE Runtime Environment (17.0.1+12) (build 17.0.1+12-LTS-39)
# Java VM: Java HotSpot(TM) 64-Bit Server VM (17.0.1+12-LTS-39, mixed mode, sharing, tiered, compressed oops, compressed class ptrs, g1 gc, bsd-aarch64)
# Problematic frame:
# v  ~StubRoutines::SafeFetchN
#
# No core dump will be written. Core dumps have been disabled. To enable core dumping, try "ulimit -c unlimited" before starting Java again
#
# If you would like to submit a bug report, please visit:
#   https://bugreport.java.com/bugreport/crash.jsp
# The crash happened outside the Java Virtual Machine in native code.
# See problematic frame for where to report the bug.
#

---------------  S U M M A R Y ------------

Command Line: -agentlib:jdwp=transport=dt_socket,address=127.0.0.1:51450,suspend=y,server=n -javaagent:/Users/sean/Library/Caches/JetBrains/IdeaIC2021.2/captureAgent/debugger-agent.jar -Dfile.encoding=UTF-8 --module-path=/Users/sean/.m2/repository/org/openjfx/javafx-graphics/17.0.0.1/javafx-graphics-17.0.0.1-mac-aarch64.jar:/Users/sean/.m2/repository/org/openjfx/javafx-base/17.0.0.1/javafx-base-17.0.0.1-mac-aarch64.jar:/Users/sean/Documents/GitHub/Meal-Ordering-System/FoodOrderingSystem/target/classes:/Users/sean/.m2/repository/org/openjfx/javafx-fxml/17.0.0.1/javafx-fxml-17.0.0.1-mac-aarch64.jar:/Users/sean/.m2/repository/org/openjfx/javafx-controls/17.0.0.1/javafx-controls-17.0.0.1-mac-aarch64.jar -Djdk.module.main=com.example.foodorderingsystem com.example.foodorderingsystem/com.example.foodorderingsystem.HelloApplication

Host: "MacBookPro17,1" arm64 1 MHz, 8 cores, 8G, Darwin 21.1.0, macOS 12.0.1 (21A559)
Time: Thu Dec 30 22:36:55 2021 CST elapsed time: 5.545572 seconds (0d 0h 0m 5s)

---------------  T H R E A D  ---------------

Current thread (0x00000001420d9200):  JavaThread "InvokeLaterDispatcher" daemon [_thread_in_native, id=36111, stack(0x0000000172c58000,0x0000000172e5b000)]

Stack: [0x0000000172c58000,0x0000000172e5b000],  sp=0x0000000172e5a7b0,  free space=2057k
Native frames: (J=compiled Java code, j=interpreted, Vv=VM code, C=native code)
v  ~StubRoutines::SafeFetchN
V  [libjvm.dylib+0x79e208]  _ZN10OopStorage7releaseEPKP7oopDesc+0x20
V  [libjvm.dylib+0x4b8f30]  jni_DeleteGlobalRef+0xc4
C  [libglass.dylib+0xab08]  -[GlassRunnable dealloc]+0x34
C  [Foundation+0x85e0c]  -[_NSThreadPerformInfo dealloc]+0x30
C  [Foundation+0x525e8]  -[NSObject(NSThreadPerformAdditions) performSelectorOnMainThread:withObject:waitUntilDone:]+0x88
C  0x604780011146a3cc
j  com.sun.glass.ui.mac.MacApplication.submitForLaterInvocation(Ljava/lang/Runnable;)V+2 javafx.graphics
j  com.sun.glass.ui.InvokeLaterDispatcher.run()V+82 javafx.graphics
v  ~StubRoutines::call_stub
V  [libjvm.dylib+0x460588]  _ZN9JavaCalls11call_helperEP9JavaValueRK12methodHandleP17JavaCallArgumentsP10JavaThread+0x38c
V  [libjvm.dylib+0x45f5a4]  _ZN9JavaCalls12call_virtualEP9JavaValueP5KlassP6SymbolS5_P17JavaCallArgumentsP10JavaThread+0x11c
V  [libjvm.dylib+0x45f670]  _ZN9JavaCalls12call_virtualEP9JavaValue6HandleP5KlassP6SymbolS6_P10JavaThread+0x64
V  [libjvm.dylib+0x512ef0]  _ZL12thread_entryP10JavaThreadS0_+0xc4
V  [libjvm.dylib+0x8fc514]  _ZN10JavaThread17thread_main_innerEv+0x134
V  [libjvm.dylib+0x8fae3c]  _ZN6Thread8call_runEv+0x128
V  [libjvm.dylib+0x7a4df0]  _ZL19thread_native_entryP6Thread+0x158
C  [libsystem_pthread.dylib+0x74ec]  _pthread_start+0x94

Java frames: (J=compiled Java code, j=interpreted, Vv=VM code)
J 3202  com.sun.glass.ui.mac.MacApplication._submitForLaterInvocation(Ljava/lang/Runnable;)V javafx.graphics (0 bytes) @ 0x000000011146a3cc [0x000000011146a340+0x000000000000008c]
j  com.sun.glass.ui.mac.MacApplication.submitForLaterInvocation(Ljava/lang/Runnable;)V+2 javafx.graphics
j  com.sun.glass.ui.InvokeLaterDispatcher.run()V+82 javafx.graphics
v  ~StubRoutines::call_stub

siginfo: si_signo: 10 (SIGBUS), si_code: 1 (BUS_ADRALN), si_addr: 0x00000001098614f0

Register to memory mapping:

 x0=0x0000000151e06148 is a global jni handle
 x1=0x0 is NULL
 x2=0x0000000787ff9d48 is an oop: com.sun.glass.ui.InvokeLaterDispatcher$Future 
{0x0000000787ff9d48} - klass: 'com/sun/glass/ui/InvokeLaterDispatcher$Future'
 - ---- fields (total size 3 words):
 - private 'done' 'Z' @12  true
 - private final 'runnable' 'Ljava/lang/Runnable;' @16  a 'com/sun/javafx/tk/quantum/QuantumToolkit$$Lambda$83+0x0000000800c3eb70'{0x000000078510cec0} (f0a219d8)
 - final synthetic 'this$0' 'Lcom/sun/glass/ui/InvokeLaterDispatcher;' @20  a 'com/sun/glass/ui/InvokeLaterDispatcher'{0x0000000785125648} (f0a24ac9)
 x3=0x0 is NULL
 x4=0x00000000000130a8 is an unknown value
 x5=0x0 is NULL
 x6=0x0 is NULL
 x7=0x00000008000362b0 is a pointer to class: 
java.util.concurrent.locks.ReentrantLock$NonfairSync {0x00000008000362b0}
 - instance size:     4
 - klass size:        73
 - access:            final synchronized 
 - state:             fully_initialized
 - name:              'java/util/concurrent/locks/ReentrantLock$NonfairSync'
 - super:             'java/util/concurrent/locks/ReentrantLock$Sync'
 - sub:               
 - arrays:            NULL
 - methods:           Array<T>(0x0000000800abcf98)
 - method ordering:   Array<T>(0x0000000800abcf88)
 - default_methods:   Array<T>(0x0000000000000000)
 - local interfaces:  Array<T>(0x00000008005c3850)
 - trans. interfaces: Array<T>(0x00000008005ffce8)
 - constants:         constant pool [69] {0x0000000800abd000} for 'java/util/concurrent/locks/ReentrantLock$NonfairSync' cache=0x00000008003c6170
 - class loader data:  loader data: 0x00006000020bc280 of 'bootstrap'
 - source file:       'ReentrantLock.java'
 - class annotations:       Array<T>(0x0000000000000000)
 - class type annotations:  Array<T>(0x0000000000000000)
 - field annotations:       Array<T>(0x0000000000000000)
 - field type annotations:  Array<T>(0x0000000000000000)
 - inner classes:     Array<T>(0x0000000800abd3b0)
 - nest members:     Array<T>(0x00000008005c37e0)
 - permitted subclasses:     Array<T>(0x00000008005c37e0)
 - java mirror:       a 'java/lang/Class'{0x00000007ffe181b0} = 'java/util/concurrent/locks/ReentrantLock$NonfairSync'
 - vtable length      11  (start addr: 0x0000000800036480)
 - itable length      2 (start addr: 0x00000008000364d8)
 - ---- static fields (1 words):
 - private static final 'serialVersionUID' 'J' @112 
 - ---- non-static fields (4 words):
 - private transient 'exclusiveOwnerThread' 'Ljava/lang/Thread;' @12 
 - private volatile 'state' 'I' @16 
 - private volatile transient 'head' 'Ljava/util/concurrent/locks/AbstractQueuedSynchronizer$Node;' @20 
 - private volatile transient 'tail' 'Ljava/util/concurrent/locks/AbstractQueuedSynchronizer$Node;' @24 
 - non-static oop maps: 12-12 20-24 
 x8=0x00000001098614ec is at begin+0 in a stub
StubRoutines::SafeFetchN [0x00000001098614ec, 0x00000001098614f8] (12 bytes)
 x9=0x0 is NULL
x10=0x2010000030300000 is an unknown value
x11=0x0000000000000007 is an unknown value
x12=0x0 is NULL
x13=0x0000600003f9daf0 points into unknown readable memory: 0x6c707075532f6e6f | 6f 6e 2f 53 75 70 70 6c
x14=0x0000000000000001 is an unknown value
x15=0x000000011ebc5f98: OBJC_CLASS_$_GlassRunnable+0 in /Users/sean/.openjfx/cache/17.0.0.1/libglass.dylib at 0x000000011eb80000
x16=0x00000001c27d4340: pthread_getspecific+0 in /usr/lib/system/libsystem_pthread.dylib at 0x00000001c27d2000
x17=0x00006000035ac240 points into unknown readable memory: 0xfffffffffffffffe | fe ff ff ff ff ff ff ff
x18=0x0 is NULL
x19=0x0000600003abc690 points into unknown readable memory: 0x00006000013b1590 | 90 15 3b 01 00 60 00 00
x20=0x0000000151e05f40 points into unknown readable memory: 0x0000000000000000 | 00 00 00 00 00 00 00 00
x21=0x0000000151e06148 is a global jni handle
x22=0x00000001420d9200 is a thread
x23=0x0000000000000001 is an unknown value
x24=0x0000000151e06100 is a global jni handle
x25=0x0000000101d8d5d8: _ZN12StubRoutines17_safefetchN_entryE+0 in /Library/Java/JavaVirtualMachines/jdk-17.0.1.jdk/Contents/Home/lib/server/libjvm.dylib at 0x00000001011fc000
x26=0x000000011f12be90 is pointing into metadata
x27=0x0 is NULL
x28=0x00000001420d9200 is a thread


Registers:
 x0=0x0000000151e06148  x1=0x0000000000000000  x2=0x0000000787ff9d48  x3=0x0000000000000000
 x4=0x00000000000130a8  x5=0x0000000000000000  x6=0x0000000000000000  x7=0x00000008000362b0
 x8=0x00000001098614ec  x9=0x0000000000000000 x10=0x2010000030300000 x11=0x0000000000000007
x12=0x0000000000000000 x13=0x0000600003f9daf0 x14=0x0000000000000001 x15=0x000000011ebc5f98
x16=0x00000001c27d4340 x17=0x00006000035ac240 x18=0x0000000000000000 x19=0x0000600003abc690
x20=0x0000000151e05f40 x21=0x0000000151e06148 x22=0x00000001420d9200 x23=0x0000000000000001
x24=0x0000000151e06100 x25=0x0000000101d8d5d8 x26=0x000000011f12be90 x27=0x0000000000000000
x28=0x00000001420d9200  fp=0x0000000172e5a7f0  lr=0x0000000101998fd8  sp=0x0000000172e5a7b0
pc=0x00000001098614f0 cpsr=0x0000000060001000
Top of Stack: (sp=0x0000000172e5a7b0)
0x0000000172e5a7b0:   000000011f12be90 0000000000000001
0x0000000172e5a7c0:   0000000172e5aa18 00006000013a0510
0x0000000172e5a7d0:   0000000000000000 0000000151e06110
0x0000000172e5a7e0:   0000000151e06110 0000600003abc690
0x0000000172e5a7f0:   0000000172e5a830 000000010199a208
0x0000000172e5a800:   0000000000000001 0000000151e06110
0x0000000172e5a810:   0000000000000000 0000000151e06110
0x0000000172e5a820:   0000000000000001 00000001320f5000
0x0000000172e5a830:   0000000172e5a860 00000001016b4f30
0x0000000172e5a840:   00006000013a04d0 000000020ca019f4
0x0000000172e5a850:   0000000000000000 00006000013a04d0
0x0000000172e5a860:   0000000172e5a890 000000011eb8ab08
0x0000000172e5a870:   5b666a742a9b0078 0000000000000000
0x0000000172e5a880:   0000000000000000 0000600000492d80
0x0000000172e5a890:   0000000172e5a8d0 00000001c379ce0c
0x0000000172e5a8a0:   0000000172e5aa18 00006000013a0510
0x0000000172e5a8b0:   00006000013a04d0 5b666a742a9b0078
0x0000000172e5a8c0:   0000000000000000 0000000000000000
0x0000000172e5a8d0:   0000000172e5a910 765d0001c37695e8
0x0000000172e5a8e0:   0000000172e5aa18 000000010986a500
0x0000000172e5a8f0:   000000011f103a72 0000000101d94f90
0x0000000172e5a900:   0000000172e5a9a0 00000000000000b6
0x0000000172e5a910:   0000000172e5a970 604780011146a3cc
0x0000000172e5a920:   000000078510c128 0000000787ff9d48
0x0000000172e5a930:   0000000172e5aa80 000000010a4d2a7c
0x0000000172e5a940:   000000011f165b20 0000000000000001
0x0000000172e5a950:   0000000172e5aab8 00000001c27e0530
0x0000000172e5a960:   00000001420d9200 0000000101d71db0
0x0000000172e5a970:   0000000172e5aa00 00000001098666ac
0x0000000172e5a980:   0000000172e5a9c0 0000000784d550b8
0x0000000172e5a990:   0000000172e5aa80 000000010a4d391c
0x0000000172e5a9a0:   0000000787ff9d48 000000078510c128 

Instructions: (pc=0x00000001098614f0)
0x00000001098613f0:   f2a03aa9 f2c00029 6d425935 1e640886
0x0000000109861400:   0c402d31 1e6408c7 1f5654d0 1e6c1017
0x0000000109861410:   1f5050d0 1f504cd0 1f5048d0 1e650af6
0x0000000109861420:   1f50d8f6 1f5694d6 1f5158f6 1e762880
0x0000000109861430:   36000501 1e614000 14000026 2e251ca5
0x0000000109861440:   d2943009 f2a03aa9 f2c00029 6d425d36
0x0000000109861450:   1e600806 0c402d32 1f5758c7 1e6c101a
0x0000000109861460:   1f4754c7 1e650805 1f4750c7 d2866668
0x0000000109861470:   f2a7fa68 1f474cc7 1e6608c0 1f4748c7
0x0000000109861480:   1e6e1019 eb08007f 540000ac 1f479400
0x0000000109861490:   1f460340 1e603b20 1400000e d2a7fd29
0x00000001098614a0:   eb09007f 540000ac 51480069 d3607d29
0x00000001098614b0:   9e670121 14000002 1e6a5001 1f679417
0x00000001098614c0:   1f668742 1e613b23 1e773857 1e773860
0x00000001098614d0:   a8c17ff3 910003bf a8c17bfd d65f03c0
0x00000001098614e0:   b9400001 aa0103e0 d65f03c0 f9400001
0x00000001098614f0:   aa0103e0 d65f03c0 00000000 00000000
0x0000000109861500:   00000000 00000000 00000000 00000000
0x0000000109861510:   00000000 00000000 00000000 00000000
0x0000000109861520:   00000000 00000000 00000000 00000000
0x0000000109861530:   00000000 00000000 00000000 00000000
0x0000000109861540:   00000000 00000000 00000000 00000000
0x0000000109861550:   00000000 00000000 00000000 00000000
0x0000000109861560:   00000000 00000000 00000000 00000000
0x0000000109861570:   00000000 00000000 00000000 00000000
0x0000000109861580:   00000000 00000000 00000000 00000000
0x0000000109861590:   00000000 00000000 00000000 00000000
0x00000001098615a0:   00000000 00000000 00000000 00000000
0x00000001098615b0:   00000000 00000000 00000000 00000000
0x00000001098615c0:   00000000 00000000 00000000 00000000
0x00000001098615d0:   00000000 00000000 00000000 00000000
0x00000001098615e0:   00000000 00000000 00000000 00000000 


Stack slot to memory mapping:
stack at sp + 0 slots: 0x000000011f12be90 is pointing into metadata
stack at sp + 1 slots: 0x0000000000000001 is an unknown value
stack at sp + 2 slots: 0x0000000172e5aa18 is pointing into the stack for thread: 0x00000001420d9200
stack at sp + 3 slots: 0x00006000013a0510 points into unknown readable memory: 0x010000021b4b6081 | 81 60 4b 1b 02 00 00 01
stack at sp + 4 slots: 0x0 is NULL
stack at sp + 5 slots: 0x0000000151e06110 is a global jni handle
stack at sp + 6 slots: 0x0000000151e06110 is a global jni handle
stack at sp + 7 slots: 0x0000600003abc690 points into unknown readable memory: 0x00006000013b1590 | 90 15 3b 01 00 60 00 00

StubRoutines::SafeFetchN [0x00000001098614ec, 0x00000001098614f8] (12 bytes)
[MachCode]
  0x00000001098614ec: 0100 40f9 | e003 01aa | c003 5fd6 
[/MachCode]

---------------  P R O C E S S  ---------------

Threads class SMR info:
_java_thread_list=0x0000600001091660, length=21, elements={
0x000000015280a200, 0x00000001528c0400, 0x00000001528c2c00, 0x000000015200f400,
0x000000015200e400, 0x000000015200ea00, 0x000000015200fa00, 0x0000000152010000,
0x0000000152010600, 0x00000001528c5600, 0x00000001420bd600, 0x0000000132011e00,
0x00000001420c1c00, 0x00000001420c2800, 0x0000000132044000, 0x00000001420d9200,
0x00000001320f5000, 0x0000000152ab2800, 0x0000000152aa3800, 0x0000000152abb800,
0x0000000132138400
}

Java Threads: ( => current thread )
  0x000000015280a200 JavaThread "main" [_thread_blocked, id=6147, stack(0x000000016fe38000,0x000000017003b000)]
  0x00000001528c0400 JavaThread "Reference Handler" daemon [_thread_blocked, id=14595, stack(0x0000000170c8c000,0x0000000170e8f000)]
  0x00000001528c2c00 JavaThread "Finalizer" daemon [_thread_blocked, id=15875, stack(0x0000000170e98000,0x000000017109b000)]
  0x000000015200f400 JavaThread "Signal Dispatcher" daemon [_thread_blocked, id=43011, stack(0x00000001711bc000,0x00000001713bf000)]
  0x000000015200e400 JavaThread "Service Thread" daemon [_thread_blocked, id=42499, stack(0x00000001713c8000,0x00000001715cb000)]
  0x000000015200ea00 JavaThread "Monitor Deflation Thread" daemon [_thread_blocked, id=41987, stack(0x00000001715d4000,0x00000001717d7000)]
  0x000000015200fa00 JavaThread "C2 CompilerThread0" daemon [_thread_blocked, id=41731, stack(0x00000001717e0000,0x00000001719e3000)]
  0x0000000152010000 JavaThread "C1 CompilerThread0" daemon [_thread_blocked, id=24067, stack(0x00000001719ec000,0x0000000171bef000)]
  0x0000000152010600 JavaThread "Sweeper thread" daemon [_thread_blocked, id=41219, stack(0x0000000171bf8000,0x0000000171dfb000)]
  0x00000001528c5600 JavaThread "Common-Cleaner" daemon [_thread_blocked, id=24579, stack(0x0000000171e04000,0x0000000172007000)]
  0x00000001420bd600 JavaThread "JDWP Transport Listener: dt_socket" daemon [_thread_blocked, id=40967, stack(0x0000000172010000,0x0000000172213000)]
  0x0000000132011e00 JavaThread "JDWP Event Helper Thread" daemon [_thread_blocked, id=25091, stack(0x000000017221c000,0x000000017241f000)]
  0x00000001420c1c00 JavaThread "JDWP Command Reader" daemon [_thread_in_native, id=40195, stack(0x0000000172428000,0x000000017262b000)]
  0x00000001420c2800 JavaThread "Notification Thread" daemon [_thread_blocked, id=39939, stack(0x0000000172634000,0x0000000172837000)]
  0x0000000132044000 JavaThread "QuantumRenderer-0" daemon [_thread_blocked, id=25859, stack(0x0000000172a4c000,0x0000000172c4f000)]
=>0x00000001420d9200 JavaThread "InvokeLaterDispatcher" daemon [_thread_in_native, id=36111, stack(0x0000000172c58000,0x0000000172e5b000)]
  0x00000001320f5000 JavaThread "JavaFX Application Thread" [_thread_in_vm, id=259, stack(0x000000016f5b0000,0x000000016fdac000)]
  0x0000000152ab2800 JavaThread "PulseTimer-CVDisplayLink thread" daemon [_thread_in_native, id=53251, stack(0x0000000172e64000,0x0000000172ee7000)]
  0x0000000152aa3800 JavaThread "JavaFX-Launcher" [_thread_blocked, id=74263, stack(0x00000001732a0000,0x00000001734a3000)]
  0x0000000152abb800 JavaThread "Prism Font Disposer" daemon [_thread_blocked, id=62215, stack(0x0000000174300000,0x0000000174503000)]
  0x0000000132138400 JavaThread "Cleaner-0" daemon [_thread_blocked, id=87831, stack(0x000000017450c000,0x000000017470f000)]

Other Threads:
  0x0000000151f0e7b0 VMThread "VM Thread" [stack: 0x0000000170a80000,0x0000000170c83000] [id=14083]
  0x0000000141e25520 WatcherThread [stack: 0x0000000172840000,0x0000000172a43000] [id=39427]
  0x0000000151f07520 GCTaskThread "GC Thread#0" [stack: 0x0000000170044000,0x0000000170247000] [id=19715]
  0x0000000151f33b80 GCTaskThread "GC Thread#1" [stack: 0x00000001734ac000,0x00000001736af000] [id=59139]
  0x0000000151f33e30 GCTaskThread "GC Thread#2" [stack: 0x00000001736b8000,0x00000001738bb000] [id=59651]
  0x0000000151f346a0 GCTaskThread "GC Thread#3" [stack: 0x00000001738c4000,0x0000000173ac7000] [id=60163]
  0x0000000151f34f10 GCTaskThread "GC Thread#4" [stack: 0x0000000173ad0000,0x0000000173cd3000] [id=70915]
  0x0000000151f35780 GCTaskThread "GC Thread#5" [stack: 0x0000000173cdc000,0x0000000173edf000] [id=60675]
  0x0000000151f366f0 GCTaskThread "GC Thread#6" [stack: 0x0000000173ee8000,0x00000001740eb000] [id=60931]
  0x0000000151f36f60 GCTaskThread "GC Thread#7" [stack: 0x00000001740f4000,0x00000001742f7000] [id=70147]
  0x0000000151f07bd0 ConcurrentGCThread "G1 Main Marker" [stack: 0x0000000170250000,0x0000000170453000] [id=19203]
  0x0000000151f08450 ConcurrentGCThread "G1 Conc#0" [stack: 0x000000017045c000,0x000000017065f000] [id=12547]
  0x0000000151f0a2c0 ConcurrentGCThread "G1 Refine#0" [stack: 0x0000000170668000,0x000000017086b000] [id=18179]
  0x0000000141f41360 ConcurrentGCThread "G1 Refine#1" [stack: 0x0000000174718000,0x000000017491b000] [id=90115]
  0x0000000151f0ab60 ConcurrentGCThread "G1 Service" [stack: 0x0000000170874000,0x0000000170a77000] [id=13059]

Threads with active compile tasks:

VM state: not at safepoint (normal execution)

VM Mutex/Monitor currently owned by a thread: None

Heap address: 0x0000000780000000, size: 2048 MB, Compressed Oops mode: Zero based, Oop shift amount: 3

CDS archive(s) mapped at: [0x0000000800000000-0x0000000800bd4000-0x0000000800bd4000), size 12402688, SharedBaseAddress: 0x0000000800000000, ArchiveRelocationMode: 0.
Compressed class space mapped at: 0x0000000800c00000-0x0000000840c00000, reserved size: 1073741824
Narrow klass base: 0x0000000800000000, Narrow klass shift: 0, Narrow klass range: 0x100000000

GC Precious Log:
 CPUs: 8 total, 8 available
 Memory: 8192M
 Large Page Support: Disabled
 NUMA Support: Disabled
 Compressed Oops: Enabled (Zero based)
 Heap Region Size: 1M
 Heap Min Capacity: 8M
 Heap Initial Capacity: 128M
 Heap Max Capacity: 2G
 Pre-touch: Disabled
 Parallel Workers: 8
 Concurrent Workers: 2
 Concurrent Refinement Workers: 8
 Periodic GC: Disabled

Heap:
 garbage-first heap   total 133120K, used 24983K [0x0000000780000000, 0x0000000800000000)
  region size 1024K, 21 young (21504K), 6 survivors (6144K)
 Metaspace       used 17497K, committed 17792K, reserved 1064960K
  class space    used 2553K, committed 2688K, reserved 1048576K

Heap Regions: E=young(eden), S=young(survivor), O=old, HS=humongous(starts), HC=humongous(continues), CS=collection set, F=free, OA=open archive, CA=closed archive, TAMS=top-at-mark-start (previous, next)
|   0|0x0000000780000000, 0x0000000780100000, 0x0000000780100000|100%|HS|  |TAMS 0x0000000780000000, 0x0000000780000000| Complete 
|   1|0x0000000780100000, 0x0000000780200000, 0x0000000780200000|100%|HC|  |TAMS 0x0000000780100000, 0x0000000780100000| Complete 
|   2|0x0000000780200000, 0x0000000780300000, 0x0000000780300000|100%| O|  |TAMS 0x0000000780200000, 0x0000000780200000| Untracked 
|   3|0x0000000780300000, 0x000000078036de00, 0x0000000780400000| 42%| O|  |TAMS 0x0000000780300000, 0x0000000780300000| Untracked 
|   4|0x0000000780400000, 0x0000000780400000, 0x0000000780500000|  0%| F|  |TAMS 0x0000000780400000, 0x0000000780400000| Untracked 
|   5|0x0000000780500000, 0x0000000780500000, 0x0000000780600000|  0%| F|  |TAMS 0x0000000780500000, 0x0000000780500000| Untracked 
|   6|0x0000000780600000, 0x0000000780600000, 0x0000000780700000|  0%| F|  |TAMS 0x0000000780600000, 0x0000000780600000| Untracked 
|   7|0x0000000780700000, 0x0000000780700000, 0x0000000780800000|  0%| F|  |TAMS 0x0000000780700000, 0x0000000780700000| Untracked 
|   8|0x0000000780800000, 0x0000000780800000, 0x0000000780900000|  0%| F|  |TAMS 0x0000000780800000, 0x0000000780800000| Untracked 
|   9|0x0000000780900000, 0x0000000780900000, 0x0000000780a00000|  0%| F|  |TAMS 0x0000000780900000, 0x0000000780900000| Untracked 
|  10|0x0000000780a00000, 0x0000000780a00000, 0x0000000780b00000|  0%| F|  |TAMS 0x0000000780a00000, 0x0000000780a00000| Untracked 
|  11|0x0000000780b00000, 0x0000000780b00000, 0x0000000780c00000|  0%| F|  |TAMS 0x0000000780b00000, 0x0000000780b00000| Untracked 
|  12|0x0000000780c00000, 0x0000000780c00000, 0x0000000780d00000|  0%| F|  |TAMS 0x0000000780c00000, 0x0000000780c00000| Untracked 
|  13|0x0000000780d00000, 0x0000000780d00000, 0x0000000780e00000|  0%| F|  |TAMS 0x0000000780d00000, 0x0000000780d00000| Untracked 
|  14|0x0000000780e00000, 0x0000000780e00000, 0x0000000780f00000|  0%| F|  |TAMS 0x0000000780e00000, 0x0000000780e00000| Untracked 
|  15|0x0000000780f00000, 0x0000000780f00000, 0x0000000781000000|  0%| F|  |TAMS 0x0000000780f00000, 0x0000000780f00000| Untracked 
|  16|0x0000000781000000, 0x0000000781000000, 0x0000000781100000|  0%| F|  |TAMS 0x0000000781000000, 0x0000000781000000| Untracked 
|  17|0x0000000781100000, 0x0000000781100000, 0x0000000781200000|  0%| F|  |TAMS 0x0000000781100000, 0x0000000781100000| Untracked 
|  18|0x0000000781200000, 0x0000000781200000, 0x0000000781300000|  0%| F|  |TAMS 0x0000000781200000, 0x0000000781200000| Untracked 
|  19|0x0000000781300000, 0x0000000781300000, 0x0000000781400000|  0%| F|  |TAMS 0x0000000781300000, 0x0000000781300000| Untracked 
|  20|0x0000000781400000, 0x0000000781400000, 0x0000000781500000|  0%| F|  |TAMS 0x0000000781400000, 0x0000000781400000| Untracked 
|  21|0x0000000781500000, 0x0000000781500000, 0x0000000781600000|  0%| F|  |TAMS 0x0000000781500000, 0x0000000781500000| Untracked 
|  22|0x0000000781600000, 0x0000000781600000, 0x0000000781700000|  0%| F|  |TAMS 0x0000000781600000, 0x0000000781600000| Untracked 
|  23|0x0000000781700000, 0x0000000781700000, 0x0000000781800000|  0%| F|  |TAMS 0x0000000781700000, 0x0000000781700000| Untracked 
|  24|0x0000000781800000, 0x0000000781800000, 0x0000000781900000|  0%| F|  |TAMS 0x0000000781800000, 0x0000000781800000| Untracked 
|  25|0x0000000781900000, 0x0000000781900000, 0x0000000781a00000|  0%| F|  |TAMS 0x0000000781900000, 0x0000000781900000| Untracked 
|  26|0x0000000781a00000, 0x0000000781a00000, 0x0000000781b00000|  0%| F|  |TAMS 0x0000000781a00000, 0x0000000781a00000| Untracked 
|  27|0x0000000781b00000, 0x0000000781b00000, 0x0000000781c00000|  0%| F|  |TAMS 0x0000000781b00000, 0x0000000781b00000| Untracked 
|  28|0x0000000781c00000, 0x0000000781c00000, 0x0000000781d00000|  0%| F|  |TAMS 0x0000000781c00000, 0x0000000781c00000| Untracked 
|  29|0x0000000781d00000, 0x0000000781d00000, 0x0000000781e00000|  0%| F|  |TAMS 0x0000000781d00000, 0x0000000781d00000| Untracked 
|  30|0x0000000781e00000, 0x0000000781e00000, 0x0000000781f00000|  0%| F|  |TAMS 0x0000000781e00000, 0x0000000781e00000| Untracked 
|  31|0x0000000781f00000, 0x0000000781f00000, 0x0000000782000000|  0%| F|  |TAMS 0x0000000781f00000, 0x0000000781f00000| Untracked 
|  32|0x0000000782000000, 0x0000000782000000, 0x0000000782100000|  0%| F|  |TAMS 0x0000000782000000, 0x0000000782000000| Untracked 
|  33|0x0000000782100000, 0x0000000782100000, 0x0000000782200000|  0%| F|  |TAMS 0x0000000782100000, 0x0000000782100000| Untracked 
|  34|0x0000000782200000, 0x0000000782200000, 0x0000000782300000|  0%| F|  |TAMS 0x0000000782200000, 0x0000000782200000| Untracked 
|  35|0x0000000782300000, 0x0000000782300000, 0x0000000782400000|  0%| F|  |TAMS 0x0000000782300000, 0x0000000782300000| Untracked 
|  36|0x0000000782400000, 0x0000000782400000, 0x0000000782500000|  0%| F|  |TAMS 0x0000000782400000, 0x0000000782400000| Untracked 
|  37|0x0000000782500000, 0x0000000782500000, 0x0000000782600000|  0%| F|  |TAMS 0x0000000782500000, 0x0000000782500000| Untracked 
|  38|0x0000000782600000, 0x0000000782600000, 0x0000000782700000|  0%| F|  |TAMS 0x0000000782600000, 0x0000000782600000| Untracked 
|  39|0x0000000782700000, 0x0000000782700000, 0x0000000782800000|  0%| F|  |TAMS 0x0000000782700000, 0x0000000782700000| Untracked 
|  40|0x0000000782800000, 0x0000000782800000, 0x0000000782900000|  0%| F|  |TAMS 0x0000000782800000, 0x0000000782800000| Untracked 
|  41|0x0000000782900000, 0x0000000782900000, 0x0000000782a00000|  0%| F|  |TAMS 0x0000000782900000, 0x0000000782900000| Untracked 
|  42|0x0000000782a00000, 0x0000000782a00000, 0x0000000782b00000|  0%| F|  |TAMS 0x0000000782a00000, 0x0000000782a00000| Untracked 
|  43|0x0000000782b00000, 0x0000000782b00000, 0x0000000782c00000|  0%| F|  |TAMS 0x0000000782b00000, 0x0000000782b00000| Untracked 
|  44|0x0000000782c00000, 0x0000000782c00000, 0x0000000782d00000|  0%| F|  |TAMS 0x0000000782c00000, 0x0000000782c00000| Untracked 
|  45|0x0000000782d00000, 0x0000000782d00000, 0x0000000782e00000|  0%| F|  |TAMS 0x0000000782d00000, 0x0000000782d00000| Untracked 
|  46|0x0000000782e00000, 0x0000000782e00000, 0x0000000782f00000|  0%| F|  |TAMS 0x0000000782e00000, 0x0000000782e00000| Untracked 
|  47|0x0000000782f00000, 0x0000000782f00000, 0x0000000783000000|  0%| F|  |TAMS 0x0000000782f00000, 0x0000000782f00000| Untracked 
|  48|0x0000000783000000, 0x0000000783000000, 0x0000000783100000|  0%| F|  |TAMS 0x0000000783000000, 0x0000000783000000| Untracked 
|  49|0x0000000783100000, 0x0000000783100000, 0x0000000783200000|  0%| F|  |TAMS 0x0000000783100000, 0x0000000783100000| Untracked 
|  50|0x0000000783200000, 0x0000000783200000, 0x0000000783300000|  0%| F|  |TAMS 0x0000000783200000, 0x0000000783200000| Untracked 
|  51|0x0000000783300000, 0x0000000783300000, 0x0000000783400000|  0%| F|  |TAMS 0x0000000783300000, 0x0000000783300000| Untracked 
|  52|0x0000000783400000, 0x0000000783400000, 0x0000000783500000|  0%| F|  |TAMS 0x0000000783400000, 0x0000000783400000| Untracked 
|  53|0x0000000783500000, 0x0000000783500000, 0x0000000783600000|  0%| F|  |TAMS 0x0000000783500000, 0x0000000783500000| Untracked 
|  54|0x0000000783600000, 0x0000000783600000, 0x0000000783700000|  0%| F|  |TAMS 0x0000000783600000, 0x0000000783600000| Untracked 
|  55|0x0000000783700000, 0x0000000783700000, 0x0000000783800000|  0%| F|  |TAMS 0x0000000783700000, 0x0000000783700000| Untracked 
|  56|0x0000000783800000, 0x0000000783800000, 0x0000000783900000|  0%| F|  |TAMS 0x0000000783800000, 0x0000000783800000| Untracked 
|  57|0x0000000783900000, 0x0000000783900000, 0x0000000783a00000|  0%| F|  |TAMS 0x0000000783900000, 0x0000000783900000| Untracked 
|  58|0x0000000783a00000, 0x0000000783a00000, 0x0000000783b00000|  0%| F|  |TAMS 0x0000000783a00000, 0x0000000783a00000| Untracked 
|  59|0x0000000783b00000, 0x0000000783b00000, 0x0000000783c00000|  0%| F|  |TAMS 0x0000000783b00000, 0x0000000783b00000| Untracked 
|  60|0x0000000783c00000, 0x0000000783c00000, 0x0000000783d00000|  0%| F|  |TAMS 0x0000000783c00000, 0x0000000783c00000| Untracked 
|  61|0x0000000783d00000, 0x0000000783d00000, 0x0000000783e00000|  0%| F|  |TAMS 0x0000000783d00000, 0x0000000783d00000| Untracked 
|  62|0x0000000783e00000, 0x0000000783e00000, 0x0000000783f00000|  0%| F|  |TAMS 0x0000000783e00000, 0x0000000783e00000| Untracked 
|  63|0x0000000783f00000, 0x0000000783f00000, 0x0000000784000000|  0%| F|  |TAMS 0x0000000783f00000, 0x0000000783f00000| Untracked 
|  64|0x0000000784000000, 0x0000000784000000, 0x0000000784100000|  0%| F|  |TAMS 0x0000000784000000, 0x0000000784000000| Untracked 
|  65|0x0000000784100000, 0x0000000784100000, 0x0000000784200000|  0%| F|  |TAMS 0x0000000784100000, 0x0000000784100000| Untracked 
|  66|0x0000000784200000, 0x0000000784200000, 0x0000000784300000|  0%| F|  |TAMS 0x0000000784200000, 0x0000000784200000| Untracked 
|  67|0x0000000784300000, 0x0000000784300000, 0x0000000784400000|  0%| F|  |TAMS 0x0000000784300000, 0x0000000784300000| Untracked 
|  68|0x0000000784400000, 0x0000000784400000, 0x0000000784500000|  0%| F|  |TAMS 0x0000000784400000, 0x0000000784400000| Untracked 
|  69|0x0000000784500000, 0x0000000784500000, 0x0000000784600000|  0%| F|  |TAMS 0x0000000784500000, 0x0000000784500000| Untracked 
|  70|0x0000000784600000, 0x0000000784600000, 0x0000000784700000|  0%| F|  |TAMS 0x0000000784600000, 0x0000000784600000| Untracked 
|  71|0x0000000784700000, 0x0000000784700000, 0x0000000784800000|  0%| F|  |TAMS 0x0000000784700000, 0x0000000784700000| Untracked 
|  72|0x0000000784800000, 0x0000000784800000, 0x0000000784900000|  0%| F|  |TAMS 0x0000000784800000, 0x0000000784800000| Untracked 
|  73|0x0000000784900000, 0x0000000784900000, 0x0000000784a00000|  0%| F|  |TAMS 0x0000000784900000, 0x0000000784900000| Untracked 
|  74|0x0000000784a00000, 0x0000000784a00000, 0x0000000784b00000|  0%| F|  |TAMS 0x0000000784a00000, 0x0000000784a00000| Untracked 
|  75|0x0000000784b00000, 0x0000000784b00000, 0x0000000784c00000|  0%| F|  |TAMS 0x0000000784b00000, 0x0000000784b00000| Untracked 
|  76|0x0000000784c00000, 0x0000000784d00000, 0x0000000784d00000|100%| S|CS|TAMS 0x0000000784c00000, 0x0000000784c00000| Complete 
|  77|0x0000000784d00000, 0x0000000784e00000, 0x0000000784e00000|100%| S|CS|TAMS 0x0000000784d00000, 0x0000000784d00000| Complete 
|  78|0x0000000784e00000, 0x0000000784f00000, 0x0000000784f00000|100%| S|CS|TAMS 0x0000000784e00000, 0x0000000784e00000| Complete 
|  79|0x0000000784f00000, 0x0000000785000000, 0x0000000785000000|100%| S|CS|TAMS 0x0000000784f00000, 0x0000000784f00000| Complete 
|  80|0x0000000785000000, 0x0000000785100000, 0x0000000785100000|100%| S|CS|TAMS 0x0000000785000000, 0x0000000785000000| Complete 
|  81|0x0000000785100000, 0x0000000785200000, 0x0000000785200000|100%| S|CS|TAMS 0x0000000785100000, 0x0000000785100000| Complete 
|  82|0x0000000785200000, 0x0000000785200000, 0x0000000785300000|  0%| F|  |TAMS 0x0000000785200000, 0x0000000785200000| Untracked 
|  83|0x0000000785300000, 0x0000000785300000, 0x0000000785400000|  0%| F|  |TAMS 0x0000000785300000, 0x0000000785300000| Untracked 
|  84|0x0000000785400000, 0x0000000785400000, 0x0000000785500000|  0%| F|  |TAMS 0x0000000785400000, 0x0000000785400000| Untracked 
|  85|0x0000000785500000, 0x0000000785500000, 0x0000000785600000|  0%| F|  |TAMS 0x0000000785500000, 0x0000000785500000| Untracked 
|  86|0x0000000785600000, 0x0000000785600000, 0x0000000785700000|  0%| F|  |TAMS 0x0000000785600000, 0x0000000785600000| Untracked 
|  87|0x0000000785700000, 0x0000000785700000, 0x0000000785800000|  0%| F|  |TAMS 0x0000000785700000, 0x0000000785700000| Untracked 
|  88|0x0000000785800000, 0x0000000785800000, 0x0000000785900000|  0%| F|  |TAMS 0x0000000785800000, 0x0000000785800000| Untracked 
|  89|0x0000000785900000, 0x0000000785900000, 0x0000000785a00000|  0%| F|  |TAMS 0x0000000785900000, 0x0000000785900000| Untracked 
|  90|0x0000000785a00000, 0x0000000785a00000, 0x0000000785b00000|  0%| F|  |TAMS 0x0000000785a00000, 0x0000000785a00000| Untracked 
|  91|0x0000000785b00000, 0x0000000785b00000, 0x0000000785c00000|  0%| F|  |TAMS 0x0000000785b00000, 0x0000000785b00000| Untracked 
|  92|0x0000000785c00000, 0x0000000785c00000, 0x0000000785d00000|  0%| F|  |TAMS 0x0000000785c00000, 0x0000000785c00000| Untracked 
|  93|0x0000000785d00000, 0x0000000785d00000, 0x0000000785e00000|  0%| F|  |TAMS 0x0000000785d00000, 0x0000000785d00000| Untracked 
|  94|0x0000000785e00000, 0x0000000785e00000, 0x0000000785f00000|  0%| F|  |TAMS 0x0000000785e00000, 0x0000000785e00000| Untracked 
|  95|0x0000000785f00000, 0x0000000785f00000, 0x0000000786000000|  0%| F|  |TAMS 0x0000000785f00000, 0x0000000785f00000| Untracked 
|  96|0x0000000786000000, 0x0000000786000000, 0x0000000786100000|  0%| F|  |TAMS 0x0000000786000000, 0x0000000786000000| Untracked 
|  97|0x0000000786100000, 0x0000000786100000, 0x0000000786200000|  0%| F|  |TAMS 0x0000000786100000, 0x0000000786100000| Untracked 
|  98|0x0000000786200000, 0x0000000786200000, 0x0000000786300000|  0%| F|  |TAMS 0x0000000786200000, 0x0000000786200000| Untracked 
|  99|0x0000000786300000, 0x0000000786300000, 0x0000000786400000|  0%| F|  |TAMS 0x0000000786300000, 0x0000000786300000| Untracked 
| 100|0x0000000786400000, 0x0000000786400000, 0x0000000786500000|  0%| F|  |TAMS 0x0000000786400000, 0x0000000786400000| Untracked 
| 101|0x0000000786500000, 0x0000000786500000, 0x0000000786600000|  0%| F|  |TAMS 0x0000000786500000, 0x0000000786500000| Untracked 
| 102|0x0000000786600000, 0x0000000786600000, 0x0000000786700000|  0%| F|  |TAMS 0x0000000786600000, 0x0000000786600000| Untracked 
| 103|0x0000000786700000, 0x0000000786700000, 0x0000000786800000|  0%| F|  |TAMS 0x0000000786700000, 0x0000000786700000| Untracked 
| 104|0x0000000786800000, 0x0000000786800000, 0x0000000786900000|  0%| F|  |TAMS 0x0000000786800000, 0x0000000786800000| Untracked 
| 105|0x0000000786900000, 0x0000000786900000, 0x0000000786a00000|  0%| F|  |TAMS 0x0000000786900000, 0x0000000786900000| Untracked 
| 106|0x0000000786a00000, 0x0000000786a00000, 0x0000000786b00000|  0%| F|  |TAMS 0x0000000786a00000, 0x0000000786a00000| Untracked 
| 107|0x0000000786b00000, 0x0000000786b00000, 0x0000000786c00000|  0%| F|  |TAMS 0x0000000786b00000, 0x0000000786b00000| Untracked 
| 108|0x0000000786c00000, 0x0000000786c00000, 0x0000000786d00000|  0%| F|  |TAMS 0x0000000786c00000, 0x0000000786c00000| Untracked 
| 109|0x0000000786d00000, 0x0000000786d00000, 0x0000000786e00000|  0%| F|  |TAMS 0x0000000786d00000, 0x0000000786d00000| Untracked 
| 110|0x0000000786e00000, 0x0000000786e00000, 0x0000000786f00000|  0%| F|  |TAMS 0x0000000786e00000, 0x0000000786e00000| Untracked 
| 111|0x0000000786f00000, 0x0000000786f00000, 0x0000000787000000|  0%| F|  |TAMS 0x0000000786f00000, 0x0000000786f00000| Untracked 
| 112|0x0000000787000000, 0x0000000787000000, 0x0000000787100000|  0%| F|  |TAMS 0x0000000787000000, 0x0000000787000000| Untracked 
| 113|0x0000000787100000, 0x0000000787180800, 0x0000000787200000| 50%| E|  |TAMS 0x0000000787100000, 0x0000000787100000| Complete 
| 114|0x0000000787200000, 0x0000000787300000, 0x0000000787300000|100%| E|CS|TAMS 0x0000000787200000, 0x0000000787200000| Complete 
| 115|0x0000000787300000, 0x0000000787400000, 0x0000000787400000|100%| E|CS|TAMS 0x0000000787300000, 0x0000000787300000| Complete 
| 116|0x0000000787400000, 0x0000000787500000, 0x0000000787500000|100%| E|CS|TAMS 0x0000000787400000, 0x0000000787400000| Complete 
| 117|0x0000000787500000, 0x0000000787600000, 0x0000000787600000|100%| E|CS|TAMS 0x0000000787500000, 0x0000000787500000| Complete 
| 118|0x0000000787600000, 0x0000000787700000, 0x0000000787700000|100%| E|CS|TAMS 0x0000000787600000, 0x0000000787600000| Complete 
| 119|0x0000000787700000, 0x0000000787800000, 0x0000000787800000|100%| E|CS|TAMS 0x0000000787700000, 0x0000000787700000| Complete 
| 120|0x0000000787800000, 0x0000000787900000, 0x0000000787900000|100%| E|CS|TAMS 0x0000000787800000, 0x0000000787800000| Complete 
| 121|0x0000000787900000, 0x0000000787a00000, 0x0000000787a00000|100%| E|CS|TAMS 0x0000000787900000, 0x0000000787900000| Complete 
| 122|0x0000000787a00000, 0x0000000787b00000, 0x0000000787b00000|100%| E|CS|TAMS 0x0000000787a00000, 0x0000000787a00000| Complete 
| 123|0x0000000787b00000, 0x0000000787c00000, 0x0000000787c00000|100%| E|CS|TAMS 0x0000000787b00000, 0x0000000787b00000| Complete 
| 124|0x0000000787c00000, 0x0000000787d00000, 0x0000000787d00000|100%| E|CS|TAMS 0x0000000787c00000, 0x0000000787c00000| Complete 
| 125|0x0000000787d00000, 0x0000000787e00000, 0x0000000787e00000|100%| E|CS|TAMS 0x0000000787d00000, 0x0000000787d00000| Complete 
| 126|0x0000000787e00000, 0x0000000787f00000, 0x0000000787f00000|100%| E|CS|TAMS 0x0000000787e00000, 0x0000000787e00000| Complete 
| 127|0x0000000787f00000, 0x0000000788000000, 0x0000000788000000|100%| E|CS|TAMS 0x0000000787f00000, 0x0000000787f00000| Complete 
|2046|0x00000007ffe00000, 0x00000007ffe78000, 0x00000007fff00000| 46%|OA|  |TAMS 0x00000007ffe00000, 0x00000007ffe00000| Untracked 
|2047|0x00000007fff00000, 0x00000007fff80000, 0x0000000800000000| 50%|CA|  |TAMS 0x00000007fff00000, 0x00000007fff00000| Untracked 

Card table byte_map: [0x00000001009a4000,0x0000000100da4000] _byte_map_base: 0x00000000fcda4000

Marking Bits (Prev, Next): (CMBitMap*) 0x0000000152833610, (CMBitMap*) 0x0000000152833650
 Prev Bits: [0x0000000118860000, 0x000000011a860000)
 Next Bits: [0x000000011a860000, 0x000000011c860000)

Polling page: 0x00000001000d8000

Metaspace:

Usage:
  Non-class:     14.59 MB used.
      Class:      2.49 MB used.
       Both:     17.09 MB used.

Virtual space:
  Non-class space:       16.00 MB reserved,      14.75 MB ( 92%) committed,  2 nodes.
      Class space:        1.00 GB reserved,       2.62 MB ( <1%) committed,  1 nodes.
             Both:        1.02 GB reserved,      17.38 MB (  2%) committed. 

Chunk freelists:
   Non-Class:  352.00 KB
       Class:  1.34 MB
        Both:  1.69 MB

MaxMetaspaceSize: unlimited
CompressedClassSpaceSize: 1.00 GB
Initial GC threshold: 21.00 MB
Current GC threshold: 21.00 MB
CDS: on
MetaspaceReclaimPolicy: balanced
 - commit_granule_bytes: 65536.
 - commit_granule_words: 8192.
 - virtual_space_node_default_size: 1048576.
 - enlarge_chunks_in_place: 1.
 - new_chunks_are_fully_committed: 0.
 - uncommit_free_chunks: 1.
 - use_allocation_guard: 0.
 - handle_deallocations: 1.


Internal statistics:

num_allocs_failed_limit: 0.
num_arena_births: 232.
num_arena_deaths: 0.
num_vsnodes_births: 3.
num_vsnodes_deaths: 0.
num_space_committed: 278.
num_space_uncommitted: 0.
num_chunks_returned_to_freelist: 0.
num_chunks_taken_from_freelist: 822.
num_chunk_merges: 0.
num_chunk_splits: 564.
num_chunks_enlarged: 443.
num_purges: 0.
num_inconsistent_stats: 0.

CodeHeap 'non-profiled nmethods': size=120032Kb used=1294Kb max_used=1294Kb free=118738Kb
 bounds [0x0000000111328000, 0x0000000111598000, 0x0000000118860000]
CodeHeap 'profiled nmethods': size=120016Kb used=7152Kb max_used=7152Kb free=112863Kb
 bounds [0x0000000109df4000, 0x000000010a4f4000, 0x0000000111328000]
CodeHeap 'non-nmethods': size=5712Kb used=1420Kb max_used=1586Kb free=4291Kb
 bounds [0x0000000109860000, 0x0000000109ad0000, 0x0000000109df4000]
 total_blobs=3924 nmethods=3150 adapters=690
 compilation: enabled
              stopped_count=0, restarted_count=0
 full_count=0

Compilation events (20 events):
Event: 5.360 Thread 0x0000000152010000 3221       3       javafx.stage.Window$TKBoundsConfigurator::apply (175 bytes)
Event: 5.361 Thread 0x0000000152010000 nmethod 3221 0x000000010a4e2d90 code [0x000000010a4e2fc0, 0x000000010a4e3678]
Event: 5.393 Thread 0x0000000152010000 3222       3       javafx.scene.Scene::doCSSPass (27 bytes)
Event: 5.394 Thread 0x0000000152010000 nmethod 3222 0x000000010a4e3910 code [0x000000010a4e3b40, 0x000000010a4e4338]
Event: 5.394 Thread 0x0000000152010000 3223       3       javafx.scene.Scene::doLayoutPass (14 bytes)
Event: 5.395 Thread 0x0000000152010000 nmethod 3223 0x000000010a4e4590 code [0x000000010a4e4780, 0x000000010a4e4d88]
Event: 5.426 Thread 0x0000000152010000 3224       3       com.sun.javafx.tk.quantum.QuantumToolkit$$Lambda$83/0x0000000800c3eb70::run (8 bytes)
Event: 5.427 Thread 0x0000000152010000 nmethod 3224 0x000000010a4e4f90 code [0x000000010a4e5180, 0x000000010a4e5578]
Event: 5.427 Thread 0x0000000152010000 3226   !   3       com.sun.javafx.tk.Toolkit::firePulse (279 bytes)
Event: 5.432 Thread 0x0000000152010000 nmethod 3226 0x000000010a4e5790 code [0x000000010a4e62c0, 0x000000010a4eb028]
Event: 5.432 Thread 0x0000000152010000 3225       3       com.sun.javafx.tk.quantum.QuantumToolkit::lambda$runToolkit$11 (5 bytes)
Event: 5.432 Thread 0x0000000152010000 nmethod 3225 0x000000010a4ec890 code [0x000000010a4ecb40, 0x000000010a4ed298]
Event: 5.443 Thread 0x0000000152010000 3227       3       com.intellij.rt.debugger.agent.CaptureStorage$WeakKey::equals (50 bytes)
Event: 5.443 Thread 0x0000000152010000 nmethod 3227 0x000000010a4ed610 code [0x000000010a4ed800, 0x000000010a4edea8]
Event: 5.443 Thread 0x0000000152010000 3228       3       com.sun.scenario.animation.AbstractPrimaryTimer$MainLoop::updateAnimationRunnable (61 bytes)
Event: 5.444 Thread 0x0000000152010000 nmethod 3228 0x000000010a4edf90 code [0x000000010a4ee200, 0x000000010a4eec88]
Event: 5.526 Thread 0x0000000152010000 3229       3       com.sun.scenario.animation.AbstractPrimaryTimer$MainLoop::run (61 bytes)
Event: 5.527 Thread 0x0000000152010000 nmethod 3229 0x000000010a4ef110 code [0x000000010a4ef380, 0x000000010a4efa88]
Event: 5.527 Thread 0x0000000152010000 3230       3       com.sun.javafx.tk.quantum.PrimaryTimer::recordStart (8 bytes)
Event: 5.528 Thread 0x0000000152010000 nmethod 3230 0x000000010a4efd90 code [0x000000010a4eff40, 0x000000010a4f0158]

GC Heap History (4 events):
Event: 0.352 GC heap before
{Heap before GC invocations=0 (full 0):
 garbage-first heap   total 133120K, used 23520K [0x0000000780000000, 0x0000000800000000)
  region size 1024K, 23 young (23552K), 0 survivors (0K)
 Metaspace       used 6258K, committed 6400K, reserved 1056768K
  class space    used 747K, committed 832K, reserved 1048576K
}
Event: 0.354 GC heap after
{Heap after GC invocations=1 (full 0):
 garbage-first heap   total 133120K, used 4057K [0x0000000780000000, 0x0000000800000000)
  region size 1024K, 3 young (3072K), 3 survivors (3072K)
 Metaspace       used 6258K, committed 6400K, reserved 1056768K
  class space    used 747K, committed 832K, reserved 1048576K
}
Event: 1.271 GC heap before
{Heap before GC invocations=1 (full 0):
 garbage-first heap   total 133120K, used 49113K [0x0000000780000000, 0x0000000800000000)
  region size 1024K, 46 young (47104K), 3 survivors (3072K)
 Metaspace       used 15614K, committed 15872K, reserved 1064960K
  class space    used 2336K, committed 2496K, reserved 1048576K
}
Event: 1.291 GC heap after
{Heap after GC invocations=2 (full 0):
 garbage-first heap   total 133120K, used 10647K [0x0000000780000000, 0x0000000800000000)
  region size 1024K, 6 young (6144K), 6 survivors (6144K)
 Metaspace       used 15614K, committed 15872K, reserved 1064960K
  class space    used 2336K, committed 2496K, reserved 1048576K
}

Deoptimization events (20 events):
Event: 3.346 Thread 0x0000000132044000 Uncommon trap: trap_request=0xffffff45 fr.pc=0x00000001113e2df4 relative=0x00000000000023f4
Event: 3.346 Thread 0x0000000132044000 Uncommon trap: reason=unstable_if action=reinterpret pc=0x00000001113e2df4 method=com.sun.marlin.Renderer._endRendering(IILcom/sun/marlin/MarlinAlphaConsumer;)V @ 2015 c2
Event: 3.346 Thread 0x0000000132044000 DEOPT PACKING pc=0x00000001113e2df4 sp=0x0000000172c4d1f0
Event: 3.346 Thread 0x0000000132044000 DEOPT UNPACKING pc=0x000000010989ed1c sp=0x0000000172c4d100 mode 2
Event: 3.347 Thread 0x0000000132044000 Uncommon trap: trap_request=0xffffff45 fr.pc=0x00000001113cdc10 relative=0x0000000000002150
Event: 3.347 Thread 0x0000000132044000 Uncommon trap: reason=unstable_if action=reinterpret pc=0x00000001113cdc10 method=com.sun.marlin.Renderer._endRendering(IILcom/sun/marlin/MarlinAlphaConsumer;)V @ 2015 c2
Event: 3.347 Thread 0x0000000132044000 DEOPT PACKING pc=0x00000001113cdc10 sp=0x0000000172c4d200
Event: 3.347 Thread 0x0000000132044000 DEOPT UNPACKING pc=0x000000010989ed1c sp=0x0000000172c4d100 mode 2
Event: 3.777 Thread 0x00000001320f5000 Uncommon trap: trap_request=0xffffff45 fr.pc=0x00000001113b35a0 relative=0x0000000000000de0
Event: 3.777 Thread 0x00000001320f5000 Uncommon trap: reason=unstable_if action=reinterpret pc=0x00000001113b35a0 method=javafx.css.SimpleSelector.stateMatches(Ljavafx/css/Styleable;Ljava/util/Set;)Z @ 1 c2
Event: 3.777 Thread 0x00000001320f5000 DEOPT PACKING pc=0x00000001113b35a0 sp=0x000000016fda5a30
Event: 3.777 Thread 0x00000001320f5000 DEOPT UNPACKING pc=0x000000010989ed1c sp=0x000000016fda5970 mode 2
Event: 4.037 Thread 0x00000001320f5000 DEOPT PACKING pc=0x000000010a021400 sp=0x000000016fda5680
Event: 4.037 Thread 0x00000001320f5000 DEOPT UNPACKING pc=0x000000010989eb7c sp=0x000000016fda5340 mode 1
Event: 4.053 Thread 0x00000001320f5000 Uncommon trap: trap_request=0xffffff45 fr.pc=0x0000000111418790 relative=0x0000000000000790
Event: 4.053 Thread 0x00000001320f5000 Uncommon trap: reason=unstable_if action=reinterpret pc=0x0000000111418790 method=com.sun.javafx.css.ParsedValueImpl.containsFontRelativeSize(Ljavafx/css/ParsedValue;Z)Z @ 56 c2
Event: 4.053 Thread 0x00000001320f5000 DEOPT PACKING pc=0x0000000111418790 sp=0x000000016fda4a70
Event: 4.053 Thread 0x00000001320f5000 DEOPT UNPACKING pc=0x000000010989ed1c sp=0x000000016fda4a10 mode 2
Event: 4.632 Thread 0x0000000132044000 DEOPT PACKING pc=0x000000010a29de34 sp=0x0000000172c4adf0
Event: 4.632 Thread 0x0000000132044000 DEOPT UNPACKING pc=0x000000010989eb7c sp=0x0000000172c4aa70 mode 0

Classes unloaded (0 events):
No events

Classes redefined (0 events):
No events

Internal exceptions (20 events):
Event: 4.017 Thread 0x00000001320f5000 Exception <a 'java/io/FileNotFoundException'{0x0000000787b09bc0}> (0x0000000787b09bc0) 
thrown [open/src/hotspot/share/prims/jni.cpp, line 516]
Event: 4.017 Thread 0x00000001320f5000 Exception <a 'java/io/FileNotFoundException'{0x0000000787b0aa60}> (0x0000000787b0aa60) 
thrown [open/src/hotspot/share/prims/jni.cpp, line 516]
Event: 4.017 Thread 0x00000001320f5000 Exception <a 'java/io/FileNotFoundException'{0x0000000787b0f508}> (0x0000000787b0f508) 
thrown [open/src/hotspot/share/prims/jni.cpp, line 516]
Event: 4.017 Thread 0x00000001320f5000 Exception <a 'java/io/FileNotFoundException'{0x0000000787b103a8}> (0x0000000787b103a8) 
thrown [open/src/hotspot/share/prims/jni.cpp, line 516]
Event: 4.031 Thread 0x00000001320f5000 Exception <a 'java/io/FileNotFoundException'{0x0000000787bf6e88}> (0x0000000787bf6e88) 
thrown [open/src/hotspot/share/prims/jni.cpp, line 516]
Event: 4.031 Thread 0x00000001320f5000 Exception <a 'java/io/FileNotFoundException'{0x0000000787bf7d10}> (0x0000000787bf7d10) 
thrown [open/src/hotspot/share/prims/jni.cpp, line 516]
Event: 4.031 Thread 0x00000001320f5000 Exception <a 'java/io/FileNotFoundException'{0x0000000787bfc788}> (0x0000000787bfc788) 
thrown [open/src/hotspot/share/prims/jni.cpp, line 516]
Event: 4.031 Thread 0x00000001320f5000 Exception <a 'java/io/FileNotFoundException'{0x0000000787bfd610}> (0x0000000787bfd610) 
thrown [open/src/hotspot/share/prims/jni.cpp, line 516]
Event: 4.032 Thread 0x00000001320f5000 Exception <a 'java/io/FileNotFoundException'{0x0000000787a028b0}> (0x0000000787a028b0) 
thrown [open/src/hotspot/share/prims/jni.cpp, line 516]
Event: 4.032 Thread 0x00000001320f5000 Exception <a 'java/io/FileNotFoundException'{0x0000000787a03738}> (0x0000000787a03738) 
thrown [open/src/hotspot/share/prims/jni.cpp, line 516]
Event: 4.032 Thread 0x00000001320f5000 Exception <a 'java/io/FileNotFoundException'{0x0000000787a082b0}> (0x0000000787a082b0) 
thrown [open/src/hotspot/share/prims/jni.cpp, line 516]
Event: 4.032 Thread 0x00000001320f5000 Exception <a 'java/io/FileNotFoundException'{0x0000000787a09138}> (0x0000000787a09138) 
thrown [open/src/hotspot/share/prims/jni.cpp, line 516]
Event: 4.037 Thread 0x00000001320f5000 Exception <a 'java/io/FileNotFoundException'{0x0000000787a83358}> (0x0000000787a83358) 
thrown [open/src/hotspot/share/prims/jni.cpp, line 516]
Event: 4.037 Thread 0x00000001320f5000 Exception <a 'java/io/FileNotFoundException'{0x0000000787a85550}> (0x0000000787a85550) 
thrown [open/src/hotspot/share/prims/jni.cpp, line 516]
Event: 4.066 Thread 0x00000001320f5000 Exception <a 'java/lang/ClassNotFoundException'{0x000000078772c7c0}: com/sun/javafx/scene/control/skin/resources/controls-nt> (0x000000078772c7c0) 
thrown [open/src/hotspot/share/prims/jni.cpp, line 535]
Event: 4.066 Thread 0x00000001320f5000 Exception <a 'java/lang/ClassNotFoundException'{0x0000000787735340}: com/sun/javafx/scene/control/skin/resources/controls-nt_zh> (0x0000000787735340) 
thrown [open/src/hotspot/share/prims/jni.cpp, line 535]
Event: 4.066 Thread 0x00000001320f5000 Exception <a 'java/lang/ClassNotFoundException'{0x0000000787736898}: com/sun/javafx/scene/control/skin/resources/controls-nt_zh_TW> (0x0000000787736898) 
thrown [open/src/hotspot/share/prims/jni.cpp, line 535]
Event: 4.066 Thread 0x00000001320f5000 Exception <a 'java/lang/ClassNotFoundException'{0x0000000787737df0}: com/sun/javafx/scene/control/skin/resources/controls-nt_zh_Hant> (0x0000000787737df0) 
thrown [open/src/hotspot/share/prims/jni.cpp, line 535]
Event: 4.066 Thread 0x00000001320f5000 Exception <a 'java/lang/ClassNotFoundException'{0x0000000787739368}: com/sun/javafx/scene/control/skin/resources/controls-nt_zh_Hant_TW> (0x0000000787739368) 
thrown [open/src/hotspot/share/prims/jni.cpp, line 535]
Event: 4.086 Thread 0x00000001320f5000 Exception <a 'java/lang/NoSuchMethodError'{0x00000007875e30b8}: 'void java.lang.invoke.DirectMethodHandle$Holder.invokeSpecialIFC(java.lang.Object, java.lang.Object, java.lang.Object, java.lang.Object)'> (0x00000007875e30b8) 
thrown [open/src/hotspot/share/interpreter/linkResolver.cpp, line 766]

VM Operations (20 events):
Event: 0.650 Executing VM operation: ICBufferFull
Event: 0.651 Executing VM operation: ICBufferFull done
Event: 0.708 Executing VM operation: ICBufferFull
Event: 0.708 Executing VM operation: ICBufferFull done
Event: 1.271 Executing VM operation: G1CollectForAllocation
Event: 1.291 Executing VM operation: G1CollectForAllocation done
Event: 2.296 Executing VM operation: Cleanup
Event: 2.296 Executing VM operation: Cleanup done
Event: 3.300 Executing VM operation: Cleanup
Event: 3.300 Executing VM operation: Cleanup done
Event: 4.031 Executing VM operation: ICBufferFull
Event: 4.031 Executing VM operation: ICBufferFull done
Event: 4.055 Executing VM operation: HandshakeAllThreads
Event: 4.055 Executing VM operation: HandshakeAllThreads done
Event: 4.076 Executing VM operation: ICBufferFull
Event: 4.076 Executing VM operation: ICBufferFull done
Event: 4.132 Executing VM operation: ICBufferFull
Event: 4.132 Executing VM operation: ICBufferFull done
Event: 5.137 Executing VM operation: Cleanup
Event: 5.137 Executing VM operation: Cleanup done

Events (20 events):
Event: 4.086 loading class javafx/scene/control/skin/DatePickerSkin
Event: 4.086 loading class javafx/scene/control/skin/DatePickerSkin done
Event: 4.086 loading class javafx/scene/control/DatePicker
Event: 4.086 loading class javafx/scene/control/DatePicker done
Event: 4.086 loading class javafx/scene/control/skin/DatePickerSkin
Event: 4.086 loading class javafx/scene/control/skin/DatePickerSkin done
Event: 4.086 loading class javafx/scene/control/DatePicker
Event: 4.086 loading class javafx/scene/control/DatePicker done
Event: 4.088 loading class javafx/scene/control/skin/MenuButtonSkinBase
Event: 4.088 loading class javafx/scene/control/skin/MenuButtonSkinBase done
Event: 4.088 loading class javafx/event/Event
Event: 4.088 loading class javafx/event/Event done
Event: 4.088 loading class javafx/scene/input/MouseEvent
Event: 4.088 loading class javafx/scene/input/MouseEvent done
Event: 4.088 loading class javafx/scene/input/MouseEvent
Event: 4.088 loading class javafx/scene/input/MouseEvent done
Event: 4.088 loading class javafx/scene/control/skin/MenuButtonSkinBase
Event: 4.088 loading class javafx/scene/control/skin/MenuButtonSkinBase done
Event: 4.088 loading class javafx/scene/input/MouseEvent
Event: 4.088 loading class javafx/scene/input/MouseEvent done


Dynamic libraries:
0x0000000100088000 	/Library/Java/JavaVirtualMachines/jdk-17.0.1.jdk/Contents/Home/lib/libjli.dylib
0x00000001cd1be000 	/usr/lib/libz.1.dylib
0x00000001cd26e000 	/usr/lib/libSystem.B.dylib
0x00000001cd268000 	/usr/lib/system/libcache.dylib
0x00000001cd226000 	/usr/lib/system/libcommonCrypto.dylib
0x00000001cd24f000 	/usr/lib/system/libcompiler_rt.dylib
0x00000001cd246000 	/usr/lib/system/libcopyfile.dylib
0x00000001c2572000 	/usr/lib/system/libcorecrypto.dylib
0x00000001c2617000 	/usr/lib/system/libdispatch.dylib
0x00000001c27df000 	/usr/lib/system/libdyld.dylib
0x00000001cd25e000 	/usr/lib/system/libkeymgr.dylib
0x00000001cd208000 	/usr/lib/system/libmacho.dylib
0x00000001cc914000 	/usr/lib/system/libquarantine.dylib
0x00000001cd25b000 	/usr/lib/system/libremovefile.dylib
0x00000001c7961000 	/usr/lib/system/libsystem_asl.dylib
0x00000001c251c000 	/usr/lib/system/libsystem_blocks.dylib
0x00000001c269d000 	/usr/lib/system/libsystem_c.dylib
0x00000001cd253000 	/usr/lib/system/libsystem_collections.dylib
0x00000001cbd71000 	/usr/lib/system/libsystem_configuration.dylib
0x00000001caff7000 	/usr/lib/system/libsystem_containermanager.dylib
0x00000001ccf72000 	/usr/lib/system/libsystem_coreservices.dylib
0x00000001c4f04000 	/usr/lib/system/libsystem_darwin.dylib
0x00000001cd25f000 	/usr/lib/system/libsystem_dnssd.dylib
0x00000001c269a000 	/usr/lib/system/libsystem_featureflags.dylib
0x00000001c27f4000 	/usr/lib/system/libsystem_info.dylib
0x00000001cd1d0000 	/usr/lib/system/libsystem_m.dylib
0x00000001c25ec000 	/usr/lib/system/libsystem_malloc.dylib
0x00000001c78f2000 	/usr/lib/system/libsystem_networkextension.dylib
0x00000001c5357000 	/usr/lib/system/libsystem_notify.dylib
0x00000001d343b000 	/usr/lib/system/libsystem_product_info_filter.dylib
0x00000001cbd76000 	/usr/lib/system/libsystem_sandbox.dylib
0x00000001cd258000 	/usr/lib/system/libsystem_secinit.dylib
0x00000001c279c000 	/usr/lib/system/libsystem_kernel.dylib
0x00000001c27ec000 	/usr/lib/system/libsystem_platform.dylib
0x00000001c27d2000 	/usr/lib/system/libsystem_pthread.dylib
0x00000001c9097000 	/usr/lib/system/libsystem_symptoms.dylib
0x00000001c2558000 	/usr/lib/system/libsystem_trace.dylib
0x00000001cd233000 	/usr/lib/system/libunwind.dylib
0x00000001c251e000 	/usr/lib/system/libxpc.dylib
0x00000001c2782000 	/usr/lib/libc++abi.dylib
0x00000001c265e000 	/usr/lib/libobjc.A.dylib
0x00000001cd23e000 	/usr/lib/liboah.dylib
0x00000001c271e000 	/usr/lib/libc++.1.dylib
0x00000001d8e18000 	/System/Library/Frameworks/Cocoa.framework/Versions/A/Cocoa
0x00000001c53b6000 	/System/Library/Frameworks/AppKit.framework/Versions/C/AppKit
0x00000001c88d8000 	/System/Library/Frameworks/CoreData.framework/Versions/A/CoreData
0x00000001c3717000 	/System/Library/Frameworks/Foundation.framework/Versions/C/Foundation
0x00000001c6268000 	/System/Library/PrivateFrameworks/UIFoundation.framework/Versions/A/UIFoundation
0x00000001d3135000 	/System/Library/PrivateFrameworks/RemoteViewServices.framework/Versions/A/RemoteViewServices
0x00000001cb730000 	/System/Library/PrivateFrameworks/XCTTargetBootstrap.framework/Versions/A/XCTTargetBootstrap
0x00000001cef70000 	/System/Library/PrivateFrameworks/InternationalSupport.framework/Versions/A/InternationalSupport
0x00000001ceff9000 	/System/Library/PrivateFrameworks/UserActivity.framework/Versions/A/UserActivity
0x00000001ce49b000 	/usr/lib/libspindump.dylib
0x00000001c64d8000 	/System/Library/Frameworks/UniformTypeIdentifiers.framework/Versions/A/UniformTypeIdentifiers
0x00000001c9cbe000 	/usr/lib/libapp_launch_measurement.dylib
0x00000001c923b000 	/System/Library/PrivateFrameworks/CoreAnalytics.framework/Versions/A/CoreAnalytics
0x00000001c9cc1000 	/System/Library/PrivateFrameworks/CoreAutoLayout.framework/Versions/A/CoreAutoLayout
0x00000001cb034000 	/System/Library/Frameworks/Metal.framework/Versions/A/Metal
0x00000001cbd81000 	/usr/lib/liblangid.dylib
0x00000001cb734000 	/System/Library/PrivateFrameworks/CoreSVG.framework/Versions/A/CoreSVG
0x00000001c7995000 	/System/Library/PrivateFrameworks/SkyLight.framework/Versions/A/SkyLight
0x00000001c7d5d000 	/System/Library/Frameworks/CoreGraphics.framework/Versions/A/CoreGraphics
0x00000001d37ae000 	/System/Library/Frameworks/Accelerate.framework/Versions/A/Accelerate
0x00000001cdf10000 	/System/Library/PrivateFrameworks/IconServices.framework/Versions/A/IconServices
0x00000001cb016000 	/System/Library/Frameworks/IOSurface.framework/Versions/A/IOSurface
0x00000001c926b000 	/usr/lib/libDiagnosticMessagesClient.dylib
0x00000001d6be6000 	/System/Library/Frameworks/ApplicationServices.framework/Versions/A/ApplicationServices
0x00000001cb718000 	/System/Library/PrivateFrameworks/DFRFoundation.framework/Versions/A/DFRFoundation
0x00000001c4c59000 	/usr/lib/libicucore.A.dylib
0x00000001cfd6d000 	/System/Library/Frameworks/AudioToolbox.framework/Versions/A/AudioToolbox
0x00000001cef7c000 	/System/Library/PrivateFrameworks/DataDetectorsCore.framework/Versions/A/DataDetectorsCore
0x00000001e4f98000 	/System/Library/PrivateFrameworks/TextInput.framework/Versions/A/TextInput
0x00000001c790c000 	/usr/lib/libMobileGestalt.dylib
0x00000001cb3e8000 	/System/Library/Frameworks/Carbon.framework/Versions/A/Frameworks/HIToolbox.framework/Versions/A/HIToolbox
0x00000001c96c8000 	/System/Library/Frameworks/QuartzCore.framework/Versions/A/QuartzCore
0x00000001c48d6000 	/System/Library/Frameworks/Security.framework/Versions/A/Security
0x00000001d3175000 	/System/Library/Frameworks/Carbon.framework/Versions/A/Frameworks/SpeechRecognition.framework/Versions/A/SpeechRecognition
0x00000001c9a15000 	/System/Library/PrivateFrameworks/CoreUI.framework/Versions/A/CoreUI
0x00000001c41a9000 	/System/Library/Frameworks/CoreAudio.framework/Versions/A/CoreAudio
0x00000001c935b000 	/System/Library/Frameworks/DiskArbitration.framework/Versions/A/DiskArbitration
0x00000001ce883000 	/System/Library/PrivateFrameworks/MultitouchSupport.framework/Versions/A/MultitouchSupport
0x00000001c790a000 	/usr/lib/libenergytrace.dylib
0x00000001c5282000 	/System/Library/Frameworks/IOKit.framework/Versions/A/IOKit
0x00000001d355c000 	/System/Library/Frameworks/CoreServices.framework/Versions/A/CoreServices
0x00000001c9c4e000 	/System/Library/PrivateFrameworks/PerformanceAnalysis.framework/Versions/A/PerformanceAnalysis
0x00000002237bd000 	/System/Library/Frameworks/OpenGL.framework/Versions/A/OpenGL
0x00000001cc834000 	/System/Library/PrivateFrameworks/MobileKeyBag.framework/Versions/A/MobileKeyBag
0x00000001c836d000 	/System/Library/Frameworks/ColorSync.framework/Versions/A/ColorSync
0x00000001c2820000 	/System/Library/Frameworks/CoreFoundation.framework/Versions/A/CoreFoundation
0x00000001cb9b5000 	/System/Library/Frameworks/CoreImage.framework/Versions/A/CoreImage
0x00000001c3fcc000 	/System/Library/Frameworks/CoreText.framework/Versions/A/CoreText
0x00000001cb764000 	/System/Library/Frameworks/ImageIO.framework/Versions/A/ImageIO
0x00000001cd274000 	/System/Library/PrivateFrameworks/SoftLinking.framework/Versions/A/SoftLinking
0x00000001c9d0b000 	/usr/lib/libxml2.2.dylib
0x00000001cd50c000 	/usr/lib/libcompression.dylib
0x00000001ceec9000 	/System/Library/PrivateFrameworks/TextureIO.framework/Versions/A/TextureIO
0x00000001cdc2a000 	/usr/lib/libate.dylib
0x00000001cdaf2000 	/usr/lib/liblzma.5.dylib
0x00000001c3408000 	/System/Library/Frameworks/SystemConfiguration.framework/Versions/A/SystemConfiguration
0x00000001cd270000 	/usr/lib/libfakelink.dylib
0x00000001c743a000 	/System/Library/Frameworks/CFNetwork.framework/Versions/A/CFNetwork
0x00000001cd3b7000 	/usr/lib/libarchive.2.dylib
0x00000001cbd7d000 	/System/Library/PrivateFrameworks/AppleSystemInfo.framework/Versions/A/AppleSystemInfo
0x00000001cc93e000 	/usr/lib/libbsm.0.dylib
0x00000001c6977000 	/usr/lib/libnetwork.dylib
0x00000001cd20e000 	/usr/lib/system/libkxld.dylib
0x00000001cc556000 	/System/Library/PrivateFrameworks/IOMobileFramebuffer.framework/Versions/A/IOMobileFramebuffer
0x000000023f0e8000 	/usr/lib/libCoreEntitlements.dylib
0x00000001ccf54000 	/System/Library/PrivateFrameworks/AppleFSCompression.framework/Versions/A/AppleFSCompression
0x00000001cc927000 	/usr/lib/libcoretls.dylib
0x00000001cdb0b000 	/usr/lib/libcoretls_cfhelpers.dylib
0x00000001cd507000 	/usr/lib/libpam.2.dylib
0x00000001c8cbf000 	/usr/lib/libsqlite3.dylib
0x00000001cdb73000 	/usr/lib/libxar.1.dylib
0x00000001ccf65000 	/usr/lib/libbz2.1.0.dylib
0x00000001cd275000 	/usr/lib/libpcap.A.dylib
0x00000001c908e000 	/usr/lib/libdns_services.dylib
0x00000001cd4da000 	/usr/lib/libapple_nghttp2.dylib
0x00000001cd2b2000 	/usr/lib/libiconv.2.dylib
0x00000001cd207000 	/usr/lib/libcharset.1.dylib
0x00000001c9c8a000 	/System/Library/Frameworks/CoreServices.framework/Versions/A/Frameworks/FSEvents.framework/Versions/A/FSEvents
0x00000001c4f0f000 	/System/Library/Frameworks/CoreServices.framework/Versions/A/Frameworks/CarbonCore.framework/Versions/A/CarbonCore
0x00000001c92be000 	/System/Library/Frameworks/CoreServices.framework/Versions/A/Frameworks/Metadata.framework/Versions/A/Metadata
0x00000001ccf78000 	/System/Library/Frameworks/CoreServices.framework/Versions/A/Frameworks/OSServices.framework/Versions/A/OSServices
0x00000001cd43c000 	/System/Library/Frameworks/CoreServices.framework/Versions/A/Frameworks/SearchKit.framework/Versions/A/SearchKit
0x00000001c901c000 	/System/Library/Frameworks/CoreServices.framework/Versions/A/Frameworks/AE.framework/Versions/A/AE
0x00000001c2d64000 	/System/Library/Frameworks/CoreServices.framework/Versions/A/Frameworks/LaunchServices.framework/Versions/A/LaunchServices
0x00000001cda9b000 	/System/Library/Frameworks/CoreServices.framework/Versions/A/Frameworks/DictionaryServices.framework/Versions/A/DictionaryServices
0x00000001c9c97000 	/System/Library/Frameworks/CoreServices.framework/Versions/A/Frameworks/SharedFileList.framework/Versions/A/SharedFileList
0x00000001cc917000 	/usr/lib/libCheckFix.dylib
0x00000001c7979000 	/System/Library/PrivateFrameworks/TCC.framework/Versions/A/TCC
0x00000001cbd83000 	/System/Library/PrivateFrameworks/CoreNLP.framework/Versions/A/CoreNLP
0x00000001c926e000 	/System/Library/PrivateFrameworks/MetadataUtilities.framework/Versions/A/MetadataUtilities
0x00000001c34c1000 	/usr/lib/libmecabra.dylib
0x00000001cc94f000 	/usr/lib/libmecab.dylib
0x00000001c348d000 	/usr/lib/libCRFSuite.dylib
0x00000001cc9ad000 	/usr/lib/libgermantok.dylib
0x00000001cd4b3000 	/usr/lib/libThaiTokenizer.dylib
0x00000001c9363000 	/System/Library/Frameworks/Accelerate.framework/Versions/A/Frameworks/vImage.framework/Versions/A/vImage
0x00000001d3533000 	/System/Library/Frameworks/Accelerate.framework/Versions/A/Frameworks/vecLib.framework/Versions/A/vecLib
0x00000001cdbb7000 	/System/Library/Frameworks/Accelerate.framework/Versions/A/Frameworks/vecLib.framework/Versions/A/libvMisc.dylib
0x00000001cc460000 	/System/Library/Frameworks/Accelerate.framework/Versions/A/Frameworks/vecLib.framework/Versions/A/libvDSP.dylib
0x00000001c30e7000 	/System/Library/Frameworks/Accelerate.framework/Versions/A/Frameworks/vecLib.framework/Versions/A/libBLAS.dylib
0x00000001cd5db000 	/System/Library/Frameworks/Accelerate.framework/Versions/A/Frameworks/vecLib.framework/Versions/A/libLAPACK.dylib
0x00000001cc9b0000 	/System/Library/Frameworks/Accelerate.framework/Versions/A/Frameworks/vecLib.framework/Versions/A/libLinearAlgebra.dylib
0x00000001cd4f2000 	/System/Library/Frameworks/Accelerate.framework/Versions/A/Frameworks/vecLib.framework/Versions/A/libSparseBLAS.dylib
0x00000001cd5d6000 	/System/Library/Frameworks/Accelerate.framework/Versions/A/Frameworks/vecLib.framework/Versions/A/libQuadrature.dylib
0x00000001cbe7a000 	/System/Library/Frameworks/Accelerate.framework/Versions/A/Frameworks/vecLib.framework/Versions/A/libBNNS.dylib
0x00000001c33a5000 	/System/Library/Frameworks/Accelerate.framework/Versions/A/Frameworks/vecLib.framework/Versions/A/libSparse.dylib
0x00000001cbe72000 	/System/Library/PrivateFrameworks/LinguisticData.framework/Versions/A/LinguisticData
0x00000001c335b000 	/System/Library/PrivateFrameworks/Lexicon.framework/Versions/A/Lexicon
0x00000001cdbaf000 	/usr/lib/libChineseTokenizer.dylib
0x00000001c3b05000 	/System/Library/PrivateFrameworks/LanguageModeling.framework/Versions/A/LanguageModeling
0x00000001cd4b5000 	/System/Library/PrivateFrameworks/AppleSauce.framework/Versions/A/AppleSauce
0x00000001cc543000 	/System/Library/PrivateFrameworks/CoreEmoji.framework/Versions/A/CoreEmoji
0x00000001cd3a5000 	/usr/lib/libcmph.dylib
0x00000001c9c6a000 	/System/Library/Frameworks/OpenDirectory.framework/Versions/A/Frameworks/CFOpenDirectory.framework/Versions/A/CFOpenDirectory
0x00000001c9c5a000 	/System/Library/Frameworks/OpenDirectory.framework/Versions/A/OpenDirectory
0x00000001cdb0d000 	/System/Library/PrivateFrameworks/APFS.framework/Versions/A/APFS
0x00000001cc86f000 	/System/Library/Frameworks/SecurityFoundation.framework/Versions/A/SecurityFoundation
0x00000001cdb81000 	/usr/lib/libutil.dylib
0x00000001c5244000 	/System/Library/PrivateFrameworks/CoreServicesStore.framework/Versions/A/CoreServicesStore
0x00000001cdb85000 	/usr/lib/libxslt.1.dylib
0x00000001cc903000 	/System/Library/PrivateFrameworks/BackgroundTaskManagement.framework/Versions/A/BackgroundTaskManagement
0x00000001cedea000 	/System/Library/Frameworks/ImageIO.framework/Versions/A/Resources/libRadiance.dylib
0x00000001cedf3000 	/System/Library/Frameworks/ImageIO.framework/Versions/A/Resources/libJPEG.dylib
0x00000001ced45000 	/System/Library/Frameworks/ImageIO.framework/Versions/A/Resources/libPng.dylib
0x00000001ced67000 	/System/Library/Frameworks/ImageIO.framework/Versions/A/Resources/libTIFF.dylib
0x00000001cee4e000 	/System/Library/Frameworks/ImageIO.framework/Versions/A/Resources/libGIF.dylib
0x00000001ce793000 	/System/Library/Frameworks/ImageIO.framework/Versions/A/Resources/libJP2.dylib
0x00000001cded6000 	/usr/lib/libexpat.1.dylib
0x00000001ce74e000 	/System/Library/PrivateFrameworks/AppleJPEG.framework/Versions/A/AppleJPEG
0x00000001cb2a7000 	/System/Library/PrivateFrameworks/FontServices.framework/libFontParser.dylib
0x00000001c8fc1000 	/System/Library/PrivateFrameworks/RunningBoardServices.framework/Versions/A/RunningBoardServices
0x00000001d9483000 	/System/Library/PrivateFrameworks/IOSurfaceAccelerator.framework/Versions/A/IOSurfaceAccelerator
0x00000001ce87f000 	/System/Library/PrivateFrameworks/WatchdogClient.framework/Versions/A/WatchdogClient
0x00000001c3c09000 	/System/Library/Frameworks/CoreDisplay.framework/Versions/A/CoreDisplay
0x00000001cb196000 	/System/Library/Frameworks/CoreMedia.framework/Versions/A/CoreMedia
0x00000001cb02a000 	/System/Library/PrivateFrameworks/IOAccelerator.framework/Versions/A/IOAccelerator
0x00000001c9df8000 	/System/Library/Frameworks/CoreVideo.framework/Versions/A/CoreVideo
0x00000001cd505000 	/System/Library/Frameworks/MetalPerformanceShaders.framework/Versions/A/MetalPerformanceShaders
0x00000001ce8bc000 	/System/Library/Frameworks/VideoToolbox.framework/Versions/A/VideoToolbox
0x00000001c8f05000 	/System/Library/PrivateFrameworks/BaseBoard.framework/Versions/A/BaseBoard
0x00000001c8ca4000 	/System/Library/PrivateFrameworks/ProtocolBuffer.framework/Versions/A/ProtocolBuffer
0x00000001cede5000 	/System/Library/PrivateFrameworks/GPUWrangler.framework/Versions/A/GPUWrangler
0x00000001cedc4000 	/System/Library/PrivateFrameworks/IOPresentment.framework/Versions/A/IOPresentment
0x00000001ceded000 	/System/Library/PrivateFrameworks/DSExternalDisplay.framework/Versions/A/DSExternalDisplay
0x00000002237b0000 	/System/Library/Frameworks/OpenGL.framework/Versions/A/Libraries/libCoreFSCache.dylib
0x000000022ceca000 	/System/Library/PrivateFrameworks/GPUCompiler.framework/Versions/31001/Libraries/libGPUCompilerUtils.dylib
0x00000001cee53000 	/System/Library/PrivateFrameworks/CMCaptureCore.framework/Versions/A/CMCaptureCore
0x00000001ce489000 	/System/Library/PrivateFrameworks/AppServerSupport.framework/Versions/A/AppServerSupport
0x00000001d0628000 	/System/Library/PrivateFrameworks/perfdata.framework/Versions/A/perfdata
0x00000001c3d29000 	/System/Library/PrivateFrameworks/AudioToolboxCore.framework/Versions/A/AudioToolboxCore
0x00000001cb16e000 	/System/Library/PrivateFrameworks/caulk.framework/Versions/A/caulk
0x00000001cff1d000 	/usr/lib/libAudioStatistics.dylib
0x00000001e1736000 	/System/Library/PrivateFrameworks/SystemPolicy.framework/Versions/A/SystemPolicy
0x00000001d017d000 	/usr/lib/libSMC.dylib
0x00000001d8cfa000 	/System/Library/Frameworks/CoreMIDI.framework/Versions/A/CoreMIDI
0x00000001ced13000 	/usr/lib/libAudioToolboxUtility.dylib
0x00000001ddbdc000 	/System/Library/PrivateFrameworks/OSAServicesClient.framework/Versions/A/OSAServicesClient
0x00000001d0635000 	/usr/lib/libperfcheck.dylib
0x00000001e2239000 	/usr/lib/libmis.dylib
0x0000000223811000 	/System/Library/Frameworks/OpenGL.framework/Versions/A/Libraries/libGLU.dylib
0x00000002237d0000 	/System/Library/Frameworks/OpenGL.framework/Versions/A/Libraries/libGFXShared.dylib
0x00000002239ba000 	/System/Library/Frameworks/OpenGL.framework/Versions/A/Libraries/libGL.dylib
0x00000002237d9000 	/System/Library/Frameworks/OpenGL.framework/Versions/A/Libraries/libGLImage.dylib
0x00000002237cd000 	/System/Library/Frameworks/OpenGL.framework/Versions/A/Libraries/libCVMSPluginSupport.dylib
0x00000002237b7000 	/System/Library/Frameworks/OpenGL.framework/Versions/A/Libraries/libCoreVMClient.dylib
0x00000001cbcff000 	/System/Library/Frameworks/MetalPerformanceShaders.framework/Versions/A/Frameworks/MPSCore.framework/Versions/A/MPSCore
0x00000001ccec7000 	/System/Library/Frameworks/MetalPerformanceShaders.framework/Versions/A/Frameworks/MPSImage.framework/Versions/A/MPSImage
0x00000001cc9c5000 	/System/Library/Frameworks/MetalPerformanceShaders.framework/Versions/A/Frameworks/MPSNeuralNetwork.framework/Versions/A/MPSNeuralNetwork
0x00000001cce02000 	/System/Library/Frameworks/MetalPerformanceShaders.framework/Versions/A/Frameworks/MPSMatrix.framework/Versions/A/MPSMatrix
0x00000001ccbdd000 	/System/Library/Frameworks/MetalPerformanceShaders.framework/Versions/A/Frameworks/MPSRayIntersector.framework/Versions/A/MPSRayIntersector
0x00000001cce33000 	/System/Library/Frameworks/MetalPerformanceShaders.framework/Versions/A/Frameworks/MPSNDArray.framework/Versions/A/MPSNDArray
0x00000002254cc000 	/System/Library/Frameworks/MetalPerformanceShaders.framework/Versions/A/Frameworks/MPSFunctions.framework/Versions/A/MPSFunctions
0x00000001c2fc5000 	/System/Library/PrivateFrameworks/MetalTools.framework/Versions/A/MetalTools
0x00000001cbd7b000 	/System/Library/PrivateFrameworks/AggregateDictionary.framework/Versions/A/AggregateDictionary
0x00000001cdcbc000 	/usr/lib/libIOReport.dylib
0x00000001d7ce8000 	/System/Library/PrivateFrameworks/ASEProcessing.framework/Versions/A/ASEProcessing
0x00000001ce02e000 	/System/Library/PrivateFrameworks/FaceCore.framework/Versions/A/FaceCore
0x00000001ce020000 	/System/Library/PrivateFrameworks/GraphVisualizer.framework/Versions/A/GraphVisualizer
0x000000022cde1000 	/System/Library/PrivateFrameworks/FontServices.framework/Versions/A/FontServices
0x00000001ce443000 	/System/Library/PrivateFrameworks/OTSVG.framework/Versions/A/OTSVG
0x00000001c99c6000 	/System/Library/Frameworks/ApplicationServices.framework/Versions/A/Frameworks/ATS.framework/Versions/A/Resources/libFontRegistry.dylib
0x00000001ce492000 	/System/Library/PrivateFrameworks/FontServices.framework/libhvf.dylib
0x000000022cde2000 	/System/Library/PrivateFrameworks/FontServices.framework/libXTFontStaticRegistryData.dylib
0x0000000223b5c000 	/System/Library/Frameworks/OpenCL.framework/Versions/A/OpenCL
0x00000001cde8a000 	/System/Library/PrivateFrameworks/AppleVA.framework/Versions/A/AppleVA
0x00000001cff45000 	/System/Library/Frameworks/ApplicationServices.framework/Versions/A/Frameworks/ATS.framework/Versions/A/ATS
0x00000001c846a000 	/System/Library/Frameworks/ApplicationServices.framework/Versions/A/Frameworks/HIServices.framework/Versions/A/HIServices
0x00000001cee5d000 	/System/Library/Frameworks/ApplicationServices.framework/Versions/A/Frameworks/PrintCore.framework/Versions/A/PrintCore
0x00000001d02d0000 	/System/Library/Frameworks/ApplicationServices.framework/Versions/A/Frameworks/QD.framework/Versions/A/QD
0x00000001d02c8000 	/System/Library/Frameworks/ApplicationServices.framework/Versions/A/Frameworks/ColorSyncLegacy.framework/Versions/A/ColorSyncLegacy
0x00000001cff31000 	/System/Library/Frameworks/ApplicationServices.framework/Versions/A/Frameworks/SpeechSynthesis.framework/Versions/A/SpeechSynthesis
0x00000001cee1e000 	/System/Library/Frameworks/ApplicationServices.framework/Versions/A/Frameworks/ATSUI.framework/Versions/A/ATSUI
0x00000001d025d000 	/usr/lib/libcups.2.dylib
0x00000001d0643000 	/System/Library/Frameworks/Kerberos.framework/Versions/A/Kerberos
0x00000001d0654000 	/System/Library/Frameworks/GSS.framework/Versions/A/GSS
0x00000001cffb4000 	/usr/lib/libresolv.9.dylib
0x00000001ce4a0000 	/System/Library/PrivateFrameworks/Heimdal.framework/Versions/A/Heimdal
0x00000001d6f5c000 	/System/Library/Frameworks/Kerberos.framework/Versions/A/Libraries/libHeimdalProxy.dylib
0x00000001c90a0000 	/System/Library/Frameworks/Network.framework/Versions/A/Network
0x00000001cdef1000 	/usr/lib/libheimdal-asn1.dylib
0x00000001d069a000 	/System/Library/PrivateFrameworks/CommonAuth.framework/Versions/A/CommonAuth
0x00000001cfeab000 	/System/Library/PrivateFrameworks/AudioSession.framework/Versions/A/AudioSession
0x00000001cdf82000 	/System/Library/PrivateFrameworks/MediaExperience.framework/Versions/A/MediaExperience
0x00000001cfd33000 	/System/Library/PrivateFrameworks/AudioSession.framework/libSessionUtility.dylib
0x00000001d02dc000 	/System/Library/PrivateFrameworks/AudioResourceArbitration.framework/Versions/A/AudioResourceArbitration
0x00000001cdefa000 	/System/Library/PrivateFrameworks/IconFoundation.framework/Versions/A/IconFoundation
0x00000001d3161000 	/System/Library/PrivateFrameworks/SpeechRecognitionCore.framework/Versions/A/SpeechRecognitionCore
0x00000002068da000 	/System/Library/CoreServices/Encodings/libTraditionalChineseConverter.dylib
0x00000001011fc000 	/Library/Java/JavaVirtualMachines/jdk-17.0.1.jdk/Contents/Home/lib/server/libjvm.dylib
0x00000001000ec000 	/Library/Java/JavaVirtualMachines/jdk-17.0.1.jdk/Contents/Home/lib/libjimage.dylib
0x0000000100310000 	/Library/Java/JavaVirtualMachines/jdk-17.0.1.jdk/Contents/Home/lib/libjdwp.dylib
0x0000000100358000 	/Library/Java/JavaVirtualMachines/jdk-17.0.1.jdk/Contents/Home/lib/libjava.dylib
0x0000000100118000 	/Library/Java/JavaVirtualMachines/jdk-17.0.1.jdk/Contents/Home/lib/libinstrument.dylib
0x00000001011a4000 	/Library/Java/JavaVirtualMachines/jdk-17.0.1.jdk/Contents/Home/lib/libnio.dylib
0x00000001011c4000 	/Library/Java/JavaVirtualMachines/jdk-17.0.1.jdk/Contents/Home/lib/libnet.dylib
0x000000010014c000 	/Library/Java/JavaVirtualMachines/jdk-17.0.1.jdk/Contents/Home/lib/libzip.dylib
0x00000001011e8000 	/Library/Java/JavaVirtualMachines/jdk-17.0.1.jdk/Contents/Home/lib/libdt_socket.dylib
0x000000011e8e4000 	/Library/Java/JavaVirtualMachines/jdk-17.0.1.jdk/Contents/Home/lib/libverify.dylib
0x000000011e900000 	/Users/sean/.openjfx/cache/17.0.0.1/libprism_es2.dylib
0x00000001c5207000 	/System/Library/PrivateFrameworks/CoreServicesInternal.framework/Versions/A/CoreServicesInternal
0x00000002239c4000 	/System/Library/Frameworks/OpenGL.framework/Versions/A/Resources/GLEngine.bundle/GLEngine
0x000000022384b000 	/System/Library/Frameworks/OpenGL.framework/Versions/A/Libraries/libGLProgrammability.dylib
0x000000011eae8000 	/System/Library/Extensions/AppleMetalOpenGLRenderer.bundle/Contents/MacOS/AppleMetalOpenGLRenderer
0x0000000223b33000 	/System/Library/Frameworks/OpenGL.framework/Versions/A/Resources/GLRendererFloat.bundle/GLRendererFloat
0x0000000223bd4000 	/System/Library/Extensions/AGXMetal13_3.bundle/Contents/MacOS/AGXMetal13_3
0x00000001e2255000 	/System/Library/PrivateFrameworks/GPURawCounter.framework/Versions/A/GPURawCounter
0x00000001dcd2a000 	/System/Library/PrivateFrameworks/IOGPU.framework/Versions/A/IOGPU
0x000000011eb80000 	/Users/sean/.openjfx/cache/17.0.0.1/libglass.dylib
0x00000001d4601000 	/System/Library/Frameworks/FileProvider.framework/Versions/A/FileProvider
0x00000001c8e6d000 	/System/Library/Frameworks/Accounts.framework/Versions/A/Accounts
0x00000001d4781000 	/System/Library/PrivateFrameworks/GenerationalStorage.framework/Versions/A/GenerationalStorage
0x00000001d5331000 	/System/Library/PrivateFrameworks/CoreSymbolication.framework/Versions/A/CoreSymbolication
0x00000001d43a1000 	/System/Library/PrivateFrameworks/SymptomDiagnosticReporter.framework/Versions/A/SymptomDiagnosticReporter
0x00000001c64ec000 	/System/Library/PrivateFrameworks/DesktopServicesPriv.framework/Versions/A/DesktopServicesPriv
0x00000001c5366000 	/usr/lib/libsandbox.1.dylib
0x00000001c9e84000 	/System/Library/PrivateFrameworks/UserManagement.framework/Versions/A/UserManagement
0x00000001d52f2000 	/System/Library/PrivateFrameworks/DebugSymbols.framework/Versions/A/DebugSymbols
0x00000001d02bb000 	/System/Library/PrivateFrameworks/NetAuth.framework/Versions/A/NetAuth
0x00000001d11b9000 	/System/Library/PrivateFrameworks/Sharing.framework/Versions/A/Sharing
0x00000001c9e54000 	/System/Library/PrivateFrameworks/login.framework/Versions/A/Frameworks/loginsupport.framework/Versions/A/loginsupport
0x00000001d64a2000 	/System/Library/PrivateFrameworks/Apple80211.framework/Versions/A/Apple80211
0x00000001ccfab000 	/System/Library/PrivateFrameworks/AuthKit.framework/Versions/A/AuthKit
0x00000001cc642000 	/System/Library/PrivateFrameworks/CoreUtils.framework/Versions/A/CoreUtils
0x00000001cc562000 	/System/Library/Frameworks/CoreWLAN.framework/Versions/A/CoreWLAN
0x00000001d1322000 	/System/Library/Frameworks/IOBluetooth.framework/Versions/A/IOBluetooth
0x00000001d6502000 	/System/Library/PrivateFrameworks/CoreWiFi.framework/Versions/A/CoreWiFi
0x00000001d4ed9000 	/System/Library/PrivateFrameworks/FrontBoardServices.framework/Versions/A/FrontBoardServices
0x00000001d4f71000 	/System/Library/PrivateFrameworks/BoardServices.framework/Versions/A/BoardServices
0x00000001cc85d000 	/System/Library/PrivateFrameworks/AssertionServices.framework/Versions/A/AssertionServices
0x00000001d6670000 	/System/Library/PrivateFrameworks/BackBoardServices.framework/Versions/A/BackBoardServices
0x00000001d072d000 	/System/Library/PrivateFrameworks/CorePhoneNumbers.framework/Versions/A/CorePhoneNumbers
0x00000001d44d1000 	/System/Library/PrivateFrameworks/DiskManagement.framework/Versions/A/DiskManagement
0x00000001d43d4000 	/System/Library/PrivateFrameworks/AppleIDAuthSupport.framework/Versions/A/AppleIDAuthSupport
0x0000000227765000 	/System/Library/PrivateFrameworks/AAAFoundation.framework/Versions/A/AAAFoundation
0x00000001d070c000 	/System/Library/PrivateFrameworks/KeychainCircle.framework/Versions/A/KeychainCircle
0x00000001d449d000 	/System/Library/PrivateFrameworks/MediaKit.framework/Versions/A/MediaKit
0x00000001d43e1000 	/System/Library/Frameworks/DiscRecording.framework/Versions/A/DiscRecording
0x00000001cde06000 	/usr/lib/libCoreStorage.dylib
0x00000001d696a000 	/usr/lib/libcsfde.dylib
0x00000001d13f7000 	/System/Library/PrivateFrameworks/ProtectedCloudStorage.framework/Versions/A/ProtectedCloudStorage
0x00000001d6962000 	/System/Library/PrivateFrameworks/EFILogin.framework/Versions/A/EFILogin
0x00000001d47a8000 	/System/Library/PrivateFrameworks/OctagonTrust.framework/Versions/A/OctagonTrust
0x000000022c04c000 	/System/Library/PrivateFrameworks/CoreUtilsExtras.framework/Versions/A/CoreUtilsExtras
0x00000001d4313000 	/System/Library/Frameworks/CoreBluetooth.framework/Versions/A/CoreBluetooth
0x00000001d6fe1000 	/System/Library/Frameworks/AudioUnit.framework/Versions/A/AudioUnit
0x00000001cddfe000 	/usr/lib/libMatch.1.dylib
0x00000001e64bc000 	/System/Library/Frameworks/Accelerate.framework/Versions/A/Frameworks/vImage.framework/Versions/A/Libraries/libCGInterfaces.dylib
0x00000001231f4000 	/usr/lib/libobjc-trampolines.dylib
0x00000001c9b52000 	/System/Library/PrivateFrameworks/ViewBridge.framework/Versions/A/ViewBridge
0x00000001ce54e000 	/System/Library/PrivateFrameworks/login.framework/Versions/A/login
0x00000001cdcc5000 	/System/Library/PrivateFrameworks/CrashReporterSupport.framework/Versions/A/CrashReporterSupport
0x00000001eddcb000 	/System/Library/PrivateFrameworks/OSAnalytics.framework/Versions/A/OSAnalytics
0x00000001f8f1a000 	/System/Library/PrivateFrameworks/Symbolication.framework/Versions/A/Symbolication
0x00000001e2216000 	/System/Library/PrivateFrameworks/MallocStackLogging.framework/Versions/A/MallocStackLogging
0x00000001257d8000 	/Users/sean/.openjfx/cache/17.0.0.1/libjavafx_font.dylib
0x000000023f262000 	/usr/lib/libRosetta.dylib
0x00000001d3837000 	/System/Library/PrivateFrameworks/SystemAdministration.framework/Versions/A/SystemAdministration
0x00000001cf067000 	/System/Library/Frameworks/MediaToolbox.framework/Versions/A/MediaToolbox
0x00000001d3129000 	/System/Library/Frameworks/DirectoryService.framework/Versions/A/DirectoryService
0x00000001d67f8000 	/System/Library/PrivateFrameworks/DiskImages.framework/Versions/A/DiskImages
0x00000001cc90e000 	/System/Library/Frameworks/ServiceManagement.framework/Versions/A/ServiceManagement
0x00000001d69dd000 	/System/Library/PrivateFrameworks/LoginUIKit.framework/Versions/A/Frameworks/LoginUICore.framework/Versions/A/LoginUICore
0x00000001ce707000 	/usr/lib/libodfde.dylib
0x00000001d45cd000 	/System/Library/PrivateFrameworks/CoreAVCHD.framework/Versions/A/CoreAVCHD
0x00000001d37f9000 	/System/Library/Frameworks/MediaAccessibility.framework/Versions/A/MediaAccessibility
0x00000001d45c9000 	/System/Library/PrivateFrameworks/Mangrove.framework/Versions/A/Mangrove
0x00000001d3806000 	/System/Library/PrivateFrameworks/AlgosScoreFramework.framework/Versions/A/AlgosScoreFramework
0x0000000229354000 	/System/Library/PrivateFrameworks/CMPhoto.framework/Versions/A/CMPhoto
0x00000001d45bd000 	/System/Library/PrivateFrameworks/CoreAUC.framework/Versions/A/CoreAUC
0x00000001d6976000 	/usr/lib/libcurl.4.dylib
0x00000001d66ce000 	/usr/lib/libcrypto.44.dylib
0x00000001d67cb000 	/usr/lib/libssl.46.dylib
0x00000001d6690000 	/System/Library/Frameworks/LDAP.framework/Versions/A/LDAP
0x00000001d66cc000 	/System/Library/PrivateFrameworks/TrustEvaluationAgent.framework/Versions/A/TrustEvaluationAgent
0x00000001cffcd000 	/usr/lib/libsasl2.2.dylib
0x00000001d382c000 	/System/Library/PrivateFrameworks/CoreDaemon.framework/Versions/B/CoreDaemon
0x00000001d3826000 	/System/Library/PrivateFrameworks/AppleSRP.framework/Versions/A/AppleSRP


VM Arguments:
jvm_args: -agentlib:jdwp=transport=dt_socket,address=127.0.0.1:51450,suspend=y,server=n -javaagent:/Users/sean/Library/Caches/JetBrains/IdeaIC2021.2/captureAgent/debugger-agent.jar -Dfile.encoding=UTF-8 --module-path=/Users/sean/.m2/repository/org/openjfx/javafx-graphics/17.0.0.1/javafx-graphics-17.0.0.1-mac-aarch64.jar:/Users/sean/.m2/repository/org/openjfx/javafx-base/17.0.0.1/javafx-base-17.0.0.1-mac-aarch64.jar:/Users/sean/Documents/GitHub/Meal-Ordering-System/FoodOrderingSystem/target/classes:/Users/sean/.m2/repository/org/openjfx/javafx-fxml/17.0.0.1/javafx-fxml-17.0.0.1-mac-aarch64.jar:/Users/sean/.m2/repository/org/openjfx/javafx-controls/17.0.0.1/javafx-controls-17.0.0.1-mac-aarch64.jar -Djdk.module.main=com.example.foodorderingsystem 
java_command: com.example.foodorderingsystem/com.example.foodorderingsystem.HelloApplication
java_class_path (initial): /Users/sean/.m2/repository/org/openjfx/javafx-controls/17.0.0.1/javafx-controls-17.0.0.1.jar:/Users/sean/.m2/repository/org/openjfx/javafx-graphics/17.0.0.1/javafx-graphics-17.0.0.1.jar:/Users/sean/.m2/repository/org/openjfx/javafx-base/17.0.0.1/javafx-base-17.0.0.1.jar:/Users/sean/.m2/repository/org/openjfx/javafx-fxml/17.0.0.1/javafx-fxml-17.0.0.1.jar:/Applications/IntelliJ IDEA CE.app/Contents/lib/idea_rt.jar
Launcher Type: SUN_STANDARD

[Global flags]
     intx CICompilerCount                          = 4                                         {product} {ergonomic}
     uint ConcGCThreads                            = 2                                         {product} {ergonomic}
     uint G1ConcRefinementThreads                  = 8                                         {product} {ergonomic}
   size_t G1HeapRegionSize                         = 1048576                                   {product} {ergonomic}
    uintx GCDrainStackTargetSize                   = 64                                        {product} {ergonomic}
   size_t InitialHeapSize                          = 134217728                                 {product} {ergonomic}
   size_t MarkStackSize                            = 4194304                                   {product} {ergonomic}
   size_t MaxHeapSize                              = 2147483648                                {product} {ergonomic}
   size_t MaxNewSize                               = 1287651328                                {product} {ergonomic}
   size_t MinHeapDeltaBytes                        = 1048576                                   {product} {ergonomic}
   size_t MinHeapSize                              = 8388608                                   {product} {ergonomic}
    uintx NonNMethodCodeHeapSize                   = 5839564                                {pd product} {ergonomic}
    uintx NonProfiledCodeHeapSize                  = 122909338                              {pd product} {ergonomic}
    uintx ProfiledCodeHeapSize                     = 122909338                              {pd product} {ergonomic}
    uintx ReservedCodeCacheSize                    = 251658240                              {pd product} {ergonomic}
     bool SegmentedCodeCache                       = true                                      {product} {ergonomic}
   size_t SoftMaxHeapSize                          = 2147483648                             {manageable} {ergonomic}
     bool UseCompressedClassPointers               = true                           {product lp64_product} {ergonomic}
     bool UseCompressedOops                        = true                           {product lp64_product} {ergonomic}
     bool UseG1GC                                  = true                                      {product} {ergonomic}
     bool UseNUMA                                  = false                                     {product} {ergonomic}
     bool UseNUMAInterleaving                      = false                                     {product} {ergonomic}

Logging:
Log output configuration:
 #0: stdout all=warning uptime,level,tags
 #1: stderr all=off uptime,level,tags

Environment Variables:
PATH=/usr/local/bin:/usr/bin:/bin:/usr/sbin:/sbin
SHELL=/bin/zsh
LC_CTYPE=zh_TW.UTF-8

Signal Handlers:
   SIGSEGV: _ZL13crash_handleriP9__siginfoPv in libjvm.dylib, mask=11100110000111110111111111111111, flags=SA_RESTART|SA_SIGINFO
    SIGBUS: _ZL13crash_handleriP9__siginfoPv in libjvm.dylib, mask=11100110000111110111111111111111, flags=SA_RESTART|SA_SIGINFO
    SIGFPE: _ZL13crash_handleriP9__siginfoPv in libjvm.dylib, mask=11100110000111110111111111111111, flags=SA_RESTART|SA_SIGINFO
   SIGPIPE: _ZL17javaSignalHandleriP9__siginfoPv in libjvm.dylib, mask=11100110000111110111111111111111, flags=SA_RESTART|SA_SIGINFO
   SIGXFSZ: _ZL17javaSignalHandleriP9__siginfoPv in libjvm.dylib, mask=11100110000111110111111111111111, flags=SA_RESTART|SA_SIGINFO
    SIGILL: _ZL13crash_handleriP9__siginfoPv in libjvm.dylib, mask=11100110000111110111111111111111, flags=SA_RESTART|SA_SIGINFO
   SIGUSR2: _ZL10SR_handleriP9__siginfoP17__darwin_ucontext in libjvm.dylib, mask=00100000000000000000000000000000, flags=SA_RESTART|SA_SIGINFO
    SIGHUP: _ZL11UserHandleriPvS_ in libjvm.dylib, mask=11100110000111110111111111111111, flags=SA_RESTART|SA_SIGINFO
    SIGINT: _ZL11UserHandleriPvS_ in libjvm.dylib, mask=11100110000111110111111111111111, flags=SA_RESTART|SA_SIGINFO
   SIGTERM: _ZL11UserHandleriPvS_ in libjvm.dylib, mask=11100110000111110111111111111111, flags=SA_RESTART|SA_SIGINFO
   SIGQUIT: _ZL11UserHandleriPvS_ in libjvm.dylib, mask=11100110000111110111111111111111, flags=SA_RESTART|SA_SIGINFO
   SIGTRAP: _ZL13crash_handleriP9__siginfoPv in libjvm.dylib, mask=11100110000111110111111111111111, flags=SA_RESTART|SA_SIGINFO


---------------  S Y S T E M  ---------------

OS:
uname: Darwin 21.1.0 Darwin Kernel Version 21.1.0: Wed Oct 13 17:33:24 PDT 2021; root:xnu-8019.41.5~1/RELEASE_ARM64_T8101 arm64
OS uptime: 2 days 6:39 hours
rlimit (soft/hard): STACK 8176k/65520k , CORE 0k/infinity , NPROC 1333/2000 , NOFILE 10240/infinity , AS infinity/infinity , CPU infinity/infinity , DATA infinity/infinity , FSIZE infinity/infinity , MEMLOCK infinity/infinity , RSS infinity/infinity
load average: 3.75 3.91 3.42

CPU: total 8 (initial active 8) 0x61:0x0:0x1b588bb3:0, fp, simd, crc, lse

Memory: 16k page, physical 8388608k(90176k free), swap 7340032k(1206784k free)

vm_info: Java HotSpot(TM) 64-Bit Server VM (17.0.1+12-LTS-39) for bsd-aarch64 JRE (17.0.1+12-LTS-39), built on Sep 27 2021 17:38:30 by "mach5one" with clang Apple LLVM 12.0.0 (clang-1200.0.32.29)

END.
