#
# A fatal error has been detected by the Java Runtime Environment:
#
#  SIGBUS (0xa) at pc=0x000000010a2854f0, pid=25250, tid=28943
#
# JRE version: Java(TM) SE Runtime Environment (17.0.1+12) (build 17.0.1+12-LTS-39)
# Java VM: Java HotSpot(TM) 64-Bit Server VM (17.0.1+12-LTS-39, mixed mode, sharing, tiered, compressed oops, compressed class ptrs, g1 gc, bsd-aarch64)
# Problematic frame:
# v  ~StubRoutines::SafeFetchN
#
# No core dump will be written. Core dumps have been disabled. To enable core dumping, try "ulimit -c unlimited" before starting Java again
#
# If you would like to submit a bug report, please visit:
#   https://bugreport.java.com/bugreport/crash.jsp
# The crash happened outside the Java Virtual Machine in native code.
# See problematic frame for where to report the bug.
#

---------------  S U M M A R Y ------------

Command Line: -javaagent:/Applications/IntelliJ IDEA CE.app/Contents/lib/idea_rt.jar=49882:/Applications/IntelliJ IDEA CE.app/Contents/bin -Dfile.encoding=UTF-8 --module-path=/Users/sean/.m2/repository/org/openjfx/javafx-fxml/17.0.0.1/javafx-fxml-17.0.0.1-mac-aarch64.jar:/Users/sean/.m2/repository/org/openjfx/javafx-base/17.0.0.1/javafx-base-17.0.0.1-mac-aarch64.jar:/Users/sean/Documents/GitHub/Meal-Ordering-System/FoodOrderingSystem/target/classes:/Users/sean/.m2/repository/org/openjfx/javafx-graphics/17.0.0.1/javafx-graphics-17.0.0.1-mac-aarch64.jar:/Users/sean/.m2/repository/org/openjfx/javafx-controls/17.0.0.1/javafx-controls-17.0.0.1-mac-aarch64.jar -Djdk.module.main=com.example.foodorderingsystem com.example.foodorderingsystem/com.example.foodorderingsystem.HelloApplication

Host: "MacBookPro17,1" arm64 1 MHz, 8 cores, 8G, Darwin 21.1.0, macOS 12.0.1 (21A559)
Time: Fri Jan 14 21:06:31 2022 CST elapsed time: 2.986399 seconds (0d 0h 0m 2s)

---------------  T H R E A D  ---------------

Current thread (0x000000011f99b600):  JavaThread "InvokeLaterDispatcher" daemon [_thread_in_native, id=28943, stack(0x0000000171e6c000,0x000000017206f000)]

Stack: [0x0000000171e6c000,0x000000017206f000],  sp=0x000000017206e7b0,  free space=2057k
Native frames: (J=compiled Java code, j=interpreted, Vv=VM code, C=native code)
v  ~StubRoutines::SafeFetchN
V  [libjvm.dylib+0x79e208]  _ZN10OopStorage7releaseEPKP7oopDesc+0x20
V  [libjvm.dylib+0x4b8f30]  jni_DeleteGlobalRef+0xc4
C  [libglass.dylib+0xab08]  -[GlassRunnable dealloc]+0x34
C  [Foundation+0x85e0c]  -[_NSThreadPerformInfo dealloc]+0x30
C  [Foundation+0x525e8]  -[NSObject(NSThreadPerformAdditions) performSelectorOnMainThread:withObject:waitUntilDone:]+0x88
C  0x2c5700010a28d8ac
j  com.sun.glass.ui.mac.MacApplication.submitForLaterInvocation(Ljava/lang/Runnable;)V+2 javafx.graphics
j  com.sun.glass.ui.InvokeLaterDispatcher.run()V+82 javafx.graphics
v  ~StubRoutines::call_stub
V  [libjvm.dylib+0x460588]  _ZN9JavaCalls11call_helperEP9JavaValueRK12methodHandleP17JavaCallArgumentsP10JavaThread+0x38c
V  [libjvm.dylib+0x45f5a4]  _ZN9JavaCalls12call_virtualEP9JavaValueP5KlassP6SymbolS5_P17JavaCallArgumentsP10JavaThread+0x11c
V  [libjvm.dylib+0x45f670]  _ZN9JavaCalls12call_virtualEP9JavaValue6HandleP5KlassP6SymbolS6_P10JavaThread+0x64
V  [libjvm.dylib+0x512ef0]  _ZL12thread_entryP10JavaThreadS0_+0xc4
V  [libjvm.dylib+0x8fc514]  _ZN10JavaThread17thread_main_innerEv+0x134
V  [libjvm.dylib+0x8fae3c]  _ZN6Thread8call_runEv+0x128
V  [libjvm.dylib+0x7a4df0]  _ZL19thread_native_entryP6Thread+0x158
C  [libsystem_pthread.dylib+0x74ec]  _pthread_start+0x94

Java frames: (J=compiled Java code, j=interpreted, Vv=VM code)
j  com.sun.glass.ui.mac.MacApplication._submitForLaterInvocation(Ljava/lang/Runnable;)V+0 javafx.graphics
j  com.sun.glass.ui.mac.MacApplication.submitForLaterInvocation(Ljava/lang/Runnable;)V+2 javafx.graphics
j  com.sun.glass.ui.InvokeLaterDispatcher.run()V+82 javafx.graphics
v  ~StubRoutines::call_stub

siginfo: si_signo: 10 (SIGBUS), si_code: 1 (BUS_ADRALN), si_addr: 0x000000010a2854f0

Register to memory mapping:

 x0=0x000000011f70f348 is a global jni handle
 x1=0x0 is NULL
 x2=0x0000000785f81a68 is an oop: com.sun.glass.ui.InvokeLaterDispatcher$Future 
{0x0000000785f81a68} - klass: 'com/sun/glass/ui/InvokeLaterDispatcher$Future'
 - ---- fields (total size 3 words):
 - private 'done' 'Z' @12  true
 - private final 'runnable' 'Ljava/lang/Runnable;' @16  a 'com/sun/javafx/application/PlatformImpl$$Lambda$92+0x0000000800c821c8'{0x000000078541ba08} (f0a83741)
 - final synthetic 'this$0' 'Lcom/sun/glass/ui/InvokeLaterDispatcher;' @20  a 'com/sun/glass/ui/InvokeLaterDispatcher'{0x000000078680ae30} (f0d015c6)
 x3=0x0 is NULL
 x4=0x00000000000130a8 is an unknown value
 x5=0x0 is NULL
 x6=0x0 is NULL
 x7=0x0 is NULL
 x8=0x000000010a2854ec is at begin+0 in a stub
StubRoutines::SafeFetchN [0x000000010a2854ec, 0x000000010a2854f8] (12 bytes)
 x9=0x0 is NULL
x10=0x2010000030300000 is an unknown value
x11=0x0000000000000007 is an unknown value
x12=0x0 is NULL
x13=0x00006000030ef3f0 points into unknown readable memory: 0x65626d654d2f656b | 6b 65 2f 4d 65 6d 62 65
x14=0x0000000000000001 is an unknown value
x15=0x000000012b4f1f98: OBJC_CLASS_$_GlassRunnable+0 in /Users/sean/.openjfx/cache/17.0.0.1/libglass.dylib at 0x000000012b4ac000
x16=0x00000001a5690340: pthread_getspecific+0 in /usr/lib/system/libsystem_pthread.dylib at 0x00000001a568e000
x17=0x0000600003ac7060 points into unknown readable memory: 0xfffffffffffffffe | fe ff ff ff ff ff ff ff
x18=0x0 is NULL
x19=0x00006000035c44d0 points into unknown readable memory: 0x0000600001cdd3c0 | c0 d3 cd 01 00 60 00 00
x20=0x000000011f70f140 points into unknown readable memory: 0x00006000010df210 | 10 f2 0d 01 00 60 00 00
x21=0x000000011f70f348 is a global jni handle
x22=0x000000011f99b600 is a thread
x23=0x0000000000000001 is an unknown value
x24=0x000000011f70f300 is a global jni handle
x25=0x00000001027b15d8: _ZN12StubRoutines17_safefetchN_entryE+0 in /Library/Java/JavaVirtualMachines/jdk-17.0.1.jdk/Contents/Home/lib/server/libjvm.dylib at 0x0000000101c20000
x26=0x0000000128d18268 is pointing into metadata
x27=0x0 is NULL
x28=0x000000011f99b600 is a thread


Registers:
 x0=0x000000011f70f348  x1=0x0000000000000000  x2=0x0000000785f81a68  x3=0x0000000000000000
 x4=0x00000000000130a8  x5=0x0000000000000000  x6=0x0000000000000000  x7=0x0000000000000000
 x8=0x000000010a2854ec  x9=0x0000000000000000 x10=0x2010000030300000 x11=0x0000000000000007
x12=0x0000000000000000 x13=0x00006000030ef3f0 x14=0x0000000000000001 x15=0x000000012b4f1f98
x16=0x00000001a5690340 x17=0x0000600003ac7060 x18=0x0000000000000000 x19=0x00006000035c44d0
x20=0x000000011f70f140 x21=0x000000011f70f348 x22=0x000000011f99b600 x23=0x0000000000000001
x24=0x000000011f70f300 x25=0x00000001027b15d8 x26=0x0000000128d18268 x27=0x0000000000000000
x28=0x000000011f99b600  fp=0x000000017206e7f0  lr=0x00000001023bcfd8  sp=0x000000017206e7b0
pc=0x000000010a2854f0 cpsr=0x0000000060001000
Top of Stack: (sp=0x000000017206e7b0)
0x000000017206e7b0:   0000000128d18268 0000000000000001
0x000000017206e7c0:   000000017206e9a8 0000600001cd45a0
0x000000017206e7d0:   0000000000000000 000000011f70f330
0x000000017206e7e0:   000000011f70f330 00006000035c44d0
0x000000017206e7f0:   000000017206e830 00000001023be208
0x000000017206e800:   0000000000000001 000000011f70f330
0x000000017206e810:   0000000000000000 000000011f70f330
0x000000017206e820:   0000000000000001 000000011f8b4200
0x000000017206e830:   000000017206e860 00000001020d8f30
0x000000017206e840:   0000600001cd4580 00000001ef8bd9f4
0x000000017206e850:   0000000000000000 0000600001cd4580
0x000000017206e860:   000000017206e890 000000012b4b6b08
0x000000017206e870:   4673405e583600d9 0000000000000000
0x000000017206e880:   0000000000000000 0000600000bdf580
0x000000017206e890:   000000017206e8d0 00000001a6658e0c
0x000000017206e8a0:   000000017206e9a8 0000600001cd45a0
0x000000017206e8b0:   0000600001cd4580 4673405e583600d9
0x000000017206e8c0:   0000000000000000 0000000000000000
0x000000017206e8d0:   000000017206e910 91250001a66255e8
0x000000017206e8e0:   000000017206e9a8 000000010a28c7c0
0x000000017206e8f0:   0000000000000000 00000001027b8f90
0x000000017206e900:   000000017206e920 000000010a28b730
0x000000017206e910:   000000017206e980 2c5700010a28d8ac
0x000000017206e920:   000000017206e988 00000001289becc0
0x000000017206e930:   000000017206e930 0000000000000000
0x000000017206e940:   000000017206e9a8 0000000128d18268
0x000000017206e950:   00000007868271e0 0000000000000000
0x000000017206e960:   0000000000000000 0000000128cf7138
0x000000017206e970:   0000000000000000 000000017206e980
0x000000017206e980:   000000017206ea00 000000010a289fc8
0x000000017206e990:   0000000000000000 0000000000000000
0x000000017206e9a0:   0000000785f81a68 0000000786827258 

Instructions: (pc=0x000000010a2854f0)
0x000000010a2853f0:   f2a04ee9 f2c00029 6d425935 1e640886
0x000000010a285400:   0c402d31 1e6408c7 1f5654d0 1e6c1017
0x000000010a285410:   1f5050d0 1f504cd0 1f5048d0 1e650af6
0x000000010a285420:   1f50d8f6 1f5694d6 1f5158f6 1e762880
0x000000010a285430:   36000501 1e614000 14000026 2e251ca5
0x000000010a285440:   d29c3009 f2a04ee9 f2c00029 6d425d36
0x000000010a285450:   1e600806 0c402d32 1f5758c7 1e6c101a
0x000000010a285460:   1f4754c7 1e650805 1f4750c7 d2866668
0x000000010a285470:   f2a7fa68 1f474cc7 1e6608c0 1f4748c7
0x000000010a285480:   1e6e1019 eb08007f 540000ac 1f479400
0x000000010a285490:   1f460340 1e603b20 1400000e d2a7fd29
0x000000010a2854a0:   eb09007f 540000ac 51480069 d3607d29
0x000000010a2854b0:   9e670121 14000002 1e6a5001 1f679417
0x000000010a2854c0:   1f668742 1e613b23 1e773857 1e773860
0x000000010a2854d0:   a8c17ff3 910003bf a8c17bfd d65f03c0
0x000000010a2854e0:   b9400001 aa0103e0 d65f03c0 f9400001
0x000000010a2854f0:   aa0103e0 d65f03c0 00000000 00000000
0x000000010a285500:   00000000 00000000 00000000 00000000
0x000000010a285510:   00000000 00000000 00000000 00000000
0x000000010a285520:   00000000 00000000 00000000 00000000
0x000000010a285530:   00000000 00000000 00000000 00000000
0x000000010a285540:   00000000 00000000 00000000 00000000
0x000000010a285550:   00000000 00000000 00000000 00000000
0x000000010a285560:   00000000 00000000 00000000 00000000
0x000000010a285570:   00000000 00000000 00000000 00000000
0x000000010a285580:   00000000 00000000 00000000 00000000
0x000000010a285590:   00000000 00000000 00000000 00000000
0x000000010a2855a0:   00000000 00000000 00000000 00000000
0x000000010a2855b0:   00000000 00000000 00000000 00000000
0x000000010a2855c0:   00000000 00000000 00000000 00000000
0x000000010a2855d0:   00000000 00000000 00000000 00000000
0x000000010a2855e0:   00000000 00000000 00000000 00000000 


Stack slot to memory mapping:
stack at sp + 0 slots: 0x0000000128d18268 is pointing into metadata
stack at sp + 1 slots: 0x0000000000000001 is an unknown value
stack at sp + 2 slots: 0x000000017206e9a8 is pointing into the stack for thread: 0x000000011f99b600
stack at sp + 3 slots: 0x0000600001cd45a0 points into unknown readable memory: 0x01000001fe372081 | 81 20 37 fe 01 00 00 01
stack at sp + 4 slots: 0x0 is NULL
stack at sp + 5 slots: 0x000000011f70f330 is a global jni handle
stack at sp + 6 slots: 0x000000011f70f330 is a global jni handle
stack at sp + 7 slots: 0x00006000035c44d0 points into unknown readable memory: 0x0000600001cdd3c0 | c0 d3 cd 01 00 60 00 00

StubRoutines::SafeFetchN [0x000000010a2854ec, 0x000000010a2854f8] (12 bytes)
[MachCode]
  0x000000010a2854ec: 0100 40f9 | e003 01aa | c003 5fd6 
[/MachCode]

---------------  P R O C E S S  ---------------

Threads class SMR info:
_java_thread_list=0x0000600001eca360, length=20, elements={
0x000000011f808600, 0x000000011f8b2200, 0x000000011f8b4a00, 0x000000011f8b6a00,
0x0000000130808800, 0x000000011f8b9600, 0x000000011f8b9c00, 0x000000011f8ba200,
0x000000011f8ba800, 0x000000011f8bae00, 0x000000013080b000, 0x000000013080b600,
0x0000000130809400, 0x000000011f99b600, 0x000000011f8b4200, 0x000000011fa90600,
0x000000012f9df400, 0x00000001283eec00, 0x000000011fc9f800, 0x0000000129009e00
}

Java Threads: ( => current thread )
  0x000000011f808600 JavaThread "main" [_thread_blocked, id=9475, stack(0x000000016f464000,0x000000016f667000)]
  0x000000011f8b2200 JavaThread "Reference Handler" daemon [_thread_blocked, id=15363, stack(0x00000001702b8000,0x00000001704bb000)]
  0x000000011f8b4a00 JavaThread "Finalizer" daemon [_thread_blocked, id=14083, stack(0x00000001704c4000,0x00000001706c7000)]
  0x000000011f8b6a00 JavaThread "Signal Dispatcher" daemon [_thread_blocked, id=22787, stack(0x00000001707e8000,0x00000001709eb000)]
  0x0000000130808800 JavaThread "Service Thread" daemon [_thread_blocked, id=41987, stack(0x00000001709f4000,0x0000000170bf7000)]
  0x000000011f8b9600 JavaThread "Monitor Deflation Thread" daemon [_thread_blocked, id=41475, stack(0x0000000170c00000,0x0000000170e03000)]
  0x000000011f8b9c00 JavaThread "C2 CompilerThread0" daemon [_thread_blocked, id=40963, stack(0x0000000170e0c000,0x000000017100f000)]
  0x000000011f8ba200 JavaThread "C1 CompilerThread0" daemon [_thread_blocked, id=23299, stack(0x0000000171018000,0x000000017121b000)]
  0x000000011f8ba800 JavaThread "Sweeper thread" daemon [_thread_blocked, id=40451, stack(0x0000000171224000,0x0000000171427000)]
  0x000000011f8bae00 JavaThread "Common-Cleaner" daemon [_thread_blocked, id=40195, stack(0x0000000171430000,0x0000000171633000)]
  0x000000013080b000 JavaThread "Monitor Ctrl-Break" daemon [_thread_in_native, id=39939, stack(0x000000017163c000,0x000000017183f000)]
  0x000000013080b600 JavaThread "Notification Thread" daemon [_thread_blocked, id=24067, stack(0x0000000171848000,0x0000000171a4b000)]
  0x0000000130809400 JavaThread "QuantumRenderer-0" daemon [_thread_blocked, id=24579, stack(0x0000000171c60000,0x0000000171e63000)]
=>0x000000011f99b600 JavaThread "InvokeLaterDispatcher" daemon [_thread_in_native, id=28943, stack(0x0000000171e6c000,0x000000017206f000)]
  0x000000011f8b4200 JavaThread "JavaFX Application Thread" [_thread_in_vm, id=259, stack(0x000000016ebdc000,0x000000016f3d8000)]
  0x000000011fa90600 JavaThread "JavaFX-Launcher" [_thread_blocked, id=76567, stack(0x0000000172428000,0x000000017262b000)]
  0x000000012f9df400 JavaThread "Prism Font Disposer" daemon [_thread_blocked, id=70419, stack(0x0000000173070000,0x0000000173273000)]
  0x00000001283eec00 JavaThread "Cleaner-0" daemon [_thread_blocked, id=87311, stack(0x000000017327c000,0x000000017347f000)]
  0x000000011fc9f800 JavaThread "Attach Listener" daemon [_thread_blocked, id=1351, stack(0x0000000173488000,0x000000017368b000)]
  0x0000000129009e00 JavaThread "PulseTimer-CVDisplayLink thread" daemon [_thread_in_native, id=53255, stack(0x0000000172078000,0x00000001720fb000)]

Other Threads:
  0x000000011f70bb80 VMThread "VM Thread" [stack: 0x00000001700ac000,0x00000001702af000] [id=15875]
  0x0000000130108090 WatcherThread [stack: 0x0000000171a54000,0x0000000171c57000] [id=24323]
  0x000000011f706540 GCTaskThread "GC Thread#0" [stack: 0x000000016f670000,0x000000016f873000] [id=18947]
  0x000000011f73a870 GCTaskThread "GC Thread#1" [stack: 0x0000000172634000,0x0000000172837000] [id=57863]
  0x000000011f73acf0 GCTaskThread "GC Thread#2" [stack: 0x0000000172840000,0x0000000172a43000] [id=58627]
  0x000000011f73b170 GCTaskThread "GC Thread#3" [stack: 0x0000000172a4c000,0x0000000172c4f000] [id=72451]
  0x000000011f73b5f0 GCTaskThread "GC Thread#4" [stack: 0x0000000172c58000,0x0000000172e5b000] [id=58883]
  0x000000011f73ba70 GCTaskThread "GC Thread#5" [stack: 0x0000000172e64000,0x0000000173067000] [id=59139]
  0x000000011f706bf0 ConcurrentGCThread "G1 Main Marker" [stack: 0x000000016f87c000,0x000000016fa7f000] [id=18435]
  0x000000011f707470 ConcurrentGCThread "G1 Conc#0" [stack: 0x000000016fa88000,0x000000016fc8b000] [id=17923]
  0x000000011f7092e0 ConcurrentGCThread "G1 Refine#0" [stack: 0x000000016fc94000,0x000000016fe97000] [id=12547]
  0x000000011f709b80 ConcurrentGCThread "G1 Service" [stack: 0x000000016fea0000,0x00000001700a3000] [id=17411]

Threads with active compile tasks:

VM state: not at safepoint (normal execution)

VM Mutex/Monitor currently owned by a thread: None

Heap address: 0x0000000780000000, size: 2048 MB, Compressed Oops mode: Zero based, Oop shift amount: 3

CDS archive(s) mapped at: [0x0000000800000000-0x0000000800bd4000-0x0000000800bd4000), size 12402688, SharedBaseAddress: 0x0000000800000000, ArchiveRelocationMode: 0.
Compressed class space mapped at: 0x0000000800c00000-0x0000000840c00000, reserved size: 1073741824
Narrow klass base: 0x0000000800000000, Narrow klass shift: 0, Narrow klass range: 0x100000000

GC Precious Log:
 CPUs: 8 total, 8 available
 Memory: 8192M
 Large Page Support: Disabled
 NUMA Support: Disabled
 Compressed Oops: Enabled (Zero based)
 Heap Region Size: 1M
 Heap Min Capacity: 8M
 Heap Initial Capacity: 128M
 Heap Max Capacity: 2G
 Pre-touch: Disabled
 Parallel Workers: 8
 Concurrent Workers: 2
 Concurrent Refinement Workers: 8
 Periodic GC: Disabled

Heap:
 garbage-first heap   total 133120K, used 47341K [0x0000000780000000, 0x0000000800000000)
  region size 1024K, 44 young (45056K), 3 survivors (3072K)
 Metaspace       used 16725K, committed 17024K, reserved 1064960K
  class space    used 2500K, committed 2624K, reserved 1048576K

Heap Regions: E=young(eden), S=young(survivor), O=old, HS=humongous(starts), HC=humongous(continues), CS=collection set, F=free, OA=open archive, CA=closed archive, TAMS=top-at-mark-start (previous, next)
|   0|0x0000000780000000, 0x0000000780043600, 0x0000000780100000| 26%| O|  |TAMS 0x0000000780000000, 0x0000000780000000| Untracked 
|   1|0x0000000780100000, 0x0000000780200000, 0x0000000780200000|100%|HS|  |TAMS 0x0000000780100000, 0x0000000780100000| Complete 
|   2|0x0000000780200000, 0x0000000780300000, 0x0000000780300000|100%|HC|  |TAMS 0x0000000780200000, 0x0000000780200000| Complete 
|   3|0x0000000780300000, 0x0000000780300000, 0x0000000780400000|  0%| F|  |TAMS 0x0000000780300000, 0x0000000780300000| Untracked 
|   4|0x0000000780400000, 0x0000000780400000, 0x0000000780500000|  0%| F|  |TAMS 0x0000000780400000, 0x0000000780400000| Untracked 
|   5|0x0000000780500000, 0x0000000780500000, 0x0000000780600000|  0%| F|  |TAMS 0x0000000780500000, 0x0000000780500000| Untracked 
|   6|0x0000000780600000, 0x0000000780600000, 0x0000000780700000|  0%| F|  |TAMS 0x0000000780600000, 0x0000000780600000| Untracked 
|   7|0x0000000780700000, 0x0000000780700000, 0x0000000780800000|  0%| F|  |TAMS 0x0000000780700000, 0x0000000780700000| Untracked 
|   8|0x0000000780800000, 0x0000000780800000, 0x0000000780900000|  0%| F|  |TAMS 0x0000000780800000, 0x0000000780800000| Untracked 
|   9|0x0000000780900000, 0x0000000780900000, 0x0000000780a00000|  0%| F|  |TAMS 0x0000000780900000, 0x0000000780900000| Untracked 
|  10|0x0000000780a00000, 0x0000000780a00000, 0x0000000780b00000|  0%| F|  |TAMS 0x0000000780a00000, 0x0000000780a00000| Untracked 
|  11|0x0000000780b00000, 0x0000000780b00000, 0x0000000780c00000|  0%| F|  |TAMS 0x0000000780b00000, 0x0000000780b00000| Untracked 
|  12|0x0000000780c00000, 0x0000000780c00000, 0x0000000780d00000|  0%| F|  |TAMS 0x0000000780c00000, 0x0000000780c00000| Untracked 
|  13|0x0000000780d00000, 0x0000000780d00000, 0x0000000780e00000|  0%| F|  |TAMS 0x0000000780d00000, 0x0000000780d00000| Untracked 
|  14|0x0000000780e00000, 0x0000000780e00000, 0x0000000780f00000|  0%| F|  |TAMS 0x0000000780e00000, 0x0000000780e00000| Untracked 
|  15|0x0000000780f00000, 0x0000000780f00000, 0x0000000781000000|  0%| F|  |TAMS 0x0000000780f00000, 0x0000000780f00000| Untracked 
|  16|0x0000000781000000, 0x0000000781000000, 0x0000000781100000|  0%| F|  |TAMS 0x0000000781000000, 0x0000000781000000| Untracked 
|  17|0x0000000781100000, 0x0000000781100000, 0x0000000781200000|  0%| F|  |TAMS 0x0000000781100000, 0x0000000781100000| Untracked 
|  18|0x0000000781200000, 0x0000000781200000, 0x0000000781300000|  0%| F|  |TAMS 0x0000000781200000, 0x0000000781200000| Untracked 
|  19|0x0000000781300000, 0x0000000781300000, 0x0000000781400000|  0%| F|  |TAMS 0x0000000781300000, 0x0000000781300000| Untracked 
|  20|0x0000000781400000, 0x0000000781400000, 0x0000000781500000|  0%| F|  |TAMS 0x0000000781400000, 0x0000000781400000| Untracked 
|  21|0x0000000781500000, 0x0000000781500000, 0x0000000781600000|  0%| F|  |TAMS 0x0000000781500000, 0x0000000781500000| Untracked 
|  22|0x0000000781600000, 0x0000000781600000, 0x0000000781700000|  0%| F|  |TAMS 0x0000000781600000, 0x0000000781600000| Untracked 
|  23|0x0000000781700000, 0x0000000781700000, 0x0000000781800000|  0%| F|  |TAMS 0x0000000781700000, 0x0000000781700000| Untracked 
|  24|0x0000000781800000, 0x0000000781800000, 0x0000000781900000|  0%| F|  |TAMS 0x0000000781800000, 0x0000000781800000| Untracked 
|  25|0x0000000781900000, 0x0000000781900000, 0x0000000781a00000|  0%| F|  |TAMS 0x0000000781900000, 0x0000000781900000| Untracked 
|  26|0x0000000781a00000, 0x0000000781a00000, 0x0000000781b00000|  0%| F|  |TAMS 0x0000000781a00000, 0x0000000781a00000| Untracked 
|  27|0x0000000781b00000, 0x0000000781b00000, 0x0000000781c00000|  0%| F|  |TAMS 0x0000000781b00000, 0x0000000781b00000| Untracked 
|  28|0x0000000781c00000, 0x0000000781c00000, 0x0000000781d00000|  0%| F|  |TAMS 0x0000000781c00000, 0x0000000781c00000| Untracked 
|  29|0x0000000781d00000, 0x0000000781d00000, 0x0000000781e00000|  0%| F|  |TAMS 0x0000000781d00000, 0x0000000781d00000| Untracked 
|  30|0x0000000781e00000, 0x0000000781e00000, 0x0000000781f00000|  0%| F|  |TAMS 0x0000000781e00000, 0x0000000781e00000| Untracked 
|  31|0x0000000781f00000, 0x0000000781f00000, 0x0000000782000000|  0%| F|  |TAMS 0x0000000781f00000, 0x0000000781f00000| Untracked 
|  32|0x0000000782000000, 0x0000000782000000, 0x0000000782100000|  0%| F|  |TAMS 0x0000000782000000, 0x0000000782000000| Untracked 
|  33|0x0000000782100000, 0x0000000782100000, 0x0000000782200000|  0%| F|  |TAMS 0x0000000782100000, 0x0000000782100000| Untracked 
|  34|0x0000000782200000, 0x0000000782200000, 0x0000000782300000|  0%| F|  |TAMS 0x0000000782200000, 0x0000000782200000| Untracked 
|  35|0x0000000782300000, 0x0000000782300000, 0x0000000782400000|  0%| F|  |TAMS 0x0000000782300000, 0x0000000782300000| Untracked 
|  36|0x0000000782400000, 0x0000000782400000, 0x0000000782500000|  0%| F|  |TAMS 0x0000000782400000, 0x0000000782400000| Untracked 
|  37|0x0000000782500000, 0x0000000782500000, 0x0000000782600000|  0%| F|  |TAMS 0x0000000782500000, 0x0000000782500000| Untracked 
|  38|0x0000000782600000, 0x0000000782600000, 0x0000000782700000|  0%| F|  |TAMS 0x0000000782600000, 0x0000000782600000| Untracked 
|  39|0x0000000782700000, 0x0000000782700000, 0x0000000782800000|  0%| F|  |TAMS 0x0000000782700000, 0x0000000782700000| Untracked 
|  40|0x0000000782800000, 0x0000000782800000, 0x0000000782900000|  0%| F|  |TAMS 0x0000000782800000, 0x0000000782800000| Untracked 
|  41|0x0000000782900000, 0x0000000782900000, 0x0000000782a00000|  0%| F|  |TAMS 0x0000000782900000, 0x0000000782900000| Untracked 
|  42|0x0000000782a00000, 0x0000000782a00000, 0x0000000782b00000|  0%| F|  |TAMS 0x0000000782a00000, 0x0000000782a00000| Untracked 
|  43|0x0000000782b00000, 0x0000000782b00000, 0x0000000782c00000|  0%| F|  |TAMS 0x0000000782b00000, 0x0000000782b00000| Untracked 
|  44|0x0000000782c00000, 0x0000000782c00000, 0x0000000782d00000|  0%| F|  |TAMS 0x0000000782c00000, 0x0000000782c00000| Untracked 
|  45|0x0000000782d00000, 0x0000000782d00000, 0x0000000782e00000|  0%| F|  |TAMS 0x0000000782d00000, 0x0000000782d00000| Untracked 
|  46|0x0000000782e00000, 0x0000000782e00000, 0x0000000782f00000|  0%| F|  |TAMS 0x0000000782e00000, 0x0000000782e00000| Untracked 
|  47|0x0000000782f00000, 0x0000000782f00000, 0x0000000783000000|  0%| F|  |TAMS 0x0000000782f00000, 0x0000000782f00000| Untracked 
|  48|0x0000000783000000, 0x0000000783000000, 0x0000000783100000|  0%| F|  |TAMS 0x0000000783000000, 0x0000000783000000| Untracked 
|  49|0x0000000783100000, 0x0000000783100000, 0x0000000783200000|  0%| F|  |TAMS 0x0000000783100000, 0x0000000783100000| Untracked 
|  50|0x0000000783200000, 0x0000000783200000, 0x0000000783300000|  0%| F|  |TAMS 0x0000000783200000, 0x0000000783200000| Untracked 
|  51|0x0000000783300000, 0x0000000783300000, 0x0000000783400000|  0%| F|  |TAMS 0x0000000783300000, 0x0000000783300000| Untracked 
|  52|0x0000000783400000, 0x0000000783400000, 0x0000000783500000|  0%| F|  |TAMS 0x0000000783400000, 0x0000000783400000| Untracked 
|  53|0x0000000783500000, 0x0000000783500000, 0x0000000783600000|  0%| F|  |TAMS 0x0000000783500000, 0x0000000783500000| Untracked 
|  54|0x0000000783600000, 0x0000000783600000, 0x0000000783700000|  0%| F|  |TAMS 0x0000000783600000, 0x0000000783600000| Untracked 
|  55|0x0000000783700000, 0x0000000783700000, 0x0000000783800000|  0%| F|  |TAMS 0x0000000783700000, 0x0000000783700000| Untracked 
|  56|0x0000000783800000, 0x0000000783800000, 0x0000000783900000|  0%| F|  |TAMS 0x0000000783800000, 0x0000000783800000| Untracked 
|  57|0x0000000783900000, 0x0000000783900000, 0x0000000783a00000|  0%| F|  |TAMS 0x0000000783900000, 0x0000000783900000| Untracked 
|  58|0x0000000783a00000, 0x0000000783a00000, 0x0000000783b00000|  0%| F|  |TAMS 0x0000000783a00000, 0x0000000783a00000| Untracked 
|  59|0x0000000783b00000, 0x0000000783b00000, 0x0000000783c00000|  0%| F|  |TAMS 0x0000000783b00000, 0x0000000783b00000| Untracked 
|  60|0x0000000783c00000, 0x0000000783c00000, 0x0000000783d00000|  0%| F|  |TAMS 0x0000000783c00000, 0x0000000783c00000| Untracked 
|  61|0x0000000783d00000, 0x0000000783d00000, 0x0000000783e00000|  0%| F|  |TAMS 0x0000000783d00000, 0x0000000783d00000| Untracked 
|  62|0x0000000783e00000, 0x0000000783e00000, 0x0000000783f00000|  0%| F|  |TAMS 0x0000000783e00000, 0x0000000783e00000| Untracked 
|  63|0x0000000783f00000, 0x0000000783f00000, 0x0000000784000000|  0%| F|  |TAMS 0x0000000783f00000, 0x0000000783f00000| Untracked 
|  64|0x0000000784000000, 0x0000000784000000, 0x0000000784100000|  0%| F|  |TAMS 0x0000000784000000, 0x0000000784000000| Untracked 
|  65|0x0000000784100000, 0x0000000784100000, 0x0000000784200000|  0%| F|  |TAMS 0x0000000784100000, 0x0000000784100000| Untracked 
|  66|0x0000000784200000, 0x0000000784200000, 0x0000000784300000|  0%| F|  |TAMS 0x0000000784200000, 0x0000000784200000| Untracked 
|  67|0x0000000784300000, 0x0000000784300000, 0x0000000784400000|  0%| F|  |TAMS 0x0000000784300000, 0x0000000784300000| Untracked 
|  68|0x0000000784400000, 0x0000000784400000, 0x0000000784500000|  0%| F|  |TAMS 0x0000000784400000, 0x0000000784400000| Untracked 
|  69|0x0000000784500000, 0x0000000784500000, 0x0000000784600000|  0%| F|  |TAMS 0x0000000784500000, 0x0000000784500000| Untracked 
|  70|0x0000000784600000, 0x0000000784600000, 0x0000000784700000|  0%| F|  |TAMS 0x0000000784600000, 0x0000000784600000| Untracked 
|  71|0x0000000784700000, 0x0000000784700000, 0x0000000784800000|  0%| F|  |TAMS 0x0000000784700000, 0x0000000784700000| Untracked 
|  72|0x0000000784800000, 0x0000000784800000, 0x0000000784900000|  0%| F|  |TAMS 0x0000000784800000, 0x0000000784800000| Untracked 
|  73|0x0000000784900000, 0x0000000784900000, 0x0000000784a00000|  0%| F|  |TAMS 0x0000000784900000, 0x0000000784900000| Untracked 
|  74|0x0000000784a00000, 0x0000000784a00000, 0x0000000784b00000|  0%| F|  |TAMS 0x0000000784a00000, 0x0000000784a00000| Untracked 
|  75|0x0000000784b00000, 0x0000000784b00000, 0x0000000784c00000|  0%| F|  |TAMS 0x0000000784b00000, 0x0000000784b00000| Untracked 
|  76|0x0000000784c00000, 0x0000000784c00000, 0x0000000784d00000|  0%| F|  |TAMS 0x0000000784c00000, 0x0000000784c00000| Untracked 
|  77|0x0000000784d00000, 0x0000000784d00000, 0x0000000784e00000|  0%| F|  |TAMS 0x0000000784d00000, 0x0000000784d00000| Untracked 
|  78|0x0000000784e00000, 0x0000000784e00000, 0x0000000784f00000|  0%| F|  |TAMS 0x0000000784e00000, 0x0000000784e00000| Untracked 
|  79|0x0000000784f00000, 0x0000000784f00000, 0x0000000785000000|  0%| F|  |TAMS 0x0000000784f00000, 0x0000000784f00000| Untracked 
|  80|0x0000000785000000, 0x0000000785000000, 0x0000000785100000|  0%| F|  |TAMS 0x0000000785000000, 0x0000000785000000| Untracked 
|  81|0x0000000785100000, 0x0000000785100000, 0x0000000785200000|  0%| F|  |TAMS 0x0000000785100000, 0x0000000785100000| Untracked 
|  82|0x0000000785200000, 0x0000000785200000, 0x0000000785300000|  0%| F|  |TAMS 0x0000000785200000, 0x0000000785200000| Untracked 
|  83|0x0000000785300000, 0x0000000785300000, 0x0000000785400000|  0%| F|  |TAMS 0x0000000785300000, 0x0000000785300000| Untracked 
|  84|0x0000000785400000, 0x00000007854aa928, 0x0000000785500000| 66%| E|  |TAMS 0x0000000785400000, 0x0000000785400000| Complete 
|  85|0x0000000785500000, 0x0000000785600000, 0x0000000785600000|100%| E|CS|TAMS 0x0000000785500000, 0x0000000785500000| Complete 
|  86|0x0000000785600000, 0x0000000785700000, 0x0000000785700000|100%| E|CS|TAMS 0x0000000785600000, 0x0000000785600000| Complete 
|  87|0x0000000785700000, 0x0000000785800000, 0x0000000785800000|100%| E|CS|TAMS 0x0000000785700000, 0x0000000785700000| Complete 
|  88|0x0000000785800000, 0x0000000785900000, 0x0000000785900000|100%| E|CS|TAMS 0x0000000785800000, 0x0000000785800000| Complete 
|  89|0x0000000785900000, 0x0000000785a00000, 0x0000000785a00000|100%| E|CS|TAMS 0x0000000785900000, 0x0000000785900000| Complete 
|  90|0x0000000785a00000, 0x0000000785b00000, 0x0000000785b00000|100%| E|CS|TAMS 0x0000000785a00000, 0x0000000785a00000| Complete 
|  91|0x0000000785b00000, 0x0000000785c00000, 0x0000000785c00000|100%| E|CS|TAMS 0x0000000785b00000, 0x0000000785b00000| Complete 
|  92|0x0000000785c00000, 0x0000000785d00000, 0x0000000785d00000|100%| E|CS|TAMS 0x0000000785c00000, 0x0000000785c00000| Complete 
|  93|0x0000000785d00000, 0x0000000785e00000, 0x0000000785e00000|100%| E|CS|TAMS 0x0000000785d00000, 0x0000000785d00000| Complete 
|  94|0x0000000785e00000, 0x0000000785f00000, 0x0000000785f00000|100%| E|CS|TAMS 0x0000000785e00000, 0x0000000785e00000| Complete 
|  95|0x0000000785f00000, 0x0000000786000000, 0x0000000786000000|100%| E|CS|TAMS 0x0000000785f00000, 0x0000000785f00000| Complete 
|  96|0x0000000786000000, 0x0000000786100000, 0x0000000786100000|100%| E|CS|TAMS 0x0000000786000000, 0x0000000786000000| Complete 
|  97|0x0000000786100000, 0x0000000786200000, 0x0000000786200000|100%| E|CS|TAMS 0x0000000786100000, 0x0000000786100000| Complete 
|  98|0x0000000786200000, 0x0000000786300000, 0x0000000786300000|100%| E|CS|TAMS 0x0000000786200000, 0x0000000786200000| Complete 
|  99|0x0000000786300000, 0x0000000786400000, 0x0000000786400000|100%| E|CS|TAMS 0x0000000786300000, 0x0000000786300000| Complete 
| 100|0x0000000786400000, 0x0000000786500000, 0x0000000786500000|100%| E|CS|TAMS 0x0000000786400000, 0x0000000786400000| Complete 
| 101|0x0000000786500000, 0x0000000786600000, 0x0000000786600000|100%| E|CS|TAMS 0x0000000786500000, 0x0000000786500000| Complete 
| 102|0x0000000786600000, 0x0000000786700000, 0x0000000786700000|100%| S|CS|TAMS 0x0000000786600000, 0x0000000786600000| Complete 
| 103|0x0000000786700000, 0x0000000786800000, 0x0000000786800000|100%| S|CS|TAMS 0x0000000786700000, 0x0000000786700000| Complete 
| 104|0x0000000786800000, 0x0000000786900000, 0x0000000786900000|100%| S|CS|TAMS 0x0000000786800000, 0x0000000786800000| Complete 
| 105|0x0000000786900000, 0x0000000786a00000, 0x0000000786a00000|100%| E|CS|TAMS 0x0000000786900000, 0x0000000786900000| Complete 
| 106|0x0000000786a00000, 0x0000000786b00000, 0x0000000786b00000|100%| E|CS|TAMS 0x0000000786a00000, 0x0000000786a00000| Complete 
| 107|0x0000000786b00000, 0x0000000786c00000, 0x0000000786c00000|100%| E|CS|TAMS 0x0000000786b00000, 0x0000000786b00000| Complete 
| 108|0x0000000786c00000, 0x0000000786d00000, 0x0000000786d00000|100%| E|CS|TAMS 0x0000000786c00000, 0x0000000786c00000| Complete 
| 109|0x0000000786d00000, 0x0000000786e00000, 0x0000000786e00000|100%| E|CS|TAMS 0x0000000786d00000, 0x0000000786d00000| Complete 
| 110|0x0000000786e00000, 0x0000000786f00000, 0x0000000786f00000|100%| E|CS|TAMS 0x0000000786e00000, 0x0000000786e00000| Complete 
| 111|0x0000000786f00000, 0x0000000787000000, 0x0000000787000000|100%| E|CS|TAMS 0x0000000786f00000, 0x0000000786f00000| Complete 
| 112|0x0000000787000000, 0x0000000787100000, 0x0000000787100000|100%| E|CS|TAMS 0x0000000787000000, 0x0000000787000000| Complete 
| 113|0x0000000787100000, 0x0000000787200000, 0x0000000787200000|100%| E|CS|TAMS 0x0000000787100000, 0x0000000787100000| Complete 
| 114|0x0000000787200000, 0x0000000787300000, 0x0000000787300000|100%| E|CS|TAMS 0x0000000787200000, 0x0000000787200000| Complete 
| 115|0x0000000787300000, 0x0000000787400000, 0x0000000787400000|100%| E|CS|TAMS 0x0000000787300000, 0x0000000787300000| Complete 
| 116|0x0000000787400000, 0x0000000787500000, 0x0000000787500000|100%| E|CS|TAMS 0x0000000787400000, 0x0000000787400000| Complete 
| 117|0x0000000787500000, 0x0000000787600000, 0x0000000787600000|100%| E|CS|TAMS 0x0000000787500000, 0x0000000787500000| Complete 
| 118|0x0000000787600000, 0x0000000787700000, 0x0000000787700000|100%| E|CS|TAMS 0x0000000787600000, 0x0000000787600000| Complete 
| 119|0x0000000787700000, 0x0000000787800000, 0x0000000787800000|100%| E|CS|TAMS 0x0000000787700000, 0x0000000787700000| Complete 
| 120|0x0000000787800000, 0x0000000787900000, 0x0000000787900000|100%| E|CS|TAMS 0x0000000787800000, 0x0000000787800000| Complete 
| 121|0x0000000787900000, 0x0000000787a00000, 0x0000000787a00000|100%| E|CS|TAMS 0x0000000787900000, 0x0000000787900000| Complete 
| 122|0x0000000787a00000, 0x0000000787b00000, 0x0000000787b00000|100%| E|CS|TAMS 0x0000000787a00000, 0x0000000787a00000| Complete 
| 123|0x0000000787b00000, 0x0000000787c00000, 0x0000000787c00000|100%| E|CS|TAMS 0x0000000787b00000, 0x0000000787b00000| Complete 
| 124|0x0000000787c00000, 0x0000000787d00000, 0x0000000787d00000|100%| E|CS|TAMS 0x0000000787c00000, 0x0000000787c00000| Complete 
| 125|0x0000000787d00000, 0x0000000787e00000, 0x0000000787e00000|100%| E|CS|TAMS 0x0000000787d00000, 0x0000000787d00000| Complete 
| 126|0x0000000787e00000, 0x0000000787f00000, 0x0000000787f00000|100%| E|CS|TAMS 0x0000000787e00000, 0x0000000787e00000| Complete 
| 127|0x0000000787f00000, 0x0000000788000000, 0x0000000788000000|100%| E|CS|TAMS 0x0000000787f00000, 0x0000000787f00000| Complete 
|2046|0x00000007ffe00000, 0x00000007ffe78000, 0x00000007fff00000| 46%|OA|  |TAMS 0x00000007ffe00000, 0x00000007ffe00000| Untracked 
|2047|0x00000007fff00000, 0x00000007fff80000, 0x0000000800000000| 50%|CA|  |TAMS 0x00000007fff00000, 0x00000007fff00000| Untracked 

Card table byte_map: [0x000000010134c000,0x000000010174c000] _byte_map_base: 0x00000000fd74c000

Marking Bits (Prev, Next): (CMBitMap*) 0x000000011f82de10, (CMBitMap*) 0x000000011f82de50
 Prev Bits: [0x0000000119284000, 0x000000011b284000)
 Next Bits: [0x000000011b284000, 0x000000011d284000)

Polling page: 0x0000000100bac000

Metaspace:

Usage:
  Non-class:     13.89 MB used.
      Class:      2.44 MB used.
       Both:     16.33 MB used.

Virtual space:
  Non-class space:       16.00 MB reserved,      14.06 MB ( 88%) committed,  2 nodes.
      Class space:        1.00 GB reserved,       2.56 MB ( <1%) committed,  1 nodes.
             Both:        1.02 GB reserved,      16.62 MB (  2%) committed. 

Chunk freelists:
   Non-Class:  1.61 MB
       Class:  1.41 MB
        Both:  3.02 MB

MaxMetaspaceSize: unlimited
CompressedClassSpaceSize: 1.00 GB
Initial GC threshold: 21.00 MB
Current GC threshold: 21.00 MB
CDS: on
MetaspaceReclaimPolicy: balanced
 - commit_granule_bytes: 65536.
 - commit_granule_words: 8192.
 - virtual_space_node_default_size: 1048576.
 - enlarge_chunks_in_place: 1.
 - new_chunks_are_fully_committed: 0.
 - uncommit_free_chunks: 1.
 - use_allocation_guard: 0.
 - handle_deallocations: 1.


Internal statistics:

num_allocs_failed_limit: 0.
num_arena_births: 222.
num_arena_deaths: 0.
num_vsnodes_births: 3.
num_vsnodes_deaths: 0.
num_space_committed: 266.
num_space_uncommitted: 0.
num_chunks_returned_to_freelist: 0.
num_chunks_taken_from_freelist: 777.
num_chunk_merges: 0.
num_chunk_splits: 534.
num_chunks_enlarged: 412.
num_purges: 0.
num_inconsistent_stats: 0.

CodeHeap 'non-profiled nmethods': size=120032Kb used=1172Kb max_used=1172Kb free=118859Kb
 bounds [0x0000000111d4c000, 0x0000000111fbc000, 0x0000000119284000]
CodeHeap 'profiled nmethods': size=120016Kb used=5662Kb max_used=5662Kb free=114353Kb
 bounds [0x000000010a818000, 0x000000010ada8000, 0x0000000111d4c000]
CodeHeap 'non-nmethods': size=5712Kb used=1387Kb max_used=1438Kb free=4324Kb
 bounds [0x000000010a284000, 0x000000010a4f4000, 0x000000010a818000]
 total_blobs=3568 nmethods=2790 adapters=694
 compilation: enabled
              stopped_count=0, restarted_count=0
 full_count=0

Compilation events (20 events):
Event: 2.925 Thread 0x000000011f8ba200 2843       3       javafx.event.Event::fireEvent (35 bytes)
Event: 2.926 Thread 0x000000011f8ba200 nmethod 2843 0x000000010ad8d410 code [0x000000010ad8d600, 0x000000010ad8d938]
Event: 2.926 Thread 0x000000011f8ba200 2844   !   3       com.sun.javafx.event.EventUtil::fireEvent (81 bytes)
Event: 2.928 Thread 0x000000011f8ba200 nmethod 2844 0x000000010ad8da90 code [0x000000010ad8dec0, 0x000000010ad8f298]
Event: 2.948 Thread 0x000000011f8b9c00 2845       4       java.lang.ThreadLocal::get (38 bytes)
Event: 2.950 Thread 0x000000011f8b9c00 nmethod 2845 0x0000000111e6f790 code [0x0000000111e6f940, 0x0000000111e6fb10]
Event: 2.982 Thread 0x000000011f8ba200 2846       3       javafx.scene.Node::processCSS (103 bytes)
Event: 2.982 Thread 0x000000011f8b9c00 2847       4       com.sun.javafx.css.ParsedValueImpl::hashCode (236 bytes)
Event: 2.983 Thread 0x000000011f8ba200 nmethod 2846 0x000000010ad8fa10 code [0x000000010ad8fcc0, 0x000000010ad90848]
Event: 2.983 Thread 0x000000011f8ba200 2849       3       javafx.scene.Node::setLayoutX (9 bytes)
Event: 2.983 Thread 0x000000011f8ba200 nmethod 2849 0x000000010ad90b90 code [0x000000010ad90d40, 0x000000010ad90fc8]
Event: 2.983 Thread 0x000000011f8ba200 2850       3       javafx.scene.Node::layoutXProperty (25 bytes)
Event: 2.984 Thread 0x000000011f8ba200 nmethod 2850 0x000000010ad91110 code [0x000000010ad91300, 0x000000010ad91868]
Event: 2.984 Thread 0x000000011f8ba200 2853       3       javafx.scene.layout.Region::getPrefWidth (22 bytes)
Event: 2.984 Thread 0x000000011f8ba200 nmethod 2853 0x000000010ad91a90 code [0x000000010ad91c80, 0x000000010ad92098]
Event: 2.984 Thread 0x000000011f8ba200 2851       3       javafx.scene.Node::setLayoutY (9 bytes)
Event: 2.984 Thread 0x000000011f8ba200 nmethod 2851 0x000000010ad92210 code [0x000000010ad923c0, 0x000000010ad92648]
Event: 2.984 Thread 0x000000011f8ba200 2852       3       javafx.scene.Node::layoutYProperty (25 bytes)
Event: 2.984 Thread 0x000000011f8ba200 nmethod 2852 0x000000010ad92790 code [0x000000010ad92980, 0x000000010ad92ee8]
Event: 2.984 Thread 0x000000011f8ba200 2854       3       javafx.scene.Parent::recomputeBounds (163 bytes)

GC Heap History (2 events):
Event: 0.351 GC heap before
{Heap before GC invocations=0 (full 0):
 garbage-first heap   total 133120K, used 23520K [0x0000000780000000, 0x0000000800000000)
  region size 1024K, 23 young (23552K), 0 survivors (0K)
 Metaspace       used 7497K, committed 7680K, reserved 1056768K
  class space    used 956K, committed 1024K, reserved 1048576K
}
Event: 0.353 GC heap after
{Heap after GC invocations=1 (full 0):
 garbage-first heap   total 133120K, used 4333K [0x0000000780000000, 0x0000000800000000)
  region size 1024K, 3 young (3072K), 3 survivors (3072K)
 Metaspace       used 7497K, committed 7680K, reserved 1056768K
  class space    used 956K, committed 1024K, reserved 1048576K
}

Deoptimization events (20 events):
Event: 1.356 Thread 0x000000011f8b4200 Uncommon trap: trap_request=0xffffffbe fr.pc=0x0000000111e39224 relative=0x00000000000004a4
Event: 1.356 Thread 0x000000011f8b4200 Uncommon trap: reason=profile_predicate action=maybe_recompile pc=0x0000000111e39224 method=com.sun.javafx.css.BitSet.addAll(Ljava/util/Collection;)Z @ 86 c2
Event: 1.356 Thread 0x000000011f8b4200 DEOPT PACKING pc=0x0000000111e39224 sp=0x000000016f3d1630
Event: 1.356 Thread 0x000000011f8b4200 DEOPT UNPACKING pc=0x000000010a2c2d1c sp=0x000000016f3d1560 mode 2
Event: 1.356 Thread 0x000000011f8b4200 Uncommon trap: trap_request=0xffffffbe fr.pc=0x0000000111e39224 relative=0x00000000000004a4
Event: 1.356 Thread 0x000000011f8b4200 Uncommon trap: reason=profile_predicate action=maybe_recompile pc=0x0000000111e39224 method=com.sun.javafx.css.BitSet.addAll(Ljava/util/Collection;)Z @ 86 c2
Event: 1.356 Thread 0x000000011f8b4200 DEOPT PACKING pc=0x0000000111e39224 sp=0x000000016f3d1630
Event: 1.356 Thread 0x000000011f8b4200 DEOPT UNPACKING pc=0x000000010a2c2d1c sp=0x000000016f3d1560 mode 2
Event: 1.359 Thread 0x000000011f8b4200 Uncommon trap: trap_request=0xffffffde fr.pc=0x0000000111e17bf4 relative=0x00000000000001f4
Event: 1.359 Thread 0x000000011f8b4200 Uncommon trap: reason=class_check action=maybe_recompile pc=0x0000000111e17bf4 method=java.util.WeakHashMap.matchesKey(Ljava/util/WeakHashMap$Entry;Ljava/lang/Object;)Z @ 21 c2
Event: 1.359 Thread 0x000000011f8b4200 DEOPT PACKING pc=0x0000000111e17bf4 sp=0x000000016f3d0e30
Event: 1.359 Thread 0x000000011f8b4200 DEOPT UNPACKING pc=0x000000010a2c2d1c sp=0x000000016f3d0d40 mode 2
Event: 1.375 Thread 0x0000000130809400 DEOPT PACKING pc=0x000000010ac527a4 sp=0x0000000171e60c00
Event: 1.375 Thread 0x0000000130809400 DEOPT UNPACKING pc=0x000000010a2c2b7c sp=0x0000000171e60800 mode 0
Event: 1.377 Thread 0x0000000130809400 DEOPT PACKING pc=0x000000010ac52080 sp=0x0000000171e605e0
Event: 1.377 Thread 0x0000000130809400 DEOPT UNPACKING pc=0x000000010a2c2b7c sp=0x0000000171e601e0 mode 0
Event: 1.378 Thread 0x0000000130809400 DEOPT PACKING pc=0x000000010ac52080 sp=0x0000000171e5fb00
Event: 1.378 Thread 0x0000000130809400 DEOPT UNPACKING pc=0x000000010a2c2b7c sp=0x0000000171e5f700 mode 0
Event: 1.432 Thread 0x0000000130809400 DEOPT PACKING pc=0x000000010ac52080 sp=0x0000000171e60c00
Event: 1.432 Thread 0x0000000130809400 DEOPT UNPACKING pc=0x000000010a2c2b7c sp=0x0000000171e60800 mode 0

Classes unloaded (0 events):
No events

Classes redefined (0 events):
No events

Internal exceptions (20 events):
Event: 0.439 Thread 0x000000011f8b4200 Exception <a 'sun/nio/fs/UnixException'{0x000000078769a0f0}> (0x000000078769a0f0) 
thrown [open/src/hotspot/share/prims/jni.cpp, line 516]
Event: 0.446 Thread 0x000000011f8b4200 Implicit null exception at 0x0000000111d96810 to 0x0000000111d96ccc
Event: 0.446 Thread 0x000000011f8b4200 Implicit null exception at 0x0000000111d92bd0 to 0x0000000111d9304c
Event: 0.485 Thread 0x000000011f8b4200 Exception <a 'java/lang/NoSuchMethodError'{0x0000000787239b50}: 'int java.lang.invoke.DirectMethodHandle$Holder.invokeStaticInit(java.lang.Object, java.lang.Object)'> (0x0000000787239b50) 
thrown [open/src/hotspot/share/interpreter/linkResolver.cpp, line 766]
Event: 0.500 Thread 0x000000011f8b4200 Exception <a 'java/lang/NoSuchMethodError'{0x0000000786f392e8}: 'void java.lang.invoke.DirectMethodHandle$Holder.invokeSpecial(java.lang.Object, java.lang.Object, java.lang.Object, java.lang.Object, java.lang.Object, java.lang.Object)'> (0x0000000786f392e8) 
thrown [open/src/hotspot/share/interpreter/linkResolver.cpp, line 766]
Event: 0.510 Thread 0x000000011f8b4200 Exception <a 'java/lang/NoSuchMethodError'{0x0000000786e94240}: 'java.lang.Object java.lang.invoke.DirectMethodHandle$Holder.invokeInterface(java.lang.Object, java.lang.Object, java.lang.Object)'> (0x0000000786e94240) 
thrown [open/src/hotspot/share/interpreter/linkResolver.cpp, line 766]
Event: 0.510 Thread 0x000000011f8b4200 Exception <a 'java/lang/IncompatibleClassChangeError'{0x0000000786e97bc8}: Found class java.lang.Object, but interface was expected> (0x0000000786e97bc8) 
thrown [open/src/hotspot/share/interpreter/linkResolver.cpp, line 833]
Event: 0.618 Thread 0x000000011f8b4200 Exception <a 'java/lang/ClassNotFoundException'{0x00000007869f2848}: com/sun/javafx/scene/control/skin/resources/controls> (0x00000007869f2848) 
thrown [open/src/hotspot/share/prims/jni.cpp, line 535]
Event: 0.619 Thread 0x000000011f8b4200 Exception <a 'java/lang/ClassNotFoundException'{0x0000000786501008}: com/sun/javafx/scene/control/skin/resources/controls_zh> (0x0000000786501008) 
thrown [open/src/hotspot/share/prims/jni.cpp, line 535]
Event: 0.619 Thread 0x000000011f8b4200 Exception <a 'java/lang/ClassNotFoundException'{0x0000000786501fb0}: com/sun/javafx/scene/control/skin/resources/controls_zh_TW> (0x0000000786501fb0) 
thrown [open/src/hotspot/share/prims/jni.cpp, line 535]
Event: 0.619 Thread 0x000000011f8b4200 Exception <a 'java/lang/ClassNotFoundException'{0x0000000786510348}: com/sun/javafx/scene/control/skin/resources/controls_zh_Hant> (0x0000000786510348) 
thrown [open/src/hotspot/share/prims/jni.cpp, line 535]
Event: 0.619 Thread 0x000000011f8b4200 Exception <a 'java/lang/ClassNotFoundException'{0x00000007865112f8}: com/sun/javafx/scene/control/skin/resources/controls_zh_Hant_TW> (0x00000007865112f8) 
thrown [open/src/hotspot/share/prims/jni.cpp, line 535]
Event: 0.740 Thread 0x000000011f8b4200 Exception <a 'java/lang/NoSuchMethodError'{0x0000000785edcb38}: 'long java.lang.invoke.DirectMethodHandle$Holder.invokeStatic(java.lang.Object, java.lang.Object, java.lang.Object)'> (0x0000000785edcb38) 
thrown [open/src/hotspot/share/interpreter/linkResolver.cpp, line 766]
Event: 0.740 Thread 0x000000011f8b4200 Exception <a 'java/lang/NoSuchMethodError'{0x0000000785ee02e0}: 'long java.lang.invoke.DirectMethodHandle$Holder.invokeStaticInit(java.lang.Object, java.lang.Object, java.lang.Object)'> (0x0000000785ee02e0) 
thrown [open/src/hotspot/share/interpreter/linkResolver.cpp, line 766]
Event: 0.740 Thread 0x000000011f8b4200 Exception <a 'java/lang/NoSuchMethodError'{0x0000000785ef7ee8}: 'java.lang.Object java.lang.invoke.DirectMethodHandle$Holder.newInvokeSpecial(java.lang.Object, java.lang.Object, long)'> (0x0000000785ef7ee8) 
thrown [open/src/hotspot/share/interpreter/linkResolver.cpp, line 766]
Event: 0.741 Thread 0x000000011f8b4200 Exception <a 'java/lang/NoSuchMethodError'{0x0000000785efb7b0}: 'java.lang.Object java.lang.invoke.Invokers$Holder.linkToTargetMethod(java.lang.Object, long, java.lang.Object)'> (0x0000000785efb7b0) 
thrown [open/src/hotspot/share/interpreter/linkResolver.cpp, line 766]
Event: 0.774 Thread 0x0000000130809400 Exception <a 'java/lang/NoSuchMethodError'{0x000000078590f190}: 'java.lang.Object java.lang.invoke.DirectMethodHandle$Holder.invokeStaticInit(java.lang.Object, int)'> (0x000000078590f190) 
thrown [open/src/hotspot/share/interpreter/linkResolver.cpp, line 766]
Event: 1.369 Thread 0x000000011f8b4200 Exception <a 'java/lang/NoSuchMethodError'{0x00000007856fefd0}: 'java.lang.Object java.lang.invoke.DirectMethodHandle$Holder.newInvokeSpecial(java.lang.Object, java.lang.Object, int, int, int, int, int, java.lang.Object)'> (0x00000007856fefd0) 
thrown [open/src/hotspot/share/interpreter/linkResolver.cpp, line 766]
Event: 1.369 Thread 0x000000011f8b4200 Exception <a 'java/lang/NoSuchMethodError'{0x00000007855127b0}: 'java.lang.Object java.lang.invoke.DirectMethodHandle$Holder.newInvokeSpecial(java.lang.Object, java.lang.Object, java.lang.Object, int, int, int, int, int)'> (0x00000007855127b0) 
thrown [open/src/hotspot/share/interpreter/linkResolver.cpp, line 766]
Event: 1.369 Thread 0x000000011f8b4200 Exception <a 'java/lang/NoSuchMethodError'{0x000000078551a010}: 'java.lang.Object java.lang.invoke.Invokers$Holder.linkToTargetMethod(java.lang.Object, java.lang.Object, int, int, int, int, int, java.lang.Object)'> (0x000000078551a010) 
thrown [open/src/hotspot/share/interpreter/linkResolver.cpp, line 766]

VM Operations (20 events):
Event: 0.386 Executing VM operation: ICBufferFull
Event: 0.387 Executing VM operation: ICBufferFull done
Event: 0.432 Executing VM operation: HandshakeAllThreads
Event: 0.432 Executing VM operation: HandshakeAllThreads done
Event: 0.515 Executing VM operation: ICBufferFull
Event: 0.515 Executing VM operation: ICBufferFull done
Event: 0.608 Executing VM operation: ICBufferFull
Event: 0.608 Executing VM operation: ICBufferFull done
Event: 0.649 Executing VM operation: ICBufferFull
Event: 0.649 Executing VM operation: ICBufferFull done
Event: 0.719 Executing VM operation: ICBufferFull
Event: 0.719 Executing VM operation: ICBufferFull done
Event: 1.215 Executing VM operation: ICBufferFull
Event: 1.215 Executing VM operation: ICBufferFull done
Event: 1.353 Executing VM operation: ICBufferFull
Event: 1.353 Executing VM operation: ICBufferFull done
Event: 1.747 Executing VM operation: ICBufferFull
Event: 1.747 Executing VM operation: ICBufferFull done
Event: 2.752 Executing VM operation: Cleanup
Event: 2.752 Executing VM operation: Cleanup done

Events (20 events):
Event: 1.269 loading class sun/util/resources/OpenListResourceBundle
Event: 1.269 loading class sun/util/resources/OpenListResourceBundle done
Event: 1.269 loading class sun/util/resources/TimeZoneNamesBundle done
Event: 1.269 loading class sun/util/resources/cldr/TimeZoneNames done
Event: 1.269 loading class sun/util/resources/cldr/TimeZoneNames_en
Event: 1.269 loading class sun/util/resources/cldr/TimeZoneNames_en done
Event: 1.269 loading class sun/util/resources/cldr/TimeZoneNames_en_US
Event: 1.269 loading class sun/util/resources/cldr/TimeZoneNames_en_US done
Event: 1.270 loading class sun/util/resources/TimeZoneNames
Event: 1.270 loading class sun/util/resources/TimeZoneNames done
Event: 1.270 loading class sun/util/resources/TimeZoneNames_en
Event: 1.270 loading class sun/util/resources/TimeZoneNames_en done
Event: 2.124 loading class java/io/FileWriter
Event: 2.125 loading class java/io/FileWriter done
Event: 2.127 loading class java/io/FileOutputStream$1
Event: 2.127 loading class java/io/FileOutputStream$1 done
Event: 2.715 Protecting memory [0x0000000172078000,0x0000000172084000] with protection modes 3
Event: 2.715 Thread 0x00000001309a9800 Thread exited: 0x00000001309a9800
Event: 2.798 Protecting memory [0x0000000172078000,0x0000000172084000] with protection modes 0
Event: 2.798 Thread 0x0000000129009e00 Thread added: 0x0000000129009e00


Dynamic libraries:
0x0000000100b5c000 	/Library/Java/JavaVirtualMachines/jdk-17.0.1.jdk/Contents/Home/lib/libjli.dylib
0x00000001b007a000 	/usr/lib/libz.1.dylib
0x00000001b012a000 	/usr/lib/libSystem.B.dylib
0x00000001b0124000 	/usr/lib/system/libcache.dylib
0x00000001b00e2000 	/usr/lib/system/libcommonCrypto.dylib
0x00000001b010b000 	/usr/lib/system/libcompiler_rt.dylib
0x00000001b0102000 	/usr/lib/system/libcopyfile.dylib
0x00000001a542e000 	/usr/lib/system/libcorecrypto.dylib
0x00000001a54d3000 	/usr/lib/system/libdispatch.dylib
0x00000001a569b000 	/usr/lib/system/libdyld.dylib
0x00000001b011a000 	/usr/lib/system/libkeymgr.dylib
0x00000001b00c4000 	/usr/lib/system/libmacho.dylib
0x00000001af7d0000 	/usr/lib/system/libquarantine.dylib
0x00000001b0117000 	/usr/lib/system/libremovefile.dylib
0x00000001aa81d000 	/usr/lib/system/libsystem_asl.dylib
0x00000001a53d8000 	/usr/lib/system/libsystem_blocks.dylib
0x00000001a5559000 	/usr/lib/system/libsystem_c.dylib
0x00000001b010f000 	/usr/lib/system/libsystem_collections.dylib
0x00000001aec2d000 	/usr/lib/system/libsystem_configuration.dylib
0x00000001adeb3000 	/usr/lib/system/libsystem_containermanager.dylib
0x00000001afe2e000 	/usr/lib/system/libsystem_coreservices.dylib
0x00000001a7dc0000 	/usr/lib/system/libsystem_darwin.dylib
0x00000001b011b000 	/usr/lib/system/libsystem_dnssd.dylib
0x00000001a5556000 	/usr/lib/system/libsystem_featureflags.dylib
0x00000001a56b0000 	/usr/lib/system/libsystem_info.dylib
0x00000001b008c000 	/usr/lib/system/libsystem_m.dylib
0x00000001a54a8000 	/usr/lib/system/libsystem_malloc.dylib
0x00000001aa7ae000 	/usr/lib/system/libsystem_networkextension.dylib
0x00000001a8213000 	/usr/lib/system/libsystem_notify.dylib
0x00000001b62f7000 	/usr/lib/system/libsystem_product_info_filter.dylib
0x00000001aec32000 	/usr/lib/system/libsystem_sandbox.dylib
0x00000001b0114000 	/usr/lib/system/libsystem_secinit.dylib
0x00000001a5658000 	/usr/lib/system/libsystem_kernel.dylib
0x00000001a56a8000 	/usr/lib/system/libsystem_platform.dylib
0x00000001a568e000 	/usr/lib/system/libsystem_pthread.dylib
0x00000001abf53000 	/usr/lib/system/libsystem_symptoms.dylib
0x00000001a5414000 	/usr/lib/system/libsystem_trace.dylib
0x00000001b00ef000 	/usr/lib/system/libunwind.dylib
0x00000001a53da000 	/usr/lib/system/libxpc.dylib
0x00000001a563e000 	/usr/lib/libc++abi.dylib
0x00000001a551a000 	/usr/lib/libobjc.A.dylib
0x00000001b00fa000 	/usr/lib/liboah.dylib
0x00000001a55da000 	/usr/lib/libc++.1.dylib
0x00000001bbcd4000 	/System/Library/Frameworks/Cocoa.framework/Versions/A/Cocoa
0x00000001a8272000 	/System/Library/Frameworks/AppKit.framework/Versions/C/AppKit
0x00000001ab794000 	/System/Library/Frameworks/CoreData.framework/Versions/A/CoreData
0x00000001a65d3000 	/System/Library/Frameworks/Foundation.framework/Versions/C/Foundation
0x00000001a9124000 	/System/Library/PrivateFrameworks/UIFoundation.framework/Versions/A/UIFoundation
0x00000001b5ff1000 	/System/Library/PrivateFrameworks/RemoteViewServices.framework/Versions/A/RemoteViewServices
0x00000001ae5ec000 	/System/Library/PrivateFrameworks/XCTTargetBootstrap.framework/Versions/A/XCTTargetBootstrap
0x00000001b1e2c000 	/System/Library/PrivateFrameworks/InternationalSupport.framework/Versions/A/InternationalSupport
0x00000001b1eb5000 	/System/Library/PrivateFrameworks/UserActivity.framework/Versions/A/UserActivity
0x00000001b1357000 	/usr/lib/libspindump.dylib
0x00000001a9394000 	/System/Library/Frameworks/UniformTypeIdentifiers.framework/Versions/A/UniformTypeIdentifiers
0x00000001acb7a000 	/usr/lib/libapp_launch_measurement.dylib
0x00000001ac0f7000 	/System/Library/PrivateFrameworks/CoreAnalytics.framework/Versions/A/CoreAnalytics
0x00000001acb7d000 	/System/Library/PrivateFrameworks/CoreAutoLayout.framework/Versions/A/CoreAutoLayout
0x00000001adef0000 	/System/Library/Frameworks/Metal.framework/Versions/A/Metal
0x00000001aec3d000 	/usr/lib/liblangid.dylib
0x00000001ae5f0000 	/System/Library/PrivateFrameworks/CoreSVG.framework/Versions/A/CoreSVG
0x00000001aa851000 	/System/Library/PrivateFrameworks/SkyLight.framework/Versions/A/SkyLight
0x00000001aac19000 	/System/Library/Frameworks/CoreGraphics.framework/Versions/A/CoreGraphics
0x00000001b666a000 	/System/Library/Frameworks/Accelerate.framework/Versions/A/Accelerate
0x00000001b0dcc000 	/System/Library/PrivateFrameworks/IconServices.framework/Versions/A/IconServices
0x00000001aded2000 	/System/Library/Frameworks/IOSurface.framework/Versions/A/IOSurface
0x00000001ac127000 	/usr/lib/libDiagnosticMessagesClient.dylib
0x00000001b9aa2000 	/System/Library/Frameworks/ApplicationServices.framework/Versions/A/ApplicationServices
0x00000001ae5d4000 	/System/Library/PrivateFrameworks/DFRFoundation.framework/Versions/A/DFRFoundation
0x00000001a7b15000 	/usr/lib/libicucore.A.dylib
0x00000001b2c29000 	/System/Library/Frameworks/AudioToolbox.framework/Versions/A/AudioToolbox
0x00000001b1e38000 	/System/Library/PrivateFrameworks/DataDetectorsCore.framework/Versions/A/DataDetectorsCore
0x00000001c7e54000 	/System/Library/PrivateFrameworks/TextInput.framework/Versions/A/TextInput
0x00000001aa7c8000 	/usr/lib/libMobileGestalt.dylib
0x00000001ae2a4000 	/System/Library/Frameworks/Carbon.framework/Versions/A/Frameworks/HIToolbox.framework/Versions/A/HIToolbox
0x00000001ac584000 	/System/Library/Frameworks/QuartzCore.framework/Versions/A/QuartzCore
0x00000001a7792000 	/System/Library/Frameworks/Security.framework/Versions/A/Security
0x00000001b6031000 	/System/Library/Frameworks/Carbon.framework/Versions/A/Frameworks/SpeechRecognition.framework/Versions/A/SpeechRecognition
0x00000001ac8d1000 	/System/Library/PrivateFrameworks/CoreUI.framework/Versions/A/CoreUI
0x00000001a7065000 	/System/Library/Frameworks/CoreAudio.framework/Versions/A/CoreAudio
0x00000001ac217000 	/System/Library/Frameworks/DiskArbitration.framework/Versions/A/DiskArbitration
0x00000001b173f000 	/System/Library/PrivateFrameworks/MultitouchSupport.framework/Versions/A/MultitouchSupport
0x00000001aa7c6000 	/usr/lib/libenergytrace.dylib
0x00000001a813e000 	/System/Library/Frameworks/IOKit.framework/Versions/A/IOKit
0x00000001b6418000 	/System/Library/Frameworks/CoreServices.framework/Versions/A/CoreServices
0x00000001acb0a000 	/System/Library/PrivateFrameworks/PerformanceAnalysis.framework/Versions/A/PerformanceAnalysis
0x0000000206679000 	/System/Library/Frameworks/OpenGL.framework/Versions/A/OpenGL
0x00000001af6f0000 	/System/Library/PrivateFrameworks/MobileKeyBag.framework/Versions/A/MobileKeyBag
0x00000001ab229000 	/System/Library/Frameworks/ColorSync.framework/Versions/A/ColorSync
0x00000001a56dc000 	/System/Library/Frameworks/CoreFoundation.framework/Versions/A/CoreFoundation
0x00000001ae871000 	/System/Library/Frameworks/CoreImage.framework/Versions/A/CoreImage
0x00000001a6e88000 	/System/Library/Frameworks/CoreText.framework/Versions/A/CoreText
0x00000001ae620000 	/System/Library/Frameworks/ImageIO.framework/Versions/A/ImageIO
0x00000001b0130000 	/System/Library/PrivateFrameworks/SoftLinking.framework/Versions/A/SoftLinking
0x00000001acbc7000 	/usr/lib/libxml2.2.dylib
0x00000001b03c8000 	/usr/lib/libcompression.dylib
0x00000001b1d85000 	/System/Library/PrivateFrameworks/TextureIO.framework/Versions/A/TextureIO
0x00000001b0ae6000 	/usr/lib/libate.dylib
0x00000001b09ae000 	/usr/lib/liblzma.5.dylib
0x00000001a62c4000 	/System/Library/Frameworks/SystemConfiguration.framework/Versions/A/SystemConfiguration
0x00000001b012c000 	/usr/lib/libfakelink.dylib
0x00000001aa2f6000 	/System/Library/Frameworks/CFNetwork.framework/Versions/A/CFNetwork
0x00000001b0273000 	/usr/lib/libarchive.2.dylib
0x00000001aec39000 	/System/Library/PrivateFrameworks/AppleSystemInfo.framework/Versions/A/AppleSystemInfo
0x00000001af7fa000 	/usr/lib/libbsm.0.dylib
0x00000001a9833000 	/usr/lib/libnetwork.dylib
0x00000001b00ca000 	/usr/lib/system/libkxld.dylib
0x00000001af412000 	/System/Library/PrivateFrameworks/IOMobileFramebuffer.framework/Versions/A/IOMobileFramebuffer
0x0000000221fa4000 	/usr/lib/libCoreEntitlements.dylib
0x00000001afe10000 	/System/Library/PrivateFrameworks/AppleFSCompression.framework/Versions/A/AppleFSCompression
0x00000001af7e3000 	/usr/lib/libcoretls.dylib
0x00000001b09c7000 	/usr/lib/libcoretls_cfhelpers.dylib
0x00000001b03c3000 	/usr/lib/libpam.2.dylib
0x00000001abb7b000 	/usr/lib/libsqlite3.dylib
0x00000001b0a2f000 	/usr/lib/libxar.1.dylib
0x00000001afe21000 	/usr/lib/libbz2.1.0.dylib
0x00000001b0131000 	/usr/lib/libpcap.A.dylib
0x00000001abf4a000 	/usr/lib/libdns_services.dylib
0x00000001b0396000 	/usr/lib/libapple_nghttp2.dylib
0x00000001b016e000 	/usr/lib/libiconv.2.dylib
0x00000001b00c3000 	/usr/lib/libcharset.1.dylib
0x00000001acb46000 	/System/Library/Frameworks/CoreServices.framework/Versions/A/Frameworks/FSEvents.framework/Versions/A/FSEvents
0x00000001a7dcb000 	/System/Library/Frameworks/CoreServices.framework/Versions/A/Frameworks/CarbonCore.framework/Versions/A/CarbonCore
0x00000001ac17a000 	/System/Library/Frameworks/CoreServices.framework/Versions/A/Frameworks/Metadata.framework/Versions/A/Metadata
0x00000001afe34000 	/System/Library/Frameworks/CoreServices.framework/Versions/A/Frameworks/OSServices.framework/Versions/A/OSServices
0x00000001b02f8000 	/System/Library/Frameworks/CoreServices.framework/Versions/A/Frameworks/SearchKit.framework/Versions/A/SearchKit
0x00000001abed8000 	/System/Library/Frameworks/CoreServices.framework/Versions/A/Frameworks/AE.framework/Versions/A/AE
0x00000001a5c20000 	/System/Library/Frameworks/CoreServices.framework/Versions/A/Frameworks/LaunchServices.framework/Versions/A/LaunchServices
0x00000001b0957000 	/System/Library/Frameworks/CoreServices.framework/Versions/A/Frameworks/DictionaryServices.framework/Versions/A/DictionaryServices
0x00000001acb53000 	/System/Library/Frameworks/CoreServices.framework/Versions/A/Frameworks/SharedFileList.framework/Versions/A/SharedFileList
0x00000001af7d3000 	/usr/lib/libCheckFix.dylib
0x00000001aa835000 	/System/Library/PrivateFrameworks/TCC.framework/Versions/A/TCC
0x00000001aec3f000 	/System/Library/PrivateFrameworks/CoreNLP.framework/Versions/A/CoreNLP
0x00000001ac12a000 	/System/Library/PrivateFrameworks/MetadataUtilities.framework/Versions/A/MetadataUtilities
0x00000001a637d000 	/usr/lib/libmecabra.dylib
0x00000001af80b000 	/usr/lib/libmecab.dylib
0x00000001a6349000 	/usr/lib/libCRFSuite.dylib
0x00000001af869000 	/usr/lib/libgermantok.dylib
0x00000001b036f000 	/usr/lib/libThaiTokenizer.dylib
0x00000001ac21f000 	/System/Library/Frameworks/Accelerate.framework/Versions/A/Frameworks/vImage.framework/Versions/A/vImage
0x00000001b63ef000 	/System/Library/Frameworks/Accelerate.framework/Versions/A/Frameworks/vecLib.framework/Versions/A/vecLib
0x00000001b0a73000 	/System/Library/Frameworks/Accelerate.framework/Versions/A/Frameworks/vecLib.framework/Versions/A/libvMisc.dylib
0x00000001af31c000 	/System/Library/Frameworks/Accelerate.framework/Versions/A/Frameworks/vecLib.framework/Versions/A/libvDSP.dylib
0x00000001a5fa3000 	/System/Library/Frameworks/Accelerate.framework/Versions/A/Frameworks/vecLib.framework/Versions/A/libBLAS.dylib
0x00000001b0497000 	/System/Library/Frameworks/Accelerate.framework/Versions/A/Frameworks/vecLib.framework/Versions/A/libLAPACK.dylib
0x00000001af86c000 	/System/Library/Frameworks/Accelerate.framework/Versions/A/Frameworks/vecLib.framework/Versions/A/libLinearAlgebra.dylib
0x00000001b03ae000 	/System/Library/Frameworks/Accelerate.framework/Versions/A/Frameworks/vecLib.framework/Versions/A/libSparseBLAS.dylib
0x00000001b0492000 	/System/Library/Frameworks/Accelerate.framework/Versions/A/Frameworks/vecLib.framework/Versions/A/libQuadrature.dylib
0x00000001aed36000 	/System/Library/Frameworks/Accelerate.framework/Versions/A/Frameworks/vecLib.framework/Versions/A/libBNNS.dylib
0x00000001a6261000 	/System/Library/Frameworks/Accelerate.framework/Versions/A/Frameworks/vecLib.framework/Versions/A/libSparse.dylib
0x00000001aed2e000 	/System/Library/PrivateFrameworks/LinguisticData.framework/Versions/A/LinguisticData
0x00000001a6217000 	/System/Library/PrivateFrameworks/Lexicon.framework/Versions/A/Lexicon
0x00000001b0a6b000 	/usr/lib/libChineseTokenizer.dylib
0x00000001a69c1000 	/System/Library/PrivateFrameworks/LanguageModeling.framework/Versions/A/LanguageModeling
0x00000001b0371000 	/System/Library/PrivateFrameworks/AppleSauce.framework/Versions/A/AppleSauce
0x00000001af3ff000 	/System/Library/PrivateFrameworks/CoreEmoji.framework/Versions/A/CoreEmoji
0x00000001b0261000 	/usr/lib/libcmph.dylib
0x00000001acb26000 	/System/Library/Frameworks/OpenDirectory.framework/Versions/A/Frameworks/CFOpenDirectory.framework/Versions/A/CFOpenDirectory
0x00000001acb16000 	/System/Library/Frameworks/OpenDirectory.framework/Versions/A/OpenDirectory
0x00000001b09c9000 	/System/Library/PrivateFrameworks/APFS.framework/Versions/A/APFS
0x00000001af72b000 	/System/Library/Frameworks/SecurityFoundation.framework/Versions/A/SecurityFoundation
0x00000001b0a3d000 	/usr/lib/libutil.dylib
0x00000001a8100000 	/System/Library/PrivateFrameworks/CoreServicesStore.framework/Versions/A/CoreServicesStore
0x00000001b0a41000 	/usr/lib/libxslt.1.dylib
0x00000001af7bf000 	/System/Library/PrivateFrameworks/BackgroundTaskManagement.framework/Versions/A/BackgroundTaskManagement
0x00000001b1ca6000 	/System/Library/Frameworks/ImageIO.framework/Versions/A/Resources/libRadiance.dylib
0x00000001b1caf000 	/System/Library/Frameworks/ImageIO.framework/Versions/A/Resources/libJPEG.dylib
0x00000001b1c01000 	/System/Library/Frameworks/ImageIO.framework/Versions/A/Resources/libPng.dylib
0x00000001b1c23000 	/System/Library/Frameworks/ImageIO.framework/Versions/A/Resources/libTIFF.dylib
0x00000001b1d0a000 	/System/Library/Frameworks/ImageIO.framework/Versions/A/Resources/libGIF.dylib
0x00000001b164f000 	/System/Library/Frameworks/ImageIO.framework/Versions/A/Resources/libJP2.dylib
0x00000001b0d92000 	/usr/lib/libexpat.1.dylib
0x00000001b160a000 	/System/Library/PrivateFrameworks/AppleJPEG.framework/Versions/A/AppleJPEG
0x00000001ae163000 	/System/Library/PrivateFrameworks/FontServices.framework/libFontParser.dylib
0x00000001abe7d000 	/System/Library/PrivateFrameworks/RunningBoardServices.framework/Versions/A/RunningBoardServices
0x00000001bc33f000 	/System/Library/PrivateFrameworks/IOSurfaceAccelerator.framework/Versions/A/IOSurfaceAccelerator
0x00000001b173b000 	/System/Library/PrivateFrameworks/WatchdogClient.framework/Versions/A/WatchdogClient
0x00000001a6ac5000 	/System/Library/Frameworks/CoreDisplay.framework/Versions/A/CoreDisplay
0x00000001ae052000 	/System/Library/Frameworks/CoreMedia.framework/Versions/A/CoreMedia
0x00000001adee6000 	/System/Library/PrivateFrameworks/IOAccelerator.framework/Versions/A/IOAccelerator
0x00000001accb4000 	/System/Library/Frameworks/CoreVideo.framework/Versions/A/CoreVideo
0x00000001b03c1000 	/System/Library/Frameworks/MetalPerformanceShaders.framework/Versions/A/MetalPerformanceShaders
0x00000001b1778000 	/System/Library/Frameworks/VideoToolbox.framework/Versions/A/VideoToolbox
0x00000001abdc1000 	/System/Library/PrivateFrameworks/BaseBoard.framework/Versions/A/BaseBoard
0x00000001abb60000 	/System/Library/PrivateFrameworks/ProtocolBuffer.framework/Versions/A/ProtocolBuffer
0x00000001b1ca1000 	/System/Library/PrivateFrameworks/GPUWrangler.framework/Versions/A/GPUWrangler
0x00000001b1c80000 	/System/Library/PrivateFrameworks/IOPresentment.framework/Versions/A/IOPresentment
0x00000001b1ca9000 	/System/Library/PrivateFrameworks/DSExternalDisplay.framework/Versions/A/DSExternalDisplay
0x000000020666c000 	/System/Library/Frameworks/OpenGL.framework/Versions/A/Libraries/libCoreFSCache.dylib
0x000000020fd86000 	/System/Library/PrivateFrameworks/GPUCompiler.framework/Versions/31001/Libraries/libGPUCompilerUtils.dylib
0x00000001b1d0f000 	/System/Library/PrivateFrameworks/CMCaptureCore.framework/Versions/A/CMCaptureCore
0x00000001b1345000 	/System/Library/PrivateFrameworks/AppServerSupport.framework/Versions/A/AppServerSupport
0x00000001b34e4000 	/System/Library/PrivateFrameworks/perfdata.framework/Versions/A/perfdata
0x00000001a6be5000 	/System/Library/PrivateFrameworks/AudioToolboxCore.framework/Versions/A/AudioToolboxCore
0x00000001ae02a000 	/System/Library/PrivateFrameworks/caulk.framework/Versions/A/caulk
0x00000001b2dd9000 	/usr/lib/libAudioStatistics.dylib
0x00000001c45f2000 	/System/Library/PrivateFrameworks/SystemPolicy.framework/Versions/A/SystemPolicy
0x00000001b3039000 	/usr/lib/libSMC.dylib
0x00000001bbbb6000 	/System/Library/Frameworks/CoreMIDI.framework/Versions/A/CoreMIDI
0x00000001b1bcf000 	/usr/lib/libAudioToolboxUtility.dylib
0x00000001c0a98000 	/System/Library/PrivateFrameworks/OSAServicesClient.framework/Versions/A/OSAServicesClient
0x00000001b34f1000 	/usr/lib/libperfcheck.dylib
0x00000001c50f5000 	/usr/lib/libmis.dylib
0x00000002066cd000 	/System/Library/Frameworks/OpenGL.framework/Versions/A/Libraries/libGLU.dylib
0x000000020668c000 	/System/Library/Frameworks/OpenGL.framework/Versions/A/Libraries/libGFXShared.dylib
0x0000000206876000 	/System/Library/Frameworks/OpenGL.framework/Versions/A/Libraries/libGL.dylib
0x0000000206695000 	/System/Library/Frameworks/OpenGL.framework/Versions/A/Libraries/libGLImage.dylib
0x0000000206689000 	/System/Library/Frameworks/OpenGL.framework/Versions/A/Libraries/libCVMSPluginSupport.dylib
0x0000000206673000 	/System/Library/Frameworks/OpenGL.framework/Versions/A/Libraries/libCoreVMClient.dylib
0x00000001aebbb000 	/System/Library/Frameworks/MetalPerformanceShaders.framework/Versions/A/Frameworks/MPSCore.framework/Versions/A/MPSCore
0x00000001afd83000 	/System/Library/Frameworks/MetalPerformanceShaders.framework/Versions/A/Frameworks/MPSImage.framework/Versions/A/MPSImage
0x00000001af881000 	/System/Library/Frameworks/MetalPerformanceShaders.framework/Versions/A/Frameworks/MPSNeuralNetwork.framework/Versions/A/MPSNeuralNetwork
0x00000001afcbe000 	/System/Library/Frameworks/MetalPerformanceShaders.framework/Versions/A/Frameworks/MPSMatrix.framework/Versions/A/MPSMatrix
0x00000001afa99000 	/System/Library/Frameworks/MetalPerformanceShaders.framework/Versions/A/Frameworks/MPSRayIntersector.framework/Versions/A/MPSRayIntersector
0x00000001afcef000 	/System/Library/Frameworks/MetalPerformanceShaders.framework/Versions/A/Frameworks/MPSNDArray.framework/Versions/A/MPSNDArray
0x0000000208388000 	/System/Library/Frameworks/MetalPerformanceShaders.framework/Versions/A/Frameworks/MPSFunctions.framework/Versions/A/MPSFunctions
0x00000001a5e81000 	/System/Library/PrivateFrameworks/MetalTools.framework/Versions/A/MetalTools
0x00000001aec37000 	/System/Library/PrivateFrameworks/AggregateDictionary.framework/Versions/A/AggregateDictionary
0x00000001b0b78000 	/usr/lib/libIOReport.dylib
0x00000001baba4000 	/System/Library/PrivateFrameworks/ASEProcessing.framework/Versions/A/ASEProcessing
0x00000001b0eea000 	/System/Library/PrivateFrameworks/FaceCore.framework/Versions/A/FaceCore
0x00000001b0edc000 	/System/Library/PrivateFrameworks/GraphVisualizer.framework/Versions/A/GraphVisualizer
0x000000020fc9d000 	/System/Library/PrivateFrameworks/FontServices.framework/Versions/A/FontServices
0x00000001b12ff000 	/System/Library/PrivateFrameworks/OTSVG.framework/Versions/A/OTSVG
0x00000001ac882000 	/System/Library/Frameworks/ApplicationServices.framework/Versions/A/Frameworks/ATS.framework/Versions/A/Resources/libFontRegistry.dylib
0x00000001b134e000 	/System/Library/PrivateFrameworks/FontServices.framework/libhvf.dylib
0x000000020fc9e000 	/System/Library/PrivateFrameworks/FontServices.framework/libXTFontStaticRegistryData.dylib
0x0000000206a18000 	/System/Library/Frameworks/OpenCL.framework/Versions/A/OpenCL
0x00000001b0d46000 	/System/Library/PrivateFrameworks/AppleVA.framework/Versions/A/AppleVA
0x00000001b2e01000 	/System/Library/Frameworks/ApplicationServices.framework/Versions/A/Frameworks/ATS.framework/Versions/A/ATS
0x00000001ab326000 	/System/Library/Frameworks/ApplicationServices.framework/Versions/A/Frameworks/HIServices.framework/Versions/A/HIServices
0x00000001b1d19000 	/System/Library/Frameworks/ApplicationServices.framework/Versions/A/Frameworks/PrintCore.framework/Versions/A/PrintCore
0x00000001b318c000 	/System/Library/Frameworks/ApplicationServices.framework/Versions/A/Frameworks/QD.framework/Versions/A/QD
0x00000001b3184000 	/System/Library/Frameworks/ApplicationServices.framework/Versions/A/Frameworks/ColorSyncLegacy.framework/Versions/A/ColorSyncLegacy
0x00000001b2ded000 	/System/Library/Frameworks/ApplicationServices.framework/Versions/A/Frameworks/SpeechSynthesis.framework/Versions/A/SpeechSynthesis
0x00000001b1cda000 	/System/Library/Frameworks/ApplicationServices.framework/Versions/A/Frameworks/ATSUI.framework/Versions/A/ATSUI
0x00000001b3119000 	/usr/lib/libcups.2.dylib
0x00000001b34ff000 	/System/Library/Frameworks/Kerberos.framework/Versions/A/Kerberos
0x00000001b3510000 	/System/Library/Frameworks/GSS.framework/Versions/A/GSS
0x00000001b2e70000 	/usr/lib/libresolv.9.dylib
0x00000001b135c000 	/System/Library/PrivateFrameworks/Heimdal.framework/Versions/A/Heimdal
0x00000001b9e18000 	/System/Library/Frameworks/Kerberos.framework/Versions/A/Libraries/libHeimdalProxy.dylib
0x00000001abf5c000 	/System/Library/Frameworks/Network.framework/Versions/A/Network
0x00000001b0dad000 	/usr/lib/libheimdal-asn1.dylib
0x00000001b3556000 	/System/Library/PrivateFrameworks/CommonAuth.framework/Versions/A/CommonAuth
0x00000001b2d67000 	/System/Library/PrivateFrameworks/AudioSession.framework/Versions/A/AudioSession
0x00000001b0e3e000 	/System/Library/PrivateFrameworks/MediaExperience.framework/Versions/A/MediaExperience
0x00000001b2bef000 	/System/Library/PrivateFrameworks/AudioSession.framework/libSessionUtility.dylib
0x00000001b3198000 	/System/Library/PrivateFrameworks/AudioResourceArbitration.framework/Versions/A/AudioResourceArbitration
0x00000001b0db6000 	/System/Library/PrivateFrameworks/IconFoundation.framework/Versions/A/IconFoundation
0x00000001b601d000 	/System/Library/PrivateFrameworks/SpeechRecognitionCore.framework/Versions/A/SpeechRecognitionCore
0x00000001e9796000 	/System/Library/CoreServices/Encodings/libTraditionalChineseConverter.dylib
0x0000000101c20000 	/Library/Java/JavaVirtualMachines/jdk-17.0.1.jdk/Contents/Home/lib/server/libjvm.dylib
0x0000000100bc0000 	/Library/Java/JavaVirtualMachines/jdk-17.0.1.jdk/Contents/Home/lib/libjimage.dylib
0x0000000100bec000 	/Library/Java/JavaVirtualMachines/jdk-17.0.1.jdk/Contents/Home/lib/libinstrument.dylib
0x0000000100c38000 	/Library/Java/JavaVirtualMachines/jdk-17.0.1.jdk/Contents/Home/lib/libjava.dylib
0x0000000101bb4000 	/Library/Java/JavaVirtualMachines/jdk-17.0.1.jdk/Contents/Home/lib/libnio.dylib
0x0000000101bd4000 	/Library/Java/JavaVirtualMachines/jdk-17.0.1.jdk/Contents/Home/lib/libnet.dylib
0x0000000100c20000 	/Library/Java/JavaVirtualMachines/jdk-17.0.1.jdk/Contents/Home/lib/libzip.dylib
0x0000000100c6c000 	/Users/sean/.openjfx/cache/17.0.0.1/libprism_es2.dylib
0x00000001a80c3000 	/System/Library/PrivateFrameworks/CoreServicesInternal.framework/Versions/A/CoreServicesInternal
0x0000000206880000 	/System/Library/Frameworks/OpenGL.framework/Versions/A/Resources/GLEngine.bundle/GLEngine
0x0000000206707000 	/System/Library/Frameworks/OpenGL.framework/Versions/A/Libraries/libGLProgrammability.dylib
0x000000012b57c000 	/System/Library/Extensions/AppleMetalOpenGLRenderer.bundle/Contents/MacOS/AppleMetalOpenGLRenderer
0x00000002069ef000 	/System/Library/Frameworks/OpenGL.framework/Versions/A/Resources/GLRendererFloat.bundle/GLRendererFloat
0x0000000206a90000 	/System/Library/Extensions/AGXMetal13_3.bundle/Contents/MacOS/AGXMetal13_3
0x00000001c5111000 	/System/Library/PrivateFrameworks/GPURawCounter.framework/Versions/A/GPURawCounter
0x00000001bfbe6000 	/System/Library/PrivateFrameworks/IOGPU.framework/Versions/A/IOGPU
0x000000012b4ac000 	/Users/sean/.openjfx/cache/17.0.0.1/libglass.dylib
0x00000001b74bd000 	/System/Library/Frameworks/FileProvider.framework/Versions/A/FileProvider
0x00000001abd29000 	/System/Library/Frameworks/Accounts.framework/Versions/A/Accounts
0x00000001b763d000 	/System/Library/PrivateFrameworks/GenerationalStorage.framework/Versions/A/GenerationalStorage
0x00000001b81ed000 	/System/Library/PrivateFrameworks/CoreSymbolication.framework/Versions/A/CoreSymbolication
0x00000001b725d000 	/System/Library/PrivateFrameworks/SymptomDiagnosticReporter.framework/Versions/A/SymptomDiagnosticReporter
0x00000001a93a8000 	/System/Library/PrivateFrameworks/DesktopServicesPriv.framework/Versions/A/DesktopServicesPriv
0x00000001a8222000 	/usr/lib/libsandbox.1.dylib
0x00000001acd40000 	/System/Library/PrivateFrameworks/UserManagement.framework/Versions/A/UserManagement
0x00000001b81ae000 	/System/Library/PrivateFrameworks/DebugSymbols.framework/Versions/A/DebugSymbols
0x00000001b3177000 	/System/Library/PrivateFrameworks/NetAuth.framework/Versions/A/NetAuth
0x00000001b4075000 	/System/Library/PrivateFrameworks/Sharing.framework/Versions/A/Sharing
0x00000001acd10000 	/System/Library/PrivateFrameworks/login.framework/Versions/A/Frameworks/loginsupport.framework/Versions/A/loginsupport
0x00000001b935e000 	/System/Library/PrivateFrameworks/Apple80211.framework/Versions/A/Apple80211
0x00000001afe67000 	/System/Library/PrivateFrameworks/AuthKit.framework/Versions/A/AuthKit
0x00000001af4fe000 	/System/Library/PrivateFrameworks/CoreUtils.framework/Versions/A/CoreUtils
0x00000001af41e000 	/System/Library/Frameworks/CoreWLAN.framework/Versions/A/CoreWLAN
0x00000001b41de000 	/System/Library/Frameworks/IOBluetooth.framework/Versions/A/IOBluetooth
0x00000001b93be000 	/System/Library/PrivateFrameworks/CoreWiFi.framework/Versions/A/CoreWiFi
0x00000001b7d95000 	/System/Library/PrivateFrameworks/FrontBoardServices.framework/Versions/A/FrontBoardServices
0x00000001b7e2d000 	/System/Library/PrivateFrameworks/BoardServices.framework/Versions/A/BoardServices
0x00000001af719000 	/System/Library/PrivateFrameworks/AssertionServices.framework/Versions/A/AssertionServices
0x00000001b952c000 	/System/Library/PrivateFrameworks/BackBoardServices.framework/Versions/A/BackBoardServices
0x00000001b35e9000 	/System/Library/PrivateFrameworks/CorePhoneNumbers.framework/Versions/A/CorePhoneNumbers
0x00000001b738d000 	/System/Library/PrivateFrameworks/DiskManagement.framework/Versions/A/DiskManagement
0x00000001b7290000 	/System/Library/PrivateFrameworks/AppleIDAuthSupport.framework/Versions/A/AppleIDAuthSupport
0x000000020a621000 	/System/Library/PrivateFrameworks/AAAFoundation.framework/Versions/A/AAAFoundation
0x00000001b35c8000 	/System/Library/PrivateFrameworks/KeychainCircle.framework/Versions/A/KeychainCircle
0x00000001b7359000 	/System/Library/PrivateFrameworks/MediaKit.framework/Versions/A/MediaKit
0x00000001b729d000 	/System/Library/Frameworks/DiscRecording.framework/Versions/A/DiscRecording
0x00000001b0cc2000 	/usr/lib/libCoreStorage.dylib
0x00000001b9826000 	/usr/lib/libcsfde.dylib
0x00000001b42b3000 	/System/Library/PrivateFrameworks/ProtectedCloudStorage.framework/Versions/A/ProtectedCloudStorage
0x00000001b981e000 	/System/Library/PrivateFrameworks/EFILogin.framework/Versions/A/EFILogin
0x00000001b7664000 	/System/Library/PrivateFrameworks/OctagonTrust.framework/Versions/A/OctagonTrust
0x000000020ef08000 	/System/Library/PrivateFrameworks/CoreUtilsExtras.framework/Versions/A/CoreUtilsExtras
0x00000001b71cf000 	/System/Library/Frameworks/CoreBluetooth.framework/Versions/A/CoreBluetooth
0x00000001b9e9d000 	/System/Library/Frameworks/AudioUnit.framework/Versions/A/AudioUnit
0x00000001b0cba000 	/usr/lib/libMatch.1.dylib
0x00000001c9378000 	/System/Library/Frameworks/Accelerate.framework/Versions/A/Frameworks/vImage.framework/Versions/A/Libraries/libCGInterfaces.dylib
0x000000012b7c4000 	/usr/lib/libobjc-trampolines.dylib
0x00000001aca0e000 	/System/Library/PrivateFrameworks/ViewBridge.framework/Versions/A/ViewBridge
0x00000001b140a000 	/System/Library/PrivateFrameworks/login.framework/Versions/A/login
0x00000001b0b81000 	/System/Library/PrivateFrameworks/CrashReporterSupport.framework/Versions/A/CrashReporterSupport
0x00000001d0c87000 	/System/Library/PrivateFrameworks/OSAnalytics.framework/Versions/A/OSAnalytics
0x00000001dbdd6000 	/System/Library/PrivateFrameworks/Symbolication.framework/Versions/A/Symbolication
0x00000001c50d2000 	/System/Library/PrivateFrameworks/MallocStackLogging.framework/Versions/A/MallocStackLogging
0x00000001305e0000 	/Users/sean/.openjfx/cache/17.0.0.1/libjavafx_font.dylib
0x000000022211e000 	/usr/lib/libRosetta.dylib


VM Arguments:
jvm_args: -javaagent:/Applications/IntelliJ IDEA CE.app/Contents/lib/idea_rt.jar=49882:/Applications/IntelliJ IDEA CE.app/Contents/bin -Dfile.encoding=UTF-8 --module-path=/Users/sean/.m2/repository/org/openjfx/javafx-fxml/17.0.0.1/javafx-fxml-17.0.0.1-mac-aarch64.jar:/Users/sean/.m2/repository/org/openjfx/javafx-base/17.0.0.1/javafx-base-17.0.0.1-mac-aarch64.jar:/Users/sean/Documents/GitHub/Meal-Ordering-System/FoodOrderingSystem/target/classes:/Users/sean/.m2/repository/org/openjfx/javafx-graphics/17.0.0.1/javafx-graphics-17.0.0.1-mac-aarch64.jar:/Users/sean/.m2/repository/org/openjfx/javafx-controls/17.0.0.1/javafx-controls-17.0.0.1-mac-aarch64.jar -Djdk.module.main=com.example.foodorderingsystem 
java_command: com.example.foodorderingsystem/com.example.foodorderingsystem.HelloApplication
java_class_path (initial): /Users/sean/.m2/repository/org/openjfx/javafx-controls/17.0.0.1/javafx-controls-17.0.0.1.jar:/Users/sean/.m2/repository/org/openjfx/javafx-graphics/17.0.0.1/javafx-graphics-17.0.0.1.jar:/Users/sean/.m2/repository/org/openjfx/javafx-base/17.0.0.1/javafx-base-17.0.0.1.jar:/Users/sean/.m2/repository/org/openjfx/javafx-fxml/17.0.0.1/javafx-fxml-17.0.0.1.jar
Launcher Type: SUN_STANDARD

[Global flags]
     intx CICompilerCount                          = 4                                         {product} {ergonomic}
     uint ConcGCThreads                            = 2                                         {product} {ergonomic}
     uint G1ConcRefinementThreads                  = 8                                         {product} {ergonomic}
   size_t G1HeapRegionSize                         = 1048576                                   {product} {ergonomic}
    uintx GCDrainStackTargetSize                   = 64                                        {product} {ergonomic}
   size_t InitialHeapSize                          = 134217728                                 {product} {ergonomic}
   size_t MarkStackSize                            = 4194304                                   {product} {ergonomic}
   size_t MaxHeapSize                              = 2147483648                                {product} {ergonomic}
   size_t MaxNewSize                               = 1287651328                                {product} {ergonomic}
   size_t MinHeapDeltaBytes                        = 1048576                                   {product} {ergonomic}
   size_t MinHeapSize                              = 8388608                                   {product} {ergonomic}
    uintx NonNMethodCodeHeapSize                   = 5839564                                {pd product} {ergonomic}
    uintx NonProfiledCodeHeapSize                  = 122909338                              {pd product} {ergonomic}
    uintx ProfiledCodeHeapSize                     = 122909338                              {pd product} {ergonomic}
    uintx ReservedCodeCacheSize                    = 251658240                              {pd product} {ergonomic}
     bool SegmentedCodeCache                       = true                                      {product} {ergonomic}
   size_t SoftMaxHeapSize                          = 2147483648                             {manageable} {ergonomic}
     bool UseCompressedClassPointers               = true                           {product lp64_product} {ergonomic}
     bool UseCompressedOops                        = true                           {product lp64_product} {ergonomic}
     bool UseG1GC                                  = true                                      {product} {ergonomic}
     bool UseNUMA                                  = false                                     {product} {ergonomic}
     bool UseNUMAInterleaving                      = false                                     {product} {ergonomic}

Logging:
Log output configuration:
 #0: stdout all=warning uptime,level,tags
 #1: stderr all=off uptime,level,tags

Environment Variables:
PATH=/usr/local/bin:/usr/bin:/bin:/usr/sbin:/sbin
SHELL=/bin/zsh
LC_CTYPE=zh_TW.UTF-8

Signal Handlers:
   SIGSEGV: _ZL13crash_handleriP9__siginfoPv in libjvm.dylib, mask=11100110000111110111111111111111, flags=SA_RESTART|SA_SIGINFO
    SIGBUS: _ZL13crash_handleriP9__siginfoPv in libjvm.dylib, mask=11100110000111110111111111111111, flags=SA_RESTART|SA_SIGINFO
    SIGFPE: _ZL13crash_handleriP9__siginfoPv in libjvm.dylib, mask=11100110000111110111111111111111, flags=SA_RESTART|SA_SIGINFO
   SIGPIPE: _ZL17javaSignalHandleriP9__siginfoPv in libjvm.dylib, mask=11100110000111110111111111111111, flags=SA_RESTART|SA_SIGINFO
   SIGXFSZ: _ZL17javaSignalHandleriP9__siginfoPv in libjvm.dylib, mask=11100110000111110111111111111111, flags=SA_RESTART|SA_SIGINFO
    SIGILL: _ZL13crash_handleriP9__siginfoPv in libjvm.dylib, mask=11100110000111110111111111111111, flags=SA_RESTART|SA_SIGINFO
   SIGUSR2: _ZL10SR_handleriP9__siginfoP17__darwin_ucontext in libjvm.dylib, mask=00100000000000000000000000000000, flags=SA_RESTART|SA_SIGINFO
    SIGHUP: _ZL11UserHandleriPvS_ in libjvm.dylib, mask=11100110000111110111111111111111, flags=SA_RESTART|SA_SIGINFO
    SIGINT: _ZL11UserHandleriPvS_ in libjvm.dylib, mask=11100110000111110111111111111111, flags=SA_RESTART|SA_SIGINFO
   SIGTERM: _ZL11UserHandleriPvS_ in libjvm.dylib, mask=11100110000111110111111111111111, flags=SA_RESTART|SA_SIGINFO
   SIGQUIT: _ZL11UserHandleriPvS_ in libjvm.dylib, mask=11100110000111110111111111111111, flags=SA_RESTART|SA_SIGINFO
   SIGTRAP: _ZL13crash_handleriP9__siginfoPv in libjvm.dylib, mask=11100110000111110111111111111111, flags=SA_RESTART|SA_SIGINFO


---------------  S Y S T E M  ---------------

OS:
uname: Darwin 21.1.0 Darwin Kernel Version 21.1.0: Wed Oct 13 17:33:24 PDT 2021; root:xnu-8019.41.5~1/RELEASE_ARM64_T8101 arm64
OS uptime: 3 days 7:12 hours
rlimit (soft/hard): STACK 8176k/65520k , CORE 0k/infinity , NPROC 1333/2000 , NOFILE 10240/infinity , AS infinity/infinity , CPU infinity/infinity , DATA infinity/infinity , FSIZE infinity/infinity , MEMLOCK infinity/infinity , RSS infinity/infinity
load average: 2.25 1.72 1.62

CPU: total 8 (initial active 8) 0x61:0x0:0x1b588bb3:0, fp, simd, crc, lse

Memory: 16k page, physical 8388608k(72576k free), swap 9437184k(1167104k free)

vm_info: Java HotSpot(TM) 64-Bit Server VM (17.0.1+12-LTS-39) for bsd-aarch64 JRE (17.0.1+12-LTS-39), built on Sep 27 2021 17:38:30 by "mach5one" with clang Apple LLVM 12.0.0 (clang-1200.0.32.29)

END.
