#
# A fatal error has been detected by the Java Runtime Environment:
#
#  SIGBUS (0xa) at pc=0x00000001300014f0, pid=22138, tid=29711
#
# JRE version: Java(TM) SE Runtime Environment (17.0.1+12) (build 17.0.1+12-LTS-39)
# Java VM: Java HotSpot(TM) 64-Bit Server VM (17.0.1+12-LTS-39, mixed mode, sharing, tiered, compressed oops, compressed class ptrs, g1 gc, bsd-aarch64)
# Problematic frame:
# v  ~StubRoutines::SafeFetchN
#
# No core dump will be written. Core dumps have been disabled. To enable core dumping, try "ulimit -c unlimited" before starting Java again
#
# If you would like to submit a bug report, please visit:
#   https://bugreport.java.com/bugreport/crash.jsp
# The crash happened outside the Java Virtual Machine in native code.
# See problematic frame for where to report the bug.
#

---------------  S U M M A R Y ------------

Command Line: -agentlib:jdwp=transport=dt_socket,address=127.0.0.1:60637,suspend=y,server=n -javaagent:/Users/sean/Library/Caches/JetBrains/IdeaIC2021.2/captureAgent/debugger-agent.jar -Dfile.encoding=UTF-8 --module-path=/Users/sean/.m2/repository/org/openjfx/javafx-base/17.0.0.1/javafx-base-17.0.0.1-mac-aarch64.jar:/Users/sean/.m2/repository/org/openjfx/javafx-fxml/17.0.0.1/javafx-fxml-17.0.0.1-mac-aarch64.jar:/Users/sean/.m2/repository/org/openjfx/javafx-controls/17.0.0.1/javafx-controls-17.0.0.1-mac-aarch64.jar:/Users/sean/.m2/repository/org/openjfx/javafx-graphics/17.0.0.1/javafx-graphics-17.0.0.1-mac-aarch64.jar:/Users/sean/Documents/GitHub/Meal-Ordering-System/FoodOrderingSystem/target/classes -Djdk.module.main=com.example.foodorderingsystem com.example.foodorderingsystem/com.example.foodorderingsystem.HelloApplication

Host: "MacBookPro17,1" arm64 1 MHz, 8 cores, 8G, Darwin 21.1.0, macOS 12.0.1 (21A559)
Time: Mon Dec 27 13:35:34 2021 CST elapsed time: 1.707881 seconds (0d 0h 0m 1s)

---------------  T H R E A D  ---------------

Current thread (0x0000000122322600):  JavaThread "InvokeLaterDispatcher" daemon [_thread_in_native, id=29711, stack(0x00000001725fc000,0x00000001727ff000)]

Stack: [0x00000001725fc000,0x00000001727ff000],  sp=0x00000001727fe7b0,  free space=2057k
Native frames: (J=compiled Java code, j=interpreted, Vv=VM code, C=native code)
v  ~StubRoutines::SafeFetchN
V  [libjvm.dylib+0x79e208]  _ZN10OopStorage7releaseEPKP7oopDesc+0x20
V  [libjvm.dylib+0x4b8f30]  jni_DeleteGlobalRef+0xc4
C  [libglass.dylib+0xab08]  -[GlassRunnable dealloc]+0x34
C  [Foundation+0x85e0c]  -[_NSThreadPerformInfo dealloc]+0x30
C  [Foundation+0x525e8]  -[NSObject(NSThreadPerformAdditions) performSelectorOnMainThread:withObject:waitUntilDone:]+0x88
C  0x9e3b80013000bbe0
j  com.sun.glass.ui.mac.MacApplication.submitForLaterInvocation(Ljava/lang/Runnable;)V+2 javafx.graphics
j  com.sun.glass.ui.InvokeLaterDispatcher.run()V+82 javafx.graphics
v  ~StubRoutines::call_stub
V  [libjvm.dylib+0x460588]  _ZN9JavaCalls11call_helperEP9JavaValueRK12methodHandleP17JavaCallArgumentsP10JavaThread+0x38c
V  [libjvm.dylib+0x45f5a4]  _ZN9JavaCalls12call_virtualEP9JavaValueP5KlassP6SymbolS5_P17JavaCallArgumentsP10JavaThread+0x11c
V  [libjvm.dylib+0x45f670]  _ZN9JavaCalls12call_virtualEP9JavaValue6HandleP5KlassP6SymbolS6_P10JavaThread+0x64
V  [libjvm.dylib+0x512ef0]  _ZL12thread_entryP10JavaThreadS0_+0xc4
V  [libjvm.dylib+0x8fc514]  _ZN10JavaThread17thread_main_innerEv+0x134
V  [libjvm.dylib+0x8fae3c]  _ZN6Thread8call_runEv+0x128
V  [libjvm.dylib+0x7a4df0]  _ZL19thread_native_entryP6Thread+0x158
C  [libsystem_pthread.dylib+0x74ec]  _pthread_start+0x94

Java frames: (J=compiled Java code, j=interpreted, Vv=VM code)
j  com.sun.glass.ui.mac.MacApplication._submitForLaterInvocation(Ljava/lang/Runnable;)V+0 javafx.graphics
j  com.sun.glass.ui.mac.MacApplication.submitForLaterInvocation(Ljava/lang/Runnable;)V+2 javafx.graphics
j  com.sun.glass.ui.InvokeLaterDispatcher.run()V+82 javafx.graphics
v  ~StubRoutines::call_stub

siginfo: si_signo: 10 (SIGBUS), si_code: 1 (BUS_ADRALN), si_addr: 0x00000001300014f0

Register to memory mapping:

 x0=0x0000000121705948 points into unknown readable memory: 0x0000000000000000 | 00 00 00 00 00 00 00 00
 x1=0x0 is NULL
 x2=0x0000000787ef5728 is an oop: com.sun.glass.ui.InvokeLaterDispatcher$Future 
{0x0000000787ef5728} - klass: 'com/sun/glass/ui/InvokeLaterDispatcher$Future'
 - ---- fields (total size 3 words):
 - private 'done' 'Z' @12  true
 - private final 'runnable' 'Ljava/lang/Runnable;' @16  a 'com/sun/javafx/tk/quantum/QuantumToolkit$$Lambda$83+0x0000000800c3ef70'{0x000000078510ab78} (f0a2156f)
 - final synthetic 'this$0' 'Lcom/sun/glass/ui/InvokeLaterDispatcher;' @20  a 'com/sun/glass/ui/InvokeLaterDispatcher'{0x0000000785100ac8} (f0a20159)
 x3=0x0 is NULL
 x4=0x00000000000130a8 is an unknown value
 x5=0x0 is NULL
 x6=0x0 is NULL
 x7=0x0 is NULL
 x8=0x00000001300014ec is at begin+0 in a stub
StubRoutines::SafeFetchN [0x00000001300014ec, 0x00000001300014f8] (12 bytes)
 x9=0x0 is NULL
x10=0x2010000030300000 is an unknown value
x11=0x0000000000000007 is an unknown value
x12=0x0 is NULL
x13=0x00006000031c02f0 points into unknown readable memory: 0x00000056293b7463 | 63 74 3b 29 56 00 00 00
x14=0x0000000000000001 is an unknown value
x15=0x000000011031df98: OBJC_CLASS_$_GlassRunnable+0 in /Users/sean/.openjfx/cache/17.0.0.1/libglass.dylib at 0x00000001102d8000
x16=0x000000019b254340: pthread_getspecific+0 in /usr/lib/system/libsystem_pthread.dylib at 0x000000019b252000
x17=0x0000600003bd26a0 points into unknown readable memory: 0xfffffffffffffffe | fe ff ff ff ff ff ff ff
x18=0x0 is NULL
x19=0x00006000034cc230 points into unknown readable memory: 0x0000600001dc4250 | 50 42 dc 01 00 60 00 00
x20=0x0000000121705740 points into unknown readable memory: 0x0000000000000000 | 00 00 00 00 00 00 00 00
x21=0x0000000121705948 points into unknown readable memory: 0x0000000000000000 | 00 00 00 00 00 00 00 00
x22=0x0000000122322600 is a thread
x23=0x0000000000000001 is an unknown value
x24=0x0000000121705900 is a global jni handle
x25=0x000000010255d5d8: _ZN12StubRoutines17_safefetchN_entryE+0 in /Library/Java/JavaVirtualMachines/jdk-17.0.1.jdk/Contents/Home/lib/server/libjvm.dylib at 0x00000001019cc000
x26=0x000000011092be98 is pointing into metadata
x27=0x0 is NULL
x28=0x0000000122322600 is a thread


Registers:
 x0=0x0000000121705948  x1=0x0000000000000000  x2=0x0000000787ef5728  x3=0x0000000000000000
 x4=0x00000000000130a8  x5=0x0000000000000000  x6=0x0000000000000000  x7=0x0000000000000000
 x8=0x00000001300014ec  x9=0x0000000000000000 x10=0x2010000030300000 x11=0x0000000000000007
x12=0x0000000000000000 x13=0x00006000031c02f0 x14=0x0000000000000001 x15=0x000000011031df98
x16=0x000000019b254340 x17=0x0000600003bd26a0 x18=0x0000000000000000 x19=0x00006000034cc230
x20=0x0000000121705740 x21=0x0000000121705948 x22=0x0000000122322600 x23=0x0000000000000001
x24=0x0000000121705900 x25=0x000000010255d5d8 x26=0x000000011092be98 x27=0x0000000000000000
x28=0x0000000122322600  fp=0x00000001727fe7f0  lr=0x0000000102168fd8  sp=0x00000001727fe7b0
pc=0x00000001300014f0 cpsr=0x0000000060001000
Top of Stack: (sp=0x00000001727fe7b0)
0x00000001727fe7b0:   000000011092be98 0000000000000001
0x00000001727fe7c0:   00000001727fe9a8 0000600001dca210
0x00000001727fe7d0:   0000000000000000 0000000121705908
0x00000001727fe7e0:   0000000121705908 00006000034cc230
0x00000001727fe7f0:   00000001727fe830 000000010216a208
0x00000001727fe800:   0000000000000001 0000000121705908
0x00000001727fe810:   0000000000000000 0000000121705908
0x00000001727fe820:   0000000000000001 0000000122325e00
0x00000001727fe830:   00000001727fe860 0000000101e84f30
0x00000001727fe840:   0000600001dca1f0 00000001e54819f4
0x00000001727fe850:   0000000000000000 0000600001dca1f0
0x00000001727fe860:   00000001727fe890 00000001102e2b08
0x00000001727fe870:   5ad1e42b485f0012 0000000000000000
0x00000001727fe880:   0000000000000000 0000600000aebec0
0x00000001727fe890:   00000001727fe8d0 000000019c21ce0c
0x00000001727fe8a0:   00000001727fe9a8 0000600001dca210
0x00000001727fe8b0:   0000600001dca1f0 5ad1e42b485f0012
0x00000001727fe8c0:   0000000000000000 0000000000000000
0x00000001727fe8d0:   00000001727fe910 bd5d00019c1e95e8
0x00000001727fe8e0:   00000001727fe9a8 000000013000a500
0x00000001727fe8f0:   0000000000000000 0000000102564f90
0x00000001727fe900:   00000001727fe920 0000000130008cf0
0x00000001727fe910:   00000001727fe980 9e3b80013000bbe0
0x00000001727fe920:   00000001727fe920 0000000800986475
0x00000001727fe930:   00000001727fe930 0000000000000000
0x00000001727fe940:   00000001727fe9a8 000000011092be98
0x00000001727fe950:   0000000785130028 0000000000000000
0x00000001727fe960:   0000000000000000 0000000110900978
0x00000001727fe970:   0000000000000000 00000001727fe980
0x00000001727fe980:   00000001727fea00 00000001300066ac
0x00000001727fe990:   0000000000000000 0000000000000000
0x00000001727fe9a0:   0000000787ef5728 00000007851300a0 

Instructions: (pc=0x00000001300014f0)
0x00000001300013f0:   f2a04a49 f2c00029 6d425935 1e640886
0x0000000130001400:   0c402d31 1e6408c7 1f5654d0 1e6c1017
0x0000000130001410:   1f5050d0 1f504cd0 1f5048d0 1e650af6
0x0000000130001420:   1f50d8f6 1f5694d6 1f5158f6 1e762880
0x0000000130001430:   36000501 1e614000 14000026 2e251ca5
0x0000000130001440:   d2943009 f2a04a49 f2c00029 6d425d36
0x0000000130001450:   1e600806 0c402d32 1f5758c7 1e6c101a
0x0000000130001460:   1f4754c7 1e650805 1f4750c7 d2866668
0x0000000130001470:   f2a7fa68 1f474cc7 1e6608c0 1f4748c7
0x0000000130001480:   1e6e1019 eb08007f 540000ac 1f479400
0x0000000130001490:   1f460340 1e603b20 1400000e d2a7fd29
0x00000001300014a0:   eb09007f 540000ac 51480069 d3607d29
0x00000001300014b0:   9e670121 14000002 1e6a5001 1f679417
0x00000001300014c0:   1f668742 1e613b23 1e773857 1e773860
0x00000001300014d0:   a8c17ff3 910003bf a8c17bfd d65f03c0
0x00000001300014e0:   b9400001 aa0103e0 d65f03c0 f9400001
0x00000001300014f0:   aa0103e0 d65f03c0 00000000 00000000
0x0000000130001500:   00000000 00000000 00000000 00000000
0x0000000130001510:   00000000 00000000 00000000 00000000
0x0000000130001520:   00000000 00000000 00000000 00000000
0x0000000130001530:   00000000 00000000 00000000 00000000
0x0000000130001540:   00000000 00000000 00000000 00000000
0x0000000130001550:   00000000 00000000 00000000 00000000
0x0000000130001560:   00000000 00000000 00000000 00000000
0x0000000130001570:   00000000 00000000 00000000 00000000
0x0000000130001580:   00000000 00000000 00000000 00000000
0x0000000130001590:   00000000 00000000 00000000 00000000
0x00000001300015a0:   00000000 00000000 00000000 00000000
0x00000001300015b0:   00000000 00000000 00000000 00000000
0x00000001300015c0:   00000000 00000000 00000000 00000000
0x00000001300015d0:   00000000 00000000 00000000 00000000
0x00000001300015e0:   00000000 00000000 00000000 00000000 


Stack slot to memory mapping:
stack at sp + 0 slots: 0x000000011092be98 is pointing into metadata
stack at sp + 1 slots: 0x0000000000000001 is an unknown value
stack at sp + 2 slots: 0x00000001727fe9a8 is pointing into the stack for thread: 0x0000000122322600
stack at sp + 3 slots: 0x0000600001dca210 points into unknown readable memory: 0x01000001f3f36081 | 81 60 f3 f3 01 00 00 01
stack at sp + 4 slots: 0x0 is NULL
stack at sp + 5 slots: 0x0000000121705908 is a global jni handle
stack at sp + 6 slots: 0x0000000121705908 is a global jni handle
stack at sp + 7 slots: 0x00006000034cc230 points into unknown readable memory: 0x0000600001dc4250 | 50 42 dc 01 00 60 00 00

StubRoutines::SafeFetchN [0x00000001300014ec, 0x00000001300014f8] (12 bytes)
[MachCode]
  0x00000001300014ec: 0100 40f9 | e003 01aa | c003 5fd6 
[/MachCode]

---------------  P R O C E S S  ---------------

Threads class SMR info:
_java_thread_list=0x0000600001ef8120, length=21, elements={
0x000000012180da00, 0x000000012309d000, 0x0000000111810a00, 0x0000000122013000,
0x00000001230a0200, 0x0000000112020400, 0x0000000112020a00, 0x00000001230a0800,
0x0000000111811000, 0x000000012200fe00, 0x0000000112031000, 0x0000000112031600,
0x0000000123808800, 0x0000000121813600, 0x0000000122019000, 0x0000000122322600,
0x0000000122325e00, 0x000000012191ec00, 0x000000012191f200, 0x00000001248ad200,
0x00000001238be000
}

Java Threads: ( => current thread )
  0x000000012180da00 JavaThread "main" [_thread_blocked, id=6403, stack(0x000000016f7dc000,0x000000016f9df000)]
  0x000000012309d000 JavaThread "Reference Handler" daemon [_thread_blocked, id=15619, stack(0x0000000170630000,0x0000000170833000)]
  0x0000000111810a00 JavaThread "Finalizer" daemon [_thread_blocked, id=16643, stack(0x000000017083c000,0x0000000170a3f000)]
  0x0000000122013000 JavaThread "Signal Dispatcher" daemon [_thread_blocked, id=41987, stack(0x0000000170b60000,0x0000000170d63000)]
  0x00000001230a0200 JavaThread "Service Thread" daemon [_thread_blocked, id=22531, stack(0x0000000170d6c000,0x0000000170f6f000)]
  0x0000000112020400 JavaThread "Monitor Deflation Thread" daemon [_thread_blocked, id=41219, stack(0x0000000170f78000,0x000000017117b000)]
  0x0000000112020a00 JavaThread "C2 CompilerThread0" daemon [_thread_blocked, id=22787, stack(0x0000000171184000,0x0000000171387000)]
  0x00000001230a0800 JavaThread "C1 CompilerThread0" daemon [_thread_blocked, id=40451, stack(0x0000000171390000,0x0000000171593000)]
  0x0000000111811000 JavaThread "Sweeper thread" daemon [_thread_blocked, id=40195, stack(0x000000017159c000,0x000000017179f000)]
  0x000000012200fe00 JavaThread "Common-Cleaner" daemon [_thread_blocked, id=23299, stack(0x00000001717a8000,0x00000001719ab000)]
  0x0000000112031000 JavaThread "JDWP Transport Listener: dt_socket" daemon [_thread_blocked, id=23815, stack(0x00000001719b4000,0x0000000171bb7000)]
  0x0000000112031600 JavaThread "JDWP Event Helper Thread" daemon [_thread_blocked, id=24323, stack(0x0000000171bc0000,0x0000000171dc3000)]
  0x0000000123808800 JavaThread "JDWP Command Reader" daemon [_thread_in_native, id=24835, stack(0x0000000171dcc000,0x0000000171fcf000)]
  0x0000000121813600 JavaThread "Notification Thread" daemon [_thread_blocked, id=25347, stack(0x0000000171fd8000,0x00000001721db000)]
  0x0000000122019000 JavaThread "QuantumRenderer-0" daemon [_thread_blocked, id=39171, stack(0x00000001723f0000,0x00000001725f3000)]
=>0x0000000122322600 JavaThread "InvokeLaterDispatcher" daemon [_thread_in_native, id=29711, stack(0x00000001725fc000,0x00000001727ff000)]
  0x0000000122325e00 JavaThread "JavaFX Application Thread" [_thread_in_native, id=259, stack(0x000000016ef54000,0x000000016f750000)]
  0x000000012191ec00 JavaThread "JavaFX-Launcher" [_thread_blocked, id=75535, stack(0x0000000172b2c000,0x0000000172d2f000)]
  0x000000012191f200 JavaThread "PulseTimer-CVDisplayLink thread" daemon [_thread_in_native, id=53003, stack(0x0000000172808000,0x000000017288b000)]
  0x00000001248ad200 JavaThread "Prism Font Disposer" daemon [_thread_blocked, id=61959, stack(0x0000000173b8c000,0x0000000173d8f000)]
  0x00000001238be000 JavaThread "Cleaner-0" daemon [_thread_blocked, id=89611, stack(0x0000000173d98000,0x0000000173f9b000)]

Other Threads:
  0x000000011300ac80 VMThread "VM Thread" [stack: 0x0000000170424000,0x0000000170627000] [id=17411]
  0x00000001229079a0 WatcherThread [stack: 0x00000001721e4000,0x00000001723e7000] [id=39683]
  0x0000000113005c60 GCTaskThread "GC Thread#0" [stack: 0x000000016f9e8000,0x000000016fbeb000] [id=19971]
  0x0000000121631ef0 GCTaskThread "GC Thread#1" [stack: 0x0000000172d38000,0x0000000172f3b000] [id=59139]
  0x000000011302f1b0 GCTaskThread "GC Thread#2" [stack: 0x0000000172f44000,0x0000000173147000] [id=73219]
  0x000000011302fa80 GCTaskThread "GC Thread#3" [stack: 0x0000000173150000,0x0000000173353000] [id=59651]
  0x000000012291ab10 GCTaskThread "GC Thread#4" [stack: 0x000000017335c000,0x000000017355f000] [id=72707]
  0x000000012291b1b0 GCTaskThread "GC Thread#5" [stack: 0x0000000173568000,0x000000017376b000] [id=60163]
  0x000000012291bda0 GCTaskThread "GC Thread#6" [stack: 0x0000000173774000,0x0000000173977000] [id=72195]
  0x000000012291c610 GCTaskThread "GC Thread#7" [stack: 0x0000000173980000,0x0000000173b83000] [id=71939]
  0x0000000113006310 ConcurrentGCThread "G1 Main Marker" [stack: 0x000000016fbf4000,0x000000016fdf7000] [id=19459]
  0x00000001117041d0 ConcurrentGCThread "G1 Conc#0" [stack: 0x000000016fe00000,0x0000000170003000] [id=18947]
  0x0000000113008050 ConcurrentGCThread "G1 Refine#0" [stack: 0x000000017000c000,0x000000017020f000] [id=18691]
  0x0000000111715430 ConcurrentGCThread "G1 Refine#1" [stack: 0x0000000173fa4000,0x00000001741a7000] [id=89351]
  0x0000000110116590 ConcurrentGCThread "G1 Refine#2" [stack: 0x00000001741b0000,0x00000001743b3000] [id=90115]
  0x0000000111604900 ConcurrentGCThread "G1 Service" [stack: 0x0000000170218000,0x000000017041b000] [id=18435]

Threads with active compile tasks:

VM state: not at safepoint (normal execution)

VM Mutex/Monitor currently owned by a thread: None

Heap address: 0x0000000780000000, size: 2048 MB, Compressed Oops mode: Zero based, Oop shift amount: 3

CDS archive(s) mapped at: [0x0000000800000000-0x0000000800bd4000-0x0000000800bd4000), size 12402688, SharedBaseAddress: 0x0000000800000000, ArchiveRelocationMode: 0.
Compressed class space mapped at: 0x0000000800c00000-0x0000000840c00000, reserved size: 1073741824
Narrow klass base: 0x0000000800000000, Narrow klass shift: 0, Narrow klass range: 0x100000000

GC Precious Log:
 CPUs: 8 total, 8 available
 Memory: 8192M
 Large Page Support: Disabled
 NUMA Support: Disabled
 Compressed Oops: Enabled (Zero based)
 Heap Region Size: 1M
 Heap Min Capacity: 8M
 Heap Initial Capacity: 128M
 Heap Max Capacity: 2G
 Pre-touch: Disabled
 Parallel Workers: 8
 Concurrent Workers: 2
 Concurrent Refinement Workers: 8
 Periodic GC: Disabled

Heap:
 garbage-first heap   total 133120K, used 11618K [0x0000000780000000, 0x0000000800000000)
  region size 1024K, 8 young (8192K), 6 survivors (6144K)
 Metaspace       used 15655K, committed 15936K, reserved 1064960K
  class space    used 2338K, committed 2496K, reserved 1048576K

Heap Regions: E=young(eden), S=young(survivor), O=old, HS=humongous(starts), HC=humongous(continues), CS=collection set, F=free, OA=open archive, CA=closed archive, TAMS=top-at-mark-start (previous, next)
|   0|0x0000000780000000, 0x0000000780100000, 0x0000000780100000|100%|HS|  |TAMS 0x0000000780000000, 0x0000000780000000| Complete 
|   1|0x0000000780100000, 0x0000000780200000, 0x0000000780200000|100%|HC|  |TAMS 0x0000000780100000, 0x0000000780100000| Complete 
|   2|0x0000000780200000, 0x0000000780300000, 0x0000000780300000|100%| O|  |TAMS 0x0000000780200000, 0x0000000780200000| Untracked 
|   3|0x0000000780300000, 0x0000000780360a00, 0x0000000780400000| 37%| O|  |TAMS 0x0000000780300000, 0x0000000780300000| Untracked 
|   4|0x0000000780400000, 0x0000000780400000, 0x0000000780500000|  0%| F|  |TAMS 0x0000000780400000, 0x0000000780400000| Untracked 
|   5|0x0000000780500000, 0x0000000780500000, 0x0000000780600000|  0%| F|  |TAMS 0x0000000780500000, 0x0000000780500000| Untracked 
|   6|0x0000000780600000, 0x0000000780600000, 0x0000000780700000|  0%| F|  |TAMS 0x0000000780600000, 0x0000000780600000| Untracked 
|   7|0x0000000780700000, 0x0000000780700000, 0x0000000780800000|  0%| F|  |TAMS 0x0000000780700000, 0x0000000780700000| Untracked 
|   8|0x0000000780800000, 0x0000000780800000, 0x0000000780900000|  0%| F|  |TAMS 0x0000000780800000, 0x0000000780800000| Untracked 
|   9|0x0000000780900000, 0x0000000780900000, 0x0000000780a00000|  0%| F|  |TAMS 0x0000000780900000, 0x0000000780900000| Untracked 
|  10|0x0000000780a00000, 0x0000000780a00000, 0x0000000780b00000|  0%| F|  |TAMS 0x0000000780a00000, 0x0000000780a00000| Untracked 
|  11|0x0000000780b00000, 0x0000000780b00000, 0x0000000780c00000|  0%| F|  |TAMS 0x0000000780b00000, 0x0000000780b00000| Untracked 
|  12|0x0000000780c00000, 0x0000000780c00000, 0x0000000780d00000|  0%| F|  |TAMS 0x0000000780c00000, 0x0000000780c00000| Untracked 
|  13|0x0000000780d00000, 0x0000000780d00000, 0x0000000780e00000|  0%| F|  |TAMS 0x0000000780d00000, 0x0000000780d00000| Untracked 
|  14|0x0000000780e00000, 0x0000000780e00000, 0x0000000780f00000|  0%| F|  |TAMS 0x0000000780e00000, 0x0000000780e00000| Untracked 
|  15|0x0000000780f00000, 0x0000000780f00000, 0x0000000781000000|  0%| F|  |TAMS 0x0000000780f00000, 0x0000000780f00000| Untracked 
|  16|0x0000000781000000, 0x0000000781000000, 0x0000000781100000|  0%| F|  |TAMS 0x0000000781000000, 0x0000000781000000| Untracked 
|  17|0x0000000781100000, 0x0000000781100000, 0x0000000781200000|  0%| F|  |TAMS 0x0000000781100000, 0x0000000781100000| Untracked 
|  18|0x0000000781200000, 0x0000000781200000, 0x0000000781300000|  0%| F|  |TAMS 0x0000000781200000, 0x0000000781200000| Untracked 
|  19|0x0000000781300000, 0x0000000781300000, 0x0000000781400000|  0%| F|  |TAMS 0x0000000781300000, 0x0000000781300000| Untracked 
|  20|0x0000000781400000, 0x0000000781400000, 0x0000000781500000|  0%| F|  |TAMS 0x0000000781400000, 0x0000000781400000| Untracked 
|  21|0x0000000781500000, 0x0000000781500000, 0x0000000781600000|  0%| F|  |TAMS 0x0000000781500000, 0x0000000781500000| Untracked 
|  22|0x0000000781600000, 0x0000000781600000, 0x0000000781700000|  0%| F|  |TAMS 0x0000000781600000, 0x0000000781600000| Untracked 
|  23|0x0000000781700000, 0x0000000781700000, 0x0000000781800000|  0%| F|  |TAMS 0x0000000781700000, 0x0000000781700000| Untracked 
|  24|0x0000000781800000, 0x0000000781800000, 0x0000000781900000|  0%| F|  |TAMS 0x0000000781800000, 0x0000000781800000| Untracked 
|  25|0x0000000781900000, 0x0000000781900000, 0x0000000781a00000|  0%| F|  |TAMS 0x0000000781900000, 0x0000000781900000| Untracked 
|  26|0x0000000781a00000, 0x0000000781a00000, 0x0000000781b00000|  0%| F|  |TAMS 0x0000000781a00000, 0x0000000781a00000| Untracked 
|  27|0x0000000781b00000, 0x0000000781b00000, 0x0000000781c00000|  0%| F|  |TAMS 0x0000000781b00000, 0x0000000781b00000| Untracked 
|  28|0x0000000781c00000, 0x0000000781c00000, 0x0000000781d00000|  0%| F|  |TAMS 0x0000000781c00000, 0x0000000781c00000| Untracked 
|  29|0x0000000781d00000, 0x0000000781d00000, 0x0000000781e00000|  0%| F|  |TAMS 0x0000000781d00000, 0x0000000781d00000| Untracked 
|  30|0x0000000781e00000, 0x0000000781e00000, 0x0000000781f00000|  0%| F|  |TAMS 0x0000000781e00000, 0x0000000781e00000| Untracked 
|  31|0x0000000781f00000, 0x0000000781f00000, 0x0000000782000000|  0%| F|  |TAMS 0x0000000781f00000, 0x0000000781f00000| Untracked 
|  32|0x0000000782000000, 0x0000000782000000, 0x0000000782100000|  0%| F|  |TAMS 0x0000000782000000, 0x0000000782000000| Untracked 
|  33|0x0000000782100000, 0x0000000782100000, 0x0000000782200000|  0%| F|  |TAMS 0x0000000782100000, 0x0000000782100000| Untracked 
|  34|0x0000000782200000, 0x0000000782200000, 0x0000000782300000|  0%| F|  |TAMS 0x0000000782200000, 0x0000000782200000| Untracked 
|  35|0x0000000782300000, 0x0000000782300000, 0x0000000782400000|  0%| F|  |TAMS 0x0000000782300000, 0x0000000782300000| Untracked 
|  36|0x0000000782400000, 0x0000000782400000, 0x0000000782500000|  0%| F|  |TAMS 0x0000000782400000, 0x0000000782400000| Untracked 
|  37|0x0000000782500000, 0x0000000782500000, 0x0000000782600000|  0%| F|  |TAMS 0x0000000782500000, 0x0000000782500000| Untracked 
|  38|0x0000000782600000, 0x0000000782600000, 0x0000000782700000|  0%| F|  |TAMS 0x0000000782600000, 0x0000000782600000| Untracked 
|  39|0x0000000782700000, 0x0000000782700000, 0x0000000782800000|  0%| F|  |TAMS 0x0000000782700000, 0x0000000782700000| Untracked 
|  40|0x0000000782800000, 0x0000000782800000, 0x0000000782900000|  0%| F|  |TAMS 0x0000000782800000, 0x0000000782800000| Untracked 
|  41|0x0000000782900000, 0x0000000782900000, 0x0000000782a00000|  0%| F|  |TAMS 0x0000000782900000, 0x0000000782900000| Untracked 
|  42|0x0000000782a00000, 0x0000000782a00000, 0x0000000782b00000|  0%| F|  |TAMS 0x0000000782a00000, 0x0000000782a00000| Untracked 
|  43|0x0000000782b00000, 0x0000000782b00000, 0x0000000782c00000|  0%| F|  |TAMS 0x0000000782b00000, 0x0000000782b00000| Untracked 
|  44|0x0000000782c00000, 0x0000000782c00000, 0x0000000782d00000|  0%| F|  |TAMS 0x0000000782c00000, 0x0000000782c00000| Untracked 
|  45|0x0000000782d00000, 0x0000000782d00000, 0x0000000782e00000|  0%| F|  |TAMS 0x0000000782d00000, 0x0000000782d00000| Untracked 
|  46|0x0000000782e00000, 0x0000000782e00000, 0x0000000782f00000|  0%| F|  |TAMS 0x0000000782e00000, 0x0000000782e00000| Untracked 
|  47|0x0000000782f00000, 0x0000000782f00000, 0x0000000783000000|  0%| F|  |TAMS 0x0000000782f00000, 0x0000000782f00000| Untracked 
|  48|0x0000000783000000, 0x0000000783000000, 0x0000000783100000|  0%| F|  |TAMS 0x0000000783000000, 0x0000000783000000| Untracked 
|  49|0x0000000783100000, 0x0000000783100000, 0x0000000783200000|  0%| F|  |TAMS 0x0000000783100000, 0x0000000783100000| Untracked 
|  50|0x0000000783200000, 0x0000000783200000, 0x0000000783300000|  0%| F|  |TAMS 0x0000000783200000, 0x0000000783200000| Untracked 
|  51|0x0000000783300000, 0x0000000783300000, 0x0000000783400000|  0%| F|  |TAMS 0x0000000783300000, 0x0000000783300000| Untracked 
|  52|0x0000000783400000, 0x0000000783400000, 0x0000000783500000|  0%| F|  |TAMS 0x0000000783400000, 0x0000000783400000| Untracked 
|  53|0x0000000783500000, 0x0000000783500000, 0x0000000783600000|  0%| F|  |TAMS 0x0000000783500000, 0x0000000783500000| Untracked 
|  54|0x0000000783600000, 0x0000000783600000, 0x0000000783700000|  0%| F|  |TAMS 0x0000000783600000, 0x0000000783600000| Untracked 
|  55|0x0000000783700000, 0x0000000783700000, 0x0000000783800000|  0%| F|  |TAMS 0x0000000783700000, 0x0000000783700000| Untracked 
|  56|0x0000000783800000, 0x0000000783800000, 0x0000000783900000|  0%| F|  |TAMS 0x0000000783800000, 0x0000000783800000| Untracked 
|  57|0x0000000783900000, 0x0000000783900000, 0x0000000783a00000|  0%| F|  |TAMS 0x0000000783900000, 0x0000000783900000| Untracked 
|  58|0x0000000783a00000, 0x0000000783a00000, 0x0000000783b00000|  0%| F|  |TAMS 0x0000000783a00000, 0x0000000783a00000| Untracked 
|  59|0x0000000783b00000, 0x0000000783b00000, 0x0000000783c00000|  0%| F|  |TAMS 0x0000000783b00000, 0x0000000783b00000| Untracked 
|  60|0x0000000783c00000, 0x0000000783c00000, 0x0000000783d00000|  0%| F|  |TAMS 0x0000000783c00000, 0x0000000783c00000| Untracked 
|  61|0x0000000783d00000, 0x0000000783d00000, 0x0000000783e00000|  0%| F|  |TAMS 0x0000000783d00000, 0x0000000783d00000| Untracked 
|  62|0x0000000783e00000, 0x0000000783e00000, 0x0000000783f00000|  0%| F|  |TAMS 0x0000000783e00000, 0x0000000783e00000| Untracked 
|  63|0x0000000783f00000, 0x0000000783f00000, 0x0000000784000000|  0%| F|  |TAMS 0x0000000783f00000, 0x0000000783f00000| Untracked 
|  64|0x0000000784000000, 0x0000000784000000, 0x0000000784100000|  0%| F|  |TAMS 0x0000000784000000, 0x0000000784000000| Untracked 
|  65|0x0000000784100000, 0x0000000784100000, 0x0000000784200000|  0%| F|  |TAMS 0x0000000784100000, 0x0000000784100000| Untracked 
|  66|0x0000000784200000, 0x0000000784200000, 0x0000000784300000|  0%| F|  |TAMS 0x0000000784200000, 0x0000000784200000| Untracked 
|  67|0x0000000784300000, 0x0000000784300000, 0x0000000784400000|  0%| F|  |TAMS 0x0000000784300000, 0x0000000784300000| Untracked 
|  68|0x0000000784400000, 0x0000000784400000, 0x0000000784500000|  0%| F|  |TAMS 0x0000000784400000, 0x0000000784400000| Untracked 
|  69|0x0000000784500000, 0x0000000784500000, 0x0000000784600000|  0%| F|  |TAMS 0x0000000784500000, 0x0000000784500000| Untracked 
|  70|0x0000000784600000, 0x0000000784600000, 0x0000000784700000|  0%| F|  |TAMS 0x0000000784600000, 0x0000000784600000| Untracked 
|  71|0x0000000784700000, 0x0000000784700000, 0x0000000784800000|  0%| F|  |TAMS 0x0000000784700000, 0x0000000784700000| Untracked 
|  72|0x0000000784800000, 0x0000000784800000, 0x0000000784900000|  0%| F|  |TAMS 0x0000000784800000, 0x0000000784800000| Untracked 
|  73|0x0000000784900000, 0x0000000784900000, 0x0000000784a00000|  0%| F|  |TAMS 0x0000000784900000, 0x0000000784900000| Untracked 
|  74|0x0000000784a00000, 0x0000000784a00000, 0x0000000784b00000|  0%| F|  |TAMS 0x0000000784a00000, 0x0000000784a00000| Untracked 
|  75|0x0000000784b00000, 0x0000000784b00000, 0x0000000784c00000|  0%| F|  |TAMS 0x0000000784b00000, 0x0000000784b00000| Untracked 
|  76|0x0000000784c00000, 0x0000000784d00000, 0x0000000784d00000|100%| S|CS|TAMS 0x0000000784c00000, 0x0000000784c00000| Complete 
|  77|0x0000000784d00000, 0x0000000784e00000, 0x0000000784e00000|100%| S|CS|TAMS 0x0000000784d00000, 0x0000000784d00000| Complete 
|  78|0x0000000784e00000, 0x0000000784f00000, 0x0000000784f00000|100%| S|CS|TAMS 0x0000000784e00000, 0x0000000784e00000| Complete 
|  79|0x0000000784f00000, 0x0000000785000000, 0x0000000785000000|100%| S|CS|TAMS 0x0000000784f00000, 0x0000000784f00000| Complete 
|  80|0x0000000785000000, 0x0000000785100000, 0x0000000785100000|100%| S|CS|TAMS 0x0000000785000000, 0x0000000785000000| Complete 
|  81|0x0000000785100000, 0x0000000785200000, 0x0000000785200000|100%| S|CS|TAMS 0x0000000785100000, 0x0000000785100000| Complete 
|  82|0x0000000785200000, 0x0000000785200000, 0x0000000785300000|  0%| F|  |TAMS 0x0000000785200000, 0x0000000785200000| Untracked 
|  83|0x0000000785300000, 0x0000000785300000, 0x0000000785400000|  0%| F|  |TAMS 0x0000000785300000, 0x0000000785300000| Untracked 
|  84|0x0000000785400000, 0x0000000785400000, 0x0000000785500000|  0%| F|  |TAMS 0x0000000785400000, 0x0000000785400000| Untracked 
|  85|0x0000000785500000, 0x0000000785500000, 0x0000000785600000|  0%| F|  |TAMS 0x0000000785500000, 0x0000000785500000| Untracked 
|  86|0x0000000785600000, 0x0000000785600000, 0x0000000785700000|  0%| F|  |TAMS 0x0000000785600000, 0x0000000785600000| Untracked 
|  87|0x0000000785700000, 0x0000000785700000, 0x0000000785800000|  0%| F|  |TAMS 0x0000000785700000, 0x0000000785700000| Untracked 
|  88|0x0000000785800000, 0x0000000785800000, 0x0000000785900000|  0%| F|  |TAMS 0x0000000785800000, 0x0000000785800000| Untracked 
|  89|0x0000000785900000, 0x0000000785900000, 0x0000000785a00000|  0%| F|  |TAMS 0x0000000785900000, 0x0000000785900000| Untracked 
|  90|0x0000000785a00000, 0x0000000785a00000, 0x0000000785b00000|  0%| F|  |TAMS 0x0000000785a00000, 0x0000000785a00000| Untracked 
|  91|0x0000000785b00000, 0x0000000785b00000, 0x0000000785c00000|  0%| F|  |TAMS 0x0000000785b00000, 0x0000000785b00000| Untracked 
|  92|0x0000000785c00000, 0x0000000785c00000, 0x0000000785d00000|  0%| F|  |TAMS 0x0000000785c00000, 0x0000000785c00000| Untracked 
|  93|0x0000000785d00000, 0x0000000785d00000, 0x0000000785e00000|  0%| F|  |TAMS 0x0000000785d00000, 0x0000000785d00000| Untracked 
|  94|0x0000000785e00000, 0x0000000785e00000, 0x0000000785f00000|  0%| F|  |TAMS 0x0000000785e00000, 0x0000000785e00000| Untracked 
|  95|0x0000000785f00000, 0x0000000785f00000, 0x0000000786000000|  0%| F|  |TAMS 0x0000000785f00000, 0x0000000785f00000| Untracked 
|  96|0x0000000786000000, 0x0000000786000000, 0x0000000786100000|  0%| F|  |TAMS 0x0000000786000000, 0x0000000786000000| Untracked 
|  97|0x0000000786100000, 0x0000000786100000, 0x0000000786200000|  0%| F|  |TAMS 0x0000000786100000, 0x0000000786100000| Untracked 
|  98|0x0000000786200000, 0x0000000786200000, 0x0000000786300000|  0%| F|  |TAMS 0x0000000786200000, 0x0000000786200000| Untracked 
|  99|0x0000000786300000, 0x0000000786300000, 0x0000000786400000|  0%| F|  |TAMS 0x0000000786300000, 0x0000000786300000| Untracked 
| 100|0x0000000786400000, 0x0000000786400000, 0x0000000786500000|  0%| F|  |TAMS 0x0000000786400000, 0x0000000786400000| Untracked 
| 101|0x0000000786500000, 0x0000000786500000, 0x0000000786600000|  0%| F|  |TAMS 0x0000000786500000, 0x0000000786500000| Untracked 
| 102|0x0000000786600000, 0x0000000786600000, 0x0000000786700000|  0%| F|  |TAMS 0x0000000786600000, 0x0000000786600000| Untracked 
| 103|0x0000000786700000, 0x0000000786700000, 0x0000000786800000|  0%| F|  |TAMS 0x0000000786700000, 0x0000000786700000| Untracked 
| 104|0x0000000786800000, 0x0000000786800000, 0x0000000786900000|  0%| F|  |TAMS 0x0000000786800000, 0x0000000786800000| Untracked 
| 105|0x0000000786900000, 0x0000000786900000, 0x0000000786a00000|  0%| F|  |TAMS 0x0000000786900000, 0x0000000786900000| Untracked 
| 106|0x0000000786a00000, 0x0000000786a00000, 0x0000000786b00000|  0%| F|  |TAMS 0x0000000786a00000, 0x0000000786a00000| Untracked 
| 107|0x0000000786b00000, 0x0000000786b00000, 0x0000000786c00000|  0%| F|  |TAMS 0x0000000786b00000, 0x0000000786b00000| Untracked 
| 108|0x0000000786c00000, 0x0000000786c00000, 0x0000000786d00000|  0%| F|  |TAMS 0x0000000786c00000, 0x0000000786c00000| Untracked 
| 109|0x0000000786d00000, 0x0000000786d00000, 0x0000000786e00000|  0%| F|  |TAMS 0x0000000786d00000, 0x0000000786d00000| Untracked 
| 110|0x0000000786e00000, 0x0000000786e00000, 0x0000000786f00000|  0%| F|  |TAMS 0x0000000786e00000, 0x0000000786e00000| Untracked 
| 111|0x0000000786f00000, 0x0000000786f00000, 0x0000000787000000|  0%| F|  |TAMS 0x0000000786f00000, 0x0000000786f00000| Untracked 
| 112|0x0000000787000000, 0x0000000787000000, 0x0000000787100000|  0%| F|  |TAMS 0x0000000787000000, 0x0000000787000000| Untracked 
| 113|0x0000000787100000, 0x0000000787100000, 0x0000000787200000|  0%| F|  |TAMS 0x0000000787100000, 0x0000000787100000| Untracked 
| 114|0x0000000787200000, 0x0000000787200000, 0x0000000787300000|  0%| F|  |TAMS 0x0000000787200000, 0x0000000787200000| Untracked 
| 115|0x0000000787300000, 0x0000000787300000, 0x0000000787400000|  0%| F|  |TAMS 0x0000000787300000, 0x0000000787300000| Untracked 
| 116|0x0000000787400000, 0x0000000787400000, 0x0000000787500000|  0%| F|  |TAMS 0x0000000787400000, 0x0000000787400000| Untracked 
| 117|0x0000000787500000, 0x0000000787500000, 0x0000000787600000|  0%| F|  |TAMS 0x0000000787500000, 0x0000000787500000| Untracked 
| 118|0x0000000787600000, 0x0000000787600000, 0x0000000787700000|  0%| F|  |TAMS 0x0000000787600000, 0x0000000787600000| Untracked 
| 119|0x0000000787700000, 0x0000000787700000, 0x0000000787800000|  0%| F|  |TAMS 0x0000000787700000, 0x0000000787700000| Untracked 
| 120|0x0000000787800000, 0x0000000787800000, 0x0000000787900000|  0%| F|  |TAMS 0x0000000787800000, 0x0000000787800000| Untracked 
| 121|0x0000000787900000, 0x0000000787900000, 0x0000000787a00000|  0%| F|  |TAMS 0x0000000787900000, 0x0000000787900000| Untracked 
| 122|0x0000000787a00000, 0x0000000787a00000, 0x0000000787b00000|  0%| F|  |TAMS 0x0000000787a00000, 0x0000000787a00000| Untracked 
| 123|0x0000000787b00000, 0x0000000787b00000, 0x0000000787c00000|  0%| F|  |TAMS 0x0000000787b00000, 0x0000000787b00000| Untracked 
| 124|0x0000000787c00000, 0x0000000787c00000, 0x0000000787d00000|  0%| F|  |TAMS 0x0000000787c00000, 0x0000000787c00000| Untracked 
| 125|0x0000000787d00000, 0x0000000787d00000, 0x0000000787e00000|  0%| F|  |TAMS 0x0000000787d00000, 0x0000000787d00000| Untracked 
| 126|0x0000000787e00000, 0x0000000787f00000, 0x0000000787f00000|100%| E|  |TAMS 0x0000000787e00000, 0x0000000787e00000| Complete 
| 127|0x0000000787f00000, 0x0000000788000000, 0x0000000788000000|100%| E|CS|TAMS 0x0000000787f00000, 0x0000000787f00000| Complete 
|2046|0x00000007ffe00000, 0x00000007ffe78000, 0x00000007fff00000| 46%|OA|  |TAMS 0x00000007ffe00000, 0x00000007ffe00000| Untracked 
|2047|0x00000007fff00000, 0x00000007fff80000, 0x0000000800000000| 50%|CA|  |TAMS 0x00000007fff00000, 0x00000007fff00000| Untracked 

Card table byte_map: [0x00000001010b8000,0x00000001014b8000] _byte_map_base: 0x00000000fd4b8000

Marking Bits (Prev, Next): (CMBitMap*) 0x0000000123026410, (CMBitMap*) 0x0000000123026450
 Prev Bits: [0x000000010a030000, 0x000000010c030000)
 Next Bits: [0x000000010c030000, 0x000000010e030000)

Polling page: 0x0000000100834000

Metaspace:

Usage:
  Non-class:     13.01 MB used.
      Class:      2.28 MB used.
       Both:     15.29 MB used.

Virtual space:
  Non-class space:       16.00 MB reserved,      13.12 MB ( 82%) committed,  2 nodes.
      Class space:        1.00 GB reserved,       2.44 MB ( <1%) committed,  1 nodes.
             Both:        1.02 GB reserved,      15.56 MB (  1%) committed. 

Chunk freelists:
   Non-Class:  2.64 MB
       Class:  1.55 MB
        Both:  4.19 MB

MaxMetaspaceSize: unlimited
CompressedClassSpaceSize: 1.00 GB
Initial GC threshold: 21.00 MB
Current GC threshold: 21.00 MB
CDS: on
MetaspaceReclaimPolicy: balanced
 - commit_granule_bytes: 65536.
 - commit_granule_words: 8192.
 - virtual_space_node_default_size: 1048576.
 - enlarge_chunks_in_place: 1.
 - new_chunks_are_fully_committed: 0.
 - uncommit_free_chunks: 1.
 - use_allocation_guard: 0.
 - handle_deallocations: 1.


Internal statistics:

num_allocs_failed_limit: 0.
num_arena_births: 198.
num_arena_deaths: 0.
num_vsnodes_births: 3.
num_vsnodes_deaths: 0.
num_space_committed: 249.
num_space_uncommitted: 0.
num_chunks_returned_to_freelist: 0.
num_chunks_taken_from_freelist: 701.
num_chunk_merges: 0.
num_chunk_splits: 494.
num_chunks_enlarged: 394.
num_purges: 0.
num_inconsistent_stats: 0.

CodeHeap 'non-profiled nmethods': size=120032Kb used=907Kb max_used=907Kb free=119124Kb
 bounds [0x0000000137ac8000, 0x0000000137d38000, 0x000000013f000000]
CodeHeap 'profiled nmethods': size=120016Kb used=4295Kb max_used=4295Kb free=115720Kb
 bounds [0x0000000130594000, 0x00000001309d4000, 0x0000000137ac8000]
CodeHeap 'non-nmethods': size=5712Kb used=1412Kb max_used=1513Kb free=4299Kb
 bounds [0x0000000130000000, 0x0000000130270000, 0x0000000130594000]
 total_blobs=2886 nmethods=2117 adapters=685
 compilation: enabled
              stopped_count=0, restarted_count=0
 full_count=0

Compilation events (20 events):
Event: 1.649 Thread 0x00000001230a0800 nmethod 2175 0x0000000137ba9d90 code [0x0000000137ba9f00, 0x0000000137ba9fe8]
Event: 1.649 Thread 0x00000001230a0800 2176       1       javafx.scene.input.MouseEvent::isForwardButtonDown (5 bytes)
Event: 1.649 Thread 0x00000001230a0800 nmethod 2176 0x0000000137baa090 code [0x0000000137baa200, 0x0000000137baa2e8]
Event: 1.649 Thread 0x00000001230a0800 2177       1       javafx.scene.input.MouseEvent::getButton (5 bytes)
Event: 1.649 Thread 0x00000001230a0800 nmethod 2177 0x0000000137baa390 code [0x0000000137baa500, 0x0000000137baa5e8]
Event: 1.665 Thread 0x00000001230a0800 2178       3       com.sun.javafx.scene.input.InputEventUtils::recomputeCoordinates (220 bytes)
Event: 1.667 Thread 0x00000001230a0800 nmethod 2178 0x00000001309c1110 code [0x00000001309c1580, 0x00000001309c2d58]
Event: 1.667 Thread 0x00000001230a0800 2180       3       com.sun.javafx.event.EventDispatchChainImpl::ensureCapacity (89 bytes)
Event: 1.667 Thread 0x00000001230a0800 nmethod 2180 0x00000001309c3710 code [0x00000001309c3900, 0x00000001309c3f08]
Event: 1.667 Thread 0x00000001230a0800 2179       3       com.sun.javafx.event.EventDispatchChainImpl::prepend (77 bytes)
Event: 1.668 Thread 0x00000001230a0800 nmethod 2179 0x00000001309c4090 code [0x00000001309c4280, 0x00000001309c4708]
Event: 1.671 Thread 0x00000001230a0800 2181       1       com.sun.scenario.animation.AnimationPulse::getEnabled (5 bytes)
Event: 1.671 Thread 0x00000001230a0800 nmethod 2181 0x0000000137baa690 code [0x0000000137baa800, 0x0000000137baa8e8]
Event: 1.689 Thread 0x00000001230a0800 2182       3       java.util.concurrent.locks.ReentrantLock$Sync::isHeldExclusively (16 bytes)
Event: 1.690 Thread 0x00000001230a0800 nmethod 2182 0x00000001309c4890 code [0x00000001309c4a40, 0x00000001309c4c28]
Event: 1.690 Thread 0x00000001230a0800 2183       1       java.util.concurrent.CopyOnWriteArrayList::getArray (5 bytes)
Event: 1.690 Thread 0x00000001230a0800 nmethod 2183 0x0000000137baa990 code [0x0000000137baab00, 0x0000000137baabe8]
Event: 1.697 Thread 0x00000001230a0800 2184       3       com.sun.javafx.geom.transform.Identity::transform (20 bytes)
Event: 1.698 Thread 0x00000001230a0800 nmethod 2184 0x00000001309c4d10 code [0x00000001309c4f00, 0x00000001309c5328]
Event: 1.705 Thread 0x00000001230a0800 2185       3       java.util.concurrent.locks.AbstractQueuedSynchronizer::release (19 bytes)

GC Heap History (4 events):
Event: 0.410 GC heap before
{Heap before GC invocations=0 (full 0):
 garbage-first heap   total 133120K, used 23520K [0x0000000780000000, 0x0000000800000000)
  region size 1024K, 23 young (23552K), 0 survivors (0K)
 Metaspace       used 6248K, committed 6400K, reserved 1056768K
  class space    used 748K, committed 832K, reserved 1048576K
}
Event: 0.411 GC heap after
{Heap after GC invocations=1 (full 0):
 garbage-first heap   total 133120K, used 3993K [0x0000000780000000, 0x0000000800000000)
  region size 1024K, 3 young (3072K), 3 survivors (3072K)
 Metaspace       used 6248K, committed 6400K, reserved 1056768K
  class space    used 748K, committed 832K, reserved 1048576K
}
Event: 0.946 GC heap before
{Heap before GC invocations=1 (full 0):
 garbage-first heap   total 133120K, used 49049K [0x0000000780000000, 0x0000000800000000)
  region size 1024K, 46 young (47104K), 3 survivors (3072K)
 Metaspace       used 15410K, committed 15744K, reserved 1064960K
  class space    used 2318K, committed 2496K, reserved 1048576K
}
Event: 0.951 GC heap after
{Heap after GC invocations=2 (full 0):
 garbage-first heap   total 133120K, used 10594K [0x0000000780000000, 0x0000000800000000)
  region size 1024K, 6 young (6144K), 6 survivors (6144K)
 Metaspace       used 15410K, committed 15744K, reserved 1064960K
  class space    used 2318K, committed 2496K, reserved 1048576K
}

Deoptimization events (20 events):
Event: 0.773 Thread 0x0000000122325e00 DEOPT PACKING pc=0x0000000137b15fdc sp=0x000000016f749280
Event: 0.773 Thread 0x0000000122325e00 DEOPT UNPACKING pc=0x000000013003ed1c sp=0x000000016f749210 mode 2
Event: 0.966 Thread 0x0000000122019000 DEOPT PACKING pc=0x000000013092e268 sp=0x00000001725f1410
Event: 0.966 Thread 0x0000000122019000 DEOPT UNPACKING pc=0x000000013003eb7c sp=0x00000001725f1090 mode 0
Event: 0.967 Thread 0x0000000122019000 DEOPT PACKING pc=0x000000013092e268 sp=0x00000001725f1410
Event: 0.967 Thread 0x0000000122019000 DEOPT UNPACKING pc=0x000000013003eb7c sp=0x00000001725f1090 mode 0
Event: 0.969 Thread 0x0000000122019000 DEOPT PACKING pc=0x000000013092e268 sp=0x00000001725f1410
Event: 0.969 Thread 0x0000000122019000 DEOPT UNPACKING pc=0x000000013003eb7c sp=0x00000001725f1090 mode 0
Event: 0.970 Thread 0x0000000122019000 DEOPT PACKING pc=0x000000013092e268 sp=0x00000001725f10f0
Event: 0.970 Thread 0x0000000122019000 DEOPT UNPACKING pc=0x000000013003eb7c sp=0x00000001725f0d70 mode 0
Event: 0.972 Thread 0x0000000122019000 DEOPT PACKING pc=0x000000013092e268 sp=0x00000001725f1490
Event: 0.972 Thread 0x0000000122019000 DEOPT UNPACKING pc=0x000000013003eb7c sp=0x00000001725f1110 mode 0
Event: 0.972 Thread 0x0000000122019000 DEOPT PACKING pc=0x000000013092e268 sp=0x00000001725f1490
Event: 0.972 Thread 0x0000000122019000 DEOPT UNPACKING pc=0x000000013003eb7c sp=0x00000001725f1110 mode 0
Event: 1.305 Thread 0x0000000122019000 DEOPT PACKING pc=0x000000013097c8cc sp=0x00000001725f1490
Event: 1.305 Thread 0x0000000122019000 DEOPT UNPACKING pc=0x000000013003eb7c sp=0x00000001725f10b0 mode 0
Event: 1.306 Thread 0x0000000122019000 DEOPT PACKING pc=0x0000000130970034 sp=0x00000001725f12f0
Event: 1.306 Thread 0x0000000122019000 DEOPT UNPACKING pc=0x000000013003eb7c sp=0x00000001725f0f70 mode 0
Event: 1.340 Thread 0x0000000122019000 DEOPT PACKING pc=0x0000000130970034 sp=0x00000001725f0620
Event: 1.340 Thread 0x0000000122019000 DEOPT UNPACKING pc=0x000000013003eb7c sp=0x00000001725f02a0 mode 0

Classes unloaded (0 events):
No events

Classes redefined (0 events):
No events

Internal exceptions (20 events):
Event: 0.516 Thread 0x0000000122325e00 Exception <a 'sun/nio/fs/UnixException'{0x000000078714a218}> (0x000000078714a218) 
thrown [open/src/hotspot/share/prims/jni.cpp, line 516]
Event: 0.600 Thread 0x0000000122325e00 Exception <a 'java/io/FileNotFoundException'{0x0000000787098160}> (0x0000000787098160) 
thrown [open/src/hotspot/share/prims/jni.cpp, line 516]
Event: 0.600 Thread 0x0000000122325e00 Exception <a 'java/io/FileNotFoundException'{0x0000000787098ad0}> (0x0000000787098ad0) 
thrown [open/src/hotspot/share/prims/jni.cpp, line 516]
Event: 0.617 Thread 0x0000000122325e00 Exception <a 'sun/nio/fs/UnixException'{0x0000000786e10a68}> (0x0000000786e10a68) 
thrown [open/src/hotspot/share/prims/jni.cpp, line 516]
Event: 0.689 Thread 0x0000000122325e00 Exception <a 'java/lang/ClassNotFoundException'{0x00000007865d9d18}: com/sun/javafx/scene/control/skin/resources/controls> (0x00000007865d9d18) 
thrown [open/src/hotspot/share/prims/jni.cpp, line 535]
Event: 0.689 Thread 0x0000000122325e00 Exception <a 'java/lang/ClassNotFoundException'{0x00000007865e7cb8}: com/sun/javafx/scene/control/skin/resources/controls_zh> (0x00000007865e7cb8) 
thrown [open/src/hotspot/share/prims/jni.cpp, line 535]
Event: 0.689 Thread 0x0000000122325e00 Exception <a 'java/lang/ClassNotFoundException'{0x00000007865e8c50}: com/sun/javafx/scene/control/skin/resources/controls_zh_TW> (0x00000007865e8c50) 
thrown [open/src/hotspot/share/prims/jni.cpp, line 535]
Event: 0.690 Thread 0x0000000122325e00 Exception <a 'java/lang/ClassNotFoundException'{0x00000007865f6fd8}: com/sun/javafx/scene/control/skin/resources/controls_zh_Hant> (0x00000007865f6fd8) 
thrown [open/src/hotspot/share/prims/jni.cpp, line 535]
Event: 0.690 Thread 0x0000000122325e00 Exception <a 'java/lang/ClassNotFoundException'{0x00000007865f7f78}: com/sun/javafx/scene/control/skin/resources/controls_zh_Hant_TW> (0x00000007865f7f78) 
thrown [open/src/hotspot/share/prims/jni.cpp, line 535]
Event: 0.712 Thread 0x0000000122325e00 Exception <a 'java/lang/NoSuchMethodError'{0x00000007862914d0}: 'void java.lang.invoke.DirectMethodHandle$Holder.invokeSpecial(java.lang.Object, java.lang.Object, java.lang.Object, java.lang.Object, java.lang.Object, java.lang.Object)'> (0x00000007862914d0) 
thrown [open/src/hotspot/share/interpreter/linkResolver.cpp, line 766]
Event: 0.735 Thread 0x0000000122325e00 Exception <a 'java/lang/NoSuchMethodError'{0x0000000785fc1fd0}: 'java.lang.Object java.lang.invoke.DirectMethodHandle$Holder.invokeInterface(java.lang.Object, java.lang.Object, java.lang.Object)'> (0x0000000785fc1fd0) 
thrown [open/src/hotspot/share/interpreter/linkResolver.cpp, line 766]
Event: 0.735 Thread 0x0000000122325e00 Exception <a 'java/lang/IncompatibleClassChangeError'{0x0000000785fc5958}: Found class java.lang.Object, but interface was expected> (0x0000000785fc5958) 
thrown [open/src/hotspot/share/interpreter/linkResolver.cpp, line 833]
Event: 0.788 Thread 0x0000000122325e00 Exception <a 'java/lang/NoSuchMethodError'{0x00000007859a0738}: 'java.lang.Object java.lang.invoke.DirectMethodHandle$Holder.newInvokeSpecial(java.lang.Object, java.lang.Object, int, int)'> (0x00000007859a0738) 
thrown [open/src/hotspot/share/interpreter/linkResolver.cpp, line 766]
Event: 0.793 Thread 0x0000000122325e00 Exception <a 'java/lang/NoSuchMethodError'{0x00000007859c1f58}: 'java.lang.Object java.lang.invoke.DirectMethodHandle$Holder.newInvokeSpecial(java.lang.Object, java.lang.Object, int)'> (0x00000007859c1f58) 
thrown [open/src/hotspot/share/interpreter/linkResolver.cpp, line 766]
Event: 0.852 Thread 0x0000000122019000 Exception <a 'java/lang/NoSuchMethodError'{0x00000007857fa750}: 'int java.lang.invoke.DirectMethodHandle$Holder.invokeStaticInit(java.lang.Object, java.lang.Object)'> (0x00000007857fa750) 
thrown [open/src/hotspot/share/interpreter/linkResolver.cpp, line 766]
Event: 0.898 Thread 0x0000000122325e00 Exception <a 'java/lang/NoSuchMethodError'{0x000000078573b9c8}: 'long java.lang.invoke.DirectMethodHandle$Holder.invokeStatic(java.lang.Object, java.lang.Object, java.lang.Object)'> (0x000000078573b9c8) 
thrown [open/src/hotspot/share/interpreter/linkResolver.cpp, line 766]
Event: 0.898 Thread 0x0000000122325e00 Exception <a 'java/lang/NoSuchMethodError'{0x000000078573f170}: 'long java.lang.invoke.DirectMethodHandle$Holder.invokeStaticInit(java.lang.Object, java.lang.Object, java.lang.Object)'> (0x000000078573f170) 
thrown [open/src/hotspot/share/interpreter/linkResolver.cpp, line 766]
Event: 0.900 Thread 0x0000000122325e00 Exception <a 'java/lang/NoSuchMethodError'{0x0000000785756d78}: 'java.lang.Object java.lang.invoke.DirectMethodHandle$Holder.newInvokeSpecial(java.lang.Object, java.lang.Object, long)'> (0x0000000785756d78) 
thrown [open/src/hotspot/share/interpreter/linkResolver.cpp, line 766]
Event: 0.900 Thread 0x0000000122325e00 Exception <a 'java/lang/NoSuchMethodError'{0x000000078575a640}: 'java.lang.Object java.lang.invoke.Invokers$Holder.linkToTargetMethod(java.lang.Object, long, java.lang.Object)'> (0x000000078575a640) 
thrown [open/src/hotspot/share/interpreter/linkResolver.cpp, line 766]
Event: 0.945 Thread 0x0000000122019000 Exception <a 'java/lang/NoSuchMethodError'{0x00000007852e6c70}: 'java.lang.Object java.lang.invoke.DirectMethodHandle$Holder.invokeStaticInit(java.lang.Object, int)'> (0x00000007852e6c70) 
thrown [open/src/hotspot/share/interpreter/linkResolver.cpp, line 766]

VM Operations (20 events):
Event: 0.409 Executing VM operation: G1CollectForAllocation
Event: 0.412 Executing VM operation: G1CollectForAllocation done
Event: 0.412 Executing VM operation: Cleanup
Event: 0.412 Executing VM operation: Cleanup done
Event: 0.451 Executing VM operation: HandshakeAllThreads
Event: 0.451 Executing VM operation: HandshakeAllThreads done
Event: 0.480 Executing VM operation: HandshakeAllThreads
Event: 0.480 Executing VM operation: HandshakeAllThreads done
Event: 0.498 Executing VM operation: ICBufferFull
Event: 0.498 Executing VM operation: ICBufferFull done
Event: 0.611 Executing VM operation: HandshakeAllThreads
Event: 0.611 Executing VM operation: HandshakeAllThreads done
Event: 0.698 Executing VM operation: ICBufferFull
Event: 0.698 Executing VM operation: ICBufferFull done
Event: 0.754 Executing VM operation: ICBufferFull
Event: 0.754 Executing VM operation: ICBufferFull done
Event: 0.788 Executing VM operation: ICBufferFull
Event: 0.788 Executing VM operation: ICBufferFull done
Event: 0.946 Executing VM operation: G1CollectForAllocation
Event: 0.951 Executing VM operation: G1CollectForAllocation done

Events (20 events):
Event: 0.987 loading class com/sun/prism/impl/ps/CachingShapeRepState$CacheEntry
Event: 0.987 loading class com/sun/prism/impl/ps/CachingShapeRepState$CacheEntry done
Event: 1.092 loading class com/sun/javafx/tk/quantum/GlassViewEventHandler
Event: 1.092 loading class com/sun/javafx/tk/quantum/GlassViewEventHandler done
Event: 1.093 loading class java/util/EnumMap$Values
Event: 1.093 loading class java/util/EnumMap$Values done
Event: 1.093 loading class java/util/EnumMap$ValueIterator
Event: 1.094 loading class java/util/EnumMap$EnumMapIterator
Event: 1.094 loading class java/util/EnumMap$EnumMapIterator done
Event: 1.094 loading class java/util/EnumMap$ValueIterator done
Event: 1.094 loading class javafx/scene/Node
Event: 1.094 loading class javafx/scene/Node done
Event: 1.094 loading class javafx/event/Event
Event: 1.094 loading class javafx/event/Event done
Event: 1.094 loading class javafx/event/Event
Event: 1.094 loading class javafx/event/Event done
Event: 1.220 loading class javafx/util/Pair
Event: 1.220 loading class javafx/util/Pair done
Event: 1.220 loading class javafx/util/Pair
Event: 1.220 loading class javafx/util/Pair done


Dynamic libraries:
0x00000001007e4000 	/Library/Java/JavaVirtualMachines/jdk-17.0.1.jdk/Contents/Home/lib/libjli.dylib
0x00000001a5c3e000 	/usr/lib/libz.1.dylib
0x00000001a5cee000 	/usr/lib/libSystem.B.dylib
0x00000001a5ce8000 	/usr/lib/system/libcache.dylib
0x00000001a5ca6000 	/usr/lib/system/libcommonCrypto.dylib
0x00000001a5ccf000 	/usr/lib/system/libcompiler_rt.dylib
0x00000001a5cc6000 	/usr/lib/system/libcopyfile.dylib
0x000000019aff2000 	/usr/lib/system/libcorecrypto.dylib
0x000000019b097000 	/usr/lib/system/libdispatch.dylib
0x000000019b25f000 	/usr/lib/system/libdyld.dylib
0x00000001a5cde000 	/usr/lib/system/libkeymgr.dylib
0x00000001a5c88000 	/usr/lib/system/libmacho.dylib
0x00000001a5394000 	/usr/lib/system/libquarantine.dylib
0x00000001a5cdb000 	/usr/lib/system/libremovefile.dylib
0x00000001a03e1000 	/usr/lib/system/libsystem_asl.dylib
0x000000019af9c000 	/usr/lib/system/libsystem_blocks.dylib
0x000000019b11d000 	/usr/lib/system/libsystem_c.dylib
0x00000001a5cd3000 	/usr/lib/system/libsystem_collections.dylib
0x00000001a47f1000 	/usr/lib/system/libsystem_configuration.dylib
0x00000001a3a77000 	/usr/lib/system/libsystem_containermanager.dylib
0x00000001a59f2000 	/usr/lib/system/libsystem_coreservices.dylib
0x000000019d984000 	/usr/lib/system/libsystem_darwin.dylib
0x00000001a5cdf000 	/usr/lib/system/libsystem_dnssd.dylib
0x000000019b11a000 	/usr/lib/system/libsystem_featureflags.dylib
0x000000019b274000 	/usr/lib/system/libsystem_info.dylib
0x00000001a5c50000 	/usr/lib/system/libsystem_m.dylib
0x000000019b06c000 	/usr/lib/system/libsystem_malloc.dylib
0x00000001a0372000 	/usr/lib/system/libsystem_networkextension.dylib
0x000000019ddd7000 	/usr/lib/system/libsystem_notify.dylib
0x00000001abebb000 	/usr/lib/system/libsystem_product_info_filter.dylib
0x00000001a47f6000 	/usr/lib/system/libsystem_sandbox.dylib
0x00000001a5cd8000 	/usr/lib/system/libsystem_secinit.dylib
0x000000019b21c000 	/usr/lib/system/libsystem_kernel.dylib
0x000000019b26c000 	/usr/lib/system/libsystem_platform.dylib
0x000000019b252000 	/usr/lib/system/libsystem_pthread.dylib
0x00000001a1b17000 	/usr/lib/system/libsystem_symptoms.dylib
0x000000019afd8000 	/usr/lib/system/libsystem_trace.dylib
0x00000001a5cb3000 	/usr/lib/system/libunwind.dylib
0x000000019af9e000 	/usr/lib/system/libxpc.dylib
0x000000019b202000 	/usr/lib/libc++abi.dylib
0x000000019b0de000 	/usr/lib/libobjc.A.dylib
0x00000001a5cbe000 	/usr/lib/liboah.dylib
0x000000019b19e000 	/usr/lib/libc++.1.dylib
0x00000001b1898000 	/System/Library/Frameworks/Cocoa.framework/Versions/A/Cocoa
0x000000019de36000 	/System/Library/Frameworks/AppKit.framework/Versions/C/AppKit
0x00000001a1358000 	/System/Library/Frameworks/CoreData.framework/Versions/A/CoreData
0x000000019c197000 	/System/Library/Frameworks/Foundation.framework/Versions/C/Foundation
0x000000019ece8000 	/System/Library/PrivateFrameworks/UIFoundation.framework/Versions/A/UIFoundation
0x00000001abbb5000 	/System/Library/PrivateFrameworks/RemoteViewServices.framework/Versions/A/RemoteViewServices
0x00000001a41b0000 	/System/Library/PrivateFrameworks/XCTTargetBootstrap.framework/Versions/A/XCTTargetBootstrap
0x00000001a79f0000 	/System/Library/PrivateFrameworks/InternationalSupport.framework/Versions/A/InternationalSupport
0x00000001a7a79000 	/System/Library/PrivateFrameworks/UserActivity.framework/Versions/A/UserActivity
0x00000001a6f1b000 	/usr/lib/libspindump.dylib
0x000000019ef58000 	/System/Library/Frameworks/UniformTypeIdentifiers.framework/Versions/A/UniformTypeIdentifiers
0x00000001a273e000 	/usr/lib/libapp_launch_measurement.dylib
0x00000001a1cbb000 	/System/Library/PrivateFrameworks/CoreAnalytics.framework/Versions/A/CoreAnalytics
0x00000001a2741000 	/System/Library/PrivateFrameworks/CoreAutoLayout.framework/Versions/A/CoreAutoLayout
0x00000001a3ab4000 	/System/Library/Frameworks/Metal.framework/Versions/A/Metal
0x00000001a4801000 	/usr/lib/liblangid.dylib
0x00000001a41b4000 	/System/Library/PrivateFrameworks/CoreSVG.framework/Versions/A/CoreSVG
0x00000001a0415000 	/System/Library/PrivateFrameworks/SkyLight.framework/Versions/A/SkyLight
0x00000001a07dd000 	/System/Library/Frameworks/CoreGraphics.framework/Versions/A/CoreGraphics
0x00000001ac22e000 	/System/Library/Frameworks/Accelerate.framework/Versions/A/Accelerate
0x00000001a6990000 	/System/Library/PrivateFrameworks/IconServices.framework/Versions/A/IconServices
0x00000001a3a96000 	/System/Library/Frameworks/IOSurface.framework/Versions/A/IOSurface
0x00000001a1ceb000 	/usr/lib/libDiagnosticMessagesClient.dylib
0x00000001af666000 	/System/Library/Frameworks/ApplicationServices.framework/Versions/A/ApplicationServices
0x00000001a4198000 	/System/Library/PrivateFrameworks/DFRFoundation.framework/Versions/A/DFRFoundation
0x000000019d6d9000 	/usr/lib/libicucore.A.dylib
0x00000001a87ed000 	/System/Library/Frameworks/AudioToolbox.framework/Versions/A/AudioToolbox
0x00000001a79fc000 	/System/Library/PrivateFrameworks/DataDetectorsCore.framework/Versions/A/DataDetectorsCore
0x00000001bda18000 	/System/Library/PrivateFrameworks/TextInput.framework/Versions/A/TextInput
0x00000001a038c000 	/usr/lib/libMobileGestalt.dylib
0x00000001a3e68000 	/System/Library/Frameworks/Carbon.framework/Versions/A/Frameworks/HIToolbox.framework/Versions/A/HIToolbox
0x00000001a2148000 	/System/Library/Frameworks/QuartzCore.framework/Versions/A/QuartzCore
0x000000019d356000 	/System/Library/Frameworks/Security.framework/Versions/A/Security
0x00000001abbf5000 	/System/Library/Frameworks/Carbon.framework/Versions/A/Frameworks/SpeechRecognition.framework/Versions/A/SpeechRecognition
0x00000001a2495000 	/System/Library/PrivateFrameworks/CoreUI.framework/Versions/A/CoreUI
0x000000019cc29000 	/System/Library/Frameworks/CoreAudio.framework/Versions/A/CoreAudio
0x00000001a1ddb000 	/System/Library/Frameworks/DiskArbitration.framework/Versions/A/DiskArbitration
0x00000001a7303000 	/System/Library/PrivateFrameworks/MultitouchSupport.framework/Versions/A/MultitouchSupport
0x00000001a038a000 	/usr/lib/libenergytrace.dylib
0x000000019dd02000 	/System/Library/Frameworks/IOKit.framework/Versions/A/IOKit
0x00000001abfdc000 	/System/Library/Frameworks/CoreServices.framework/Versions/A/CoreServices
0x00000001a26ce000 	/System/Library/PrivateFrameworks/PerformanceAnalysis.framework/Versions/A/PerformanceAnalysis
0x00000001fc23d000 	/System/Library/Frameworks/OpenGL.framework/Versions/A/OpenGL
0x00000001a52b4000 	/System/Library/PrivateFrameworks/MobileKeyBag.framework/Versions/A/MobileKeyBag
0x00000001a0ded000 	/System/Library/Frameworks/ColorSync.framework/Versions/A/ColorSync
0x000000019b2a0000 	/System/Library/Frameworks/CoreFoundation.framework/Versions/A/CoreFoundation
0x00000001a4435000 	/System/Library/Frameworks/CoreImage.framework/Versions/A/CoreImage
0x000000019ca4c000 	/System/Library/Frameworks/CoreText.framework/Versions/A/CoreText
0x00000001a41e4000 	/System/Library/Frameworks/ImageIO.framework/Versions/A/ImageIO
0x00000001a5cf4000 	/System/Library/PrivateFrameworks/SoftLinking.framework/Versions/A/SoftLinking
0x00000001a278b000 	/usr/lib/libxml2.2.dylib
0x00000001a5f8c000 	/usr/lib/libcompression.dylib
0x00000001a7949000 	/System/Library/PrivateFrameworks/TextureIO.framework/Versions/A/TextureIO
0x00000001a66aa000 	/usr/lib/libate.dylib
0x00000001a6572000 	/usr/lib/liblzma.5.dylib
0x000000019be88000 	/System/Library/Frameworks/SystemConfiguration.framework/Versions/A/SystemConfiguration
0x00000001a5cf0000 	/usr/lib/libfakelink.dylib
0x000000019feba000 	/System/Library/Frameworks/CFNetwork.framework/Versions/A/CFNetwork
0x00000001a5e37000 	/usr/lib/libarchive.2.dylib
0x00000001a47fd000 	/System/Library/PrivateFrameworks/AppleSystemInfo.framework/Versions/A/AppleSystemInfo
0x00000001a53be000 	/usr/lib/libbsm.0.dylib
0x000000019f3f7000 	/usr/lib/libnetwork.dylib
0x00000001a5c8e000 	/usr/lib/system/libkxld.dylib
0x00000001a4fd6000 	/System/Library/PrivateFrameworks/IOMobileFramebuffer.framework/Versions/A/IOMobileFramebuffer
0x0000000217b68000 	/usr/lib/libCoreEntitlements.dylib
0x00000001a59d4000 	/System/Library/PrivateFrameworks/AppleFSCompression.framework/Versions/A/AppleFSCompression
0x00000001a53a7000 	/usr/lib/libcoretls.dylib
0x00000001a658b000 	/usr/lib/libcoretls_cfhelpers.dylib
0x00000001a5f87000 	/usr/lib/libpam.2.dylib
0x00000001a173f000 	/usr/lib/libsqlite3.dylib
0x00000001a65f3000 	/usr/lib/libxar.1.dylib
0x00000001a59e5000 	/usr/lib/libbz2.1.0.dylib
0x00000001a5cf5000 	/usr/lib/libpcap.A.dylib
0x00000001a1b0e000 	/usr/lib/libdns_services.dylib
0x00000001a5f5a000 	/usr/lib/libapple_nghttp2.dylib
0x00000001a5d32000 	/usr/lib/libiconv.2.dylib
0x00000001a5c87000 	/usr/lib/libcharset.1.dylib
0x00000001a270a000 	/System/Library/Frameworks/CoreServices.framework/Versions/A/Frameworks/FSEvents.framework/Versions/A/FSEvents
0x000000019d98f000 	/System/Library/Frameworks/CoreServices.framework/Versions/A/Frameworks/CarbonCore.framework/Versions/A/CarbonCore
0x00000001a1d3e000 	/System/Library/Frameworks/CoreServices.framework/Versions/A/Frameworks/Metadata.framework/Versions/A/Metadata
0x00000001a59f8000 	/System/Library/Frameworks/CoreServices.framework/Versions/A/Frameworks/OSServices.framework/Versions/A/OSServices
0x00000001a5ebc000 	/System/Library/Frameworks/CoreServices.framework/Versions/A/Frameworks/SearchKit.framework/Versions/A/SearchKit
0x00000001a1a9c000 	/System/Library/Frameworks/CoreServices.framework/Versions/A/Frameworks/AE.framework/Versions/A/AE
0x000000019b7e4000 	/System/Library/Frameworks/CoreServices.framework/Versions/A/Frameworks/LaunchServices.framework/Versions/A/LaunchServices
0x00000001a651b000 	/System/Library/Frameworks/CoreServices.framework/Versions/A/Frameworks/DictionaryServices.framework/Versions/A/DictionaryServices
0x00000001a2717000 	/System/Library/Frameworks/CoreServices.framework/Versions/A/Frameworks/SharedFileList.framework/Versions/A/SharedFileList
0x00000001a5397000 	/usr/lib/libCheckFix.dylib
0x00000001a03f9000 	/System/Library/PrivateFrameworks/TCC.framework/Versions/A/TCC
0x00000001a4803000 	/System/Library/PrivateFrameworks/CoreNLP.framework/Versions/A/CoreNLP
0x00000001a1cee000 	/System/Library/PrivateFrameworks/MetadataUtilities.framework/Versions/A/MetadataUtilities
0x000000019bf41000 	/usr/lib/libmecabra.dylib
0x00000001a53cf000 	/usr/lib/libmecab.dylib
0x000000019bf0d000 	/usr/lib/libCRFSuite.dylib
0x00000001a542d000 	/usr/lib/libgermantok.dylib
0x00000001a5f33000 	/usr/lib/libThaiTokenizer.dylib
0x00000001a1de3000 	/System/Library/Frameworks/Accelerate.framework/Versions/A/Frameworks/vImage.framework/Versions/A/vImage
0x00000001abfb3000 	/System/Library/Frameworks/Accelerate.framework/Versions/A/Frameworks/vecLib.framework/Versions/A/vecLib
0x00000001a6637000 	/System/Library/Frameworks/Accelerate.framework/Versions/A/Frameworks/vecLib.framework/Versions/A/libvMisc.dylib
0x00000001a4ee0000 	/System/Library/Frameworks/Accelerate.framework/Versions/A/Frameworks/vecLib.framework/Versions/A/libvDSP.dylib
0x000000019bb67000 	/System/Library/Frameworks/Accelerate.framework/Versions/A/Frameworks/vecLib.framework/Versions/A/libBLAS.dylib
0x00000001a605b000 	/System/Library/Frameworks/Accelerate.framework/Versions/A/Frameworks/vecLib.framework/Versions/A/libLAPACK.dylib
0x00000001a5430000 	/System/Library/Frameworks/Accelerate.framework/Versions/A/Frameworks/vecLib.framework/Versions/A/libLinearAlgebra.dylib
0x00000001a5f72000 	/System/Library/Frameworks/Accelerate.framework/Versions/A/Frameworks/vecLib.framework/Versions/A/libSparseBLAS.dylib
0x00000001a6056000 	/System/Library/Frameworks/Accelerate.framework/Versions/A/Frameworks/vecLib.framework/Versions/A/libQuadrature.dylib
0x00000001a48fa000 	/System/Library/Frameworks/Accelerate.framework/Versions/A/Frameworks/vecLib.framework/Versions/A/libBNNS.dylib
0x000000019be25000 	/System/Library/Frameworks/Accelerate.framework/Versions/A/Frameworks/vecLib.framework/Versions/A/libSparse.dylib
0x00000001a48f2000 	/System/Library/PrivateFrameworks/LinguisticData.framework/Versions/A/LinguisticData
0x000000019bddb000 	/System/Library/PrivateFrameworks/Lexicon.framework/Versions/A/Lexicon
0x00000001a662f000 	/usr/lib/libChineseTokenizer.dylib
0x000000019c585000 	/System/Library/PrivateFrameworks/LanguageModeling.framework/Versions/A/LanguageModeling
0x00000001a5f35000 	/System/Library/PrivateFrameworks/AppleSauce.framework/Versions/A/AppleSauce
0x00000001a4fc3000 	/System/Library/PrivateFrameworks/CoreEmoji.framework/Versions/A/CoreEmoji
0x00000001a5e25000 	/usr/lib/libcmph.dylib
0x00000001a26ea000 	/System/Library/Frameworks/OpenDirectory.framework/Versions/A/Frameworks/CFOpenDirectory.framework/Versions/A/CFOpenDirectory
0x00000001a26da000 	/System/Library/Frameworks/OpenDirectory.framework/Versions/A/OpenDirectory
0x00000001a658d000 	/System/Library/PrivateFrameworks/APFS.framework/Versions/A/APFS
0x00000001a52ef000 	/System/Library/Frameworks/SecurityFoundation.framework/Versions/A/SecurityFoundation
0x00000001a6601000 	/usr/lib/libutil.dylib
0x000000019dcc4000 	/System/Library/PrivateFrameworks/CoreServicesStore.framework/Versions/A/CoreServicesStore
0x00000001a6605000 	/usr/lib/libxslt.1.dylib
0x00000001a5383000 	/System/Library/PrivateFrameworks/BackgroundTaskManagement.framework/Versions/A/BackgroundTaskManagement
0x00000001a786a000 	/System/Library/Frameworks/ImageIO.framework/Versions/A/Resources/libRadiance.dylib
0x00000001a7873000 	/System/Library/Frameworks/ImageIO.framework/Versions/A/Resources/libJPEG.dylib
0x00000001a77c5000 	/System/Library/Frameworks/ImageIO.framework/Versions/A/Resources/libPng.dylib
0x00000001a77e7000 	/System/Library/Frameworks/ImageIO.framework/Versions/A/Resources/libTIFF.dylib
0x00000001a78ce000 	/System/Library/Frameworks/ImageIO.framework/Versions/A/Resources/libGIF.dylib
0x00000001a7213000 	/System/Library/Frameworks/ImageIO.framework/Versions/A/Resources/libJP2.dylib
0x00000001a6956000 	/usr/lib/libexpat.1.dylib
0x00000001a71ce000 	/System/Library/PrivateFrameworks/AppleJPEG.framework/Versions/A/AppleJPEG
0x00000001a3d27000 	/System/Library/PrivateFrameworks/FontServices.framework/libFontParser.dylib
0x00000001a1a41000 	/System/Library/PrivateFrameworks/RunningBoardServices.framework/Versions/A/RunningBoardServices
0x00000001b1f03000 	/System/Library/PrivateFrameworks/IOSurfaceAccelerator.framework/Versions/A/IOSurfaceAccelerator
0x00000001a72ff000 	/System/Library/PrivateFrameworks/WatchdogClient.framework/Versions/A/WatchdogClient
0x000000019c689000 	/System/Library/Frameworks/CoreDisplay.framework/Versions/A/CoreDisplay
0x00000001a3c16000 	/System/Library/Frameworks/CoreMedia.framework/Versions/A/CoreMedia
0x00000001a3aaa000 	/System/Library/PrivateFrameworks/IOAccelerator.framework/Versions/A/IOAccelerator
0x00000001a2878000 	/System/Library/Frameworks/CoreVideo.framework/Versions/A/CoreVideo
0x00000001a5f85000 	/System/Library/Frameworks/MetalPerformanceShaders.framework/Versions/A/MetalPerformanceShaders
0x00000001a733c000 	/System/Library/Frameworks/VideoToolbox.framework/Versions/A/VideoToolbox
0x00000001a1985000 	/System/Library/PrivateFrameworks/BaseBoard.framework/Versions/A/BaseBoard
0x00000001a1724000 	/System/Library/PrivateFrameworks/ProtocolBuffer.framework/Versions/A/ProtocolBuffer
0x00000001a7865000 	/System/Library/PrivateFrameworks/GPUWrangler.framework/Versions/A/GPUWrangler
0x00000001a7844000 	/System/Library/PrivateFrameworks/IOPresentment.framework/Versions/A/IOPresentment
0x00000001a786d000 	/System/Library/PrivateFrameworks/DSExternalDisplay.framework/Versions/A/DSExternalDisplay
0x00000001fc230000 	/System/Library/Frameworks/OpenGL.framework/Versions/A/Libraries/libCoreFSCache.dylib
0x000000020594a000 	/System/Library/PrivateFrameworks/GPUCompiler.framework/Versions/31001/Libraries/libGPUCompilerUtils.dylib
0x00000001a78d3000 	/System/Library/PrivateFrameworks/CMCaptureCore.framework/Versions/A/CMCaptureCore
0x00000001a6f09000 	/System/Library/PrivateFrameworks/AppServerSupport.framework/Versions/A/AppServerSupport
0x00000001a90a8000 	/System/Library/PrivateFrameworks/perfdata.framework/Versions/A/perfdata
0x000000019c7a9000 	/System/Library/PrivateFrameworks/AudioToolboxCore.framework/Versions/A/AudioToolboxCore
0x00000001a3bee000 	/System/Library/PrivateFrameworks/caulk.framework/Versions/A/caulk
0x00000001a899d000 	/usr/lib/libAudioStatistics.dylib
0x00000001ba1b6000 	/System/Library/PrivateFrameworks/SystemPolicy.framework/Versions/A/SystemPolicy
0x00000001a8bfd000 	/usr/lib/libSMC.dylib
0x00000001b177a000 	/System/Library/Frameworks/CoreMIDI.framework/Versions/A/CoreMIDI
0x00000001a7793000 	/usr/lib/libAudioToolboxUtility.dylib
0x00000001b665c000 	/System/Library/PrivateFrameworks/OSAServicesClient.framework/Versions/A/OSAServicesClient
0x00000001a90b5000 	/usr/lib/libperfcheck.dylib
0x00000001bacb9000 	/usr/lib/libmis.dylib
0x00000001fc291000 	/System/Library/Frameworks/OpenGL.framework/Versions/A/Libraries/libGLU.dylib
0x00000001fc250000 	/System/Library/Frameworks/OpenGL.framework/Versions/A/Libraries/libGFXShared.dylib
0x00000001fc43a000 	/System/Library/Frameworks/OpenGL.framework/Versions/A/Libraries/libGL.dylib
0x00000001fc259000 	/System/Library/Frameworks/OpenGL.framework/Versions/A/Libraries/libGLImage.dylib
0x00000001fc24d000 	/System/Library/Frameworks/OpenGL.framework/Versions/A/Libraries/libCVMSPluginSupport.dylib
0x00000001fc237000 	/System/Library/Frameworks/OpenGL.framework/Versions/A/Libraries/libCoreVMClient.dylib
0x00000001a477f000 	/System/Library/Frameworks/MetalPerformanceShaders.framework/Versions/A/Frameworks/MPSCore.framework/Versions/A/MPSCore
0x00000001a5947000 	/System/Library/Frameworks/MetalPerformanceShaders.framework/Versions/A/Frameworks/MPSImage.framework/Versions/A/MPSImage
0x00000001a5445000 	/System/Library/Frameworks/MetalPerformanceShaders.framework/Versions/A/Frameworks/MPSNeuralNetwork.framework/Versions/A/MPSNeuralNetwork
0x00000001a5882000 	/System/Library/Frameworks/MetalPerformanceShaders.framework/Versions/A/Frameworks/MPSMatrix.framework/Versions/A/MPSMatrix
0x00000001a565d000 	/System/Library/Frameworks/MetalPerformanceShaders.framework/Versions/A/Frameworks/MPSRayIntersector.framework/Versions/A/MPSRayIntersector
0x00000001a58b3000 	/System/Library/Frameworks/MetalPerformanceShaders.framework/Versions/A/Frameworks/MPSNDArray.framework/Versions/A/MPSNDArray
0x00000001fdf4c000 	/System/Library/Frameworks/MetalPerformanceShaders.framework/Versions/A/Frameworks/MPSFunctions.framework/Versions/A/MPSFunctions
0x000000019ba45000 	/System/Library/PrivateFrameworks/MetalTools.framework/Versions/A/MetalTools
0x00000001a47fb000 	/System/Library/PrivateFrameworks/AggregateDictionary.framework/Versions/A/AggregateDictionary
0x00000001a673c000 	/usr/lib/libIOReport.dylib
0x00000001b0768000 	/System/Library/PrivateFrameworks/ASEProcessing.framework/Versions/A/ASEProcessing
0x00000001a6aae000 	/System/Library/PrivateFrameworks/FaceCore.framework/Versions/A/FaceCore
0x00000001a6aa0000 	/System/Library/PrivateFrameworks/GraphVisualizer.framework/Versions/A/GraphVisualizer
0x0000000205861000 	/System/Library/PrivateFrameworks/FontServices.framework/Versions/A/FontServices
0x00000001a6ec3000 	/System/Library/PrivateFrameworks/OTSVG.framework/Versions/A/OTSVG
0x00000001a2446000 	/System/Library/Frameworks/ApplicationServices.framework/Versions/A/Frameworks/ATS.framework/Versions/A/Resources/libFontRegistry.dylib
0x00000001a6f12000 	/System/Library/PrivateFrameworks/FontServices.framework/libhvf.dylib
0x0000000205862000 	/System/Library/PrivateFrameworks/FontServices.framework/libXTFontStaticRegistryData.dylib
0x00000001fc5dc000 	/System/Library/Frameworks/OpenCL.framework/Versions/A/OpenCL
0x00000001a690a000 	/System/Library/PrivateFrameworks/AppleVA.framework/Versions/A/AppleVA
0x00000001a89c5000 	/System/Library/Frameworks/ApplicationServices.framework/Versions/A/Frameworks/ATS.framework/Versions/A/ATS
0x00000001a0eea000 	/System/Library/Frameworks/ApplicationServices.framework/Versions/A/Frameworks/HIServices.framework/Versions/A/HIServices
0x00000001a78dd000 	/System/Library/Frameworks/ApplicationServices.framework/Versions/A/Frameworks/PrintCore.framework/Versions/A/PrintCore
0x00000001a8d50000 	/System/Library/Frameworks/ApplicationServices.framework/Versions/A/Frameworks/QD.framework/Versions/A/QD
0x00000001a8d48000 	/System/Library/Frameworks/ApplicationServices.framework/Versions/A/Frameworks/ColorSyncLegacy.framework/Versions/A/ColorSyncLegacy
0x00000001a89b1000 	/System/Library/Frameworks/ApplicationServices.framework/Versions/A/Frameworks/SpeechSynthesis.framework/Versions/A/SpeechSynthesis
0x00000001a789e000 	/System/Library/Frameworks/ApplicationServices.framework/Versions/A/Frameworks/ATSUI.framework/Versions/A/ATSUI
0x00000001a8cdd000 	/usr/lib/libcups.2.dylib
0x00000001a90c3000 	/System/Library/Frameworks/Kerberos.framework/Versions/A/Kerberos
0x00000001a90d4000 	/System/Library/Frameworks/GSS.framework/Versions/A/GSS
0x00000001a8a34000 	/usr/lib/libresolv.9.dylib
0x00000001a6f20000 	/System/Library/PrivateFrameworks/Heimdal.framework/Versions/A/Heimdal
0x00000001af9dc000 	/System/Library/Frameworks/Kerberos.framework/Versions/A/Libraries/libHeimdalProxy.dylib
0x00000001a1b20000 	/System/Library/Frameworks/Network.framework/Versions/A/Network
0x00000001a6971000 	/usr/lib/libheimdal-asn1.dylib
0x00000001a911a000 	/System/Library/PrivateFrameworks/CommonAuth.framework/Versions/A/CommonAuth
0x00000001a892b000 	/System/Library/PrivateFrameworks/AudioSession.framework/Versions/A/AudioSession
0x00000001a6a02000 	/System/Library/PrivateFrameworks/MediaExperience.framework/Versions/A/MediaExperience
0x00000001a87b3000 	/System/Library/PrivateFrameworks/AudioSession.framework/libSessionUtility.dylib
0x00000001a8d5c000 	/System/Library/PrivateFrameworks/AudioResourceArbitration.framework/Versions/A/AudioResourceArbitration
0x00000001a697a000 	/System/Library/PrivateFrameworks/IconFoundation.framework/Versions/A/IconFoundation
0x00000001abbe1000 	/System/Library/PrivateFrameworks/SpeechRecognitionCore.framework/Versions/A/SpeechRecognitionCore
0x00000001df35a000 	/System/Library/CoreServices/Encodings/libTraditionalChineseConverter.dylib
0x00000001019cc000 	/Library/Java/JavaVirtualMachines/jdk-17.0.1.jdk/Contents/Home/lib/server/libjvm.dylib
0x0000000100848000 	/Library/Java/JavaVirtualMachines/jdk-17.0.1.jdk/Contents/Home/lib/libjimage.dylib
0x00000001008a4000 	/Library/Java/JavaVirtualMachines/jdk-17.0.1.jdk/Contents/Home/lib/libjdwp.dylib
0x00000001008ec000 	/Library/Java/JavaVirtualMachines/jdk-17.0.1.jdk/Contents/Home/lib/libjava.dylib
0x0000000100874000 	/Library/Java/JavaVirtualMachines/jdk-17.0.1.jdk/Contents/Home/lib/libinstrument.dylib
0x00000001009e8000 	/Library/Java/JavaVirtualMachines/jdk-17.0.1.jdk/Contents/Home/lib/libnio.dylib
0x00000001018b8000 	/Library/Java/JavaVirtualMachines/jdk-17.0.1.jdk/Contents/Home/lib/libnet.dylib
0x0000000100a08000 	/Library/Java/JavaVirtualMachines/jdk-17.0.1.jdk/Contents/Home/lib/libzip.dylib
0x00000001009c8000 	/Library/Java/JavaVirtualMachines/jdk-17.0.1.jdk/Contents/Home/lib/libdt_socket.dylib
0x00000001018f8000 	/Library/Java/JavaVirtualMachines/jdk-17.0.1.jdk/Contents/Home/lib/libverify.dylib
0x0000000101914000 	/Users/sean/.openjfx/cache/17.0.0.1/libprism_es2.dylib
0x000000019dc87000 	/System/Library/PrivateFrameworks/CoreServicesInternal.framework/Versions/A/CoreServicesInternal
0x00000001fc444000 	/System/Library/Frameworks/OpenGL.framework/Versions/A/Resources/GLEngine.bundle/GLEngine
0x00000001fc2cb000 	/System/Library/Frameworks/OpenGL.framework/Versions/A/Libraries/libGLProgrammability.dylib
0x0000000110030000 	/System/Library/Extensions/AppleMetalOpenGLRenderer.bundle/Contents/MacOS/AppleMetalOpenGLRenderer
0x00000001fc5b3000 	/System/Library/Frameworks/OpenGL.framework/Versions/A/Resources/GLRendererFloat.bundle/GLRendererFloat
0x00000001fc654000 	/System/Library/Extensions/AGXMetal13_3.bundle/Contents/MacOS/AGXMetal13_3
0x00000001bacd5000 	/System/Library/PrivateFrameworks/GPURawCounter.framework/Versions/A/GPURawCounter
0x00000001b57aa000 	/System/Library/PrivateFrameworks/IOGPU.framework/Versions/A/IOGPU
0x00000001102d8000 	/Users/sean/.openjfx/cache/17.0.0.1/libglass.dylib
0x00000001ad081000 	/System/Library/Frameworks/FileProvider.framework/Versions/A/FileProvider
0x00000001a18ed000 	/System/Library/Frameworks/Accounts.framework/Versions/A/Accounts
0x00000001ad201000 	/System/Library/PrivateFrameworks/GenerationalStorage.framework/Versions/A/GenerationalStorage
0x00000001addb1000 	/System/Library/PrivateFrameworks/CoreSymbolication.framework/Versions/A/CoreSymbolication
0x00000001ace21000 	/System/Library/PrivateFrameworks/SymptomDiagnosticReporter.framework/Versions/A/SymptomDiagnosticReporter
0x000000019ef6c000 	/System/Library/PrivateFrameworks/DesktopServicesPriv.framework/Versions/A/DesktopServicesPriv
0x000000019dde6000 	/usr/lib/libsandbox.1.dylib
0x00000001a2904000 	/System/Library/PrivateFrameworks/UserManagement.framework/Versions/A/UserManagement
0x00000001add72000 	/System/Library/PrivateFrameworks/DebugSymbols.framework/Versions/A/DebugSymbols
0x00000001a8d3b000 	/System/Library/PrivateFrameworks/NetAuth.framework/Versions/A/NetAuth
0x00000001a9c39000 	/System/Library/PrivateFrameworks/Sharing.framework/Versions/A/Sharing
0x00000001a28d4000 	/System/Library/PrivateFrameworks/login.framework/Versions/A/Frameworks/loginsupport.framework/Versions/A/loginsupport
0x00000001aef22000 	/System/Library/PrivateFrameworks/Apple80211.framework/Versions/A/Apple80211
0x00000001a5a2b000 	/System/Library/PrivateFrameworks/AuthKit.framework/Versions/A/AuthKit
0x00000001a50c2000 	/System/Library/PrivateFrameworks/CoreUtils.framework/Versions/A/CoreUtils
0x00000001a4fe2000 	/System/Library/Frameworks/CoreWLAN.framework/Versions/A/CoreWLAN
0x00000001a9da2000 	/System/Library/Frameworks/IOBluetooth.framework/Versions/A/IOBluetooth
0x00000001aef82000 	/System/Library/PrivateFrameworks/CoreWiFi.framework/Versions/A/CoreWiFi
0x00000001ad959000 	/System/Library/PrivateFrameworks/FrontBoardServices.framework/Versions/A/FrontBoardServices
0x00000001ad9f1000 	/System/Library/PrivateFrameworks/BoardServices.framework/Versions/A/BoardServices
0x00000001a52dd000 	/System/Library/PrivateFrameworks/AssertionServices.framework/Versions/A/AssertionServices
0x00000001af0f0000 	/System/Library/PrivateFrameworks/BackBoardServices.framework/Versions/A/BackBoardServices
0x00000001a91ad000 	/System/Library/PrivateFrameworks/CorePhoneNumbers.framework/Versions/A/CorePhoneNumbers
0x00000001acf51000 	/System/Library/PrivateFrameworks/DiskManagement.framework/Versions/A/DiskManagement
0x00000001ace54000 	/System/Library/PrivateFrameworks/AppleIDAuthSupport.framework/Versions/A/AppleIDAuthSupport
0x00000002001e5000 	/System/Library/PrivateFrameworks/AAAFoundation.framework/Versions/A/AAAFoundation
0x00000001a918c000 	/System/Library/PrivateFrameworks/KeychainCircle.framework/Versions/A/KeychainCircle
0x00000001acf1d000 	/System/Library/PrivateFrameworks/MediaKit.framework/Versions/A/MediaKit
0x00000001ace61000 	/System/Library/Frameworks/DiscRecording.framework/Versions/A/DiscRecording
0x00000001a6886000 	/usr/lib/libCoreStorage.dylib
0x00000001af3ea000 	/usr/lib/libcsfde.dylib
0x00000001a9e77000 	/System/Library/PrivateFrameworks/ProtectedCloudStorage.framework/Versions/A/ProtectedCloudStorage
0x00000001af3e2000 	/System/Library/PrivateFrameworks/EFILogin.framework/Versions/A/EFILogin
0x00000001ad228000 	/System/Library/PrivateFrameworks/OctagonTrust.framework/Versions/A/OctagonTrust
0x0000000204acc000 	/System/Library/PrivateFrameworks/CoreUtilsExtras.framework/Versions/A/CoreUtilsExtras
0x00000001acd93000 	/System/Library/Frameworks/CoreBluetooth.framework/Versions/A/CoreBluetooth
0x00000001afa61000 	/System/Library/Frameworks/AudioUnit.framework/Versions/A/AudioUnit
0x00000001a687e000 	/usr/lib/libMatch.1.dylib
0x00000001bef3c000 	/System/Library/Frameworks/Accelerate.framework/Versions/A/Frameworks/vImage.framework/Versions/A/Libraries/libCGInterfaces.dylib
0x0000000111550000 	/usr/lib/libobjc-trampolines.dylib
0x00000001a25d2000 	/System/Library/PrivateFrameworks/ViewBridge.framework/Versions/A/ViewBridge
0x00000001a6fce000 	/System/Library/PrivateFrameworks/login.framework/Versions/A/login
0x00000001a6745000 	/System/Library/PrivateFrameworks/CrashReporterSupport.framework/Versions/A/CrashReporterSupport
0x00000001c684b000 	/System/Library/PrivateFrameworks/OSAnalytics.framework/Versions/A/OSAnalytics
0x00000001d199a000 	/System/Library/PrivateFrameworks/Symbolication.framework/Versions/A/Symbolication
0x00000001bac96000 	/System/Library/PrivateFrameworks/MallocStackLogging.framework/Versions/A/MallocStackLogging
0x0000000117680000 	/Users/sean/.openjfx/cache/17.0.0.1/libjavafx_font.dylib
0x0000000217ce2000 	/usr/lib/libRosetta.dylib


VM Arguments:
jvm_args: -agentlib:jdwp=transport=dt_socket,address=127.0.0.1:60637,suspend=y,server=n -javaagent:/Users/sean/Library/Caches/JetBrains/IdeaIC2021.2/captureAgent/debugger-agent.jar -Dfile.encoding=UTF-8 --module-path=/Users/sean/.m2/repository/org/openjfx/javafx-base/17.0.0.1/javafx-base-17.0.0.1-mac-aarch64.jar:/Users/sean/.m2/repository/org/openjfx/javafx-fxml/17.0.0.1/javafx-fxml-17.0.0.1-mac-aarch64.jar:/Users/sean/.m2/repository/org/openjfx/javafx-controls/17.0.0.1/javafx-controls-17.0.0.1-mac-aarch64.jar:/Users/sean/.m2/repository/org/openjfx/javafx-graphics/17.0.0.1/javafx-graphics-17.0.0.1-mac-aarch64.jar:/Users/sean/Documents/GitHub/Meal-Ordering-System/FoodOrderingSystem/target/classes -Djdk.module.main=com.example.foodorderingsystem 
java_command: com.example.foodorderingsystem/com.example.foodorderingsystem.HelloApplication
java_class_path (initial): /Users/sean/.m2/repository/org/openjfx/javafx-controls/17.0.0.1/javafx-controls-17.0.0.1.jar:/Users/sean/.m2/repository/org/openjfx/javafx-graphics/17.0.0.1/javafx-graphics-17.0.0.1.jar:/Users/sean/.m2/repository/org/openjfx/javafx-base/17.0.0.1/javafx-base-17.0.0.1.jar:/Users/sean/.m2/repository/org/openjfx/javafx-fxml/17.0.0.1/javafx-fxml-17.0.0.1.jar:/Applications/IntelliJ IDEA CE.app/Contents/lib/idea_rt.jar
Launcher Type: SUN_STANDARD

[Global flags]
     intx CICompilerCount                          = 4                                         {product} {ergonomic}
     uint ConcGCThreads                            = 2                                         {product} {ergonomic}
     uint G1ConcRefinementThreads                  = 8                                         {product} {ergonomic}
   size_t G1HeapRegionSize                         = 1048576                                   {product} {ergonomic}
    uintx GCDrainStackTargetSize                   = 64                                        {product} {ergonomic}
   size_t InitialHeapSize                          = 134217728                                 {product} {ergonomic}
   size_t MarkStackSize                            = 4194304                                   {product} {ergonomic}
   size_t MaxHeapSize                              = 2147483648                                {product} {ergonomic}
   size_t MaxNewSize                               = 1287651328                                {product} {ergonomic}
   size_t MinHeapDeltaBytes                        = 1048576                                   {product} {ergonomic}
   size_t MinHeapSize                              = 8388608                                   {product} {ergonomic}
    uintx NonNMethodCodeHeapSize                   = 5839564                                {pd product} {ergonomic}
    uintx NonProfiledCodeHeapSize                  = 122909338                              {pd product} {ergonomic}
    uintx ProfiledCodeHeapSize                     = 122909338                              {pd product} {ergonomic}
    uintx ReservedCodeCacheSize                    = 251658240                              {pd product} {ergonomic}
     bool SegmentedCodeCache                       = true                                      {product} {ergonomic}
   size_t SoftMaxHeapSize                          = 2147483648                             {manageable} {ergonomic}
     bool UseCompressedClassPointers               = true                           {product lp64_product} {ergonomic}
     bool UseCompressedOops                        = true                           {product lp64_product} {ergonomic}
     bool UseG1GC                                  = true                                      {product} {ergonomic}
     bool UseNUMA                                  = false                                     {product} {ergonomic}
     bool UseNUMAInterleaving                      = false                                     {product} {ergonomic}

Logging:
Log output configuration:
 #0: stdout all=warning uptime,level,tags
 #1: stderr all=off uptime,level,tags

Environment Variables:
PATH=/usr/local/bin:/usr/bin:/bin:/usr/sbin:/sbin
SHELL=/bin/zsh
LC_CTYPE=zh_TW.UTF-8

Signal Handlers:
   SIGSEGV: _ZL13crash_handleriP9__siginfoPv in libjvm.dylib, mask=11100110000111110111111111111111, flags=SA_RESTART|SA_SIGINFO
    SIGBUS: _ZL13crash_handleriP9__siginfoPv in libjvm.dylib, mask=11100110000111110111111111111111, flags=SA_RESTART|SA_SIGINFO
    SIGFPE: _ZL13crash_handleriP9__siginfoPv in libjvm.dylib, mask=11100110000111110111111111111111, flags=SA_RESTART|SA_SIGINFO
   SIGPIPE: _ZL17javaSignalHandleriP9__siginfoPv in libjvm.dylib, mask=11100110000111110111111111111111, flags=SA_RESTART|SA_SIGINFO
   SIGXFSZ: _ZL17javaSignalHandleriP9__siginfoPv in libjvm.dylib, mask=11100110000111110111111111111111, flags=SA_RESTART|SA_SIGINFO
    SIGILL: _ZL13crash_handleriP9__siginfoPv in libjvm.dylib, mask=11100110000111110111111111111111, flags=SA_RESTART|SA_SIGINFO
   SIGUSR2: _ZL10SR_handleriP9__siginfoP17__darwin_ucontext in libjvm.dylib, mask=00100000000000000000000000000000, flags=SA_RESTART|SA_SIGINFO
    SIGHUP: _ZL11UserHandleriPvS_ in libjvm.dylib, mask=11100110000111110111111111111111, flags=SA_RESTART|SA_SIGINFO
    SIGINT: _ZL11UserHandleriPvS_ in libjvm.dylib, mask=11100110000111110111111111111111, flags=SA_RESTART|SA_SIGINFO
   SIGTERM: _ZL11UserHandleriPvS_ in libjvm.dylib, mask=11100110000111110111111111111111, flags=SA_RESTART|SA_SIGINFO
   SIGQUIT: _ZL11UserHandleriPvS_ in libjvm.dylib, mask=11100110000111110111111111111111, flags=SA_RESTART|SA_SIGINFO
   SIGTRAP: _ZL13crash_handleriP9__siginfoPv in libjvm.dylib, mask=11100110000111110111111111111111, flags=SA_RESTART|SA_SIGINFO


---------------  S Y S T E M  ---------------

OS:
uname: Darwin 21.1.0 Darwin Kernel Version 21.1.0: Wed Oct 13 17:33:24 PDT 2021; root:xnu-8019.41.5~1/RELEASE_ARM64_T8101 arm64
OS uptime: 3 days 20:02 hours
rlimit (soft/hard): STACK 8176k/65520k , CORE 0k/infinity , NPROC 1333/2000 , NOFILE 10240/infinity , AS infinity/infinity , CPU infinity/infinity , DATA infinity/infinity , FSIZE infinity/infinity , MEMLOCK infinity/infinity , RSS infinity/infinity
load average: 1.88 1.90 1.78

CPU: total 8 (initial active 8) 0x61:0x0:0x1b588bb3:0, fp, simd, crc, lse

Memory: 16k page, physical 8388608k(84448k free), swap 5242880k(1334272k free)

vm_info: Java HotSpot(TM) 64-Bit Server VM (17.0.1+12-LTS-39) for bsd-aarch64 JRE (17.0.1+12-LTS-39), built on Sep 27 2021 17:38:30 by "mach5one" with clang Apple LLVM 12.0.0 (clang-1200.0.32.29)

END.
