#
# A fatal error has been detected by the Java Runtime Environment:
#
#  SIGBUS (0xa) at pc=0x000000010e0294f0, pid=1532, tid=30479
#
# JRE version: Java(TM) SE Runtime Environment (17.0.1+12) (build 17.0.1+12-LTS-39)
# Java VM: Java HotSpot(TM) 64-Bit Server VM (17.0.1+12-LTS-39, mixed mode, sharing, tiered, compressed oops, compressed class ptrs, g1 gc, bsd-aarch64)
# Problematic frame:
# v  ~StubRoutines::SafeFetchN
#
# No core dump will be written. Core dumps have been disabled. To enable core dumping, try "ulimit -c unlimited" before starting Java again
#
# If you would like to submit a bug report, please visit:
#   https://bugreport.java.com/bugreport/crash.jsp
# The crash happened outside the Java Virtual Machine in native code.
# See problematic frame for where to report the bug.
#

---------------  S U M M A R Y ------------

Command Line: -agentlib:jdwp=transport=dt_socket,address=127.0.0.1:49532,suspend=y,server=n -javaagent:/Users/sean/Library/Caches/JetBrains/IdeaIC2021.2/captureAgent/debugger-agent.jar -Dfile.encoding=UTF-8 --module-path=/Users/sean/.m2/repository/org/openjfx/javafx-graphics/17.0.0.1/javafx-graphics-17.0.0.1-mac-aarch64.jar:/Users/sean/.m2/repository/org/openjfx/javafx-controls/17.0.0.1/javafx-controls-17.0.0.1-mac-aarch64.jar:/Users/sean/.m2/repository/org/openjfx/javafx-base/17.0.0.1/javafx-base-17.0.0.1-mac-aarch64.jar:/Users/sean/Documents/GitHub/Meal-Ordering-System/FoodOrderingSystem/target/classes:/Users/sean/.m2/repository/org/openjfx/javafx-fxml/17.0.0.1/javafx-fxml-17.0.0.1-mac-aarch64.jar -Djdk.module.main=com.example.foodorderingsystem com.example.foodorderingsystem/com.example.foodorderingsystem.HelloApplication

Host: "MacBookPro17,1" arm64 1 MHz, 8 cores, 8G, Darwin 21.1.0, macOS 12.0.1 (21A559)
Time: Thu Dec 16 21:11:32 2021 CST elapsed time: 4.802739 seconds (0d 0h 0m 4s)

---------------  T H R E A D  ---------------

Current thread (0x00000001500e6800):  JavaThread "InvokeLaterDispatcher" daemon [_thread_in_native, id=30479, stack(0x000000016e464000,0x000000016e667000)]

Stack: [0x000000016e464000,0x000000016e667000],  sp=0x000000016e6667b0,  free space=2057k
Native frames: (J=compiled Java code, j=interpreted, Vv=VM code, C=native code)
v  ~StubRoutines::SafeFetchN
V  [libjvm.dylib+0x79e208]  _ZN10OopStorage7releaseEPKP7oopDesc+0x20
V  [libjvm.dylib+0x4b8f30]  jni_DeleteGlobalRef+0xc4
C  [libglass.dylib+0xab08]  -[GlassRunnable dealloc]+0x34
C  [Foundation+0x85e0c]  -[_NSThreadPerformInfo dealloc]+0x30
C  [Foundation+0x525e8]  -[NSObject(NSThreadPerformAdditions) performSelectorOnMainThread:withObject:waitUntilDone:]+0x88
C  0xd04000010e033be0
j  com.sun.glass.ui.mac.MacApplication.submitForLaterInvocation(Ljava/lang/Runnable;)V+2 javafx.graphics
j  com.sun.glass.ui.InvokeLaterDispatcher.run()V+82 javafx.graphics
v  ~StubRoutines::call_stub
V  [libjvm.dylib+0x460588]  _ZN9JavaCalls11call_helperEP9JavaValueRK12methodHandleP17JavaCallArgumentsP10JavaThread+0x38c
V  [libjvm.dylib+0x45f5a4]  _ZN9JavaCalls12call_virtualEP9JavaValueP5KlassP6SymbolS5_P17JavaCallArgumentsP10JavaThread+0x11c
V  [libjvm.dylib+0x45f670]  _ZN9JavaCalls12call_virtualEP9JavaValue6HandleP5KlassP6SymbolS6_P10JavaThread+0x64
V  [libjvm.dylib+0x512ef0]  _ZL12thread_entryP10JavaThreadS0_+0xc4
V  [libjvm.dylib+0x8fc514]  _ZN10JavaThread17thread_main_innerEv+0x134
V  [libjvm.dylib+0x8fae3c]  _ZN6Thread8call_runEv+0x128
V  [libjvm.dylib+0x7a4df0]  _ZL19thread_native_entryP6Thread+0x158
C  [libsystem_pthread.dylib+0x74ec]  _pthread_start+0x94

Java frames: (J=compiled Java code, j=interpreted, Vv=VM code)
j  com.sun.glass.ui.mac.MacApplication._submitForLaterInvocation(Ljava/lang/Runnable;)V+0 javafx.graphics
j  com.sun.glass.ui.mac.MacApplication.submitForLaterInvocation(Ljava/lang/Runnable;)V+2 javafx.graphics
j  com.sun.glass.ui.InvokeLaterDispatcher.run()V+82 javafx.graphics
v  ~StubRoutines::call_stub

siginfo: si_signo: 10 (SIGBUS), si_code: 1 (BUS_ADRALN), si_addr: 0x000000010e0294f0

Register to memory mapping:

 x0=0x0000000145f05308 is a global jni handle
 x1=0x0 is NULL
 x2=0x0000000787fa78c0 is an oop: com.sun.glass.ui.InvokeLaterDispatcher$Future 
{0x0000000787fa78c0} - klass: 'com/sun/glass/ui/InvokeLaterDispatcher$Future'
 - ---- fields (total size 3 words):
 - private 'done' 'Z' @12  true
 - private final 'runnable' 'Ljava/lang/Runnable;' @16  a 'com/sun/javafx/application/PlatformImpl$$Lambda$90+0x0000000800c875b0'{0x0000000787da94d0} (f0fb529a)
 - final synthetic 'this$0' 'Lcom/sun/glass/ui/InvokeLaterDispatcher;' @20  a 'com/sun/glass/ui/InvokeLaterDispatcher'{0x0000000785108090} (f0a21012)
 x3=0x0 is NULL
 x4=0x00000000000130a8 is an unknown value
 x5=0x0 is NULL
 x6=0x0 is NULL
 x7=0x00000008000362b0 is a pointer to class: 
java.util.concurrent.locks.ReentrantLock$NonfairSync {0x00000008000362b0}
 - instance size:     4
 - klass size:        73
 - access:            final synchronized 
 - state:             fully_initialized
 - name:              'java/util/concurrent/locks/ReentrantLock$NonfairSync'
 - super:             'java/util/concurrent/locks/ReentrantLock$Sync'
 - sub:               
 - arrays:            NULL
 - methods:           Array<T>(0x0000000800abcf98)
 - method ordering:   Array<T>(0x0000000800abcf88)
 - default_methods:   Array<T>(0x0000000000000000)
 - local interfaces:  Array<T>(0x00000008005c3850)
 - trans. interfaces: Array<T>(0x00000008005ffce8)
 - constants:         constant pool [69] {0x0000000800abd000} for 'java/util/concurrent/locks/ReentrantLock$NonfairSync' cache=0x00000008003c6170
 - class loader data:  loader data: 0x0000600001c9ce60 of 'bootstrap'
 - source file:       'ReentrantLock.java'
 - class annotations:       Array<T>(0x0000000000000000)
 - class type annotations:  Array<T>(0x0000000000000000)
 - field annotations:       Array<T>(0x0000000000000000)
 - field type annotations:  Array<T>(0x0000000000000000)
 - inner classes:     Array<T>(0x0000000800abd3b0)
 - nest members:     Array<T>(0x00000008005c37e0)
 - permitted subclasses:     Array<T>(0x00000008005c37e0)
 - java mirror:       a 'java/lang/Class'{0x00000007ffe181b0} = 'java/util/concurrent/locks/ReentrantLock$NonfairSync'
 - vtable length      11  (start addr: 0x0000000800036480)
 - itable length      2 (start addr: 0x00000008000364d8)
 - ---- static fields (1 words):
 - private static final 'serialVersionUID' 'J' @112 
 - ---- non-static fields (4 words):
 - private transient 'exclusiveOwnerThread' 'Ljava/lang/Thread;' @12 
 - private volatile 'state' 'I' @16 
 - private volatile transient 'head' 'Ljava/util/concurrent/locks/AbstractQueuedSynchronizer$Node;' @20 
 - private volatile transient 'tail' 'Ljava/util/concurrent/locks/AbstractQueuedSynchronizer$Node;' @24 
 - non-static oop maps: 12-12 20-24 
 x8=0x000000010e0294ec is at begin+0 in a stub
StubRoutines::SafeFetchN [0x000000010e0294ec, 0x000000010e0294f8] (12 bytes)
 x9=0x0 is NULL
x10=0x2010000030300000 is an unknown value
x11=0x0000000000000007 is an unknown value
x12=0x0 is NULL
x13=0x00006000003b96f0 points into unknown readable memory: 0x0000000000000000 | 00 00 00 00 00 00 00 00
x14=0x0000000000000001 is an unknown value
x15=0x00000001233c9f98: OBJC_CLASS_$_GlassRunnable+0 in /Users/sean/.openjfx/cache/17.0.0.1/libglass.dylib at 0x0000000123384000
x16=0x00000001ba964340: pthread_getspecific+0 in /usr/lib/system/libsystem_pthread.dylib at 0x00000001ba962000
x17=0x00006000009981e0 points into unknown readable memory: 0xfffffffffffffffe | fe ff ff ff ff ff ff ff
x18=0x0 is NULL
x19=0x000060000069d730 points into unknown readable memory: 0x0000600002f998b0 | b0 98 f9 02 00 60 00 00
x20=0x0000000145f05100 points into unknown readable memory: 0x00000002143288c8 | c8 88 32 14 02 00 00 00
x21=0x0000000145f05308 is a global jni handle
x22=0x00000001500e6800 is a thread
x23=0x0000000000000001 is an unknown value
x24=0x0000000145f052c0 is a global jni handle
x25=0x00000001065555d8: _ZN12StubRoutines17_safefetchN_entryE+0 in /Library/Java/JavaVirtualMachines/jdk-17.0.1.jdk/Contents/Home/lib/server/libjvm.dylib at 0x00000001059c4000
x26=0x000000012392b5b0 is pointing into metadata
x27=0x0 is NULL
x28=0x00000001500e6800 is a thread


Registers:
 x0=0x0000000145f05308  x1=0x0000000000000000  x2=0x0000000787fa78c0  x3=0x0000000000000000
 x4=0x00000000000130a8  x5=0x0000000000000000  x6=0x0000000000000000  x7=0x00000008000362b0
 x8=0x000000010e0294ec  x9=0x0000000000000000 x10=0x2010000030300000 x11=0x0000000000000007
x12=0x0000000000000000 x13=0x00006000003b96f0 x14=0x0000000000000001 x15=0x00000001233c9f98
x16=0x00000001ba964340 x17=0x00006000009981e0 x18=0x0000000000000000 x19=0x000060000069d730
x20=0x0000000145f05100 x21=0x0000000145f05308 x22=0x00000001500e6800 x23=0x0000000000000001
x24=0x0000000145f052c0 x25=0x00000001065555d8 x26=0x000000012392b5b0 x27=0x0000000000000000
x28=0x00000001500e6800  fp=0x000000016e6667f0  lr=0x0000000106160fd8  sp=0x000000016e6667b0
pc=0x000000010e0294f0 cpsr=0x0000000060001000
Top of Stack: (sp=0x000000016e6667b0)
0x000000016e6667b0:   000000012392b5b0 0000000000000001
0x000000016e6667c0:   000000016e6669a8 0000600002f89400
0x000000016e6667d0:   0000000000000000 0000000145f052c8
0x000000016e6667e0:   0000000145f052c8 000060000069d730
0x000000016e6667f0:   000000016e666830 0000000106162208
0x000000016e666800:   0000000000000001 0000000145f052c8
0x000000016e666810:   0000000000000000 0000000145f052c8
0x000000016e666820:   0000000000000001 00000001500acc00
0x000000016e666830:   000000016e666860 0000000105e7cf30
0x000000016e666840:   0000600002f89350 0000000204b919f4
0x000000016e666850:   0000000000000000 0000600002f89350
0x000000016e666860:   000000016e666890 000000012338eb08
0x000000016e666870:   2e7dc16f8c7300c4 0000000000000000
0x000000016e666880:   0000000000000000 00006000038406c0
0x000000016e666890:   000000016e6668d0 00000001bb92ce0c
0x000000016e6668a0:   000000016e6669a8 0000600002f89400
0x000000016e6668b0:   0000600002f89350 2e7dc16f8c7300c4
0x000000016e6668c0:   0000000000000000 0000000000000000
0x000000016e6668d0:   000000016e666910 276a0001bb8f95e8
0x000000016e6668e0:   000000016e6669a8 000000010e032500
0x000000016e6668f0:   0000000000000000 000000010655cf90
0x000000016e666900:   000000016e666920 000000010e030cf0
0x000000016e666910:   000000016e666980 d04000010e033be0
0x000000016e666920:   0000000787da94d0 00000007851083a8
0x000000016e666930:   000000016e666930 0000000000000000
0x000000016e666940:   000000016e6669a8 000000012392b5b0
0x000000016e666950:   0000000785117da0 0000000000000000
0x000000016e666960:   0000000000000000 0000000123903100
0x000000016e666970:   0000000000000000 000000016e666980
0x000000016e666980:   000000016e666a00 000000010e02e6ac
0x000000016e666990:   0000000000000000 0000000000000000
0x000000016e6669a0:   0000000787fa78c0 00000007851181e8 

Instructions: (pc=0x000000010e0294f0)
0x000000010e0293f0:   f2a0ca49 f2c00029 6d425935 1e640886
0x000000010e029400:   0c402d31 1e6408c7 1f5654d0 1e6c1017
0x000000010e029410:   1f5050d0 1f504cd0 1f5048d0 1e650af6
0x000000010e029420:   1f50d8f6 1f5694d6 1f5158f6 1e762880
0x000000010e029430:   36000501 1e614000 14000026 2e251ca5
0x000000010e029440:   d2843009 f2a0ca49 f2c00029 6d425d36
0x000000010e029450:   1e600806 0c402d32 1f5758c7 1e6c101a
0x000000010e029460:   1f4754c7 1e650805 1f4750c7 d2866668
0x000000010e029470:   f2a7fa68 1f474cc7 1e6608c0 1f4748c7
0x000000010e029480:   1e6e1019 eb08007f 540000ac 1f479400
0x000000010e029490:   1f460340 1e603b20 1400000e d2a7fd29
0x000000010e0294a0:   eb09007f 540000ac 51480069 d3607d29
0x000000010e0294b0:   9e670121 14000002 1e6a5001 1f679417
0x000000010e0294c0:   1f668742 1e613b23 1e773857 1e773860
0x000000010e0294d0:   a8c17ff3 910003bf a8c17bfd d65f03c0
0x000000010e0294e0:   b9400001 aa0103e0 d65f03c0 f9400001
0x000000010e0294f0:   aa0103e0 d65f03c0 00000000 00000000
0x000000010e029500:   00000000 00000000 00000000 00000000
0x000000010e029510:   00000000 00000000 00000000 00000000
0x000000010e029520:   00000000 00000000 00000000 00000000
0x000000010e029530:   00000000 00000000 00000000 00000000
0x000000010e029540:   00000000 00000000 00000000 00000000
0x000000010e029550:   00000000 00000000 00000000 00000000
0x000000010e029560:   00000000 00000000 00000000 00000000
0x000000010e029570:   00000000 00000000 00000000 00000000
0x000000010e029580:   00000000 00000000 00000000 00000000
0x000000010e029590:   00000000 00000000 00000000 00000000
0x000000010e0295a0:   00000000 00000000 00000000 00000000
0x000000010e0295b0:   00000000 00000000 00000000 00000000
0x000000010e0295c0:   00000000 00000000 00000000 00000000
0x000000010e0295d0:   00000000 00000000 00000000 00000000
0x000000010e0295e0:   00000000 00000000 00000000 00000000 


Stack slot to memory mapping:
stack at sp + 0 slots: 0x000000012392b5b0 is pointing into metadata
stack at sp + 1 slots: 0x0000000000000001 is an unknown value
stack at sp + 2 slots: 0x000000016e6669a8 is pointing into the stack for thread: 0x00000001500e6800
stack at sp + 3 slots: 0x0000600002f89400 points into unknown readable memory: 0x0100000213646081 | 81 60 64 13 02 00 00 01
stack at sp + 4 slots: 0x0 is NULL
stack at sp + 5 slots: 0x0000000145f052c8 is a global jni handle
stack at sp + 6 slots: 0x0000000145f052c8 is a global jni handle
stack at sp + 7 slots: 0x000060000069d730 points into unknown readable memory: 0x0000600002f998b0 | b0 98 f9 02 00 60 00 00

StubRoutines::SafeFetchN [0x000000010e0294ec, 0x000000010e0294f8] (12 bytes)
[MachCode]
  0x000000010e0294ec: 0100 40f9 | e003 01aa | c003 5fd6 
[/MachCode]

---------------  P R O C E S S  ---------------

Threads class SMR info:
_java_thread_list=0x0000600002cb7580, length=21, elements={
0x000000015600ec00, 0x00000001560c5600, 0x00000001560c7e00, 0x0000000150008200,
0x0000000146810200, 0x0000000156811e00, 0x0000000156809000, 0x0000000156809600,
0x0000000156809c00, 0x00000001560c6600, 0x000000015081a200, 0x0000000146009000,
0x00000001560c7200, 0x0000000156817000, 0x0000000156832400, 0x00000001500e6800,
0x00000001500acc00, 0x0000000156922a00, 0x00000001510cd400, 0x0000000156925a00,
0x00000001500ad200
}

Java Threads: ( => current thread )
  0x000000015600ec00 JavaThread "main" [_thread_blocked, id=5891, stack(0x000000016b644000,0x000000016b847000)]
  0x00000001560c5600 JavaThread "Reference Handler" daemon [_thread_blocked, id=15363, stack(0x000000016c498000,0x000000016c69b000)]
  0x00000001560c7e00 JavaThread "Finalizer" daemon [_thread_blocked, id=16387, stack(0x000000016c6a4000,0x000000016c8a7000)]
  0x0000000150008200 JavaThread "Signal Dispatcher" daemon [_thread_blocked, id=23043, stack(0x000000016c9c8000,0x000000016cbcb000)]
  0x0000000146810200 JavaThread "Service Thread" daemon [_thread_blocked, id=42499, stack(0x000000016cbd4000,0x000000016cdd7000)]
  0x0000000156811e00 JavaThread "Monitor Deflation Thread" daemon [_thread_blocked, id=42243, stack(0x000000016cde0000,0x000000016cfe3000)]
  0x0000000156809000 JavaThread "C2 CompilerThread0" daemon [_thread_blocked, id=41731, stack(0x000000016cfec000,0x000000016d1ef000)]
  0x0000000156809600 JavaThread "C1 CompilerThread0" daemon [_thread_blocked, id=23811, stack(0x000000016d1f8000,0x000000016d3fb000)]
  0x0000000156809c00 JavaThread "Sweeper thread" daemon [_thread_blocked, id=24323, stack(0x000000016d404000,0x000000016d607000)]
  0x00000001560c6600 JavaThread "Common-Cleaner" daemon [_thread_blocked, id=41219, stack(0x000000016d610000,0x000000016d813000)]
  0x000000015081a200 JavaThread "JDWP Transport Listener: dt_socket" daemon [_thread_blocked, id=40711, stack(0x000000016d81c000,0x000000016da1f000)]
  0x0000000146009000 JavaThread "JDWP Event Helper Thread" daemon [_thread_blocked, id=24835, stack(0x000000016da28000,0x000000016dc2b000)]
  0x00000001560c7200 JavaThread "JDWP Command Reader" daemon [_thread_in_native, id=40195, stack(0x000000016dc34000,0x000000016de37000)]
  0x0000000156817000 JavaThread "Notification Thread" daemon [_thread_blocked, id=25603, stack(0x000000016de40000,0x000000016e043000)]
  0x0000000156832400 JavaThread "QuantumRenderer-0" daemon [_thread_blocked, id=39427, stack(0x000000016e258000,0x000000016e45b000)]
=>0x00000001500e6800 JavaThread "InvokeLaterDispatcher" daemon [_thread_in_native, id=30479, stack(0x000000016e464000,0x000000016e667000)]
  0x00000001500acc00 JavaThread "JavaFX Application Thread" [_thread_in_native, id=259, stack(0x000000016adbc000,0x000000016b5b8000)]
  0x0000000156922a00 JavaThread "JavaFX-Launcher" [_thread_blocked, id=55319, stack(0x000000016e994000,0x000000016eb97000)]
  0x00000001510cd400 JavaThread "PulseTimer-CVDisplayLink thread" daemon [_thread_in_native, id=78343, stack(0x000000016e670000,0x000000016e6f3000)]
  0x0000000156925a00 JavaThread "Prism Font Disposer" daemon [_thread_blocked, id=71431, stack(0x000000016f9f4000,0x000000016fbf7000)]
  0x00000001500ad200 JavaThread "Cleaner-0" daemon [_thread_blocked, id=174359, stack(0x000000016fc8c000,0x000000016fe8f000)]

Other Threads:
  0x0000000155e10010 VMThread "VM Thread" [stack: 0x000000016c28c000,0x000000016c48f000] [id=17155]
  0x000000014731a8d0 WatcherThread [stack: 0x000000016e04c000,0x000000016e24f000] [id=39683]
  0x0000000155e08d80 GCTaskThread "GC Thread#0" [stack: 0x000000016b850000,0x000000016ba53000] [id=19203]
  0x0000000145f0bd50 GCTaskThread "GC Thread#1" [stack: 0x000000016eba0000,0x000000016eda3000] [id=74243]
  0x0000000145f0c1d0 GCTaskThread "GC Thread#2" [stack: 0x000000016edac000,0x000000016efaf000] [id=73731]
  0x0000000145f0ca40 GCTaskThread "GC Thread#3" [stack: 0x000000016efb8000,0x000000016f1bb000] [id=73475]
  0x0000000145f0d2b0 GCTaskThread "GC Thread#4" [stack: 0x000000016f1c4000,0x000000016f3c7000] [id=73219]
  0x0000000145f0db20 GCTaskThread "GC Thread#5" [stack: 0x000000016f3d0000,0x000000016f5d3000] [id=72963]
  0x0000000155e24780 GCTaskThread "GC Thread#6" [stack: 0x000000016f5dc000,0x000000016f7df000] [id=61187]
  0x0000000155e24c00 GCTaskThread "GC Thread#7" [stack: 0x000000016f7e8000,0x000000016f9eb000] [id=61443]
  0x0000000155e09430 ConcurrentGCThread "G1 Main Marker" [stack: 0x000000016ba5c000,0x000000016bc5f000] [id=18691]
  0x0000000155e09cb0 ConcurrentGCThread "G1 Conc#0" [stack: 0x000000016bc68000,0x000000016be6b000] [id=12547]
  0x0000000155e0bb20 ConcurrentGCThread "G1 Refine#0" [stack: 0x000000016be74000,0x000000016c077000] [id=18179]
  0x0000000155e0c3c0 ConcurrentGCThread "G1 Service" [stack: 0x000000016c080000,0x000000016c283000] [id=13315]

Threads with active compile tasks:

VM state: not at safepoint (normal execution)

VM Mutex/Monitor currently owned by a thread: None

Heap address: 0x0000000780000000, size: 2048 MB, Compressed Oops mode: Zero based, Oop shift amount: 3

CDS archive(s) mapped at: [0x0000000800000000-0x0000000800bd4000-0x0000000800bd4000), size 12402688, SharedBaseAddress: 0x0000000800000000, ArchiveRelocationMode: 0.
Compressed class space mapped at: 0x0000000800c00000-0x0000000840c00000, reserved size: 1073741824
Narrow klass base: 0x0000000800000000, Narrow klass shift: 0, Narrow klass range: 0x100000000

GC Precious Log:
 CPUs: 8 total, 8 available
 Memory: 8192M
 Large Page Support: Disabled
 NUMA Support: Disabled
 Compressed Oops: Enabled (Zero based)
 Heap Region Size: 1M
 Heap Min Capacity: 8M
 Heap Initial Capacity: 128M
 Heap Max Capacity: 2G
 Pre-touch: Disabled
 Parallel Workers: 8
 Concurrent Workers: 2
 Concurrent Refinement Workers: 8
 Periodic GC: Disabled

Heap:
 garbage-first heap   total 133120K, used 12341K [0x0000000780000000, 0x0000000800000000)
  region size 1024K, 9 young (9216K), 6 survivors (6144K)
 Metaspace       used 15850K, committed 16128K, reserved 1064960K
  class space    used 2350K, committed 2496K, reserved 1048576K

Heap Regions: E=young(eden), S=young(survivor), O=old, HS=humongous(starts), HC=humongous(continues), CS=collection set, F=free, OA=open archive, CA=closed archive, TAMS=top-at-mark-start (previous, next)
|   0|0x0000000780000000, 0x0000000780100000, 0x0000000780100000|100%| O|  |TAMS 0x0000000780000000, 0x0000000780000000| Untracked 
|   1|0x0000000780100000, 0x0000000780200000, 0x0000000780200000|100%|HS|  |TAMS 0x0000000780100000, 0x0000000780100000| Complete 
|   2|0x0000000780200000, 0x0000000780300000, 0x0000000780300000|100%|HC|  |TAMS 0x0000000780200000, 0x0000000780200000| Complete 
|   3|0x0000000780300000, 0x0000000780315400, 0x0000000780400000|  8%| O|  |TAMS 0x0000000780300000, 0x0000000780300000| Untracked 
|   4|0x0000000780400000, 0x0000000780400000, 0x0000000780500000|  0%| F|  |TAMS 0x0000000780400000, 0x0000000780400000| Untracked 
|   5|0x0000000780500000, 0x0000000780500000, 0x0000000780600000|  0%| F|  |TAMS 0x0000000780500000, 0x0000000780500000| Untracked 
|   6|0x0000000780600000, 0x0000000780600000, 0x0000000780700000|  0%| F|  |TAMS 0x0000000780600000, 0x0000000780600000| Untracked 
|   7|0x0000000780700000, 0x0000000780700000, 0x0000000780800000|  0%| F|  |TAMS 0x0000000780700000, 0x0000000780700000| Untracked 
|   8|0x0000000780800000, 0x0000000780800000, 0x0000000780900000|  0%| F|  |TAMS 0x0000000780800000, 0x0000000780800000| Untracked 
|   9|0x0000000780900000, 0x0000000780900000, 0x0000000780a00000|  0%| F|  |TAMS 0x0000000780900000, 0x0000000780900000| Untracked 
|  10|0x0000000780a00000, 0x0000000780a00000, 0x0000000780b00000|  0%| F|  |TAMS 0x0000000780a00000, 0x0000000780a00000| Untracked 
|  11|0x0000000780b00000, 0x0000000780b00000, 0x0000000780c00000|  0%| F|  |TAMS 0x0000000780b00000, 0x0000000780b00000| Untracked 
|  12|0x0000000780c00000, 0x0000000780c00000, 0x0000000780d00000|  0%| F|  |TAMS 0x0000000780c00000, 0x0000000780c00000| Untracked 
|  13|0x0000000780d00000, 0x0000000780d00000, 0x0000000780e00000|  0%| F|  |TAMS 0x0000000780d00000, 0x0000000780d00000| Untracked 
|  14|0x0000000780e00000, 0x0000000780e00000, 0x0000000780f00000|  0%| F|  |TAMS 0x0000000780e00000, 0x0000000780e00000| Untracked 
|  15|0x0000000780f00000, 0x0000000780f00000, 0x0000000781000000|  0%| F|  |TAMS 0x0000000780f00000, 0x0000000780f00000| Untracked 
|  16|0x0000000781000000, 0x0000000781000000, 0x0000000781100000|  0%| F|  |TAMS 0x0000000781000000, 0x0000000781000000| Untracked 
|  17|0x0000000781100000, 0x0000000781100000, 0x0000000781200000|  0%| F|  |TAMS 0x0000000781100000, 0x0000000781100000| Untracked 
|  18|0x0000000781200000, 0x0000000781200000, 0x0000000781300000|  0%| F|  |TAMS 0x0000000781200000, 0x0000000781200000| Untracked 
|  19|0x0000000781300000, 0x0000000781300000, 0x0000000781400000|  0%| F|  |TAMS 0x0000000781300000, 0x0000000781300000| Untracked 
|  20|0x0000000781400000, 0x0000000781400000, 0x0000000781500000|  0%| F|  |TAMS 0x0000000781400000, 0x0000000781400000| Untracked 
|  21|0x0000000781500000, 0x0000000781500000, 0x0000000781600000|  0%| F|  |TAMS 0x0000000781500000, 0x0000000781500000| Untracked 
|  22|0x0000000781600000, 0x0000000781600000, 0x0000000781700000|  0%| F|  |TAMS 0x0000000781600000, 0x0000000781600000| Untracked 
|  23|0x0000000781700000, 0x0000000781700000, 0x0000000781800000|  0%| F|  |TAMS 0x0000000781700000, 0x0000000781700000| Untracked 
|  24|0x0000000781800000, 0x0000000781800000, 0x0000000781900000|  0%| F|  |TAMS 0x0000000781800000, 0x0000000781800000| Untracked 
|  25|0x0000000781900000, 0x0000000781900000, 0x0000000781a00000|  0%| F|  |TAMS 0x0000000781900000, 0x0000000781900000| Untracked 
|  26|0x0000000781a00000, 0x0000000781a00000, 0x0000000781b00000|  0%| F|  |TAMS 0x0000000781a00000, 0x0000000781a00000| Untracked 
|  27|0x0000000781b00000, 0x0000000781b00000, 0x0000000781c00000|  0%| F|  |TAMS 0x0000000781b00000, 0x0000000781b00000| Untracked 
|  28|0x0000000781c00000, 0x0000000781c00000, 0x0000000781d00000|  0%| F|  |TAMS 0x0000000781c00000, 0x0000000781c00000| Untracked 
|  29|0x0000000781d00000, 0x0000000781d00000, 0x0000000781e00000|  0%| F|  |TAMS 0x0000000781d00000, 0x0000000781d00000| Untracked 
|  30|0x0000000781e00000, 0x0000000781e00000, 0x0000000781f00000|  0%| F|  |TAMS 0x0000000781e00000, 0x0000000781e00000| Untracked 
|  31|0x0000000781f00000, 0x0000000781f00000, 0x0000000782000000|  0%| F|  |TAMS 0x0000000781f00000, 0x0000000781f00000| Untracked 
|  32|0x0000000782000000, 0x0000000782000000, 0x0000000782100000|  0%| F|  |TAMS 0x0000000782000000, 0x0000000782000000| Untracked 
|  33|0x0000000782100000, 0x0000000782100000, 0x0000000782200000|  0%| F|  |TAMS 0x0000000782100000, 0x0000000782100000| Untracked 
|  34|0x0000000782200000, 0x0000000782200000, 0x0000000782300000|  0%| F|  |TAMS 0x0000000782200000, 0x0000000782200000| Untracked 
|  35|0x0000000782300000, 0x0000000782300000, 0x0000000782400000|  0%| F|  |TAMS 0x0000000782300000, 0x0000000782300000| Untracked 
|  36|0x0000000782400000, 0x0000000782400000, 0x0000000782500000|  0%| F|  |TAMS 0x0000000782400000, 0x0000000782400000| Untracked 
|  37|0x0000000782500000, 0x0000000782500000, 0x0000000782600000|  0%| F|  |TAMS 0x0000000782500000, 0x0000000782500000| Untracked 
|  38|0x0000000782600000, 0x0000000782600000, 0x0000000782700000|  0%| F|  |TAMS 0x0000000782600000, 0x0000000782600000| Untracked 
|  39|0x0000000782700000, 0x0000000782700000, 0x0000000782800000|  0%| F|  |TAMS 0x0000000782700000, 0x0000000782700000| Untracked 
|  40|0x0000000782800000, 0x0000000782800000, 0x0000000782900000|  0%| F|  |TAMS 0x0000000782800000, 0x0000000782800000| Untracked 
|  41|0x0000000782900000, 0x0000000782900000, 0x0000000782a00000|  0%| F|  |TAMS 0x0000000782900000, 0x0000000782900000| Untracked 
|  42|0x0000000782a00000, 0x0000000782a00000, 0x0000000782b00000|  0%| F|  |TAMS 0x0000000782a00000, 0x0000000782a00000| Untracked 
|  43|0x0000000782b00000, 0x0000000782b00000, 0x0000000782c00000|  0%| F|  |TAMS 0x0000000782b00000, 0x0000000782b00000| Untracked 
|  44|0x0000000782c00000, 0x0000000782c00000, 0x0000000782d00000|  0%| F|  |TAMS 0x0000000782c00000, 0x0000000782c00000| Untracked 
|  45|0x0000000782d00000, 0x0000000782d00000, 0x0000000782e00000|  0%| F|  |TAMS 0x0000000782d00000, 0x0000000782d00000| Untracked 
|  46|0x0000000782e00000, 0x0000000782e00000, 0x0000000782f00000|  0%| F|  |TAMS 0x0000000782e00000, 0x0000000782e00000| Untracked 
|  47|0x0000000782f00000, 0x0000000782f00000, 0x0000000783000000|  0%| F|  |TAMS 0x0000000782f00000, 0x0000000782f00000| Untracked 
|  48|0x0000000783000000, 0x0000000783000000, 0x0000000783100000|  0%| F|  |TAMS 0x0000000783000000, 0x0000000783000000| Untracked 
|  49|0x0000000783100000, 0x0000000783100000, 0x0000000783200000|  0%| F|  |TAMS 0x0000000783100000, 0x0000000783100000| Untracked 
|  50|0x0000000783200000, 0x0000000783200000, 0x0000000783300000|  0%| F|  |TAMS 0x0000000783200000, 0x0000000783200000| Untracked 
|  51|0x0000000783300000, 0x0000000783300000, 0x0000000783400000|  0%| F|  |TAMS 0x0000000783300000, 0x0000000783300000| Untracked 
|  52|0x0000000783400000, 0x0000000783400000, 0x0000000783500000|  0%| F|  |TAMS 0x0000000783400000, 0x0000000783400000| Untracked 
|  53|0x0000000783500000, 0x0000000783500000, 0x0000000783600000|  0%| F|  |TAMS 0x0000000783500000, 0x0000000783500000| Untracked 
|  54|0x0000000783600000, 0x0000000783600000, 0x0000000783700000|  0%| F|  |TAMS 0x0000000783600000, 0x0000000783600000| Untracked 
|  55|0x0000000783700000, 0x0000000783700000, 0x0000000783800000|  0%| F|  |TAMS 0x0000000783700000, 0x0000000783700000| Untracked 
|  56|0x0000000783800000, 0x0000000783800000, 0x0000000783900000|  0%| F|  |TAMS 0x0000000783800000, 0x0000000783800000| Untracked 
|  57|0x0000000783900000, 0x0000000783900000, 0x0000000783a00000|  0%| F|  |TAMS 0x0000000783900000, 0x0000000783900000| Untracked 
|  58|0x0000000783a00000, 0x0000000783a00000, 0x0000000783b00000|  0%| F|  |TAMS 0x0000000783a00000, 0x0000000783a00000| Untracked 
|  59|0x0000000783b00000, 0x0000000783b00000, 0x0000000783c00000|  0%| F|  |TAMS 0x0000000783b00000, 0x0000000783b00000| Untracked 
|  60|0x0000000783c00000, 0x0000000783c00000, 0x0000000783d00000|  0%| F|  |TAMS 0x0000000783c00000, 0x0000000783c00000| Untracked 
|  61|0x0000000783d00000, 0x0000000783d00000, 0x0000000783e00000|  0%| F|  |TAMS 0x0000000783d00000, 0x0000000783d00000| Untracked 
|  62|0x0000000783e00000, 0x0000000783e00000, 0x0000000783f00000|  0%| F|  |TAMS 0x0000000783e00000, 0x0000000783e00000| Untracked 
|  63|0x0000000783f00000, 0x0000000783f00000, 0x0000000784000000|  0%| F|  |TAMS 0x0000000783f00000, 0x0000000783f00000| Untracked 
|  64|0x0000000784000000, 0x0000000784000000, 0x0000000784100000|  0%| F|  |TAMS 0x0000000784000000, 0x0000000784000000| Untracked 
|  65|0x0000000784100000, 0x0000000784100000, 0x0000000784200000|  0%| F|  |TAMS 0x0000000784100000, 0x0000000784100000| Untracked 
|  66|0x0000000784200000, 0x0000000784200000, 0x0000000784300000|  0%| F|  |TAMS 0x0000000784200000, 0x0000000784200000| Untracked 
|  67|0x0000000784300000, 0x0000000784300000, 0x0000000784400000|  0%| F|  |TAMS 0x0000000784300000, 0x0000000784300000| Untracked 
|  68|0x0000000784400000, 0x0000000784400000, 0x0000000784500000|  0%| F|  |TAMS 0x0000000784400000, 0x0000000784400000| Untracked 
|  69|0x0000000784500000, 0x0000000784500000, 0x0000000784600000|  0%| F|  |TAMS 0x0000000784500000, 0x0000000784500000| Untracked 
|  70|0x0000000784600000, 0x0000000784600000, 0x0000000784700000|  0%| F|  |TAMS 0x0000000784600000, 0x0000000784600000| Untracked 
|  71|0x0000000784700000, 0x0000000784700000, 0x0000000784800000|  0%| F|  |TAMS 0x0000000784700000, 0x0000000784700000| Untracked 
|  72|0x0000000784800000, 0x0000000784800000, 0x0000000784900000|  0%| F|  |TAMS 0x0000000784800000, 0x0000000784800000| Untracked 
|  73|0x0000000784900000, 0x0000000784900000, 0x0000000784a00000|  0%| F|  |TAMS 0x0000000784900000, 0x0000000784900000| Untracked 
|  74|0x0000000784a00000, 0x0000000784a00000, 0x0000000784b00000|  0%| F|  |TAMS 0x0000000784a00000, 0x0000000784a00000| Untracked 
|  75|0x0000000784b00000, 0x0000000784b00000, 0x0000000784c00000|  0%| F|  |TAMS 0x0000000784b00000, 0x0000000784b00000| Untracked 
|  76|0x0000000784c00000, 0x0000000784d00000, 0x0000000784d00000|100%| S|CS|TAMS 0x0000000784c00000, 0x0000000784c00000| Complete 
|  77|0x0000000784d00000, 0x0000000784e00000, 0x0000000784e00000|100%| S|CS|TAMS 0x0000000784d00000, 0x0000000784d00000| Complete 
|  78|0x0000000784e00000, 0x0000000784f00000, 0x0000000784f00000|100%| S|CS|TAMS 0x0000000784e00000, 0x0000000784e00000| Complete 
|  79|0x0000000784f00000, 0x0000000785000000, 0x0000000785000000|100%| S|CS|TAMS 0x0000000784f00000, 0x0000000784f00000| Complete 
|  80|0x0000000785000000, 0x0000000785100000, 0x0000000785100000|100%| S|CS|TAMS 0x0000000785000000, 0x0000000785000000| Complete 
|  81|0x0000000785100000, 0x0000000785200000, 0x0000000785200000|100%| S|CS|TAMS 0x0000000785100000, 0x0000000785100000| Complete 
|  82|0x0000000785200000, 0x0000000785200000, 0x0000000785300000|  0%| F|  |TAMS 0x0000000785200000, 0x0000000785200000| Untracked 
|  83|0x0000000785300000, 0x0000000785300000, 0x0000000785400000|  0%| F|  |TAMS 0x0000000785300000, 0x0000000785300000| Untracked 
|  84|0x0000000785400000, 0x0000000785400000, 0x0000000785500000|  0%| F|  |TAMS 0x0000000785400000, 0x0000000785400000| Untracked 
|  85|0x0000000785500000, 0x0000000785500000, 0x0000000785600000|  0%| F|  |TAMS 0x0000000785500000, 0x0000000785500000| Untracked 
|  86|0x0000000785600000, 0x0000000785600000, 0x0000000785700000|  0%| F|  |TAMS 0x0000000785600000, 0x0000000785600000| Untracked 
|  87|0x0000000785700000, 0x0000000785700000, 0x0000000785800000|  0%| F|  |TAMS 0x0000000785700000, 0x0000000785700000| Untracked 
|  88|0x0000000785800000, 0x0000000785800000, 0x0000000785900000|  0%| F|  |TAMS 0x0000000785800000, 0x0000000785800000| Untracked 
|  89|0x0000000785900000, 0x0000000785900000, 0x0000000785a00000|  0%| F|  |TAMS 0x0000000785900000, 0x0000000785900000| Untracked 
|  90|0x0000000785a00000, 0x0000000785a00000, 0x0000000785b00000|  0%| F|  |TAMS 0x0000000785a00000, 0x0000000785a00000| Untracked 
|  91|0x0000000785b00000, 0x0000000785b00000, 0x0000000785c00000|  0%| F|  |TAMS 0x0000000785b00000, 0x0000000785b00000| Untracked 
|  92|0x0000000785c00000, 0x0000000785c00000, 0x0000000785d00000|  0%| F|  |TAMS 0x0000000785c00000, 0x0000000785c00000| Untracked 
|  93|0x0000000785d00000, 0x0000000785d00000, 0x0000000785e00000|  0%| F|  |TAMS 0x0000000785d00000, 0x0000000785d00000| Untracked 
|  94|0x0000000785e00000, 0x0000000785e00000, 0x0000000785f00000|  0%| F|  |TAMS 0x0000000785e00000, 0x0000000785e00000| Untracked 
|  95|0x0000000785f00000, 0x0000000785f00000, 0x0000000786000000|  0%| F|  |TAMS 0x0000000785f00000, 0x0000000785f00000| Untracked 
|  96|0x0000000786000000, 0x0000000786000000, 0x0000000786100000|  0%| F|  |TAMS 0x0000000786000000, 0x0000000786000000| Untracked 
|  97|0x0000000786100000, 0x0000000786100000, 0x0000000786200000|  0%| F|  |TAMS 0x0000000786100000, 0x0000000786100000| Untracked 
|  98|0x0000000786200000, 0x0000000786200000, 0x0000000786300000|  0%| F|  |TAMS 0x0000000786200000, 0x0000000786200000| Untracked 
|  99|0x0000000786300000, 0x0000000786300000, 0x0000000786400000|  0%| F|  |TAMS 0x0000000786300000, 0x0000000786300000| Untracked 
| 100|0x0000000786400000, 0x0000000786400000, 0x0000000786500000|  0%| F|  |TAMS 0x0000000786400000, 0x0000000786400000| Untracked 
| 101|0x0000000786500000, 0x0000000786500000, 0x0000000786600000|  0%| F|  |TAMS 0x0000000786500000, 0x0000000786500000| Untracked 
| 102|0x0000000786600000, 0x0000000786600000, 0x0000000786700000|  0%| F|  |TAMS 0x0000000786600000, 0x0000000786600000| Untracked 
| 103|0x0000000786700000, 0x0000000786700000, 0x0000000786800000|  0%| F|  |TAMS 0x0000000786700000, 0x0000000786700000| Untracked 
| 104|0x0000000786800000, 0x0000000786800000, 0x0000000786900000|  0%| F|  |TAMS 0x0000000786800000, 0x0000000786800000| Untracked 
| 105|0x0000000786900000, 0x0000000786900000, 0x0000000786a00000|  0%| F|  |TAMS 0x0000000786900000, 0x0000000786900000| Untracked 
| 106|0x0000000786a00000, 0x0000000786a00000, 0x0000000786b00000|  0%| F|  |TAMS 0x0000000786a00000, 0x0000000786a00000| Untracked 
| 107|0x0000000786b00000, 0x0000000786b00000, 0x0000000786c00000|  0%| F|  |TAMS 0x0000000786b00000, 0x0000000786b00000| Untracked 
| 108|0x0000000786c00000, 0x0000000786c00000, 0x0000000786d00000|  0%| F|  |TAMS 0x0000000786c00000, 0x0000000786c00000| Untracked 
| 109|0x0000000786d00000, 0x0000000786d00000, 0x0000000786e00000|  0%| F|  |TAMS 0x0000000786d00000, 0x0000000786d00000| Untracked 
| 110|0x0000000786e00000, 0x0000000786e00000, 0x0000000786f00000|  0%| F|  |TAMS 0x0000000786e00000, 0x0000000786e00000| Untracked 
| 111|0x0000000786f00000, 0x0000000786f00000, 0x0000000787000000|  0%| F|  |TAMS 0x0000000786f00000, 0x0000000786f00000| Untracked 
| 112|0x0000000787000000, 0x0000000787000000, 0x0000000787100000|  0%| F|  |TAMS 0x0000000787000000, 0x0000000787000000| Untracked 
| 113|0x0000000787100000, 0x0000000787100000, 0x0000000787200000|  0%| F|  |TAMS 0x0000000787100000, 0x0000000787100000| Untracked 
| 114|0x0000000787200000, 0x0000000787200000, 0x0000000787300000|  0%| F|  |TAMS 0x0000000787200000, 0x0000000787200000| Untracked 
| 115|0x0000000787300000, 0x0000000787300000, 0x0000000787400000|  0%| F|  |TAMS 0x0000000787300000, 0x0000000787300000| Untracked 
| 116|0x0000000787400000, 0x0000000787400000, 0x0000000787500000|  0%| F|  |TAMS 0x0000000787400000, 0x0000000787400000| Untracked 
| 117|0x0000000787500000, 0x0000000787500000, 0x0000000787600000|  0%| F|  |TAMS 0x0000000787500000, 0x0000000787500000| Untracked 
| 118|0x0000000787600000, 0x0000000787600000, 0x0000000787700000|  0%| F|  |TAMS 0x0000000787600000, 0x0000000787600000| Untracked 
| 119|0x0000000787700000, 0x0000000787700000, 0x0000000787800000|  0%| F|  |TAMS 0x0000000787700000, 0x0000000787700000| Untracked 
| 120|0x0000000787800000, 0x0000000787800000, 0x0000000787900000|  0%| F|  |TAMS 0x0000000787800000, 0x0000000787800000| Untracked 
| 121|0x0000000787900000, 0x0000000787900000, 0x0000000787a00000|  0%| F|  |TAMS 0x0000000787900000, 0x0000000787900000| Untracked 
| 122|0x0000000787a00000, 0x0000000787a00000, 0x0000000787b00000|  0%| F|  |TAMS 0x0000000787a00000, 0x0000000787a00000| Untracked 
| 123|0x0000000787b00000, 0x0000000787b00000, 0x0000000787c00000|  0%| F|  |TAMS 0x0000000787b00000, 0x0000000787b00000| Untracked 
| 124|0x0000000787c00000, 0x0000000787c00000, 0x0000000787d00000|  0%| F|  |TAMS 0x0000000787c00000, 0x0000000787c00000| Untracked 
| 125|0x0000000787d00000, 0x0000000787e00000, 0x0000000787e00000|100%| E|  |TAMS 0x0000000787d00000, 0x0000000787d00000| Complete 
| 126|0x0000000787e00000, 0x0000000787f00000, 0x0000000787f00000|100%| E|CS|TAMS 0x0000000787e00000, 0x0000000787e00000| Complete 
| 127|0x0000000787f00000, 0x0000000788000000, 0x0000000788000000|100%| E|CS|TAMS 0x0000000787f00000, 0x0000000787f00000| Complete 
|2046|0x00000007ffe00000, 0x00000007ffe78000, 0x00000007fff00000| 46%|OA|  |TAMS 0x00000007ffe00000, 0x00000007ffe00000| Untracked 
|2047|0x00000007fff00000, 0x00000007fff80000, 0x0000000800000000| 50%|CA|  |TAMS 0x00000007fff00000, 0x00000007fff00000| Untracked 

Card table byte_map: [0x0000000105180000,0x0000000105580000] _byte_map_base: 0x0000000101580000

Marking Bits (Prev, Next): (CMBitMap*) 0x000000015601a810, (CMBitMap*) 0x000000015601a850
 Prev Bits: [0x000000011d028000, 0x000000011f028000)
 Next Bits: [0x000000011f028000, 0x0000000121028000)

Polling page: 0x00000001049cc000

Metaspace:

Usage:
  Non-class:     13.18 MB used.
      Class:      2.29 MB used.
       Both:     15.48 MB used.

Virtual space:
  Non-class space:       16.00 MB reserved,      13.31 MB ( 83%) committed,  2 nodes.
      Class space:        1.00 GB reserved,       2.44 MB ( <1%) committed,  1 nodes.
             Both:        1.02 GB reserved,      15.75 MB (  2%) committed. 

Chunk freelists:
   Non-Class:  2.45 MB
       Class:  1.53 MB
        Both:  3.98 MB

MaxMetaspaceSize: unlimited
CompressedClassSpaceSize: 1.00 GB
Initial GC threshold: 21.00 MB
Current GC threshold: 21.00 MB
CDS: on
MetaspaceReclaimPolicy: balanced
 - commit_granule_bytes: 65536.
 - commit_granule_words: 8192.
 - virtual_space_node_default_size: 1048576.
 - enlarge_chunks_in_place: 1.
 - new_chunks_are_fully_committed: 0.
 - uncommit_free_chunks: 1.
 - use_allocation_guard: 0.
 - handle_deallocations: 1.


Internal statistics:

num_allocs_failed_limit: 0.
num_arena_births: 214.
num_arena_deaths: 0.
num_vsnodes_births: 3.
num_vsnodes_deaths: 0.
num_space_committed: 252.
num_space_uncommitted: 0.
num_chunks_returned_to_freelist: 0.
num_chunks_taken_from_freelist: 722.
num_chunk_merges: 0.
num_chunk_splits: 510.
num_chunks_enlarged: 408.
num_purges: 0.
num_inconsistent_stats: 0.

CodeHeap 'non-profiled nmethods': size=120032Kb used=874Kb max_used=874Kb free=119157Kb
 bounds [0x0000000115af0000, 0x0000000115d60000, 0x000000011d028000]
CodeHeap 'profiled nmethods': size=120016Kb used=4520Kb max_used=4520Kb free=115496Kb
 bounds [0x000000010e5bc000, 0x000000010ea2c000, 0x0000000115af0000]
CodeHeap 'non-nmethods': size=5712Kb used=1418Kb max_used=1480Kb free=4293Kb
 bounds [0x000000010e028000, 0x000000010e298000, 0x000000010e5bc000]
 total_blobs=3136 nmethods=2364 adapters=688
 compilation: enabled
              stopped_count=0, restarted_count=0
 full_count=0

Compilation events (20 events):
Event: 4.654 Thread 0x0000000156809000 nmethod 2413 0x0000000115bc8f10 code [0x0000000115bc90c0, 0x0000000115bc9120]
Event: 4.654 Thread 0x0000000156809000 2414       4       com.sun.marlin.Renderer::tosubpixy (10 bytes)
Event: 4.654 Thread 0x0000000156809000 nmethod 2414 0x0000000115bc9210 code [0x0000000115bc9380, 0x0000000115bc9420]
Event: 4.655 Thread 0x0000000156809600 nmethod 2415 0x000000010ea1b110 code [0x000000010ea1b380, 0x000000010ea1bb68]
Event: 4.655 Thread 0x0000000156809600 2412       1       com.sun.javafx.geom.Path2D::getNumCommands (5 bytes)
Event: 4.655 Thread 0x0000000156809600 nmethod 2412 0x0000000115bc9510 code [0x0000000115bc9680, 0x0000000115bc9768]
Event: 4.655 Thread 0x0000000156809600 2416       1       com.sun.prism.impl.ManagedResource::isPermanent (5 bytes)
Event: 4.655 Thread 0x0000000156809600 nmethod 2416 0x0000000115bc9810 code [0x0000000115bc9980, 0x0000000115bc9a68]
Event: 4.664 Thread 0x0000000156809600 2417       3       java.util.concurrent.locks.AbstractQueuedSynchronizer::casTail (13 bytes)
Event: 4.665 Thread 0x0000000156809600 nmethod 2417 0x000000010ea1bf10 code [0x000000010ea1c0c0, 0x000000010ea1c268]
Event: 4.690 Thread 0x0000000156809600 2418       3       javafx.scene.Parent::getOrderedChildren (36 bytes)
Event: 4.691 Thread 0x0000000156809600 nmethod 2418 0x000000010ea1c310 code [0x000000010ea1c500, 0x000000010ea1c9b8]
Event: 4.699 Thread 0x0000000156809600 2419       3       com.sun.javafx.tk.Toolkit::isFxUserThread (15 bytes)
Event: 4.699 Thread 0x0000000156809600 nmethod 2419 0x000000010ea1cb10 code [0x000000010ea1ccc0, 0x000000010ea1ce68]
Event: 4.715 Thread 0x0000000156809600 2420       3       java.util.EnumMap::get (29 bytes)
Event: 4.715 Thread 0x0000000156809600 nmethod 2420 0x000000010ea1cf10 code [0x000000010ea1d100, 0x000000010ea1d558]
Event: 4.715 Thread 0x0000000156809600 2421       3       java.util.EnumMap::isValidKey (36 bytes)
Event: 4.716 Thread 0x0000000156809600 nmethod 2421 0x000000010ea1d710 code [0x000000010ea1d8c0, 0x000000010ea1db98]
Event: 4.799 Thread 0x0000000156809000 2423       4       java.util.RegularEnumSet::contains (57 bytes)
Event: 4.799 Thread 0x0000000156809600 2425       3       java.util.concurrent.locks.AbstractQueuedSynchronizer$ConditionObject::doSignal (54 bytes)

GC Heap History (4 events):
Event: 0.387 GC heap before
{Heap before GC invocations=0 (full 0):
 garbage-first heap   total 133120K, used 24544K [0x0000000780000000, 0x0000000800000000)
  region size 1024K, 23 young (23552K), 0 survivors (0K)
 Metaspace       used 6242K, committed 6400K, reserved 1056768K
  class space    used 747K, committed 832K, reserved 1048576K
}
Event: 0.390 GC heap after
{Heap after GC invocations=1 (full 0):
 garbage-first heap   total 133120K, used 4107K [0x0000000780000000, 0x0000000800000000)
  region size 1024K, 3 young (3072K), 3 survivors (3072K)
 Metaspace       used 6242K, committed 6400K, reserved 1056768K
  class space    used 747K, committed 832K, reserved 1048576K
}
Event: 0.925 GC heap before
{Heap before GC invocations=1 (full 0):
 garbage-first heap   total 133120K, used 49163K [0x0000000780000000, 0x0000000800000000)
  region size 1024K, 46 young (47104K), 3 survivors (3072K)
 Metaspace       used 15421K, committed 15744K, reserved 1064960K
  class space    used 2327K, committed 2496K, reserved 1048576K
}
Event: 0.933 GC heap after
{Heap after GC invocations=2 (full 0):
 garbage-first heap   total 133120K, used 10293K [0x0000000780000000, 0x0000000800000000)
  region size 1024K, 6 young (6144K), 6 survivors (6144K)
 Metaspace       used 15421K, committed 15744K, reserved 1064960K
  class space    used 2327K, committed 2496K, reserved 1048576K
}

Deoptimization events (20 events):
Event: 0.933 Thread 0x00000001510cd400 DEOPT PACKING pc=0x0000000115b4c5f4 sp=0x000000016e6f2520
Event: 0.933 Thread 0x00000001510cd400 DEOPT UNPACKING pc=0x000000010e066d1c sp=0x000000016e6f2440 mode 2
Event: 0.948 Thread 0x00000001510cd400 Uncommon trap: trap_request=0xffffffde fr.pc=0x0000000115b4c5f4 relative=0x0000000000000ff4
Event: 0.948 Thread 0x00000001510cd400 Uncommon trap: reason=class_check action=maybe_recompile pc=0x0000000115b4c5f4 method=java.util.concurrent.ConcurrentHashMap.putVal(Ljava/lang/Object;Ljava/lang/Object;Z)Ljava/lang/Object; @ 242 c2
Event: 0.948 Thread 0x00000001510cd400 DEOPT PACKING pc=0x0000000115b4c5f4 sp=0x000000016e6f2520
Event: 0.948 Thread 0x00000001510cd400 DEOPT UNPACKING pc=0x000000010e066d1c sp=0x000000016e6f2440 mode 2
Event: 0.964 Thread 0x00000001510cd400 Uncommon trap: trap_request=0xffffffde fr.pc=0x0000000115b4c5f4 relative=0x0000000000000ff4
Event: 0.964 Thread 0x00000001510cd400 Uncommon trap: reason=class_check action=maybe_recompile pc=0x0000000115b4c5f4 method=java.util.concurrent.ConcurrentHashMap.putVal(Ljava/lang/Object;Ljava/lang/Object;Z)Ljava/lang/Object; @ 242 c2
Event: 0.964 Thread 0x00000001510cd400 DEOPT PACKING pc=0x0000000115b4c5f4 sp=0x000000016e6f2520
Event: 0.964 Thread 0x00000001510cd400 DEOPT UNPACKING pc=0x000000010e066d1c sp=0x000000016e6f2440 mode 2
Event: 1.314 Thread 0x0000000156832400 DEOPT PACKING pc=0x000000010e94c2b4 sp=0x000000016e459600
Event: 1.314 Thread 0x0000000156832400 DEOPT UNPACKING pc=0x000000010e066b7c sp=0x000000016e459280 mode 0
Event: 1.315 Thread 0x0000000156832400 DEOPT PACKING pc=0x000000010e96014c sp=0x000000016e4587c0
Event: 1.315 Thread 0x0000000156832400 DEOPT UNPACKING pc=0x000000010e066b7c sp=0x000000016e4583e0 mode 0
Event: 1.315 Thread 0x0000000156832400 DEOPT PACKING pc=0x000000010e94c2b4 sp=0x000000016e458620
Event: 1.315 Thread 0x0000000156832400 DEOPT UNPACKING pc=0x000000010e066b7c sp=0x000000016e4582a0 mode 0
Event: 4.180 Thread 0x0000000156832400 Uncommon trap: trap_request=0xffffff45 fr.pc=0x0000000115bb0858 relative=0x0000000000002dd8
Event: 4.180 Thread 0x0000000156832400 Uncommon trap: reason=unstable_if action=reinterpret pc=0x0000000115bb0858 method=com.sun.marlin.Renderer._endRendering(IILcom/sun/marlin/MarlinAlphaConsumer;)V @ 2410 c2
Event: 4.180 Thread 0x0000000156832400 DEOPT PACKING pc=0x0000000115bb0858 sp=0x000000016e459300
Event: 4.180 Thread 0x0000000156832400 DEOPT UNPACKING pc=0x000000010e066d1c sp=0x000000016e459190 mode 2

Classes unloaded (0 events):
No events

Classes redefined (0 events):
No events

Internal exceptions (20 events):
Event: 0.593 Thread 0x00000001500acc00 Implicit null exception at 0x0000000115b475d8 to 0x0000000115b47940
Event: 0.658 Thread 0x00000001500acc00 Exception <a 'java/lang/ClassNotFoundException'{0x00000007865f7cd8}: com/sun/javafx/scene/control/skin/resources/controls> (0x00000007865f7cd8) 
thrown [open/src/hotspot/share/prims/jni.cpp, line 535]
Event: 0.658 Thread 0x00000001500acc00 Exception <a 'java/lang/ClassNotFoundException'{0x0000000786406088}: com/sun/javafx/scene/control/skin/resources/controls_zh> (0x0000000786406088) 
thrown [open/src/hotspot/share/prims/jni.cpp, line 535]
Event: 0.658 Thread 0x00000001500acc00 Exception <a 'java/lang/ClassNotFoundException'{0x0000000786407020}: com/sun/javafx/scene/control/skin/resources/controls_zh_TW> (0x0000000786407020) 
thrown [open/src/hotspot/share/prims/jni.cpp, line 535]
Event: 0.659 Thread 0x00000001500acc00 Exception <a 'java/lang/ClassNotFoundException'{0x00000007864153a8}: com/sun/javafx/scene/control/skin/resources/controls_zh_Hant> (0x00000007864153a8) 
thrown [open/src/hotspot/share/prims/jni.cpp, line 535]
Event: 0.659 Thread 0x00000001500acc00 Exception <a 'java/lang/ClassNotFoundException'{0x0000000786416348}: com/sun/javafx/scene/control/skin/resources/controls_zh_Hant_TW> (0x0000000786416348) 
thrown [open/src/hotspot/share/prims/jni.cpp, line 535]
Event: 0.679 Thread 0x00000001500acc00 Exception <a 'java/lang/NoSuchMethodError'{0x0000000786240e58}: 'void java.lang.invoke.DirectMethodHandle$Holder.invokeSpecial(java.lang.Object, java.lang.Object, java.lang.Object, java.lang.Object, java.lang.Object, java.lang.Object)'> (0x0000000786240e58) 
thrown [open/src/hotspot/share/interpreter/linkResolver.cpp, line 766]
Event: 0.708 Thread 0x00000001500acc00 Exception <a 'java/lang/NoSuchMethodError'{0x0000000785f6ea88}: 'java.lang.Object java.lang.invoke.DirectMethodHandle$Holder.invokeInterface(java.lang.Object, java.lang.Object, java.lang.Object)'> (0x0000000785f6ea88) 
thrown [open/src/hotspot/share/interpreter/linkResolver.cpp, line 766]
Event: 0.708 Thread 0x00000001500acc00 Exception <a 'java/lang/IncompatibleClassChangeError'{0x0000000785f72410}: Found class java.lang.Object, but interface was expected> (0x0000000785f72410) 
thrown [open/src/hotspot/share/interpreter/linkResolver.cpp, line 833]
Event: 0.763 Thread 0x00000001500acc00 Exception <a 'java/lang/NoSuchMethodError'{0x0000000785947320}: 'java.lang.Object java.lang.invoke.DirectMethodHandle$Holder.newInvokeSpecial(java.lang.Object, java.lang.Object, int, int)'> (0x0000000785947320) 
thrown [open/src/hotspot/share/interpreter/linkResolver.cpp, line 766]
Event: 0.770 Thread 0x00000001500acc00 Exception <a 'java/lang/NoSuchMethodError'{0x0000000785968b40}: 'java.lang.Object java.lang.invoke.DirectMethodHandle$Holder.newInvokeSpecial(java.lang.Object, java.lang.Object, int)'> (0x0000000785968b40) 
thrown [open/src/hotspot/share/interpreter/linkResolver.cpp, line 766]
Event: 0.811 Thread 0x0000000156832400 Exception <a 'java/lang/NoSuchMethodError'{0x0000000785778b60}: 'int java.lang.invoke.DirectMethodHandle$Holder.invokeStaticInit(java.lang.Object, java.lang.Object)'> (0x0000000785778b60) 
thrown [open/src/hotspot/share/interpreter/linkResolver.cpp, line 766]
Event: 0.819 Thread 0x00000001500acc00 Exception <a 'java/lang/NoSuchMethodError'{0x00000007858f24b0}: 'long java.lang.invoke.DirectMethodHandle$Holder.invokeStatic(java.lang.Object, java.lang.Object, java.lang.Object)'> (0x00000007858f24b0) 
thrown [open/src/hotspot/share/interpreter/linkResolver.cpp, line 766]
Event: 0.819 Thread 0x00000001500acc00 Exception <a 'java/lang/NoSuchMethodError'{0x00000007858f5c58}: 'long java.lang.invoke.DirectMethodHandle$Holder.invokeStaticInit(java.lang.Object, java.lang.Object, java.lang.Object)'> (0x00000007858f5c58) 
thrown [open/src/hotspot/share/interpreter/linkResolver.cpp, line 766]
Event: 0.825 Thread 0x00000001500acc00 Exception <a 'java/lang/NoSuchMethodError'{0x000000078568fc78}: 'java.lang.Object java.lang.invoke.DirectMethodHandle$Holder.newInvokeSpecial(java.lang.Object, java.lang.Object, long)'> (0x000000078568fc78) 
thrown [open/src/hotspot/share/interpreter/linkResolver.cpp, line 766]
Event: 0.825 Thread 0x00000001500acc00 Exception <a 'java/lang/NoSuchMethodError'{0x0000000785693540}: 'java.lang.Object java.lang.invoke.Invokers$Holder.linkToTargetMethod(java.lang.Object, long, java.lang.Object)'> (0x0000000785693540) 
thrown [open/src/hotspot/share/interpreter/linkResolver.cpp, line 766]
Event: 0.901 Thread 0x0000000156832400 Exception <a 'java/lang/NoSuchMethodError'{0x0000000785274780}: 'java.lang.Object java.lang.invoke.DirectMethodHandle$Holder.invokeStaticInit(java.lang.Object, int)'> (0x0000000785274780) 
thrown [open/src/hotspot/share/interpreter/linkResolver.cpp, line 766]
Event: 3.802 Thread 0x00000001500acc00 Exception <a 'java/lang/NoSuchMethodError'{0x0000000787d0d6b8}: 'java.lang.Object java.lang.invoke.DirectMethodHandle$Holder.newInvokeSpecial(java.lang.Object, java.lang.Object, int, int, int, int, int, java.lang.Object)'> (0x0000000787d0d6b8) 
thrown [open/src/hotspot/share/interpreter/linkResolver.cpp, line 766]
Event: 3.803 Thread 0x00000001500acc00 Exception <a 'java/lang/NoSuchMethodError'{0x0000000787d20698}: 'java.lang.Object java.lang.invoke.DirectMethodHandle$Holder.newInvokeSpecial(java.lang.Object, java.lang.Object, java.lang.Object, int, int, int, int, int)'> (0x0000000787d20698) 
thrown [open/src/hotspot/share/interpreter/linkResolver.cpp, line 766]
Event: 3.804 Thread 0x00000001500acc00 Exception <a 'java/lang/NoSuchMethodError'{0x0000000787d27ef8}: 'java.lang.Object java.lang.invoke.Invokers$Holder.linkToTargetMethod(java.lang.Object, java.lang.Object, int, int, int, int, int, java.lang.Object)'> (0x0000000787d27ef8) 
thrown [open/src/hotspot/share/interpreter/linkResolver.cpp, line 766]

VM Operations (20 events):
Event: 0.452 Executing VM operation: HandshakeAllThreads
Event: 0.452 Executing VM operation: HandshakeAllThreads done
Event: 0.573 Executing VM operation: ICBufferFull
Event: 0.573 Executing VM operation: ICBufferFull done
Event: 0.577 Executing VM operation: HandshakeAllThreads
Event: 0.577 Executing VM operation: HandshakeAllThreads done
Event: 0.718 Executing VM operation: ICBufferFull
Event: 0.718 Executing VM operation: ICBufferFull done
Event: 0.751 Executing VM operation: ICBufferFull
Event: 0.751 Executing VM operation: ICBufferFull done
Event: 0.925 Executing VM operation: G1CollectForAllocation
Event: 0.933 Executing VM operation: G1CollectForAllocation done
Event: 0.933 Executing VM operation: Cleanup
Event: 0.933 Executing VM operation: Cleanup done
Event: 1.938 Executing VM operation: Cleanup
Event: 1.938 Executing VM operation: Cleanup done
Event: 2.943 Executing VM operation: Cleanup
Event: 2.943 Executing VM operation: Cleanup done
Event: 3.946 Executing VM operation: Cleanup
Event: 3.946 Executing VM operation: Cleanup done

Events (20 events):
Event: 3.794 loading class javafx/scene/Scene$ClickCounter
Event: 3.794 loading class javafx/scene/Scene$ClickCounter done
Event: 3.794 loading class javafx/event/Event
Event: 3.794 loading class javafx/event/Event done
Event: 3.794 loading class javafx/event/ActionEvent
Event: 3.794 loading class javafx/event/ActionEvent done
Event: 3.794 loading class javafx/event/ActionEvent
Event: 3.794 loading class javafx/event/ActionEvent done
Event: 3.801 loading class com/sun/javafx/tk/quantum/GlassViewEventHandler
Event: 3.801 loading class com/sun/javafx/tk/quantum/GlassViewEventHandler done
Event: 3.801 loading class com/sun/glass/ui/ClipboardAssistance
Event: 3.801 loading class com/sun/glass/ui/ClipboardAssistance done
Event: 3.803 loading class com/sun/javafx/tk/quantum/GlassSceneDnDEventHandler
Event: 3.803 loading class com/sun/javafx/tk/quantum/GlassSceneDnDEventHandler done
Event: 3.803 loading class com/sun/glass/ui/ClipboardAssistance
Event: 3.803 loading class com/sun/glass/ui/ClipboardAssistance done
Event: 4.113 loading class javafx/util/Pair
Event: 4.113 loading class javafx/util/Pair done
Event: 4.113 loading class javafx/util/Pair
Event: 4.113 loading class javafx/util/Pair done


Dynamic libraries:
0x000000010497c000 	/Library/Java/JavaVirtualMachines/jdk-17.0.1.jdk/Contents/Home/lib/libjli.dylib
0x00000001c534e000 	/usr/lib/libz.1.dylib
0x00000001c53fe000 	/usr/lib/libSystem.B.dylib
0x00000001c53f8000 	/usr/lib/system/libcache.dylib
0x00000001c53b6000 	/usr/lib/system/libcommonCrypto.dylib
0x00000001c53df000 	/usr/lib/system/libcompiler_rt.dylib
0x00000001c53d6000 	/usr/lib/system/libcopyfile.dylib
0x00000001ba702000 	/usr/lib/system/libcorecrypto.dylib
0x00000001ba7a7000 	/usr/lib/system/libdispatch.dylib
0x00000001ba96f000 	/usr/lib/system/libdyld.dylib
0x00000001c53ee000 	/usr/lib/system/libkeymgr.dylib
0x00000001c5398000 	/usr/lib/system/libmacho.dylib
0x00000001c4aa4000 	/usr/lib/system/libquarantine.dylib
0x00000001c53eb000 	/usr/lib/system/libremovefile.dylib
0x00000001bfaf1000 	/usr/lib/system/libsystem_asl.dylib
0x00000001ba6ac000 	/usr/lib/system/libsystem_blocks.dylib
0x00000001ba82d000 	/usr/lib/system/libsystem_c.dylib
0x00000001c53e3000 	/usr/lib/system/libsystem_collections.dylib
0x00000001c3f01000 	/usr/lib/system/libsystem_configuration.dylib
0x00000001c3187000 	/usr/lib/system/libsystem_containermanager.dylib
0x00000001c5102000 	/usr/lib/system/libsystem_coreservices.dylib
0x00000001bd094000 	/usr/lib/system/libsystem_darwin.dylib
0x00000001c53ef000 	/usr/lib/system/libsystem_dnssd.dylib
0x00000001ba82a000 	/usr/lib/system/libsystem_featureflags.dylib
0x00000001ba984000 	/usr/lib/system/libsystem_info.dylib
0x00000001c5360000 	/usr/lib/system/libsystem_m.dylib
0x00000001ba77c000 	/usr/lib/system/libsystem_malloc.dylib
0x00000001bfa82000 	/usr/lib/system/libsystem_networkextension.dylib
0x00000001bd4e7000 	/usr/lib/system/libsystem_notify.dylib
0x00000001cb5cb000 	/usr/lib/system/libsystem_product_info_filter.dylib
0x00000001c3f06000 	/usr/lib/system/libsystem_sandbox.dylib
0x00000001c53e8000 	/usr/lib/system/libsystem_secinit.dylib
0x00000001ba92c000 	/usr/lib/system/libsystem_kernel.dylib
0x00000001ba97c000 	/usr/lib/system/libsystem_platform.dylib
0x00000001ba962000 	/usr/lib/system/libsystem_pthread.dylib
0x00000001c1227000 	/usr/lib/system/libsystem_symptoms.dylib
0x00000001ba6e8000 	/usr/lib/system/libsystem_trace.dylib
0x00000001c53c3000 	/usr/lib/system/libunwind.dylib
0x00000001ba6ae000 	/usr/lib/system/libxpc.dylib
0x00000001ba912000 	/usr/lib/libc++abi.dylib
0x00000001ba7ee000 	/usr/lib/libobjc.A.dylib
0x00000001c53ce000 	/usr/lib/liboah.dylib
0x00000001ba8ae000 	/usr/lib/libc++.1.dylib
0x00000001d0fa8000 	/System/Library/Frameworks/Cocoa.framework/Versions/A/Cocoa
0x00000001bd546000 	/System/Library/Frameworks/AppKit.framework/Versions/C/AppKit
0x00000001c0a68000 	/System/Library/Frameworks/CoreData.framework/Versions/A/CoreData
0x00000001bb8a7000 	/System/Library/Frameworks/Foundation.framework/Versions/C/Foundation
0x00000001be3f8000 	/System/Library/PrivateFrameworks/UIFoundation.framework/Versions/A/UIFoundation
0x00000001cb2c5000 	/System/Library/PrivateFrameworks/RemoteViewServices.framework/Versions/A/RemoteViewServices
0x00000001c38c0000 	/System/Library/PrivateFrameworks/XCTTargetBootstrap.framework/Versions/A/XCTTargetBootstrap
0x00000001c7100000 	/System/Library/PrivateFrameworks/InternationalSupport.framework/Versions/A/InternationalSupport
0x00000001c7189000 	/System/Library/PrivateFrameworks/UserActivity.framework/Versions/A/UserActivity
0x00000001c662b000 	/usr/lib/libspindump.dylib
0x00000001be668000 	/System/Library/Frameworks/UniformTypeIdentifiers.framework/Versions/A/UniformTypeIdentifiers
0x00000001c1e4e000 	/usr/lib/libapp_launch_measurement.dylib
0x00000001c13cb000 	/System/Library/PrivateFrameworks/CoreAnalytics.framework/Versions/A/CoreAnalytics
0x00000001c1e51000 	/System/Library/PrivateFrameworks/CoreAutoLayout.framework/Versions/A/CoreAutoLayout
0x00000001c31c4000 	/System/Library/Frameworks/Metal.framework/Versions/A/Metal
0x00000001c3f11000 	/usr/lib/liblangid.dylib
0x00000001c38c4000 	/System/Library/PrivateFrameworks/CoreSVG.framework/Versions/A/CoreSVG
0x00000001bfb25000 	/System/Library/PrivateFrameworks/SkyLight.framework/Versions/A/SkyLight
0x00000001bfeed000 	/System/Library/Frameworks/CoreGraphics.framework/Versions/A/CoreGraphics
0x00000001cb93e000 	/System/Library/Frameworks/Accelerate.framework/Versions/A/Accelerate
0x00000001c60a0000 	/System/Library/PrivateFrameworks/IconServices.framework/Versions/A/IconServices
0x00000001c31a6000 	/System/Library/Frameworks/IOSurface.framework/Versions/A/IOSurface
0x00000001c13fb000 	/usr/lib/libDiagnosticMessagesClient.dylib
0x00000001ced76000 	/System/Library/Frameworks/ApplicationServices.framework/Versions/A/ApplicationServices
0x00000001c38a8000 	/System/Library/PrivateFrameworks/DFRFoundation.framework/Versions/A/DFRFoundation
0x00000001bcde9000 	/usr/lib/libicucore.A.dylib
0x00000001c7efd000 	/System/Library/Frameworks/AudioToolbox.framework/Versions/A/AudioToolbox
0x00000001c710c000 	/System/Library/PrivateFrameworks/DataDetectorsCore.framework/Versions/A/DataDetectorsCore
0x00000001dd128000 	/System/Library/PrivateFrameworks/TextInput.framework/Versions/A/TextInput
0x00000001bfa9c000 	/usr/lib/libMobileGestalt.dylib
0x00000001c3578000 	/System/Library/Frameworks/Carbon.framework/Versions/A/Frameworks/HIToolbox.framework/Versions/A/HIToolbox
0x00000001c1858000 	/System/Library/Frameworks/QuartzCore.framework/Versions/A/QuartzCore
0x00000001bca66000 	/System/Library/Frameworks/Security.framework/Versions/A/Security
0x00000001cb305000 	/System/Library/Frameworks/Carbon.framework/Versions/A/Frameworks/SpeechRecognition.framework/Versions/A/SpeechRecognition
0x00000001c1ba5000 	/System/Library/PrivateFrameworks/CoreUI.framework/Versions/A/CoreUI
0x00000001bc339000 	/System/Library/Frameworks/CoreAudio.framework/Versions/A/CoreAudio
0x00000001c14eb000 	/System/Library/Frameworks/DiskArbitration.framework/Versions/A/DiskArbitration
0x00000001c6a13000 	/System/Library/PrivateFrameworks/MultitouchSupport.framework/Versions/A/MultitouchSupport
0x00000001bfa9a000 	/usr/lib/libenergytrace.dylib
0x00000001bd412000 	/System/Library/Frameworks/IOKit.framework/Versions/A/IOKit
0x00000001cb6ec000 	/System/Library/Frameworks/CoreServices.framework/Versions/A/CoreServices
0x00000001c1dde000 	/System/Library/PrivateFrameworks/PerformanceAnalysis.framework/Versions/A/PerformanceAnalysis
0x000000021b94d000 	/System/Library/Frameworks/OpenGL.framework/Versions/A/OpenGL
0x00000001c49c4000 	/System/Library/PrivateFrameworks/MobileKeyBag.framework/Versions/A/MobileKeyBag
0x00000001c04fd000 	/System/Library/Frameworks/ColorSync.framework/Versions/A/ColorSync
0x00000001ba9b0000 	/System/Library/Frameworks/CoreFoundation.framework/Versions/A/CoreFoundation
0x00000001c3b45000 	/System/Library/Frameworks/CoreImage.framework/Versions/A/CoreImage
0x00000001bc15c000 	/System/Library/Frameworks/CoreText.framework/Versions/A/CoreText
0x00000001c38f4000 	/System/Library/Frameworks/ImageIO.framework/Versions/A/ImageIO
0x00000001c5404000 	/System/Library/PrivateFrameworks/SoftLinking.framework/Versions/A/SoftLinking
0x00000001c1e9b000 	/usr/lib/libxml2.2.dylib
0x00000001c569c000 	/usr/lib/libcompression.dylib
0x00000001c7059000 	/System/Library/PrivateFrameworks/TextureIO.framework/Versions/A/TextureIO
0x00000001c5dba000 	/usr/lib/libate.dylib
0x00000001c5c82000 	/usr/lib/liblzma.5.dylib
0x00000001bb598000 	/System/Library/Frameworks/SystemConfiguration.framework/Versions/A/SystemConfiguration
0x00000001c5400000 	/usr/lib/libfakelink.dylib
0x00000001bf5ca000 	/System/Library/Frameworks/CFNetwork.framework/Versions/A/CFNetwork
0x00000001c5547000 	/usr/lib/libarchive.2.dylib
0x00000001c3f0d000 	/System/Library/PrivateFrameworks/AppleSystemInfo.framework/Versions/A/AppleSystemInfo
0x00000001c4ace000 	/usr/lib/libbsm.0.dylib
0x00000001beb07000 	/usr/lib/libnetwork.dylib
0x00000001c539e000 	/usr/lib/system/libkxld.dylib
0x00000001c46e6000 	/System/Library/PrivateFrameworks/IOMobileFramebuffer.framework/Versions/A/IOMobileFramebuffer
0x0000000237278000 	/usr/lib/libCoreEntitlements.dylib
0x00000001c50e4000 	/System/Library/PrivateFrameworks/AppleFSCompression.framework/Versions/A/AppleFSCompression
0x00000001c4ab7000 	/usr/lib/libcoretls.dylib
0x00000001c5c9b000 	/usr/lib/libcoretls_cfhelpers.dylib
0x00000001c5697000 	/usr/lib/libpam.2.dylib
0x00000001c0e4f000 	/usr/lib/libsqlite3.dylib
0x00000001c5d03000 	/usr/lib/libxar.1.dylib
0x00000001c50f5000 	/usr/lib/libbz2.1.0.dylib
0x00000001c5405000 	/usr/lib/libpcap.A.dylib
0x00000001c121e000 	/usr/lib/libdns_services.dylib
0x00000001c566a000 	/usr/lib/libapple_nghttp2.dylib
0x00000001c5442000 	/usr/lib/libiconv.2.dylib
0x00000001c5397000 	/usr/lib/libcharset.1.dylib
0x00000001c1e1a000 	/System/Library/Frameworks/CoreServices.framework/Versions/A/Frameworks/FSEvents.framework/Versions/A/FSEvents
0x00000001bd09f000 	/System/Library/Frameworks/CoreServices.framework/Versions/A/Frameworks/CarbonCore.framework/Versions/A/CarbonCore
0x00000001c144e000 	/System/Library/Frameworks/CoreServices.framework/Versions/A/Frameworks/Metadata.framework/Versions/A/Metadata
0x00000001c5108000 	/System/Library/Frameworks/CoreServices.framework/Versions/A/Frameworks/OSServices.framework/Versions/A/OSServices
0x00000001c55cc000 	/System/Library/Frameworks/CoreServices.framework/Versions/A/Frameworks/SearchKit.framework/Versions/A/SearchKit
0x00000001c11ac000 	/System/Library/Frameworks/CoreServices.framework/Versions/A/Frameworks/AE.framework/Versions/A/AE
0x00000001baef4000 	/System/Library/Frameworks/CoreServices.framework/Versions/A/Frameworks/LaunchServices.framework/Versions/A/LaunchServices
0x00000001c5c2b000 	/System/Library/Frameworks/CoreServices.framework/Versions/A/Frameworks/DictionaryServices.framework/Versions/A/DictionaryServices
0x00000001c1e27000 	/System/Library/Frameworks/CoreServices.framework/Versions/A/Frameworks/SharedFileList.framework/Versions/A/SharedFileList
0x00000001c4aa7000 	/usr/lib/libCheckFix.dylib
0x00000001bfb09000 	/System/Library/PrivateFrameworks/TCC.framework/Versions/A/TCC
0x00000001c3f13000 	/System/Library/PrivateFrameworks/CoreNLP.framework/Versions/A/CoreNLP
0x00000001c13fe000 	/System/Library/PrivateFrameworks/MetadataUtilities.framework/Versions/A/MetadataUtilities
0x00000001bb651000 	/usr/lib/libmecabra.dylib
0x00000001c4adf000 	/usr/lib/libmecab.dylib
0x00000001bb61d000 	/usr/lib/libCRFSuite.dylib
0x00000001c4b3d000 	/usr/lib/libgermantok.dylib
0x00000001c5643000 	/usr/lib/libThaiTokenizer.dylib
0x00000001c14f3000 	/System/Library/Frameworks/Accelerate.framework/Versions/A/Frameworks/vImage.framework/Versions/A/vImage
0x00000001cb6c3000 	/System/Library/Frameworks/Accelerate.framework/Versions/A/Frameworks/vecLib.framework/Versions/A/vecLib
0x00000001c5d47000 	/System/Library/Frameworks/Accelerate.framework/Versions/A/Frameworks/vecLib.framework/Versions/A/libvMisc.dylib
0x00000001c45f0000 	/System/Library/Frameworks/Accelerate.framework/Versions/A/Frameworks/vecLib.framework/Versions/A/libvDSP.dylib
0x00000001bb277000 	/System/Library/Frameworks/Accelerate.framework/Versions/A/Frameworks/vecLib.framework/Versions/A/libBLAS.dylib
0x00000001c576b000 	/System/Library/Frameworks/Accelerate.framework/Versions/A/Frameworks/vecLib.framework/Versions/A/libLAPACK.dylib
0x00000001c4b40000 	/System/Library/Frameworks/Accelerate.framework/Versions/A/Frameworks/vecLib.framework/Versions/A/libLinearAlgebra.dylib
0x00000001c5682000 	/System/Library/Frameworks/Accelerate.framework/Versions/A/Frameworks/vecLib.framework/Versions/A/libSparseBLAS.dylib
0x00000001c5766000 	/System/Library/Frameworks/Accelerate.framework/Versions/A/Frameworks/vecLib.framework/Versions/A/libQuadrature.dylib
0x00000001c400a000 	/System/Library/Frameworks/Accelerate.framework/Versions/A/Frameworks/vecLib.framework/Versions/A/libBNNS.dylib
0x00000001bb535000 	/System/Library/Frameworks/Accelerate.framework/Versions/A/Frameworks/vecLib.framework/Versions/A/libSparse.dylib
0x00000001c4002000 	/System/Library/PrivateFrameworks/LinguisticData.framework/Versions/A/LinguisticData
0x00000001bb4eb000 	/System/Library/PrivateFrameworks/Lexicon.framework/Versions/A/Lexicon
0x00000001c5d3f000 	/usr/lib/libChineseTokenizer.dylib
0x00000001bbc95000 	/System/Library/PrivateFrameworks/LanguageModeling.framework/Versions/A/LanguageModeling
0x00000001c5645000 	/System/Library/PrivateFrameworks/AppleSauce.framework/Versions/A/AppleSauce
0x00000001c46d3000 	/System/Library/PrivateFrameworks/CoreEmoji.framework/Versions/A/CoreEmoji
0x00000001c5535000 	/usr/lib/libcmph.dylib
0x00000001c1dfa000 	/System/Library/Frameworks/OpenDirectory.framework/Versions/A/Frameworks/CFOpenDirectory.framework/Versions/A/CFOpenDirectory
0x00000001c1dea000 	/System/Library/Frameworks/OpenDirectory.framework/Versions/A/OpenDirectory
0x00000001c5c9d000 	/System/Library/PrivateFrameworks/APFS.framework/Versions/A/APFS
0x00000001c49ff000 	/System/Library/Frameworks/SecurityFoundation.framework/Versions/A/SecurityFoundation
0x00000001c5d11000 	/usr/lib/libutil.dylib
0x00000001bd3d4000 	/System/Library/PrivateFrameworks/CoreServicesStore.framework/Versions/A/CoreServicesStore
0x00000001c5d15000 	/usr/lib/libxslt.1.dylib
0x00000001c4a93000 	/System/Library/PrivateFrameworks/BackgroundTaskManagement.framework/Versions/A/BackgroundTaskManagement
0x00000001c6f7a000 	/System/Library/Frameworks/ImageIO.framework/Versions/A/Resources/libRadiance.dylib
0x00000001c6f83000 	/System/Library/Frameworks/ImageIO.framework/Versions/A/Resources/libJPEG.dylib
0x00000001c6ed5000 	/System/Library/Frameworks/ImageIO.framework/Versions/A/Resources/libPng.dylib
0x00000001c6ef7000 	/System/Library/Frameworks/ImageIO.framework/Versions/A/Resources/libTIFF.dylib
0x00000001c6fde000 	/System/Library/Frameworks/ImageIO.framework/Versions/A/Resources/libGIF.dylib
0x00000001c6923000 	/System/Library/Frameworks/ImageIO.framework/Versions/A/Resources/libJP2.dylib
0x00000001c6066000 	/usr/lib/libexpat.1.dylib
0x00000001c68de000 	/System/Library/PrivateFrameworks/AppleJPEG.framework/Versions/A/AppleJPEG
0x00000001c3437000 	/System/Library/PrivateFrameworks/FontServices.framework/libFontParser.dylib
0x00000001c1151000 	/System/Library/PrivateFrameworks/RunningBoardServices.framework/Versions/A/RunningBoardServices
0x00000001d1613000 	/System/Library/PrivateFrameworks/IOSurfaceAccelerator.framework/Versions/A/IOSurfaceAccelerator
0x00000001c6a0f000 	/System/Library/PrivateFrameworks/WatchdogClient.framework/Versions/A/WatchdogClient
0x00000001bbd99000 	/System/Library/Frameworks/CoreDisplay.framework/Versions/A/CoreDisplay
0x00000001c3326000 	/System/Library/Frameworks/CoreMedia.framework/Versions/A/CoreMedia
0x00000001c31ba000 	/System/Library/PrivateFrameworks/IOAccelerator.framework/Versions/A/IOAccelerator
0x00000001c1f88000 	/System/Library/Frameworks/CoreVideo.framework/Versions/A/CoreVideo
0x00000001c5695000 	/System/Library/Frameworks/MetalPerformanceShaders.framework/Versions/A/MetalPerformanceShaders
0x00000001c6a4c000 	/System/Library/Frameworks/VideoToolbox.framework/Versions/A/VideoToolbox
0x00000001c1095000 	/System/Library/PrivateFrameworks/BaseBoard.framework/Versions/A/BaseBoard
0x00000001c0e34000 	/System/Library/PrivateFrameworks/ProtocolBuffer.framework/Versions/A/ProtocolBuffer
0x00000001c6f75000 	/System/Library/PrivateFrameworks/GPUWrangler.framework/Versions/A/GPUWrangler
0x00000001c6f54000 	/System/Library/PrivateFrameworks/IOPresentment.framework/Versions/A/IOPresentment
0x00000001c6f7d000 	/System/Library/PrivateFrameworks/DSExternalDisplay.framework/Versions/A/DSExternalDisplay
0x000000021b940000 	/System/Library/Frameworks/OpenGL.framework/Versions/A/Libraries/libCoreFSCache.dylib
0x000000022505a000 	/System/Library/PrivateFrameworks/GPUCompiler.framework/Versions/31001/Libraries/libGPUCompilerUtils.dylib
0x00000001c6fe3000 	/System/Library/PrivateFrameworks/CMCaptureCore.framework/Versions/A/CMCaptureCore
0x00000001c6619000 	/System/Library/PrivateFrameworks/AppServerSupport.framework/Versions/A/AppServerSupport
0x00000001c87b8000 	/System/Library/PrivateFrameworks/perfdata.framework/Versions/A/perfdata
0x00000001bbeb9000 	/System/Library/PrivateFrameworks/AudioToolboxCore.framework/Versions/A/AudioToolboxCore
0x00000001c32fe000 	/System/Library/PrivateFrameworks/caulk.framework/Versions/A/caulk
0x00000001c80ad000 	/usr/lib/libAudioStatistics.dylib
0x00000001d98c6000 	/System/Library/PrivateFrameworks/SystemPolicy.framework/Versions/A/SystemPolicy
0x00000001c830d000 	/usr/lib/libSMC.dylib
0x00000001d0e8a000 	/System/Library/Frameworks/CoreMIDI.framework/Versions/A/CoreMIDI
0x00000001c6ea3000 	/usr/lib/libAudioToolboxUtility.dylib
0x00000001d5d6c000 	/System/Library/PrivateFrameworks/OSAServicesClient.framework/Versions/A/OSAServicesClient
0x00000001c87c5000 	/usr/lib/libperfcheck.dylib
0x00000001da3c9000 	/usr/lib/libmis.dylib
0x000000021b9a1000 	/System/Library/Frameworks/OpenGL.framework/Versions/A/Libraries/libGLU.dylib
0x000000021b960000 	/System/Library/Frameworks/OpenGL.framework/Versions/A/Libraries/libGFXShared.dylib
0x000000021bb4a000 	/System/Library/Frameworks/OpenGL.framework/Versions/A/Libraries/libGL.dylib
0x000000021b969000 	/System/Library/Frameworks/OpenGL.framework/Versions/A/Libraries/libGLImage.dylib
0x000000021b95d000 	/System/Library/Frameworks/OpenGL.framework/Versions/A/Libraries/libCVMSPluginSupport.dylib
0x000000021b947000 	/System/Library/Frameworks/OpenGL.framework/Versions/A/Libraries/libCoreVMClient.dylib
0x00000001c3e8f000 	/System/Library/Frameworks/MetalPerformanceShaders.framework/Versions/A/Frameworks/MPSCore.framework/Versions/A/MPSCore
0x00000001c5057000 	/System/Library/Frameworks/MetalPerformanceShaders.framework/Versions/A/Frameworks/MPSImage.framework/Versions/A/MPSImage
0x00000001c4b55000 	/System/Library/Frameworks/MetalPerformanceShaders.framework/Versions/A/Frameworks/MPSNeuralNetwork.framework/Versions/A/MPSNeuralNetwork
0x00000001c4f92000 	/System/Library/Frameworks/MetalPerformanceShaders.framework/Versions/A/Frameworks/MPSMatrix.framework/Versions/A/MPSMatrix
0x00000001c4d6d000 	/System/Library/Frameworks/MetalPerformanceShaders.framework/Versions/A/Frameworks/MPSRayIntersector.framework/Versions/A/MPSRayIntersector
0x00000001c4fc3000 	/System/Library/Frameworks/MetalPerformanceShaders.framework/Versions/A/Frameworks/MPSNDArray.framework/Versions/A/MPSNDArray
0x000000021d65c000 	/System/Library/Frameworks/MetalPerformanceShaders.framework/Versions/A/Frameworks/MPSFunctions.framework/Versions/A/MPSFunctions
0x00000001bb155000 	/System/Library/PrivateFrameworks/MetalTools.framework/Versions/A/MetalTools
0x00000001c3f0b000 	/System/Library/PrivateFrameworks/AggregateDictionary.framework/Versions/A/AggregateDictionary
0x00000001c5e4c000 	/usr/lib/libIOReport.dylib
0x00000001cfe78000 	/System/Library/PrivateFrameworks/ASEProcessing.framework/Versions/A/ASEProcessing
0x00000001c61be000 	/System/Library/PrivateFrameworks/FaceCore.framework/Versions/A/FaceCore
0x00000001c61b0000 	/System/Library/PrivateFrameworks/GraphVisualizer.framework/Versions/A/GraphVisualizer
0x0000000224f71000 	/System/Library/PrivateFrameworks/FontServices.framework/Versions/A/FontServices
0x00000001c65d3000 	/System/Library/PrivateFrameworks/OTSVG.framework/Versions/A/OTSVG
0x00000001c1b56000 	/System/Library/Frameworks/ApplicationServices.framework/Versions/A/Frameworks/ATS.framework/Versions/A/Resources/libFontRegistry.dylib
0x00000001c6622000 	/System/Library/PrivateFrameworks/FontServices.framework/libhvf.dylib
0x0000000224f72000 	/System/Library/PrivateFrameworks/FontServices.framework/libXTFontStaticRegistryData.dylib
0x000000021bcec000 	/System/Library/Frameworks/OpenCL.framework/Versions/A/OpenCL
0x00000001c601a000 	/System/Library/PrivateFrameworks/AppleVA.framework/Versions/A/AppleVA
0x00000001c80d5000 	/System/Library/Frameworks/ApplicationServices.framework/Versions/A/Frameworks/ATS.framework/Versions/A/ATS
0x00000001c05fa000 	/System/Library/Frameworks/ApplicationServices.framework/Versions/A/Frameworks/HIServices.framework/Versions/A/HIServices
0x00000001c6fed000 	/System/Library/Frameworks/ApplicationServices.framework/Versions/A/Frameworks/PrintCore.framework/Versions/A/PrintCore
0x00000001c8460000 	/System/Library/Frameworks/ApplicationServices.framework/Versions/A/Frameworks/QD.framework/Versions/A/QD
0x00000001c8458000 	/System/Library/Frameworks/ApplicationServices.framework/Versions/A/Frameworks/ColorSyncLegacy.framework/Versions/A/ColorSyncLegacy
0x00000001c80c1000 	/System/Library/Frameworks/ApplicationServices.framework/Versions/A/Frameworks/SpeechSynthesis.framework/Versions/A/SpeechSynthesis
0x00000001c6fae000 	/System/Library/Frameworks/ApplicationServices.framework/Versions/A/Frameworks/ATSUI.framework/Versions/A/ATSUI
0x00000001c83ed000 	/usr/lib/libcups.2.dylib
0x00000001c87d3000 	/System/Library/Frameworks/Kerberos.framework/Versions/A/Kerberos
0x00000001c87e4000 	/System/Library/Frameworks/GSS.framework/Versions/A/GSS
0x00000001c8144000 	/usr/lib/libresolv.9.dylib
0x00000001c6630000 	/System/Library/PrivateFrameworks/Heimdal.framework/Versions/A/Heimdal
0x00000001cf0ec000 	/System/Library/Frameworks/Kerberos.framework/Versions/A/Libraries/libHeimdalProxy.dylib
0x00000001c1230000 	/System/Library/Frameworks/Network.framework/Versions/A/Network
0x00000001c6081000 	/usr/lib/libheimdal-asn1.dylib
0x00000001c882a000 	/System/Library/PrivateFrameworks/CommonAuth.framework/Versions/A/CommonAuth
0x00000001c803b000 	/System/Library/PrivateFrameworks/AudioSession.framework/Versions/A/AudioSession
0x00000001c6112000 	/System/Library/PrivateFrameworks/MediaExperience.framework/Versions/A/MediaExperience
0x00000001c7ec3000 	/System/Library/PrivateFrameworks/AudioSession.framework/libSessionUtility.dylib
0x00000001c846c000 	/System/Library/PrivateFrameworks/AudioResourceArbitration.framework/Versions/A/AudioResourceArbitration
0x00000001c608a000 	/System/Library/PrivateFrameworks/IconFoundation.framework/Versions/A/IconFoundation
0x00000001cb2f1000 	/System/Library/PrivateFrameworks/SpeechRecognitionCore.framework/Versions/A/SpeechRecognitionCore
0x00000001fea6a000 	/System/Library/CoreServices/Encodings/libTraditionalChineseConverter.dylib
0x00000001059c4000 	/Library/Java/JavaVirtualMachines/jdk-17.0.1.jdk/Contents/Home/lib/server/libjvm.dylib
0x00000001049e0000 	/Library/Java/JavaVirtualMachines/jdk-17.0.1.jdk/Contents/Home/lib/libjimage.dylib
0x0000000104b20000 	/Library/Java/JavaVirtualMachines/jdk-17.0.1.jdk/Contents/Home/lib/libjdwp.dylib
0x0000000104ad8000 	/Library/Java/JavaVirtualMachines/jdk-17.0.1.jdk/Contents/Home/lib/libjava.dylib
0x0000000104a0c000 	/Library/Java/JavaVirtualMachines/jdk-17.0.1.jdk/Contents/Home/lib/libinstrument.dylib
0x00000001059a0000 	/Library/Java/JavaVirtualMachines/jdk-17.0.1.jdk/Contents/Home/lib/libnio.dylib
0x00000001230b4000 	/Library/Java/JavaVirtualMachines/jdk-17.0.1.jdk/Contents/Home/lib/libnet.dylib
0x0000000123090000 	/Library/Java/JavaVirtualMachines/jdk-17.0.1.jdk/Contents/Home/lib/libzip.dylib
0x0000000105980000 	/Library/Java/JavaVirtualMachines/jdk-17.0.1.jdk/Contents/Home/lib/libdt_socket.dylib
0x00000001230f4000 	/Library/Java/JavaVirtualMachines/jdk-17.0.1.jdk/Contents/Home/lib/libverify.dylib
0x0000000123110000 	/Users/sean/.openjfx/cache/17.0.0.1/libprism_es2.dylib
0x00000001bd397000 	/System/Library/PrivateFrameworks/CoreServicesInternal.framework/Versions/A/CoreServicesInternal
0x000000021bb54000 	/System/Library/Frameworks/OpenGL.framework/Versions/A/Resources/GLEngine.bundle/GLEngine
0x000000021b9db000 	/System/Library/Frameworks/OpenGL.framework/Versions/A/Libraries/libGLProgrammability.dylib
0x00000001232ec000 	/System/Library/Extensions/AppleMetalOpenGLRenderer.bundle/Contents/MacOS/AppleMetalOpenGLRenderer
0x000000021bcc3000 	/System/Library/Frameworks/OpenGL.framework/Versions/A/Resources/GLRendererFloat.bundle/GLRendererFloat
0x000000021bd64000 	/System/Library/Extensions/AGXMetal13_3.bundle/Contents/MacOS/AGXMetal13_3
0x00000001da3e5000 	/System/Library/PrivateFrameworks/GPURawCounter.framework/Versions/A/GPURawCounter
0x00000001d4eba000 	/System/Library/PrivateFrameworks/IOGPU.framework/Versions/A/IOGPU
0x0000000123384000 	/Users/sean/.openjfx/cache/17.0.0.1/libglass.dylib
0x00000001cc791000 	/System/Library/Frameworks/FileProvider.framework/Versions/A/FileProvider
0x00000001c0ffd000 	/System/Library/Frameworks/Accounts.framework/Versions/A/Accounts
0x00000001cc911000 	/System/Library/PrivateFrameworks/GenerationalStorage.framework/Versions/A/GenerationalStorage
0x00000001cd4c1000 	/System/Library/PrivateFrameworks/CoreSymbolication.framework/Versions/A/CoreSymbolication
0x00000001cc531000 	/System/Library/PrivateFrameworks/SymptomDiagnosticReporter.framework/Versions/A/SymptomDiagnosticReporter
0x00000001be67c000 	/System/Library/PrivateFrameworks/DesktopServicesPriv.framework/Versions/A/DesktopServicesPriv
0x00000001bd4f6000 	/usr/lib/libsandbox.1.dylib
0x00000001c2014000 	/System/Library/PrivateFrameworks/UserManagement.framework/Versions/A/UserManagement
0x00000001cd482000 	/System/Library/PrivateFrameworks/DebugSymbols.framework/Versions/A/DebugSymbols
0x00000001c844b000 	/System/Library/PrivateFrameworks/NetAuth.framework/Versions/A/NetAuth
0x00000001c9349000 	/System/Library/PrivateFrameworks/Sharing.framework/Versions/A/Sharing
0x00000001c1fe4000 	/System/Library/PrivateFrameworks/login.framework/Versions/A/Frameworks/loginsupport.framework/Versions/A/loginsupport
0x00000001ce632000 	/System/Library/PrivateFrameworks/Apple80211.framework/Versions/A/Apple80211
0x00000001c513b000 	/System/Library/PrivateFrameworks/AuthKit.framework/Versions/A/AuthKit
0x00000001c47d2000 	/System/Library/PrivateFrameworks/CoreUtils.framework/Versions/A/CoreUtils
0x00000001c46f2000 	/System/Library/Frameworks/CoreWLAN.framework/Versions/A/CoreWLAN
0x00000001c94b2000 	/System/Library/Frameworks/IOBluetooth.framework/Versions/A/IOBluetooth
0x00000001ce692000 	/System/Library/PrivateFrameworks/CoreWiFi.framework/Versions/A/CoreWiFi
0x00000001cd069000 	/System/Library/PrivateFrameworks/FrontBoardServices.framework/Versions/A/FrontBoardServices
0x00000001cd101000 	/System/Library/PrivateFrameworks/BoardServices.framework/Versions/A/BoardServices
0x00000001c49ed000 	/System/Library/PrivateFrameworks/AssertionServices.framework/Versions/A/AssertionServices
0x00000001ce800000 	/System/Library/PrivateFrameworks/BackBoardServices.framework/Versions/A/BackBoardServices
0x00000001c88bd000 	/System/Library/PrivateFrameworks/CorePhoneNumbers.framework/Versions/A/CorePhoneNumbers
0x00000001cc661000 	/System/Library/PrivateFrameworks/DiskManagement.framework/Versions/A/DiskManagement
0x00000001cc564000 	/System/Library/PrivateFrameworks/AppleIDAuthSupport.framework/Versions/A/AppleIDAuthSupport
0x000000021f8f5000 	/System/Library/PrivateFrameworks/AAAFoundation.framework/Versions/A/AAAFoundation
0x00000001c889c000 	/System/Library/PrivateFrameworks/KeychainCircle.framework/Versions/A/KeychainCircle
0x00000001cc62d000 	/System/Library/PrivateFrameworks/MediaKit.framework/Versions/A/MediaKit
0x00000001cc571000 	/System/Library/Frameworks/DiscRecording.framework/Versions/A/DiscRecording
0x00000001c5f96000 	/usr/lib/libCoreStorage.dylib
0x00000001ceafa000 	/usr/lib/libcsfde.dylib
0x00000001c9587000 	/System/Library/PrivateFrameworks/ProtectedCloudStorage.framework/Versions/A/ProtectedCloudStorage
0x00000001ceaf2000 	/System/Library/PrivateFrameworks/EFILogin.framework/Versions/A/EFILogin
0x00000001cc938000 	/System/Library/PrivateFrameworks/OctagonTrust.framework/Versions/A/OctagonTrust
0x00000002241dc000 	/System/Library/PrivateFrameworks/CoreUtilsExtras.framework/Versions/A/CoreUtilsExtras
0x00000001cc4a3000 	/System/Library/Frameworks/CoreBluetooth.framework/Versions/A/CoreBluetooth
0x00000001cf171000 	/System/Library/Frameworks/AudioUnit.framework/Versions/A/AudioUnit
0x00000001c5f8e000 	/usr/lib/libMatch.1.dylib
0x00000001de64c000 	/System/Library/Frameworks/Accelerate.framework/Versions/A/Frameworks/vImage.framework/Versions/A/Libraries/libCGInterfaces.dylib
0x0000000127154000 	/usr/lib/libobjc-trampolines.dylib
0x00000001c1ce2000 	/System/Library/PrivateFrameworks/ViewBridge.framework/Versions/A/ViewBridge
0x00000001c66de000 	/System/Library/PrivateFrameworks/login.framework/Versions/A/login
0x00000001c5e55000 	/System/Library/PrivateFrameworks/CrashReporterSupport.framework/Versions/A/CrashReporterSupport
0x00000001e5f5b000 	/System/Library/PrivateFrameworks/OSAnalytics.framework/Versions/A/OSAnalytics
0x00000001f10aa000 	/System/Library/PrivateFrameworks/Symbolication.framework/Versions/A/Symbolication
0x00000001da3a6000 	/System/Library/PrivateFrameworks/MallocStackLogging.framework/Versions/A/MallocStackLogging
0x0000000141734000 	/Users/sean/.openjfx/cache/17.0.0.1/libjavafx_font.dylib
0x00000002373f2000 	/usr/lib/libRosetta.dylib


VM Arguments:
jvm_args: -agentlib:jdwp=transport=dt_socket,address=127.0.0.1:49532,suspend=y,server=n -javaagent:/Users/sean/Library/Caches/JetBrains/IdeaIC2021.2/captureAgent/debugger-agent.jar -Dfile.encoding=UTF-8 --module-path=/Users/sean/.m2/repository/org/openjfx/javafx-graphics/17.0.0.1/javafx-graphics-17.0.0.1-mac-aarch64.jar:/Users/sean/.m2/repository/org/openjfx/javafx-controls/17.0.0.1/javafx-controls-17.0.0.1-mac-aarch64.jar:/Users/sean/.m2/repository/org/openjfx/javafx-base/17.0.0.1/javafx-base-17.0.0.1-mac-aarch64.jar:/Users/sean/Documents/GitHub/Meal-Ordering-System/FoodOrderingSystem/target/classes:/Users/sean/.m2/repository/org/openjfx/javafx-fxml/17.0.0.1/javafx-fxml-17.0.0.1-mac-aarch64.jar -Djdk.module.main=com.example.foodorderingsystem 
java_command: com.example.foodorderingsystem/com.example.foodorderingsystem.HelloApplication
java_class_path (initial): /Users/sean/.m2/repository/org/openjfx/javafx-controls/17.0.0.1/javafx-controls-17.0.0.1.jar:/Users/sean/.m2/repository/org/openjfx/javafx-graphics/17.0.0.1/javafx-graphics-17.0.0.1.jar:/Users/sean/.m2/repository/org/openjfx/javafx-base/17.0.0.1/javafx-base-17.0.0.1.jar:/Users/sean/.m2/repository/org/openjfx/javafx-fxml/17.0.0.1/javafx-fxml-17.0.0.1.jar:/Applications/IntelliJ IDEA CE.app/Contents/lib/idea_rt.jar
Launcher Type: SUN_STANDARD

[Global flags]
     intx CICompilerCount                          = 4                                         {product} {ergonomic}
     uint ConcGCThreads                            = 2                                         {product} {ergonomic}
     uint G1ConcRefinementThreads                  = 8                                         {product} {ergonomic}
   size_t G1HeapRegionSize                         = 1048576                                   {product} {ergonomic}
    uintx GCDrainStackTargetSize                   = 64                                        {product} {ergonomic}
   size_t InitialHeapSize                          = 134217728                                 {product} {ergonomic}
   size_t MarkStackSize                            = 4194304                                   {product} {ergonomic}
   size_t MaxHeapSize                              = 2147483648                                {product} {ergonomic}
   size_t MaxNewSize                               = 1287651328                                {product} {ergonomic}
   size_t MinHeapDeltaBytes                        = 1048576                                   {product} {ergonomic}
   size_t MinHeapSize                              = 8388608                                   {product} {ergonomic}
    uintx NonNMethodCodeHeapSize                   = 5839564                                {pd product} {ergonomic}
    uintx NonProfiledCodeHeapSize                  = 122909338                              {pd product} {ergonomic}
    uintx ProfiledCodeHeapSize                     = 122909338                              {pd product} {ergonomic}
    uintx ReservedCodeCacheSize                    = 251658240                              {pd product} {ergonomic}
     bool SegmentedCodeCache                       = true                                      {product} {ergonomic}
   size_t SoftMaxHeapSize                          = 2147483648                             {manageable} {ergonomic}
     bool UseCompressedClassPointers               = true                           {product lp64_product} {ergonomic}
     bool UseCompressedOops                        = true                           {product lp64_product} {ergonomic}
     bool UseG1GC                                  = true                                      {product} {ergonomic}
     bool UseNUMA                                  = false                                     {product} {ergonomic}
     bool UseNUMAInterleaving                      = false                                     {product} {ergonomic}

Logging:
Log output configuration:
 #0: stdout all=warning uptime,level,tags
 #1: stderr all=off uptime,level,tags

Environment Variables:
PATH=/usr/local/bin:/usr/bin:/bin:/usr/sbin:/sbin
SHELL=/bin/zsh
LC_CTYPE=zh_TW.UTF-8

Signal Handlers:
   SIGSEGV: _ZL13crash_handleriP9__siginfoPv in libjvm.dylib, mask=11100110000111110111111111111111, flags=SA_RESTART|SA_SIGINFO
    SIGBUS: _ZL13crash_handleriP9__siginfoPv in libjvm.dylib, mask=11100110000111110111111111111111, flags=SA_RESTART|SA_SIGINFO
    SIGFPE: _ZL13crash_handleriP9__siginfoPv in libjvm.dylib, mask=11100110000111110111111111111111, flags=SA_RESTART|SA_SIGINFO
   SIGPIPE: _ZL17javaSignalHandleriP9__siginfoPv in libjvm.dylib, mask=11100110000111110111111111111111, flags=SA_RESTART|SA_SIGINFO
   SIGXFSZ: _ZL17javaSignalHandleriP9__siginfoPv in libjvm.dylib, mask=11100110000111110111111111111111, flags=SA_RESTART|SA_SIGINFO
    SIGILL: _ZL13crash_handleriP9__siginfoPv in libjvm.dylib, mask=11100110000111110111111111111111, flags=SA_RESTART|SA_SIGINFO
   SIGUSR2: _ZL10SR_handleriP9__siginfoP17__darwin_ucontext in libjvm.dylib, mask=00100000000000000000000000000000, flags=SA_RESTART|SA_SIGINFO
    SIGHUP: _ZL11UserHandleriPvS_ in libjvm.dylib, mask=11100110000111110111111111111111, flags=SA_RESTART|SA_SIGINFO
    SIGINT: _ZL11UserHandleriPvS_ in libjvm.dylib, mask=11100110000111110111111111111111, flags=SA_RESTART|SA_SIGINFO
   SIGTERM: _ZL11UserHandleriPvS_ in libjvm.dylib, mask=11100110000111110111111111111111, flags=SA_RESTART|SA_SIGINFO
   SIGQUIT: _ZL11UserHandleriPvS_ in libjvm.dylib, mask=11100110000111110111111111111111, flags=SA_RESTART|SA_SIGINFO
   SIGTRAP: _ZL13crash_handleriP9__siginfoPv in libjvm.dylib, mask=11100110000111110111111111111111, flags=SA_RESTART|SA_SIGINFO


---------------  S Y S T E M  ---------------

OS:
uname: Darwin 21.1.0 Darwin Kernel Version 21.1.0: Wed Oct 13 17:33:24 PDT 2021; root:xnu-8019.41.5~1/RELEASE_ARM64_T8101 arm64
OS uptime: 0 days 0:55 hours
rlimit (soft/hard): STACK 8176k/65520k , CORE 0k/infinity , NPROC 1333/2000 , NOFILE 10240/infinity , AS infinity/infinity , CPU infinity/infinity , DATA infinity/infinity , FSIZE infinity/infinity , MEMLOCK infinity/infinity , RSS infinity/infinity
load average: 2.04 1.42 1.58

CPU: total 8 (initial active 8) 0x61:0x0:0x1b588bb3:0, fp, simd, crc, lse

Memory: 16k page, physical 8388608k(82048k free), swap 0k(0k free)

vm_info: Java HotSpot(TM) 64-Bit Server VM (17.0.1+12-LTS-39) for bsd-aarch64 JRE (17.0.1+12-LTS-39), built on Sep 27 2021 17:38:30 by "mach5one" with clang Apple LLVM 12.0.0 (clang-1200.0.32.29)

END.
