#
# A fatal error has been detected by the Java Runtime Environment:
#
#  SIGBUS (0xa) at pc=0x00000001300014f0, pid=11999, tid=29199
#
# JRE version: Java(TM) SE Runtime Environment (17.0.1+12) (build 17.0.1+12-LTS-39)
# Java VM: Java HotSpot(TM) 64-Bit Server VM (17.0.1+12-LTS-39, mixed mode, sharing, tiered, compressed oops, compressed class ptrs, g1 gc, bsd-aarch64)
# Problematic frame:
# v  ~StubRoutines::SafeFetchN
#
# No core dump will be written. Core dumps have been disabled. To enable core dumping, try "ulimit -c unlimited" before starting Java again
#
# If you would like to submit a bug report, please visit:
#   https://bugreport.java.com/bugreport/crash.jsp
# The crash happened outside the Java Virtual Machine in native code.
# See problematic frame for where to report the bug.
#

---------------  S U M M A R Y ------------

Command Line: -agentlib:jdwp=transport=dt_socket,address=127.0.0.1:57065,suspend=y,server=n -javaagent:/Users/sean/Library/Caches/JetBrains/IdeaIC2021.2/captureAgent/debugger-agent.jar -Dfile.encoding=UTF-8 --module-path=/Users/sean/.m2/repository/org/openjfx/javafx-controls/17.0.0.1/javafx-controls-17.0.0.1-mac-aarch64.jar:/Users/sean/Documents/GitHub/Meal-Ordering-System/FoodOrderingSystem/target/classes:/Users/sean/.m2/repository/org/openjfx/javafx-graphics/17.0.0.1/javafx-graphics-17.0.0.1-mac-aarch64.jar:/Users/sean/.m2/repository/org/openjfx/javafx-fxml/17.0.0.1/javafx-fxml-17.0.0.1-mac-aarch64.jar:/Users/sean/.m2/repository/org/openjfx/javafx-base/17.0.0.1/javafx-base-17.0.0.1-mac-aarch64.jar -Djdk.module.main=com.example.foodorderingsystem com.example.foodorderingsystem/com.example.foodorderingsystem.HelloApplication

Host: "MacBookPro17,1" arm64 1 MHz, 8 cores, 8G, Darwin 21.1.0, macOS 12.0.1 (21A559)
Time: Thu Jan 20 22:24:54 2022 CST elapsed time: 1.697855 seconds (0d 0h 0m 1s)

---------------  T H R E A D  ---------------

Current thread (0x0000000123190a00):  JavaThread "InvokeLaterDispatcher" daemon [_thread_in_native, id=29199, stack(0x000000016fcb0000,0x000000016feb3000)]

Stack: [0x000000016fcb0000,0x000000016feb3000],  sp=0x000000016feb27b0,  free space=2057k
Native frames: (J=compiled Java code, j=interpreted, Vv=VM code, C=native code)
v  ~StubRoutines::SafeFetchN
V  [libjvm.dylib+0x79e208]  _ZN10OopStorage7releaseEPKP7oopDesc+0x20
V  [libjvm.dylib+0x4b8f30]  jni_DeleteGlobalRef+0xc4
C  [libglass.dylib+0xab08]  -[GlassRunnable dealloc]+0x34
C  [Foundation+0x85e0c]  -[_NSThreadPerformInfo dealloc]+0x30
C  [Foundation+0x525e8]  -[NSObject(NSThreadPerformAdditions) performSelectorOnMainThread:withObject:waitUntilDone:]+0x88
C  0xf72680013000bbe0
j  com.sun.glass.ui.mac.MacApplication.submitForLaterInvocation(Ljava/lang/Runnable;)V+2 javafx.graphics
j  com.sun.glass.ui.InvokeLaterDispatcher.run()V+82 javafx.graphics
v  ~StubRoutines::call_stub
V  [libjvm.dylib+0x460588]  _ZN9JavaCalls11call_helperEP9JavaValueRK12methodHandleP17JavaCallArgumentsP10JavaThread+0x38c
V  [libjvm.dylib+0x45f5a4]  _ZN9JavaCalls12call_virtualEP9JavaValueP5KlassP6SymbolS5_P17JavaCallArgumentsP10JavaThread+0x11c
V  [libjvm.dylib+0x45f670]  _ZN9JavaCalls12call_virtualEP9JavaValue6HandleP5KlassP6SymbolS6_P10JavaThread+0x64
V  [libjvm.dylib+0x512ef0]  _ZL12thread_entryP10JavaThreadS0_+0xc4
V  [libjvm.dylib+0x8fc514]  _ZN10JavaThread17thread_main_innerEv+0x134
V  [libjvm.dylib+0x8fae3c]  _ZN6Thread8call_runEv+0x128
V  [libjvm.dylib+0x7a4df0]  _ZL19thread_native_entryP6Thread+0x158
C  [libsystem_pthread.dylib+0x74ec]  _pthread_start+0x94

Java frames: (J=compiled Java code, j=interpreted, Vv=VM code)
j  com.sun.glass.ui.mac.MacApplication._submitForLaterInvocation(Ljava/lang/Runnable;)V+0 javafx.graphics
j  com.sun.glass.ui.mac.MacApplication.submitForLaterInvocation(Ljava/lang/Runnable;)V+2 javafx.graphics
j  com.sun.glass.ui.InvokeLaterDispatcher.run()V+82 javafx.graphics
v  ~StubRoutines::call_stub

siginfo: si_signo: 10 (SIGBUS), si_code: 1 (BUS_ADRALN), si_addr: 0x00000001300014f0

Register to memory mapping:

 x0=0x0000000121608548 points into unknown readable memory: 0x0000000000000000 | 00 00 00 00 00 00 00 00
 x1=0x0 is NULL
 x2=0x0000000787af6e90 is an oop: com.sun.glass.ui.InvokeLaterDispatcher$Future 
{0x0000000787af6e90} - klass: 'com/sun/glass/ui/InvokeLaterDispatcher$Future'
 - ---- fields (total size 3 words):
 - private 'done' 'Z' @12  true
 - private final 'runnable' 'Ljava/lang/Runnable;' @16  a 'com/sun/javafx/tk/quantum/QuantumToolkit$$Lambda$83+0x0000000800c3eb70'{0x0000000784f0e1d8} (f09e1c3b)
 - final synthetic 'this$0' 'Lcom/sun/glass/ui/InvokeLaterDispatcher;' @20  a 'com/sun/glass/ui/InvokeLaterDispatcher'{0x0000000784f0d470} (f09e1a8e)
 x3=0x0 is NULL
 x4=0x00000000000130a8 is an unknown value
 x5=0x0 is NULL
 x6=0x0 is NULL
 x7=0x0 is NULL
 x8=0x00000001300014ec is at begin+0 in a stub
StubRoutines::SafeFetchN [0x00000001300014ec, 0x00000001300014f8] (12 bytes)
 x9=0x0 is NULL
x10=0x2010000030300000 is an unknown value
x11=0x0000000000000007 is an unknown value
x12=0x0 is NULL
x13=0x00006000027f4170 points into unknown readable memory: 0x0000710300000000 | 00 00 00 00 03 71 00 00
x14=0x0000000000000001 is an unknown value
x15=0x00000001114f5f98: OBJC_CLASS_$_GlassRunnable+0 in /Users/sean/.openjfx/cache/17.0.0.1/libglass.dylib at 0x00000001114b0000
x16=0x0000000196734340: pthread_getspecific+0 in /usr/lib/system/libsystem_pthread.dylib at 0x0000000196732000
x17=0x0000600002dc8a20 points into unknown readable memory: 0xfffffffffffffffe | fe ff ff ff ff ff ff ff
x18=0x0 is NULL
x19=0x00006000022f8310 points into unknown readable memory: 0x0000600000be52e0 | e0 52 be 00 00 60 00 00
x20=0x0000000121608340 points into unknown readable memory: 0x00000007ffe023d0 | d0 23 e0 ff 07 00 00 00
x21=0x0000000121608548 points into unknown readable memory: 0x0000000000000000 | 00 00 00 00 00 00 00 00
x22=0x0000000123190a00 is a thread
x23=0x0000000000000001 is an unknown value
x24=0x0000000121608500 is a global jni handle
x25=0x0000000104e5d5d8: _ZN12StubRoutines17_safefetchN_entryE+0 in /Library/Java/JavaVirtualMachines/jdk-17.0.1.jdk/Contents/Home/lib/server/libjvm.dylib at 0x00000001042cc000
x26=0x000000011112bd00 is pointing into metadata
x27=0x0 is NULL
x28=0x0000000123190a00 is a thread


Registers:
 x0=0x0000000121608548  x1=0x0000000000000000  x2=0x0000000787af6e90  x3=0x0000000000000000
 x4=0x00000000000130a8  x5=0x0000000000000000  x6=0x0000000000000000  x7=0x0000000000000000
 x8=0x00000001300014ec  x9=0x0000000000000000 x10=0x2010000030300000 x11=0x0000000000000007
x12=0x0000000000000000 x13=0x00006000027f4170 x14=0x0000000000000001 x15=0x00000001114f5f98
x16=0x0000000196734340 x17=0x0000600002dc8a20 x18=0x0000000000000000 x19=0x00006000022f8310
x20=0x0000000121608340 x21=0x0000000121608548 x22=0x0000000123190a00 x23=0x0000000000000001
x24=0x0000000121608500 x25=0x0000000104e5d5d8 x26=0x000000011112bd00 x27=0x0000000000000000
x28=0x0000000123190a00  fp=0x000000016feb27f0  lr=0x0000000104a68fd8  sp=0x000000016feb27b0
pc=0x00000001300014f0 cpsr=0x0000000060001000
Top of Stack: (sp=0x000000016feb27b0)
0x000000016feb27b0:   000000011112bd00 0000000000000001
0x000000016feb27c0:   000000016feb29a8 0000600000bf0cd0
0x000000016feb27d0:   0000000000000000 0000000121608518
0x000000016feb27e0:   0000000121608518 00006000022f8310
0x000000016feb27f0:   000000016feb2830 0000000104a6a208
0x000000016feb2800:   0000000000000001 0000000121608518
0x000000016feb2810:   0000000000000000 0000000121608518
0x000000016feb2820:   0000000000000001 000000012185c800
0x000000016feb2830:   000000016feb2860 0000000104784f30
0x000000016feb2840:   0000600000bf0ba0 00000001e09619f4
0x000000016feb2850:   0000000000000000 0000600000bf0ba0
0x000000016feb2860:   000000016feb2890 00000001114bab08
0x000000016feb2870:   96d2971cece0001c 0000000000000000
0x000000016feb2880:   0000000000000000 0000600001cfa9c0
0x000000016feb2890:   000000016feb28d0 00000001976fce0c
0x000000016feb28a0:   000000016feb29a8 0000600000bf0cd0
0x000000016feb28b0:   0000600000bf0ba0 96d2971cece0001c
0x000000016feb28c0:   0000000000000000 0000000000000000
0x000000016feb28d0:   000000016feb2910 e81b0001976c95e8
0x000000016feb28e0:   000000016feb29a8 000000013000a500
0x000000016feb28f0:   0000000000000000 0000000104e64f90
0x000000016feb2900:   000000016feb2920 0000000130008cf0
0x000000016feb2910:   000000016feb2980 f72680013000bbe0
0x000000016feb2920:   000000016feb2920 0000000800986475
0x000000016feb2930:   000000016feb2930 0000000000000000
0x000000016feb2940:   000000016feb29a8 000000011112bd00
0x000000016feb2950:   0000000784f00ac8 0000000000000000
0x000000016feb2960:   0000000000000000 0000000111103848
0x000000016feb2970:   0000000000000000 000000016feb2980
0x000000016feb2980:   000000016feb2a00 00000001300066ac
0x000000016feb2990:   0000000000000000 0000000000000000
0x000000016feb29a0:   0000000787af6e90 0000000784f06a50 

Instructions: (pc=0x00000001300014f0)
0x00000001300013f0:   f2a09c49 f2c00029 6d425935 1e640886
0x0000000130001400:   0c402d31 1e6408c7 1f5654d0 1e6c1017
0x0000000130001410:   1f5050d0 1f504cd0 1f5048d0 1e650af6
0x0000000130001420:   1f50d8f6 1f5694d6 1f5158f6 1e762880
0x0000000130001430:   36000501 1e614000 14000026 2e251ca5
0x0000000130001440:   d2943009 f2a09c49 f2c00029 6d425d36
0x0000000130001450:   1e600806 0c402d32 1f5758c7 1e6c101a
0x0000000130001460:   1f4754c7 1e650805 1f4750c7 d2866668
0x0000000130001470:   f2a7fa68 1f474cc7 1e6608c0 1f4748c7
0x0000000130001480:   1e6e1019 eb08007f 540000ac 1f479400
0x0000000130001490:   1f460340 1e603b20 1400000e d2a7fd29
0x00000001300014a0:   eb09007f 540000ac 51480069 d3607d29
0x00000001300014b0:   9e670121 14000002 1e6a5001 1f679417
0x00000001300014c0:   1f668742 1e613b23 1e773857 1e773860
0x00000001300014d0:   a8c17ff3 910003bf a8c17bfd d65f03c0
0x00000001300014e0:   b9400001 aa0103e0 d65f03c0 f9400001
0x00000001300014f0:   aa0103e0 d65f03c0 00000000 00000000
0x0000000130001500:   00000000 00000000 00000000 00000000
0x0000000130001510:   00000000 00000000 00000000 00000000
0x0000000130001520:   00000000 00000000 00000000 00000000
0x0000000130001530:   00000000 00000000 00000000 00000000
0x0000000130001540:   00000000 00000000 00000000 00000000
0x0000000130001550:   00000000 00000000 00000000 00000000
0x0000000130001560:   00000000 00000000 00000000 00000000
0x0000000130001570:   00000000 00000000 00000000 00000000
0x0000000130001580:   00000000 00000000 00000000 00000000
0x0000000130001590:   00000000 00000000 00000000 00000000
0x00000001300015a0:   00000000 00000000 00000000 00000000
0x00000001300015b0:   00000000 00000000 00000000 00000000
0x00000001300015c0:   00000000 00000000 00000000 00000000
0x00000001300015d0:   00000000 00000000 00000000 00000000
0x00000001300015e0:   00000000 00000000 00000000 00000000 


Stack slot to memory mapping:
stack at sp + 0 slots: 0x000000011112bd00 is pointing into metadata
stack at sp + 1 slots: 0x0000000000000001 is an unknown value
stack at sp + 2 slots: 0x000000016feb29a8 is pointing into the stack for thread: 0x0000000123190a00
stack at sp + 3 slots: 0x0000600000bf0cd0 points into unknown readable memory: 0x01000001ef416081 | 81 60 41 ef 01 00 00 01
stack at sp + 4 slots: 0x0 is NULL
stack at sp + 5 slots: 0x0000000121608518 is a global jni handle
stack at sp + 6 slots: 0x0000000121608518 is a global jni handle
stack at sp + 7 slots: 0x00006000022f8310 points into unknown readable memory: 0x0000600000be52e0 | e0 52 be 00 00 60 00 00

StubRoutines::SafeFetchN [0x00000001300014ec, 0x00000001300014f8] (12 bytes)
[MachCode]
  0x00000001300014ec: 0100 40f9 | e003 01aa | c003 5fd6 
[/MachCode]

---------------  P R O C E S S  ---------------

Threads class SMR info:
_java_thread_list=0x00006000009ffea0, length=21, elements={
0x000000012200d400, 0x0000000114008200, 0x000000011400aa00, 0x0000000122035600,
0x0000000122034400, 0x0000000122038400, 0x0000000122038a00, 0x0000000122039000,
0x0000000122041600, 0x000000012180e400, 0x0000000117811200, 0x0000000117810200,
0x0000000117012200, 0x000000012181da00, 0x000000012181e000, 0x0000000123190a00,
0x000000012185c800, 0x0000000114249600, 0x0000000121970000, 0x0000000123173800,
0x0000000127072600
}

Java Threads: ( => current thread )
  0x000000012200d400 JavaThread "main" [_thread_blocked, id=6403, stack(0x000000016ce90000,0x000000016d093000)]
  0x0000000114008200 JavaThread "Reference Handler" daemon [_thread_blocked, id=14851, stack(0x000000016dce4000,0x000000016dee7000)]
  0x000000011400aa00 JavaThread "Finalizer" daemon [_thread_blocked, id=15875, stack(0x000000016def0000,0x000000016e0f3000)]
  0x0000000122035600 JavaThread "Signal Dispatcher" daemon [_thread_blocked, id=42499, stack(0x000000016e214000,0x000000016e417000)]
  0x0000000122034400 JavaThread "Service Thread" daemon [_thread_blocked, id=23299, stack(0x000000016e420000,0x000000016e623000)]
  0x0000000122038400 JavaThread "Monitor Deflation Thread" daemon [_thread_blocked, id=23811, stack(0x000000016e62c000,0x000000016e82f000)]
  0x0000000122038a00 JavaThread "C2 CompilerThread0" daemon [_thread_blocked, id=41987, stack(0x000000016e838000,0x000000016ea3b000)]
  0x0000000122039000 JavaThread "C1 CompilerThread0" daemon [_thread_blocked, id=24323, stack(0x000000016ea44000,0x000000016ec47000)]
  0x0000000122041600 JavaThread "Sweeper thread" daemon [_thread_blocked, id=41475, stack(0x000000016ec50000,0x000000016ee53000)]
  0x000000012180e400 JavaThread "Common-Cleaner" daemon [_thread_blocked, id=40963, stack(0x000000016ee5c000,0x000000016f05f000)]
  0x0000000117811200 JavaThread "JDWP Transport Listener: dt_socket" daemon [_thread_blocked, id=40455, stack(0x000000016f068000,0x000000016f26b000)]
  0x0000000117810200 JavaThread "JDWP Event Helper Thread" daemon [_thread_blocked, id=24579, stack(0x000000016f274000,0x000000016f477000)]
  0x0000000117012200 JavaThread "JDWP Command Reader" daemon [_thread_in_native, id=39939, stack(0x000000016f480000,0x000000016f683000)]
  0x000000012181da00 JavaThread "Notification Thread" daemon [_thread_blocked, id=39427, stack(0x000000016f68c000,0x000000016f88f000)]
  0x000000012181e000 JavaThread "QuantumRenderer-0" daemon [_thread_blocked, id=38659, stack(0x000000016faa4000,0x000000016fca7000)]
=>0x0000000123190a00 JavaThread "InvokeLaterDispatcher" daemon [_thread_in_native, id=29199, stack(0x000000016fcb0000,0x000000016feb3000)]
  0x000000012185c800 JavaThread "JavaFX Application Thread" [_thread_in_vm, id=259, stack(0x000000016c608000,0x000000016ce04000)]
  0x0000000114249600 JavaThread "PulseTimer-CVDisplayLink thread" daemon [_thread_in_native, id=76811, stack(0x000000016febc000,0x000000016ff3f000)]
  0x0000000121970000 JavaThread "JavaFX-Launcher" [_thread_blocked, id=73751, stack(0x00000001701e0000,0x00000001703e3000)]
  0x0000000123173800 JavaThread "Prism Font Disposer" daemon [_thread_blocked, id=58371, stack(0x0000000175a28000,0x0000000175c2b000)]
  0x0000000127072600 JavaThread "Cleaner-0" daemon [_thread_blocked, id=87823, stack(0x000000017604c000,0x000000017624f000)]

Other Threads:
  0x0000000111704550 VMThread "VM Thread" [stack: 0x000000016dad8000,0x000000016dcdb000] [id=14595]
  0x0000000110a041c0 WatcherThread [stack: 0x000000016f898000,0x000000016fa9b000] [id=25091]
  0x0000000122806740 GCTaskThread "GC Thread#0" [stack: 0x000000016d09c000,0x000000016d29f000] [id=19203]
  0x0000000122841050 GCTaskThread "GC Thread#1" [stack: 0x00000001703ec000,0x00000001705ef000] [id=73479]
  0x0000000122841300 GCTaskThread "GC Thread#2" [stack: 0x00000001705f8000,0x00000001707fb000] [id=69891]
  0x0000000122940720 GCTaskThread "GC Thread#3" [stack: 0x0000000170804000,0x0000000170a07000] [id=69379]
  0x0000000122941000 GCTaskThread "GC Thread#4" [stack: 0x0000000170a10000,0x0000000170c13000] [id=69123]
  0x0000000122941870 GCTaskThread "GC Thread#5" [stack: 0x0000000170c1c000,0x0000000170e1f000] [id=68867]
  0x00000001228419c0 GCTaskThread "GC Thread#6" [stack: 0x0000000170e28000,0x000000017102b000] [id=68611]
  0x0000000122841e40 GCTaskThread "GC Thread#7" [stack: 0x0000000171034000,0x0000000171237000] [id=68355]
  0x0000000122904a40 ConcurrentGCThread "G1 Main Marker" [stack: 0x000000016d2a8000,0x000000016d4ab000] [id=11779]
  0x00000001229052c0 ConcurrentGCThread "G1 Conc#0" [stack: 0x000000016d4b4000,0x000000016d6b7000] [id=18179]
  0x0000000122907130 ConcurrentGCThread "G1 Refine#0" [stack: 0x000000016d6c0000,0x000000016d8c3000] [id=17923]
  0x000000012287ac60 ConcurrentGCThread "G1 Refine#1" [stack: 0x0000000175c34000,0x0000000175e37000] [id=89859]
  0x00000001217083e0 ConcurrentGCThread "G1 Refine#2" [stack: 0x0000000175e40000,0x0000000176043000] [id=171779]
  0x00000001229079d0 ConcurrentGCThread "G1 Service" [stack: 0x000000016d8cc000,0x000000016dacf000] [id=13059]

Threads with active compile tasks:

VM state: not at safepoint (normal execution)

VM Mutex/Monitor currently owned by a thread: None

Heap address: 0x0000000780000000, size: 2048 MB, Compressed Oops mode: Zero based, Oop shift amount: 3

CDS archive(s) mapped at: [0x0000000800000000-0x0000000800bd4000-0x0000000800bd4000), size 12402688, SharedBaseAddress: 0x0000000800000000, ArchiveRelocationMode: 0.
Compressed class space mapped at: 0x0000000800c00000-0x0000000840c00000, reserved size: 1073741824
Narrow klass base: 0x0000000800000000, Narrow klass shift: 0, Narrow klass range: 0x100000000

GC Precious Log:
 CPUs: 8 total, 8 available
 Memory: 8192M
 Large Page Support: Disabled
 NUMA Support: Disabled
 Compressed Oops: Enabled (Zero based)
 Heap Region Size: 1M
 Heap Min Capacity: 8M
 Heap Initial Capacity: 128M
 Heap Max Capacity: 2G
 Pre-touch: Disabled
 Parallel Workers: 8
 Concurrent Workers: 2
 Concurrent Refinement Workers: 8
 Periodic GC: Disabled

Heap:
 garbage-first heap   total 133120K, used 17213K [0x0000000780000000, 0x0000000800000000)
  region size 1024K, 13 young (13312K), 6 survivors (6144K)
 Metaspace       used 16638K, committed 16896K, reserved 1064960K
  class space    used 2497K, committed 2624K, reserved 1048576K

Heap Regions: E=young(eden), S=young(survivor), O=old, HS=humongous(starts), HC=humongous(continues), CS=collection set, F=free, OA=open archive, CA=closed archive, TAMS=top-at-mark-start (previous, next)
|   0|0x0000000780000000, 0x0000000780100000, 0x0000000780100000|100%| O|  |TAMS 0x0000000780000000, 0x0000000780000000| Untracked 
|   1|0x0000000780100000, 0x00000007801d7600, 0x0000000780200000| 84%| O|  |TAMS 0x0000000780100000, 0x0000000780100000| Untracked 
|   2|0x0000000780200000, 0x0000000780300000, 0x0000000780300000|100%|HS|  |TAMS 0x0000000780200000, 0x0000000780200000| Complete 
|   3|0x0000000780300000, 0x0000000780400000, 0x0000000780400000|100%|HC|  |TAMS 0x0000000780300000, 0x0000000780300000| Complete 
|   4|0x0000000780400000, 0x0000000780400000, 0x0000000780500000|  0%| F|  |TAMS 0x0000000780400000, 0x0000000780400000| Untracked 
|   5|0x0000000780500000, 0x0000000780500000, 0x0000000780600000|  0%| F|  |TAMS 0x0000000780500000, 0x0000000780500000| Untracked 
|   6|0x0000000780600000, 0x0000000780600000, 0x0000000780700000|  0%| F|  |TAMS 0x0000000780600000, 0x0000000780600000| Untracked 
|   7|0x0000000780700000, 0x0000000780700000, 0x0000000780800000|  0%| F|  |TAMS 0x0000000780700000, 0x0000000780700000| Untracked 
|   8|0x0000000780800000, 0x0000000780800000, 0x0000000780900000|  0%| F|  |TAMS 0x0000000780800000, 0x0000000780800000| Untracked 
|   9|0x0000000780900000, 0x0000000780900000, 0x0000000780a00000|  0%| F|  |TAMS 0x0000000780900000, 0x0000000780900000| Untracked 
|  10|0x0000000780a00000, 0x0000000780a00000, 0x0000000780b00000|  0%| F|  |TAMS 0x0000000780a00000, 0x0000000780a00000| Untracked 
|  11|0x0000000780b00000, 0x0000000780b00000, 0x0000000780c00000|  0%| F|  |TAMS 0x0000000780b00000, 0x0000000780b00000| Untracked 
|  12|0x0000000780c00000, 0x0000000780c00000, 0x0000000780d00000|  0%| F|  |TAMS 0x0000000780c00000, 0x0000000780c00000| Untracked 
|  13|0x0000000780d00000, 0x0000000780d00000, 0x0000000780e00000|  0%| F|  |TAMS 0x0000000780d00000, 0x0000000780d00000| Untracked 
|  14|0x0000000780e00000, 0x0000000780e00000, 0x0000000780f00000|  0%| F|  |TAMS 0x0000000780e00000, 0x0000000780e00000| Untracked 
|  15|0x0000000780f00000, 0x0000000780f00000, 0x0000000781000000|  0%| F|  |TAMS 0x0000000780f00000, 0x0000000780f00000| Untracked 
|  16|0x0000000781000000, 0x0000000781000000, 0x0000000781100000|  0%| F|  |TAMS 0x0000000781000000, 0x0000000781000000| Untracked 
|  17|0x0000000781100000, 0x0000000781100000, 0x0000000781200000|  0%| F|  |TAMS 0x0000000781100000, 0x0000000781100000| Untracked 
|  18|0x0000000781200000, 0x0000000781200000, 0x0000000781300000|  0%| F|  |TAMS 0x0000000781200000, 0x0000000781200000| Untracked 
|  19|0x0000000781300000, 0x0000000781300000, 0x0000000781400000|  0%| F|  |TAMS 0x0000000781300000, 0x0000000781300000| Untracked 
|  20|0x0000000781400000, 0x0000000781400000, 0x0000000781500000|  0%| F|  |TAMS 0x0000000781400000, 0x0000000781400000| Untracked 
|  21|0x0000000781500000, 0x0000000781500000, 0x0000000781600000|  0%| F|  |TAMS 0x0000000781500000, 0x0000000781500000| Untracked 
|  22|0x0000000781600000, 0x0000000781600000, 0x0000000781700000|  0%| F|  |TAMS 0x0000000781600000, 0x0000000781600000| Untracked 
|  23|0x0000000781700000, 0x0000000781700000, 0x0000000781800000|  0%| F|  |TAMS 0x0000000781700000, 0x0000000781700000| Untracked 
|  24|0x0000000781800000, 0x0000000781800000, 0x0000000781900000|  0%| F|  |TAMS 0x0000000781800000, 0x0000000781800000| Untracked 
|  25|0x0000000781900000, 0x0000000781900000, 0x0000000781a00000|  0%| F|  |TAMS 0x0000000781900000, 0x0000000781900000| Untracked 
|  26|0x0000000781a00000, 0x0000000781a00000, 0x0000000781b00000|  0%| F|  |TAMS 0x0000000781a00000, 0x0000000781a00000| Untracked 
|  27|0x0000000781b00000, 0x0000000781b00000, 0x0000000781c00000|  0%| F|  |TAMS 0x0000000781b00000, 0x0000000781b00000| Untracked 
|  28|0x0000000781c00000, 0x0000000781c00000, 0x0000000781d00000|  0%| F|  |TAMS 0x0000000781c00000, 0x0000000781c00000| Untracked 
|  29|0x0000000781d00000, 0x0000000781d00000, 0x0000000781e00000|  0%| F|  |TAMS 0x0000000781d00000, 0x0000000781d00000| Untracked 
|  30|0x0000000781e00000, 0x0000000781e00000, 0x0000000781f00000|  0%| F|  |TAMS 0x0000000781e00000, 0x0000000781e00000| Untracked 
|  31|0x0000000781f00000, 0x0000000781f00000, 0x0000000782000000|  0%| F|  |TAMS 0x0000000781f00000, 0x0000000781f00000| Untracked 
|  32|0x0000000782000000, 0x0000000782000000, 0x0000000782100000|  0%| F|  |TAMS 0x0000000782000000, 0x0000000782000000| Untracked 
|  33|0x0000000782100000, 0x0000000782100000, 0x0000000782200000|  0%| F|  |TAMS 0x0000000782100000, 0x0000000782100000| Untracked 
|  34|0x0000000782200000, 0x0000000782200000, 0x0000000782300000|  0%| F|  |TAMS 0x0000000782200000, 0x0000000782200000| Untracked 
|  35|0x0000000782300000, 0x0000000782300000, 0x0000000782400000|  0%| F|  |TAMS 0x0000000782300000, 0x0000000782300000| Untracked 
|  36|0x0000000782400000, 0x0000000782400000, 0x0000000782500000|  0%| F|  |TAMS 0x0000000782400000, 0x0000000782400000| Untracked 
|  37|0x0000000782500000, 0x0000000782500000, 0x0000000782600000|  0%| F|  |TAMS 0x0000000782500000, 0x0000000782500000| Untracked 
|  38|0x0000000782600000, 0x0000000782600000, 0x0000000782700000|  0%| F|  |TAMS 0x0000000782600000, 0x0000000782600000| Untracked 
|  39|0x0000000782700000, 0x0000000782700000, 0x0000000782800000|  0%| F|  |TAMS 0x0000000782700000, 0x0000000782700000| Untracked 
|  40|0x0000000782800000, 0x0000000782800000, 0x0000000782900000|  0%| F|  |TAMS 0x0000000782800000, 0x0000000782800000| Untracked 
|  41|0x0000000782900000, 0x0000000782900000, 0x0000000782a00000|  0%| F|  |TAMS 0x0000000782900000, 0x0000000782900000| Untracked 
|  42|0x0000000782a00000, 0x0000000782a00000, 0x0000000782b00000|  0%| F|  |TAMS 0x0000000782a00000, 0x0000000782a00000| Untracked 
|  43|0x0000000782b00000, 0x0000000782b00000, 0x0000000782c00000|  0%| F|  |TAMS 0x0000000782b00000, 0x0000000782b00000| Untracked 
|  44|0x0000000782c00000, 0x0000000782c00000, 0x0000000782d00000|  0%| F|  |TAMS 0x0000000782c00000, 0x0000000782c00000| Untracked 
|  45|0x0000000782d00000, 0x0000000782d00000, 0x0000000782e00000|  0%| F|  |TAMS 0x0000000782d00000, 0x0000000782d00000| Untracked 
|  46|0x0000000782e00000, 0x0000000782e00000, 0x0000000782f00000|  0%| F|  |TAMS 0x0000000782e00000, 0x0000000782e00000| Untracked 
|  47|0x0000000782f00000, 0x0000000782f00000, 0x0000000783000000|  0%| F|  |TAMS 0x0000000782f00000, 0x0000000782f00000| Untracked 
|  48|0x0000000783000000, 0x0000000783000000, 0x0000000783100000|  0%| F|  |TAMS 0x0000000783000000, 0x0000000783000000| Untracked 
|  49|0x0000000783100000, 0x0000000783100000, 0x0000000783200000|  0%| F|  |TAMS 0x0000000783100000, 0x0000000783100000| Untracked 
|  50|0x0000000783200000, 0x0000000783200000, 0x0000000783300000|  0%| F|  |TAMS 0x0000000783200000, 0x0000000783200000| Untracked 
|  51|0x0000000783300000, 0x0000000783300000, 0x0000000783400000|  0%| F|  |TAMS 0x0000000783300000, 0x0000000783300000| Untracked 
|  52|0x0000000783400000, 0x0000000783400000, 0x0000000783500000|  0%| F|  |TAMS 0x0000000783400000, 0x0000000783400000| Untracked 
|  53|0x0000000783500000, 0x0000000783500000, 0x0000000783600000|  0%| F|  |TAMS 0x0000000783500000, 0x0000000783500000| Untracked 
|  54|0x0000000783600000, 0x0000000783600000, 0x0000000783700000|  0%| F|  |TAMS 0x0000000783600000, 0x0000000783600000| Untracked 
|  55|0x0000000783700000, 0x0000000783700000, 0x0000000783800000|  0%| F|  |TAMS 0x0000000783700000, 0x0000000783700000| Untracked 
|  56|0x0000000783800000, 0x0000000783800000, 0x0000000783900000|  0%| F|  |TAMS 0x0000000783800000, 0x0000000783800000| Untracked 
|  57|0x0000000783900000, 0x0000000783900000, 0x0000000783a00000|  0%| F|  |TAMS 0x0000000783900000, 0x0000000783900000| Untracked 
|  58|0x0000000783a00000, 0x0000000783a00000, 0x0000000783b00000|  0%| F|  |TAMS 0x0000000783a00000, 0x0000000783a00000| Untracked 
|  59|0x0000000783b00000, 0x0000000783b00000, 0x0000000783c00000|  0%| F|  |TAMS 0x0000000783b00000, 0x0000000783b00000| Untracked 
|  60|0x0000000783c00000, 0x0000000783c00000, 0x0000000783d00000|  0%| F|  |TAMS 0x0000000783c00000, 0x0000000783c00000| Untracked 
|  61|0x0000000783d00000, 0x0000000783d00000, 0x0000000783e00000|  0%| F|  |TAMS 0x0000000783d00000, 0x0000000783d00000| Untracked 
|  62|0x0000000783e00000, 0x0000000783e00000, 0x0000000783f00000|  0%| F|  |TAMS 0x0000000783e00000, 0x0000000783e00000| Untracked 
|  63|0x0000000783f00000, 0x0000000783f00000, 0x0000000784000000|  0%| F|  |TAMS 0x0000000783f00000, 0x0000000783f00000| Untracked 
|  64|0x0000000784000000, 0x0000000784000000, 0x0000000784100000|  0%| F|  |TAMS 0x0000000784000000, 0x0000000784000000| Untracked 
|  65|0x0000000784100000, 0x0000000784100000, 0x0000000784200000|  0%| F|  |TAMS 0x0000000784100000, 0x0000000784100000| Untracked 
|  66|0x0000000784200000, 0x0000000784200000, 0x0000000784300000|  0%| F|  |TAMS 0x0000000784200000, 0x0000000784200000| Untracked 
|  67|0x0000000784300000, 0x0000000784300000, 0x0000000784400000|  0%| F|  |TAMS 0x0000000784300000, 0x0000000784300000| Untracked 
|  68|0x0000000784400000, 0x0000000784400000, 0x0000000784500000|  0%| F|  |TAMS 0x0000000784400000, 0x0000000784400000| Untracked 
|  69|0x0000000784500000, 0x0000000784500000, 0x0000000784600000|  0%| F|  |TAMS 0x0000000784500000, 0x0000000784500000| Untracked 
|  70|0x0000000784600000, 0x0000000784600000, 0x0000000784700000|  0%| F|  |TAMS 0x0000000784600000, 0x0000000784600000| Untracked 
|  71|0x0000000784700000, 0x0000000784700000, 0x0000000784800000|  0%| F|  |TAMS 0x0000000784700000, 0x0000000784700000| Untracked 
|  72|0x0000000784800000, 0x0000000784800000, 0x0000000784900000|  0%| F|  |TAMS 0x0000000784800000, 0x0000000784800000| Untracked 
|  73|0x0000000784900000, 0x0000000784900000, 0x0000000784a00000|  0%| F|  |TAMS 0x0000000784900000, 0x0000000784900000| Untracked 
|  74|0x0000000784a00000, 0x0000000784b00000, 0x0000000784b00000|100%| S|CS|TAMS 0x0000000784a00000, 0x0000000784a00000| Complete 
|  75|0x0000000784b00000, 0x0000000784c00000, 0x0000000784c00000|100%| S|CS|TAMS 0x0000000784b00000, 0x0000000784b00000| Complete 
|  76|0x0000000784c00000, 0x0000000784d00000, 0x0000000784d00000|100%| S|CS|TAMS 0x0000000784c00000, 0x0000000784c00000| Complete 
|  77|0x0000000784d00000, 0x0000000784e00000, 0x0000000784e00000|100%| S|CS|TAMS 0x0000000784d00000, 0x0000000784d00000| Complete 
|  78|0x0000000784e00000, 0x0000000784f00000, 0x0000000784f00000|100%| S|CS|TAMS 0x0000000784e00000, 0x0000000784e00000| Complete 
|  79|0x0000000784f00000, 0x0000000785000000, 0x0000000785000000|100%| S|CS|TAMS 0x0000000784f00000, 0x0000000784f00000| Complete 
|  80|0x0000000785000000, 0x0000000785000000, 0x0000000785100000|  0%| F|  |TAMS 0x0000000785000000, 0x0000000785000000| Untracked 
|  81|0x0000000785100000, 0x0000000785100000, 0x0000000785200000|  0%| F|  |TAMS 0x0000000785100000, 0x0000000785100000| Untracked 
|  82|0x0000000785200000, 0x0000000785200000, 0x0000000785300000|  0%| F|  |TAMS 0x0000000785200000, 0x0000000785200000| Untracked 
|  83|0x0000000785300000, 0x0000000785300000, 0x0000000785400000|  0%| F|  |TAMS 0x0000000785300000, 0x0000000785300000| Untracked 
|  84|0x0000000785400000, 0x0000000785400000, 0x0000000785500000|  0%| F|  |TAMS 0x0000000785400000, 0x0000000785400000| Untracked 
|  85|0x0000000785500000, 0x0000000785500000, 0x0000000785600000|  0%| F|  |TAMS 0x0000000785500000, 0x0000000785500000| Untracked 
|  86|0x0000000785600000, 0x0000000785600000, 0x0000000785700000|  0%| F|  |TAMS 0x0000000785600000, 0x0000000785600000| Untracked 
|  87|0x0000000785700000, 0x0000000785700000, 0x0000000785800000|  0%| F|  |TAMS 0x0000000785700000, 0x0000000785700000| Untracked 
|  88|0x0000000785800000, 0x0000000785800000, 0x0000000785900000|  0%| F|  |TAMS 0x0000000785800000, 0x0000000785800000| Untracked 
|  89|0x0000000785900000, 0x0000000785900000, 0x0000000785a00000|  0%| F|  |TAMS 0x0000000785900000, 0x0000000785900000| Untracked 
|  90|0x0000000785a00000, 0x0000000785a00000, 0x0000000785b00000|  0%| F|  |TAMS 0x0000000785a00000, 0x0000000785a00000| Untracked 
|  91|0x0000000785b00000, 0x0000000785b00000, 0x0000000785c00000|  0%| F|  |TAMS 0x0000000785b00000, 0x0000000785b00000| Untracked 
|  92|0x0000000785c00000, 0x0000000785c00000, 0x0000000785d00000|  0%| F|  |TAMS 0x0000000785c00000, 0x0000000785c00000| Untracked 
|  93|0x0000000785d00000, 0x0000000785d00000, 0x0000000785e00000|  0%| F|  |TAMS 0x0000000785d00000, 0x0000000785d00000| Untracked 
|  94|0x0000000785e00000, 0x0000000785e00000, 0x0000000785f00000|  0%| F|  |TAMS 0x0000000785e00000, 0x0000000785e00000| Untracked 
|  95|0x0000000785f00000, 0x0000000785f00000, 0x0000000786000000|  0%| F|  |TAMS 0x0000000785f00000, 0x0000000785f00000| Untracked 
|  96|0x0000000786000000, 0x0000000786000000, 0x0000000786100000|  0%| F|  |TAMS 0x0000000786000000, 0x0000000786000000| Untracked 
|  97|0x0000000786100000, 0x0000000786100000, 0x0000000786200000|  0%| F|  |TAMS 0x0000000786100000, 0x0000000786100000| Untracked 
|  98|0x0000000786200000, 0x0000000786200000, 0x0000000786300000|  0%| F|  |TAMS 0x0000000786200000, 0x0000000786200000| Untracked 
|  99|0x0000000786300000, 0x0000000786300000, 0x0000000786400000|  0%| F|  |TAMS 0x0000000786300000, 0x0000000786300000| Untracked 
| 100|0x0000000786400000, 0x0000000786400000, 0x0000000786500000|  0%| F|  |TAMS 0x0000000786400000, 0x0000000786400000| Untracked 
| 101|0x0000000786500000, 0x0000000786500000, 0x0000000786600000|  0%| F|  |TAMS 0x0000000786500000, 0x0000000786500000| Untracked 
| 102|0x0000000786600000, 0x0000000786600000, 0x0000000786700000|  0%| F|  |TAMS 0x0000000786600000, 0x0000000786600000| Untracked 
| 103|0x0000000786700000, 0x0000000786700000, 0x0000000786800000|  0%| F|  |TAMS 0x0000000786700000, 0x0000000786700000| Untracked 
| 104|0x0000000786800000, 0x0000000786800000, 0x0000000786900000|  0%| F|  |TAMS 0x0000000786800000, 0x0000000786800000| Untracked 
| 105|0x0000000786900000, 0x0000000786900000, 0x0000000786a00000|  0%| F|  |TAMS 0x0000000786900000, 0x0000000786900000| Untracked 
| 106|0x0000000786a00000, 0x0000000786a00000, 0x0000000786b00000|  0%| F|  |TAMS 0x0000000786a00000, 0x0000000786a00000| Untracked 
| 107|0x0000000786b00000, 0x0000000786b00000, 0x0000000786c00000|  0%| F|  |TAMS 0x0000000786b00000, 0x0000000786b00000| Untracked 
| 108|0x0000000786c00000, 0x0000000786c00000, 0x0000000786d00000|  0%| F|  |TAMS 0x0000000786c00000, 0x0000000786c00000| Untracked 
| 109|0x0000000786d00000, 0x0000000786d00000, 0x0000000786e00000|  0%| F|  |TAMS 0x0000000786d00000, 0x0000000786d00000| Untracked 
| 110|0x0000000786e00000, 0x0000000786e00000, 0x0000000786f00000|  0%| F|  |TAMS 0x0000000786e00000, 0x0000000786e00000| Untracked 
| 111|0x0000000786f00000, 0x0000000786f00000, 0x0000000787000000|  0%| F|  |TAMS 0x0000000786f00000, 0x0000000786f00000| Untracked 
| 112|0x0000000787000000, 0x0000000787000000, 0x0000000787100000|  0%| F|  |TAMS 0x0000000787000000, 0x0000000787000000| Untracked 
| 113|0x0000000787100000, 0x0000000787100000, 0x0000000787200000|  0%| F|  |TAMS 0x0000000787100000, 0x0000000787100000| Untracked 
| 114|0x0000000787200000, 0x0000000787200000, 0x0000000787300000|  0%| F|  |TAMS 0x0000000787200000, 0x0000000787200000| Untracked 
| 115|0x0000000787300000, 0x0000000787300000, 0x0000000787400000|  0%| F|  |TAMS 0x0000000787300000, 0x0000000787300000| Untracked 
| 116|0x0000000787400000, 0x0000000787400000, 0x0000000787500000|  0%| F|  |TAMS 0x0000000787400000, 0x0000000787400000| Untracked 
| 117|0x0000000787500000, 0x0000000787500000, 0x0000000787600000|  0%| F|  |TAMS 0x0000000787500000, 0x0000000787500000| Untracked 
| 118|0x0000000787600000, 0x0000000787600000, 0x0000000787700000|  0%| F|  |TAMS 0x0000000787600000, 0x0000000787600000| Untracked 
| 119|0x0000000787700000, 0x0000000787700000, 0x0000000787800000|  0%| F|  |TAMS 0x0000000787700000, 0x0000000787700000| Untracked 
| 120|0x0000000787800000, 0x0000000787800000, 0x0000000787900000|  0%| F|  |TAMS 0x0000000787800000, 0x0000000787800000| Untracked 
| 121|0x0000000787900000, 0x0000000787980800, 0x0000000787a00000| 50%| E|  |TAMS 0x0000000787900000, 0x0000000787900000| Complete 
| 122|0x0000000787a00000, 0x0000000787b00000, 0x0000000787b00000|100%| E|CS|TAMS 0x0000000787a00000, 0x0000000787a00000| Complete 
| 123|0x0000000787b00000, 0x0000000787c00000, 0x0000000787c00000|100%| E|CS|TAMS 0x0000000787b00000, 0x0000000787b00000| Complete 
| 124|0x0000000787c00000, 0x0000000787d00000, 0x0000000787d00000|100%| E|CS|TAMS 0x0000000787c00000, 0x0000000787c00000| Complete 
| 125|0x0000000787d00000, 0x0000000787e00000, 0x0000000787e00000|100%| E|CS|TAMS 0x0000000787d00000, 0x0000000787d00000| Complete 
| 126|0x0000000787e00000, 0x0000000787f00000, 0x0000000787f00000|100%| E|CS|TAMS 0x0000000787e00000, 0x0000000787e00000| Complete 
| 127|0x0000000787f00000, 0x0000000788000000, 0x0000000788000000|100%| E|CS|TAMS 0x0000000787f00000, 0x0000000787f00000| Complete 
|2046|0x00000007ffe00000, 0x00000007ffe78000, 0x00000007fff00000| 46%|OA|  |TAMS 0x00000007ffe00000, 0x00000007ffe00000| Untracked 
|2047|0x00000007fff00000, 0x00000007fff80000, 0x0000000800000000| 50%|CA|  |TAMS 0x00000007fff00000, 0x00000007fff00000| Untracked 

Card table byte_map: [0x00000001039b8000,0x0000000103db8000] _byte_map_base: 0x00000000ffdb8000

Marking Bits (Prev, Next): (CMBitMap*) 0x0000000123008810, (CMBitMap*) 0x0000000123008850
 Prev Bits: [0x000000010c930000, 0x000000010e930000)
 Next Bits: [0x000000010e930000, 0x0000000110930000)

Polling page: 0x0000000103180000

Metaspace:

Usage:
  Non-class:     13.81 MB used.
      Class:      2.44 MB used.
       Both:     16.25 MB used.

Virtual space:
  Non-class space:       16.00 MB reserved,      13.94 MB ( 87%) committed,  2 nodes.
      Class space:        1.00 GB reserved,       2.56 MB ( <1%) committed,  1 nodes.
             Both:        1.02 GB reserved,      16.50 MB (  2%) committed. 

Chunk freelists:
   Non-Class:  1.91 MB
       Class:  1.39 MB
        Both:  3.30 MB

MaxMetaspaceSize: unlimited
CompressedClassSpaceSize: 1.00 GB
Initial GC threshold: 21.00 MB
Current GC threshold: 21.00 MB
CDS: on
MetaspaceReclaimPolicy: balanced
 - commit_granule_bytes: 65536.
 - commit_granule_words: 8192.
 - virtual_space_node_default_size: 1048576.
 - enlarge_chunks_in_place: 1.
 - new_chunks_are_fully_committed: 0.
 - uncommit_free_chunks: 1.
 - use_allocation_guard: 0.
 - handle_deallocations: 1.


Internal statistics:

num_allocs_failed_limit: 0.
num_arena_births: 214.
num_arena_deaths: 0.
num_vsnodes_births: 3.
num_vsnodes_deaths: 0.
num_space_committed: 264.
num_space_uncommitted: 0.
num_chunks_returned_to_freelist: 0.
num_chunks_taken_from_freelist: 772.
num_chunk_merges: 0.
num_chunk_splits: 528.
num_chunks_enlarged: 414.
num_purges: 0.
num_inconsistent_stats: 0.

CodeHeap 'non-profiled nmethods': size=120032Kb used=954Kb max_used=954Kb free=119077Kb
 bounds [0x0000000137ac8000, 0x0000000137d38000, 0x000000013f000000]
CodeHeap 'profiled nmethods': size=120016Kb used=5310Kb max_used=5310Kb free=114705Kb
 bounds [0x0000000130594000, 0x0000000130ac4000, 0x0000000137ac8000]
CodeHeap 'non-nmethods': size=5712Kb used=1415Kb max_used=1520Kb free=4297Kb
 bounds [0x0000000130000000, 0x0000000130270000, 0x0000000130594000]
 total_blobs=3304 nmethods=2534 adapters=686
 compilation: enabled
              stopped_count=0, restarted_count=0
 full_count=0

Compilation events (20 events):
Event: 1.295 Thread 0x0000000122039000 2594       1       com.sun.prism.paint.Gradient::getGradientOffset (5 bytes)
Event: 1.295 Thread 0x0000000122039000 nmethod 2594 0x0000000137bb5b90 code [0x0000000137bb5d00, 0x0000000137bb5de8]
Event: 1.394 Thread 0x0000000122039000 2595  s    3       java.lang.Throwable::fillInStackTrace (29 bytes)
Event: 1.394 Thread 0x0000000122039000 nmethod 2595 0x0000000130ac1390 code [0x0000000130ac1540, 0x0000000130ac1898]
Event: 1.427 Thread 0x0000000122039000 2597       1       java.util.WeakHashMap$Entry::getValue (5 bytes)
Event: 1.427 Thread 0x0000000122039000 nmethod 2597 0x0000000137bb6290 code [0x0000000137bb6400, 0x0000000137bb64e8]
Event: 1.444 Thread 0x0000000122039000 2598       3       java.util.WeakHashMap::isEmpty (13 bytes)
Event: 1.444 Thread 0x0000000122039000 nmethod 2598 0x0000000130ac1990 code [0x0000000130ac1b40, 0x0000000130ac1dd8]
Event: 1.444 Thread 0x0000000122039000 2599       3       java.util.WeakHashMap$Entry::getKey (8 bytes)
Event: 1.445 Thread 0x0000000122039000 nmethod 2599 0x0000000130ac1f10 code [0x0000000130ac20c0, 0x0000000130ac2368]
Event: 1.445 Thread 0x0000000122039000 2600       3       java.util.WeakHashMap::unmaskNull (13 bytes)
Event: 1.445 Thread 0x0000000122039000 nmethod 2600 0x0000000130ac2490 code [0x0000000130ac2640, 0x0000000130ac27a8]
Event: 1.511 Thread 0x0000000122039000 2601       3       java.util.WeakHashMap$HashIterator::<init> (41 bytes)
Event: 1.511 Thread 0x0000000122039000 nmethod 2601 0x0000000130ac2890 code [0x0000000130ac2a80, 0x0000000130ac2ed8]
Event: 1.577 Thread 0x0000000122039000 2602       3       java.lang.ref.ReferenceQueue::<init> (21 bytes)
Event: 1.578 Thread 0x0000000122039000 nmethod 2602 0x0000000130ac3090 code [0x0000000130ac3240, 0x0000000130ac3568]
Event: 1.578 Thread 0x0000000122039000 2603       3       java.lang.ref.ReferenceQueue$Lock::<init> (5 bytes)
Event: 1.578 Thread 0x0000000122039000 nmethod 2603 0x0000000130ac3690 code [0x0000000130ac3840, 0x0000000130ac39e8]
Event: 1.627 Thread 0x0000000122039000 2604       1       com.sun.scenario.animation.AnimationPulse::getEnabled (5 bytes)
Event: 1.627 Thread 0x0000000122039000 nmethod 2604 0x0000000137bb6590 code [0x0000000137bb6700, 0x0000000137bb67e8]

GC Heap History (4 events):
Event: 0.365 GC heap before
{Heap before GC invocations=0 (full 0):
 garbage-first heap   total 133120K, used 23520K [0x0000000780000000, 0x0000000800000000)
  region size 1024K, 23 young (23552K), 0 survivors (0K)
 Metaspace       used 6272K, committed 6464K, reserved 1056768K
  class space    used 746K, committed 832K, reserved 1048576K
}
Event: 0.366 GC heap after
{Heap after GC invocations=1 (full 0):
 garbage-first heap   total 133120K, used 4224K [0x0000000780000000, 0x0000000800000000)
  region size 1024K, 3 young (3072K), 3 survivors (3072K)
 Metaspace       used 6272K, committed 6464K, reserved 1056768K
  class space    used 746K, committed 832K, reserved 1048576K
}
Event: 0.812 GC heap before
{Heap before GC invocations=1 (full 0):
 garbage-first heap   total 133120K, used 50304K [0x0000000780000000, 0x0000000800000000)
  region size 1024K, 48 young (49152K), 3 survivors (3072K)
 Metaspace       used 15344K, committed 15552K, reserved 1064960K
  class space    used 2365K, committed 2432K, reserved 1048576K
}
Event: 0.817 GC heap after
{Heap after GC invocations=2 (full 0):
 garbage-first heap   total 133120K, used 9021K [0x0000000780000000, 0x0000000800000000)
  region size 1024K, 6 young (6144K), 6 survivors (6144K)
 Metaspace       used 15344K, committed 15552K, reserved 1064960K
  class space    used 2365K, committed 2432K, reserved 1048576K
}

Deoptimization events (20 events):
Event: 0.931 Thread 0x000000012181e000 DEOPT PACKING pc=0x0000000130a2aed4 sp=0x000000016fca4920
Event: 0.931 Thread 0x000000012181e000 DEOPT UNPACKING pc=0x000000013003eb7c sp=0x000000016fca45a0 mode 0
Event: 0.931 Thread 0x000000012181e000 DEOPT PACKING pc=0x0000000130a2aed4 sp=0x000000016fca4820
Event: 0.931 Thread 0x000000012181e000 DEOPT UNPACKING pc=0x000000013003eb7c sp=0x000000016fca44a0 mode 0
Event: 0.931 Thread 0x000000012181e000 DEOPT PACKING pc=0x0000000130a2aed4 sp=0x000000016fca4520
Event: 0.931 Thread 0x000000012181e000 DEOPT UNPACKING pc=0x000000013003eb7c sp=0x000000016fca41a0 mode 0
Event: 0.931 Thread 0x000000012181e000 DEOPT PACKING pc=0x0000000130a2aed4 sp=0x000000016fca4820
Event: 0.931 Thread 0x000000012181e000 DEOPT UNPACKING pc=0x000000013003eb7c sp=0x000000016fca44a0 mode 0
Event: 0.931 Thread 0x000000012181e000 DEOPT PACKING pc=0x0000000130a2aed4 sp=0x000000016fca4820
Event: 0.931 Thread 0x000000012181e000 DEOPT UNPACKING pc=0x000000013003eb7c sp=0x000000016fca44a0 mode 0
Event: 0.932 Thread 0x000000012181e000 DEOPT PACKING pc=0x0000000130a2aed4 sp=0x000000016fca4920
Event: 0.932 Thread 0x000000012181e000 DEOPT UNPACKING pc=0x000000013003eb7c sp=0x000000016fca45a0 mode 0
Event: 0.932 Thread 0x000000012181e000 DEOPT PACKING pc=0x0000000130a2aed4 sp=0x000000016fca4820
Event: 0.932 Thread 0x000000012181e000 DEOPT UNPACKING pc=0x000000013003eb7c sp=0x000000016fca44a0 mode 0
Event: 0.932 Thread 0x000000012181e000 DEOPT PACKING pc=0x0000000130a2aed4 sp=0x000000016fca4520
Event: 0.932 Thread 0x000000012181e000 DEOPT UNPACKING pc=0x000000013003eb7c sp=0x000000016fca41a0 mode 0
Event: 0.933 Thread 0x000000012181e000 DEOPT PACKING pc=0x0000000130a2ade8 sp=0x000000016fca4920
Event: 0.933 Thread 0x000000012181e000 DEOPT UNPACKING pc=0x000000013003eb7c sp=0x000000016fca45a0 mode 0
Event: 0.934 Thread 0x000000012181e000 DEOPT PACKING pc=0x0000000130a23640 sp=0x000000016fca4920
Event: 0.934 Thread 0x000000012181e000 DEOPT UNPACKING pc=0x000000013003eb7c sp=0x000000016fca44f0 mode 0

Classes unloaded (0 events):
No events

Classes redefined (0 events):
No events

Internal exceptions (20 events):
Event: 0.563 Thread 0x000000012185c800 Exception <a 'java/lang/NoSuchMethodError'{0x0000000786191af0}: 'java.lang.Object java.lang.invoke.DirectMethodHandle$Holder.invokeInterface(java.lang.Object, java.lang.Object, java.lang.Object)'> (0x0000000786191af0) 
thrown [open/src/hotspot/share/interpreter/linkResolver.cpp, line 766]
Event: 0.563 Thread 0x000000012185c800 Exception <a 'java/lang/IncompatibleClassChangeError'{0x0000000786195478}: Found class java.lang.Object, but interface was expected> (0x0000000786195478) 
thrown [open/src/hotspot/share/interpreter/linkResolver.cpp, line 833]
Event: 0.660 Thread 0x000000012185c800 Exception <a 'java/lang/ClassNotFoundException'{0x0000000785d48ce0}: com/sun/javafx/scene/control/skin/resources/controls-nt> (0x0000000785d48ce0) 
thrown [open/src/hotspot/share/prims/jni.cpp, line 535]
Event: 0.661 Thread 0x000000012185c800 Exception <a 'java/lang/ClassNotFoundException'{0x0000000785d51570}: com/sun/javafx/scene/control/skin/resources/controls-nt_zh> (0x0000000785d51570) 
thrown [open/src/hotspot/share/prims/jni.cpp, line 535]
Event: 0.661 Thread 0x000000012185c800 Exception <a 'java/lang/ClassNotFoundException'{0x0000000785d527d8}: com/sun/javafx/scene/control/skin/resources/controls-nt_zh_TW> (0x0000000785d527d8) 
thrown [open/src/hotspot/share/prims/jni.cpp, line 535]
Event: 0.661 Thread 0x000000012185c800 Exception <a 'java/lang/ClassNotFoundException'{0x0000000785d53a40}: com/sun/javafx/scene/control/skin/resources/controls-nt_zh_Hant> (0x0000000785d53a40) 
thrown [open/src/hotspot/share/prims/jni.cpp, line 535]
Event: 0.661 Thread 0x000000012185c800 Exception <a 'java/lang/ClassNotFoundException'{0x0000000785d54cc8}: com/sun/javafx/scene/control/skin/resources/controls-nt_zh_Hant_TW> (0x0000000785d54cc8) 
thrown [open/src/hotspot/share/prims/jni.cpp, line 535]
Event: 0.682 Thread 0x000000012185c800 Exception <a 'java/lang/NoSuchMethodError'{0x0000000785ba41f8}: 'void java.lang.invoke.DirectMethodHandle$Holder.invokeSpecialIFC(java.lang.Object, java.lang.Object, java.lang.Object, java.lang.Object)'> (0x0000000785ba41f8) 
thrown [open/src/hotspot/share/interpreter/linkResolver.cpp, line 766]
Event: 0.692 Thread 0x000000012185c800 Exception <a 'java/lang/ClassNotFoundException'{0x000000078590bc80}: com/sun/javafx/scene/control/skin/resources/controls> (0x000000078590bc80) 
thrown [open/src/hotspot/share/prims/jni.cpp, line 535]
Event: 0.692 Thread 0x000000012185c800 Exception <a 'java/lang/ClassNotFoundException'{0x0000000785919ee8}: com/sun/javafx/scene/control/skin/resources/controls_zh> (0x0000000785919ee8) 
thrown [open/src/hotspot/share/prims/jni.cpp, line 535]
Event: 0.692 Thread 0x000000012185c800 Exception <a 'java/lang/ClassNotFoundException'{0x000000078591b148}: com/sun/javafx/scene/control/skin/resources/controls_zh_TW> (0x000000078591b148) 
thrown [open/src/hotspot/share/prims/jni.cpp, line 535]
Event: 0.693 Thread 0x000000012185c800 Exception <a 'java/lang/ClassNotFoundException'{0x0000000785929798}: com/sun/javafx/scene/control/skin/resources/controls_zh_Hant> (0x0000000785929798) 
thrown [open/src/hotspot/share/prims/jni.cpp, line 535]
Event: 0.693 Thread 0x000000012185c800 Exception <a 'java/lang/ClassNotFoundException'{0x000000078592aa00}: com/sun/javafx/scene/control/skin/resources/controls_zh_Hant_TW> (0x000000078592aa00) 
thrown [open/src/hotspot/share/prims/jni.cpp, line 535]
Event: 0.759 Thread 0x000000012185c800 Exception <a 'java/lang/NoSuchMethodError'{0x00000007852801e0}: 'java.lang.Object java.lang.invoke.DirectMethodHandle$Holder.newInvokeSpecial(java.lang.Object, java.lang.Object, int, int)'> (0x00000007852801e0) 
thrown [open/src/hotspot/share/interpreter/linkResolver.cpp, line 766]
Event: 0.764 Thread 0x000000012185c800 Exception <a 'java/lang/NoSuchMethodError'{0x000000078529f1a0}: 'java.lang.Object java.lang.invoke.DirectMethodHandle$Holder.newInvokeSpecial(java.lang.Object, java.lang.Object, int)'> (0x000000078529f1a0) 
thrown [open/src/hotspot/share/interpreter/linkResolver.cpp, line 766]
Event: 0.821 Thread 0x000000012185c800 Exception <a 'java/lang/NoSuchMethodError'{0x0000000787f2f3e0}: 'long java.lang.invoke.DirectMethodHandle$Holder.invokeStatic(java.lang.Object, java.lang.Object, java.lang.Object)'> (0x0000000787f2f3e0) 
thrown [open/src/hotspot/share/interpreter/linkResolver.cpp, line 766]
Event: 0.821 Thread 0x000000012185c800 Exception <a 'java/lang/NoSuchMethodError'{0x0000000787f32b88}: 'long java.lang.invoke.DirectMethodHandle$Holder.invokeStaticInit(java.lang.Object, java.lang.Object, java.lang.Object)'> (0x0000000787f32b88) 
thrown [open/src/hotspot/share/interpreter/linkResolver.cpp, line 766]
Event: 0.822 Thread 0x000000012185c800 Exception <a 'java/lang/NoSuchMethodError'{0x0000000787f4a790}: 'java.lang.Object java.lang.invoke.DirectMethodHandle$Holder.newInvokeSpecial(java.lang.Object, java.lang.Object, long)'> (0x0000000787f4a790) 
thrown [open/src/hotspot/share/interpreter/linkResolver.cpp, line 766]
Event: 0.822 Thread 0x000000012185c800 Exception <a 'java/lang/NoSuchMethodError'{0x0000000787f4e058}: 'java.lang.Object java.lang.invoke.Invokers$Holder.linkToTargetMethod(java.lang.Object, long, java.lang.Object)'> (0x0000000787f4e058) 
thrown [open/src/hotspot/share/interpreter/linkResolver.cpp, line 766]
Event: 0.860 Thread 0x000000012181e000 Exception <a 'java/lang/NoSuchMethodError'{0x0000000787efaa98}: 'java.lang.Object java.lang.invoke.DirectMethodHandle$Holder.invokeStaticInit(java.lang.Object, int)'> (0x0000000787efaa98) 
thrown [open/src/hotspot/share/interpreter/linkResolver.cpp, line 766]

VM Operations (20 events):
Event: 0.366 Executing VM operation: Cleanup
Event: 0.366 Executing VM operation: Cleanup done
Event: 0.405 Executing VM operation: HandshakeAllThreads
Event: 0.405 Executing VM operation: HandshakeAllThreads done
Event: 0.423 Executing VM operation: ICBufferFull
Event: 0.423 Executing VM operation: ICBufferFull done
Event: 0.475 Executing VM operation: HandshakeAllThreads
Event: 0.475 Executing VM operation: HandshakeAllThreads done
Event: 0.569 Executing VM operation: ICBufferFull
Event: 0.569 Executing VM operation: ICBufferFull done
Event: 0.668 Executing VM operation: ICBufferFull
Event: 0.668 Executing VM operation: ICBufferFull done
Event: 0.706 Executing VM operation: ICBufferFull
Event: 0.706 Executing VM operation: ICBufferFull done
Event: 0.756 Executing VM operation: ICBufferFull
Event: 0.756 Executing VM operation: ICBufferFull done
Event: 0.811 Executing VM operation: G1CollectForAllocation
Event: 0.817 Executing VM operation: G1CollectForAllocation done
Event: 1.231 Executing VM operation: ICBufferFull
Event: 1.231 Executing VM operation: ICBufferFull done

Events (20 events):
Event: 0.939 loading class com/sun/prism/impl/ps/CachingShapeRepState$CacheEntry
Event: 0.939 loading class com/sun/prism/impl/ps/CachingShapeRepState$CacheEntry done
Event: 1.151 loading class com/sun/javafx/tk/quantum/GlassViewEventHandler
Event: 1.151 loading class com/sun/javafx/tk/quantum/GlassViewEventHandler done
Event: 1.155 loading class java/util/EnumMap$Values
Event: 1.155 loading class java/util/EnumMap$Values done
Event: 1.155 loading class java/util/EnumMap$ValueIterator
Event: 1.155 loading class java/util/EnumMap$EnumMapIterator
Event: 1.155 loading class java/util/EnumMap$EnumMapIterator done
Event: 1.155 loading class java/util/EnumMap$ValueIterator done
Event: 1.156 loading class javafx/scene/Node
Event: 1.156 loading class javafx/scene/Node done
Event: 1.156 loading class javafx/event/Event
Event: 1.156 loading class javafx/event/Event done
Event: 1.156 loading class javafx/event/Event
Event: 1.156 loading class javafx/event/Event done
Event: 1.157 loading class javafx/util/Pair
Event: 1.157 loading class javafx/util/Pair done
Event: 1.157 loading class javafx/util/Pair
Event: 1.157 loading class javafx/util/Pair done


Dynamic libraries:
0x0000000103130000 	/Library/Java/JavaVirtualMachines/jdk-17.0.1.jdk/Contents/Home/lib/libjli.dylib
0x00000001a111e000 	/usr/lib/libz.1.dylib
0x00000001a11ce000 	/usr/lib/libSystem.B.dylib
0x00000001a11c8000 	/usr/lib/system/libcache.dylib
0x00000001a1186000 	/usr/lib/system/libcommonCrypto.dylib
0x00000001a11af000 	/usr/lib/system/libcompiler_rt.dylib
0x00000001a11a6000 	/usr/lib/system/libcopyfile.dylib
0x00000001964d2000 	/usr/lib/system/libcorecrypto.dylib
0x0000000196577000 	/usr/lib/system/libdispatch.dylib
0x000000019673f000 	/usr/lib/system/libdyld.dylib
0x00000001a11be000 	/usr/lib/system/libkeymgr.dylib
0x00000001a1168000 	/usr/lib/system/libmacho.dylib
0x00000001a0874000 	/usr/lib/system/libquarantine.dylib
0x00000001a11bb000 	/usr/lib/system/libremovefile.dylib
0x000000019b8c1000 	/usr/lib/system/libsystem_asl.dylib
0x000000019647c000 	/usr/lib/system/libsystem_blocks.dylib
0x00000001965fd000 	/usr/lib/system/libsystem_c.dylib
0x00000001a11b3000 	/usr/lib/system/libsystem_collections.dylib
0x000000019fcd1000 	/usr/lib/system/libsystem_configuration.dylib
0x000000019ef57000 	/usr/lib/system/libsystem_containermanager.dylib
0x00000001a0ed2000 	/usr/lib/system/libsystem_coreservices.dylib
0x0000000198e64000 	/usr/lib/system/libsystem_darwin.dylib
0x00000001a11bf000 	/usr/lib/system/libsystem_dnssd.dylib
0x00000001965fa000 	/usr/lib/system/libsystem_featureflags.dylib
0x0000000196754000 	/usr/lib/system/libsystem_info.dylib
0x00000001a1130000 	/usr/lib/system/libsystem_m.dylib
0x000000019654c000 	/usr/lib/system/libsystem_malloc.dylib
0x000000019b852000 	/usr/lib/system/libsystem_networkextension.dylib
0x00000001992b7000 	/usr/lib/system/libsystem_notify.dylib
0x00000001a739b000 	/usr/lib/system/libsystem_product_info_filter.dylib
0x000000019fcd6000 	/usr/lib/system/libsystem_sandbox.dylib
0x00000001a11b8000 	/usr/lib/system/libsystem_secinit.dylib
0x00000001966fc000 	/usr/lib/system/libsystem_kernel.dylib
0x000000019674c000 	/usr/lib/system/libsystem_platform.dylib
0x0000000196732000 	/usr/lib/system/libsystem_pthread.dylib
0x000000019cff7000 	/usr/lib/system/libsystem_symptoms.dylib
0x00000001964b8000 	/usr/lib/system/libsystem_trace.dylib
0x00000001a1193000 	/usr/lib/system/libunwind.dylib
0x000000019647e000 	/usr/lib/system/libxpc.dylib
0x00000001966e2000 	/usr/lib/libc++abi.dylib
0x00000001965be000 	/usr/lib/libobjc.A.dylib
0x00000001a119e000 	/usr/lib/liboah.dylib
0x000000019667e000 	/usr/lib/libc++.1.dylib
0x00000001acd78000 	/System/Library/Frameworks/Cocoa.framework/Versions/A/Cocoa
0x0000000199316000 	/System/Library/Frameworks/AppKit.framework/Versions/C/AppKit
0x000000019c838000 	/System/Library/Frameworks/CoreData.framework/Versions/A/CoreData
0x0000000197677000 	/System/Library/Frameworks/Foundation.framework/Versions/C/Foundation
0x000000019a1c8000 	/System/Library/PrivateFrameworks/UIFoundation.framework/Versions/A/UIFoundation
0x00000001a7095000 	/System/Library/PrivateFrameworks/RemoteViewServices.framework/Versions/A/RemoteViewServices
0x000000019f690000 	/System/Library/PrivateFrameworks/XCTTargetBootstrap.framework/Versions/A/XCTTargetBootstrap
0x00000001a2ed0000 	/System/Library/PrivateFrameworks/InternationalSupport.framework/Versions/A/InternationalSupport
0x00000001a2f59000 	/System/Library/PrivateFrameworks/UserActivity.framework/Versions/A/UserActivity
0x00000001a23fb000 	/usr/lib/libspindump.dylib
0x000000019a438000 	/System/Library/Frameworks/UniformTypeIdentifiers.framework/Versions/A/UniformTypeIdentifiers
0x000000019dc1e000 	/usr/lib/libapp_launch_measurement.dylib
0x000000019d19b000 	/System/Library/PrivateFrameworks/CoreAnalytics.framework/Versions/A/CoreAnalytics
0x000000019dc21000 	/System/Library/PrivateFrameworks/CoreAutoLayout.framework/Versions/A/CoreAutoLayout
0x000000019ef94000 	/System/Library/Frameworks/Metal.framework/Versions/A/Metal
0x000000019fce1000 	/usr/lib/liblangid.dylib
0x000000019f694000 	/System/Library/PrivateFrameworks/CoreSVG.framework/Versions/A/CoreSVG
0x000000019b8f5000 	/System/Library/PrivateFrameworks/SkyLight.framework/Versions/A/SkyLight
0x000000019bcbd000 	/System/Library/Frameworks/CoreGraphics.framework/Versions/A/CoreGraphics
0x00000001a770e000 	/System/Library/Frameworks/Accelerate.framework/Versions/A/Accelerate
0x00000001a1e70000 	/System/Library/PrivateFrameworks/IconServices.framework/Versions/A/IconServices
0x000000019ef76000 	/System/Library/Frameworks/IOSurface.framework/Versions/A/IOSurface
0x000000019d1cb000 	/usr/lib/libDiagnosticMessagesClient.dylib
0x00000001aab46000 	/System/Library/Frameworks/ApplicationServices.framework/Versions/A/ApplicationServices
0x000000019f678000 	/System/Library/PrivateFrameworks/DFRFoundation.framework/Versions/A/DFRFoundation
0x0000000198bb9000 	/usr/lib/libicucore.A.dylib
0x00000001a3ccd000 	/System/Library/Frameworks/AudioToolbox.framework/Versions/A/AudioToolbox
0x00000001a2edc000 	/System/Library/PrivateFrameworks/DataDetectorsCore.framework/Versions/A/DataDetectorsCore
0x00000001b8ef8000 	/System/Library/PrivateFrameworks/TextInput.framework/Versions/A/TextInput
0x000000019b86c000 	/usr/lib/libMobileGestalt.dylib
0x000000019f348000 	/System/Library/Frameworks/Carbon.framework/Versions/A/Frameworks/HIToolbox.framework/Versions/A/HIToolbox
0x000000019d628000 	/System/Library/Frameworks/QuartzCore.framework/Versions/A/QuartzCore
0x0000000198836000 	/System/Library/Frameworks/Security.framework/Versions/A/Security
0x00000001a70d5000 	/System/Library/Frameworks/Carbon.framework/Versions/A/Frameworks/SpeechRecognition.framework/Versions/A/SpeechRecognition
0x000000019d975000 	/System/Library/PrivateFrameworks/CoreUI.framework/Versions/A/CoreUI
0x0000000198109000 	/System/Library/Frameworks/CoreAudio.framework/Versions/A/CoreAudio
0x000000019d2bb000 	/System/Library/Frameworks/DiskArbitration.framework/Versions/A/DiskArbitration
0x00000001a27e3000 	/System/Library/PrivateFrameworks/MultitouchSupport.framework/Versions/A/MultitouchSupport
0x000000019b86a000 	/usr/lib/libenergytrace.dylib
0x00000001991e2000 	/System/Library/Frameworks/IOKit.framework/Versions/A/IOKit
0x00000001a74bc000 	/System/Library/Frameworks/CoreServices.framework/Versions/A/CoreServices
0x000000019dbae000 	/System/Library/PrivateFrameworks/PerformanceAnalysis.framework/Versions/A/PerformanceAnalysis
0x00000001f771d000 	/System/Library/Frameworks/OpenGL.framework/Versions/A/OpenGL
0x00000001a0794000 	/System/Library/PrivateFrameworks/MobileKeyBag.framework/Versions/A/MobileKeyBag
0x000000019c2cd000 	/System/Library/Frameworks/ColorSync.framework/Versions/A/ColorSync
0x0000000196780000 	/System/Library/Frameworks/CoreFoundation.framework/Versions/A/CoreFoundation
0x000000019f915000 	/System/Library/Frameworks/CoreImage.framework/Versions/A/CoreImage
0x0000000197f2c000 	/System/Library/Frameworks/CoreText.framework/Versions/A/CoreText
0x000000019f6c4000 	/System/Library/Frameworks/ImageIO.framework/Versions/A/ImageIO
0x00000001a11d4000 	/System/Library/PrivateFrameworks/SoftLinking.framework/Versions/A/SoftLinking
0x000000019dc6b000 	/usr/lib/libxml2.2.dylib
0x00000001a146c000 	/usr/lib/libcompression.dylib
0x00000001a2e29000 	/System/Library/PrivateFrameworks/TextureIO.framework/Versions/A/TextureIO
0x00000001a1b8a000 	/usr/lib/libate.dylib
0x00000001a1a52000 	/usr/lib/liblzma.5.dylib
0x0000000197368000 	/System/Library/Frameworks/SystemConfiguration.framework/Versions/A/SystemConfiguration
0x00000001a11d0000 	/usr/lib/libfakelink.dylib
0x000000019b39a000 	/System/Library/Frameworks/CFNetwork.framework/Versions/A/CFNetwork
0x00000001a1317000 	/usr/lib/libarchive.2.dylib
0x000000019fcdd000 	/System/Library/PrivateFrameworks/AppleSystemInfo.framework/Versions/A/AppleSystemInfo
0x00000001a089e000 	/usr/lib/libbsm.0.dylib
0x000000019a8d7000 	/usr/lib/libnetwork.dylib
0x00000001a116e000 	/usr/lib/system/libkxld.dylib
0x00000001a04b6000 	/System/Library/PrivateFrameworks/IOMobileFramebuffer.framework/Versions/A/IOMobileFramebuffer
0x0000000213048000 	/usr/lib/libCoreEntitlements.dylib
0x00000001a0eb4000 	/System/Library/PrivateFrameworks/AppleFSCompression.framework/Versions/A/AppleFSCompression
0x00000001a0887000 	/usr/lib/libcoretls.dylib
0x00000001a1a6b000 	/usr/lib/libcoretls_cfhelpers.dylib
0x00000001a1467000 	/usr/lib/libpam.2.dylib
0x000000019cc1f000 	/usr/lib/libsqlite3.dylib
0x00000001a1ad3000 	/usr/lib/libxar.1.dylib
0x00000001a0ec5000 	/usr/lib/libbz2.1.0.dylib
0x00000001a11d5000 	/usr/lib/libpcap.A.dylib
0x000000019cfee000 	/usr/lib/libdns_services.dylib
0x00000001a143a000 	/usr/lib/libapple_nghttp2.dylib
0x00000001a1212000 	/usr/lib/libiconv.2.dylib
0x00000001a1167000 	/usr/lib/libcharset.1.dylib
0x000000019dbea000 	/System/Library/Frameworks/CoreServices.framework/Versions/A/Frameworks/FSEvents.framework/Versions/A/FSEvents
0x0000000198e6f000 	/System/Library/Frameworks/CoreServices.framework/Versions/A/Frameworks/CarbonCore.framework/Versions/A/CarbonCore
0x000000019d21e000 	/System/Library/Frameworks/CoreServices.framework/Versions/A/Frameworks/Metadata.framework/Versions/A/Metadata
0x00000001a0ed8000 	/System/Library/Frameworks/CoreServices.framework/Versions/A/Frameworks/OSServices.framework/Versions/A/OSServices
0x00000001a139c000 	/System/Library/Frameworks/CoreServices.framework/Versions/A/Frameworks/SearchKit.framework/Versions/A/SearchKit
0x000000019cf7c000 	/System/Library/Frameworks/CoreServices.framework/Versions/A/Frameworks/AE.framework/Versions/A/AE
0x0000000196cc4000 	/System/Library/Frameworks/CoreServices.framework/Versions/A/Frameworks/LaunchServices.framework/Versions/A/LaunchServices
0x00000001a19fb000 	/System/Library/Frameworks/CoreServices.framework/Versions/A/Frameworks/DictionaryServices.framework/Versions/A/DictionaryServices
0x000000019dbf7000 	/System/Library/Frameworks/CoreServices.framework/Versions/A/Frameworks/SharedFileList.framework/Versions/A/SharedFileList
0x00000001a0877000 	/usr/lib/libCheckFix.dylib
0x000000019b8d9000 	/System/Library/PrivateFrameworks/TCC.framework/Versions/A/TCC
0x000000019fce3000 	/System/Library/PrivateFrameworks/CoreNLP.framework/Versions/A/CoreNLP
0x000000019d1ce000 	/System/Library/PrivateFrameworks/MetadataUtilities.framework/Versions/A/MetadataUtilities
0x0000000197421000 	/usr/lib/libmecabra.dylib
0x00000001a08af000 	/usr/lib/libmecab.dylib
0x00000001973ed000 	/usr/lib/libCRFSuite.dylib
0x00000001a090d000 	/usr/lib/libgermantok.dylib
0x00000001a1413000 	/usr/lib/libThaiTokenizer.dylib
0x000000019d2c3000 	/System/Library/Frameworks/Accelerate.framework/Versions/A/Frameworks/vImage.framework/Versions/A/vImage
0x00000001a7493000 	/System/Library/Frameworks/Accelerate.framework/Versions/A/Frameworks/vecLib.framework/Versions/A/vecLib
0x00000001a1b17000 	/System/Library/Frameworks/Accelerate.framework/Versions/A/Frameworks/vecLib.framework/Versions/A/libvMisc.dylib
0x00000001a03c0000 	/System/Library/Frameworks/Accelerate.framework/Versions/A/Frameworks/vecLib.framework/Versions/A/libvDSP.dylib
0x0000000197047000 	/System/Library/Frameworks/Accelerate.framework/Versions/A/Frameworks/vecLib.framework/Versions/A/libBLAS.dylib
0x00000001a153b000 	/System/Library/Frameworks/Accelerate.framework/Versions/A/Frameworks/vecLib.framework/Versions/A/libLAPACK.dylib
0x00000001a0910000 	/System/Library/Frameworks/Accelerate.framework/Versions/A/Frameworks/vecLib.framework/Versions/A/libLinearAlgebra.dylib
0x00000001a1452000 	/System/Library/Frameworks/Accelerate.framework/Versions/A/Frameworks/vecLib.framework/Versions/A/libSparseBLAS.dylib
0x00000001a1536000 	/System/Library/Frameworks/Accelerate.framework/Versions/A/Frameworks/vecLib.framework/Versions/A/libQuadrature.dylib
0x000000019fdda000 	/System/Library/Frameworks/Accelerate.framework/Versions/A/Frameworks/vecLib.framework/Versions/A/libBNNS.dylib
0x0000000197305000 	/System/Library/Frameworks/Accelerate.framework/Versions/A/Frameworks/vecLib.framework/Versions/A/libSparse.dylib
0x000000019fdd2000 	/System/Library/PrivateFrameworks/LinguisticData.framework/Versions/A/LinguisticData
0x00000001972bb000 	/System/Library/PrivateFrameworks/Lexicon.framework/Versions/A/Lexicon
0x00000001a1b0f000 	/usr/lib/libChineseTokenizer.dylib
0x0000000197a65000 	/System/Library/PrivateFrameworks/LanguageModeling.framework/Versions/A/LanguageModeling
0x00000001a1415000 	/System/Library/PrivateFrameworks/AppleSauce.framework/Versions/A/AppleSauce
0x00000001a04a3000 	/System/Library/PrivateFrameworks/CoreEmoji.framework/Versions/A/CoreEmoji
0x00000001a1305000 	/usr/lib/libcmph.dylib
0x000000019dbca000 	/System/Library/Frameworks/OpenDirectory.framework/Versions/A/Frameworks/CFOpenDirectory.framework/Versions/A/CFOpenDirectory
0x000000019dbba000 	/System/Library/Frameworks/OpenDirectory.framework/Versions/A/OpenDirectory
0x00000001a1a6d000 	/System/Library/PrivateFrameworks/APFS.framework/Versions/A/APFS
0x00000001a07cf000 	/System/Library/Frameworks/SecurityFoundation.framework/Versions/A/SecurityFoundation
0x00000001a1ae1000 	/usr/lib/libutil.dylib
0x00000001991a4000 	/System/Library/PrivateFrameworks/CoreServicesStore.framework/Versions/A/CoreServicesStore
0x00000001a1ae5000 	/usr/lib/libxslt.1.dylib
0x00000001a0863000 	/System/Library/PrivateFrameworks/BackgroundTaskManagement.framework/Versions/A/BackgroundTaskManagement
0x00000001a2d4a000 	/System/Library/Frameworks/ImageIO.framework/Versions/A/Resources/libRadiance.dylib
0x00000001a2d53000 	/System/Library/Frameworks/ImageIO.framework/Versions/A/Resources/libJPEG.dylib
0x00000001a2ca5000 	/System/Library/Frameworks/ImageIO.framework/Versions/A/Resources/libPng.dylib
0x00000001a2cc7000 	/System/Library/Frameworks/ImageIO.framework/Versions/A/Resources/libTIFF.dylib
0x00000001a2dae000 	/System/Library/Frameworks/ImageIO.framework/Versions/A/Resources/libGIF.dylib
0x00000001a26f3000 	/System/Library/Frameworks/ImageIO.framework/Versions/A/Resources/libJP2.dylib
0x00000001a1e36000 	/usr/lib/libexpat.1.dylib
0x00000001a26ae000 	/System/Library/PrivateFrameworks/AppleJPEG.framework/Versions/A/AppleJPEG
0x000000019f207000 	/System/Library/PrivateFrameworks/FontServices.framework/libFontParser.dylib
0x000000019cf21000 	/System/Library/PrivateFrameworks/RunningBoardServices.framework/Versions/A/RunningBoardServices
0x00000001ad3e3000 	/System/Library/PrivateFrameworks/IOSurfaceAccelerator.framework/Versions/A/IOSurfaceAccelerator
0x00000001a27df000 	/System/Library/PrivateFrameworks/WatchdogClient.framework/Versions/A/WatchdogClient
0x0000000197b69000 	/System/Library/Frameworks/CoreDisplay.framework/Versions/A/CoreDisplay
0x000000019f0f6000 	/System/Library/Frameworks/CoreMedia.framework/Versions/A/CoreMedia
0x000000019ef8a000 	/System/Library/PrivateFrameworks/IOAccelerator.framework/Versions/A/IOAccelerator
0x000000019dd58000 	/System/Library/Frameworks/CoreVideo.framework/Versions/A/CoreVideo
0x00000001a1465000 	/System/Library/Frameworks/MetalPerformanceShaders.framework/Versions/A/MetalPerformanceShaders
0x00000001a281c000 	/System/Library/Frameworks/VideoToolbox.framework/Versions/A/VideoToolbox
0x000000019ce65000 	/System/Library/PrivateFrameworks/BaseBoard.framework/Versions/A/BaseBoard
0x000000019cc04000 	/System/Library/PrivateFrameworks/ProtocolBuffer.framework/Versions/A/ProtocolBuffer
0x00000001a2d45000 	/System/Library/PrivateFrameworks/GPUWrangler.framework/Versions/A/GPUWrangler
0x00000001a2d24000 	/System/Library/PrivateFrameworks/IOPresentment.framework/Versions/A/IOPresentment
0x00000001a2d4d000 	/System/Library/PrivateFrameworks/DSExternalDisplay.framework/Versions/A/DSExternalDisplay
0x00000001f7710000 	/System/Library/Frameworks/OpenGL.framework/Versions/A/Libraries/libCoreFSCache.dylib
0x0000000200e2a000 	/System/Library/PrivateFrameworks/GPUCompiler.framework/Versions/31001/Libraries/libGPUCompilerUtils.dylib
0x00000001a2db3000 	/System/Library/PrivateFrameworks/CMCaptureCore.framework/Versions/A/CMCaptureCore
0x00000001a23e9000 	/System/Library/PrivateFrameworks/AppServerSupport.framework/Versions/A/AppServerSupport
0x00000001a4588000 	/System/Library/PrivateFrameworks/perfdata.framework/Versions/A/perfdata
0x0000000197c89000 	/System/Library/PrivateFrameworks/AudioToolboxCore.framework/Versions/A/AudioToolboxCore
0x000000019f0ce000 	/System/Library/PrivateFrameworks/caulk.framework/Versions/A/caulk
0x00000001a3e7d000 	/usr/lib/libAudioStatistics.dylib
0x00000001b5696000 	/System/Library/PrivateFrameworks/SystemPolicy.framework/Versions/A/SystemPolicy
0x00000001a40dd000 	/usr/lib/libSMC.dylib
0x00000001acc5a000 	/System/Library/Frameworks/CoreMIDI.framework/Versions/A/CoreMIDI
0x00000001a2c73000 	/usr/lib/libAudioToolboxUtility.dylib
0x00000001b1b3c000 	/System/Library/PrivateFrameworks/OSAServicesClient.framework/Versions/A/OSAServicesClient
0x00000001a4595000 	/usr/lib/libperfcheck.dylib
0x00000001b6199000 	/usr/lib/libmis.dylib
0x00000001f7771000 	/System/Library/Frameworks/OpenGL.framework/Versions/A/Libraries/libGLU.dylib
0x00000001f7730000 	/System/Library/Frameworks/OpenGL.framework/Versions/A/Libraries/libGFXShared.dylib
0x00000001f791a000 	/System/Library/Frameworks/OpenGL.framework/Versions/A/Libraries/libGL.dylib
0x00000001f7739000 	/System/Library/Frameworks/OpenGL.framework/Versions/A/Libraries/libGLImage.dylib
0x00000001f772d000 	/System/Library/Frameworks/OpenGL.framework/Versions/A/Libraries/libCVMSPluginSupport.dylib
0x00000001f7717000 	/System/Library/Frameworks/OpenGL.framework/Versions/A/Libraries/libCoreVMClient.dylib
0x000000019fc5f000 	/System/Library/Frameworks/MetalPerformanceShaders.framework/Versions/A/Frameworks/MPSCore.framework/Versions/A/MPSCore
0x00000001a0e27000 	/System/Library/Frameworks/MetalPerformanceShaders.framework/Versions/A/Frameworks/MPSImage.framework/Versions/A/MPSImage
0x00000001a0925000 	/System/Library/Frameworks/MetalPerformanceShaders.framework/Versions/A/Frameworks/MPSNeuralNetwork.framework/Versions/A/MPSNeuralNetwork
0x00000001a0d62000 	/System/Library/Frameworks/MetalPerformanceShaders.framework/Versions/A/Frameworks/MPSMatrix.framework/Versions/A/MPSMatrix
0x00000001a0b3d000 	/System/Library/Frameworks/MetalPerformanceShaders.framework/Versions/A/Frameworks/MPSRayIntersector.framework/Versions/A/MPSRayIntersector
0x00000001a0d93000 	/System/Library/Frameworks/MetalPerformanceShaders.framework/Versions/A/Frameworks/MPSNDArray.framework/Versions/A/MPSNDArray
0x00000001f942c000 	/System/Library/Frameworks/MetalPerformanceShaders.framework/Versions/A/Frameworks/MPSFunctions.framework/Versions/A/MPSFunctions
0x0000000196f25000 	/System/Library/PrivateFrameworks/MetalTools.framework/Versions/A/MetalTools
0x000000019fcdb000 	/System/Library/PrivateFrameworks/AggregateDictionary.framework/Versions/A/AggregateDictionary
0x00000001a1c1c000 	/usr/lib/libIOReport.dylib
0x00000001abc48000 	/System/Library/PrivateFrameworks/ASEProcessing.framework/Versions/A/ASEProcessing
0x00000001a1f8e000 	/System/Library/PrivateFrameworks/FaceCore.framework/Versions/A/FaceCore
0x00000001a1f80000 	/System/Library/PrivateFrameworks/GraphVisualizer.framework/Versions/A/GraphVisualizer
0x0000000200d41000 	/System/Library/PrivateFrameworks/FontServices.framework/Versions/A/FontServices
0x00000001a23a3000 	/System/Library/PrivateFrameworks/OTSVG.framework/Versions/A/OTSVG
0x000000019d926000 	/System/Library/Frameworks/ApplicationServices.framework/Versions/A/Frameworks/ATS.framework/Versions/A/Resources/libFontRegistry.dylib
0x00000001a23f2000 	/System/Library/PrivateFrameworks/FontServices.framework/libhvf.dylib
0x0000000200d42000 	/System/Library/PrivateFrameworks/FontServices.framework/libXTFontStaticRegistryData.dylib
0x00000001f7abc000 	/System/Library/Frameworks/OpenCL.framework/Versions/A/OpenCL
0x00000001a1dea000 	/System/Library/PrivateFrameworks/AppleVA.framework/Versions/A/AppleVA
0x00000001a3ea5000 	/System/Library/Frameworks/ApplicationServices.framework/Versions/A/Frameworks/ATS.framework/Versions/A/ATS
0x000000019c3ca000 	/System/Library/Frameworks/ApplicationServices.framework/Versions/A/Frameworks/HIServices.framework/Versions/A/HIServices
0x00000001a2dbd000 	/System/Library/Frameworks/ApplicationServices.framework/Versions/A/Frameworks/PrintCore.framework/Versions/A/PrintCore
0x00000001a4230000 	/System/Library/Frameworks/ApplicationServices.framework/Versions/A/Frameworks/QD.framework/Versions/A/QD
0x00000001a4228000 	/System/Library/Frameworks/ApplicationServices.framework/Versions/A/Frameworks/ColorSyncLegacy.framework/Versions/A/ColorSyncLegacy
0x00000001a3e91000 	/System/Library/Frameworks/ApplicationServices.framework/Versions/A/Frameworks/SpeechSynthesis.framework/Versions/A/SpeechSynthesis
0x00000001a2d7e000 	/System/Library/Frameworks/ApplicationServices.framework/Versions/A/Frameworks/ATSUI.framework/Versions/A/ATSUI
0x00000001a41bd000 	/usr/lib/libcups.2.dylib
0x00000001a45a3000 	/System/Library/Frameworks/Kerberos.framework/Versions/A/Kerberos
0x00000001a45b4000 	/System/Library/Frameworks/GSS.framework/Versions/A/GSS
0x00000001a3f14000 	/usr/lib/libresolv.9.dylib
0x00000001a2400000 	/System/Library/PrivateFrameworks/Heimdal.framework/Versions/A/Heimdal
0x00000001aaebc000 	/System/Library/Frameworks/Kerberos.framework/Versions/A/Libraries/libHeimdalProxy.dylib
0x000000019d000000 	/System/Library/Frameworks/Network.framework/Versions/A/Network
0x00000001a1e51000 	/usr/lib/libheimdal-asn1.dylib
0x00000001a45fa000 	/System/Library/PrivateFrameworks/CommonAuth.framework/Versions/A/CommonAuth
0x00000001a3e0b000 	/System/Library/PrivateFrameworks/AudioSession.framework/Versions/A/AudioSession
0x00000001a1ee2000 	/System/Library/PrivateFrameworks/MediaExperience.framework/Versions/A/MediaExperience
0x00000001a3c93000 	/System/Library/PrivateFrameworks/AudioSession.framework/libSessionUtility.dylib
0x00000001a423c000 	/System/Library/PrivateFrameworks/AudioResourceArbitration.framework/Versions/A/AudioResourceArbitration
0x00000001a1e5a000 	/System/Library/PrivateFrameworks/IconFoundation.framework/Versions/A/IconFoundation
0x00000001a70c1000 	/System/Library/PrivateFrameworks/SpeechRecognitionCore.framework/Versions/A/SpeechRecognitionCore
0x00000001da83a000 	/System/Library/CoreServices/Encodings/libTraditionalChineseConverter.dylib
0x00000001042cc000 	/Library/Java/JavaVirtualMachines/jdk-17.0.1.jdk/Contents/Home/lib/server/libjvm.dylib
0x0000000103194000 	/Library/Java/JavaVirtualMachines/jdk-17.0.1.jdk/Contents/Home/lib/libjimage.dylib
0x00000001031f0000 	/Library/Java/JavaVirtualMachines/jdk-17.0.1.jdk/Contents/Home/lib/libjdwp.dylib
0x0000000103238000 	/Library/Java/JavaVirtualMachines/jdk-17.0.1.jdk/Contents/Home/lib/libjava.dylib
0x00000001031c0000 	/Library/Java/JavaVirtualMachines/jdk-17.0.1.jdk/Contents/Home/lib/libinstrument.dylib
0x00000001041b8000 	/Library/Java/JavaVirtualMachines/jdk-17.0.1.jdk/Contents/Home/lib/libnio.dylib
0x00000001041fc000 	/Library/Java/JavaVirtualMachines/jdk-17.0.1.jdk/Contents/Home/lib/libnet.dylib
0x00000001041d8000 	/Library/Java/JavaVirtualMachines/jdk-17.0.1.jdk/Contents/Home/lib/libzip.dylib
0x0000000103314000 	/Library/Java/JavaVirtualMachines/jdk-17.0.1.jdk/Contents/Home/lib/libdt_socket.dylib
0x000000010423c000 	/Library/Java/JavaVirtualMachines/jdk-17.0.1.jdk/Contents/Home/lib/libverify.dylib
0x0000000104258000 	/Users/sean/.openjfx/cache/17.0.0.1/libprism_es2.dylib
0x0000000199167000 	/System/Library/PrivateFrameworks/CoreServicesInternal.framework/Versions/A/CoreServicesInternal
0x00000001f7924000 	/System/Library/Frameworks/OpenGL.framework/Versions/A/Resources/GLEngine.bundle/GLEngine
0x00000001f77ab000 	/System/Library/Frameworks/OpenGL.framework/Versions/A/Libraries/libGLProgrammability.dylib
0x0000000111534000 	/System/Library/Extensions/AppleMetalOpenGLRenderer.bundle/Contents/MacOS/AppleMetalOpenGLRenderer
0x00000001f7a93000 	/System/Library/Frameworks/OpenGL.framework/Versions/A/Resources/GLRendererFloat.bundle/GLRendererFloat
0x00000001f7b34000 	/System/Library/Extensions/AGXMetal13_3.bundle/Contents/MacOS/AGXMetal13_3
0x00000001b61b5000 	/System/Library/PrivateFrameworks/GPURawCounter.framework/Versions/A/GPURawCounter
0x00000001b0c8a000 	/System/Library/PrivateFrameworks/IOGPU.framework/Versions/A/IOGPU
0x00000001114b0000 	/Users/sean/.openjfx/cache/17.0.0.1/libglass.dylib
0x00000001a8561000 	/System/Library/Frameworks/FileProvider.framework/Versions/A/FileProvider
0x000000019cdcd000 	/System/Library/Frameworks/Accounts.framework/Versions/A/Accounts
0x00000001a86e1000 	/System/Library/PrivateFrameworks/GenerationalStorage.framework/Versions/A/GenerationalStorage
0x00000001a9291000 	/System/Library/PrivateFrameworks/CoreSymbolication.framework/Versions/A/CoreSymbolication
0x00000001a8301000 	/System/Library/PrivateFrameworks/SymptomDiagnosticReporter.framework/Versions/A/SymptomDiagnosticReporter
0x000000019a44c000 	/System/Library/PrivateFrameworks/DesktopServicesPriv.framework/Versions/A/DesktopServicesPriv
0x00000001992c6000 	/usr/lib/libsandbox.1.dylib
0x000000019dde4000 	/System/Library/PrivateFrameworks/UserManagement.framework/Versions/A/UserManagement
0x00000001a9252000 	/System/Library/PrivateFrameworks/DebugSymbols.framework/Versions/A/DebugSymbols
0x00000001a421b000 	/System/Library/PrivateFrameworks/NetAuth.framework/Versions/A/NetAuth
0x00000001a5119000 	/System/Library/PrivateFrameworks/Sharing.framework/Versions/A/Sharing
0x000000019ddb4000 	/System/Library/PrivateFrameworks/login.framework/Versions/A/Frameworks/loginsupport.framework/Versions/A/loginsupport
0x00000001aa402000 	/System/Library/PrivateFrameworks/Apple80211.framework/Versions/A/Apple80211
0x00000001a0f0b000 	/System/Library/PrivateFrameworks/AuthKit.framework/Versions/A/AuthKit
0x00000001a05a2000 	/System/Library/PrivateFrameworks/CoreUtils.framework/Versions/A/CoreUtils
0x00000001a04c2000 	/System/Library/Frameworks/CoreWLAN.framework/Versions/A/CoreWLAN
0x00000001a5282000 	/System/Library/Frameworks/IOBluetooth.framework/Versions/A/IOBluetooth
0x00000001aa462000 	/System/Library/PrivateFrameworks/CoreWiFi.framework/Versions/A/CoreWiFi
0x00000001a8e39000 	/System/Library/PrivateFrameworks/FrontBoardServices.framework/Versions/A/FrontBoardServices
0x00000001a8ed1000 	/System/Library/PrivateFrameworks/BoardServices.framework/Versions/A/BoardServices
0x00000001a07bd000 	/System/Library/PrivateFrameworks/AssertionServices.framework/Versions/A/AssertionServices
0x00000001aa5d0000 	/System/Library/PrivateFrameworks/BackBoardServices.framework/Versions/A/BackBoardServices
0x00000001a468d000 	/System/Library/PrivateFrameworks/CorePhoneNumbers.framework/Versions/A/CorePhoneNumbers
0x00000001a8431000 	/System/Library/PrivateFrameworks/DiskManagement.framework/Versions/A/DiskManagement
0x00000001a8334000 	/System/Library/PrivateFrameworks/AppleIDAuthSupport.framework/Versions/A/AppleIDAuthSupport
0x00000001fb6c5000 	/System/Library/PrivateFrameworks/AAAFoundation.framework/Versions/A/AAAFoundation
0x00000001a466c000 	/System/Library/PrivateFrameworks/KeychainCircle.framework/Versions/A/KeychainCircle
0x00000001a83fd000 	/System/Library/PrivateFrameworks/MediaKit.framework/Versions/A/MediaKit
0x00000001a8341000 	/System/Library/Frameworks/DiscRecording.framework/Versions/A/DiscRecording
0x00000001a1d66000 	/usr/lib/libCoreStorage.dylib
0x00000001aa8ca000 	/usr/lib/libcsfde.dylib
0x00000001a5357000 	/System/Library/PrivateFrameworks/ProtectedCloudStorage.framework/Versions/A/ProtectedCloudStorage
0x00000001aa8c2000 	/System/Library/PrivateFrameworks/EFILogin.framework/Versions/A/EFILogin
0x00000001a8708000 	/System/Library/PrivateFrameworks/OctagonTrust.framework/Versions/A/OctagonTrust
0x00000001fffac000 	/System/Library/PrivateFrameworks/CoreUtilsExtras.framework/Versions/A/CoreUtilsExtras
0x00000001a8273000 	/System/Library/Frameworks/CoreBluetooth.framework/Versions/A/CoreBluetooth
0x00000001aaf41000 	/System/Library/Frameworks/AudioUnit.framework/Versions/A/AudioUnit
0x00000001a1d5e000 	/usr/lib/libMatch.1.dylib
0x00000001ba41c000 	/System/Library/Frameworks/Accelerate.framework/Versions/A/Frameworks/vImage.framework/Versions/A/Libraries/libCGInterfaces.dylib
0x00000001167ec000 	/usr/lib/libobjc-trampolines.dylib
0x000000019dab2000 	/System/Library/PrivateFrameworks/ViewBridge.framework/Versions/A/ViewBridge
0x00000001a24ae000 	/System/Library/PrivateFrameworks/login.framework/Versions/A/login
0x00000001a1c25000 	/System/Library/PrivateFrameworks/CrashReporterSupport.framework/Versions/A/CrashReporterSupport
0x00000001c1d2b000 	/System/Library/PrivateFrameworks/OSAnalytics.framework/Versions/A/OSAnalytics
0x00000001cce7a000 	/System/Library/PrivateFrameworks/Symbolication.framework/Versions/A/Symbolication
0x00000001b6176000 	/System/Library/PrivateFrameworks/MallocStackLogging.framework/Versions/A/MallocStackLogging
0x0000000122dbc000 	/Users/sean/.openjfx/cache/17.0.0.1/libjavafx_font.dylib
0x00000002131c2000 	/usr/lib/libRosetta.dylib


VM Arguments:
jvm_args: -agentlib:jdwp=transport=dt_socket,address=127.0.0.1:57065,suspend=y,server=n -javaagent:/Users/sean/Library/Caches/JetBrains/IdeaIC2021.2/captureAgent/debugger-agent.jar -Dfile.encoding=UTF-8 --module-path=/Users/sean/.m2/repository/org/openjfx/javafx-controls/17.0.0.1/javafx-controls-17.0.0.1-mac-aarch64.jar:/Users/sean/Documents/GitHub/Meal-Ordering-System/FoodOrderingSystem/target/classes:/Users/sean/.m2/repository/org/openjfx/javafx-graphics/17.0.0.1/javafx-graphics-17.0.0.1-mac-aarch64.jar:/Users/sean/.m2/repository/org/openjfx/javafx-fxml/17.0.0.1/javafx-fxml-17.0.0.1-mac-aarch64.jar:/Users/sean/.m2/repository/org/openjfx/javafx-base/17.0.0.1/javafx-base-17.0.0.1-mac-aarch64.jar -Djdk.module.main=com.example.foodorderingsystem 
java_command: com.example.foodorderingsystem/com.example.foodorderingsystem.HelloApplication
java_class_path (initial): /Users/sean/.m2/repository/org/openjfx/javafx-controls/17.0.0.1/javafx-controls-17.0.0.1.jar:/Users/sean/.m2/repository/org/openjfx/javafx-graphics/17.0.0.1/javafx-graphics-17.0.0.1.jar:/Users/sean/.m2/repository/org/openjfx/javafx-base/17.0.0.1/javafx-base-17.0.0.1.jar:/Users/sean/.m2/repository/org/openjfx/javafx-fxml/17.0.0.1/javafx-fxml-17.0.0.1.jar:/Applications/IntelliJ IDEA CE.app/Contents/lib/idea_rt.jar
Launcher Type: SUN_STANDARD

[Global flags]
     intx CICompilerCount                          = 4                                         {product} {ergonomic}
     uint ConcGCThreads                            = 2                                         {product} {ergonomic}
     uint G1ConcRefinementThreads                  = 8                                         {product} {ergonomic}
   size_t G1HeapRegionSize                         = 1048576                                   {product} {ergonomic}
    uintx GCDrainStackTargetSize                   = 64                                        {product} {ergonomic}
   size_t InitialHeapSize                          = 134217728                                 {product} {ergonomic}
   size_t MarkStackSize                            = 4194304                                   {product} {ergonomic}
   size_t MaxHeapSize                              = 2147483648                                {product} {ergonomic}
   size_t MaxNewSize                               = 1287651328                                {product} {ergonomic}
   size_t MinHeapDeltaBytes                        = 1048576                                   {product} {ergonomic}
   size_t MinHeapSize                              = 8388608                                   {product} {ergonomic}
    uintx NonNMethodCodeHeapSize                   = 5839564                                {pd product} {ergonomic}
    uintx NonProfiledCodeHeapSize                  = 122909338                              {pd product} {ergonomic}
    uintx ProfiledCodeHeapSize                     = 122909338                              {pd product} {ergonomic}
    uintx ReservedCodeCacheSize                    = 251658240                              {pd product} {ergonomic}
     bool SegmentedCodeCache                       = true                                      {product} {ergonomic}
   size_t SoftMaxHeapSize                          = 2147483648                             {manageable} {ergonomic}
     bool UseCompressedClassPointers               = true                           {product lp64_product} {ergonomic}
     bool UseCompressedOops                        = true                           {product lp64_product} {ergonomic}
     bool UseG1GC                                  = true                                      {product} {ergonomic}
     bool UseNUMA                                  = false                                     {product} {ergonomic}
     bool UseNUMAInterleaving                      = false                                     {product} {ergonomic}

Logging:
Log output configuration:
 #0: stdout all=warning uptime,level,tags
 #1: stderr all=off uptime,level,tags

Environment Variables:
PATH=/usr/local/bin:/usr/bin:/bin:/usr/sbin:/sbin
SHELL=/bin/zsh
LC_CTYPE=zh_TW.UTF-8

Signal Handlers:
   SIGSEGV: _ZL13crash_handleriP9__siginfoPv in libjvm.dylib, mask=11100110000111110111111111111111, flags=SA_RESTART|SA_SIGINFO
    SIGBUS: _ZL13crash_handleriP9__siginfoPv in libjvm.dylib, mask=11100110000111110111111111111111, flags=SA_RESTART|SA_SIGINFO
    SIGFPE: _ZL13crash_handleriP9__siginfoPv in libjvm.dylib, mask=11100110000111110111111111111111, flags=SA_RESTART|SA_SIGINFO
   SIGPIPE: _ZL17javaSignalHandleriP9__siginfoPv in libjvm.dylib, mask=11100110000111110111111111111111, flags=SA_RESTART|SA_SIGINFO
   SIGXFSZ: _ZL17javaSignalHandleriP9__siginfoPv in libjvm.dylib, mask=11100110000111110111111111111111, flags=SA_RESTART|SA_SIGINFO
    SIGILL: _ZL13crash_handleriP9__siginfoPv in libjvm.dylib, mask=11100110000111110111111111111111, flags=SA_RESTART|SA_SIGINFO
   SIGUSR2: _ZL10SR_handleriP9__siginfoP17__darwin_ucontext in libjvm.dylib, mask=00100000000000000000000000000000, flags=SA_RESTART|SA_SIGINFO
    SIGHUP: _ZL11UserHandleriPvS_ in libjvm.dylib, mask=11100110000111110111111111111111, flags=SA_RESTART|SA_SIGINFO
    SIGINT: _ZL11UserHandleriPvS_ in libjvm.dylib, mask=11100110000111110111111111111111, flags=SA_RESTART|SA_SIGINFO
   SIGTERM: _ZL11UserHandleriPvS_ in libjvm.dylib, mask=11100110000111110111111111111111, flags=SA_RESTART|SA_SIGINFO
   SIGQUIT: _ZL11UserHandleriPvS_ in libjvm.dylib, mask=11100110000111110111111111111111, flags=SA_RESTART|SA_SIGINFO
   SIGTRAP: _ZL13crash_handleriP9__siginfoPv in libjvm.dylib, mask=11100110000111110111111111111111, flags=SA_RESTART|SA_SIGINFO


---------------  S Y S T E M  ---------------

OS:
uname: Darwin 21.1.0 Darwin Kernel Version 21.1.0: Wed Oct 13 17:33:24 PDT 2021; root:xnu-8019.41.5~1/RELEASE_ARM64_T8101 arm64
OS uptime: 2 days 9:23 hours
rlimit (soft/hard): STACK 8176k/65520k , CORE 0k/infinity , NPROC 1333/2000 , NOFILE 10240/infinity , AS infinity/infinity , CPU infinity/infinity , DATA infinity/infinity , FSIZE infinity/infinity , MEMLOCK infinity/infinity , RSS infinity/infinity
load average: 1.72 2.19 2.08

CPU: total 8 (initial active 8) 0x61:0x0:0x1b588bb3:0, fp, simd, crc, lse

Memory: 16k page, physical 8388608k(89040k free), swap 3145728k(849152k free)

vm_info: Java HotSpot(TM) 64-Bit Server VM (17.0.1+12-LTS-39) for bsd-aarch64 JRE (17.0.1+12-LTS-39), built on Sep 27 2021 17:38:30 by "mach5one" with clang Apple LLVM 12.0.0 (clang-1200.0.32.29)

END.
