#
# A fatal error has been detected by the Java Runtime Environment:
#
#  SIGBUS (0xa) at pc=0x000000010c5054f0, pid=98075, tid=27151
#
# JRE version: Java(TM) SE Runtime Environment (17.0.1+12) (build 17.0.1+12-LTS-39)
# Java VM: Java HotSpot(TM) 64-Bit Server VM (17.0.1+12-LTS-39, mixed mode, sharing, tiered, compressed oops, compressed class ptrs, g1 gc, bsd-aarch64)
# Problematic frame:
# v  ~StubRoutines::SafeFetchN
#
# No core dump will be written. Core dumps have been disabled. To enable core dumping, try "ulimit -c unlimited" before starting Java again
#
# If you would like to submit a bug report, please visit:
#   https://bugreport.java.com/bugreport/crash.jsp
# The crash happened outside the Java Virtual Machine in native code.
# See problematic frame for where to report the bug.
#

---------------  S U M M A R Y ------------

Command Line: -javaagent:/Applications/IntelliJ IDEA CE.app/Contents/lib/idea_rt.jar=65052:/Applications/IntelliJ IDEA CE.app/Contents/bin -Dfile.encoding=UTF-8 --module-path=/Users/sean/.m2/repository/org/openjfx/javafx-graphics/17.0.0.1/javafx-graphics-17.0.0.1-mac-aarch64.jar:/Users/sean/.m2/repository/org/openjfx/javafx-fxml/17.0.0.1/javafx-fxml-17.0.0.1-mac-aarch64.jar:/Users/sean/.m2/repository/org/openjfx/javafx-controls/17.0.0.1/javafx-controls-17.0.0.1-mac-aarch64.jar:/Users/sean/.m2/repository/org/openjfx/javafx-base/17.0.0.1/javafx-base-17.0.0.1-mac-aarch64.jar:/Users/sean/Documents/GitHub/Meal-Ordering-System/FoodOrderingSystem/target/classes -Djdk.module.main=com.example.foodorderingsystem com.example.foodorderingsystem/com.example.foodorderingsystem.HelloApplication

Host: "MacBookPro17,1" arm64 1 MHz, 8 cores, 8G, Darwin 21.1.0, macOS 12.0.1 (21A559)
Time: Fri Feb 11 15:36:58 2022 CST elapsed time: 10.280799 seconds (0d 0h 0m 10s)

---------------  T H R E A D  ---------------

Current thread (0x00000001299a1c00):  JavaThread "InvokeLaterDispatcher" daemon [_thread_in_native, id=27151, stack(0x000000016fbbc000,0x000000016fdbf000)]

Stack: [0x000000016fbbc000,0x000000016fdbf000],  sp=0x000000016fdbe7d0,  free space=2057k
Native frames: (J=compiled Java code, j=interpreted, Vv=VM code, C=native code)
v  ~StubRoutines::SafeFetchN
V  [libjvm.dylib+0x79e208]  _ZN10OopStorage7releaseEPKP7oopDesc+0x20
V  [libjvm.dylib+0x4b8f30]  jni_DeleteGlobalRef+0xc4
C  [libglass.dylib+0xab08]  -[GlassRunnable dealloc]+0x34
C  [Foundation+0x85e0c]  -[_NSThreadPerformInfo dealloc]+0x30
C  [Foundation+0x525e8]  -[NSObject(NSThreadPerformAdditions) performSelectorOnMainThread:withObject:waitUntilDone:]+0x88
C  0x9f7380011411d94c
J 3612 c1 com.sun.glass.ui.mac.MacApplication.submitForLaterInvocation(Ljava/lang/Runnable;)V javafx.graphics (6 bytes) @ 0x000000010d1cbe58 [0x000000010d1cbdc0+0x0000000000000098]
C  0x0000000781091ec8

Java frames: (J=compiled Java code, j=interpreted, Vv=VM code)
J 3613  com.sun.glass.ui.mac.MacApplication._submitForLaterInvocation(Ljava/lang/Runnable;)V javafx.graphics (0 bytes) @ 0x000000011411d94c [0x000000011411d8c0+0x000000000000008c]
J 3612 c1 com.sun.glass.ui.mac.MacApplication.submitForLaterInvocation(Ljava/lang/Runnable;)V javafx.graphics (6 bytes) @ 0x000000010d1cbe58 [0x000000010d1cbdc0+0x0000000000000098]
j  com.sun.glass.ui.InvokeLaterDispatcher.run()V+82 javafx.graphics
v  ~StubRoutines::call_stub

siginfo: si_signo: 10 (SIGBUS), si_code: 1 (BUS_ADRALN), si_addr: 0x000000010c5054f0

Register to memory mapping:

 x0=0x0000000128605b48 is a global jni handle
 x1=0x0 is NULL
 x2=0x0000000785305b08 is an oop: com.sun.glass.ui.InvokeLaterDispatcher$Future 
{0x0000000785305b08} - klass: 'com/sun/glass/ui/InvokeLaterDispatcher$Future'
 - ---- fields (total size 3 words):
 - private 'done' 'Z' @12  true
 - private final 'runnable' 'Ljava/lang/Runnable;' @16  a 'com/sun/javafx/tk/quantum/QuantumToolkit$$Lambda$85+0x0000000800c39200'{0x00000007810f9198} (f021f233)
 - final synthetic 'this$0' 'Lcom/sun/glass/ui/InvokeLaterDispatcher;' @20  a 'com/sun/glass/ui/InvokeLaterDispatcher'{0x0000000781091ec8} (f02123d9)
 x3=0x0 is NULL
 x4=0x00000000000130a8 is an unknown value
 x5=0x0 is NULL
 x6=0x0 is NULL
 x7=0x0 is NULL
 x8=0x000000010c5054ec is at begin+0 in a stub
StubRoutines::SafeFetchN [0x000000010c5054ec, 0x000000010c5054f8] (12 bytes)
 x9=0x0 is NULL
x10=0x2010000030300000 is an unknown value
x11=0x0000000000000007 is an unknown value
x12=0x0 is NULL
x13=0x0000600002178470 points into unknown readable memory: 0x65626d654d2f656b | 6b 65 2f 4d 65 6d 62 65
x14=0x0000000000000001 is an unknown value
x15=0x0000000126045f98: OBJC_CLASS_$_GlassRunnable+0 in /Users/sean/.openjfx/cache/17.0.0.1/libglass.dylib at 0x0000000126000000
x16=0x0000000196734340: pthread_getspecific+0 in /usr/lib/system/libsystem_pthread.dylib at 0x0000000196732000
x17=0x0000600002b57300 points into unknown readable memory: 0xfffffffffffffffe | fe ff ff ff ff ff ff ff
x18=0x0 is NULL
x19=0x00006000024542a0 points into unknown readable memory: 0x0000600000d583b0 | b0 83 d5 00 00 60 00 00
x20=0x0000000128605940 points into unknown readable memory: 0x0000000000000000 | 00 00 00 00 00 00 00 00
x21=0x0000000128605b48 is a global jni handle
x22=0x00000001299a1c00 is a thread
x23=0x0000000000000001 is an unknown value
x24=0x0000000128605b00 is a global jni handle
x25=0x0000000104a315d8: _ZN12StubRoutines17_safefetchN_entryE+0 in /Library/Java/JavaVirtualMachines/jdk-17.0.1.jdk/Contents/Home/lib/server/libjvm.dylib at 0x0000000103ea0000
x26=0x0000000121d1aaf8 is pointing into metadata
x27=0x0 is NULL
x28=0x00000001299a1c00 is a thread


Registers:
 x0=0x0000000128605b48  x1=0x0000000000000000  x2=0x0000000785305b08  x3=0x0000000000000000
 x4=0x00000000000130a8  x5=0x0000000000000000  x6=0x0000000000000000  x7=0x0000000000000000
 x8=0x000000010c5054ec  x9=0x0000000000000000 x10=0x2010000030300000 x11=0x0000000000000007
x12=0x0000000000000000 x13=0x0000600002178470 x14=0x0000000000000001 x15=0x0000000126045f98
x16=0x0000000196734340 x17=0x0000600002b57300 x18=0x0000000000000000 x19=0x00006000024542a0
x20=0x0000000128605940 x21=0x0000000128605b48 x22=0x00000001299a1c00 x23=0x0000000000000001
x24=0x0000000128605b00 x25=0x0000000104a315d8 x26=0x0000000121d1aaf8 x27=0x0000000000000000
x28=0x00000001299a1c00  fp=0x000000016fdbe810  lr=0x000000010463cfd8  sp=0x000000016fdbe7d0
pc=0x000000010c5054f0 cpsr=0x0000000060001000
Top of Stack: (sp=0x000000016fdbe7d0)
0x000000016fdbe7d0:   0000000121d1aaf8 0000000000000001
0x000000016fdbe7e0:   0000000800c2b0a0 0000600000d453e0
0x000000016fdbe7f0:   0000000000000000 0000000128605b30
0x000000016fdbe800:   0000000128605b30 00006000024542a0
0x000000016fdbe810:   000000016fdbe850 000000010463e208
0x000000016fdbe820:   0000000000000001 0000000128605b30
0x000000016fdbe830:   0000000000000000 0000000128605b30
0x000000016fdbe840:   0000000000000001 000000012981ba00
0x000000016fdbe850:   000000016fdbe880 0000000104358f30
0x000000016fdbe860:   0000600000d454f0 00000001e09619f4
0x000000016fdbe870:   0000000000000000 0000600000d454f0
0x000000016fdbe880:   000000016fdbe8b0 000000012600ab08
0x000000016fdbe890:   06c107e45cd70097 0000000000000000
0x000000016fdbe8a0:   0000000000000000 0000600001ab8900
0x000000016fdbe8b0:   000000016fdbe8f0 00000001976fce0c
0x000000016fdbe8c0:   0000000800c2b0a0 0000600000d453e0
0x000000016fdbe8d0:   0000600000d454f0 06c107e45cd70097
0x000000016fdbe8e0:   0000000000000000 0000000000000000
0x000000016fdbe8f0:   000000016fdbe930 26098001976c95e8
0x000000016fdbe900:   0000000800c2b0a0 000000010c50c7c0
0x000000016fdbe910:   0000000121cfff52 0000000104a38f90
0x000000016fdbe920:   000000016fdbea10 00000000000000b9
0x000000016fdbe930:   000000016fdbe990 9f7380011411d94c
0x000000016fdbe940:   00000007810f88d8 0000000785305b08
0x000000016fdbe950:   000000016fdbeab8 0000000196740530
0x000000016fdbe960:   00000001299a1c00 0000000104a15db0
0x000000016fdbe970:   000000016fdbea20 0000000000000001
0x000000016fdbe980:   000000016fdbe9c0 0000000780ef1d38
0x000000016fdbe990:   000000016fdbea80 000000010d1cbe58
0x000000016fdbe9a0:   0000000785305b08 00000007810f9198
0x000000016fdbe9b0:   000000016fdbea18 00000000000000b6
0x000000016fdbe9c0:   000000016fdbea80 2e2700010c51b260 

Instructions: (pc=0x000000010c5054f0)
0x000000010c5053f0:   f2a093e9 f2c00029 6d425935 1e640886
0x000000010c505400:   0c402d31 1e6408c7 1f5654d0 1e6c1017
0x000000010c505410:   1f5050d0 1f504cd0 1f5048d0 1e650af6
0x000000010c505420:   1f50d8f6 1f5694d6 1f5158f6 1e762880
0x000000010c505430:   36000501 1e614000 14000026 2e251ca5
0x000000010c505440:   d29c3009 f2a093e9 f2c00029 6d425d36
0x000000010c505450:   1e600806 0c402d32 1f5758c7 1e6c101a
0x000000010c505460:   1f4754c7 1e650805 1f4750c7 d2866668
0x000000010c505470:   f2a7fa68 1f474cc7 1e6608c0 1f4748c7
0x000000010c505480:   1e6e1019 eb08007f 540000ac 1f479400
0x000000010c505490:   1f460340 1e603b20 1400000e d2a7fd29
0x000000010c5054a0:   eb09007f 540000ac 51480069 d3607d29
0x000000010c5054b0:   9e670121 14000002 1e6a5001 1f679417
0x000000010c5054c0:   1f668742 1e613b23 1e773857 1e773860
0x000000010c5054d0:   a8c17ff3 910003bf a8c17bfd d65f03c0
0x000000010c5054e0:   b9400001 aa0103e0 d65f03c0 f9400001
0x000000010c5054f0:   aa0103e0 d65f03c0 00000000 00000000
0x000000010c505500:   00000000 00000000 00000000 00000000
0x000000010c505510:   00000000 00000000 00000000 00000000
0x000000010c505520:   00000000 00000000 00000000 00000000
0x000000010c505530:   00000000 00000000 00000000 00000000
0x000000010c505540:   00000000 00000000 00000000 00000000
0x000000010c505550:   00000000 00000000 00000000 00000000
0x000000010c505560:   00000000 00000000 00000000 00000000
0x000000010c505570:   00000000 00000000 00000000 00000000
0x000000010c505580:   00000000 00000000 00000000 00000000
0x000000010c505590:   00000000 00000000 00000000 00000000
0x000000010c5055a0:   00000000 00000000 00000000 00000000
0x000000010c5055b0:   00000000 00000000 00000000 00000000
0x000000010c5055c0:   00000000 00000000 00000000 00000000
0x000000010c5055d0:   00000000 00000000 00000000 00000000
0x000000010c5055e0:   00000000 00000000 00000000 00000000 


Stack slot to memory mapping:
stack at sp + 0 slots: 0x0000000121d1aaf8 is pointing into metadata
stack at sp + 1 slots: 0x0000000000000001 is an unknown value
stack at sp + 2 slots: 0x0000000800c2b0a0 is a pointer to class: 
com.sun.glass.ui.mac.MacApplication {0x0000000800c2b0a0}
 - instance size:     5
 - klass size:        136
 - access:            final synchronized 
 - state:             fully_initialized
 - name:              'com/sun/glass/ui/mac/MacApplication'
 - super:             'com/sun/glass/ui/Application'
 - sub:               
 - arrays:            NULL
 - methods:           Array<T>(0x0000000121cef5e8)
 - method ordering:   Array<T>(0x0000000800918908)
 - default_methods:   Array<T>(0x0000000000000000)
 - local interfaces:  Array<T>(0x0000000121cf5168)
 - trans. interfaces: Array<T>(0x0000000121cf5168)
 - constants:         constant pool [548]/operands[69] {0x0000000121cf4000} for 'com/sun/glass/ui/mac/MacApplication' cache=0x0000000121d185b0
 - class loader data:  loader data: 0x0000600003e54280 for instance a 'jdk/internal/loader/ClassLoaders$AppClassLoader'{0x00000007810aa810}
 - source file:       'MacApplication.java'
 - class annotations:       Array<T>(0x0000000000000000)
 - class type annotations:  Array<T>(0x0000000000000000)
 - field annotations:       Array<T>(0x0000000000000000)
 - field type annotations:  Array<T>(0x0000000000000000)
 - inner classes:     Array<T>(0x0000000121cf7fa0)
 - nest members:     Array<T>(0x0000000121cf2090)
 - permitted subclasses:     Array<T>(0x00000008005c37e0)
 - java mirror:       a 'java/lang/Class'{0x00000007810dd940} = 'com/sun/glass/ui/mac/MacApplication'
 - vtable length      72  (start addr: 0x0000000800c2b270)
 - itable length      5 (start addr: 0x0000000800c2b4b0)
 - ---- static fields (1 words):
 - static final 'BROWSER_PARENT_ID' 'J' @112 
 - ---- non-static fields (7 words):
 - private 'initialActiveEventReceived' 'Z' @12 
 - private 'terminateWhenLastWindowClosed' 'Z' @13 
 - protected 'name' 'Ljava/lang/String;' @16 
 - private 'eventHandler' 'Lcom/sun/glass/ui/Application$EventHandler;' @20 
 - private 'initialOpenedFiles' '[Ljava/lang/String;' @24 
 - private 'isTaskbarApplication' 'Z' @14 
 - private 'firstDidResignActive' 'Z' @15 
 - private final 'invokeLaterDispatcher' 'Lcom/sun/glass/ui/InvokeLaterDispatcher;' @28 
 - private 'appleMenu' 'Lcom/sun/glass/ui/Menu;' @32 
 - private final 'reactivationLatch' 'Ljava/util/concurrent/CountDownLatch;' @36 
 - non-static oop maps: 16-36 
stack at sp + 3 slots: 0x0000600000d453e0 points into unknown readable memory: 0x01000001ef416081 | 81 60 41 ef 01 00 00 01
stack at sp + 4 slots: 0x0 is NULL
stack at sp + 5 slots: 0x0000000128605b30 is a global jni handle
stack at sp + 6 slots: 0x0000000128605b30 is a global jni handle
stack at sp + 7 slots: 0x00006000024542a0 points into unknown readable memory: 0x0000600000d583b0 | b0 83 d5 00 00 60 00 00

StubRoutines::SafeFetchN [0x000000010c5054ec, 0x000000010c5054f8] (12 bytes)
[MachCode]
  0x000000010c5054ec: 0100 40f9 | e003 01aa | c003 5fd6 
[/MachCode]

---------------  P R O C E S S  ---------------

Threads class SMR info:
_java_thread_list=0x0000600000f4f9a0, length=21, elements={
0x000000012981b400, 0x0000000129085600, 0x0000000129087e00, 0x000000012880fc00,
0x000000012880e400, 0x000000012880ea00, 0x000000012880f000, 0x0000000128812400,
0x000000012881aa00, 0x000000012984fe00, 0x000000012a8c6a00, 0x0000000124008200,
0x0000000129085c00, 0x00000001299a1c00, 0x000000012981ba00, 0x00000001299e1600,
0x000000012aa52800, 0x0000000129140200, 0x000000012aa33600, 0x000000012abfcc00,
0x0000000129db3800
}

Java Threads: ( => current thread )
  0x000000012981b400 JavaThread "main" [_thread_blocked, id=6403, stack(0x000000016d1b4000,0x000000016d3b7000)]
  0x0000000129085600 JavaThread "Reference Handler" daemon [_thread_blocked, id=16131, stack(0x000000016e008000,0x000000016e20b000)]
  0x0000000129087e00 JavaThread "Finalizer" daemon [_thread_blocked, id=15107, stack(0x000000016e214000,0x000000016e417000)]
  0x000000012880fc00 JavaThread "Signal Dispatcher" daemon [_thread_blocked, id=22787, stack(0x000000016e538000,0x000000016e73b000)]
  0x000000012880e400 JavaThread "Service Thread" daemon [_thread_blocked, id=41987, stack(0x000000016e744000,0x000000016e947000)]
  0x000000012880ea00 JavaThread "Monitor Deflation Thread" daemon [_thread_blocked, id=41475, stack(0x000000016e950000,0x000000016eb53000)]
  0x000000012880f000 JavaThread "C2 CompilerThread0" daemon [_thread_blocked, id=41219, stack(0x000000016eb5c000,0x000000016ed5f000)]
  0x0000000128812400 JavaThread "C1 CompilerThread0" daemon [_thread_blocked, id=40707, stack(0x000000016ed68000,0x000000016ef6b000)]
  0x000000012881aa00 JavaThread "Sweeper thread" daemon [_thread_blocked, id=40451, stack(0x000000016ef74000,0x000000016f177000)]
  0x000000012984fe00 JavaThread "Common-Cleaner" daemon [_thread_blocked, id=23555, stack(0x000000016f180000,0x000000016f383000)]
  0x000000012a8c6a00 JavaThread "Monitor Ctrl-Break" daemon [_thread_in_native, id=23811, stack(0x000000016f38c000,0x000000016f58f000)]
  0x0000000124008200 JavaThread "Notification Thread" daemon [_thread_blocked, id=39427, stack(0x000000016f598000,0x000000016f79b000)]
  0x0000000129085c00 JavaThread "QuantumRenderer-0" daemon [_thread_blocked, id=24067, stack(0x000000016f9b0000,0x000000016fbb3000)]
=>0x00000001299a1c00 JavaThread "InvokeLaterDispatcher" daemon [_thread_in_native, id=27151, stack(0x000000016fbbc000,0x000000016fdbf000)]
  0x000000012981ba00 JavaThread "JavaFX Application Thread" [_thread_in_vm, id=259, stack(0x000000016c92c000,0x000000016d128000)]
  0x00000001299e1600 JavaThread "JavaFX-Launcher" [_thread_blocked, id=76547, stack(0x0000000170178000,0x000000017037b000)]
  0x000000012aa52800 JavaThread "Attach Listener" daemon [_thread_blocked, id=53259, stack(0x0000000170dc0000,0x0000000170fc3000)]
  0x0000000129140200 JavaThread "Keep-Alive-Timer" daemon [_thread_blocked, id=59143, stack(0x0000000170fcc000,0x00000001711cf000)]
  0x000000012aa33600 JavaThread "PulseTimer-CVDisplayLink thread" daemon [_thread_in_native, id=70423, stack(0x000000016fe54000,0x000000016fed7000)]
  0x000000012abfcc00 JavaThread "Prism Font Disposer" daemon [_thread_blocked, id=62323, stack(0x0000000176c2c000,0x0000000176e2f000)]
  0x0000000129db3800 JavaThread "Cleaner-0" daemon [_thread_blocked, id=91431, stack(0x0000000177044000,0x0000000177247000)]

Other Threads:
  0x000000012870b040 VMThread "VM Thread" [stack: 0x000000016ddfc000,0x000000016dfff000] [id=16643]
  0x000000012a01f4b0 WatcherThread [stack: 0x000000016f7a4000,0x000000016f9a7000] [id=38915]
  0x000000012a006ad0 GCTaskThread "GC Thread#0" [stack: 0x000000016d3c0000,0x000000016d5c3000] [id=12291]
  0x000000012a125ac0 GCTaskThread "GC Thread#1" [stack: 0x0000000170384000,0x0000000170587000] [id=73223]
  0x000000012a040060 GCTaskThread "GC Thread#2" [stack: 0x0000000170590000,0x0000000170793000] [id=72451]
  0x000000012a040310 GCTaskThread "GC Thread#3" [stack: 0x000000017079c000,0x000000017099f000] [id=72195]
  0x000000012a0405c0 GCTaskThread "GC Thread#4" [stack: 0x00000001709a8000,0x0000000170bab000] [id=71683]
  0x0000000128620480 GCTaskThread "GC Thread#5" [stack: 0x0000000170bb4000,0x0000000170db7000] [id=71171]
  0x000000012874cfc0 GCTaskThread "GC Thread#6" [stack: 0x00000001759c0000,0x0000000175bc3000] [id=69639]
  0x000000012874d440 GCTaskThread "GC Thread#7" [stack: 0x0000000175bcc000,0x0000000175dcf000] [id=69379]
  0x000000012a007180 ConcurrentGCThread "G1 Main Marker" [stack: 0x000000016d5cc000,0x000000016d7cf000] [id=19459]
  0x000000012a007a00 ConcurrentGCThread "G1 Conc#0" [stack: 0x000000016d7d8000,0x000000016d9db000] [id=18947]
  0x000000012a059f50 ConcurrentGCThread "G1 Conc#1" [stack: 0x0000000176e38000,0x000000017703b000] [id=65803]
  0x0000000128706b50 ConcurrentGCThread "G1 Refine#0" [stack: 0x000000016d9e4000,0x000000016dbe7000] [id=18435]
  0x0000000128629dc0 ConcurrentGCThread "G1 Refine#1" [stack: 0x0000000175dd8000,0x0000000175fdb000] [id=60163]
  0x0000000121706540 ConcurrentGCThread "G1 Refine#2" [stack: 0x0000000175fe4000,0x00000001761e7000] [id=60675]
  0x0000000121606ae0 ConcurrentGCThread "G1 Refine#3" [stack: 0x00000001761f0000,0x00000001763f3000] [id=60931]
  0x00000001216070e0 ConcurrentGCThread "G1 Refine#4" [stack: 0x00000001763fc000,0x00000001765ff000] [id=67843]
  0x0000000123d04bc0 ConcurrentGCThread "G1 Refine#5" [stack: 0x0000000176608000,0x000000017680b000] [id=67075]
  0x0000000121706b40 ConcurrentGCThread "G1 Refine#6" [stack: 0x0000000176814000,0x0000000176a17000] [id=61699]
  0x00000001287073f0 ConcurrentGCThread "G1 Service" [stack: 0x000000016dbf0000,0x000000016ddf3000] [id=17923]

Threads with active compile tasks:

VM state: not at safepoint (normal execution)

VM Mutex/Monitor currently owned by a thread: None

Heap address: 0x0000000780000000, size: 2048 MB, Compressed Oops mode: Zero based, Oop shift amount: 3

CDS archive(s) mapped at: [0x0000000800000000-0x0000000800bd4000-0x0000000800bd4000), size 12402688, SharedBaseAddress: 0x0000000800000000, ArchiveRelocationMode: 0.
Compressed class space mapped at: 0x0000000800c00000-0x0000000840c00000, reserved size: 1073741824
Narrow klass base: 0x0000000800000000, Narrow klass shift: 0, Narrow klass range: 0x100000000

GC Precious Log:
 CPUs: 8 total, 8 available
 Memory: 8192M
 Large Page Support: Disabled
 NUMA Support: Disabled
 Compressed Oops: Enabled (Zero based)
 Heap Region Size: 1M
 Heap Min Capacity: 8M
 Heap Initial Capacity: 128M
 Heap Max Capacity: 2G
 Pre-touch: Disabled
 Parallel Workers: 8
 Concurrent Workers: 2
 Concurrent Refinement Workers: 8
 Periodic GC: Disabled

Heap:
 garbage-first heap   total 102400K, used 37790K [0x0000000780000000, 0x0000000800000000)
  region size 1024K, 16 young (16384K), 7 survivors (7168K)
 Metaspace       used 22954K, committed 23168K, reserved 1073152K
  class space    used 3230K, committed 3328K, reserved 1048576K

Heap Regions: E=young(eden), S=young(survivor), O=old, HS=humongous(starts), HC=humongous(continues), CS=collection set, F=free, OA=open archive, CA=closed archive, TAMS=top-at-mark-start (previous, next)
|   0|0x0000000780000000, 0x0000000780100000, 0x0000000780100000|100%|HS|  |TAMS 0x0000000780100000, 0x0000000780000000| Complete 
|   1|0x0000000780100000, 0x0000000780200000, 0x0000000780200000|100%|HC|  |TAMS 0x0000000780200000, 0x0000000780100000| Complete 
|   2|0x0000000780200000, 0x0000000780300000, 0x0000000780300000|100%|HS|  |TAMS 0x0000000780300000, 0x0000000780200000| Complete 
|   3|0x0000000780300000, 0x0000000780400000, 0x0000000780400000|100%|HC|  |TAMS 0x0000000780400000, 0x0000000780300000| Complete 
|   4|0x0000000780400000, 0x0000000780500000, 0x0000000780500000|100%|HC|  |TAMS 0x0000000780500000, 0x0000000780400000| Complete 
|   5|0x0000000780500000, 0x0000000780600000, 0x0000000780600000|100%|HC|  |TAMS 0x0000000780600000, 0x0000000780500000| Complete 
|   6|0x0000000780600000, 0x0000000780700000, 0x0000000780700000|100%|HS|  |TAMS 0x0000000780700000, 0x0000000780600000| Complete 
|   7|0x0000000780700000, 0x0000000780800000, 0x0000000780800000|100%|HC|  |TAMS 0x0000000780800000, 0x0000000780700000| Complete 
|   8|0x0000000780800000, 0x0000000780900000, 0x0000000780900000|100%|HC|  |TAMS 0x0000000780900000, 0x0000000780800000| Complete 
|   9|0x0000000780900000, 0x0000000780a00000, 0x0000000780a00000|100%|HC|  |TAMS 0x0000000780a00000, 0x0000000780900000| Complete 
|  10|0x0000000780a00000, 0x0000000780b00000, 0x0000000780b00000|100%|HS|  |TAMS 0x0000000780b00000, 0x0000000780a00000| Complete 
|  11|0x0000000780b00000, 0x0000000780c00000, 0x0000000780c00000|100%|HC|  |TAMS 0x0000000780c00000, 0x0000000780b00000| Complete 
|  12|0x0000000780c00000, 0x0000000780d00000, 0x0000000780d00000|100%|HC|  |TAMS 0x0000000780d00000, 0x0000000780c00000| Complete 
|  13|0x0000000780d00000, 0x0000000780e00000, 0x0000000780e00000|100%|HC|  |TAMS 0x0000000780e00000, 0x0000000780d00000| Complete 
|  14|0x0000000780e00000, 0x0000000780f00000, 0x0000000780f00000|100%| O|  |TAMS 0x0000000780f00000, 0x0000000780e00000| Untracked 
|  15|0x0000000780f00000, 0x0000000781000000, 0x0000000781000000|100%| O|  |TAMS 0x0000000781000000, 0x0000000780f00000| Untracked 
|  16|0x0000000781000000, 0x0000000781100000, 0x0000000781100000|100%| O|  |TAMS 0x0000000781091400, 0x0000000781000000| Untracked 
|  17|0x0000000781100000, 0x0000000781200000, 0x0000000781200000|100%| O|  |TAMS 0x0000000781100000, 0x0000000781100000| Untracked 
|  18|0x0000000781200000, 0x0000000781300000, 0x0000000781300000|100%| O|  |TAMS 0x0000000781200000, 0x0000000781200000| Untracked 
|  19|0x0000000781300000, 0x0000000781319200, 0x0000000781400000|  9%| O|  |TAMS 0x0000000781300000, 0x0000000781300000| Untracked 
|  20|0x0000000781400000, 0x0000000781500000, 0x0000000781500000|100%|HS|  |TAMS 0x0000000781400000, 0x0000000781400000| Complete 
|  21|0x0000000781500000, 0x0000000781600000, 0x0000000781600000|100%|HC|  |TAMS 0x0000000781500000, 0x0000000781500000| Complete 
|  22|0x0000000781600000, 0x0000000781600000, 0x0000000781700000|  0%| F|  |TAMS 0x0000000781600000, 0x0000000781600000| Untracked 
|  23|0x0000000781700000, 0x0000000781700000, 0x0000000781800000|  0%| F|  |TAMS 0x0000000781700000, 0x0000000781700000| Untracked 
|  24|0x0000000781800000, 0x0000000781800000, 0x0000000781900000|  0%| F|  |TAMS 0x0000000781800000, 0x0000000781800000| Untracked 
|  25|0x0000000781900000, 0x0000000781900000, 0x0000000781a00000|  0%| F|  |TAMS 0x0000000781900000, 0x0000000781900000| Untracked 
|  26|0x0000000781a00000, 0x0000000781a00000, 0x0000000781b00000|  0%| F|  |TAMS 0x0000000781a00000, 0x0000000781a00000| Untracked 
|  27|0x0000000781b00000, 0x0000000781b00000, 0x0000000781c00000|  0%| F|  |TAMS 0x0000000781b00000, 0x0000000781b00000| Untracked 
|  28|0x0000000781c00000, 0x0000000781c00000, 0x0000000781d00000|  0%| F|  |TAMS 0x0000000781c00000, 0x0000000781c00000| Untracked 
|  29|0x0000000781d00000, 0x0000000781d00000, 0x0000000781e00000|  0%| F|  |TAMS 0x0000000781d00000, 0x0000000781d00000| Untracked 
|  30|0x0000000781e00000, 0x0000000781e00000, 0x0000000781f00000|  0%| F|  |TAMS 0x0000000781e00000, 0x0000000781e00000| Untracked 
|  31|0x0000000781f00000, 0x0000000781f00000, 0x0000000782000000|  0%| F|  |TAMS 0x0000000781f00000, 0x0000000781f00000| Untracked 
|  32|0x0000000782000000, 0x0000000782000000, 0x0000000782100000|  0%| F|  |TAMS 0x0000000782000000, 0x0000000782000000| Untracked 
|  33|0x0000000782100000, 0x0000000782100000, 0x0000000782200000|  0%| F|  |TAMS 0x0000000782100000, 0x0000000782100000| Untracked 
|  34|0x0000000782200000, 0x0000000782200000, 0x0000000782300000|  0%| F|  |TAMS 0x0000000782200000, 0x0000000782200000| Untracked 
|  35|0x0000000782300000, 0x0000000782300000, 0x0000000782400000|  0%| F|  |TAMS 0x0000000782300000, 0x0000000782300000| Untracked 
|  36|0x0000000782400000, 0x0000000782400000, 0x0000000782500000|  0%| F|  |TAMS 0x0000000782400000, 0x0000000782400000| Untracked 
|  37|0x0000000782500000, 0x0000000782500000, 0x0000000782600000|  0%| F|  |TAMS 0x0000000782500000, 0x0000000782500000| Untracked 
|  38|0x0000000782600000, 0x0000000782600000, 0x0000000782700000|  0%| F|  |TAMS 0x0000000782600000, 0x0000000782600000| Untracked 
|  39|0x0000000782700000, 0x0000000782700000, 0x0000000782800000|  0%| F|  |TAMS 0x0000000782700000, 0x0000000782700000| Untracked 
|  40|0x0000000782800000, 0x0000000782800000, 0x0000000782900000|  0%| F|  |TAMS 0x0000000782800000, 0x0000000782800000| Untracked 
|  41|0x0000000782900000, 0x0000000782900000, 0x0000000782a00000|  0%| F|  |TAMS 0x0000000782900000, 0x0000000782900000| Untracked 
|  42|0x0000000782a00000, 0x0000000782a00000, 0x0000000782b00000|  0%| F|  |TAMS 0x0000000782a00000, 0x0000000782a00000| Untracked 
|  43|0x0000000782b00000, 0x0000000782b00000, 0x0000000782c00000|  0%| F|  |TAMS 0x0000000782b00000, 0x0000000782b00000| Untracked 
|  44|0x0000000782c00000, 0x0000000782c00000, 0x0000000782d00000|  0%| F|  |TAMS 0x0000000782c00000, 0x0000000782c00000| Untracked 
|  45|0x0000000782d00000, 0x0000000782d00000, 0x0000000782e00000|  0%| F|  |TAMS 0x0000000782d00000, 0x0000000782d00000| Untracked 
|  46|0x0000000782e00000, 0x0000000782e00000, 0x0000000782f00000|  0%| F|  |TAMS 0x0000000782e00000, 0x0000000782e00000| Untracked 
|  47|0x0000000782f00000, 0x0000000782f00000, 0x0000000783000000|  0%| F|  |TAMS 0x0000000782f00000, 0x0000000782f00000| Untracked 
|  48|0x0000000783000000, 0x0000000783000000, 0x0000000783100000|  0%| F|  |TAMS 0x0000000783000000, 0x0000000783000000| Untracked 
|  49|0x0000000783100000, 0x0000000783100000, 0x0000000783200000|  0%| F|  |TAMS 0x0000000783100000, 0x0000000783100000| Untracked 
|  50|0x0000000783200000, 0x0000000783200000, 0x0000000783300000|  0%| F|  |TAMS 0x0000000783200000, 0x0000000783200000| Untracked 
|  51|0x0000000783300000, 0x0000000783300000, 0x0000000783400000|  0%| F|  |TAMS 0x0000000783300000, 0x0000000783300000| Untracked 
|  52|0x0000000783400000, 0x0000000783400000, 0x0000000783500000|  0%| F|  |TAMS 0x0000000783400000, 0x0000000783400000| Untracked 
|  53|0x0000000783500000, 0x0000000783500000, 0x0000000783600000|  0%| F|  |TAMS 0x0000000783500000, 0x0000000783500000| Untracked 
|  54|0x0000000783600000, 0x0000000783600000, 0x0000000783700000|  0%| F|  |TAMS 0x0000000783600000, 0x0000000783600000| Untracked 
|  55|0x0000000783700000, 0x0000000783700000, 0x0000000783800000|  0%| F|  |TAMS 0x0000000783700000, 0x0000000783700000| Untracked 
|  56|0x0000000783800000, 0x0000000783800000, 0x0000000783900000|  0%| F|  |TAMS 0x0000000783800000, 0x0000000783800000| Untracked 
|  57|0x0000000783900000, 0x0000000783900000, 0x0000000783a00000|  0%| F|  |TAMS 0x0000000783900000, 0x0000000783900000| Untracked 
|  58|0x0000000783a00000, 0x0000000783a00000, 0x0000000783b00000|  0%| F|  |TAMS 0x0000000783a00000, 0x0000000783a00000| Untracked 
|  59|0x0000000783b00000, 0x0000000783b00000, 0x0000000783c00000|  0%| F|  |TAMS 0x0000000783b00000, 0x0000000783b00000| Untracked 
|  60|0x0000000783c00000, 0x0000000783c00000, 0x0000000783d00000|  0%| F|  |TAMS 0x0000000783c00000, 0x0000000783c00000| Untracked 
|  61|0x0000000783d00000, 0x0000000783d00000, 0x0000000783e00000|  0%| F|  |TAMS 0x0000000783d00000, 0x0000000783d00000| Untracked 
|  62|0x0000000783e00000, 0x0000000783e00000, 0x0000000783f00000|  0%| F|  |TAMS 0x0000000783e00000, 0x0000000783e00000| Untracked 
|  63|0x0000000783f00000, 0x0000000783f00000, 0x0000000784000000|  0%| F|  |TAMS 0x0000000783f00000, 0x0000000783f00000| Untracked 
|  64|0x0000000784000000, 0x0000000784000000, 0x0000000784100000|  0%| F|  |TAMS 0x0000000784000000, 0x0000000784000000| Untracked 
|  65|0x0000000784100000, 0x0000000784100000, 0x0000000784200000|  0%| F|  |TAMS 0x0000000784100000, 0x0000000784100000| Untracked 
|  66|0x0000000784200000, 0x0000000784200000, 0x0000000784300000|  0%| F|  |TAMS 0x0000000784200000, 0x0000000784200000| Untracked 
|  67|0x0000000784300000, 0x0000000784300000, 0x0000000784400000|  0%| F|  |TAMS 0x0000000784300000, 0x0000000784300000| Untracked 
|  68|0x0000000784400000, 0x0000000784400000, 0x0000000784500000|  0%| F|  |TAMS 0x0000000784400000, 0x0000000784400000| Untracked 
|  69|0x0000000784500000, 0x0000000784500000, 0x0000000784600000|  0%| F|  |TAMS 0x0000000784500000, 0x0000000784500000| Untracked 
|  70|0x0000000784600000, 0x0000000784600000, 0x0000000784700000|  0%| F|  |TAMS 0x0000000784600000, 0x0000000784600000| Untracked 
|  71|0x0000000784700000, 0x0000000784700000, 0x0000000784800000|  0%| F|  |TAMS 0x0000000784700000, 0x0000000784700000| Untracked 
|  72|0x0000000784800000, 0x0000000784800000, 0x0000000784900000|  0%| F|  |TAMS 0x0000000784800000, 0x0000000784800000| Untracked 
|  73|0x0000000784900000, 0x0000000784900000, 0x0000000784a00000|  0%| F|  |TAMS 0x0000000784900000, 0x0000000784900000| Untracked 
|  74|0x0000000784a00000, 0x0000000784a00000, 0x0000000784b00000|  0%| F|  |TAMS 0x0000000784a00000, 0x0000000784a00000| Untracked 
|  75|0x0000000784b00000, 0x0000000784b00000, 0x0000000784c00000|  0%| F|  |TAMS 0x0000000784b00000, 0x0000000784b00000| Untracked 
|  76|0x0000000784c00000, 0x0000000784c00000, 0x0000000784d00000|  0%| F|  |TAMS 0x0000000784c00000, 0x0000000784c00000| Untracked 
|  77|0x0000000784d00000, 0x0000000784d00000, 0x0000000784e00000|  0%| F|  |TAMS 0x0000000784d00000, 0x0000000784d00000| Untracked 
|  78|0x0000000784e00000, 0x0000000784e00000, 0x0000000784f00000|  0%| F|  |TAMS 0x0000000784e00000, 0x0000000784e00000| Untracked 
|  79|0x0000000784f00000, 0x0000000784f00000, 0x0000000785000000|  0%| F|  |TAMS 0x0000000784f00000, 0x0000000784f00000| Untracked 
|  80|0x0000000785000000, 0x0000000785000000, 0x0000000785100000|  0%| F|  |TAMS 0x0000000785000000, 0x0000000785000000| Untracked 
|  81|0x0000000785100000, 0x0000000785100000, 0x0000000785200000|  0%| F|  |TAMS 0x0000000785100000, 0x0000000785100000| Untracked 
|  82|0x0000000785200000, 0x0000000785200800, 0x0000000785300000|  0%| E|  |TAMS 0x0000000785200000, 0x0000000785200000| Complete 
|  83|0x0000000785300000, 0x0000000785400000, 0x0000000785400000|100%| E|CS|TAMS 0x0000000785300000, 0x0000000785300000| Complete 
|  84|0x0000000785400000, 0x0000000785500000, 0x0000000785500000|100%| E|CS|TAMS 0x0000000785400000, 0x0000000785400000| Complete 
|  85|0x0000000785500000, 0x0000000785600000, 0x0000000785600000|100%| E|CS|TAMS 0x0000000785500000, 0x0000000785500000| Complete 
|  86|0x0000000785600000, 0x0000000785700000, 0x0000000785700000|100%| E|CS|TAMS 0x0000000785600000, 0x0000000785600000| Complete 
|  87|0x0000000785700000, 0x0000000785800000, 0x0000000785800000|100%| E|CS|TAMS 0x0000000785700000, 0x0000000785700000| Complete 
|  88|0x0000000785800000, 0x0000000785900000, 0x0000000785900000|100%| E|CS|TAMS 0x0000000785800000, 0x0000000785800000| Complete 
|  89|0x0000000785900000, 0x0000000785a00000, 0x0000000785a00000|100%| E|CS|TAMS 0x0000000785900000, 0x0000000785900000| Complete 
| 105|0x0000000786900000, 0x00000007869d6940, 0x0000000786a00000| 83%| S|CS|TAMS 0x0000000786900000, 0x0000000786900000| Complete 
| 106|0x0000000786a00000, 0x0000000786b00000, 0x0000000786b00000|100%| S|CS|TAMS 0x0000000786a00000, 0x0000000786a00000| Complete 
| 107|0x0000000786b00000, 0x0000000786c00000, 0x0000000786c00000|100%| S|CS|TAMS 0x0000000786b00000, 0x0000000786b00000| Complete 
| 108|0x0000000786c00000, 0x0000000786d00000, 0x0000000786d00000|100%| S|CS|TAMS 0x0000000786c00000, 0x0000000786c00000| Complete 
| 109|0x0000000786d00000, 0x0000000786e00000, 0x0000000786e00000|100%| S|CS|TAMS 0x0000000786d00000, 0x0000000786d00000| Complete 
| 110|0x0000000786e00000, 0x0000000786f00000, 0x0000000786f00000|100%| S|CS|TAMS 0x0000000786e00000, 0x0000000786e00000| Complete 
| 111|0x0000000786f00000, 0x0000000787000000, 0x0000000787000000|100%| S|CS|TAMS 0x0000000786f00000, 0x0000000786f00000| Complete 
| 127|0x0000000787f00000, 0x0000000788000000, 0x0000000788000000|100%| E|CS|TAMS 0x0000000787f00000, 0x0000000787f00000| Complete 
|2046|0x00000007ffe00000, 0x00000007ffe78000, 0x00000007fff00000| 46%|OA|  |TAMS 0x00000007ffe78000, 0x00000007ffe00000| Untracked 
|2047|0x00000007fff00000, 0x00000007fff80000, 0x0000000800000000| 50%|CA|  |TAMS 0x00000007fff80000, 0x00000007fff00000| Untracked 

Card table byte_map: [0x00000001035c0000,0x00000001039c0000] _byte_map_base: 0x00000000ff9c0000

Marking Bits (Prev, Next): (CMBitMap*) 0x000000012983de50, (CMBitMap*) 0x000000012983de10
 Prev Bits: [0x000000011d504000, 0x000000011f504000)
 Next Bits: [0x000000011b504000, 0x000000011d504000)

Polling page: 0x0000000102e5c000

Metaspace:

Usage:
  Non-class:     19.26 MB used.
      Class:      3.15 MB used.
       Both:     22.42 MB used.

Virtual space:
  Non-class space:       24.00 MB reserved,      19.38 MB ( 81%) committed,  3 nodes.
      Class space:        1.00 GB reserved,       3.25 MB ( <1%) committed,  1 nodes.
             Both:        1.02 GB reserved,      22.62 MB (  2%) committed. 

Chunk freelists:
   Non-Class:  3.75 MB
       Class:  579.00 KB
        Both:  4.32 MB

MaxMetaspaceSize: unlimited
CompressedClassSpaceSize: 1.00 GB
Initial GC threshold: 21.00 MB
Current GC threshold: 35.12 MB
CDS: on
MetaspaceReclaimPolicy: balanced
 - commit_granule_bytes: 65536.
 - commit_granule_words: 8192.
 - virtual_space_node_default_size: 1048576.
 - enlarge_chunks_in_place: 1.
 - new_chunks_are_fully_committed: 0.
 - uncommit_free_chunks: 1.
 - use_allocation_guard: 0.
 - handle_deallocations: 1.


Internal statistics:

num_allocs_failed_limit: 3.
num_arena_births: 248.
num_arena_deaths: 0.
num_vsnodes_births: 4.
num_vsnodes_deaths: 0.
num_space_committed: 362.
num_space_uncommitted: 0.
num_chunks_returned_to_freelist: 3.
num_chunks_taken_from_freelist: 850.
num_chunk_merges: 3.
num_chunk_splits: 568.
num_chunks_enlarged: 426.
num_purges: 0.
num_inconsistent_stats: 0.

CodeHeap 'non-profiled nmethods': size=120032Kb used=1350Kb max_used=1350Kb free=118681Kb
 bounds [0x0000000113fcc000, 0x000000011423c000, 0x000000011b504000]
CodeHeap 'profiled nmethods': size=120016Kb used=7513Kb max_used=7513Kb free=112503Kb
 bounds [0x000000010ca98000, 0x000000010d1f8000, 0x0000000113fcc000]
CodeHeap 'non-nmethods': size=5712Kb used=1416Kb max_used=1508Kb free=4295Kb
 bounds [0x000000010c504000, 0x000000010c774000, 0x000000010ca98000]
 total_blobs=4344 nmethods=3527 adapters=733
 compilation: enabled
              stopped_count=0, restarted_count=0
 full_count=0

Compilation events (20 events):
Event: 9.777 Thread 0x0000000128812400 3622       3       javafx.scene.Scene::disposeAccessibles (147 bytes)
Event: 9.777 Thread 0x0000000128812400 nmethod 3622 0x000000010d1e1c90 code [0x000000010d1e2040, 0x000000010d1e3858]
Event: 9.780 Thread 0x0000000128812400 3625   !   3       com.sun.scenario.animation.AbstractPrimaryTimer::timePulseImpl (157 bytes)
Event: 9.781 Thread 0x0000000128812400 nmethod 3625 0x000000010d1e3d90 code [0x000000010d1e40c0, 0x000000010d1e4c08]
Event: 9.781 Thread 0x0000000128812400 3624       3       com.sun.scenario.animation.AnimationPulse::recordStart (27 bytes)
Event: 9.781 Thread 0x0000000128812400 nmethod 3624 0x000000010d1e5290 code [0x000000010d1e5480, 0x000000010d1e57c8]
Event: 9.781 Thread 0x0000000128812400 3626       3       javafx.animation.Animation$1::timePulse (56 bytes)
Event: 9.782 Thread 0x0000000128812400 nmethod 3626 0x000000010d1e5910 code [0x000000010d1e5c40, 0x000000010d1e6c48]
Event: 9.782 Thread 0x0000000128812400 3627       3       java.lang.invoke.LambdaForm$MH/0x0000000800f6cc00::linkToTargetMethod (10 bytes)
Event: 9.782 Thread 0x0000000128812400 nmethod 3627 0x000000010d1e7190 code [0x000000010d1e7340, 0x000000010d1e77a8]
Event: 9.782 Thread 0x0000000128812400 3628       3       java.lang.invoke.LambdaForm$DMH/0x0000000800f6c800::newInvokeSpecial (27 bytes)
Event: 9.783 Thread 0x0000000128812400 nmethod 3628 0x000000010d1e7890 code [0x000000010d1e7ac0, 0x000000010d1e8358]
Event: 9.783 Thread 0x0000000128812400 3629       3       com.sun.javafx.tk.quantum.PrimaryTimer::recordAnimationEnd (7 bytes)
Event: 9.783 Thread 0x0000000128812400 nmethod 3629 0x000000010d1e8590 code [0x000000010d1e87c0, 0x000000010d1e8d38]
Event: 9.849 Thread 0x0000000128812400 3631       3       com.sun.javafx.sg.prism.NGGroup::computeRenderRoot (398 bytes)
Event: 9.852 Thread 0x0000000128812400 nmethod 3631 0x000000010d1e8f90 code [0x000000010d1e9540, 0x000000010d1ebc88]
Event: 9.852 Thread 0x0000000128812400 3630       3       com.sun.javafx.sg.prism.NGRegion::computeRenderRoot (37 bytes)
Event: 9.853 Thread 0x0000000128812400 nmethod 3630 0x000000010d1ecf10 code [0x000000010d1ed0c0, 0x000000010d1ed308]
Event: 9.853 Thread 0x0000000128812400 3632       3       com.sun.javafx.sg.prism.NGNode::computeNodeRenderRoot (112 bytes)
Event: 9.854 Thread 0x0000000128812400 nmethod 3632 0x000000010d1ed410 code [0x000000010d1ed6c0, 0x000000010d1ee098]

GC Heap History (6 events):
Event: 0.449 GC heap before
{Heap before GC invocations=0 (full 0):
 garbage-first heap   total 133120K, used 23520K [0x0000000780000000, 0x0000000800000000)
  region size 1024K, 23 young (23552K), 0 survivors (0K)
 Metaspace       used 7469K, committed 7680K, reserved 1056768K
  class space    used 958K, committed 1024K, reserved 1048576K
}
Event: 0.452 GC heap after
{Heap after GC invocations=1 (full 0):
 garbage-first heap   total 133120K, used 4064K [0x0000000780000000, 0x0000000800000000)
  region size 1024K, 3 young (3072K), 3 survivors (3072K)
 Metaspace       used 7469K, committed 7680K, reserved 1056768K
  class space    used 958K, committed 1024K, reserved 1048576K
}
Event: 3.030 GC heap before
{Heap before GC invocations=1 (full 0):
 garbage-first heap   total 133120K, used 60384K [0x0000000780000000, 0x0000000800000000)
  region size 1024K, 44 young (45056K), 3 survivors (3072K)
 Metaspace       used 18580K, committed 18880K, reserved 1064960K
  class space    used 2533K, committed 2688K, reserved 1048576K
}
Event: 3.033 GC heap after
{Heap after GC invocations=2 (full 0):
 garbage-first heap   total 133120K, used 24101K [0x0000000780000000, 0x0000000800000000)
  region size 1024K, 6 young (6144K), 6 survivors (6144K)
 Metaspace       used 18580K, committed 18880K, reserved 1064960K
  class space    used 2533K, committed 2688K, reserved 1048576K
}
Event: 3.235 GC heap before
{Heap before GC invocations=2 (full 0):
 garbage-first heap   total 133120K, used 39461K [0x0000000780000000, 0x0000000800000000)
  region size 1024K, 22 young (22528K), 6 survivors (6144K)
 Metaspace       used 21283K, committed 21504K, reserved 1073152K
  class space    used 3057K, committed 3200K, reserved 1048576K
}
Event: 3.239 GC heap after
{Heap after GC invocations=3 (full 0):
 garbage-first heap   total 133120K, used 27550K [0x0000000780000000, 0x0000000800000000)
  region size 1024K, 7 young (7168K), 7 survivors (7168K)
 Metaspace       used 21283K, committed 21504K, reserved 1073152K
  class space    used 3057K, committed 3200K, reserved 1048576K
}

Deoptimization events (20 events):
Event: 3.392 Thread 0x0000000129085c00 DEOPT PACKING pc=0x000000010d123138 sp=0x000000016fbb09e0
Event: 3.392 Thread 0x0000000129085c00 DEOPT UNPACKING pc=0x000000010c542b7c sp=0x000000016fbb0640 mode 0
Event: 3.392 Thread 0x0000000129085c00 DEOPT PACKING pc=0x000000010d123138 sp=0x000000016fbb09e0
Event: 3.392 Thread 0x0000000129085c00 DEOPT UNPACKING pc=0x000000010c542b7c sp=0x000000016fbb0640 mode 0
Event: 3.393 Thread 0x0000000129085c00 DEOPT PACKING pc=0x000000010d123138 sp=0x000000016fbb09e0
Event: 3.393 Thread 0x0000000129085c00 DEOPT UNPACKING pc=0x000000010c542b7c sp=0x000000016fbb0640 mode 0
Event: 3.393 Thread 0x0000000129085c00 DEOPT PACKING pc=0x000000010d123138 sp=0x000000016fbb09e0
Event: 3.393 Thread 0x0000000129085c00 DEOPT UNPACKING pc=0x000000010c542b7c sp=0x000000016fbb0640 mode 0
Event: 3.393 Thread 0x0000000129085c00 DEOPT PACKING pc=0x000000010d123138 sp=0x000000016fbb09e0
Event: 3.393 Thread 0x0000000129085c00 DEOPT UNPACKING pc=0x000000010c542b7c sp=0x000000016fbb0640 mode 0
Event: 3.401 Thread 0x0000000129085c00 DEOPT PACKING pc=0x000000010d12a9d4 sp=0x000000016fbafc20
Event: 3.401 Thread 0x0000000129085c00 DEOPT UNPACKING pc=0x000000010c542b7c sp=0x000000016fbaf840 mode 0
Event: 3.403 Thread 0x0000000129085c00 DEOPT PACKING pc=0x000000010d11c660 sp=0x000000016fbafd00
Event: 3.403 Thread 0x0000000129085c00 DEOPT UNPACKING pc=0x000000010c542b7c sp=0x000000016fbaf9a0 mode 0
Event: 3.406 Thread 0x0000000129085c00 DEOPT PACKING pc=0x000000010d11bbd8 sp=0x000000016fbb07d0
Event: 3.406 Thread 0x0000000129085c00 DEOPT UNPACKING pc=0x000000010c542b7c sp=0x000000016fbb0380 mode 0
Event: 3.407 Thread 0x0000000129085c00 DEOPT PACKING pc=0x000000010d11bbd8 sp=0x000000016fbb07d0
Event: 3.407 Thread 0x0000000129085c00 DEOPT UNPACKING pc=0x000000010c542b7c sp=0x000000016fbb0380 mode 0
Event: 3.850 Thread 0x0000000129085c00 DEOPT PACKING pc=0x000000010d140c80 sp=0x000000016fbb08f0
Event: 3.850 Thread 0x0000000129085c00 DEOPT UNPACKING pc=0x000000010c542b7c sp=0x000000016fbb04f0 mode 0

Classes unloaded (0 events):
No events

Classes redefined (0 events):
No events

Internal exceptions (20 events):
Event: 3.029 Thread 0x000000012981ba00 Exception <a 'java/lang/IncompatibleClassChangeError'{0x00000007854ce998}: Found class java.lang.Object, but interface was expected> (0x00000007854ce998) 
thrown [open/src/hotspot/share/interpreter/linkResolver.cpp, line 833]
Event: 3.140 Thread 0x000000012981ba00 Exception <a 'java/lang/ClassNotFoundException'{0x0000000787b92618}: com/sun/javafx/scene/control/skin/resources/controls-nt> (0x0000000787b92618) 
thrown [open/src/hotspot/share/prims/jni.cpp, line 535]
Event: 3.140 Thread 0x000000012981ba00 Exception <a 'java/lang/ClassNotFoundException'{0x0000000787b9aea8}: com/sun/javafx/scene/control/skin/resources/controls-nt_zh> (0x0000000787b9aea8) 
thrown [open/src/hotspot/share/prims/jni.cpp, line 535]
Event: 3.141 Thread 0x000000012981ba00 Exception <a 'java/lang/ClassNotFoundException'{0x0000000787b9c110}: com/sun/javafx/scene/control/skin/resources/controls-nt_zh_TW> (0x0000000787b9c110) 
thrown [open/src/hotspot/share/prims/jni.cpp, line 535]
Event: 3.141 Thread 0x000000012981ba00 Exception <a 'java/lang/ClassNotFoundException'{0x0000000787b9d378}: com/sun/javafx/scene/control/skin/resources/controls-nt_zh_Hant> (0x0000000787b9d378) 
thrown [open/src/hotspot/share/prims/jni.cpp, line 535]
Event: 3.141 Thread 0x000000012981ba00 Exception <a 'java/lang/ClassNotFoundException'{0x0000000787b9e600}: com/sun/javafx/scene/control/skin/resources/controls-nt_zh_Hant_TW> (0x0000000787b9e600) 
thrown [open/src/hotspot/share/prims/jni.cpp, line 535]
Event: 3.168 Thread 0x000000012981ba00 Exception <a 'java/lang/NoSuchMethodError'{0x000000078782e508}: 'void java.lang.invoke.DirectMethodHandle$Holder.invokeSpecialIFC(java.lang.Object, java.lang.Object, java.lang.Object, java.lang.Object)'> (0x000000078782e508) 
thrown [open/src/hotspot/share/interpreter/linkResolver.cpp, line 766]
Event: 3.177 Thread 0x000000012981ba00 Exception <a 'java/lang/ClassNotFoundException'{0x0000000787765050}: com/sun/javafx/scene/control/skin/resources/controls> (0x0000000787765050) 
thrown [open/src/hotspot/share/prims/jni.cpp, line 535]
Event: 3.177 Thread 0x000000012981ba00 Exception <a 'java/lang/ClassNotFoundException'{0x00000007877732b8}: com/sun/javafx/scene/control/skin/resources/controls_zh> (0x00000007877732b8) 
thrown [open/src/hotspot/share/prims/jni.cpp, line 535]
Event: 3.177 Thread 0x000000012981ba00 Exception <a 'java/lang/ClassNotFoundException'{0x0000000787774518}: com/sun/javafx/scene/control/skin/resources/controls_zh_TW> (0x0000000787774518) 
thrown [open/src/hotspot/share/prims/jni.cpp, line 535]
Event: 3.178 Thread 0x000000012981ba00 Exception <a 'java/lang/ClassNotFoundException'{0x0000000787782f70}: com/sun/javafx/scene/control/skin/resources/controls_zh_Hant> (0x0000000787782f70) 
thrown [open/src/hotspot/share/prims/jni.cpp, line 535]
Event: 3.178 Thread 0x000000012981ba00 Exception <a 'java/lang/ClassNotFoundException'{0x00000007877841d8}: com/sun/javafx/scene/control/skin/resources/controls_zh_Hant_TW> (0x00000007877841d8) 
thrown [open/src/hotspot/share/prims/jni.cpp, line 535]
Event: 3.245 Thread 0x000000012981ba00 Exception <a 'java/lang/NoSuchMethodError'{0x0000000787f24280}: 'void java.lang.invoke.DirectMethodHandle$Holder.invokeSpecial(java.lang.Object, java.lang.Object, int, int)'> (0x0000000787f24280) 
thrown [open/src/hotspot/share/interpreter/linkResolver.cpp, line 766]
Event: 3.246 Thread 0x000000012981ba00 Exception <a 'java/lang/NoSuchMethodError'{0x0000000787f2aa68}: 'java.lang.Object java.lang.invoke.DirectMethodHandle$Holder.newInvokeSpecial(java.lang.Object, java.lang.Object, int, int)'> (0x0000000787f2aa68) 
thrown [open/src/hotspot/share/interpreter/linkResolver.cpp, line 766]
Event: 3.251 Thread 0x000000012981ba00 Exception <a 'java/lang/NoSuchMethodError'{0x0000000787f4b318}: 'java.lang.Object java.lang.invoke.DirectMethodHandle$Holder.newInvokeSpecial(java.lang.Object, java.lang.Object, int)'> (0x0000000787f4b318) 
thrown [open/src/hotspot/share/interpreter/linkResolver.cpp, line 766]
Event: 3.351 Thread 0x0000000129085c00 Exception <a 'java/lang/NoSuchMethodError'{0x000000078562ae10}: 'java.lang.Object java.lang.invoke.DirectMethodHandle$Holder.invokeStaticInit(java.lang.Object, int)'> (0x000000078562ae10) 
thrown [open/src/hotspot/share/interpreter/linkResolver.cpp, line 766]
Event: 3.389 Thread 0x000000012981ba00 Exception <a 'java/lang/NoSuchMethodError'{0x00000007858274c8}: 'long java.lang.invoke.DirectMethodHandle$Holder.invokeStatic(java.lang.Object, java.lang.Object, java.lang.Object)'> (0x00000007858274c8) 
thrown [open/src/hotspot/share/interpreter/linkResolver.cpp, line 766]
Event: 3.389 Thread 0x000000012981ba00 Exception <a 'java/lang/NoSuchMethodError'{0x000000078582ac70}: 'long java.lang.invoke.DirectMethodHandle$Holder.invokeStaticInit(java.lang.Object, java.lang.Object, java.lang.Object)'> (0x000000078582ac70) 
thrown [open/src/hotspot/share/interpreter/linkResolver.cpp, line 766]
Event: 3.390 Thread 0x000000012981ba00 Exception <a 'java/lang/NoSuchMethodError'{0x0000000785842878}: 'java.lang.Object java.lang.invoke.DirectMethodHandle$Holder.newInvokeSpecial(java.lang.Object, java.lang.Object, long)'> (0x0000000785842878) 
thrown [open/src/hotspot/share/interpreter/linkResolver.cpp, line 766]
Event: 3.390 Thread 0x000000012981ba00 Exception <a 'java/lang/NoSuchMethodError'{0x0000000785846140}: 'java.lang.Object java.lang.invoke.Invokers$Holder.linkToTargetMethod(java.lang.Object, long, java.lang.Object)'> (0x0000000785846140) 
thrown [open/src/hotspot/share/interpreter/linkResolver.cpp, line 766]

VM Operations (20 events):
Event: 3.235 Executing VM operation: CollectForMetadataAllocation
Event: 3.239 Executing VM operation: CollectForMetadataAllocation done
Event: 3.243 Executing VM operation: G1Concurrent
Event: 3.244 Executing VM operation: G1Concurrent done
Event: 3.246 Executing VM operation: G1Concurrent
Event: 3.246 Executing VM operation: G1Concurrent done
Event: 4.251 Executing VM operation: Cleanup
Event: 4.251 Executing VM operation: Cleanup done
Event: 5.252 Executing VM operation: Cleanup
Event: 5.252 Executing VM operation: Cleanup done
Event: 6.256 Executing VM operation: Cleanup
Event: 6.257 Executing VM operation: Cleanup done
Event: 7.262 Executing VM operation: Cleanup
Event: 7.262 Executing VM operation: Cleanup done
Event: 8.262 Executing VM operation: Cleanup
Event: 8.262 Executing VM operation: Cleanup done
Event: 9.265 Executing VM operation: Cleanup
Event: 9.265 Executing VM operation: Cleanup done
Event: 10.270 Executing VM operation: Cleanup
Event: 10.271 Executing VM operation: Cleanup done

Events (20 events):
Event: 3.315 loading class java/nio/ShortBuffer
Event: 3.316 loading class java/nio/ShortBuffer done
Event: 3.316 loading class java/nio/DoubleBuffer
Event: 3.316 loading class java/nio/DoubleBuffer done
Event: 3.316 loading class java/nio/DirectFloatBufferU
Event: 3.316 loading class java/nio/DirectFloatBufferU done
Event: 3.317 loading class java/nio/DirectShortBufferU
Event: 3.317 loading class java/nio/DirectShortBufferU done
Event: 3.359 loading class jdk/internal/ref/CleanerImpl$InnocuousThreadFactory
Event: 3.359 loading class jdk/internal/ref/CleanerImpl$InnocuousThreadFactory done
Event: 3.359 Thread 0x0000000129db3800 Thread added: 0x0000000129db3800
Event: 3.359 Protecting memory [0x0000000177044000,0x0000000177050000] with protection modes 0
Event: 3.361 loading class sun/misc/Unsafe
Event: 3.361 loading class sun/misc/Unsafe done
Event: 3.361 loading class jdk/internal/reflect/UnsafeQualifiedStaticObjectFieldAccessorImpl
Event: 3.361 loading class jdk/internal/reflect/UnsafeQualifiedStaticFieldAccessorImpl
Event: 3.361 loading class jdk/internal/reflect/UnsafeQualifiedStaticFieldAccessorImpl done
Event: 3.361 loading class jdk/internal/reflect/UnsafeQualifiedStaticObjectFieldAccessorImpl done
Event: 8.042 Protecting memory [0x0000000176a20000,0x0000000176a2c000] with protection modes 3
Event: 8.042 Thread 0x0000000129a02800 Thread exited: 0x0000000129a02800


Dynamic libraries:
0x0000000102e0c000 	/Library/Java/JavaVirtualMachines/jdk-17.0.1.jdk/Contents/Home/lib/libjli.dylib
0x00000001a111e000 	/usr/lib/libz.1.dylib
0x00000001a11ce000 	/usr/lib/libSystem.B.dylib
0x00000001a11c8000 	/usr/lib/system/libcache.dylib
0x00000001a1186000 	/usr/lib/system/libcommonCrypto.dylib
0x00000001a11af000 	/usr/lib/system/libcompiler_rt.dylib
0x00000001a11a6000 	/usr/lib/system/libcopyfile.dylib
0x00000001964d2000 	/usr/lib/system/libcorecrypto.dylib
0x0000000196577000 	/usr/lib/system/libdispatch.dylib
0x000000019673f000 	/usr/lib/system/libdyld.dylib
0x00000001a11be000 	/usr/lib/system/libkeymgr.dylib
0x00000001a1168000 	/usr/lib/system/libmacho.dylib
0x00000001a0874000 	/usr/lib/system/libquarantine.dylib
0x00000001a11bb000 	/usr/lib/system/libremovefile.dylib
0x000000019b8c1000 	/usr/lib/system/libsystem_asl.dylib
0x000000019647c000 	/usr/lib/system/libsystem_blocks.dylib
0x00000001965fd000 	/usr/lib/system/libsystem_c.dylib
0x00000001a11b3000 	/usr/lib/system/libsystem_collections.dylib
0x000000019fcd1000 	/usr/lib/system/libsystem_configuration.dylib
0x000000019ef57000 	/usr/lib/system/libsystem_containermanager.dylib
0x00000001a0ed2000 	/usr/lib/system/libsystem_coreservices.dylib
0x0000000198e64000 	/usr/lib/system/libsystem_darwin.dylib
0x00000001a11bf000 	/usr/lib/system/libsystem_dnssd.dylib
0x00000001965fa000 	/usr/lib/system/libsystem_featureflags.dylib
0x0000000196754000 	/usr/lib/system/libsystem_info.dylib
0x00000001a1130000 	/usr/lib/system/libsystem_m.dylib
0x000000019654c000 	/usr/lib/system/libsystem_malloc.dylib
0x000000019b852000 	/usr/lib/system/libsystem_networkextension.dylib
0x00000001992b7000 	/usr/lib/system/libsystem_notify.dylib
0x00000001a739b000 	/usr/lib/system/libsystem_product_info_filter.dylib
0x000000019fcd6000 	/usr/lib/system/libsystem_sandbox.dylib
0x00000001a11b8000 	/usr/lib/system/libsystem_secinit.dylib
0x00000001966fc000 	/usr/lib/system/libsystem_kernel.dylib
0x000000019674c000 	/usr/lib/system/libsystem_platform.dylib
0x0000000196732000 	/usr/lib/system/libsystem_pthread.dylib
0x000000019cff7000 	/usr/lib/system/libsystem_symptoms.dylib
0x00000001964b8000 	/usr/lib/system/libsystem_trace.dylib
0x00000001a1193000 	/usr/lib/system/libunwind.dylib
0x000000019647e000 	/usr/lib/system/libxpc.dylib
0x00000001966e2000 	/usr/lib/libc++abi.dylib
0x00000001965be000 	/usr/lib/libobjc.A.dylib
0x00000001a119e000 	/usr/lib/liboah.dylib
0x000000019667e000 	/usr/lib/libc++.1.dylib
0x00000001acd78000 	/System/Library/Frameworks/Cocoa.framework/Versions/A/Cocoa
0x0000000199316000 	/System/Library/Frameworks/AppKit.framework/Versions/C/AppKit
0x000000019c838000 	/System/Library/Frameworks/CoreData.framework/Versions/A/CoreData
0x0000000197677000 	/System/Library/Frameworks/Foundation.framework/Versions/C/Foundation
0x000000019a1c8000 	/System/Library/PrivateFrameworks/UIFoundation.framework/Versions/A/UIFoundation
0x00000001a7095000 	/System/Library/PrivateFrameworks/RemoteViewServices.framework/Versions/A/RemoteViewServices
0x000000019f690000 	/System/Library/PrivateFrameworks/XCTTargetBootstrap.framework/Versions/A/XCTTargetBootstrap
0x00000001a2ed0000 	/System/Library/PrivateFrameworks/InternationalSupport.framework/Versions/A/InternationalSupport
0x00000001a2f59000 	/System/Library/PrivateFrameworks/UserActivity.framework/Versions/A/UserActivity
0x00000001a23fb000 	/usr/lib/libspindump.dylib
0x000000019a438000 	/System/Library/Frameworks/UniformTypeIdentifiers.framework/Versions/A/UniformTypeIdentifiers
0x000000019dc1e000 	/usr/lib/libapp_launch_measurement.dylib
0x000000019d19b000 	/System/Library/PrivateFrameworks/CoreAnalytics.framework/Versions/A/CoreAnalytics
0x000000019dc21000 	/System/Library/PrivateFrameworks/CoreAutoLayout.framework/Versions/A/CoreAutoLayout
0x000000019ef94000 	/System/Library/Frameworks/Metal.framework/Versions/A/Metal
0x000000019fce1000 	/usr/lib/liblangid.dylib
0x000000019f694000 	/System/Library/PrivateFrameworks/CoreSVG.framework/Versions/A/CoreSVG
0x000000019b8f5000 	/System/Library/PrivateFrameworks/SkyLight.framework/Versions/A/SkyLight
0x000000019bcbd000 	/System/Library/Frameworks/CoreGraphics.framework/Versions/A/CoreGraphics
0x00000001a770e000 	/System/Library/Frameworks/Accelerate.framework/Versions/A/Accelerate
0x00000001a1e70000 	/System/Library/PrivateFrameworks/IconServices.framework/Versions/A/IconServices
0x000000019ef76000 	/System/Library/Frameworks/IOSurface.framework/Versions/A/IOSurface
0x000000019d1cb000 	/usr/lib/libDiagnosticMessagesClient.dylib
0x00000001aab46000 	/System/Library/Frameworks/ApplicationServices.framework/Versions/A/ApplicationServices
0x000000019f678000 	/System/Library/PrivateFrameworks/DFRFoundation.framework/Versions/A/DFRFoundation
0x0000000198bb9000 	/usr/lib/libicucore.A.dylib
0x00000001a3ccd000 	/System/Library/Frameworks/AudioToolbox.framework/Versions/A/AudioToolbox
0x00000001a2edc000 	/System/Library/PrivateFrameworks/DataDetectorsCore.framework/Versions/A/DataDetectorsCore
0x00000001b8ef8000 	/System/Library/PrivateFrameworks/TextInput.framework/Versions/A/TextInput
0x000000019b86c000 	/usr/lib/libMobileGestalt.dylib
0x000000019f348000 	/System/Library/Frameworks/Carbon.framework/Versions/A/Frameworks/HIToolbox.framework/Versions/A/HIToolbox
0x000000019d628000 	/System/Library/Frameworks/QuartzCore.framework/Versions/A/QuartzCore
0x0000000198836000 	/System/Library/Frameworks/Security.framework/Versions/A/Security
0x00000001a70d5000 	/System/Library/Frameworks/Carbon.framework/Versions/A/Frameworks/SpeechRecognition.framework/Versions/A/SpeechRecognition
0x000000019d975000 	/System/Library/PrivateFrameworks/CoreUI.framework/Versions/A/CoreUI
0x0000000198109000 	/System/Library/Frameworks/CoreAudio.framework/Versions/A/CoreAudio
0x000000019d2bb000 	/System/Library/Frameworks/DiskArbitration.framework/Versions/A/DiskArbitration
0x00000001a27e3000 	/System/Library/PrivateFrameworks/MultitouchSupport.framework/Versions/A/MultitouchSupport
0x000000019b86a000 	/usr/lib/libenergytrace.dylib
0x00000001991e2000 	/System/Library/Frameworks/IOKit.framework/Versions/A/IOKit
0x00000001a74bc000 	/System/Library/Frameworks/CoreServices.framework/Versions/A/CoreServices
0x000000019dbae000 	/System/Library/PrivateFrameworks/PerformanceAnalysis.framework/Versions/A/PerformanceAnalysis
0x00000001f771d000 	/System/Library/Frameworks/OpenGL.framework/Versions/A/OpenGL
0x00000001a0794000 	/System/Library/PrivateFrameworks/MobileKeyBag.framework/Versions/A/MobileKeyBag
0x000000019c2cd000 	/System/Library/Frameworks/ColorSync.framework/Versions/A/ColorSync
0x0000000196780000 	/System/Library/Frameworks/CoreFoundation.framework/Versions/A/CoreFoundation
0x000000019f915000 	/System/Library/Frameworks/CoreImage.framework/Versions/A/CoreImage
0x0000000197f2c000 	/System/Library/Frameworks/CoreText.framework/Versions/A/CoreText
0x000000019f6c4000 	/System/Library/Frameworks/ImageIO.framework/Versions/A/ImageIO
0x00000001a11d4000 	/System/Library/PrivateFrameworks/SoftLinking.framework/Versions/A/SoftLinking
0x000000019dc6b000 	/usr/lib/libxml2.2.dylib
0x00000001a146c000 	/usr/lib/libcompression.dylib
0x00000001a2e29000 	/System/Library/PrivateFrameworks/TextureIO.framework/Versions/A/TextureIO
0x00000001a1b8a000 	/usr/lib/libate.dylib
0x00000001a1a52000 	/usr/lib/liblzma.5.dylib
0x0000000197368000 	/System/Library/Frameworks/SystemConfiguration.framework/Versions/A/SystemConfiguration
0x00000001a11d0000 	/usr/lib/libfakelink.dylib
0x000000019b39a000 	/System/Library/Frameworks/CFNetwork.framework/Versions/A/CFNetwork
0x00000001a1317000 	/usr/lib/libarchive.2.dylib
0x000000019fcdd000 	/System/Library/PrivateFrameworks/AppleSystemInfo.framework/Versions/A/AppleSystemInfo
0x00000001a089e000 	/usr/lib/libbsm.0.dylib
0x000000019a8d7000 	/usr/lib/libnetwork.dylib
0x00000001a116e000 	/usr/lib/system/libkxld.dylib
0x00000001a04b6000 	/System/Library/PrivateFrameworks/IOMobileFramebuffer.framework/Versions/A/IOMobileFramebuffer
0x0000000213048000 	/usr/lib/libCoreEntitlements.dylib
0x00000001a0eb4000 	/System/Library/PrivateFrameworks/AppleFSCompression.framework/Versions/A/AppleFSCompression
0x00000001a0887000 	/usr/lib/libcoretls.dylib
0x00000001a1a6b000 	/usr/lib/libcoretls_cfhelpers.dylib
0x00000001a1467000 	/usr/lib/libpam.2.dylib
0x000000019cc1f000 	/usr/lib/libsqlite3.dylib
0x00000001a1ad3000 	/usr/lib/libxar.1.dylib
0x00000001a0ec5000 	/usr/lib/libbz2.1.0.dylib
0x00000001a11d5000 	/usr/lib/libpcap.A.dylib
0x000000019cfee000 	/usr/lib/libdns_services.dylib
0x00000001a143a000 	/usr/lib/libapple_nghttp2.dylib
0x00000001a1212000 	/usr/lib/libiconv.2.dylib
0x00000001a1167000 	/usr/lib/libcharset.1.dylib
0x000000019dbea000 	/System/Library/Frameworks/CoreServices.framework/Versions/A/Frameworks/FSEvents.framework/Versions/A/FSEvents
0x0000000198e6f000 	/System/Library/Frameworks/CoreServices.framework/Versions/A/Frameworks/CarbonCore.framework/Versions/A/CarbonCore
0x000000019d21e000 	/System/Library/Frameworks/CoreServices.framework/Versions/A/Frameworks/Metadata.framework/Versions/A/Metadata
0x00000001a0ed8000 	/System/Library/Frameworks/CoreServices.framework/Versions/A/Frameworks/OSServices.framework/Versions/A/OSServices
0x00000001a139c000 	/System/Library/Frameworks/CoreServices.framework/Versions/A/Frameworks/SearchKit.framework/Versions/A/SearchKit
0x000000019cf7c000 	/System/Library/Frameworks/CoreServices.framework/Versions/A/Frameworks/AE.framework/Versions/A/AE
0x0000000196cc4000 	/System/Library/Frameworks/CoreServices.framework/Versions/A/Frameworks/LaunchServices.framework/Versions/A/LaunchServices
0x00000001a19fb000 	/System/Library/Frameworks/CoreServices.framework/Versions/A/Frameworks/DictionaryServices.framework/Versions/A/DictionaryServices
0x000000019dbf7000 	/System/Library/Frameworks/CoreServices.framework/Versions/A/Frameworks/SharedFileList.framework/Versions/A/SharedFileList
0x00000001a0877000 	/usr/lib/libCheckFix.dylib
0x000000019b8d9000 	/System/Library/PrivateFrameworks/TCC.framework/Versions/A/TCC
0x000000019fce3000 	/System/Library/PrivateFrameworks/CoreNLP.framework/Versions/A/CoreNLP
0x000000019d1ce000 	/System/Library/PrivateFrameworks/MetadataUtilities.framework/Versions/A/MetadataUtilities
0x0000000197421000 	/usr/lib/libmecabra.dylib
0x00000001a08af000 	/usr/lib/libmecab.dylib
0x00000001973ed000 	/usr/lib/libCRFSuite.dylib
0x00000001a090d000 	/usr/lib/libgermantok.dylib
0x00000001a1413000 	/usr/lib/libThaiTokenizer.dylib
0x000000019d2c3000 	/System/Library/Frameworks/Accelerate.framework/Versions/A/Frameworks/vImage.framework/Versions/A/vImage
0x00000001a7493000 	/System/Library/Frameworks/Accelerate.framework/Versions/A/Frameworks/vecLib.framework/Versions/A/vecLib
0x00000001a1b17000 	/System/Library/Frameworks/Accelerate.framework/Versions/A/Frameworks/vecLib.framework/Versions/A/libvMisc.dylib
0x00000001a03c0000 	/System/Library/Frameworks/Accelerate.framework/Versions/A/Frameworks/vecLib.framework/Versions/A/libvDSP.dylib
0x0000000197047000 	/System/Library/Frameworks/Accelerate.framework/Versions/A/Frameworks/vecLib.framework/Versions/A/libBLAS.dylib
0x00000001a153b000 	/System/Library/Frameworks/Accelerate.framework/Versions/A/Frameworks/vecLib.framework/Versions/A/libLAPACK.dylib
0x00000001a0910000 	/System/Library/Frameworks/Accelerate.framework/Versions/A/Frameworks/vecLib.framework/Versions/A/libLinearAlgebra.dylib
0x00000001a1452000 	/System/Library/Frameworks/Accelerate.framework/Versions/A/Frameworks/vecLib.framework/Versions/A/libSparseBLAS.dylib
0x00000001a1536000 	/System/Library/Frameworks/Accelerate.framework/Versions/A/Frameworks/vecLib.framework/Versions/A/libQuadrature.dylib
0x000000019fdda000 	/System/Library/Frameworks/Accelerate.framework/Versions/A/Frameworks/vecLib.framework/Versions/A/libBNNS.dylib
0x0000000197305000 	/System/Library/Frameworks/Accelerate.framework/Versions/A/Frameworks/vecLib.framework/Versions/A/libSparse.dylib
0x000000019fdd2000 	/System/Library/PrivateFrameworks/LinguisticData.framework/Versions/A/LinguisticData
0x00000001972bb000 	/System/Library/PrivateFrameworks/Lexicon.framework/Versions/A/Lexicon
0x00000001a1b0f000 	/usr/lib/libChineseTokenizer.dylib
0x0000000197a65000 	/System/Library/PrivateFrameworks/LanguageModeling.framework/Versions/A/LanguageModeling
0x00000001a1415000 	/System/Library/PrivateFrameworks/AppleSauce.framework/Versions/A/AppleSauce
0x00000001a04a3000 	/System/Library/PrivateFrameworks/CoreEmoji.framework/Versions/A/CoreEmoji
0x00000001a1305000 	/usr/lib/libcmph.dylib
0x000000019dbca000 	/System/Library/Frameworks/OpenDirectory.framework/Versions/A/Frameworks/CFOpenDirectory.framework/Versions/A/CFOpenDirectory
0x000000019dbba000 	/System/Library/Frameworks/OpenDirectory.framework/Versions/A/OpenDirectory
0x00000001a1a6d000 	/System/Library/PrivateFrameworks/APFS.framework/Versions/A/APFS
0x00000001a07cf000 	/System/Library/Frameworks/SecurityFoundation.framework/Versions/A/SecurityFoundation
0x00000001a1ae1000 	/usr/lib/libutil.dylib
0x00000001991a4000 	/System/Library/PrivateFrameworks/CoreServicesStore.framework/Versions/A/CoreServicesStore
0x00000001a1ae5000 	/usr/lib/libxslt.1.dylib
0x00000001a0863000 	/System/Library/PrivateFrameworks/BackgroundTaskManagement.framework/Versions/A/BackgroundTaskManagement
0x00000001a2d4a000 	/System/Library/Frameworks/ImageIO.framework/Versions/A/Resources/libRadiance.dylib
0x00000001a2d53000 	/System/Library/Frameworks/ImageIO.framework/Versions/A/Resources/libJPEG.dylib
0x00000001a2ca5000 	/System/Library/Frameworks/ImageIO.framework/Versions/A/Resources/libPng.dylib
0x00000001a2cc7000 	/System/Library/Frameworks/ImageIO.framework/Versions/A/Resources/libTIFF.dylib
0x00000001a2dae000 	/System/Library/Frameworks/ImageIO.framework/Versions/A/Resources/libGIF.dylib
0x00000001a26f3000 	/System/Library/Frameworks/ImageIO.framework/Versions/A/Resources/libJP2.dylib
0x00000001a1e36000 	/usr/lib/libexpat.1.dylib
0x00000001a26ae000 	/System/Library/PrivateFrameworks/AppleJPEG.framework/Versions/A/AppleJPEG
0x000000019f207000 	/System/Library/PrivateFrameworks/FontServices.framework/libFontParser.dylib
0x000000019cf21000 	/System/Library/PrivateFrameworks/RunningBoardServices.framework/Versions/A/RunningBoardServices
0x00000001ad3e3000 	/System/Library/PrivateFrameworks/IOSurfaceAccelerator.framework/Versions/A/IOSurfaceAccelerator
0x00000001a27df000 	/System/Library/PrivateFrameworks/WatchdogClient.framework/Versions/A/WatchdogClient
0x0000000197b69000 	/System/Library/Frameworks/CoreDisplay.framework/Versions/A/CoreDisplay
0x000000019f0f6000 	/System/Library/Frameworks/CoreMedia.framework/Versions/A/CoreMedia
0x000000019ef8a000 	/System/Library/PrivateFrameworks/IOAccelerator.framework/Versions/A/IOAccelerator
0x000000019dd58000 	/System/Library/Frameworks/CoreVideo.framework/Versions/A/CoreVideo
0x00000001a1465000 	/System/Library/Frameworks/MetalPerformanceShaders.framework/Versions/A/MetalPerformanceShaders
0x00000001a281c000 	/System/Library/Frameworks/VideoToolbox.framework/Versions/A/VideoToolbox
0x000000019ce65000 	/System/Library/PrivateFrameworks/BaseBoard.framework/Versions/A/BaseBoard
0x000000019cc04000 	/System/Library/PrivateFrameworks/ProtocolBuffer.framework/Versions/A/ProtocolBuffer
0x00000001a2d45000 	/System/Library/PrivateFrameworks/GPUWrangler.framework/Versions/A/GPUWrangler
0x00000001a2d24000 	/System/Library/PrivateFrameworks/IOPresentment.framework/Versions/A/IOPresentment
0x00000001a2d4d000 	/System/Library/PrivateFrameworks/DSExternalDisplay.framework/Versions/A/DSExternalDisplay
0x00000001f7710000 	/System/Library/Frameworks/OpenGL.framework/Versions/A/Libraries/libCoreFSCache.dylib
0x0000000200e2a000 	/System/Library/PrivateFrameworks/GPUCompiler.framework/Versions/31001/Libraries/libGPUCompilerUtils.dylib
0x00000001a2db3000 	/System/Library/PrivateFrameworks/CMCaptureCore.framework/Versions/A/CMCaptureCore
0x00000001a23e9000 	/System/Library/PrivateFrameworks/AppServerSupport.framework/Versions/A/AppServerSupport
0x00000001a4588000 	/System/Library/PrivateFrameworks/perfdata.framework/Versions/A/perfdata
0x0000000197c89000 	/System/Library/PrivateFrameworks/AudioToolboxCore.framework/Versions/A/AudioToolboxCore
0x000000019f0ce000 	/System/Library/PrivateFrameworks/caulk.framework/Versions/A/caulk
0x00000001a3e7d000 	/usr/lib/libAudioStatistics.dylib
0x00000001b5696000 	/System/Library/PrivateFrameworks/SystemPolicy.framework/Versions/A/SystemPolicy
0x00000001a40dd000 	/usr/lib/libSMC.dylib
0x00000001acc5a000 	/System/Library/Frameworks/CoreMIDI.framework/Versions/A/CoreMIDI
0x00000001a2c73000 	/usr/lib/libAudioToolboxUtility.dylib
0x00000001b1b3c000 	/System/Library/PrivateFrameworks/OSAServicesClient.framework/Versions/A/OSAServicesClient
0x00000001a4595000 	/usr/lib/libperfcheck.dylib
0x00000001b6199000 	/usr/lib/libmis.dylib
0x00000001f7771000 	/System/Library/Frameworks/OpenGL.framework/Versions/A/Libraries/libGLU.dylib
0x00000001f7730000 	/System/Library/Frameworks/OpenGL.framework/Versions/A/Libraries/libGFXShared.dylib
0x00000001f791a000 	/System/Library/Frameworks/OpenGL.framework/Versions/A/Libraries/libGL.dylib
0x00000001f7739000 	/System/Library/Frameworks/OpenGL.framework/Versions/A/Libraries/libGLImage.dylib
0x00000001f772d000 	/System/Library/Frameworks/OpenGL.framework/Versions/A/Libraries/libCVMSPluginSupport.dylib
0x00000001f7717000 	/System/Library/Frameworks/OpenGL.framework/Versions/A/Libraries/libCoreVMClient.dylib
0x000000019fc5f000 	/System/Library/Frameworks/MetalPerformanceShaders.framework/Versions/A/Frameworks/MPSCore.framework/Versions/A/MPSCore
0x00000001a0e27000 	/System/Library/Frameworks/MetalPerformanceShaders.framework/Versions/A/Frameworks/MPSImage.framework/Versions/A/MPSImage
0x00000001a0925000 	/System/Library/Frameworks/MetalPerformanceShaders.framework/Versions/A/Frameworks/MPSNeuralNetwork.framework/Versions/A/MPSNeuralNetwork
0x00000001a0d62000 	/System/Library/Frameworks/MetalPerformanceShaders.framework/Versions/A/Frameworks/MPSMatrix.framework/Versions/A/MPSMatrix
0x00000001a0b3d000 	/System/Library/Frameworks/MetalPerformanceShaders.framework/Versions/A/Frameworks/MPSRayIntersector.framework/Versions/A/MPSRayIntersector
0x00000001a0d93000 	/System/Library/Frameworks/MetalPerformanceShaders.framework/Versions/A/Frameworks/MPSNDArray.framework/Versions/A/MPSNDArray
0x00000001f942c000 	/System/Library/Frameworks/MetalPerformanceShaders.framework/Versions/A/Frameworks/MPSFunctions.framework/Versions/A/MPSFunctions
0x0000000196f25000 	/System/Library/PrivateFrameworks/MetalTools.framework/Versions/A/MetalTools
0x000000019fcdb000 	/System/Library/PrivateFrameworks/AggregateDictionary.framework/Versions/A/AggregateDictionary
0x00000001a1c1c000 	/usr/lib/libIOReport.dylib
0x00000001abc48000 	/System/Library/PrivateFrameworks/ASEProcessing.framework/Versions/A/ASEProcessing
0x00000001a1f8e000 	/System/Library/PrivateFrameworks/FaceCore.framework/Versions/A/FaceCore
0x00000001a1f80000 	/System/Library/PrivateFrameworks/GraphVisualizer.framework/Versions/A/GraphVisualizer
0x0000000200d41000 	/System/Library/PrivateFrameworks/FontServices.framework/Versions/A/FontServices
0x00000001a23a3000 	/System/Library/PrivateFrameworks/OTSVG.framework/Versions/A/OTSVG
0x000000019d926000 	/System/Library/Frameworks/ApplicationServices.framework/Versions/A/Frameworks/ATS.framework/Versions/A/Resources/libFontRegistry.dylib
0x00000001a23f2000 	/System/Library/PrivateFrameworks/FontServices.framework/libhvf.dylib
0x0000000200d42000 	/System/Library/PrivateFrameworks/FontServices.framework/libXTFontStaticRegistryData.dylib
0x00000001f7abc000 	/System/Library/Frameworks/OpenCL.framework/Versions/A/OpenCL
0x00000001a1dea000 	/System/Library/PrivateFrameworks/AppleVA.framework/Versions/A/AppleVA
0x00000001a3ea5000 	/System/Library/Frameworks/ApplicationServices.framework/Versions/A/Frameworks/ATS.framework/Versions/A/ATS
0x000000019c3ca000 	/System/Library/Frameworks/ApplicationServices.framework/Versions/A/Frameworks/HIServices.framework/Versions/A/HIServices
0x00000001a2dbd000 	/System/Library/Frameworks/ApplicationServices.framework/Versions/A/Frameworks/PrintCore.framework/Versions/A/PrintCore
0x00000001a4230000 	/System/Library/Frameworks/ApplicationServices.framework/Versions/A/Frameworks/QD.framework/Versions/A/QD
0x00000001a4228000 	/System/Library/Frameworks/ApplicationServices.framework/Versions/A/Frameworks/ColorSyncLegacy.framework/Versions/A/ColorSyncLegacy
0x00000001a3e91000 	/System/Library/Frameworks/ApplicationServices.framework/Versions/A/Frameworks/SpeechSynthesis.framework/Versions/A/SpeechSynthesis
0x00000001a2d7e000 	/System/Library/Frameworks/ApplicationServices.framework/Versions/A/Frameworks/ATSUI.framework/Versions/A/ATSUI
0x00000001a41bd000 	/usr/lib/libcups.2.dylib
0x00000001a45a3000 	/System/Library/Frameworks/Kerberos.framework/Versions/A/Kerberos
0x00000001a45b4000 	/System/Library/Frameworks/GSS.framework/Versions/A/GSS
0x00000001a3f14000 	/usr/lib/libresolv.9.dylib
0x00000001a2400000 	/System/Library/PrivateFrameworks/Heimdal.framework/Versions/A/Heimdal
0x00000001aaebc000 	/System/Library/Frameworks/Kerberos.framework/Versions/A/Libraries/libHeimdalProxy.dylib
0x000000019d000000 	/System/Library/Frameworks/Network.framework/Versions/A/Network
0x00000001a1e51000 	/usr/lib/libheimdal-asn1.dylib
0x00000001a45fa000 	/System/Library/PrivateFrameworks/CommonAuth.framework/Versions/A/CommonAuth
0x00000001a3e0b000 	/System/Library/PrivateFrameworks/AudioSession.framework/Versions/A/AudioSession
0x00000001a1ee2000 	/System/Library/PrivateFrameworks/MediaExperience.framework/Versions/A/MediaExperience
0x00000001a3c93000 	/System/Library/PrivateFrameworks/AudioSession.framework/libSessionUtility.dylib
0x00000001a423c000 	/System/Library/PrivateFrameworks/AudioResourceArbitration.framework/Versions/A/AudioResourceArbitration
0x00000001a1e5a000 	/System/Library/PrivateFrameworks/IconFoundation.framework/Versions/A/IconFoundation
0x00000001a70c1000 	/System/Library/PrivateFrameworks/SpeechRecognitionCore.framework/Versions/A/SpeechRecognitionCore
0x00000001da83a000 	/System/Library/CoreServices/Encodings/libTraditionalChineseConverter.dylib
0x0000000103ea0000 	/Library/Java/JavaVirtualMachines/jdk-17.0.1.jdk/Contents/Home/lib/server/libjvm.dylib
0x0000000102e70000 	/Library/Java/JavaVirtualMachines/jdk-17.0.1.jdk/Contents/Home/lib/libjimage.dylib
0x0000000102e9c000 	/Library/Java/JavaVirtualMachines/jdk-17.0.1.jdk/Contents/Home/lib/libinstrument.dylib
0x0000000102fb4000 	/Library/Java/JavaVirtualMachines/jdk-17.0.1.jdk/Contents/Home/lib/libjava.dylib
0x0000000103e48000 	/Library/Java/JavaVirtualMachines/jdk-17.0.1.jdk/Contents/Home/lib/libnio.dylib
0x0000000121504000 	/Library/Java/JavaVirtualMachines/jdk-17.0.1.jdk/Contents/Home/lib/libnet.dylib
0x0000000103e68000 	/Library/Java/JavaVirtualMachines/jdk-17.0.1.jdk/Contents/Home/lib/libzip.dylib
0x0000000103e80000 	/Users/sean/.openjfx/cache/17.0.0.1/libprism_es2.dylib
0x0000000199167000 	/System/Library/PrivateFrameworks/CoreServicesInternal.framework/Versions/A/CoreServicesInternal
0x00000001f7924000 	/System/Library/Frameworks/OpenGL.framework/Versions/A/Resources/GLEngine.bundle/GLEngine
0x00000001f77ab000 	/System/Library/Frameworks/OpenGL.framework/Versions/A/Libraries/libGLProgrammability.dylib
0x0000000123c48000 	/System/Library/Extensions/AppleMetalOpenGLRenderer.bundle/Contents/MacOS/AppleMetalOpenGLRenderer
0x00000001f7a93000 	/System/Library/Frameworks/OpenGL.framework/Versions/A/Resources/GLRendererFloat.bundle/GLRendererFloat
0x00000001f7b34000 	/System/Library/Extensions/AGXMetal13_3.bundle/Contents/MacOS/AGXMetal13_3
0x00000001b61b5000 	/System/Library/PrivateFrameworks/GPURawCounter.framework/Versions/A/GPURawCounter
0x00000001b0c8a000 	/System/Library/PrivateFrameworks/IOGPU.framework/Versions/A/IOGPU
0x0000000126000000 	/Users/sean/.openjfx/cache/17.0.0.1/libglass.dylib
0x00000001a8561000 	/System/Library/Frameworks/FileProvider.framework/Versions/A/FileProvider
0x000000019cdcd000 	/System/Library/Frameworks/Accounts.framework/Versions/A/Accounts
0x00000001a86e1000 	/System/Library/PrivateFrameworks/GenerationalStorage.framework/Versions/A/GenerationalStorage
0x00000001a9291000 	/System/Library/PrivateFrameworks/CoreSymbolication.framework/Versions/A/CoreSymbolication
0x00000001a8301000 	/System/Library/PrivateFrameworks/SymptomDiagnosticReporter.framework/Versions/A/SymptomDiagnosticReporter
0x000000019a44c000 	/System/Library/PrivateFrameworks/DesktopServicesPriv.framework/Versions/A/DesktopServicesPriv
0x00000001992c6000 	/usr/lib/libsandbox.1.dylib
0x000000019dde4000 	/System/Library/PrivateFrameworks/UserManagement.framework/Versions/A/UserManagement
0x00000001a9252000 	/System/Library/PrivateFrameworks/DebugSymbols.framework/Versions/A/DebugSymbols
0x00000001a421b000 	/System/Library/PrivateFrameworks/NetAuth.framework/Versions/A/NetAuth
0x00000001a5119000 	/System/Library/PrivateFrameworks/Sharing.framework/Versions/A/Sharing
0x000000019ddb4000 	/System/Library/PrivateFrameworks/login.framework/Versions/A/Frameworks/loginsupport.framework/Versions/A/loginsupport
0x00000001aa402000 	/System/Library/PrivateFrameworks/Apple80211.framework/Versions/A/Apple80211
0x00000001a0f0b000 	/System/Library/PrivateFrameworks/AuthKit.framework/Versions/A/AuthKit
0x00000001a05a2000 	/System/Library/PrivateFrameworks/CoreUtils.framework/Versions/A/CoreUtils
0x00000001a04c2000 	/System/Library/Frameworks/CoreWLAN.framework/Versions/A/CoreWLAN
0x00000001a5282000 	/System/Library/Frameworks/IOBluetooth.framework/Versions/A/IOBluetooth
0x00000001aa462000 	/System/Library/PrivateFrameworks/CoreWiFi.framework/Versions/A/CoreWiFi
0x00000001a8e39000 	/System/Library/PrivateFrameworks/FrontBoardServices.framework/Versions/A/FrontBoardServices
0x00000001a8ed1000 	/System/Library/PrivateFrameworks/BoardServices.framework/Versions/A/BoardServices
0x00000001a07bd000 	/System/Library/PrivateFrameworks/AssertionServices.framework/Versions/A/AssertionServices
0x00000001aa5d0000 	/System/Library/PrivateFrameworks/BackBoardServices.framework/Versions/A/BackBoardServices
0x00000001a468d000 	/System/Library/PrivateFrameworks/CorePhoneNumbers.framework/Versions/A/CorePhoneNumbers
0x00000001a8431000 	/System/Library/PrivateFrameworks/DiskManagement.framework/Versions/A/DiskManagement
0x00000001a8334000 	/System/Library/PrivateFrameworks/AppleIDAuthSupport.framework/Versions/A/AppleIDAuthSupport
0x00000001fb6c5000 	/System/Library/PrivateFrameworks/AAAFoundation.framework/Versions/A/AAAFoundation
0x00000001a466c000 	/System/Library/PrivateFrameworks/KeychainCircle.framework/Versions/A/KeychainCircle
0x00000001a83fd000 	/System/Library/PrivateFrameworks/MediaKit.framework/Versions/A/MediaKit
0x00000001a8341000 	/System/Library/Frameworks/DiscRecording.framework/Versions/A/DiscRecording
0x00000001a1d66000 	/usr/lib/libCoreStorage.dylib
0x00000001aa8ca000 	/usr/lib/libcsfde.dylib
0x00000001a5357000 	/System/Library/PrivateFrameworks/ProtectedCloudStorage.framework/Versions/A/ProtectedCloudStorage
0x00000001aa8c2000 	/System/Library/PrivateFrameworks/EFILogin.framework/Versions/A/EFILogin
0x00000001a8708000 	/System/Library/PrivateFrameworks/OctagonTrust.framework/Versions/A/OctagonTrust
0x00000001fffac000 	/System/Library/PrivateFrameworks/CoreUtilsExtras.framework/Versions/A/CoreUtilsExtras
0x00000001a8273000 	/System/Library/Frameworks/CoreBluetooth.framework/Versions/A/CoreBluetooth
0x00000001aaf41000 	/System/Library/Frameworks/AudioUnit.framework/Versions/A/AudioUnit
0x00000001a1d5e000 	/usr/lib/libMatch.1.dylib
0x00000001ba41c000 	/System/Library/Frameworks/Accelerate.framework/Versions/A/Frameworks/vImage.framework/Versions/A/Libraries/libCGInterfaces.dylib
0x0000000127900000 	/usr/lib/libobjc-trampolines.dylib
0x000000019dab2000 	/System/Library/PrivateFrameworks/ViewBridge.framework/Versions/A/ViewBridge
0x00000001a24ae000 	/System/Library/PrivateFrameworks/login.framework/Versions/A/login
0x0000000128478000 	/Users/sean/.openjfx/cache/17.0.0.1/libjavafx_font.dylib
0x000000012a730000 	/Users/sean/.openjfx/cache/17.0.0.1/libjavafx_iio.dylib
0x00000002131c2000 	/usr/lib/libRosetta.dylib


VM Arguments:
jvm_args: -javaagent:/Applications/IntelliJ IDEA CE.app/Contents/lib/idea_rt.jar=65052:/Applications/IntelliJ IDEA CE.app/Contents/bin -Dfile.encoding=UTF-8 --module-path=/Users/sean/.m2/repository/org/openjfx/javafx-graphics/17.0.0.1/javafx-graphics-17.0.0.1-mac-aarch64.jar:/Users/sean/.m2/repository/org/openjfx/javafx-fxml/17.0.0.1/javafx-fxml-17.0.0.1-mac-aarch64.jar:/Users/sean/.m2/repository/org/openjfx/javafx-controls/17.0.0.1/javafx-controls-17.0.0.1-mac-aarch64.jar:/Users/sean/.m2/repository/org/openjfx/javafx-base/17.0.0.1/javafx-base-17.0.0.1-mac-aarch64.jar:/Users/sean/Documents/GitHub/Meal-Ordering-System/FoodOrderingSystem/target/classes -Djdk.module.main=com.example.foodorderingsystem 
java_command: com.example.foodorderingsystem/com.example.foodorderingsystem.HelloApplication
java_class_path (initial): /Users/sean/.m2/repository/org/openjfx/javafx-controls/17.0.0.1/javafx-controls-17.0.0.1.jar:/Users/sean/.m2/repository/org/openjfx/javafx-graphics/17.0.0.1/javafx-graphics-17.0.0.1.jar:/Users/sean/.m2/repository/org/openjfx/javafx-base/17.0.0.1/javafx-base-17.0.0.1.jar:/Users/sean/.m2/repository/org/openjfx/javafx-fxml/17.0.0.1/javafx-fxml-17.0.0.1.jar
Launcher Type: SUN_STANDARD

[Global flags]
     intx CICompilerCount                          = 4                                         {product} {ergonomic}
     uint ConcGCThreads                            = 2                                         {product} {ergonomic}
     uint G1ConcRefinementThreads                  = 8                                         {product} {ergonomic}
   size_t G1HeapRegionSize                         = 1048576                                   {product} {ergonomic}
    uintx GCDrainStackTargetSize                   = 64                                        {product} {ergonomic}
   size_t InitialHeapSize                          = 134217728                                 {product} {ergonomic}
   size_t MarkStackSize                            = 4194304                                   {product} {ergonomic}
   size_t MaxHeapSize                              = 2147483648                                {product} {ergonomic}
   size_t MaxNewSize                               = 1287651328                                {product} {ergonomic}
   size_t MinHeapDeltaBytes                        = 1048576                                   {product} {ergonomic}
   size_t MinHeapSize                              = 8388608                                   {product} {ergonomic}
    uintx NonNMethodCodeHeapSize                   = 5839564                                {pd product} {ergonomic}
    uintx NonProfiledCodeHeapSize                  = 122909338                              {pd product} {ergonomic}
    uintx ProfiledCodeHeapSize                     = 122909338                              {pd product} {ergonomic}
    uintx ReservedCodeCacheSize                    = 251658240                              {pd product} {ergonomic}
     bool SegmentedCodeCache                       = true                                      {product} {ergonomic}
   size_t SoftMaxHeapSize                          = 2147483648                             {manageable} {ergonomic}
     bool UseCompressedClassPointers               = true                           {product lp64_product} {ergonomic}
     bool UseCompressedOops                        = true                           {product lp64_product} {ergonomic}
     bool UseG1GC                                  = true                                      {product} {ergonomic}
     bool UseNUMA                                  = false                                     {product} {ergonomic}
     bool UseNUMAInterleaving                      = false                                     {product} {ergonomic}

Logging:
Log output configuration:
 #0: stdout all=warning uptime,level,tags
 #1: stderr all=off uptime,level,tags

Environment Variables:
PATH=/usr/local/bin:/usr/bin:/bin:/usr/sbin:/sbin
SHELL=/bin/zsh
LC_CTYPE=zh_TW.UTF-8

Signal Handlers:
   SIGSEGV: _ZL13crash_handleriP9__siginfoPv in libjvm.dylib, mask=11100110000111110111111111111111, flags=SA_RESTART|SA_SIGINFO
    SIGBUS: _ZL13crash_handleriP9__siginfoPv in libjvm.dylib, mask=11100110000111110111111111111111, flags=SA_RESTART|SA_SIGINFO
    SIGFPE: _ZL13crash_handleriP9__siginfoPv in libjvm.dylib, mask=11100110000111110111111111111111, flags=SA_RESTART|SA_SIGINFO
   SIGPIPE: _ZL17javaSignalHandleriP9__siginfoPv in libjvm.dylib, mask=11100110000111110111111111111111, flags=SA_RESTART|SA_SIGINFO
   SIGXFSZ: _ZL17javaSignalHandleriP9__siginfoPv in libjvm.dylib, mask=11100110000111110111111111111111, flags=SA_RESTART|SA_SIGINFO
    SIGILL: _ZL13crash_handleriP9__siginfoPv in libjvm.dylib, mask=11100110000111110111111111111111, flags=SA_RESTART|SA_SIGINFO
   SIGUSR2: _ZL10SR_handleriP9__siginfoP17__darwin_ucontext in libjvm.dylib, mask=00100000000000000000000000000000, flags=SA_RESTART|SA_SIGINFO
    SIGHUP: _ZL11UserHandleriPvS_ in libjvm.dylib, mask=11100110000111110111111111111111, flags=SA_RESTART|SA_SIGINFO
    SIGINT: _ZL11UserHandleriPvS_ in libjvm.dylib, mask=11100110000111110111111111111111, flags=SA_RESTART|SA_SIGINFO
   SIGTERM: _ZL11UserHandleriPvS_ in libjvm.dylib, mask=11100110000111110111111111111111, flags=SA_RESTART|SA_SIGINFO
   SIGQUIT: _ZL11UserHandleriPvS_ in libjvm.dylib, mask=11100110000111110111111111111111, flags=SA_RESTART|SA_SIGINFO
   SIGTRAP: _ZL13crash_handleriP9__siginfoPv in libjvm.dylib, mask=11100110000111110111111111111111, flags=SA_RESTART|SA_SIGINFO


---------------  S Y S T E M  ---------------

OS:
uname: Darwin 21.1.0 Darwin Kernel Version 21.1.0: Wed Oct 13 17:33:24 PDT 2021; root:xnu-8019.41.5~1/RELEASE_ARM64_T8101 arm64
OS uptime: 24 days 2:35 hours
rlimit (soft/hard): STACK 8176k/65520k , CORE 0k/infinity , NPROC 1333/2000 , NOFILE 10240/infinity , AS infinity/infinity , CPU infinity/infinity , DATA infinity/infinity , FSIZE infinity/infinity , MEMLOCK infinity/infinity , RSS infinity/infinity
load average: 1.81 1.97 2.25

CPU: total 8 (initial active 8) 0x61:0x0:0x1b588bb3:0, fp, simd, crc, lse

Memory: 16k page, physical 8388608k(91360k free), swap 6291456k(646400k free)

vm_info: Java HotSpot(TM) 64-Bit Server VM (17.0.1+12-LTS-39) for bsd-aarch64 JRE (17.0.1+12-LTS-39), built on Sep 27 2021 17:38:30 by "mach5one" with clang Apple LLVM 12.0.0 (clang-1200.0.32.29)

END.
