#
# A fatal error has been detected by the Java Runtime Environment:
#
#  SIGBUS (0xa) at pc=0x00000001280014f0, pid=2453, tid=29967
#
# JRE version: Java(TM) SE Runtime Environment (17.0.1+12) (build 17.0.1+12-LTS-39)
# Java VM: Java HotSpot(TM) 64-Bit Server VM (17.0.1+12-LTS-39, mixed mode, sharing, tiered, compressed oops, compressed class ptrs, g1 gc, bsd-aarch64)
# Problematic frame:
# v  ~StubRoutines::SafeFetchN
#
# No core dump will be written. Core dumps have been disabled. To enable core dumping, try "ulimit -c unlimited" before starting Java again
#
# If you would like to submit a bug report, please visit:
#   https://bugreport.java.com/bugreport/crash.jsp
# The crash happened outside the Java Virtual Machine in native code.
# See problematic frame for where to report the bug.
#

---------------  S U M M A R Y ------------

Command Line: -javaagent:/Applications/IntelliJ IDEA CE.app/Contents/lib/idea_rt.jar=49930:/Applications/IntelliJ IDEA CE.app/Contents/bin -Dfile.encoding=UTF-8 --module-path=/Users/sean/.m2/repository/org/openjfx/javafx-fxml/17.0.0.1/javafx-fxml-17.0.0.1-mac-aarch64.jar:/Users/sean/.m2/repository/org/openjfx/javafx-base/17.0.0.1/javafx-base-17.0.0.1-mac-aarch64.jar:/Users/sean/Documents/GitHub/Meal-Ordering-System/FoodOrderingSystem/target/classes:/Users/sean/.m2/repository/org/openjfx/javafx-controls/17.0.0.1/javafx-controls-17.0.0.1-mac-aarch64.jar:/Users/sean/.m2/repository/org/openjfx/javafx-graphics/17.0.0.1/javafx-graphics-17.0.0.1-mac-aarch64.jar -Djdk.module.main=com.example.foodorderingsystem com.example.foodorderingsystem/com.example.foodorderingsystem.HelloApplication

Host: "MacBookPro17,1" arm64 1 MHz, 8 cores, 8G, Darwin 21.1.0, macOS 12.0.1 (21A559)
Time: Thu Dec 16 23:26:16 2021 CST elapsed time: 2.441812 seconds (0d 0h 0m 2s)

---------------  T H R E A D  ---------------

Current thread (0x000000011d876000):  JavaThread "InvokeLaterDispatcher" daemon [_thread_in_native, id=29967, stack(0x00000001728dc000,0x0000000172adf000)]

Stack: [0x00000001728dc000,0x0000000172adf000],  sp=0x0000000172ade7b0,  free space=2057k
Native frames: (J=compiled Java code, j=interpreted, Vv=VM code, C=native code)
v  ~StubRoutines::SafeFetchN
V  [libjvm.dylib+0x79e208]  _ZN10OopStorage7releaseEPKP7oopDesc+0x20
V  [libjvm.dylib+0x4b8f30]  jni_DeleteGlobalRef+0xc4
C  [libglass.dylib+0xab08]  -[GlassRunnable dealloc]+0x34
C  [Foundation+0x85e0c]  -[_NSThreadPerformInfo dealloc]+0x30
C  [Foundation+0x525e8]  -[NSObject(NSThreadPerformAdditions) performSelectorOnMainThread:withObject:waitUntilDone:]+0x88
C  0x335d0001280098ac
j  com.sun.glass.ui.mac.MacApplication.submitForLaterInvocation(Ljava/lang/Runnable;)V+2 javafx.graphics
j  com.sun.glass.ui.InvokeLaterDispatcher.run()V+82 javafx.graphics
v  ~StubRoutines::call_stub
V  [libjvm.dylib+0x460588]  _ZN9JavaCalls11call_helperEP9JavaValueRK12methodHandleP17JavaCallArgumentsP10JavaThread+0x38c
V  [libjvm.dylib+0x45f5a4]  _ZN9JavaCalls12call_virtualEP9JavaValueP5KlassP6SymbolS5_P17JavaCallArgumentsP10JavaThread+0x11c
V  [libjvm.dylib+0x45f670]  _ZN9JavaCalls12call_virtualEP9JavaValue6HandleP5KlassP6SymbolS6_P10JavaThread+0x64
V  [libjvm.dylib+0x512ef0]  _ZL12thread_entryP10JavaThreadS0_+0xc4
V  [libjvm.dylib+0x8fc514]  _ZN10JavaThread17thread_main_innerEv+0x134
V  [libjvm.dylib+0x8fae3c]  _ZN6Thread8call_runEv+0x128
V  [libjvm.dylib+0x7a4df0]  _ZL19thread_native_entryP6Thread+0x158
C  [libsystem_pthread.dylib+0x74ec]  _pthread_start+0x94

Java frames: (J=compiled Java code, j=interpreted, Vv=VM code)
j  com.sun.glass.ui.mac.MacApplication._submitForLaterInvocation(Ljava/lang/Runnable;)V+0 javafx.graphics
j  com.sun.glass.ui.mac.MacApplication.submitForLaterInvocation(Ljava/lang/Runnable;)V+2 javafx.graphics
j  com.sun.glass.ui.InvokeLaterDispatcher.run()V+82 javafx.graphics
v  ~StubRoutines::call_stub

siginfo: si_signo: 10 (SIGBUS), si_code: 1 (BUS_ADRALN), si_addr: 0x00000001280014f0

Register to memory mapping:

 x0=0x000000010d704448 is a global jni handle
 x1=0x0 is NULL
 x2=0x0000000786201aa8 is an oop: com.sun.glass.ui.InvokeLaterDispatcher$Future 
{0x0000000786201aa8} - klass: 'com/sun/glass/ui/InvokeLaterDispatcher$Future'
 - ---- fields (total size 3 words):
 - private 'done' 'Z' @12  true
 - private final 'runnable' 'Ljava/lang/Runnable;' @16  a 'com/sun/javafx/application/PlatformImpl$$Lambda$92+0x0000000800c81b10'{0x0000000785a94be8} (f0b5297d)
 - final synthetic 'this$0' 'Lcom/sun/glass/ui/InvokeLaterDispatcher;' @20  a 'com/sun/glass/ui/InvokeLaterDispatcher'{0x00000007868156c0} (f0d02ad8)
 x3=0x0 is NULL
 x4=0x00000000000130a8 is an unknown value
 x5=0x0 is NULL
 x6=0x0 is NULL
 x7=0x0 is NULL
 x8=0x00000001280014ec is at begin+0 in a stub
StubRoutines::SafeFetchN [0x00000001280014ec, 0x00000001280014f8] (12 bytes)
 x9=0x0 is NULL
x10=0x2010000030300000 is an unknown value
x11=0x0000000000000007 is an unknown value
x12=0x0 is NULL
x13=0x00006000013e8970 points into unknown readable memory: 0x0000000100000000 | 00 00 00 00 01 00 00 00
x14=0x0000000000000001 is an unknown value
x15=0x000000010bca9f98: OBJC_CLASS_$_GlassRunnable+0 in /Users/sean/.openjfx/cache/17.0.0.1/libglass.dylib at 0x000000010bc64000
x16=0x00000001ba964340: pthread_getspecific+0 in /usr/lib/system/libsystem_pthread.dylib at 0x00000001ba962000
x17=0x00006000019d9440 points into unknown readable memory: 0xfffffffffffffffe | fe ff ff ff ff ff ff ff
x18=0x0 is NULL
x19=0x00006000016c8310 points into unknown readable memory: 0x0000600003fcc480 | 80 c4 fc 03 00 60 00 00
x20=0x000000010d704240 points into unknown readable memory: 0x00000007ffe0d3c8 | c8 d3 e0 ff 07 00 00 00
x21=0x000000010d704448 is a global jni handle
x22=0x000000011d876000 is a thread
x23=0x0000000000000001 is an unknown value
x24=0x000000010d704400 is a global jni handle
x25=0x0000000101ec15d8: _ZN12StubRoutines17_safefetchN_entryE+0 in /Library/Java/JavaVirtualMachines/jdk-17.0.1.jdk/Contents/Home/lib/server/libjvm.dylib at 0x0000000101330000
x26=0x000000010cd182c0 is pointing into metadata
x27=0x0 is NULL
x28=0x000000011d876000 is a thread


Registers:
 x0=0x000000010d704448  x1=0x0000000000000000  x2=0x0000000786201aa8  x3=0x0000000000000000
 x4=0x00000000000130a8  x5=0x0000000000000000  x6=0x0000000000000000  x7=0x0000000000000000
 x8=0x00000001280014ec  x9=0x0000000000000000 x10=0x2010000030300000 x11=0x0000000000000007
x12=0x0000000000000000 x13=0x00006000013e8970 x14=0x0000000000000001 x15=0x000000010bca9f98
x16=0x00000001ba964340 x17=0x00006000019d9440 x18=0x0000000000000000 x19=0x00006000016c8310
x20=0x000000010d704240 x21=0x000000010d704448 x22=0x000000011d876000 x23=0x0000000000000001
x24=0x000000010d704400 x25=0x0000000101ec15d8 x26=0x000000010cd182c0 x27=0x0000000000000000
x28=0x000000011d876000  fp=0x0000000172ade7f0  lr=0x0000000101accfd8  sp=0x0000000172ade7b0
pc=0x00000001280014f0 cpsr=0x0000000060001000
Top of Stack: (sp=0x0000000172ade7b0)
0x0000000172ade7b0:   000000010cd182c0 0000000000000001
0x0000000172ade7c0:   0000000172ade9a8 0000600003fddd30
0x0000000172ade7d0:   0000000000000000 000000010d704430
0x0000000172ade7e0:   000000010d704430 00006000016c8310
0x0000000172ade7f0:   0000000172ade830 0000000101ace208
0x0000000172ade800:   0000000000000001 000000010d704430
0x0000000172ade810:   0000000000000000 000000010d704430
0x0000000172ade820:   0000000000000001 000000010d838c00
0x0000000172ade830:   0000000172ade860 00000001017e8f30
0x0000000172ade840:   0000600003fdddb0 0000000204b919f4
0x0000000172ade850:   0000000000000000 0000600003fdddb0
0x0000000172ade860:   0000000172ade890 000000010bc6eb08
0x0000000172ade870:   075c58e765800048 0000000000000000
0x0000000172ade880:   0000000000000000 00006000028d7200
0x0000000172ade890:   0000000172ade8d0 00000001bb92ce0c
0x0000000172ade8a0:   0000000172ade9a8 0000600003fddd30
0x0000000172ade8b0:   0000600003fdddb0 075c58e765800048
0x0000000172ade8c0:   0000000000000000 0000000000000000
0x0000000172ade8d0:   0000000172ade910 5c7f0001bb8f95e8
0x0000000172ade8e0:   0000000172ade9a8 00000001280087c0
0x0000000172ade8f0:   0000000000000000 0000000101ec8f90
0x0000000172ade900:   0000000172ade920 0000000128007730
0x0000000172ade910:   0000000172ade980 335d0001280098ac
0x0000000172ade920:   0000000172ade988 000000010c9b6148
0x0000000172ade930:   0000000172ade930 0000000000000000
0x0000000172ade940:   0000000172ade9a8 000000010cd182c0
0x0000000172ade950:   0000000786836a50 0000000000000000
0x0000000172ade960:   0000000000000000 000000010ccf7138
0x0000000172ade970:   0000000000000000 0000000172ade980
0x0000000172ade980:   0000000172adea00 0000000128005fc8
0x0000000172ade990:   0000000000000000 0000000000000000
0x0000000172ade9a0:   0000000786201aa8 0000000786836ac8 

Instructions: (pc=0x00000001280014f0)
0x00000001280013f0:   f2a03d09 f2c00029 6d425935 1e640886
0x0000000128001400:   0c402d31 1e6408c7 1f5654d0 1e6c1017
0x0000000128001410:   1f5050d0 1f504cd0 1f5048d0 1e650af6
0x0000000128001420:   1f50d8f6 1f5694d6 1f5158f6 1e762880
0x0000000128001430:   36000501 1e614000 14000026 2e251ca5
0x0000000128001440:   d29c3009 f2a03d09 f2c00029 6d425d36
0x0000000128001450:   1e600806 0c402d32 1f5758c7 1e6c101a
0x0000000128001460:   1f4754c7 1e650805 1f4750c7 d2866668
0x0000000128001470:   f2a7fa68 1f474cc7 1e6608c0 1f4748c7
0x0000000128001480:   1e6e1019 eb08007f 540000ac 1f479400
0x0000000128001490:   1f460340 1e603b20 1400000e d2a7fd29
0x00000001280014a0:   eb09007f 540000ac 51480069 d3607d29
0x00000001280014b0:   9e670121 14000002 1e6a5001 1f679417
0x00000001280014c0:   1f668742 1e613b23 1e773857 1e773860
0x00000001280014d0:   a8c17ff3 910003bf a8c17bfd d65f03c0
0x00000001280014e0:   b9400001 aa0103e0 d65f03c0 f9400001
0x00000001280014f0:   aa0103e0 d65f03c0 00000000 00000000
0x0000000128001500:   00000000 00000000 00000000 00000000
0x0000000128001510:   00000000 00000000 00000000 00000000
0x0000000128001520:   00000000 00000000 00000000 00000000
0x0000000128001530:   00000000 00000000 00000000 00000000
0x0000000128001540:   00000000 00000000 00000000 00000000
0x0000000128001550:   00000000 00000000 00000000 00000000
0x0000000128001560:   00000000 00000000 00000000 00000000
0x0000000128001570:   00000000 00000000 00000000 00000000
0x0000000128001580:   00000000 00000000 00000000 00000000
0x0000000128001590:   00000000 00000000 00000000 00000000
0x00000001280015a0:   00000000 00000000 00000000 00000000
0x00000001280015b0:   00000000 00000000 00000000 00000000
0x00000001280015c0:   00000000 00000000 00000000 00000000
0x00000001280015d0:   00000000 00000000 00000000 00000000
0x00000001280015e0:   00000000 00000000 00000000 00000000 


Stack slot to memory mapping:
stack at sp + 0 slots: 0x000000010cd182c0 is pointing into metadata
stack at sp + 1 slots: 0x0000000000000001 is an unknown value
stack at sp + 2 slots: 0x0000000172ade9a8 is pointing into the stack for thread: 0x000000011d876000
stack at sp + 3 slots: 0x0000600003fddd30 points into unknown readable memory: 0x0100000213646081 | 81 60 64 13 02 00 00 01
stack at sp + 4 slots: 0x0 is NULL
stack at sp + 5 slots: 0x000000010d704430 is a global jni handle
stack at sp + 6 slots: 0x000000010d704430 is a global jni handle
stack at sp + 7 slots: 0x00006000016c8310 points into unknown readable memory: 0x0000600003fcc480 | 80 c4 fc 03 00 60 00 00

StubRoutines::SafeFetchN [0x00000001280014ec, 0x00000001280014f8] (12 bytes)
[MachCode]
  0x00000001280014ec: 0100 40f9 | e003 01aa | c003 5fd6 
[/MachCode]

---------------  P R O C E S S  ---------------

Threads class SMR info:
_java_thread_list=0x0000600003d1a8c0, length=20, elements={
0x000000011e009800, 0x000000010f808200, 0x000000011f078800, 0x000000010f809200,
0x000000011e008800, 0x000000010c00b200, 0x000000010d835400, 0x000000010e808600,
0x000000011e008e00, 0x000000011e013a00, 0x000000011d83bc00, 0x000000011e012a00,
0x000000010e808c00, 0x000000011d876000, 0x000000010d838c00, 0x000000010da4ca00,
0x000000011f1c2000, 0x0000000142a58400, 0x000000010f8a3c00, 0x0000000142b27600
}

Java Threads: ( => current thread )
  0x000000011e009800 JavaThread "main" [_thread_blocked, id=6147, stack(0x000000016fe48000,0x000000017004b000)]
  0x000000010f808200 JavaThread "Reference Handler" daemon [_thread_blocked, id=16131, stack(0x0000000170c9c000,0x0000000170e9f000)]
  0x000000011f078800 JavaThread "Finalizer" daemon [_thread_blocked, id=16387, stack(0x0000000170ea8000,0x00000001710ab000)]
  0x000000010f809200 JavaThread "Signal Dispatcher" daemon [_thread_blocked, id=42499, stack(0x0000000171258000,0x000000017145b000)]
  0x000000011e008800 JavaThread "Service Thread" daemon [_thread_blocked, id=42243, stack(0x0000000171464000,0x0000000171667000)]
  0x000000010c00b200 JavaThread "Monitor Deflation Thread" daemon [_thread_blocked, id=23555, stack(0x0000000171670000,0x0000000171873000)]
  0x000000010d835400 JavaThread "C2 CompilerThread0" daemon [_thread_in_native, id=23811, stack(0x000000017187c000,0x0000000171a7f000)]
  0x000000010e808600 JavaThread "C1 CompilerThread0" daemon [_thread_blocked, id=41731, stack(0x0000000171a88000,0x0000000171c8b000)]
  0x000000011e008e00 JavaThread "Sweeper thread" daemon [_thread_blocked, id=41219, stack(0x0000000171c94000,0x0000000171e97000)]
  0x000000011e013a00 JavaThread "Common-Cleaner" daemon [_thread_blocked, id=40707, stack(0x0000000171ea0000,0x00000001720a3000)]
  0x000000011d83bc00 JavaThread "Monitor Ctrl-Break" daemon [_thread_in_native, id=40195, stack(0x00000001720ac000,0x00000001722af000)]
  0x000000011e012a00 JavaThread "Notification Thread" daemon [_thread_blocked, id=39939, stack(0x00000001722b8000,0x00000001724bb000)]
  0x000000010e808c00 JavaThread "QuantumRenderer-0" daemon [_thread_blocked, id=39683, stack(0x00000001726d0000,0x00000001728d3000)]
=>0x000000011d876000 JavaThread "InvokeLaterDispatcher" daemon [_thread_in_native, id=29967, stack(0x00000001728dc000,0x0000000172adf000)]
  0x000000010d838c00 JavaThread "JavaFX Application Thread" [_thread_in_native, id=259, stack(0x000000016f5c0000,0x000000016fdbc000)]
  0x000000010da4ca00 JavaThread "JavaFX-Launcher" [_thread_blocked, id=59395, stack(0x0000000172c00000,0x0000000172e03000)]
  0x000000011f1c2000 JavaThread "PulseTimer-CVDisplayLink thread" daemon [_thread_in_native, id=79111, stack(0x0000000172ae8000,0x0000000172b6b000)]
  0x0000000142a58400 JavaThread "Prism Font Disposer" daemon [_thread_blocked, id=60935, stack(0x0000000173848000,0x0000000173a4b000)]
  0x000000010f8a3c00 JavaThread "Cleaner-0" daemon [_thread_blocked, id=66875, stack(0x0000000173bf8000,0x0000000173dfb000)]
  0x0000000142b27600 JavaThread "Attach Listener" daemon [_thread_blocked, id=89915, stack(0x0000000173e04000,0x0000000174007000)]

Other Threads:
  0x000000010d6075e0 VMThread "VM Thread" [stack: 0x0000000170a90000,0x0000000170c93000] [id=15875]
  0x000000011d708b60 WatcherThread [stack: 0x00000001724c4000,0x00000001726c7000] [id=24835]
  0x000000011d607f50 GCTaskThread "GC Thread#0" [stack: 0x0000000170054000,0x0000000170257000] [id=12547]
  0x000000010bb1c2b0 GCTaskThread "GC Thread#1" [stack: 0x0000000172e0c000,0x000000017300f000] [id=74755]
  0x000000010bb1c560 GCTaskThread "GC Thread#2" [stack: 0x0000000173018000,0x000000017321b000] [id=74243]
  0x000000010bb1c9e0 GCTaskThread "GC Thread#3" [stack: 0x0000000173224000,0x0000000173427000] [id=73731]
  0x000000010bb1d250 GCTaskThread "GC Thread#4" [stack: 0x0000000173430000,0x0000000173633000] [id=73219]
  0x000000010bb1dac0 GCTaskThread "GC Thread#5" [stack: 0x000000017363c000,0x000000017383f000] [id=72963]
  0x000000011e804460 ConcurrentGCThread "G1 Main Marker" [stack: 0x0000000170260000,0x0000000170463000] [id=12803]
  0x000000011e804ce0 ConcurrentGCThread "G1 Conc#0" [stack: 0x000000017046c000,0x000000017066f000] [id=19715]
  0x000000011e806b50 ConcurrentGCThread "G1 Refine#0" [stack: 0x0000000170678000,0x000000017087b000] [id=18947]
  0x000000011d704e50 ConcurrentGCThread "G1 Service" [stack: 0x0000000170884000,0x0000000170a87000] [id=14083]

Threads with active compile tasks:
C2 CompilerThread0     2455 2329       4       javafx.scene.CssStyleHelper::resolveLookups (463 bytes)

VM state: not at safepoint (normal execution)

VM Mutex/Monitor currently owned by a thread: None

Heap address: 0x0000000780000000, size: 2048 MB, Compressed Oops mode: Zero based, Oop shift amount: 3

CDS archive(s) mapped at: [0x0000000800000000-0x0000000800bd4000-0x0000000800bd4000), size 12402688, SharedBaseAddress: 0x0000000800000000, ArchiveRelocationMode: 0.
Compressed class space mapped at: 0x0000000800c00000-0x0000000840c00000, reserved size: 1073741824
Narrow klass base: 0x0000000800000000, Narrow klass shift: 0, Narrow klass range: 0x100000000

GC Precious Log:
 CPUs: 8 total, 8 available
 Memory: 8192M
 Large Page Support: Disabled
 NUMA Support: Disabled
 Compressed Oops: Enabled (Zero based)
 Heap Region Size: 1M
 Heap Min Capacity: 8M
 Heap Initial Capacity: 128M
 Heap Max Capacity: 2G
 Pre-touch: Disabled
 Parallel Workers: 8
 Concurrent Workers: 2
 Concurrent Refinement Workers: 8
 Periodic GC: Disabled

Heap:
 garbage-first heap   total 133120K, used 40925K [0x0000000780000000, 0x0000000800000000)
  region size 1024K, 38 young (38912K), 3 survivors (3072K)
 Metaspace       used 15713K, committed 16000K, reserved 1064960K
  class space    used 2358K, committed 2496K, reserved 1048576K

Heap Regions: E=young(eden), S=young(survivor), O=old, HS=humongous(starts), HC=humongous(continues), CS=collection set, F=free, OA=open archive, CA=closed archive, TAMS=top-at-mark-start (previous, next)
|   0|0x0000000780000000, 0x0000000780100000, 0x0000000780100000|100%|HS|  |TAMS 0x0000000780000000, 0x0000000780000000| Complete 
|   1|0x0000000780100000, 0x0000000780200000, 0x0000000780200000|100%|HC|  |TAMS 0x0000000780100000, 0x0000000780100000| Complete 
|   2|0x0000000780200000, 0x0000000780200000, 0x0000000780300000|  0%| F|  |TAMS 0x0000000780200000, 0x0000000780200000| Untracked 
|   3|0x0000000780300000, 0x0000000780300000, 0x0000000780400000|  0%| F|  |TAMS 0x0000000780300000, 0x0000000780300000| Untracked 
|   4|0x0000000780400000, 0x0000000780400000, 0x0000000780500000|  0%| F|  |TAMS 0x0000000780400000, 0x0000000780400000| Untracked 
|   5|0x0000000780500000, 0x0000000780500000, 0x0000000780600000|  0%| F|  |TAMS 0x0000000780500000, 0x0000000780500000| Untracked 
|   6|0x0000000780600000, 0x0000000780600000, 0x0000000780700000|  0%| F|  |TAMS 0x0000000780600000, 0x0000000780600000| Untracked 
|   7|0x0000000780700000, 0x0000000780700000, 0x0000000780800000|  0%| F|  |TAMS 0x0000000780700000, 0x0000000780700000| Untracked 
|   8|0x0000000780800000, 0x0000000780800000, 0x0000000780900000|  0%| F|  |TAMS 0x0000000780800000, 0x0000000780800000| Untracked 
|   9|0x0000000780900000, 0x0000000780900000, 0x0000000780a00000|  0%| F|  |TAMS 0x0000000780900000, 0x0000000780900000| Untracked 
|  10|0x0000000780a00000, 0x0000000780a00000, 0x0000000780b00000|  0%| F|  |TAMS 0x0000000780a00000, 0x0000000780a00000| Untracked 
|  11|0x0000000780b00000, 0x0000000780b00000, 0x0000000780c00000|  0%| F|  |TAMS 0x0000000780b00000, 0x0000000780b00000| Untracked 
|  12|0x0000000780c00000, 0x0000000780c00000, 0x0000000780d00000|  0%| F|  |TAMS 0x0000000780c00000, 0x0000000780c00000| Untracked 
|  13|0x0000000780d00000, 0x0000000780d00000, 0x0000000780e00000|  0%| F|  |TAMS 0x0000000780d00000, 0x0000000780d00000| Untracked 
|  14|0x0000000780e00000, 0x0000000780e00000, 0x0000000780f00000|  0%| F|  |TAMS 0x0000000780e00000, 0x0000000780e00000| Untracked 
|  15|0x0000000780f00000, 0x0000000780f00000, 0x0000000781000000|  0%| F|  |TAMS 0x0000000780f00000, 0x0000000780f00000| Untracked 
|  16|0x0000000781000000, 0x0000000781000000, 0x0000000781100000|  0%| F|  |TAMS 0x0000000781000000, 0x0000000781000000| Untracked 
|  17|0x0000000781100000, 0x0000000781100000, 0x0000000781200000|  0%| F|  |TAMS 0x0000000781100000, 0x0000000781100000| Untracked 
|  18|0x0000000781200000, 0x0000000781200000, 0x0000000781300000|  0%| F|  |TAMS 0x0000000781200000, 0x0000000781200000| Untracked 
|  19|0x0000000781300000, 0x0000000781300000, 0x0000000781400000|  0%| F|  |TAMS 0x0000000781300000, 0x0000000781300000| Untracked 
|  20|0x0000000781400000, 0x0000000781400000, 0x0000000781500000|  0%| F|  |TAMS 0x0000000781400000, 0x0000000781400000| Untracked 
|  21|0x0000000781500000, 0x0000000781500000, 0x0000000781600000|  0%| F|  |TAMS 0x0000000781500000, 0x0000000781500000| Untracked 
|  22|0x0000000781600000, 0x0000000781600000, 0x0000000781700000|  0%| F|  |TAMS 0x0000000781600000, 0x0000000781600000| Untracked 
|  23|0x0000000781700000, 0x0000000781700000, 0x0000000781800000|  0%| F|  |TAMS 0x0000000781700000, 0x0000000781700000| Untracked 
|  24|0x0000000781800000, 0x0000000781800000, 0x0000000781900000|  0%| F|  |TAMS 0x0000000781800000, 0x0000000781800000| Untracked 
|  25|0x0000000781900000, 0x0000000781900000, 0x0000000781a00000|  0%| F|  |TAMS 0x0000000781900000, 0x0000000781900000| Untracked 
|  26|0x0000000781a00000, 0x0000000781a00000, 0x0000000781b00000|  0%| F|  |TAMS 0x0000000781a00000, 0x0000000781a00000| Untracked 
|  27|0x0000000781b00000, 0x0000000781b00000, 0x0000000781c00000|  0%| F|  |TAMS 0x0000000781b00000, 0x0000000781b00000| Untracked 
|  28|0x0000000781c00000, 0x0000000781c00000, 0x0000000781d00000|  0%| F|  |TAMS 0x0000000781c00000, 0x0000000781c00000| Untracked 
|  29|0x0000000781d00000, 0x0000000781d00000, 0x0000000781e00000|  0%| F|  |TAMS 0x0000000781d00000, 0x0000000781d00000| Untracked 
|  30|0x0000000781e00000, 0x0000000781e00000, 0x0000000781f00000|  0%| F|  |TAMS 0x0000000781e00000, 0x0000000781e00000| Untracked 
|  31|0x0000000781f00000, 0x0000000781f00000, 0x0000000782000000|  0%| F|  |TAMS 0x0000000781f00000, 0x0000000781f00000| Untracked 
|  32|0x0000000782000000, 0x0000000782000000, 0x0000000782100000|  0%| F|  |TAMS 0x0000000782000000, 0x0000000782000000| Untracked 
|  33|0x0000000782100000, 0x0000000782100000, 0x0000000782200000|  0%| F|  |TAMS 0x0000000782100000, 0x0000000782100000| Untracked 
|  34|0x0000000782200000, 0x0000000782200000, 0x0000000782300000|  0%| F|  |TAMS 0x0000000782200000, 0x0000000782200000| Untracked 
|  35|0x0000000782300000, 0x0000000782300000, 0x0000000782400000|  0%| F|  |TAMS 0x0000000782300000, 0x0000000782300000| Untracked 
|  36|0x0000000782400000, 0x0000000782400000, 0x0000000782500000|  0%| F|  |TAMS 0x0000000782400000, 0x0000000782400000| Untracked 
|  37|0x0000000782500000, 0x0000000782500000, 0x0000000782600000|  0%| F|  |TAMS 0x0000000782500000, 0x0000000782500000| Untracked 
|  38|0x0000000782600000, 0x0000000782600000, 0x0000000782700000|  0%| F|  |TAMS 0x0000000782600000, 0x0000000782600000| Untracked 
|  39|0x0000000782700000, 0x0000000782700000, 0x0000000782800000|  0%| F|  |TAMS 0x0000000782700000, 0x0000000782700000| Untracked 
|  40|0x0000000782800000, 0x0000000782800000, 0x0000000782900000|  0%| F|  |TAMS 0x0000000782800000, 0x0000000782800000| Untracked 
|  41|0x0000000782900000, 0x0000000782900000, 0x0000000782a00000|  0%| F|  |TAMS 0x0000000782900000, 0x0000000782900000| Untracked 
|  42|0x0000000782a00000, 0x0000000782a00000, 0x0000000782b00000|  0%| F|  |TAMS 0x0000000782a00000, 0x0000000782a00000| Untracked 
|  43|0x0000000782b00000, 0x0000000782b00000, 0x0000000782c00000|  0%| F|  |TAMS 0x0000000782b00000, 0x0000000782b00000| Untracked 
|  44|0x0000000782c00000, 0x0000000782c00000, 0x0000000782d00000|  0%| F|  |TAMS 0x0000000782c00000, 0x0000000782c00000| Untracked 
|  45|0x0000000782d00000, 0x0000000782d00000, 0x0000000782e00000|  0%| F|  |TAMS 0x0000000782d00000, 0x0000000782d00000| Untracked 
|  46|0x0000000782e00000, 0x0000000782e00000, 0x0000000782f00000|  0%| F|  |TAMS 0x0000000782e00000, 0x0000000782e00000| Untracked 
|  47|0x0000000782f00000, 0x0000000782f00000, 0x0000000783000000|  0%| F|  |TAMS 0x0000000782f00000, 0x0000000782f00000| Untracked 
|  48|0x0000000783000000, 0x0000000783000000, 0x0000000783100000|  0%| F|  |TAMS 0x0000000783000000, 0x0000000783000000| Untracked 
|  49|0x0000000783100000, 0x0000000783100000, 0x0000000783200000|  0%| F|  |TAMS 0x0000000783100000, 0x0000000783100000| Untracked 
|  50|0x0000000783200000, 0x0000000783200000, 0x0000000783300000|  0%| F|  |TAMS 0x0000000783200000, 0x0000000783200000| Untracked 
|  51|0x0000000783300000, 0x0000000783300000, 0x0000000783400000|  0%| F|  |TAMS 0x0000000783300000, 0x0000000783300000| Untracked 
|  52|0x0000000783400000, 0x0000000783400000, 0x0000000783500000|  0%| F|  |TAMS 0x0000000783400000, 0x0000000783400000| Untracked 
|  53|0x0000000783500000, 0x0000000783500000, 0x0000000783600000|  0%| F|  |TAMS 0x0000000783500000, 0x0000000783500000| Untracked 
|  54|0x0000000783600000, 0x0000000783600000, 0x0000000783700000|  0%| F|  |TAMS 0x0000000783600000, 0x0000000783600000| Untracked 
|  55|0x0000000783700000, 0x0000000783700000, 0x0000000783800000|  0%| F|  |TAMS 0x0000000783700000, 0x0000000783700000| Untracked 
|  56|0x0000000783800000, 0x0000000783800000, 0x0000000783900000|  0%| F|  |TAMS 0x0000000783800000, 0x0000000783800000| Untracked 
|  57|0x0000000783900000, 0x0000000783900000, 0x0000000783a00000|  0%| F|  |TAMS 0x0000000783900000, 0x0000000783900000| Untracked 
|  58|0x0000000783a00000, 0x0000000783a00000, 0x0000000783b00000|  0%| F|  |TAMS 0x0000000783a00000, 0x0000000783a00000| Untracked 
|  59|0x0000000783b00000, 0x0000000783b00000, 0x0000000783c00000|  0%| F|  |TAMS 0x0000000783b00000, 0x0000000783b00000| Untracked 
|  60|0x0000000783c00000, 0x0000000783c00000, 0x0000000783d00000|  0%| F|  |TAMS 0x0000000783c00000, 0x0000000783c00000| Untracked 
|  61|0x0000000783d00000, 0x0000000783d00000, 0x0000000783e00000|  0%| F|  |TAMS 0x0000000783d00000, 0x0000000783d00000| Untracked 
|  62|0x0000000783e00000, 0x0000000783e00000, 0x0000000783f00000|  0%| F|  |TAMS 0x0000000783e00000, 0x0000000783e00000| Untracked 
|  63|0x0000000783f00000, 0x0000000783f00000, 0x0000000784000000|  0%| F|  |TAMS 0x0000000783f00000, 0x0000000783f00000| Untracked 
|  64|0x0000000784000000, 0x0000000784000000, 0x0000000784100000|  0%| F|  |TAMS 0x0000000784000000, 0x0000000784000000| Untracked 
|  65|0x0000000784100000, 0x0000000784100000, 0x0000000784200000|  0%| F|  |TAMS 0x0000000784100000, 0x0000000784100000| Untracked 
|  66|0x0000000784200000, 0x0000000784200000, 0x0000000784300000|  0%| F|  |TAMS 0x0000000784200000, 0x0000000784200000| Untracked 
|  67|0x0000000784300000, 0x0000000784300000, 0x0000000784400000|  0%| F|  |TAMS 0x0000000784300000, 0x0000000784300000| Untracked 
|  68|0x0000000784400000, 0x0000000784400000, 0x0000000784500000|  0%| F|  |TAMS 0x0000000784400000, 0x0000000784400000| Untracked 
|  69|0x0000000784500000, 0x0000000784500000, 0x0000000784600000|  0%| F|  |TAMS 0x0000000784500000, 0x0000000784500000| Untracked 
|  70|0x0000000784600000, 0x0000000784600000, 0x0000000784700000|  0%| F|  |TAMS 0x0000000784600000, 0x0000000784600000| Untracked 
|  71|0x0000000784700000, 0x0000000784700000, 0x0000000784800000|  0%| F|  |TAMS 0x0000000784700000, 0x0000000784700000| Untracked 
|  72|0x0000000784800000, 0x0000000784800000, 0x0000000784900000|  0%| F|  |TAMS 0x0000000784800000, 0x0000000784800000| Untracked 
|  73|0x0000000784900000, 0x0000000784900000, 0x0000000784a00000|  0%| F|  |TAMS 0x0000000784900000, 0x0000000784900000| Untracked 
|  74|0x0000000784a00000, 0x0000000784a00000, 0x0000000784b00000|  0%| F|  |TAMS 0x0000000784a00000, 0x0000000784a00000| Untracked 
|  75|0x0000000784b00000, 0x0000000784b00000, 0x0000000784c00000|  0%| F|  |TAMS 0x0000000784b00000, 0x0000000784b00000| Untracked 
|  76|0x0000000784c00000, 0x0000000784c00000, 0x0000000784d00000|  0%| F|  |TAMS 0x0000000784c00000, 0x0000000784c00000| Untracked 
|  77|0x0000000784d00000, 0x0000000784d00000, 0x0000000784e00000|  0%| F|  |TAMS 0x0000000784d00000, 0x0000000784d00000| Untracked 
|  78|0x0000000784e00000, 0x0000000784e00000, 0x0000000784f00000|  0%| F|  |TAMS 0x0000000784e00000, 0x0000000784e00000| Untracked 
|  79|0x0000000784f00000, 0x0000000784f00000, 0x0000000785000000|  0%| F|  |TAMS 0x0000000784f00000, 0x0000000784f00000| Untracked 
|  80|0x0000000785000000, 0x0000000785000000, 0x0000000785100000|  0%| F|  |TAMS 0x0000000785000000, 0x0000000785000000| Untracked 
|  81|0x0000000785100000, 0x0000000785100000, 0x0000000785200000|  0%| F|  |TAMS 0x0000000785100000, 0x0000000785100000| Untracked 
|  82|0x0000000785200000, 0x0000000785200000, 0x0000000785300000|  0%| F|  |TAMS 0x0000000785200000, 0x0000000785200000| Untracked 
|  83|0x0000000785300000, 0x0000000785300000, 0x0000000785400000|  0%| F|  |TAMS 0x0000000785300000, 0x0000000785300000| Untracked 
|  84|0x0000000785400000, 0x0000000785400000, 0x0000000785500000|  0%| F|  |TAMS 0x0000000785400000, 0x0000000785400000| Untracked 
|  85|0x0000000785500000, 0x0000000785500000, 0x0000000785600000|  0%| F|  |TAMS 0x0000000785500000, 0x0000000785500000| Untracked 
|  86|0x0000000785600000, 0x0000000785600000, 0x0000000785700000|  0%| F|  |TAMS 0x0000000785600000, 0x0000000785600000| Untracked 
|  87|0x0000000785700000, 0x0000000785700000, 0x0000000785800000|  0%| F|  |TAMS 0x0000000785700000, 0x0000000785700000| Untracked 
|  88|0x0000000785800000, 0x0000000785800000, 0x0000000785900000|  0%| F|  |TAMS 0x0000000785800000, 0x0000000785800000| Untracked 
|  89|0x0000000785900000, 0x0000000785900000, 0x0000000785a00000|  0%| F|  |TAMS 0x0000000785900000, 0x0000000785900000| Untracked 
|  90|0x0000000785a00000, 0x0000000785b00000, 0x0000000785b00000|100%| E|  |TAMS 0x0000000785a00000, 0x0000000785a00000| Complete 
|  91|0x0000000785b00000, 0x0000000785c00000, 0x0000000785c00000|100%| E|CS|TAMS 0x0000000785b00000, 0x0000000785b00000| Complete 
|  92|0x0000000785c00000, 0x0000000785d00000, 0x0000000785d00000|100%| E|CS|TAMS 0x0000000785c00000, 0x0000000785c00000| Complete 
|  93|0x0000000785d00000, 0x0000000785e00000, 0x0000000785e00000|100%| E|CS|TAMS 0x0000000785d00000, 0x0000000785d00000| Complete 
|  94|0x0000000785e00000, 0x0000000785f00000, 0x0000000785f00000|100%| E|CS|TAMS 0x0000000785e00000, 0x0000000785e00000| Complete 
|  95|0x0000000785f00000, 0x0000000786000000, 0x0000000786000000|100%| E|CS|TAMS 0x0000000785f00000, 0x0000000785f00000| Complete 
|  96|0x0000000786000000, 0x0000000786100000, 0x0000000786100000|100%| E|CS|TAMS 0x0000000786000000, 0x0000000786000000| Complete 
|  97|0x0000000786100000, 0x0000000786200000, 0x0000000786200000|100%| E|CS|TAMS 0x0000000786100000, 0x0000000786100000| Complete 
|  98|0x0000000786200000, 0x0000000786300000, 0x0000000786300000|100%| E|CS|TAMS 0x0000000786200000, 0x0000000786200000| Complete 
|  99|0x0000000786300000, 0x0000000786400000, 0x0000000786400000|100%| E|CS|TAMS 0x0000000786300000, 0x0000000786300000| Complete 
| 100|0x0000000786400000, 0x0000000786500000, 0x0000000786500000|100%| E|CS|TAMS 0x0000000786400000, 0x0000000786400000| Complete 
| 101|0x0000000786500000, 0x0000000786600000, 0x0000000786600000|100%| E|CS|TAMS 0x0000000786500000, 0x0000000786500000| Complete 
| 102|0x0000000786600000, 0x00000007866ff548, 0x0000000786700000| 99%| S|CS|TAMS 0x0000000786600000, 0x0000000786600000| Complete 
| 103|0x0000000786700000, 0x0000000786800000, 0x0000000786800000|100%| S|CS|TAMS 0x0000000786700000, 0x0000000786700000| Complete 
| 104|0x0000000786800000, 0x0000000786900000, 0x0000000786900000|100%| S|CS|TAMS 0x0000000786800000, 0x0000000786800000| Complete 
| 105|0x0000000786900000, 0x0000000786a00000, 0x0000000786a00000|100%| E|CS|TAMS 0x0000000786900000, 0x0000000786900000| Complete 
| 106|0x0000000786a00000, 0x0000000786b00000, 0x0000000786b00000|100%| E|CS|TAMS 0x0000000786a00000, 0x0000000786a00000| Complete 
| 107|0x0000000786b00000, 0x0000000786c00000, 0x0000000786c00000|100%| E|CS|TAMS 0x0000000786b00000, 0x0000000786b00000| Complete 
| 108|0x0000000786c00000, 0x0000000786d00000, 0x0000000786d00000|100%| E|CS|TAMS 0x0000000786c00000, 0x0000000786c00000| Complete 
| 109|0x0000000786d00000, 0x0000000786e00000, 0x0000000786e00000|100%| E|CS|TAMS 0x0000000786d00000, 0x0000000786d00000| Complete 
| 110|0x0000000786e00000, 0x0000000786f00000, 0x0000000786f00000|100%| E|CS|TAMS 0x0000000786e00000, 0x0000000786e00000| Complete 
| 111|0x0000000786f00000, 0x0000000787000000, 0x0000000787000000|100%| E|CS|TAMS 0x0000000786f00000, 0x0000000786f00000| Complete 
| 112|0x0000000787000000, 0x0000000787100000, 0x0000000787100000|100%| E|CS|TAMS 0x0000000787000000, 0x0000000787000000| Complete 
| 113|0x0000000787100000, 0x0000000787200000, 0x0000000787200000|100%| E|CS|TAMS 0x0000000787100000, 0x0000000787100000| Complete 
| 114|0x0000000787200000, 0x0000000787300000, 0x0000000787300000|100%| E|CS|TAMS 0x0000000787200000, 0x0000000787200000| Complete 
| 115|0x0000000787300000, 0x0000000787400000, 0x0000000787400000|100%| E|CS|TAMS 0x0000000787300000, 0x0000000787300000| Complete 
| 116|0x0000000787400000, 0x0000000787500000, 0x0000000787500000|100%| E|CS|TAMS 0x0000000787400000, 0x0000000787400000| Complete 
| 117|0x0000000787500000, 0x0000000787600000, 0x0000000787600000|100%| E|CS|TAMS 0x0000000787500000, 0x0000000787500000| Complete 
| 118|0x0000000787600000, 0x0000000787700000, 0x0000000787700000|100%| E|CS|TAMS 0x0000000787600000, 0x0000000787600000| Complete 
| 119|0x0000000787700000, 0x0000000787800000, 0x0000000787800000|100%| E|CS|TAMS 0x0000000787700000, 0x0000000787700000| Complete 
| 120|0x0000000787800000, 0x0000000787900000, 0x0000000787900000|100%| E|CS|TAMS 0x0000000787800000, 0x0000000787800000| Complete 
| 121|0x0000000787900000, 0x0000000787a00000, 0x0000000787a00000|100%| E|CS|TAMS 0x0000000787900000, 0x0000000787900000| Complete 
| 122|0x0000000787a00000, 0x0000000787b00000, 0x0000000787b00000|100%| E|CS|TAMS 0x0000000787a00000, 0x0000000787a00000| Complete 
| 123|0x0000000787b00000, 0x0000000787c00000, 0x0000000787c00000|100%| E|CS|TAMS 0x0000000787b00000, 0x0000000787b00000| Complete 
| 124|0x0000000787c00000, 0x0000000787d00000, 0x0000000787d00000|100%| E|CS|TAMS 0x0000000787c00000, 0x0000000787c00000| Complete 
| 125|0x0000000787d00000, 0x0000000787e00000, 0x0000000787e00000|100%| E|CS|TAMS 0x0000000787d00000, 0x0000000787d00000| Complete 
| 126|0x0000000787e00000, 0x0000000787f00000, 0x0000000787f00000|100%| E|CS|TAMS 0x0000000787e00000, 0x0000000787e00000| Complete 
| 127|0x0000000787f00000, 0x0000000788000000, 0x0000000788000000|100%| E|CS|TAMS 0x0000000787f00000, 0x0000000787f00000| Complete 
|2046|0x00000007ffe00000, 0x00000007ffe78000, 0x00000007fff00000| 46%|OA|  |TAMS 0x00000007ffe00000, 0x00000007ffe00000| Untracked 
|2047|0x00000007fff00000, 0x00000007fff80000, 0x0000000800000000| 50%|CA|  |TAMS 0x00000007fff00000, 0x00000007fff00000| Untracked 

Card table byte_map: [0x0000000100a1c000,0x0000000100e1c000] _byte_map_base: 0x00000000fce1c000

Marking Bits (Prev, Next): (CMBitMap*) 0x000000011e012410, (CMBitMap*) 0x000000011e012450
 Prev Bits: [0x0000000109994000, 0x000000010b994000)
 Next Bits: [0x0000000118000000, 0x000000011a000000)

Polling page: 0x00000001001c8000

Metaspace:

Usage:
  Non-class:     13.04 MB used.
      Class:      2.30 MB used.
       Both:     15.35 MB used.

Virtual space:
  Non-class space:       16.00 MB reserved,      13.19 MB ( 82%) committed,  2 nodes.
      Class space:        1.00 GB reserved,       2.44 MB ( <1%) committed,  1 nodes.
             Both:        1.02 GB reserved,      15.62 MB (  2%) committed. 

Chunk freelists:
   Non-Class:  1.91 MB
       Class:  1.54 MB
        Both:  3.45 MB

MaxMetaspaceSize: unlimited
CompressedClassSpaceSize: 1.00 GB
Initial GC threshold: 21.00 MB
Current GC threshold: 21.00 MB
CDS: on
MetaspaceReclaimPolicy: balanced
 - commit_granule_bytes: 65536.
 - commit_granule_words: 8192.
 - virtual_space_node_default_size: 1048576.
 - enlarge_chunks_in_place: 1.
 - new_chunks_are_fully_committed: 0.
 - uncommit_free_chunks: 1.
 - use_allocation_guard: 0.
 - handle_deallocations: 1.


Internal statistics:

num_allocs_failed_limit: 0.
num_arena_births: 214.
num_arena_deaths: 0.
num_vsnodes_births: 3.
num_vsnodes_deaths: 0.
num_space_committed: 250.
num_space_uncommitted: 0.
num_chunks_returned_to_freelist: 0.
num_chunks_taken_from_freelist: 712.
num_chunk_merges: 0.
num_chunk_splits: 504.
num_chunks_enlarged: 395.
num_purges: 0.
num_inconsistent_stats: 0.

CodeHeap 'non-profiled nmethods': size=120032Kb used=949Kb max_used=949Kb free=119082Kb
 bounds [0x000000012fac8000, 0x000000012fd38000, 0x0000000137000000]
CodeHeap 'profiled nmethods': size=120016Kb used=4520Kb max_used=4520Kb free=115495Kb
 bounds [0x0000000128594000, 0x0000000128a04000, 0x000000012fac8000]
CodeHeap 'non-nmethods': size=5712Kb used=1384Kb max_used=1484Kb free=4327Kb
 bounds [0x0000000128000000, 0x0000000128270000, 0x0000000128594000]
 total_blobs=3050 nmethods=2274 adapters=692
 compilation: enabled
              stopped_count=0, restarted_count=0
 full_count=0

Compilation events (20 events):
Event: 2.375 Thread 0x000000010e808600 nmethod 2320 0x00000001289efd10 code [0x00000001289effc0, 0x00000001289f0878]
Event: 2.398 Thread 0x000000010e808600 2321       3       com.sun.prism.GraphicsPipeline::getPipeline (4 bytes)
Event: 2.398 Thread 0x000000010e808600 nmethod 2321 0x00000001289f0d10 code [0x00000001289f0ec0, 0x00000001289f0fe8]
Event: 2.424 Thread 0x000000010e808600 2322       3       com.sun.javafx.scene.EnteredExitedHandler::dispatchCapturingEvent (222 bytes)
Event: 2.426 Thread 0x000000010e808600 nmethod 2322 0x00000001289f1090 code [0x00000001289f1600, 0x00000001289f3f28]
Event: 2.432 Thread 0x000000010e808600 2323       3       java.util.concurrent.atomic.AtomicBoolean::getAndSet (25 bytes)
Event: 2.433 Thread 0x000000010e808600 nmethod 2323 0x00000001289f4890 code [0x00000001289f4b40, 0x00000001289f5448]
Event: 2.433 Thread 0x000000010e808600 2324       3       java.lang.invoke.VarHandleInts$FieldInstanceReadWrite::getAndSet (28 bytes)
Event: 2.433 Thread 0x000000010e808600 nmethod 2324 0x00000001289f5790 code [0x00000001289f59c0, 0x00000001289f5f78]
Event: 2.438 Thread 0x000000010e808600 2325       3       javafx.css.StyleConverter::getInsetsConverter (4 bytes)
Event: 2.438 Thread 0x000000010e808600 nmethod 2325 0x00000001289f6210 code [0x00000001289f63c0, 0x00000001289f6528]
Event: 2.438 Thread 0x000000010e808600 2326       3       javafx.scene.CssStyleHelper::getStyle (162 bytes)
Event: 2.439 Thread 0x000000010d835400 2329       4       javafx.scene.CssStyleHelper::resolveLookups (463 bytes)
Event: 2.440 Thread 0x000000010e808600 nmethod 2326 0x00000001289f6610 code [0x00000001289f6900, 0x00000001289f7768]
Event: 2.440 Thread 0x000000010e808600 2328       3       com.sun.javafx.css.CascadingStyle::getSelector (8 bytes)
Event: 2.440 Thread 0x000000010e808600 nmethod 2328 0x00000001289f7b90 code [0x00000001289f7d40, 0x00000001289f7ea8]
Event: 2.440 Thread 0x000000010e808600 2330       3       javafx.scene.Parent::updateBounds (44 bytes)
Event: 2.440 Thread 0x000000010e808600 nmethod 2330 0x00000001289f7f90 code [0x00000001289f81c0, 0x00000001289f8828]
Event: 2.440 Thread 0x000000010e808600 2327       1       javafx.css.Style::getSelector (5 bytes)
Event: 2.440 Thread 0x000000010e808600 nmethod 2327 0x000000012fbb4b90 code [0x000000012fbb4d00, 0x000000012fbb4de8]

GC Heap History (2 events):
Event: 0.451 GC heap before
{Heap before GC invocations=0 (full 0):
 garbage-first heap   total 133120K, used 23520K [0x0000000780000000, 0x0000000800000000)
  region size 1024K, 23 young (23552K), 0 survivors (0K)
 Metaspace       used 7813K, committed 8000K, reserved 1056768K
  class space    used 1031K, committed 1152K, reserved 1048576K
}
Event: 0.454 GC heap after
{Heap after GC invocations=1 (full 0):
 garbage-first heap   total 133120K, used 4061K [0x0000000780000000, 0x0000000800000000)
  region size 1024K, 3 young (3072K), 3 survivors (3072K)
 Metaspace       used 7813K, committed 8000K, reserved 1056768K
  class space    used 1031K, committed 1152K, reserved 1048576K
}

Deoptimization events (20 events):
Event: 1.793 Thread 0x000000010e808c00 DEOPT PACKING pc=0x000000012895e254 sp=0x00000001728d0830
Event: 1.793 Thread 0x000000010e808c00 DEOPT UNPACKING pc=0x000000012803eb7c sp=0x00000001728d0450 mode 0
Event: 1.793 Thread 0x000000010e808c00 DEOPT PACKING pc=0x0000000128951180 sp=0x00000001728d0710
Event: 1.794 Thread 0x000000010e808c00 DEOPT UNPACKING pc=0x000000012803eb7c sp=0x00000001728d0310 mode 0
Event: 1.913 Thread 0x000000010e808c00 Uncommon trap: trap_request=0xffffff45 fr.pc=0x000000012fba7f8c relative=0x000000000000210c
Event: 1.913 Thread 0x000000010e808c00 Uncommon trap: reason=unstable_if action=reinterpret pc=0x000000012fba7f8c method=com.sun.marlin.Renderer._endRendering(IILcom/sun/marlin/MarlinAlphaConsumer;)V @ 2410 c2
Event: 1.913 Thread 0x000000010e808c00 DEOPT PACKING pc=0x000000012fba7f8c sp=0x00000001728d14a0
Event: 1.913 Thread 0x000000010e808c00 DEOPT UNPACKING pc=0x000000012803ed1c sp=0x00000001728d12d0 mode 2
Event: 2.041 Thread 0x000000010e808c00 Uncommon trap: trap_request=0xffffff45 fr.pc=0x000000012fb98988 relative=0x00000000000029c8
Event: 2.041 Thread 0x000000010e808c00 Uncommon trap: reason=unstable_if action=reinterpret pc=0x000000012fb98988 method=com.sun.marlin.Renderer._endRendering(IILcom/sun/marlin/MarlinAlphaConsumer;)V @ 2410 c2
Event: 2.041 Thread 0x000000010e808c00 DEOPT PACKING pc=0x000000012fb98988 sp=0x00000001728d1430
Event: 2.041 Thread 0x000000010e808c00 DEOPT UNPACKING pc=0x000000012803ed1c sp=0x00000001728d12d0 mode 2
Event: 2.046 Thread 0x000000010e808c00 Uncommon trap: trap_request=0xffffff45 fr.pc=0x000000012fb7b638 relative=0x0000000000001cf8
Event: 2.046 Thread 0x000000010e808c00 Uncommon trap: reason=unstable_if action=reinterpret pc=0x000000012fb7b638 method=com.sun.marlin.Renderer._endRendering(IILcom/sun/marlin/MarlinAlphaConsumer;)V @ 2015 c2
Event: 2.046 Thread 0x000000010e808c00 DEOPT PACKING pc=0x000000012fb7b638 sp=0x00000001728d12d0
Event: 2.046 Thread 0x000000010e808c00 DEOPT UNPACKING pc=0x000000012803ed1c sp=0x00000001728d1170 mode 2
Event: 2.438 Thread 0x000000010d838c00 Uncommon trap: trap_request=0xffffff45 fr.pc=0x000000012fb5c1d8 relative=0x0000000000000a98
Event: 2.438 Thread 0x000000010d838c00 Uncommon trap: reason=unstable_if action=reinterpret pc=0x000000012fb5c1d8 method=javafx.css.SimpleSelector.stateMatches(Ljavafx/css/Styleable;Ljava/util/Set;)Z @ 1 c2
Event: 2.438 Thread 0x000000010d838c00 DEOPT PACKING pc=0x000000012fb5c1d8 sp=0x000000016fdb5bc0
Event: 2.438 Thread 0x000000010d838c00 DEOPT UNPACKING pc=0x000000012803ed1c sp=0x000000016fdb5ab0 mode 2

Classes unloaded (0 events):
No events

Classes redefined (0 events):
No events

Internal exceptions (20 events):
Event: 0.659 Thread 0x000000010d838c00 Exception <a 'java/lang/ClassNotFoundException'{0x00000007871e9e98}: com/sun/javafx/scene/control/skin/resources/controls> (0x00000007871e9e98) 
thrown [open/src/hotspot/share/prims/jni.cpp, line 535]
Event: 0.660 Thread 0x000000010d838c00 Exception <a 'java/lang/ClassNotFoundException'{0x00000007871f7e38}: com/sun/javafx/scene/control/skin/resources/controls_zh> (0x00000007871f7e38) 
thrown [open/src/hotspot/share/prims/jni.cpp, line 535]
Event: 0.660 Thread 0x000000010d838c00 Exception <a 'java/lang/ClassNotFoundException'{0x00000007871f8dd0}: com/sun/javafx/scene/control/skin/resources/controls_zh_TW> (0x00000007871f8dd0) 
thrown [open/src/hotspot/share/prims/jni.cpp, line 535]
Event: 0.660 Thread 0x000000010d838c00 Exception <a 'java/lang/ClassNotFoundException'{0x0000000787007558}: com/sun/javafx/scene/control/skin/resources/controls_zh_Hant> (0x0000000787007558) 
thrown [open/src/hotspot/share/prims/jni.cpp, line 535]
Event: 0.661 Thread 0x000000010d838c00 Exception <a 'java/lang/ClassNotFoundException'{0x00000007870084f8}: com/sun/javafx/scene/control/skin/resources/controls_zh_Hant_TW> (0x00000007870084f8) 
thrown [open/src/hotspot/share/prims/jni.cpp, line 535]
Event: 0.681 Thread 0x000000010d838c00 Exception <a 'java/lang/NoSuchMethodError'{0x0000000786e88760}: 'void java.lang.invoke.DirectMethodHandle$Holder.invokeSpecial(java.lang.Object, java.lang.Object, java.lang.Object, java.lang.Object, java.lang.Object, java.lang.Object)'> (0x0000000786e88760) 
thrown [open/src/hotspot/share/interpreter/linkResolver.cpp, line 766]
Event: 0.702 Thread 0x000000010d838c00 Exception <a 'java/lang/NoSuchMethodError'{0x0000000786b707c8}: 'java.lang.Object java.lang.invoke.DirectMethodHandle$Holder.invokeInterface(java.lang.Object, java.lang.Object, java.lang.Object)'> (0x0000000786b707c8) 
thrown [open/src/hotspot/share/interpreter/linkResolver.cpp, line 766]
Event: 0.702 Thread 0x000000010d838c00 Exception <a 'java/lang/IncompatibleClassChangeError'{0x0000000786b74150}: Found class java.lang.Object, but interface was expected> (0x0000000786b74150) 
thrown [open/src/hotspot/share/interpreter/linkResolver.cpp, line 833]
Event: 0.748 Thread 0x000000010d838c00 Exception <a 'java/lang/NoSuchMethodError'{0x00000007863bfd08}: 'java.lang.Object java.lang.invoke.DirectMethodHandle$Holder.newInvokeSpecial(java.lang.Object, java.lang.Object, int, int)'> (0x00000007863bfd08) 
thrown [open/src/hotspot/share/interpreter/linkResolver.cpp, line 766]
Event: 0.752 Thread 0x000000010d838c00 Exception <a 'java/lang/NoSuchMethodError'{0x00000007863e0208}: 'java.lang.Object java.lang.invoke.DirectMethodHandle$Holder.newInvokeSpecial(java.lang.Object, java.lang.Object, int)'> (0x00000007863e0208) 
thrown [open/src/hotspot/share/interpreter/linkResolver.cpp, line 766]
Event: 0.797 Thread 0x000000010e808c00 Exception <a 'java/lang/NoSuchMethodError'{0x00000007861e6e00}: 'int java.lang.invoke.DirectMethodHandle$Holder.invokeStaticInit(java.lang.Object, java.lang.Object)'> (0x00000007861e6e00) 
thrown [open/src/hotspot/share/interpreter/linkResolver.cpp, line 766]
Event: 0.816 Thread 0x000000010d838c00 Exception <a 'java/lang/NoSuchMethodError'{0x00000007861331c8}: 'long java.lang.invoke.DirectMethodHandle$Holder.invokeStatic(java.lang.Object, java.lang.Object, java.lang.Object)'> (0x00000007861331c8) 
thrown [open/src/hotspot/share/interpreter/linkResolver.cpp, line 766]
Event: 0.816 Thread 0x000000010d838c00 Exception <a 'java/lang/NoSuchMethodError'{0x0000000786136970}: 'long java.lang.invoke.DirectMethodHandle$Holder.invokeStaticInit(java.lang.Object, java.lang.Object, java.lang.Object)'> (0x0000000786136970) 
thrown [open/src/hotspot/share/interpreter/linkResolver.cpp, line 766]
Event: 0.817 Thread 0x000000010d838c00 Exception <a 'java/lang/NoSuchMethodError'{0x000000078614e578}: 'java.lang.Object java.lang.invoke.DirectMethodHandle$Holder.newInvokeSpecial(java.lang.Object, java.lang.Object, long)'> (0x000000078614e578) 
thrown [open/src/hotspot/share/interpreter/linkResolver.cpp, line 766]
Event: 0.817 Thread 0x000000010d838c00 Exception <a 'java/lang/NoSuchMethodError'{0x0000000786151e40}: 'java.lang.Object java.lang.invoke.Invokers$Holder.linkToTargetMethod(java.lang.Object, long, java.lang.Object)'> (0x0000000786151e40) 
thrown [open/src/hotspot/share/interpreter/linkResolver.cpp, line 766]
Event: 0.877 Thread 0x000000010e808c00 Exception <a 'java/lang/NoSuchMethodError'{0x0000000785ddbc60}: 'java.lang.Object java.lang.invoke.DirectMethodHandle$Holder.invokeStaticInit(java.lang.Object, int)'> (0x0000000785ddbc60) 
thrown [open/src/hotspot/share/interpreter/linkResolver.cpp, line 766]
Event: 1.903 Thread 0x000000010d838c00 Exception <a 'java/lang/NoSuchMethodError'{0x0000000785a3ac90}: 'java.lang.Object java.lang.invoke.DirectMethodHandle$Holder.newInvokeSpecial(java.lang.Object, java.lang.Object, int, int, int, int, int, java.lang.Object)'> (0x0000000785a3ac90) 
thrown [open/src/hotspot/share/interpreter/linkResolver.cpp, line 766]
Event: 1.904 Thread 0x000000010d838c00 Exception <a 'java/lang/NoSuchMethodError'{0x0000000785a4dc70}: 'java.lang.Object java.lang.invoke.DirectMethodHandle$Holder.newInvokeSpecial(java.lang.Object, java.lang.Object, java.lang.Object, int, int, int, int, int)'> (0x0000000785a4dc70) 
thrown [open/src/hotspot/share/interpreter/linkResolver.cpp, line 766]
Event: 1.904 Thread 0x000000010d838c00 Exception <a 'java/lang/NoSuchMethodError'{0x0000000785a554d0}: 'java.lang.Object java.lang.invoke.Invokers$Holder.linkToTargetMethod(java.lang.Object, java.lang.Object, int, int, int, int, int, java.lang.Object)'> (0x0000000785a554d0) 
thrown [open/src/hotspot/share/interpreter/linkResolver.cpp, line 766]
Event: 2.438 Thread 0x000000010d838c00 Implicit null exception at 0x000000012fb5bb70 to 0x000000012fb5c1c0

VM Operations (20 events):
Event: 0.121 Executing VM operation: ICBufferFull
Event: 0.121 Executing VM operation: ICBufferFull done
Event: 0.433 Executing VM operation: HandshakeAllThreads
Event: 0.433 Executing VM operation: HandshakeAllThreads done
Event: 0.451 Executing VM operation: G1CollectForAllocation
Event: 0.454 Executing VM operation: G1CollectForAllocation done
Event: 0.463 Executing VM operation: HandshakeAllThreads
Event: 0.463 Executing VM operation: HandshakeAllThreads done
Event: 0.481 Executing VM operation: ICBufferFull
Event: 0.481 Executing VM operation: ICBufferFull done
Event: 0.581 Executing VM operation: HandshakeAllThreads
Event: 0.581 Executing VM operation: HandshakeAllThreads done
Event: 0.672 Executing VM operation: ICBufferFull
Event: 0.673 Executing VM operation: ICBufferFull done
Event: 0.719 Executing VM operation: ICBufferFull
Event: 0.719 Executing VM operation: ICBufferFull done
Event: 0.748 Executing VM operation: ICBufferFull
Event: 0.749 Executing VM operation: ICBufferFull done
Event: 1.794 Executing VM operation: ICBufferFull
Event: 1.795 Executing VM operation: ICBufferFull done

Events (20 events):
Event: 1.200 loading class sun/util/cldr/CLDRTimeZoneNameProviderImpl
Event: 1.200 loading class sun/util/locale/provider/TimeZoneNameProviderImpl
Event: 1.200 loading class sun/util/locale/provider/TimeZoneNameProviderImpl done
Event: 1.200 loading class sun/util/cldr/CLDRTimeZoneNameProviderImpl done
Event: 1.203 loading class sun/util/locale/provider/BaseLocaleDataMetaInfo
Event: 1.203 loading class sun/util/locale/provider/BaseLocaleDataMetaInfo done
Event: 1.204 loading class sun/util/resources/cldr/TimeZoneNames
Event: 1.204 loading class sun/util/resources/TimeZoneNamesBundle
Event: 1.204 loading class sun/util/resources/OpenListResourceBundle
Event: 1.204 loading class sun/util/resources/OpenListResourceBundle done
Event: 1.204 loading class sun/util/resources/TimeZoneNamesBundle done
Event: 1.204 loading class sun/util/resources/cldr/TimeZoneNames done
Event: 1.204 loading class sun/util/resources/cldr/TimeZoneNames_en
Event: 1.204 loading class sun/util/resources/cldr/TimeZoneNames_en done
Event: 1.204 loading class sun/util/resources/cldr/TimeZoneNames_en_US
Event: 1.204 loading class sun/util/resources/cldr/TimeZoneNames_en_US done
Event: 1.205 loading class sun/util/resources/TimeZoneNames
Event: 1.205 loading class sun/util/resources/TimeZoneNames done
Event: 1.206 loading class sun/util/resources/TimeZoneNames_en
Event: 1.206 loading class sun/util/resources/TimeZoneNames_en done


Dynamic libraries:
0x0000000100178000 	/Library/Java/JavaVirtualMachines/jdk-17.0.1.jdk/Contents/Home/lib/libjli.dylib
0x00000001c534e000 	/usr/lib/libz.1.dylib
0x00000001c53fe000 	/usr/lib/libSystem.B.dylib
0x00000001c53f8000 	/usr/lib/system/libcache.dylib
0x00000001c53b6000 	/usr/lib/system/libcommonCrypto.dylib
0x00000001c53df000 	/usr/lib/system/libcompiler_rt.dylib
0x00000001c53d6000 	/usr/lib/system/libcopyfile.dylib
0x00000001ba702000 	/usr/lib/system/libcorecrypto.dylib
0x00000001ba7a7000 	/usr/lib/system/libdispatch.dylib
0x00000001ba96f000 	/usr/lib/system/libdyld.dylib
0x00000001c53ee000 	/usr/lib/system/libkeymgr.dylib
0x00000001c5398000 	/usr/lib/system/libmacho.dylib
0x00000001c4aa4000 	/usr/lib/system/libquarantine.dylib
0x00000001c53eb000 	/usr/lib/system/libremovefile.dylib
0x00000001bfaf1000 	/usr/lib/system/libsystem_asl.dylib
0x00000001ba6ac000 	/usr/lib/system/libsystem_blocks.dylib
0x00000001ba82d000 	/usr/lib/system/libsystem_c.dylib
0x00000001c53e3000 	/usr/lib/system/libsystem_collections.dylib
0x00000001c3f01000 	/usr/lib/system/libsystem_configuration.dylib
0x00000001c3187000 	/usr/lib/system/libsystem_containermanager.dylib
0x00000001c5102000 	/usr/lib/system/libsystem_coreservices.dylib
0x00000001bd094000 	/usr/lib/system/libsystem_darwin.dylib
0x00000001c53ef000 	/usr/lib/system/libsystem_dnssd.dylib
0x00000001ba82a000 	/usr/lib/system/libsystem_featureflags.dylib
0x00000001ba984000 	/usr/lib/system/libsystem_info.dylib
0x00000001c5360000 	/usr/lib/system/libsystem_m.dylib
0x00000001ba77c000 	/usr/lib/system/libsystem_malloc.dylib
0x00000001bfa82000 	/usr/lib/system/libsystem_networkextension.dylib
0x00000001bd4e7000 	/usr/lib/system/libsystem_notify.dylib
0x00000001cb5cb000 	/usr/lib/system/libsystem_product_info_filter.dylib
0x00000001c3f06000 	/usr/lib/system/libsystem_sandbox.dylib
0x00000001c53e8000 	/usr/lib/system/libsystem_secinit.dylib
0x00000001ba92c000 	/usr/lib/system/libsystem_kernel.dylib
0x00000001ba97c000 	/usr/lib/system/libsystem_platform.dylib
0x00000001ba962000 	/usr/lib/system/libsystem_pthread.dylib
0x00000001c1227000 	/usr/lib/system/libsystem_symptoms.dylib
0x00000001ba6e8000 	/usr/lib/system/libsystem_trace.dylib
0x00000001c53c3000 	/usr/lib/system/libunwind.dylib
0x00000001ba6ae000 	/usr/lib/system/libxpc.dylib
0x00000001ba912000 	/usr/lib/libc++abi.dylib
0x00000001ba7ee000 	/usr/lib/libobjc.A.dylib
0x00000001c53ce000 	/usr/lib/liboah.dylib
0x00000001ba8ae000 	/usr/lib/libc++.1.dylib
0x00000001d0fa8000 	/System/Library/Frameworks/Cocoa.framework/Versions/A/Cocoa
0x00000001bd546000 	/System/Library/Frameworks/AppKit.framework/Versions/C/AppKit
0x00000001c0a68000 	/System/Library/Frameworks/CoreData.framework/Versions/A/CoreData
0x00000001bb8a7000 	/System/Library/Frameworks/Foundation.framework/Versions/C/Foundation
0x00000001be3f8000 	/System/Library/PrivateFrameworks/UIFoundation.framework/Versions/A/UIFoundation
0x00000001cb2c5000 	/System/Library/PrivateFrameworks/RemoteViewServices.framework/Versions/A/RemoteViewServices
0x00000001c38c0000 	/System/Library/PrivateFrameworks/XCTTargetBootstrap.framework/Versions/A/XCTTargetBootstrap
0x00000001c7100000 	/System/Library/PrivateFrameworks/InternationalSupport.framework/Versions/A/InternationalSupport
0x00000001c7189000 	/System/Library/PrivateFrameworks/UserActivity.framework/Versions/A/UserActivity
0x00000001c662b000 	/usr/lib/libspindump.dylib
0x00000001be668000 	/System/Library/Frameworks/UniformTypeIdentifiers.framework/Versions/A/UniformTypeIdentifiers
0x00000001c1e4e000 	/usr/lib/libapp_launch_measurement.dylib
0x00000001c13cb000 	/System/Library/PrivateFrameworks/CoreAnalytics.framework/Versions/A/CoreAnalytics
0x00000001c1e51000 	/System/Library/PrivateFrameworks/CoreAutoLayout.framework/Versions/A/CoreAutoLayout
0x00000001c31c4000 	/System/Library/Frameworks/Metal.framework/Versions/A/Metal
0x00000001c3f11000 	/usr/lib/liblangid.dylib
0x00000001c38c4000 	/System/Library/PrivateFrameworks/CoreSVG.framework/Versions/A/CoreSVG
0x00000001bfb25000 	/System/Library/PrivateFrameworks/SkyLight.framework/Versions/A/SkyLight
0x00000001bfeed000 	/System/Library/Frameworks/CoreGraphics.framework/Versions/A/CoreGraphics
0x00000001cb93e000 	/System/Library/Frameworks/Accelerate.framework/Versions/A/Accelerate
0x00000001c60a0000 	/System/Library/PrivateFrameworks/IconServices.framework/Versions/A/IconServices
0x00000001c31a6000 	/System/Library/Frameworks/IOSurface.framework/Versions/A/IOSurface
0x00000001c13fb000 	/usr/lib/libDiagnosticMessagesClient.dylib
0x00000001ced76000 	/System/Library/Frameworks/ApplicationServices.framework/Versions/A/ApplicationServices
0x00000001c38a8000 	/System/Library/PrivateFrameworks/DFRFoundation.framework/Versions/A/DFRFoundation
0x00000001bcde9000 	/usr/lib/libicucore.A.dylib
0x00000001c7efd000 	/System/Library/Frameworks/AudioToolbox.framework/Versions/A/AudioToolbox
0x00000001c710c000 	/System/Library/PrivateFrameworks/DataDetectorsCore.framework/Versions/A/DataDetectorsCore
0x00000001dd128000 	/System/Library/PrivateFrameworks/TextInput.framework/Versions/A/TextInput
0x00000001bfa9c000 	/usr/lib/libMobileGestalt.dylib
0x00000001c3578000 	/System/Library/Frameworks/Carbon.framework/Versions/A/Frameworks/HIToolbox.framework/Versions/A/HIToolbox
0x00000001c1858000 	/System/Library/Frameworks/QuartzCore.framework/Versions/A/QuartzCore
0x00000001bca66000 	/System/Library/Frameworks/Security.framework/Versions/A/Security
0x00000001cb305000 	/System/Library/Frameworks/Carbon.framework/Versions/A/Frameworks/SpeechRecognition.framework/Versions/A/SpeechRecognition
0x00000001c1ba5000 	/System/Library/PrivateFrameworks/CoreUI.framework/Versions/A/CoreUI
0x00000001bc339000 	/System/Library/Frameworks/CoreAudio.framework/Versions/A/CoreAudio
0x00000001c14eb000 	/System/Library/Frameworks/DiskArbitration.framework/Versions/A/DiskArbitration
0x00000001c6a13000 	/System/Library/PrivateFrameworks/MultitouchSupport.framework/Versions/A/MultitouchSupport
0x00000001bfa9a000 	/usr/lib/libenergytrace.dylib
0x00000001bd412000 	/System/Library/Frameworks/IOKit.framework/Versions/A/IOKit
0x00000001cb6ec000 	/System/Library/Frameworks/CoreServices.framework/Versions/A/CoreServices
0x00000001c1dde000 	/System/Library/PrivateFrameworks/PerformanceAnalysis.framework/Versions/A/PerformanceAnalysis
0x000000021b94d000 	/System/Library/Frameworks/OpenGL.framework/Versions/A/OpenGL
0x00000001c49c4000 	/System/Library/PrivateFrameworks/MobileKeyBag.framework/Versions/A/MobileKeyBag
0x00000001c04fd000 	/System/Library/Frameworks/ColorSync.framework/Versions/A/ColorSync
0x00000001ba9b0000 	/System/Library/Frameworks/CoreFoundation.framework/Versions/A/CoreFoundation
0x00000001c3b45000 	/System/Library/Frameworks/CoreImage.framework/Versions/A/CoreImage
0x00000001bc15c000 	/System/Library/Frameworks/CoreText.framework/Versions/A/CoreText
0x00000001c38f4000 	/System/Library/Frameworks/ImageIO.framework/Versions/A/ImageIO
0x00000001c5404000 	/System/Library/PrivateFrameworks/SoftLinking.framework/Versions/A/SoftLinking
0x00000001c1e9b000 	/usr/lib/libxml2.2.dylib
0x00000001c569c000 	/usr/lib/libcompression.dylib
0x00000001c7059000 	/System/Library/PrivateFrameworks/TextureIO.framework/Versions/A/TextureIO
0x00000001c5dba000 	/usr/lib/libate.dylib
0x00000001c5c82000 	/usr/lib/liblzma.5.dylib
0x00000001bb598000 	/System/Library/Frameworks/SystemConfiguration.framework/Versions/A/SystemConfiguration
0x00000001c5400000 	/usr/lib/libfakelink.dylib
0x00000001bf5ca000 	/System/Library/Frameworks/CFNetwork.framework/Versions/A/CFNetwork
0x00000001c5547000 	/usr/lib/libarchive.2.dylib
0x00000001c3f0d000 	/System/Library/PrivateFrameworks/AppleSystemInfo.framework/Versions/A/AppleSystemInfo
0x00000001c4ace000 	/usr/lib/libbsm.0.dylib
0x00000001beb07000 	/usr/lib/libnetwork.dylib
0x00000001c539e000 	/usr/lib/system/libkxld.dylib
0x00000001c46e6000 	/System/Library/PrivateFrameworks/IOMobileFramebuffer.framework/Versions/A/IOMobileFramebuffer
0x0000000237278000 	/usr/lib/libCoreEntitlements.dylib
0x00000001c50e4000 	/System/Library/PrivateFrameworks/AppleFSCompression.framework/Versions/A/AppleFSCompression
0x00000001c4ab7000 	/usr/lib/libcoretls.dylib
0x00000001c5c9b000 	/usr/lib/libcoretls_cfhelpers.dylib
0x00000001c5697000 	/usr/lib/libpam.2.dylib
0x00000001c0e4f000 	/usr/lib/libsqlite3.dylib
0x00000001c5d03000 	/usr/lib/libxar.1.dylib
0x00000001c50f5000 	/usr/lib/libbz2.1.0.dylib
0x00000001c5405000 	/usr/lib/libpcap.A.dylib
0x00000001c121e000 	/usr/lib/libdns_services.dylib
0x00000001c566a000 	/usr/lib/libapple_nghttp2.dylib
0x00000001c5442000 	/usr/lib/libiconv.2.dylib
0x00000001c5397000 	/usr/lib/libcharset.1.dylib
0x00000001c1e1a000 	/System/Library/Frameworks/CoreServices.framework/Versions/A/Frameworks/FSEvents.framework/Versions/A/FSEvents
0x00000001bd09f000 	/System/Library/Frameworks/CoreServices.framework/Versions/A/Frameworks/CarbonCore.framework/Versions/A/CarbonCore
0x00000001c144e000 	/System/Library/Frameworks/CoreServices.framework/Versions/A/Frameworks/Metadata.framework/Versions/A/Metadata
0x00000001c5108000 	/System/Library/Frameworks/CoreServices.framework/Versions/A/Frameworks/OSServices.framework/Versions/A/OSServices
0x00000001c55cc000 	/System/Library/Frameworks/CoreServices.framework/Versions/A/Frameworks/SearchKit.framework/Versions/A/SearchKit
0x00000001c11ac000 	/System/Library/Frameworks/CoreServices.framework/Versions/A/Frameworks/AE.framework/Versions/A/AE
0x00000001baef4000 	/System/Library/Frameworks/CoreServices.framework/Versions/A/Frameworks/LaunchServices.framework/Versions/A/LaunchServices
0x00000001c5c2b000 	/System/Library/Frameworks/CoreServices.framework/Versions/A/Frameworks/DictionaryServices.framework/Versions/A/DictionaryServices
0x00000001c1e27000 	/System/Library/Frameworks/CoreServices.framework/Versions/A/Frameworks/SharedFileList.framework/Versions/A/SharedFileList
0x00000001c4aa7000 	/usr/lib/libCheckFix.dylib
0x00000001bfb09000 	/System/Library/PrivateFrameworks/TCC.framework/Versions/A/TCC
0x00000001c3f13000 	/System/Library/PrivateFrameworks/CoreNLP.framework/Versions/A/CoreNLP
0x00000001c13fe000 	/System/Library/PrivateFrameworks/MetadataUtilities.framework/Versions/A/MetadataUtilities
0x00000001bb651000 	/usr/lib/libmecabra.dylib
0x00000001c4adf000 	/usr/lib/libmecab.dylib
0x00000001bb61d000 	/usr/lib/libCRFSuite.dylib
0x00000001c4b3d000 	/usr/lib/libgermantok.dylib
0x00000001c5643000 	/usr/lib/libThaiTokenizer.dylib
0x00000001c14f3000 	/System/Library/Frameworks/Accelerate.framework/Versions/A/Frameworks/vImage.framework/Versions/A/vImage
0x00000001cb6c3000 	/System/Library/Frameworks/Accelerate.framework/Versions/A/Frameworks/vecLib.framework/Versions/A/vecLib
0x00000001c5d47000 	/System/Library/Frameworks/Accelerate.framework/Versions/A/Frameworks/vecLib.framework/Versions/A/libvMisc.dylib
0x00000001c45f0000 	/System/Library/Frameworks/Accelerate.framework/Versions/A/Frameworks/vecLib.framework/Versions/A/libvDSP.dylib
0x00000001bb277000 	/System/Library/Frameworks/Accelerate.framework/Versions/A/Frameworks/vecLib.framework/Versions/A/libBLAS.dylib
0x00000001c576b000 	/System/Library/Frameworks/Accelerate.framework/Versions/A/Frameworks/vecLib.framework/Versions/A/libLAPACK.dylib
0x00000001c4b40000 	/System/Library/Frameworks/Accelerate.framework/Versions/A/Frameworks/vecLib.framework/Versions/A/libLinearAlgebra.dylib
0x00000001c5682000 	/System/Library/Frameworks/Accelerate.framework/Versions/A/Frameworks/vecLib.framework/Versions/A/libSparseBLAS.dylib
0x00000001c5766000 	/System/Library/Frameworks/Accelerate.framework/Versions/A/Frameworks/vecLib.framework/Versions/A/libQuadrature.dylib
0x00000001c400a000 	/System/Library/Frameworks/Accelerate.framework/Versions/A/Frameworks/vecLib.framework/Versions/A/libBNNS.dylib
0x00000001bb535000 	/System/Library/Frameworks/Accelerate.framework/Versions/A/Frameworks/vecLib.framework/Versions/A/libSparse.dylib
0x00000001c4002000 	/System/Library/PrivateFrameworks/LinguisticData.framework/Versions/A/LinguisticData
0x00000001bb4eb000 	/System/Library/PrivateFrameworks/Lexicon.framework/Versions/A/Lexicon
0x00000001c5d3f000 	/usr/lib/libChineseTokenizer.dylib
0x00000001bbc95000 	/System/Library/PrivateFrameworks/LanguageModeling.framework/Versions/A/LanguageModeling
0x00000001c5645000 	/System/Library/PrivateFrameworks/AppleSauce.framework/Versions/A/AppleSauce
0x00000001c46d3000 	/System/Library/PrivateFrameworks/CoreEmoji.framework/Versions/A/CoreEmoji
0x00000001c5535000 	/usr/lib/libcmph.dylib
0x00000001c1dfa000 	/System/Library/Frameworks/OpenDirectory.framework/Versions/A/Frameworks/CFOpenDirectory.framework/Versions/A/CFOpenDirectory
0x00000001c1dea000 	/System/Library/Frameworks/OpenDirectory.framework/Versions/A/OpenDirectory
0x00000001c5c9d000 	/System/Library/PrivateFrameworks/APFS.framework/Versions/A/APFS
0x00000001c49ff000 	/System/Library/Frameworks/SecurityFoundation.framework/Versions/A/SecurityFoundation
0x00000001c5d11000 	/usr/lib/libutil.dylib
0x00000001bd3d4000 	/System/Library/PrivateFrameworks/CoreServicesStore.framework/Versions/A/CoreServicesStore
0x00000001c5d15000 	/usr/lib/libxslt.1.dylib
0x00000001c4a93000 	/System/Library/PrivateFrameworks/BackgroundTaskManagement.framework/Versions/A/BackgroundTaskManagement
0x00000001c6f7a000 	/System/Library/Frameworks/ImageIO.framework/Versions/A/Resources/libRadiance.dylib
0x00000001c6f83000 	/System/Library/Frameworks/ImageIO.framework/Versions/A/Resources/libJPEG.dylib
0x00000001c6ed5000 	/System/Library/Frameworks/ImageIO.framework/Versions/A/Resources/libPng.dylib
0x00000001c6ef7000 	/System/Library/Frameworks/ImageIO.framework/Versions/A/Resources/libTIFF.dylib
0x00000001c6fde000 	/System/Library/Frameworks/ImageIO.framework/Versions/A/Resources/libGIF.dylib
0x00000001c6923000 	/System/Library/Frameworks/ImageIO.framework/Versions/A/Resources/libJP2.dylib
0x00000001c6066000 	/usr/lib/libexpat.1.dylib
0x00000001c68de000 	/System/Library/PrivateFrameworks/AppleJPEG.framework/Versions/A/AppleJPEG
0x00000001c3437000 	/System/Library/PrivateFrameworks/FontServices.framework/libFontParser.dylib
0x00000001c1151000 	/System/Library/PrivateFrameworks/RunningBoardServices.framework/Versions/A/RunningBoardServices
0x00000001d1613000 	/System/Library/PrivateFrameworks/IOSurfaceAccelerator.framework/Versions/A/IOSurfaceAccelerator
0x00000001c6a0f000 	/System/Library/PrivateFrameworks/WatchdogClient.framework/Versions/A/WatchdogClient
0x00000001bbd99000 	/System/Library/Frameworks/CoreDisplay.framework/Versions/A/CoreDisplay
0x00000001c3326000 	/System/Library/Frameworks/CoreMedia.framework/Versions/A/CoreMedia
0x00000001c31ba000 	/System/Library/PrivateFrameworks/IOAccelerator.framework/Versions/A/IOAccelerator
0x00000001c1f88000 	/System/Library/Frameworks/CoreVideo.framework/Versions/A/CoreVideo
0x00000001c5695000 	/System/Library/Frameworks/MetalPerformanceShaders.framework/Versions/A/MetalPerformanceShaders
0x00000001c6a4c000 	/System/Library/Frameworks/VideoToolbox.framework/Versions/A/VideoToolbox
0x00000001c1095000 	/System/Library/PrivateFrameworks/BaseBoard.framework/Versions/A/BaseBoard
0x00000001c0e34000 	/System/Library/PrivateFrameworks/ProtocolBuffer.framework/Versions/A/ProtocolBuffer
0x00000001c6f75000 	/System/Library/PrivateFrameworks/GPUWrangler.framework/Versions/A/GPUWrangler
0x00000001c6f54000 	/System/Library/PrivateFrameworks/IOPresentment.framework/Versions/A/IOPresentment
0x00000001c6f7d000 	/System/Library/PrivateFrameworks/DSExternalDisplay.framework/Versions/A/DSExternalDisplay
0x000000021b940000 	/System/Library/Frameworks/OpenGL.framework/Versions/A/Libraries/libCoreFSCache.dylib
0x000000022505a000 	/System/Library/PrivateFrameworks/GPUCompiler.framework/Versions/31001/Libraries/libGPUCompilerUtils.dylib
0x00000001c6fe3000 	/System/Library/PrivateFrameworks/CMCaptureCore.framework/Versions/A/CMCaptureCore
0x00000001c6619000 	/System/Library/PrivateFrameworks/AppServerSupport.framework/Versions/A/AppServerSupport
0x00000001c87b8000 	/System/Library/PrivateFrameworks/perfdata.framework/Versions/A/perfdata
0x00000001bbeb9000 	/System/Library/PrivateFrameworks/AudioToolboxCore.framework/Versions/A/AudioToolboxCore
0x00000001c32fe000 	/System/Library/PrivateFrameworks/caulk.framework/Versions/A/caulk
0x00000001c80ad000 	/usr/lib/libAudioStatistics.dylib
0x00000001d98c6000 	/System/Library/PrivateFrameworks/SystemPolicy.framework/Versions/A/SystemPolicy
0x00000001c830d000 	/usr/lib/libSMC.dylib
0x00000001d0e8a000 	/System/Library/Frameworks/CoreMIDI.framework/Versions/A/CoreMIDI
0x00000001c6ea3000 	/usr/lib/libAudioToolboxUtility.dylib
0x00000001d5d6c000 	/System/Library/PrivateFrameworks/OSAServicesClient.framework/Versions/A/OSAServicesClient
0x00000001c87c5000 	/usr/lib/libperfcheck.dylib
0x00000001da3c9000 	/usr/lib/libmis.dylib
0x000000021b9a1000 	/System/Library/Frameworks/OpenGL.framework/Versions/A/Libraries/libGLU.dylib
0x000000021b960000 	/System/Library/Frameworks/OpenGL.framework/Versions/A/Libraries/libGFXShared.dylib
0x000000021bb4a000 	/System/Library/Frameworks/OpenGL.framework/Versions/A/Libraries/libGL.dylib
0x000000021b969000 	/System/Library/Frameworks/OpenGL.framework/Versions/A/Libraries/libGLImage.dylib
0x000000021b95d000 	/System/Library/Frameworks/OpenGL.framework/Versions/A/Libraries/libCVMSPluginSupport.dylib
0x000000021b947000 	/System/Library/Frameworks/OpenGL.framework/Versions/A/Libraries/libCoreVMClient.dylib
0x00000001c3e8f000 	/System/Library/Frameworks/MetalPerformanceShaders.framework/Versions/A/Frameworks/MPSCore.framework/Versions/A/MPSCore
0x00000001c5057000 	/System/Library/Frameworks/MetalPerformanceShaders.framework/Versions/A/Frameworks/MPSImage.framework/Versions/A/MPSImage
0x00000001c4b55000 	/System/Library/Frameworks/MetalPerformanceShaders.framework/Versions/A/Frameworks/MPSNeuralNetwork.framework/Versions/A/MPSNeuralNetwork
0x00000001c4f92000 	/System/Library/Frameworks/MetalPerformanceShaders.framework/Versions/A/Frameworks/MPSMatrix.framework/Versions/A/MPSMatrix
0x00000001c4d6d000 	/System/Library/Frameworks/MetalPerformanceShaders.framework/Versions/A/Frameworks/MPSRayIntersector.framework/Versions/A/MPSRayIntersector
0x00000001c4fc3000 	/System/Library/Frameworks/MetalPerformanceShaders.framework/Versions/A/Frameworks/MPSNDArray.framework/Versions/A/MPSNDArray
0x000000021d65c000 	/System/Library/Frameworks/MetalPerformanceShaders.framework/Versions/A/Frameworks/MPSFunctions.framework/Versions/A/MPSFunctions
0x00000001bb155000 	/System/Library/PrivateFrameworks/MetalTools.framework/Versions/A/MetalTools
0x00000001c3f0b000 	/System/Library/PrivateFrameworks/AggregateDictionary.framework/Versions/A/AggregateDictionary
0x00000001c5e4c000 	/usr/lib/libIOReport.dylib
0x00000001cfe78000 	/System/Library/PrivateFrameworks/ASEProcessing.framework/Versions/A/ASEProcessing
0x00000001c61be000 	/System/Library/PrivateFrameworks/FaceCore.framework/Versions/A/FaceCore
0x00000001c61b0000 	/System/Library/PrivateFrameworks/GraphVisualizer.framework/Versions/A/GraphVisualizer
0x0000000224f71000 	/System/Library/PrivateFrameworks/FontServices.framework/Versions/A/FontServices
0x00000001c65d3000 	/System/Library/PrivateFrameworks/OTSVG.framework/Versions/A/OTSVG
0x00000001c1b56000 	/System/Library/Frameworks/ApplicationServices.framework/Versions/A/Frameworks/ATS.framework/Versions/A/Resources/libFontRegistry.dylib
0x00000001c6622000 	/System/Library/PrivateFrameworks/FontServices.framework/libhvf.dylib
0x0000000224f72000 	/System/Library/PrivateFrameworks/FontServices.framework/libXTFontStaticRegistryData.dylib
0x000000021bcec000 	/System/Library/Frameworks/OpenCL.framework/Versions/A/OpenCL
0x00000001c601a000 	/System/Library/PrivateFrameworks/AppleVA.framework/Versions/A/AppleVA
0x00000001c80d5000 	/System/Library/Frameworks/ApplicationServices.framework/Versions/A/Frameworks/ATS.framework/Versions/A/ATS
0x00000001c05fa000 	/System/Library/Frameworks/ApplicationServices.framework/Versions/A/Frameworks/HIServices.framework/Versions/A/HIServices
0x00000001c6fed000 	/System/Library/Frameworks/ApplicationServices.framework/Versions/A/Frameworks/PrintCore.framework/Versions/A/PrintCore
0x00000001c8460000 	/System/Library/Frameworks/ApplicationServices.framework/Versions/A/Frameworks/QD.framework/Versions/A/QD
0x00000001c8458000 	/System/Library/Frameworks/ApplicationServices.framework/Versions/A/Frameworks/ColorSyncLegacy.framework/Versions/A/ColorSyncLegacy
0x00000001c80c1000 	/System/Library/Frameworks/ApplicationServices.framework/Versions/A/Frameworks/SpeechSynthesis.framework/Versions/A/SpeechSynthesis
0x00000001c6fae000 	/System/Library/Frameworks/ApplicationServices.framework/Versions/A/Frameworks/ATSUI.framework/Versions/A/ATSUI
0x00000001c83ed000 	/usr/lib/libcups.2.dylib
0x00000001c87d3000 	/System/Library/Frameworks/Kerberos.framework/Versions/A/Kerberos
0x00000001c87e4000 	/System/Library/Frameworks/GSS.framework/Versions/A/GSS
0x00000001c8144000 	/usr/lib/libresolv.9.dylib
0x00000001c6630000 	/System/Library/PrivateFrameworks/Heimdal.framework/Versions/A/Heimdal
0x00000001cf0ec000 	/System/Library/Frameworks/Kerberos.framework/Versions/A/Libraries/libHeimdalProxy.dylib
0x00000001c1230000 	/System/Library/Frameworks/Network.framework/Versions/A/Network
0x00000001c6081000 	/usr/lib/libheimdal-asn1.dylib
0x00000001c882a000 	/System/Library/PrivateFrameworks/CommonAuth.framework/Versions/A/CommonAuth
0x00000001c803b000 	/System/Library/PrivateFrameworks/AudioSession.framework/Versions/A/AudioSession
0x00000001c6112000 	/System/Library/PrivateFrameworks/MediaExperience.framework/Versions/A/MediaExperience
0x00000001c7ec3000 	/System/Library/PrivateFrameworks/AudioSession.framework/libSessionUtility.dylib
0x00000001c846c000 	/System/Library/PrivateFrameworks/AudioResourceArbitration.framework/Versions/A/AudioResourceArbitration
0x00000001c608a000 	/System/Library/PrivateFrameworks/IconFoundation.framework/Versions/A/IconFoundation
0x00000001cb2f1000 	/System/Library/PrivateFrameworks/SpeechRecognitionCore.framework/Versions/A/SpeechRecognitionCore
0x00000001fea6a000 	/System/Library/CoreServices/Encodings/libTraditionalChineseConverter.dylib
0x0000000101330000 	/Library/Java/JavaVirtualMachines/jdk-17.0.1.jdk/Contents/Home/lib/server/libjvm.dylib
0x00000001001dc000 	/Library/Java/JavaVirtualMachines/jdk-17.0.1.jdk/Contents/Home/lib/libjimage.dylib
0x0000000100208000 	/Library/Java/JavaVirtualMachines/jdk-17.0.1.jdk/Contents/Home/lib/libinstrument.dylib
0x0000000100254000 	/Library/Java/JavaVirtualMachines/jdk-17.0.1.jdk/Contents/Home/lib/libjava.dylib
0x0000000100330000 	/Library/Java/JavaVirtualMachines/jdk-17.0.1.jdk/Contents/Home/lib/libnio.dylib
0x0000000100350000 	/Library/Java/JavaVirtualMachines/jdk-17.0.1.jdk/Contents/Home/lib/libnet.dylib
0x000000010023c000 	/Library/Java/JavaVirtualMachines/jdk-17.0.1.jdk/Contents/Home/lib/libzip.dylib
0x0000000100374000 	/Users/sean/.openjfx/cache/17.0.0.1/libprism_es2.dylib
0x00000001bd397000 	/System/Library/PrivateFrameworks/CoreServicesInternal.framework/Versions/A/CoreServicesInternal
0x000000021bb54000 	/System/Library/Frameworks/OpenGL.framework/Versions/A/Resources/GLEngine.bundle/GLEngine
0x000000021b9db000 	/System/Library/Frameworks/OpenGL.framework/Versions/A/Libraries/libGLProgrammability.dylib
0x000000010bd34000 	/System/Library/Extensions/AppleMetalOpenGLRenderer.bundle/Contents/MacOS/AppleMetalOpenGLRenderer
0x000000021bcc3000 	/System/Library/Frameworks/OpenGL.framework/Versions/A/Resources/GLRendererFloat.bundle/GLRendererFloat
0x000000021bd64000 	/System/Library/Extensions/AGXMetal13_3.bundle/Contents/MacOS/AGXMetal13_3
0x00000001da3e5000 	/System/Library/PrivateFrameworks/GPURawCounter.framework/Versions/A/GPURawCounter
0x00000001d4eba000 	/System/Library/PrivateFrameworks/IOGPU.framework/Versions/A/IOGPU
0x000000010bc64000 	/Users/sean/.openjfx/cache/17.0.0.1/libglass.dylib
0x00000001cc791000 	/System/Library/Frameworks/FileProvider.framework/Versions/A/FileProvider
0x00000001c0ffd000 	/System/Library/Frameworks/Accounts.framework/Versions/A/Accounts
0x00000001cc911000 	/System/Library/PrivateFrameworks/GenerationalStorage.framework/Versions/A/GenerationalStorage
0x00000001cd4c1000 	/System/Library/PrivateFrameworks/CoreSymbolication.framework/Versions/A/CoreSymbolication
0x00000001cc531000 	/System/Library/PrivateFrameworks/SymptomDiagnosticReporter.framework/Versions/A/SymptomDiagnosticReporter
0x00000001be67c000 	/System/Library/PrivateFrameworks/DesktopServicesPriv.framework/Versions/A/DesktopServicesPriv
0x00000001bd4f6000 	/usr/lib/libsandbox.1.dylib
0x00000001c2014000 	/System/Library/PrivateFrameworks/UserManagement.framework/Versions/A/UserManagement
0x00000001cd482000 	/System/Library/PrivateFrameworks/DebugSymbols.framework/Versions/A/DebugSymbols
0x00000001c844b000 	/System/Library/PrivateFrameworks/NetAuth.framework/Versions/A/NetAuth
0x00000001c9349000 	/System/Library/PrivateFrameworks/Sharing.framework/Versions/A/Sharing
0x00000001c1fe4000 	/System/Library/PrivateFrameworks/login.framework/Versions/A/Frameworks/loginsupport.framework/Versions/A/loginsupport
0x00000001ce632000 	/System/Library/PrivateFrameworks/Apple80211.framework/Versions/A/Apple80211
0x00000001c513b000 	/System/Library/PrivateFrameworks/AuthKit.framework/Versions/A/AuthKit
0x00000001c47d2000 	/System/Library/PrivateFrameworks/CoreUtils.framework/Versions/A/CoreUtils
0x00000001c46f2000 	/System/Library/Frameworks/CoreWLAN.framework/Versions/A/CoreWLAN
0x00000001c94b2000 	/System/Library/Frameworks/IOBluetooth.framework/Versions/A/IOBluetooth
0x00000001ce692000 	/System/Library/PrivateFrameworks/CoreWiFi.framework/Versions/A/CoreWiFi
0x00000001cd069000 	/System/Library/PrivateFrameworks/FrontBoardServices.framework/Versions/A/FrontBoardServices
0x00000001cd101000 	/System/Library/PrivateFrameworks/BoardServices.framework/Versions/A/BoardServices
0x00000001c49ed000 	/System/Library/PrivateFrameworks/AssertionServices.framework/Versions/A/AssertionServices
0x00000001ce800000 	/System/Library/PrivateFrameworks/BackBoardServices.framework/Versions/A/BackBoardServices
0x00000001c88bd000 	/System/Library/PrivateFrameworks/CorePhoneNumbers.framework/Versions/A/CorePhoneNumbers
0x00000001cc661000 	/System/Library/PrivateFrameworks/DiskManagement.framework/Versions/A/DiskManagement
0x00000001cc564000 	/System/Library/PrivateFrameworks/AppleIDAuthSupport.framework/Versions/A/AppleIDAuthSupport
0x000000021f8f5000 	/System/Library/PrivateFrameworks/AAAFoundation.framework/Versions/A/AAAFoundation
0x00000001c889c000 	/System/Library/PrivateFrameworks/KeychainCircle.framework/Versions/A/KeychainCircle
0x00000001cc62d000 	/System/Library/PrivateFrameworks/MediaKit.framework/Versions/A/MediaKit
0x00000001cc571000 	/System/Library/Frameworks/DiscRecording.framework/Versions/A/DiscRecording
0x00000001c5f96000 	/usr/lib/libCoreStorage.dylib
0x00000001ceafa000 	/usr/lib/libcsfde.dylib
0x00000001c9587000 	/System/Library/PrivateFrameworks/ProtectedCloudStorage.framework/Versions/A/ProtectedCloudStorage
0x00000001ceaf2000 	/System/Library/PrivateFrameworks/EFILogin.framework/Versions/A/EFILogin
0x00000001cc938000 	/System/Library/PrivateFrameworks/OctagonTrust.framework/Versions/A/OctagonTrust
0x00000002241dc000 	/System/Library/PrivateFrameworks/CoreUtilsExtras.framework/Versions/A/CoreUtilsExtras
0x00000001cc4a3000 	/System/Library/Frameworks/CoreBluetooth.framework/Versions/A/CoreBluetooth
0x00000001cf171000 	/System/Library/Frameworks/AudioUnit.framework/Versions/A/AudioUnit
0x00000001c5f8e000 	/usr/lib/libMatch.1.dylib
0x00000001de64c000 	/System/Library/Frameworks/Accelerate.framework/Versions/A/Frameworks/vImage.framework/Versions/A/Libraries/libCGInterfaces.dylib
0x000000010d5ec000 	/usr/lib/libobjc-trampolines.dylib
0x00000001c1ce2000 	/System/Library/PrivateFrameworks/ViewBridge.framework/Versions/A/ViewBridge
0x00000001c66de000 	/System/Library/PrivateFrameworks/login.framework/Versions/A/login
0x00000001c5e55000 	/System/Library/PrivateFrameworks/CrashReporterSupport.framework/Versions/A/CrashReporterSupport
0x00000001e5f5b000 	/System/Library/PrivateFrameworks/OSAnalytics.framework/Versions/A/OSAnalytics
0x00000001f10aa000 	/System/Library/PrivateFrameworks/Symbolication.framework/Versions/A/Symbolication
0x00000001da3a6000 	/System/Library/PrivateFrameworks/MallocStackLogging.framework/Versions/A/MallocStackLogging
0x000000011d478000 	/Users/sean/.openjfx/cache/17.0.0.1/libjavafx_font.dylib
0x00000002373f2000 	/usr/lib/libRosetta.dylib
0x00000001d298a000 	/System/Library/Frameworks/Carbon.framework/Versions/A/Frameworks/OpenScripting.framework/Versions/A/OpenScripting


VM Arguments:
jvm_args: -javaagent:/Applications/IntelliJ IDEA CE.app/Contents/lib/idea_rt.jar=49930:/Applications/IntelliJ IDEA CE.app/Contents/bin -Dfile.encoding=UTF-8 --module-path=/Users/sean/.m2/repository/org/openjfx/javafx-fxml/17.0.0.1/javafx-fxml-17.0.0.1-mac-aarch64.jar:/Users/sean/.m2/repository/org/openjfx/javafx-base/17.0.0.1/javafx-base-17.0.0.1-mac-aarch64.jar:/Users/sean/Documents/GitHub/Meal-Ordering-System/FoodOrderingSystem/target/classes:/Users/sean/.m2/repository/org/openjfx/javafx-controls/17.0.0.1/javafx-controls-17.0.0.1-mac-aarch64.jar:/Users/sean/.m2/repository/org/openjfx/javafx-graphics/17.0.0.1/javafx-graphics-17.0.0.1-mac-aarch64.jar -Djdk.module.main=com.example.foodorderingsystem 
java_command: com.example.foodorderingsystem/com.example.foodorderingsystem.HelloApplication
java_class_path (initial): /Users/sean/.m2/repository/org/openjfx/javafx-controls/17.0.0.1/javafx-controls-17.0.0.1.jar:/Users/sean/.m2/repository/org/openjfx/javafx-graphics/17.0.0.1/javafx-graphics-17.0.0.1.jar:/Users/sean/.m2/repository/org/openjfx/javafx-base/17.0.0.1/javafx-base-17.0.0.1.jar:/Users/sean/.m2/repository/org/openjfx/javafx-fxml/17.0.0.1/javafx-fxml-17.0.0.1.jar
Launcher Type: SUN_STANDARD

[Global flags]
     intx CICompilerCount                          = 4                                         {product} {ergonomic}
     uint ConcGCThreads                            = 2                                         {product} {ergonomic}
     uint G1ConcRefinementThreads                  = 8                                         {product} {ergonomic}
   size_t G1HeapRegionSize                         = 1048576                                   {product} {ergonomic}
    uintx GCDrainStackTargetSize                   = 64                                        {product} {ergonomic}
   size_t InitialHeapSize                          = 134217728                                 {product} {ergonomic}
   size_t MarkStackSize                            = 4194304                                   {product} {ergonomic}
   size_t MaxHeapSize                              = 2147483648                                {product} {ergonomic}
   size_t MaxNewSize                               = 1287651328                                {product} {ergonomic}
   size_t MinHeapDeltaBytes                        = 1048576                                   {product} {ergonomic}
   size_t MinHeapSize                              = 8388608                                   {product} {ergonomic}
    uintx NonNMethodCodeHeapSize                   = 5839564                                {pd product} {ergonomic}
    uintx NonProfiledCodeHeapSize                  = 122909338                              {pd product} {ergonomic}
    uintx ProfiledCodeHeapSize                     = 122909338                              {pd product} {ergonomic}
    uintx ReservedCodeCacheSize                    = 251658240                              {pd product} {ergonomic}
     bool SegmentedCodeCache                       = true                                      {product} {ergonomic}
   size_t SoftMaxHeapSize                          = 2147483648                             {manageable} {ergonomic}
     bool UseCompressedClassPointers               = true                           {product lp64_product} {ergonomic}
     bool UseCompressedOops                        = true                           {product lp64_product} {ergonomic}
     bool UseG1GC                                  = true                                      {product} {ergonomic}
     bool UseNUMA                                  = false                                     {product} {ergonomic}
     bool UseNUMAInterleaving                      = false                                     {product} {ergonomic}

Logging:
Log output configuration:
 #0: stdout all=warning uptime,level,tags
 #1: stderr all=off uptime,level,tags

Environment Variables:
PATH=/usr/local/bin:/usr/bin:/bin:/usr/sbin:/sbin
SHELL=/bin/zsh
LC_CTYPE=zh_TW.UTF-8

Signal Handlers:
   SIGSEGV: _ZL13crash_handleriP9__siginfoPv in libjvm.dylib, mask=11100110000111110111111111111111, flags=SA_RESTART|SA_SIGINFO
    SIGBUS: _ZL13crash_handleriP9__siginfoPv in libjvm.dylib, mask=11100110000111110111111111111111, flags=SA_RESTART|SA_SIGINFO
    SIGFPE: _ZL13crash_handleriP9__siginfoPv in libjvm.dylib, mask=11100110000111110111111111111111, flags=SA_RESTART|SA_SIGINFO
   SIGPIPE: _ZL17javaSignalHandleriP9__siginfoPv in libjvm.dylib, mask=11100110000111110111111111111111, flags=SA_RESTART|SA_SIGINFO
   SIGXFSZ: _ZL17javaSignalHandleriP9__siginfoPv in libjvm.dylib, mask=11100110000111110111111111111111, flags=SA_RESTART|SA_SIGINFO
    SIGILL: _ZL13crash_handleriP9__siginfoPv in libjvm.dylib, mask=11100110000111110111111111111111, flags=SA_RESTART|SA_SIGINFO
   SIGUSR2: _ZL10SR_handleriP9__siginfoP17__darwin_ucontext in libjvm.dylib, mask=00100000000000000000000000000000, flags=SA_RESTART|SA_SIGINFO
    SIGHUP: _ZL11UserHandleriPvS_ in libjvm.dylib, mask=11100110000111110111111111111111, flags=SA_RESTART|SA_SIGINFO
    SIGINT: _ZL11UserHandleriPvS_ in libjvm.dylib, mask=11100110000111110111111111111111, flags=SA_RESTART|SA_SIGINFO
   SIGTERM: _ZL11UserHandleriPvS_ in libjvm.dylib, mask=11100110000111110111111111111111, flags=SA_RESTART|SA_SIGINFO
   SIGQUIT: _ZL11UserHandleriPvS_ in libjvm.dylib, mask=11100110000111110111111111111111, flags=SA_RESTART|SA_SIGINFO
   SIGTRAP: _ZL13crash_handleriP9__siginfoPv in libjvm.dylib, mask=11100110000111110111111111111111, flags=SA_RESTART|SA_SIGINFO


---------------  S Y S T E M  ---------------

OS:
uname: Darwin 21.1.0 Darwin Kernel Version 21.1.0: Wed Oct 13 17:33:24 PDT 2021; root:xnu-8019.41.5~1/RELEASE_ARM64_T8101 arm64
OS uptime: 0 days 3:10 hours
rlimit (soft/hard): STACK 8176k/65520k , CORE 0k/infinity , NPROC 1333/2000 , NOFILE 10240/infinity , AS infinity/infinity , CPU infinity/infinity , DATA infinity/infinity , FSIZE infinity/infinity , MEMLOCK infinity/infinity , RSS infinity/infinity
load average: 2.61 2.49 2.16

CPU: total 8 (initial active 8) 0x61:0x0:0x1b588bb3:0, fp, simd, crc, lse

Memory: 16k page, physical 8388608k(101824k free), swap 0k(0k free)

vm_info: Java HotSpot(TM) 64-Bit Server VM (17.0.1+12-LTS-39) for bsd-aarch64 JRE (17.0.1+12-LTS-39), built on Sep 27 2021 17:38:30 by "mach5one" with clang Apple LLVM 12.0.0 (clang-1200.0.32.29)

END.
