#
# A fatal error has been detected by the Java Runtime Environment:
#
#  SIGBUS (0xa) at pc=0x000000010a4d94f0, pid=25498, tid=34063
#
# JRE version: Java(TM) SE Runtime Environment (17.0.1+12) (build 17.0.1+12-LTS-39)
# Java VM: Java HotSpot(TM) 64-Bit Server VM (17.0.1+12-LTS-39, mixed mode, sharing, tiered, compressed oops, compressed class ptrs, g1 gc, bsd-aarch64)
# Problematic frame:
# v  ~StubRoutines::SafeFetchN
#
# No core dump will be written. Core dumps have been disabled. To enable core dumping, try "ulimit -c unlimited" before starting Java again
#
# If you would like to submit a bug report, please visit:
#   https://bugreport.java.com/bugreport/crash.jsp
# The crash happened outside the Java Virtual Machine in native code.
# See problematic frame for where to report the bug.
#

---------------  S U M M A R Y ------------

Command Line: -agentlib:jdwp=transport=dt_socket,address=127.0.0.1:50009,suspend=y,server=n -javaagent:/Users/sean/Library/Caches/JetBrains/IdeaIC2021.2/captureAgent/debugger-agent.jar -Dfile.encoding=UTF-8 --module-path=/Users/sean/Documents/GitHub/Meal-Ordering-System/FoodOrderingSystem/target/classes:/Users/sean/.m2/repository/org/openjfx/javafx-fxml/17.0.0.1/javafx-fxml-17.0.0.1-mac-aarch64.jar:/Users/sean/.m2/repository/org/openjfx/javafx-base/17.0.0.1/javafx-base-17.0.0.1-mac-aarch64.jar:/Users/sean/.m2/repository/org/openjfx/javafx-controls/17.0.0.1/javafx-controls-17.0.0.1-mac-aarch64.jar:/Users/sean/.m2/repository/org/openjfx/javafx-graphics/17.0.0.1/javafx-graphics-17.0.0.1-mac-aarch64.jar -Djdk.module.main=com.example.foodorderingsystem com.example.foodorderingsystem/com.example.foodorderingsystem.HelloApplication

Host: "MacBookPro17,1" arm64 1 MHz, 8 cores, 8G, Darwin 21.1.0, macOS 12.0.1 (21A559)
Time: Fri Jan 14 21:17:36 2022 CST elapsed time: 4.306078 seconds (0d 0h 0m 4s)

---------------  T H R E A D  ---------------

Current thread (0x0000000135913400):  JavaThread "InvokeLaterDispatcher" daemon [_thread_in_native, id=34063, stack(0x00000001720a0000,0x00000001722a3000)]

Stack: [0x00000001720a0000,0x00000001722a3000],  sp=0x00000001722a27b0,  free space=2057k
Native frames: (J=compiled Java code, j=interpreted, Vv=VM code, C=native code)
v  ~StubRoutines::SafeFetchN
V  [libjvm.dylib+0x79e208]  _ZN10OopStorage7releaseEPKP7oopDesc+0x20
V  [libjvm.dylib+0x4b8f30]  jni_DeleteGlobalRef+0xc4
C  [libglass.dylib+0xab08]  -[GlassRunnable dealloc]+0x34
C  [Foundation+0x85e0c]  -[_NSThreadPerformInfo dealloc]+0x30
C  [Foundation+0x525e8]  -[NSObject(NSThreadPerformAdditions) performSelectorOnMainThread:withObject:waitUntilDone:]+0x88
C  0x541880010a4e3be0
j  com.sun.glass.ui.mac.MacApplication.submitForLaterInvocation(Ljava/lang/Runnable;)V+2 javafx.graphics
j  com.sun.glass.ui.InvokeLaterDispatcher.run()V+82 javafx.graphics
v  ~StubRoutines::call_stub
V  [libjvm.dylib+0x460588]  _ZN9JavaCalls11call_helperEP9JavaValueRK12methodHandleP17JavaCallArgumentsP10JavaThread+0x38c
V  [libjvm.dylib+0x45f5a4]  _ZN9JavaCalls12call_virtualEP9JavaValueP5KlassP6SymbolS5_P17JavaCallArgumentsP10JavaThread+0x11c
V  [libjvm.dylib+0x45f670]  _ZN9JavaCalls12call_virtualEP9JavaValue6HandleP5KlassP6SymbolS6_P10JavaThread+0x64
V  [libjvm.dylib+0x512ef0]  _ZL12thread_entryP10JavaThreadS0_+0xc4
V  [libjvm.dylib+0x8fc514]  _ZN10JavaThread17thread_main_innerEv+0x134
V  [libjvm.dylib+0x8fae3c]  _ZN6Thread8call_runEv+0x128
V  [libjvm.dylib+0x7a4df0]  _ZL19thread_native_entryP6Thread+0x158
C  [libsystem_pthread.dylib+0x74ec]  _pthread_start+0x94

Java frames: (J=compiled Java code, j=interpreted, Vv=VM code)
j  com.sun.glass.ui.mac.MacApplication._submitForLaterInvocation(Ljava/lang/Runnable;)V+0 javafx.graphics
j  com.sun.glass.ui.mac.MacApplication.submitForLaterInvocation(Ljava/lang/Runnable;)V+2 javafx.graphics
j  com.sun.glass.ui.InvokeLaterDispatcher.run()V+82 javafx.graphics
v  ~StubRoutines::call_stub

siginfo: si_signo: 10 (SIGBUS), si_code: 1 (BUS_ADRALN), si_addr: 0x000000010a4d94f0

Register to memory mapping:

 x0=0x000000013500cbc8 points into unknown readable memory: 0x0000000000000000 | 00 00 00 00 00 00 00 00
 x1=0x0 is NULL
 x2=0x0000000787e825c0 is an oop: com.sun.glass.ui.InvokeLaterDispatcher$Future 
{0x0000000787e825c0} - klass: 'com/sun/glass/ui/InvokeLaterDispatcher$Future'
 - ---- fields (total size 3 words):
 - private 'done' 'Z' @12  true
 - private final 'runnable' 'Ljava/lang/Runnable;' @16  a 'com/sun/javafx/application/PlatformImpl$$Lambda$90+0x0000000800c875b0'{0x0000000786dee8d0} (f0dbdd1a)
 - final synthetic 'this$0' 'Lcom/sun/glass/ui/InvokeLaterDispatcher;' @20  a 'com/sun/glass/ui/InvokeLaterDispatcher'{0x0000000785225468} (f0a44a8d)
 x3=0x0 is NULL
 x4=0x00000000000130a8 is an unknown value
 x5=0x0 is NULL
 x6=0x0 is NULL
 x7=0x00000008000362b0 is a pointer to class: 
java.util.concurrent.locks.ReentrantLock$NonfairSync {0x00000008000362b0}
 - instance size:     4
 - klass size:        73
 - access:            final synchronized 
 - state:             fully_initialized
 - name:              'java/util/concurrent/locks/ReentrantLock$NonfairSync'
 - super:             'java/util/concurrent/locks/ReentrantLock$Sync'
 - sub:               
 - arrays:            NULL
 - methods:           Array<T>(0x0000000800abcf98)
 - method ordering:   Array<T>(0x0000000800abcf88)
 - default_methods:   Array<T>(0x0000000000000000)
 - local interfaces:  Array<T>(0x00000008005c3850)
 - trans. interfaces: Array<T>(0x00000008005ffce8)
 - constants:         constant pool [69] {0x0000000800abd000} for 'java/util/concurrent/locks/ReentrantLock$NonfairSync' cache=0x00000008003c6170
 - class loader data:  loader data: 0x0000600003cc4f00 of 'bootstrap'
 - source file:       'ReentrantLock.java'
 - class annotations:       Array<T>(0x0000000000000000)
 - class type annotations:  Array<T>(0x0000000000000000)
 - field annotations:       Array<T>(0x0000000000000000)
 - field type annotations:  Array<T>(0x0000000000000000)
 - inner classes:     Array<T>(0x0000000800abd3b0)
 - nest members:     Array<T>(0x00000008005c37e0)
 - permitted subclasses:     Array<T>(0x00000008005c37e0)
 - java mirror:       a 'java/lang/Class'{0x00000007ffe181b0} = 'java/util/concurrent/locks/ReentrantLock$NonfairSync'
 - vtable length      11  (start addr: 0x0000000800036480)
 - itable length      2 (start addr: 0x00000008000364d8)
 - ---- static fields (1 words):
 - private static final 'serialVersionUID' 'J' @112 
 - ---- non-static fields (4 words):
 - private transient 'exclusiveOwnerThread' 'Ljava/lang/Thread;' @12 
 - private volatile 'state' 'I' @16 
 - private volatile transient 'head' 'Ljava/util/concurrent/locks/AbstractQueuedSynchronizer$Node;' @20 
 - private volatile transient 'tail' 'Ljava/util/concurrent/locks/AbstractQueuedSynchronizer$Node;' @24 
 - non-static oop maps: 12-12 20-24 
 x8=0x000000010a4d94ec is at begin+0 in a stub
StubRoutines::SafeFetchN [0x000000010a4d94ec, 0x000000010a4d94f8] (12 bytes)
 x9=0x0 is NULL
x10=0x2010000030300000 is an unknown value
x11=0x0000000000000007 is an unknown value
x12=0x0 is NULL
x13=0x00006000023e5af0 points into unknown readable memory: 0x0000000000000000 | 00 00 00 00 00 00 00 00
x14=0x0000000000000001 is an unknown value
x15=0x0000000121d25f98: OBJC_CLASS_$_GlassRunnable+0 in /Users/sean/.openjfx/cache/17.0.0.1/libglass.dylib at 0x0000000121ce0000
x16=0x00000001a5690340: pthread_getspecific+0 in /usr/lib/system/libsystem_pthread.dylib at 0x00000001a568e000
x17=0x00006000029cb420 points into unknown readable memory: 0xfffffffffffffffe | fe ff ff ff ff ff ff ff
x18=0x0 is NULL
x19=0x00006000026c58f0 points into unknown readable memory: 0x0000600000fc19f0 | f0 19 fc 00 00 60 00 00
x20=0x000000013500c9c0 points into unknown readable memory: 0x00000007ffe02160 | 60 21 e0 ff 07 00 00 00
x21=0x000000013500cbc8 points into unknown readable memory: 0x0000000000000000 | 00 00 00 00 00 00 00 00
x22=0x0000000135913400 is a thread
x23=0x0000000000000001 is an unknown value
x24=0x000000013500cb80 is a global jni handle
x25=0x0000000102a055d8: _ZN12StubRoutines17_safefetchN_entryE+0 in /Library/Java/JavaVirtualMachines/jdk-17.0.1.jdk/Contents/Home/lib/server/libjvm.dylib at 0x0000000101e74000
x26=0x000000011fd2be78 is pointing into metadata
x27=0x0 is NULL
x28=0x0000000135913400 is a thread


Registers:
 x0=0x000000013500cbc8  x1=0x0000000000000000  x2=0x0000000787e825c0  x3=0x0000000000000000
 x4=0x00000000000130a8  x5=0x0000000000000000  x6=0x0000000000000000  x7=0x00000008000362b0
 x8=0x000000010a4d94ec  x9=0x0000000000000000 x10=0x2010000030300000 x11=0x0000000000000007
x12=0x0000000000000000 x13=0x00006000023e5af0 x14=0x0000000000000001 x15=0x0000000121d25f98
x16=0x00000001a5690340 x17=0x00006000029cb420 x18=0x0000000000000000 x19=0x00006000026c58f0
x20=0x000000013500c9c0 x21=0x000000013500cbc8 x22=0x0000000135913400 x23=0x0000000000000001
x24=0x000000013500cb80 x25=0x0000000102a055d8 x26=0x000000011fd2be78 x27=0x0000000000000000
x28=0x0000000135913400  fp=0x00000001722a27f0  lr=0x0000000102610fd8  sp=0x00000001722a27b0
pc=0x000000010a4d94f0 cpsr=0x0000000060001000
Top of Stack: (sp=0x00000001722a27b0)
0x00000001722a27b0:   000000011fd2be78 0000000000000001
0x00000001722a27c0:   00000001722a29a8 0000600000fe4320
0x00000001722a27d0:   0000000000000000 000000013500cb98
0x00000001722a27e0:   000000013500cb98 00006000026c58f0
0x00000001722a27f0:   00000001722a2830 0000000102612208
0x00000001722a2800:   0000000000000001 000000013500cb98
0x00000001722a2810:   0000000000000000 000000013500cb98
0x00000001722a2820:   0000000000000001 0000000135913a00
0x00000001722a2830:   00000001722a2860 000000010232cf30
0x00000001722a2840:   0000600000fe4370 00000001ef8bd9f4
0x00000001722a2850:   0000000000000000 0000600000fe4370
0x00000001722a2860:   00000001722a2890 0000000121ceab08
0x00000001722a2870:   9f1f219656e00091 0000000000000000
0x00000001722a2880:   0000000000000000 00006000018ede80
0x00000001722a2890:   00000001722a28d0 00000001a6658e0c
0x00000001722a28a0:   00000001722a29a8 0000600000fe4320
0x00000001722a28b0:   0000600000fe4370 9f1f219656e00091
0x00000001722a28c0:   0000000000000000 0000000000000000
0x00000001722a28d0:   00000001722a2910 e6500001a66255e8
0x00000001722a28e0:   00000001722a29a8 000000010a4e2500
0x00000001722a28f0:   0000000000000000 0000000102a0cf90
0x00000001722a2900:   00000001722a2920 000000010a4e0cf0
0x00000001722a2910:   00000001722a2980 541880010a4e3be0
0x00000001722a2920:   0000000786dee8d0 0000000784ff7a98
0x00000001722a2930:   00000001722a2930 0000000000000000
0x00000001722a2940:   00000001722a29a8 000000011fd2be78
0x00000001722a2950:   00000007852256a0 0000000000000000
0x00000001722a2960:   0000000000000000 000000011fd039d0
0x00000001722a2970:   0000000000000000 00000001722a2980
0x00000001722a2980:   00000001722a2a00 000000010a4de6ac
0x00000001722a2990:   0000000000000000 0000000000000000
0x00000001722a29a0:   0000000787e825c0 0000000785232e20 

Instructions: (pc=0x000000010a4d94f0)
0x000000010a4d93f0:   f2a053a9 f2c00029 6d425935 1e640886
0x000000010a4d9400:   0c402d31 1e6408c7 1f5654d0 1e6c1017
0x000000010a4d9410:   1f5050d0 1f504cd0 1f5048d0 1e650af6
0x000000010a4d9420:   1f50d8f6 1f5694d6 1f5158f6 1e762880
0x000000010a4d9430:   36000501 1e614000 14000026 2e251ca5
0x000000010a4d9440:   d2843009 f2a053a9 f2c00029 6d425d36
0x000000010a4d9450:   1e600806 0c402d32 1f5758c7 1e6c101a
0x000000010a4d9460:   1f4754c7 1e650805 1f4750c7 d2866668
0x000000010a4d9470:   f2a7fa68 1f474cc7 1e6608c0 1f4748c7
0x000000010a4d9480:   1e6e1019 eb08007f 540000ac 1f479400
0x000000010a4d9490:   1f460340 1e603b20 1400000e d2a7fd29
0x000000010a4d94a0:   eb09007f 540000ac 51480069 d3607d29
0x000000010a4d94b0:   9e670121 14000002 1e6a5001 1f679417
0x000000010a4d94c0:   1f668742 1e613b23 1e773857 1e773860
0x000000010a4d94d0:   a8c17ff3 910003bf a8c17bfd d65f03c0
0x000000010a4d94e0:   b9400001 aa0103e0 d65f03c0 f9400001
0x000000010a4d94f0:   aa0103e0 d65f03c0 00000000 00000000
0x000000010a4d9500:   00000000 00000000 00000000 00000000
0x000000010a4d9510:   00000000 00000000 00000000 00000000
0x000000010a4d9520:   00000000 00000000 00000000 00000000
0x000000010a4d9530:   00000000 00000000 00000000 00000000
0x000000010a4d9540:   00000000 00000000 00000000 00000000
0x000000010a4d9550:   00000000 00000000 00000000 00000000
0x000000010a4d9560:   00000000 00000000 00000000 00000000
0x000000010a4d9570:   00000000 00000000 00000000 00000000
0x000000010a4d9580:   00000000 00000000 00000000 00000000
0x000000010a4d9590:   00000000 00000000 00000000 00000000
0x000000010a4d95a0:   00000000 00000000 00000000 00000000
0x000000010a4d95b0:   00000000 00000000 00000000 00000000
0x000000010a4d95c0:   00000000 00000000 00000000 00000000
0x000000010a4d95d0:   00000000 00000000 00000000 00000000
0x000000010a4d95e0:   00000000 00000000 00000000 00000000 


Stack slot to memory mapping:
stack at sp + 0 slots: 0x000000011fd2be78 is pointing into metadata
stack at sp + 1 slots: 0x0000000000000001 is an unknown value
stack at sp + 2 slots: 0x00000001722a29a8 is pointing into the stack for thread: 0x0000000135913400
stack at sp + 3 slots: 0x0000600000fe4320 points into unknown readable memory: 0x01000001fe372081 | 81 20 37 fe 01 00 00 01
stack at sp + 4 slots: 0x0 is NULL
stack at sp + 5 slots: 0x000000013500cb98 is a global jni handle
stack at sp + 6 slots: 0x000000013500cb98 is a global jni handle
stack at sp + 7 slots: 0x00006000026c58f0 points into unknown readable memory: 0x0000600000fc19f0 | f0 19 fc 00 00 60 00 00

StubRoutines::SafeFetchN [0x000000010a4d94ec, 0x000000010a4d94f8] (12 bytes)
[MachCode]
  0x000000010a4d94ec: 0100 40f9 | e003 01aa | c003 5fd6 
[/MachCode]

---------------  P R O C E S S  ---------------

Threads class SMR info:
_java_thread_list=0x0000600000c904c0, length=21, elements={
0x000000013481e000, 0x00000001348bf800, 0x000000013680a400, 0x0000000136809800,
0x0000000136809e00, 0x000000013680e200, 0x000000013680ea00, 0x000000013680f000,
0x0000000136817600, 0x0000000136021400, 0x0000000136049a00, 0x0000000135873000,
0x0000000135808800, 0x0000000137814200, 0x00000001348b8800, 0x0000000135913400,
0x0000000135913a00, 0x000000013699ea00, 0x00000001349ca000, 0x0000000135dfb600,
0x000000012200ba00
}

Java Threads: ( => current thread )
  0x000000013481e000 JavaThread "main" [_thread_blocked, id=9987, stack(0x000000016f280000,0x000000016f483000)]
  0x00000001348bf800 JavaThread "Reference Handler" daemon [_thread_blocked, id=16131, stack(0x00000001700d4000,0x00000001702d7000)]
  0x000000013680a400 JavaThread "Finalizer" daemon [_thread_blocked, id=15619, stack(0x00000001702e0000,0x00000001704e3000)]
  0x0000000136809800 JavaThread "Signal Dispatcher" daemon [_thread_blocked, id=42243, stack(0x0000000170604000,0x0000000170807000)]
  0x0000000136809e00 JavaThread "Service Thread" daemon [_thread_blocked, id=41987, stack(0x0000000170810000,0x0000000170a13000)]
  0x000000013680e200 JavaThread "Monitor Deflation Thread" daemon [_thread_blocked, id=41731, stack(0x0000000170a1c000,0x0000000170c1f000)]
  0x000000013680ea00 JavaThread "C2 CompilerThread0" daemon [_thread_in_native, id=41219, stack(0x0000000170c28000,0x0000000170e2b000)]
  0x000000013680f000 JavaThread "C1 CompilerThread0" daemon [_thread_in_native, id=40963, stack(0x0000000170e34000,0x0000000171037000)]
  0x0000000136817600 JavaThread "Sweeper thread" daemon [_thread_blocked, id=40707, stack(0x0000000171040000,0x0000000171243000)]
  0x0000000136021400 JavaThread "Common-Cleaner" daemon [_thread_blocked, id=40195, stack(0x000000017124c000,0x000000017144f000)]
  0x0000000136049a00 JavaThread "JDWP Transport Listener: dt_socket" daemon [_thread_blocked, id=24071, stack(0x0000000171458000,0x000000017165b000)]
  0x0000000135873000 JavaThread "JDWP Event Helper Thread" daemon [_thread_blocked, id=39939, stack(0x0000000171664000,0x0000000171867000)]
  0x0000000135808800 JavaThread "JDWP Command Reader" daemon [_thread_in_native, id=39683, stack(0x0000000171870000,0x0000000171a73000)]
  0x0000000137814200 JavaThread "Notification Thread" daemon [_thread_blocked, id=39171, stack(0x0000000171a7c000,0x0000000171c7f000)]
  0x00000001348b8800 JavaThread "QuantumRenderer-0" daemon [_thread_blocked, id=38659, stack(0x0000000171e94000,0x0000000172097000)]
=>0x0000000135913400 JavaThread "InvokeLaterDispatcher" daemon [_thread_in_native, id=34063, stack(0x00000001720a0000,0x00000001722a3000)]
  0x0000000135913a00 JavaThread "JavaFX Application Thread" [_thread_in_native, id=259, stack(0x000000016e9f8000,0x000000016f1f4000)]
  0x000000013699ea00 JavaThread "JavaFX-Launcher" [_thread_blocked, id=54295, stack(0x00000001723c4000,0x00000001725c7000)]
  0x00000001349ca000 JavaThread "Prism Font Disposer" daemon [_thread_blocked, id=69883, stack(0x0000000177d24000,0x0000000177f27000)]
  0x0000000135dfb600 JavaThread "Cleaner-0" daemon [_thread_blocked, id=174087, stack(0x0000000280210000,0x0000000280413000)]
  0x000000012200ba00 JavaThread "PulseTimer-CVDisplayLink thread" daemon [_thread_in_native, id=171279, stack(0x0000000172338000,0x00000001723bb000)]

Other Threads:
  0x0000000135104830 VMThread "VM Thread" [stack: 0x000000016fec8000,0x00000001700cb000] [id=16899]
  0x0000000134610f50 WatcherThread [stack: 0x0000000171c88000,0x0000000171e8b000] [id=25091]
  0x0000000134608b40 GCTaskThread "GC Thread#0" [stack: 0x000000016f48c000,0x000000016f68f000] [id=19715]
  0x0000000135234c20 GCTaskThread "GC Thread#1" [stack: 0x00000001726e8000,0x00000001728eb000] [id=72199]
  0x0000000135234ed0 GCTaskThread "GC Thread#2" [stack: 0x00000001728f4000,0x0000000172af7000] [id=58371]
  0x0000000135235350 GCTaskThread "GC Thread#3" [stack: 0x0000000172b00000,0x0000000172d03000] [id=58627]
  0x00000001352357d0 GCTaskThread "GC Thread#4" [stack: 0x0000000172d0c000,0x0000000172f0f000] [id=58883]
  0x0000000135235c50 GCTaskThread "GC Thread#5" [stack: 0x0000000172f18000,0x000000017311b000] [id=71171]
  0x00000001246069f0 GCTaskThread "GC Thread#6" [stack: 0x0000000173124000,0x0000000173327000] [id=59395]
  0x00000001353094b0 GCTaskThread "GC Thread#7" [stack: 0x0000000173330000,0x0000000173533000] [id=70403]
  0x00000001353042b0 ConcurrentGCThread "G1 Main Marker" [stack: 0x000000016f698000,0x000000016f89b000] [id=12547]
  0x0000000135304b30 ConcurrentGCThread "G1 Conc#0" [stack: 0x000000016f8a4000,0x000000016faa7000] [id=13059]
  0x000000013460a5c0 ConcurrentGCThread "G1 Refine#0" [stack: 0x000000016fab0000,0x000000016fcb3000] [id=18691]
  0x00000001346357c0 ConcurrentGCThread "G1 Refine#1" [stack: 0x0000000280004000,0x0000000280207000] [id=171779]
  0x000000013460ae60 ConcurrentGCThread "G1 Service" [stack: 0x000000016fcbc000,0x000000016febf000] [id=13827]

Threads with active compile tasks:
C2 CompilerThread0     4321 3289       4       javafx.scene.CssStyleHelper$CacheContainer::getStyleMap (40 bytes)

VM state: not at safepoint (normal execution)

VM Mutex/Monitor currently owned by a thread: None

Heap address: 0x0000000780000000, size: 2048 MB, Compressed Oops mode: Zero based, Oop shift amount: 3

CDS archive(s) mapped at: [0x0000000800000000-0x0000000800bd4000-0x0000000800bd4000), size 12402688, SharedBaseAddress: 0x0000000800000000, ArchiveRelocationMode: 0.
Compressed class space mapped at: 0x0000000800c00000-0x0000000840c00000, reserved size: 1073741824
Narrow klass base: 0x0000000800000000, Narrow klass shift: 0, Narrow klass range: 0x100000000

GC Precious Log:
 CPUs: 8 total, 8 available
 Memory: 8192M
 Large Page Support: Disabled
 NUMA Support: Disabled
 Compressed Oops: Enabled (Zero based)
 Heap Region Size: 1M
 Heap Min Capacity: 8M
 Heap Initial Capacity: 128M
 Heap Max Capacity: 2G
 Pre-touch: Disabled
 Parallel Workers: 8
 Concurrent Workers: 2
 Concurrent Refinement Workers: 8
 Periodic GC: Disabled

Heap:
 garbage-first heap   total 133120K, used 28761K [0x0000000780000000, 0x0000000800000000)
  region size 1024K, 25 young (25600K), 6 survivors (6144K)
 Metaspace       used 18015K, committed 18304K, reserved 1073152K
  class space    used 2660K, committed 2816K, reserved 1048576K

Heap Regions: E=young(eden), S=young(survivor), O=old, HS=humongous(starts), HC=humongous(continues), CS=collection set, F=free, OA=open archive, CA=closed archive, TAMS=top-at-mark-start (previous, next)
|   0|0x0000000780000000, 0x0000000780100000, 0x0000000780100000|100%| O|  |TAMS 0x0000000780000000, 0x0000000780000000| Untracked 
|   1|0x0000000780100000, 0x000000078011e600, 0x0000000780200000| 11%| O|  |TAMS 0x0000000780100000, 0x0000000780100000| Untracked 
|   2|0x0000000780200000, 0x0000000780300000, 0x0000000780300000|100%|HS|  |TAMS 0x0000000780200000, 0x0000000780200000| Complete 
|   3|0x0000000780300000, 0x0000000780400000, 0x0000000780400000|100%|HC|  |TAMS 0x0000000780300000, 0x0000000780300000| Complete 
|   4|0x0000000780400000, 0x0000000780400000, 0x0000000780500000|  0%| F|  |TAMS 0x0000000780400000, 0x0000000780400000| Untracked 
|   5|0x0000000780500000, 0x0000000780500000, 0x0000000780600000|  0%| F|  |TAMS 0x0000000780500000, 0x0000000780500000| Untracked 
|   6|0x0000000780600000, 0x0000000780600000, 0x0000000780700000|  0%| F|  |TAMS 0x0000000780600000, 0x0000000780600000| Untracked 
|   7|0x0000000780700000, 0x0000000780700000, 0x0000000780800000|  0%| F|  |TAMS 0x0000000780700000, 0x0000000780700000| Untracked 
|   8|0x0000000780800000, 0x0000000780800000, 0x0000000780900000|  0%| F|  |TAMS 0x0000000780800000, 0x0000000780800000| Untracked 
|   9|0x0000000780900000, 0x0000000780900000, 0x0000000780a00000|  0%| F|  |TAMS 0x0000000780900000, 0x0000000780900000| Untracked 
|  10|0x0000000780a00000, 0x0000000780a00000, 0x0000000780b00000|  0%| F|  |TAMS 0x0000000780a00000, 0x0000000780a00000| Untracked 
|  11|0x0000000780b00000, 0x0000000780b00000, 0x0000000780c00000|  0%| F|  |TAMS 0x0000000780b00000, 0x0000000780b00000| Untracked 
|  12|0x0000000780c00000, 0x0000000780c00000, 0x0000000780d00000|  0%| F|  |TAMS 0x0000000780c00000, 0x0000000780c00000| Untracked 
|  13|0x0000000780d00000, 0x0000000780d00000, 0x0000000780e00000|  0%| F|  |TAMS 0x0000000780d00000, 0x0000000780d00000| Untracked 
|  14|0x0000000780e00000, 0x0000000780e00000, 0x0000000780f00000|  0%| F|  |TAMS 0x0000000780e00000, 0x0000000780e00000| Untracked 
|  15|0x0000000780f00000, 0x0000000780f00000, 0x0000000781000000|  0%| F|  |TAMS 0x0000000780f00000, 0x0000000780f00000| Untracked 
|  16|0x0000000781000000, 0x0000000781000000, 0x0000000781100000|  0%| F|  |TAMS 0x0000000781000000, 0x0000000781000000| Untracked 
|  17|0x0000000781100000, 0x0000000781100000, 0x0000000781200000|  0%| F|  |TAMS 0x0000000781100000, 0x0000000781100000| Untracked 
|  18|0x0000000781200000, 0x0000000781200000, 0x0000000781300000|  0%| F|  |TAMS 0x0000000781200000, 0x0000000781200000| Untracked 
|  19|0x0000000781300000, 0x0000000781300000, 0x0000000781400000|  0%| F|  |TAMS 0x0000000781300000, 0x0000000781300000| Untracked 
|  20|0x0000000781400000, 0x0000000781400000, 0x0000000781500000|  0%| F|  |TAMS 0x0000000781400000, 0x0000000781400000| Untracked 
|  21|0x0000000781500000, 0x0000000781500000, 0x0000000781600000|  0%| F|  |TAMS 0x0000000781500000, 0x0000000781500000| Untracked 
|  22|0x0000000781600000, 0x0000000781600000, 0x0000000781700000|  0%| F|  |TAMS 0x0000000781600000, 0x0000000781600000| Untracked 
|  23|0x0000000781700000, 0x0000000781700000, 0x0000000781800000|  0%| F|  |TAMS 0x0000000781700000, 0x0000000781700000| Untracked 
|  24|0x0000000781800000, 0x0000000781800000, 0x0000000781900000|  0%| F|  |TAMS 0x0000000781800000, 0x0000000781800000| Untracked 
|  25|0x0000000781900000, 0x0000000781900000, 0x0000000781a00000|  0%| F|  |TAMS 0x0000000781900000, 0x0000000781900000| Untracked 
|  26|0x0000000781a00000, 0x0000000781a00000, 0x0000000781b00000|  0%| F|  |TAMS 0x0000000781a00000, 0x0000000781a00000| Untracked 
|  27|0x0000000781b00000, 0x0000000781b00000, 0x0000000781c00000|  0%| F|  |TAMS 0x0000000781b00000, 0x0000000781b00000| Untracked 
|  28|0x0000000781c00000, 0x0000000781c00000, 0x0000000781d00000|  0%| F|  |TAMS 0x0000000781c00000, 0x0000000781c00000| Untracked 
|  29|0x0000000781d00000, 0x0000000781d00000, 0x0000000781e00000|  0%| F|  |TAMS 0x0000000781d00000, 0x0000000781d00000| Untracked 
|  30|0x0000000781e00000, 0x0000000781e00000, 0x0000000781f00000|  0%| F|  |TAMS 0x0000000781e00000, 0x0000000781e00000| Untracked 
|  31|0x0000000781f00000, 0x0000000781f00000, 0x0000000782000000|  0%| F|  |TAMS 0x0000000781f00000, 0x0000000781f00000| Untracked 
|  32|0x0000000782000000, 0x0000000782000000, 0x0000000782100000|  0%| F|  |TAMS 0x0000000782000000, 0x0000000782000000| Untracked 
|  33|0x0000000782100000, 0x0000000782100000, 0x0000000782200000|  0%| F|  |TAMS 0x0000000782100000, 0x0000000782100000| Untracked 
|  34|0x0000000782200000, 0x0000000782200000, 0x0000000782300000|  0%| F|  |TAMS 0x0000000782200000, 0x0000000782200000| Untracked 
|  35|0x0000000782300000, 0x0000000782300000, 0x0000000782400000|  0%| F|  |TAMS 0x0000000782300000, 0x0000000782300000| Untracked 
|  36|0x0000000782400000, 0x0000000782400000, 0x0000000782500000|  0%| F|  |TAMS 0x0000000782400000, 0x0000000782400000| Untracked 
|  37|0x0000000782500000, 0x0000000782500000, 0x0000000782600000|  0%| F|  |TAMS 0x0000000782500000, 0x0000000782500000| Untracked 
|  38|0x0000000782600000, 0x0000000782600000, 0x0000000782700000|  0%| F|  |TAMS 0x0000000782600000, 0x0000000782600000| Untracked 
|  39|0x0000000782700000, 0x0000000782700000, 0x0000000782800000|  0%| F|  |TAMS 0x0000000782700000, 0x0000000782700000| Untracked 
|  40|0x0000000782800000, 0x0000000782800000, 0x0000000782900000|  0%| F|  |TAMS 0x0000000782800000, 0x0000000782800000| Untracked 
|  41|0x0000000782900000, 0x0000000782900000, 0x0000000782a00000|  0%| F|  |TAMS 0x0000000782900000, 0x0000000782900000| Untracked 
|  42|0x0000000782a00000, 0x0000000782a00000, 0x0000000782b00000|  0%| F|  |TAMS 0x0000000782a00000, 0x0000000782a00000| Untracked 
|  43|0x0000000782b00000, 0x0000000782b00000, 0x0000000782c00000|  0%| F|  |TAMS 0x0000000782b00000, 0x0000000782b00000| Untracked 
|  44|0x0000000782c00000, 0x0000000782c00000, 0x0000000782d00000|  0%| F|  |TAMS 0x0000000782c00000, 0x0000000782c00000| Untracked 
|  45|0x0000000782d00000, 0x0000000782d00000, 0x0000000782e00000|  0%| F|  |TAMS 0x0000000782d00000, 0x0000000782d00000| Untracked 
|  46|0x0000000782e00000, 0x0000000782e00000, 0x0000000782f00000|  0%| F|  |TAMS 0x0000000782e00000, 0x0000000782e00000| Untracked 
|  47|0x0000000782f00000, 0x0000000782f00000, 0x0000000783000000|  0%| F|  |TAMS 0x0000000782f00000, 0x0000000782f00000| Untracked 
|  48|0x0000000783000000, 0x0000000783000000, 0x0000000783100000|  0%| F|  |TAMS 0x0000000783000000, 0x0000000783000000| Untracked 
|  49|0x0000000783100000, 0x0000000783100000, 0x0000000783200000|  0%| F|  |TAMS 0x0000000783100000, 0x0000000783100000| Untracked 
|  50|0x0000000783200000, 0x0000000783200000, 0x0000000783300000|  0%| F|  |TAMS 0x0000000783200000, 0x0000000783200000| Untracked 
|  51|0x0000000783300000, 0x0000000783300000, 0x0000000783400000|  0%| F|  |TAMS 0x0000000783300000, 0x0000000783300000| Untracked 
|  52|0x0000000783400000, 0x0000000783400000, 0x0000000783500000|  0%| F|  |TAMS 0x0000000783400000, 0x0000000783400000| Untracked 
|  53|0x0000000783500000, 0x0000000783500000, 0x0000000783600000|  0%| F|  |TAMS 0x0000000783500000, 0x0000000783500000| Untracked 
|  54|0x0000000783600000, 0x0000000783600000, 0x0000000783700000|  0%| F|  |TAMS 0x0000000783600000, 0x0000000783600000| Untracked 
|  55|0x0000000783700000, 0x0000000783700000, 0x0000000783800000|  0%| F|  |TAMS 0x0000000783700000, 0x0000000783700000| Untracked 
|  56|0x0000000783800000, 0x0000000783800000, 0x0000000783900000|  0%| F|  |TAMS 0x0000000783800000, 0x0000000783800000| Untracked 
|  57|0x0000000783900000, 0x0000000783900000, 0x0000000783a00000|  0%| F|  |TAMS 0x0000000783900000, 0x0000000783900000| Untracked 
|  58|0x0000000783a00000, 0x0000000783a00000, 0x0000000783b00000|  0%| F|  |TAMS 0x0000000783a00000, 0x0000000783a00000| Untracked 
|  59|0x0000000783b00000, 0x0000000783b00000, 0x0000000783c00000|  0%| F|  |TAMS 0x0000000783b00000, 0x0000000783b00000| Untracked 
|  60|0x0000000783c00000, 0x0000000783c00000, 0x0000000783d00000|  0%| F|  |TAMS 0x0000000783c00000, 0x0000000783c00000| Untracked 
|  61|0x0000000783d00000, 0x0000000783d00000, 0x0000000783e00000|  0%| F|  |TAMS 0x0000000783d00000, 0x0000000783d00000| Untracked 
|  62|0x0000000783e00000, 0x0000000783e00000, 0x0000000783f00000|  0%| F|  |TAMS 0x0000000783e00000, 0x0000000783e00000| Untracked 
|  63|0x0000000783f00000, 0x0000000783f00000, 0x0000000784000000|  0%| F|  |TAMS 0x0000000783f00000, 0x0000000783f00000| Untracked 
|  64|0x0000000784000000, 0x0000000784000000, 0x0000000784100000|  0%| F|  |TAMS 0x0000000784000000, 0x0000000784000000| Untracked 
|  65|0x0000000784100000, 0x0000000784100000, 0x0000000784200000|  0%| F|  |TAMS 0x0000000784100000, 0x0000000784100000| Untracked 
|  66|0x0000000784200000, 0x0000000784200000, 0x0000000784300000|  0%| F|  |TAMS 0x0000000784200000, 0x0000000784200000| Untracked 
|  67|0x0000000784300000, 0x0000000784300000, 0x0000000784400000|  0%| F|  |TAMS 0x0000000784300000, 0x0000000784300000| Untracked 
|  68|0x0000000784400000, 0x0000000784400000, 0x0000000784500000|  0%| F|  |TAMS 0x0000000784400000, 0x0000000784400000| Untracked 
|  69|0x0000000784500000, 0x0000000784500000, 0x0000000784600000|  0%| F|  |TAMS 0x0000000784500000, 0x0000000784500000| Untracked 
|  70|0x0000000784600000, 0x0000000784600000, 0x0000000784700000|  0%| F|  |TAMS 0x0000000784600000, 0x0000000784600000| Untracked 
|  71|0x0000000784700000, 0x0000000784700000, 0x0000000784800000|  0%| F|  |TAMS 0x0000000784700000, 0x0000000784700000| Untracked 
|  72|0x0000000784800000, 0x0000000784800000, 0x0000000784900000|  0%| F|  |TAMS 0x0000000784800000, 0x0000000784800000| Untracked 
|  73|0x0000000784900000, 0x0000000784900000, 0x0000000784a00000|  0%| F|  |TAMS 0x0000000784900000, 0x0000000784900000| Untracked 
|  74|0x0000000784a00000, 0x0000000784a00000, 0x0000000784b00000|  0%| F|  |TAMS 0x0000000784a00000, 0x0000000784a00000| Untracked 
|  75|0x0000000784b00000, 0x0000000784b00000, 0x0000000784c00000|  0%| F|  |TAMS 0x0000000784b00000, 0x0000000784b00000| Untracked 
|  76|0x0000000784c00000, 0x0000000784c00000, 0x0000000784d00000|  0%| F|  |TAMS 0x0000000784c00000, 0x0000000784c00000| Untracked 
|  77|0x0000000784d00000, 0x0000000784e00000, 0x0000000784e00000|100%| S|CS|TAMS 0x0000000784d00000, 0x0000000784d00000| Complete 
|  78|0x0000000784e00000, 0x0000000784f00000, 0x0000000784f00000|100%| S|CS|TAMS 0x0000000784e00000, 0x0000000784e00000| Complete 
|  79|0x0000000784f00000, 0x0000000785000000, 0x0000000785000000|100%| S|CS|TAMS 0x0000000784f00000, 0x0000000784f00000| Complete 
|  80|0x0000000785000000, 0x0000000785100000, 0x0000000785100000|100%| S|CS|TAMS 0x0000000785000000, 0x0000000785000000| Complete 
|  81|0x0000000785100000, 0x0000000785200000, 0x0000000785200000|100%| S|CS|TAMS 0x0000000785100000, 0x0000000785100000| Complete 
|  82|0x0000000785200000, 0x0000000785300000, 0x0000000785300000|100%| S|CS|TAMS 0x0000000785200000, 0x0000000785200000| Complete 
|  83|0x0000000785300000, 0x0000000785300000, 0x0000000785400000|  0%| F|  |TAMS 0x0000000785300000, 0x0000000785300000| Untracked 
|  84|0x0000000785400000, 0x0000000785400000, 0x0000000785500000|  0%| F|  |TAMS 0x0000000785400000, 0x0000000785400000| Untracked 
|  85|0x0000000785500000, 0x0000000785500000, 0x0000000785600000|  0%| F|  |TAMS 0x0000000785500000, 0x0000000785500000| Untracked 
|  86|0x0000000785600000, 0x0000000785600000, 0x0000000785700000|  0%| F|  |TAMS 0x0000000785600000, 0x0000000785600000| Untracked 
|  87|0x0000000785700000, 0x0000000785700000, 0x0000000785800000|  0%| F|  |TAMS 0x0000000785700000, 0x0000000785700000| Untracked 
|  88|0x0000000785800000, 0x0000000785800000, 0x0000000785900000|  0%| F|  |TAMS 0x0000000785800000, 0x0000000785800000| Untracked 
|  89|0x0000000785900000, 0x0000000785900000, 0x0000000785a00000|  0%| F|  |TAMS 0x0000000785900000, 0x0000000785900000| Untracked 
|  90|0x0000000785a00000, 0x0000000785a00000, 0x0000000785b00000|  0%| F|  |TAMS 0x0000000785a00000, 0x0000000785a00000| Untracked 
|  91|0x0000000785b00000, 0x0000000785b00000, 0x0000000785c00000|  0%| F|  |TAMS 0x0000000785b00000, 0x0000000785b00000| Untracked 
|  92|0x0000000785c00000, 0x0000000785c00000, 0x0000000785d00000|  0%| F|  |TAMS 0x0000000785c00000, 0x0000000785c00000| Untracked 
|  93|0x0000000785d00000, 0x0000000785d00000, 0x0000000785e00000|  0%| F|  |TAMS 0x0000000785d00000, 0x0000000785d00000| Untracked 
|  94|0x0000000785e00000, 0x0000000785e00000, 0x0000000785f00000|  0%| F|  |TAMS 0x0000000785e00000, 0x0000000785e00000| Untracked 
|  95|0x0000000785f00000, 0x0000000785f00000, 0x0000000786000000|  0%| F|  |TAMS 0x0000000785f00000, 0x0000000785f00000| Untracked 
|  96|0x0000000786000000, 0x0000000786000000, 0x0000000786100000|  0%| F|  |TAMS 0x0000000786000000, 0x0000000786000000| Untracked 
|  97|0x0000000786100000, 0x0000000786100000, 0x0000000786200000|  0%| F|  |TAMS 0x0000000786100000, 0x0000000786100000| Untracked 
|  98|0x0000000786200000, 0x0000000786200000, 0x0000000786300000|  0%| F|  |TAMS 0x0000000786200000, 0x0000000786200000| Untracked 
|  99|0x0000000786300000, 0x0000000786300000, 0x0000000786400000|  0%| F|  |TAMS 0x0000000786300000, 0x0000000786300000| Untracked 
| 100|0x0000000786400000, 0x0000000786400000, 0x0000000786500000|  0%| F|  |TAMS 0x0000000786400000, 0x0000000786400000| Untracked 
| 101|0x0000000786500000, 0x0000000786500000, 0x0000000786600000|  0%| F|  |TAMS 0x0000000786500000, 0x0000000786500000| Untracked 
| 102|0x0000000786600000, 0x0000000786600000, 0x0000000786700000|  0%| F|  |TAMS 0x0000000786600000, 0x0000000786600000| Untracked 
| 103|0x0000000786700000, 0x0000000786700000, 0x0000000786800000|  0%| F|  |TAMS 0x0000000786700000, 0x0000000786700000| Untracked 
| 104|0x0000000786800000, 0x0000000786800000, 0x0000000786900000|  0%| F|  |TAMS 0x0000000786800000, 0x0000000786800000| Untracked 
| 105|0x0000000786900000, 0x0000000786900000, 0x0000000786a00000|  0%| F|  |TAMS 0x0000000786900000, 0x0000000786900000| Untracked 
| 106|0x0000000786a00000, 0x0000000786a00000, 0x0000000786b00000|  0%| F|  |TAMS 0x0000000786a00000, 0x0000000786a00000| Untracked 
| 107|0x0000000786b00000, 0x0000000786b00000, 0x0000000786c00000|  0%| F|  |TAMS 0x0000000786b00000, 0x0000000786b00000| Untracked 
| 108|0x0000000786c00000, 0x0000000786c00000, 0x0000000786d00000|  0%| F|  |TAMS 0x0000000786c00000, 0x0000000786c00000| Untracked 
| 109|0x0000000786d00000, 0x0000000786e00000, 0x0000000786e00000|100%| E|  |TAMS 0x0000000786d00000, 0x0000000786d00000| Complete 
| 110|0x0000000786e00000, 0x0000000786f00000, 0x0000000786f00000|100%| E|CS|TAMS 0x0000000786e00000, 0x0000000786e00000| Complete 
| 111|0x0000000786f00000, 0x0000000787000000, 0x0000000787000000|100%| E|CS|TAMS 0x0000000786f00000, 0x0000000786f00000| Complete 
| 112|0x0000000787000000, 0x0000000787100000, 0x0000000787100000|100%| E|CS|TAMS 0x0000000787000000, 0x0000000787000000| Complete 
| 113|0x0000000787100000, 0x0000000787200000, 0x0000000787200000|100%| E|CS|TAMS 0x0000000787100000, 0x0000000787100000| Complete 
| 114|0x0000000787200000, 0x0000000787300000, 0x0000000787300000|100%| E|CS|TAMS 0x0000000787200000, 0x0000000787200000| Complete 
| 115|0x0000000787300000, 0x0000000787400000, 0x0000000787400000|100%| E|CS|TAMS 0x0000000787300000, 0x0000000787300000| Complete 
| 116|0x0000000787400000, 0x0000000787500000, 0x0000000787500000|100%| E|CS|TAMS 0x0000000787400000, 0x0000000787400000| Complete 
| 117|0x0000000787500000, 0x0000000787600000, 0x0000000787600000|100%| E|CS|TAMS 0x0000000787500000, 0x0000000787500000| Complete 
| 118|0x0000000787600000, 0x0000000787700000, 0x0000000787700000|100%| E|CS|TAMS 0x0000000787600000, 0x0000000787600000| Complete 
| 119|0x0000000787700000, 0x0000000787800000, 0x0000000787800000|100%| E|CS|TAMS 0x0000000787700000, 0x0000000787700000| Complete 
| 120|0x0000000787800000, 0x0000000787900000, 0x0000000787900000|100%| E|CS|TAMS 0x0000000787800000, 0x0000000787800000| Complete 
| 121|0x0000000787900000, 0x0000000787a00000, 0x0000000787a00000|100%| E|CS|TAMS 0x0000000787900000, 0x0000000787900000| Complete 
| 122|0x0000000787a00000, 0x0000000787b00000, 0x0000000787b00000|100%| E|CS|TAMS 0x0000000787a00000, 0x0000000787a00000| Complete 
| 123|0x0000000787b00000, 0x0000000787c00000, 0x0000000787c00000|100%| E|CS|TAMS 0x0000000787b00000, 0x0000000787b00000| Complete 
| 124|0x0000000787c00000, 0x0000000787d00000, 0x0000000787d00000|100%| E|CS|TAMS 0x0000000787c00000, 0x0000000787c00000| Complete 
| 125|0x0000000787d00000, 0x0000000787e00000, 0x0000000787e00000|100%| E|CS|TAMS 0x0000000787d00000, 0x0000000787d00000| Complete 
| 126|0x0000000787e00000, 0x0000000787f00000, 0x0000000787f00000|100%| E|CS|TAMS 0x0000000787e00000, 0x0000000787e00000| Complete 
| 127|0x0000000787f00000, 0x0000000788000000, 0x0000000788000000|100%| E|CS|TAMS 0x0000000787f00000, 0x0000000787f00000| Complete 
|2046|0x00000007ffe00000, 0x00000007ffe78000, 0x00000007fff00000| 46%|OA|  |TAMS 0x00000007ffe00000, 0x00000007ffe00000| Untracked 
|2047|0x00000007fff00000, 0x00000007fff80000, 0x0000000800000000| 50%|CA|  |TAMS 0x00000007fff00000, 0x00000007fff00000| Untracked 

Card table byte_map: [0x0000000101560000,0x0000000101960000] _byte_map_base: 0x00000000fd960000

Marking Bits (Prev, Next): (CMBitMap*) 0x0000000136008210, (CMBitMap*) 0x0000000136008250
 Prev Bits: [0x00000001194d8000, 0x000000011b4d8000)
 Next Bits: [0x000000011b4d8000, 0x000000011d4d8000)

Polling page: 0x0000000100d90000

Metaspace:

Usage:
  Non-class:     14.99 MB used.
      Class:      2.60 MB used.
       Both:     17.59 MB used.

Virtual space:
  Non-class space:       24.00 MB reserved,      15.12 MB ( 63%) committed,  3 nodes.
      Class space:        1.00 GB reserved,       2.75 MB ( <1%) committed,  1 nodes.
             Both:        1.02 GB reserved,      17.88 MB (  2%) committed. 

Chunk freelists:
   Non-Class:  3.95 MB
       Class:  1.23 MB
        Both:  5.18 MB

MaxMetaspaceSize: unlimited
CompressedClassSpaceSize: 1.00 GB
Initial GC threshold: 21.00 MB
Current GC threshold: 21.00 MB
CDS: on
MetaspaceReclaimPolicy: balanced
 - commit_granule_bytes: 65536.
 - commit_granule_words: 8192.
 - virtual_space_node_default_size: 1048576.
 - enlarge_chunks_in_place: 1.
 - new_chunks_are_fully_committed: 0.
 - uncommit_free_chunks: 1.
 - use_allocation_guard: 0.
 - handle_deallocations: 1.


Internal statistics:

num_allocs_failed_limit: 0.
num_arena_births: 234.
num_arena_deaths: 0.
num_vsnodes_births: 4.
num_vsnodes_deaths: 0.
num_space_committed: 286.
num_space_uncommitted: 0.
num_chunks_returned_to_freelist: 0.
num_chunks_taken_from_freelist: 845.
num_chunk_merges: 0.
num_chunk_splits: 581.
num_chunks_enlarged: 454.
num_purges: 0.
num_inconsistent_stats: 0.

CodeHeap 'non-profiled nmethods': size=120032Kb used=1373Kb max_used=1373Kb free=118658Kb
 bounds [0x0000000111fa0000, 0x0000000112210000, 0x00000001194d8000]
CodeHeap 'profiled nmethods': size=120016Kb used=7309Kb max_used=7309Kb free=112706Kb
 bounds [0x000000010aa6c000, 0x000000010b19c000, 0x0000000111fa0000]
CodeHeap 'non-nmethods': size=5712Kb used=1415Kb max_used=1520Kb free=4296Kb
 bounds [0x000000010a4d8000, 0x000000010a748000, 0x000000010aa6c000]
 total_blobs=3996 nmethods=3221 adapters=690
 compilation: enabled
              stopped_count=0, restarted_count=0
 full_count=0

Compilation events (20 events):
Event: 4.049 Thread 0x000000013680f000 3280       3       java.util.concurrent.LinkedBlockingDeque::unlinkFirst (74 bytes)
Event: 4.049 Thread 0x000000013680f000 nmethod 3280 0x000000010b17f890 code [0x000000010b17fac0, 0x000000010b1801b8]
Event: 4.250 Thread 0x000000013680f000 3281       3       javafx.scene.paint.Color::isOpaque (15 bytes)
Event: 4.251 Thread 0x000000013680f000 nmethod 3281 0x000000010b180410 code [0x000000010b1805c0, 0x000000010b180768]
Event: 4.254 Thread 0x000000013680f000 3282       3       com.sun.javafx.geom.RectBounds::<init> (10 bytes)
Event: 4.255 Thread 0x000000013680f000 nmethod 3282 0x000000010b180810 code [0x000000010b1809c0, 0x000000010b180ce8]
Event: 4.255 Thread 0x000000013680f000 3283       3       com.sun.prism.impl.ManagedResource::isLocked (13 bytes)
Event: 4.255 Thread 0x000000013680f000 nmethod 3283 0x000000010b180e90 code [0x000000010b181040, 0x000000010b1811e8]
Event: 4.255 Thread 0x000000013680f000 3284       3       com.sun.prism.impl.ManagedResource::bumpAge (18 bytes)
Event: 4.256 Thread 0x000000013680f000 nmethod 3284 0x000000010b181290 code [0x000000010b181440, 0x000000010b1815a8]
Event: 4.296 Thread 0x000000013680f000 3285       3       com.sun.javafx.event.CompositeEventHandler$NormalEventHandlerRecord::handleBubblingEvent (11 bytes)
Event: 4.297 Thread 0x000000013680f000 nmethod 3285 0x000000010b181690 code [0x000000010b181840, 0x000000010b181a98]
Event: 4.299 Thread 0x000000013680f000 3286       3       javafx.scene.Node::processCSS (103 bytes)
Event: 4.300 Thread 0x000000013680ea00 3287       4       java.lang.Math::round (70 bytes)
Event: 4.300 Thread 0x000000013680f000 nmethod 3286 0x000000010b181b90 code [0x000000010b181e40, 0x000000010b1829c8]
Event: 4.301 Thread 0x000000013680ea00 nmethod 3287 0x00000001120f6510 code [0x00000001120f6680, 0x00000001120f6720]
Event: 4.301 Thread 0x000000013680ea00 3288       4       com.sun.javafx.css.BitSet::addAll (338 bytes)
Event: 4.301 Thread 0x000000013680f000 3290       3       com.sun.javafx.scene.ParentHelper::updatePeerImpl (15 bytes)
Event: 4.301 Thread 0x000000013680f000 nmethod 3290 0x000000010b182d10 code [0x000000010b182f40, 0x000000010b183488]
Event: 4.301 Thread 0x000000013680f000 3292       3       javafx.scene.Parent::doUpdatePeer (265 bytes)

GC Heap History (4 events):
Event: 0.399 GC heap before
{Heap before GC invocations=0 (full 0):
 garbage-first heap   total 133120K, used 23520K [0x0000000780000000, 0x0000000800000000)
  region size 1024K, 23 young (23552K), 0 survivors (0K)
 Metaspace       used 6254K, committed 6400K, reserved 1056768K
  class space    used 746K, committed 832K, reserved 1048576K
}
Event: 0.405 GC heap after
{Heap after GC invocations=1 (full 0):
 garbage-first heap   total 133120K, used 3786K [0x0000000780000000, 0x0000000800000000)
  region size 1024K, 3 young (3072K), 3 survivors (3072K)
 Metaspace       used 6254K, committed 6400K, reserved 1056768K
  class space    used 746K, committed 832K, reserved 1048576K
}
Event: 0.922 GC heap before
{Heap before GC invocations=1 (full 0):
 garbage-first heap   total 133120K, used 46794K [0x0000000780000000, 0x0000000800000000)
  region size 1024K, 45 young (46080K), 3 survivors (3072K)
 Metaspace       used 14838K, committed 15104K, reserved 1064960K
  class space    used 2268K, committed 2368K, reserved 1048576K
}
Event: 0.932 GC heap after
{Heap after GC invocations=2 (full 0):
 garbage-first heap   total 133120K, used 8281K [0x0000000780000000, 0x0000000800000000)
  region size 1024K, 6 young (6144K), 6 survivors (6144K)
 Metaspace       used 14838K, committed 15104K, reserved 1064960K
  class space    used 2268K, committed 2368K, reserved 1048576K
}

Deoptimization events (20 events):
Event: 3.316 Thread 0x0000000135913a00 DEOPT PACKING pc=0x0000000112094c10 sp=0x000000016f1eba90
Event: 3.316 Thread 0x0000000135913a00 DEOPT UNPACKING pc=0x000000010a516d1c sp=0x000000016f1eb9a0 mode 2
Event: 3.329 Thread 0x0000000135913a00 DEOPT PACKING pc=0x000000010ad26b3c sp=0x000000016f1eaee0
Event: 3.329 Thread 0x0000000135913a00 DEOPT UNPACKING pc=0x000000010a516b7c sp=0x000000016f1eac20 mode 3
Event: 3.349 Thread 0x0000000135913a00 Uncommon trap: trap_request=0xffffffc6 fr.pc=0x00000001120af490 relative=0x0000000000000110
Event: 3.349 Thread 0x0000000135913a00 Uncommon trap: reason=bimorphic_or_optimized_type_check action=maybe_recompile pc=0x00000001120af490 method=javafx.beans.property.DoublePropertyBase.get()D @ 23 c2
Event: 3.349 Thread 0x0000000135913a00 DEOPT PACKING pc=0x00000001120af490 sp=0x000000016f1eebc0
Event: 3.349 Thread 0x0000000135913a00 DEOPT UNPACKING pc=0x000000010a516d1c sp=0x000000016f1eeb60 mode 2
Event: 3.349 Thread 0x0000000135913a00 Uncommon trap: trap_request=0xffffffc6 fr.pc=0x00000001120af490 relative=0x0000000000000110
Event: 3.349 Thread 0x0000000135913a00 Uncommon trap: reason=bimorphic_or_optimized_type_check action=maybe_recompile pc=0x00000001120af490 method=javafx.beans.property.DoublePropertyBase.get()D @ 23 c2
Event: 3.349 Thread 0x0000000135913a00 DEOPT PACKING pc=0x00000001120af490 sp=0x000000016f1eebc0
Event: 3.349 Thread 0x0000000135913a00 DEOPT UNPACKING pc=0x000000010a516d1c sp=0x000000016f1eeb60 mode 2
Event: 3.349 Thread 0x0000000135913a00 Uncommon trap: trap_request=0xffffffc6 fr.pc=0x00000001120af490 relative=0x0000000000000110
Event: 3.349 Thread 0x0000000135913a00 Uncommon trap: reason=bimorphic_or_optimized_type_check action=maybe_recompile pc=0x00000001120af490 method=javafx.beans.property.DoublePropertyBase.get()D @ 23 c2
Event: 3.349 Thread 0x0000000135913a00 DEOPT PACKING pc=0x00000001120af490 sp=0x000000016f1eebc0
Event: 3.349 Thread 0x0000000135913a00 DEOPT UNPACKING pc=0x000000010a516d1c sp=0x000000016f1eeb60 mode 2
Event: 3.349 Thread 0x0000000135913a00 Uncommon trap: trap_request=0xffffffc6 fr.pc=0x00000001120af490 relative=0x0000000000000110
Event: 3.349 Thread 0x0000000135913a00 Uncommon trap: reason=bimorphic_or_optimized_type_check action=maybe_recompile pc=0x00000001120af490 method=javafx.beans.property.DoublePropertyBase.get()D @ 23 c2
Event: 3.349 Thread 0x0000000135913a00 DEOPT PACKING pc=0x00000001120af490 sp=0x000000016f1eebc0
Event: 3.349 Thread 0x0000000135913a00 DEOPT UNPACKING pc=0x000000010a516d1c sp=0x000000016f1eeb60 mode 2

Classes unloaded (0 events):
No events

Classes redefined (0 events):
No events

Internal exceptions (20 events):
Event: 0.938 Thread 0x0000000135913a00 Exception <a 'java/lang/NoSuchMethodError'{0x0000000787e24000}: 'long java.lang.invoke.DirectMethodHandle$Holder.invokeStaticInit(java.lang.Object, java.lang.Object, java.lang.Object)'> (0x0000000787e24000) 
thrown [open/src/hotspot/share/interpreter/linkResolver.cpp, line 766]
Event: 0.938 Thread 0x0000000135913a00 Exception <a 'java/lang/NoSuchMethodError'{0x0000000787e3bc08}: 'java.lang.Object java.lang.invoke.DirectMethodHandle$Holder.newInvokeSpecial(java.lang.Object, java.lang.Object, long)'> (0x0000000787e3bc08) 
thrown [open/src/hotspot/share/interpreter/linkResolver.cpp, line 766]
Event: 0.939 Thread 0x0000000135913a00 Exception <a 'java/lang/NoSuchMethodError'{0x0000000787e3f4d0}: 'java.lang.Object java.lang.invoke.Invokers$Holder.linkToTargetMethod(java.lang.Object, long, java.lang.Object)'> (0x0000000787e3f4d0) 
thrown [open/src/hotspot/share/interpreter/linkResolver.cpp, line 766]
Event: 0.986 Thread 0x00000001348b8800 Exception <a 'java/lang/NoSuchMethodError'{0x0000000787a8c328}: 'java.lang.Object java.lang.invoke.DirectMethodHandle$Holder.invokeStaticInit(java.lang.Object, int)'> (0x0000000787a8c328) 
thrown [open/src/hotspot/share/interpreter/linkResolver.cpp, line 766]
Event: 3.163 Thread 0x0000000135913a00 Exception <a 'java/lang/NoSuchMethodError'{0x00000007876aafd8}: 'java.lang.Object java.lang.invoke.DirectMethodHandle$Holder.newInvokeSpecial(java.lang.Object, java.lang.Object, int, int, int, int, int, java.lang.Object)'> (0x00000007876aafd8) 
thrown [open/src/hotspot/share/interpreter/linkResolver.cpp, line 766]
Event: 3.164 Thread 0x0000000135913a00 Exception <a 'java/lang/NoSuchMethodError'{0x00000007876bdfb8}: 'java.lang.Object java.lang.invoke.DirectMethodHandle$Holder.newInvokeSpecial(java.lang.Object, java.lang.Object, java.lang.Object, int, int, int, int, int)'> (0x00000007876bdfb8) 
thrown [open/src/hotspot/share/interpreter/linkResolver.cpp, line 766]
Event: 3.164 Thread 0x0000000135913a00 Exception <a 'java/lang/NoSuchMethodError'{0x00000007876c5818}: 'java.lang.Object java.lang.invoke.Invokers$Holder.linkToTargetMethod(java.lang.Object, java.lang.Object, int, int, int, int, int, java.lang.Object)'> (0x00000007876c5818) 
thrown [open/src/hotspot/share/interpreter/linkResolver.cpp, line 766]
Event: 3.256 Thread 0x0000000135913a00 Exception <a 'java/io/FileNotFoundException'{0x000000078754cf40}> (0x000000078754cf40) 
thrown [open/src/hotspot/share/prims/jni.cpp, line 516]
Event: 3.256 Thread 0x0000000135913a00 Exception <a 'java/io/FileNotFoundException'{0x000000078754de60}> (0x000000078754de60) 
thrown [open/src/hotspot/share/prims/jni.cpp, line 516]
Event: 3.259 Thread 0x0000000135913a00 Exception <a 'java/io/FileNotFoundException'{0x0000000787569f00}> (0x0000000787569f00) 
thrown [open/src/hotspot/share/prims/jni.cpp, line 516]
Event: 3.259 Thread 0x0000000135913a00 Exception <a 'java/io/FileNotFoundException'{0x000000078756adb0}> (0x000000078756adb0) 
thrown [open/src/hotspot/share/prims/jni.cpp, line 516]
Event: 3.260 Thread 0x0000000135913a00 Exception <a 'java/io/FileNotFoundException'{0x000000078756f8d8}> (0x000000078756f8d8) 
thrown [open/src/hotspot/share/prims/jni.cpp, line 516]
Event: 3.260 Thread 0x0000000135913a00 Exception <a 'java/io/FileNotFoundException'{0x00000007875707a0}> (0x00000007875707a0) 
thrown [open/src/hotspot/share/prims/jni.cpp, line 516]
Event: 3.260 Thread 0x0000000135913a00 Exception <a 'java/io/FileNotFoundException'{0x00000007875752d8}> (0x00000007875752d8) 
thrown [open/src/hotspot/share/prims/jni.cpp, line 516]
Event: 3.260 Thread 0x0000000135913a00 Exception <a 'java/io/FileNotFoundException'{0x00000007875761a0}> (0x00000007875761a0) 
thrown [open/src/hotspot/share/prims/jni.cpp, line 516]
Event: 3.284 Thread 0x0000000135913a00 Exception <a 'java/io/FileNotFoundException'{0x00000007873646f0}> (0x00000007873646f0) 
thrown [open/src/hotspot/share/prims/jni.cpp, line 516]
Event: 3.284 Thread 0x0000000135913a00 Exception <a 'java/io/FileNotFoundException'{0x00000007873669f8}> (0x00000007873669f8) 
thrown [open/src/hotspot/share/prims/jni.cpp, line 516]
Event: 3.313 Thread 0x0000000135913a00 Exception <a 'java/lang/NoSuchMethodError'{0x0000000787051510}: 'void java.lang.invoke.DirectMethodHandle$Holder.invokeSpecialIFC(java.lang.Object, java.lang.Object, java.lang.Object, java.lang.Object)'> (0x0000000787051510) 
thrown [open/src/hotspot/share/interpreter/linkResolver.cpp, line 766]
Event: 3.313 Thread 0x0000000135913a00 Implicit null exception at 0x00000001120978f8 to 0x00000001120980f8
Event: 3.329 Thread 0x0000000135913a00 Exception <a 'java/lang/NoSuchMethodError'{0x0000000786e6fdc8}: 'int java.lang.invoke.DirectMethodHandle$Holder.invokeSpecial(java.lang.Object, java.lang.Object, int)'> (0x0000000786e6fdc8) 
thrown [open/src/hotspot/share/interpreter/linkResolver.cpp, line 766]

VM Operations (20 events):
Event: 0.750 Executing VM operation: ICBufferFull
Event: 0.750 Executing VM operation: ICBufferFull done
Event: 0.800 Executing VM operation: ICBufferFull
Event: 0.800 Executing VM operation: ICBufferFull done
Event: 0.922 Executing VM operation: G1CollectForAllocation
Event: 0.932 Executing VM operation: G1CollectForAllocation done
Event: 1.519 Executing VM operation: ICBufferFull
Event: 1.519 Executing VM operation: ICBufferFull done
Event: 1.618 Executing VM operation: ICBufferFull
Event: 1.619 Executing VM operation: ICBufferFull done
Event: 2.116 Executing VM operation: ICBufferFull
Event: 2.116 Executing VM operation: ICBufferFull done
Event: 3.121 Executing VM operation: Cleanup
Event: 3.122 Executing VM operation: Cleanup done
Event: 3.277 Executing VM operation: HandshakeAllThreads
Event: 3.277 Executing VM operation: HandshakeAllThreads done
Event: 3.312 Executing VM operation: ICBufferFull
Event: 3.313 Executing VM operation: ICBufferFull done
Event: 3.827 Executing VM operation: ICBufferFull
Event: 3.827 Executing VM operation: ICBufferFull done

Events (20 events):
Event: 3.330 loading class javafx/scene/control/skin/ListViewSkin
Event: 3.330 loading class javafx/scene/control/skin/ListViewSkin done
Event: 3.330 loading class javafx/scene/control/ListView
Event: 3.330 loading class javafx/scene/control/ListView done
Event: 3.330 loading class javafx/scene/control/skin/ListViewSkin
Event: 3.330 loading class javafx/scene/control/skin/ListViewSkin done
Event: 3.330 loading class javafx/beans/value/ObservableValue
Event: 3.330 loading class javafx/beans/value/ObservableValue done
Event: 3.330 loading class javafx/scene/control/ListView
Event: 3.330 loading class javafx/scene/control/ListView done
Event: 3.330 loading class javafx/scene/control/ListView
Event: 3.330 loading class javafx/scene/control/ListView done
Event: 3.330 loading class javafx/scene/control/skin/ListViewSkin
Event: 3.330 loading class javafx/scene/control/skin/ListViewSkin done
Event: 3.330 loading class javafx/beans/value/ObservableValue
Event: 3.330 loading class javafx/beans/value/ObservableValue done
Event: 3.330 loading class javafx/scene/control/skin/ListViewSkin
Event: 3.330 loading class javafx/scene/control/skin/ListViewSkin done
Event: 3.330 loading class javafx/scene/control/ListView
Event: 3.330 loading class javafx/scene/control/ListView done


Dynamic libraries:
0x0000000100d40000 	/Library/Java/JavaVirtualMachines/jdk-17.0.1.jdk/Contents/Home/lib/libjli.dylib
0x00000001b007a000 	/usr/lib/libz.1.dylib
0x00000001b012a000 	/usr/lib/libSystem.B.dylib
0x00000001b0124000 	/usr/lib/system/libcache.dylib
0x00000001b00e2000 	/usr/lib/system/libcommonCrypto.dylib
0x00000001b010b000 	/usr/lib/system/libcompiler_rt.dylib
0x00000001b0102000 	/usr/lib/system/libcopyfile.dylib
0x00000001a542e000 	/usr/lib/system/libcorecrypto.dylib
0x00000001a54d3000 	/usr/lib/system/libdispatch.dylib
0x00000001a569b000 	/usr/lib/system/libdyld.dylib
0x00000001b011a000 	/usr/lib/system/libkeymgr.dylib
0x00000001b00c4000 	/usr/lib/system/libmacho.dylib
0x00000001af7d0000 	/usr/lib/system/libquarantine.dylib
0x00000001b0117000 	/usr/lib/system/libremovefile.dylib
0x00000001aa81d000 	/usr/lib/system/libsystem_asl.dylib
0x00000001a53d8000 	/usr/lib/system/libsystem_blocks.dylib
0x00000001a5559000 	/usr/lib/system/libsystem_c.dylib
0x00000001b010f000 	/usr/lib/system/libsystem_collections.dylib
0x00000001aec2d000 	/usr/lib/system/libsystem_configuration.dylib
0x00000001adeb3000 	/usr/lib/system/libsystem_containermanager.dylib
0x00000001afe2e000 	/usr/lib/system/libsystem_coreservices.dylib
0x00000001a7dc0000 	/usr/lib/system/libsystem_darwin.dylib
0x00000001b011b000 	/usr/lib/system/libsystem_dnssd.dylib
0x00000001a5556000 	/usr/lib/system/libsystem_featureflags.dylib
0x00000001a56b0000 	/usr/lib/system/libsystem_info.dylib
0x00000001b008c000 	/usr/lib/system/libsystem_m.dylib
0x00000001a54a8000 	/usr/lib/system/libsystem_malloc.dylib
0x00000001aa7ae000 	/usr/lib/system/libsystem_networkextension.dylib
0x00000001a8213000 	/usr/lib/system/libsystem_notify.dylib
0x00000001b62f7000 	/usr/lib/system/libsystem_product_info_filter.dylib
0x00000001aec32000 	/usr/lib/system/libsystem_sandbox.dylib
0x00000001b0114000 	/usr/lib/system/libsystem_secinit.dylib
0x00000001a5658000 	/usr/lib/system/libsystem_kernel.dylib
0x00000001a56a8000 	/usr/lib/system/libsystem_platform.dylib
0x00000001a568e000 	/usr/lib/system/libsystem_pthread.dylib
0x00000001abf53000 	/usr/lib/system/libsystem_symptoms.dylib
0x00000001a5414000 	/usr/lib/system/libsystem_trace.dylib
0x00000001b00ef000 	/usr/lib/system/libunwind.dylib
0x00000001a53da000 	/usr/lib/system/libxpc.dylib
0x00000001a563e000 	/usr/lib/libc++abi.dylib
0x00000001a551a000 	/usr/lib/libobjc.A.dylib
0x00000001b00fa000 	/usr/lib/liboah.dylib
0x00000001a55da000 	/usr/lib/libc++.1.dylib
0x00000001bbcd4000 	/System/Library/Frameworks/Cocoa.framework/Versions/A/Cocoa
0x00000001a8272000 	/System/Library/Frameworks/AppKit.framework/Versions/C/AppKit
0x00000001ab794000 	/System/Library/Frameworks/CoreData.framework/Versions/A/CoreData
0x00000001a65d3000 	/System/Library/Frameworks/Foundation.framework/Versions/C/Foundation
0x00000001a9124000 	/System/Library/PrivateFrameworks/UIFoundation.framework/Versions/A/UIFoundation
0x00000001b5ff1000 	/System/Library/PrivateFrameworks/RemoteViewServices.framework/Versions/A/RemoteViewServices
0x00000001ae5ec000 	/System/Library/PrivateFrameworks/XCTTargetBootstrap.framework/Versions/A/XCTTargetBootstrap
0x00000001b1e2c000 	/System/Library/PrivateFrameworks/InternationalSupport.framework/Versions/A/InternationalSupport
0x00000001b1eb5000 	/System/Library/PrivateFrameworks/UserActivity.framework/Versions/A/UserActivity
0x00000001b1357000 	/usr/lib/libspindump.dylib
0x00000001a9394000 	/System/Library/Frameworks/UniformTypeIdentifiers.framework/Versions/A/UniformTypeIdentifiers
0x00000001acb7a000 	/usr/lib/libapp_launch_measurement.dylib
0x00000001ac0f7000 	/System/Library/PrivateFrameworks/CoreAnalytics.framework/Versions/A/CoreAnalytics
0x00000001acb7d000 	/System/Library/PrivateFrameworks/CoreAutoLayout.framework/Versions/A/CoreAutoLayout
0x00000001adef0000 	/System/Library/Frameworks/Metal.framework/Versions/A/Metal
0x00000001aec3d000 	/usr/lib/liblangid.dylib
0x00000001ae5f0000 	/System/Library/PrivateFrameworks/CoreSVG.framework/Versions/A/CoreSVG
0x00000001aa851000 	/System/Library/PrivateFrameworks/SkyLight.framework/Versions/A/SkyLight
0x00000001aac19000 	/System/Library/Frameworks/CoreGraphics.framework/Versions/A/CoreGraphics
0x00000001b666a000 	/System/Library/Frameworks/Accelerate.framework/Versions/A/Accelerate
0x00000001b0dcc000 	/System/Library/PrivateFrameworks/IconServices.framework/Versions/A/IconServices
0x00000001aded2000 	/System/Library/Frameworks/IOSurface.framework/Versions/A/IOSurface
0x00000001ac127000 	/usr/lib/libDiagnosticMessagesClient.dylib
0x00000001b9aa2000 	/System/Library/Frameworks/ApplicationServices.framework/Versions/A/ApplicationServices
0x00000001ae5d4000 	/System/Library/PrivateFrameworks/DFRFoundation.framework/Versions/A/DFRFoundation
0x00000001a7b15000 	/usr/lib/libicucore.A.dylib
0x00000001b2c29000 	/System/Library/Frameworks/AudioToolbox.framework/Versions/A/AudioToolbox
0x00000001b1e38000 	/System/Library/PrivateFrameworks/DataDetectorsCore.framework/Versions/A/DataDetectorsCore
0x00000001c7e54000 	/System/Library/PrivateFrameworks/TextInput.framework/Versions/A/TextInput
0x00000001aa7c8000 	/usr/lib/libMobileGestalt.dylib
0x00000001ae2a4000 	/System/Library/Frameworks/Carbon.framework/Versions/A/Frameworks/HIToolbox.framework/Versions/A/HIToolbox
0x00000001ac584000 	/System/Library/Frameworks/QuartzCore.framework/Versions/A/QuartzCore
0x00000001a7792000 	/System/Library/Frameworks/Security.framework/Versions/A/Security
0x00000001b6031000 	/System/Library/Frameworks/Carbon.framework/Versions/A/Frameworks/SpeechRecognition.framework/Versions/A/SpeechRecognition
0x00000001ac8d1000 	/System/Library/PrivateFrameworks/CoreUI.framework/Versions/A/CoreUI
0x00000001a7065000 	/System/Library/Frameworks/CoreAudio.framework/Versions/A/CoreAudio
0x00000001ac217000 	/System/Library/Frameworks/DiskArbitration.framework/Versions/A/DiskArbitration
0x00000001b173f000 	/System/Library/PrivateFrameworks/MultitouchSupport.framework/Versions/A/MultitouchSupport
0x00000001aa7c6000 	/usr/lib/libenergytrace.dylib
0x00000001a813e000 	/System/Library/Frameworks/IOKit.framework/Versions/A/IOKit
0x00000001b6418000 	/System/Library/Frameworks/CoreServices.framework/Versions/A/CoreServices
0x00000001acb0a000 	/System/Library/PrivateFrameworks/PerformanceAnalysis.framework/Versions/A/PerformanceAnalysis
0x0000000206679000 	/System/Library/Frameworks/OpenGL.framework/Versions/A/OpenGL
0x00000001af6f0000 	/System/Library/PrivateFrameworks/MobileKeyBag.framework/Versions/A/MobileKeyBag
0x00000001ab229000 	/System/Library/Frameworks/ColorSync.framework/Versions/A/ColorSync
0x00000001a56dc000 	/System/Library/Frameworks/CoreFoundation.framework/Versions/A/CoreFoundation
0x00000001ae871000 	/System/Library/Frameworks/CoreImage.framework/Versions/A/CoreImage
0x00000001a6e88000 	/System/Library/Frameworks/CoreText.framework/Versions/A/CoreText
0x00000001ae620000 	/System/Library/Frameworks/ImageIO.framework/Versions/A/ImageIO
0x00000001b0130000 	/System/Library/PrivateFrameworks/SoftLinking.framework/Versions/A/SoftLinking
0x00000001acbc7000 	/usr/lib/libxml2.2.dylib
0x00000001b03c8000 	/usr/lib/libcompression.dylib
0x00000001b1d85000 	/System/Library/PrivateFrameworks/TextureIO.framework/Versions/A/TextureIO
0x00000001b0ae6000 	/usr/lib/libate.dylib
0x00000001b09ae000 	/usr/lib/liblzma.5.dylib
0x00000001a62c4000 	/System/Library/Frameworks/SystemConfiguration.framework/Versions/A/SystemConfiguration
0x00000001b012c000 	/usr/lib/libfakelink.dylib
0x00000001aa2f6000 	/System/Library/Frameworks/CFNetwork.framework/Versions/A/CFNetwork
0x00000001b0273000 	/usr/lib/libarchive.2.dylib
0x00000001aec39000 	/System/Library/PrivateFrameworks/AppleSystemInfo.framework/Versions/A/AppleSystemInfo
0x00000001af7fa000 	/usr/lib/libbsm.0.dylib
0x00000001a9833000 	/usr/lib/libnetwork.dylib
0x00000001b00ca000 	/usr/lib/system/libkxld.dylib
0x00000001af412000 	/System/Library/PrivateFrameworks/IOMobileFramebuffer.framework/Versions/A/IOMobileFramebuffer
0x0000000221fa4000 	/usr/lib/libCoreEntitlements.dylib
0x00000001afe10000 	/System/Library/PrivateFrameworks/AppleFSCompression.framework/Versions/A/AppleFSCompression
0x00000001af7e3000 	/usr/lib/libcoretls.dylib
0x00000001b09c7000 	/usr/lib/libcoretls_cfhelpers.dylib
0x00000001b03c3000 	/usr/lib/libpam.2.dylib
0x00000001abb7b000 	/usr/lib/libsqlite3.dylib
0x00000001b0a2f000 	/usr/lib/libxar.1.dylib
0x00000001afe21000 	/usr/lib/libbz2.1.0.dylib
0x00000001b0131000 	/usr/lib/libpcap.A.dylib
0x00000001abf4a000 	/usr/lib/libdns_services.dylib
0x00000001b0396000 	/usr/lib/libapple_nghttp2.dylib
0x00000001b016e000 	/usr/lib/libiconv.2.dylib
0x00000001b00c3000 	/usr/lib/libcharset.1.dylib
0x00000001acb46000 	/System/Library/Frameworks/CoreServices.framework/Versions/A/Frameworks/FSEvents.framework/Versions/A/FSEvents
0x00000001a7dcb000 	/System/Library/Frameworks/CoreServices.framework/Versions/A/Frameworks/CarbonCore.framework/Versions/A/CarbonCore
0x00000001ac17a000 	/System/Library/Frameworks/CoreServices.framework/Versions/A/Frameworks/Metadata.framework/Versions/A/Metadata
0x00000001afe34000 	/System/Library/Frameworks/CoreServices.framework/Versions/A/Frameworks/OSServices.framework/Versions/A/OSServices
0x00000001b02f8000 	/System/Library/Frameworks/CoreServices.framework/Versions/A/Frameworks/SearchKit.framework/Versions/A/SearchKit
0x00000001abed8000 	/System/Library/Frameworks/CoreServices.framework/Versions/A/Frameworks/AE.framework/Versions/A/AE
0x00000001a5c20000 	/System/Library/Frameworks/CoreServices.framework/Versions/A/Frameworks/LaunchServices.framework/Versions/A/LaunchServices
0x00000001b0957000 	/System/Library/Frameworks/CoreServices.framework/Versions/A/Frameworks/DictionaryServices.framework/Versions/A/DictionaryServices
0x00000001acb53000 	/System/Library/Frameworks/CoreServices.framework/Versions/A/Frameworks/SharedFileList.framework/Versions/A/SharedFileList
0x00000001af7d3000 	/usr/lib/libCheckFix.dylib
0x00000001aa835000 	/System/Library/PrivateFrameworks/TCC.framework/Versions/A/TCC
0x00000001aec3f000 	/System/Library/PrivateFrameworks/CoreNLP.framework/Versions/A/CoreNLP
0x00000001ac12a000 	/System/Library/PrivateFrameworks/MetadataUtilities.framework/Versions/A/MetadataUtilities
0x00000001a637d000 	/usr/lib/libmecabra.dylib
0x00000001af80b000 	/usr/lib/libmecab.dylib
0x00000001a6349000 	/usr/lib/libCRFSuite.dylib
0x00000001af869000 	/usr/lib/libgermantok.dylib
0x00000001b036f000 	/usr/lib/libThaiTokenizer.dylib
0x00000001ac21f000 	/System/Library/Frameworks/Accelerate.framework/Versions/A/Frameworks/vImage.framework/Versions/A/vImage
0x00000001b63ef000 	/System/Library/Frameworks/Accelerate.framework/Versions/A/Frameworks/vecLib.framework/Versions/A/vecLib
0x00000001b0a73000 	/System/Library/Frameworks/Accelerate.framework/Versions/A/Frameworks/vecLib.framework/Versions/A/libvMisc.dylib
0x00000001af31c000 	/System/Library/Frameworks/Accelerate.framework/Versions/A/Frameworks/vecLib.framework/Versions/A/libvDSP.dylib
0x00000001a5fa3000 	/System/Library/Frameworks/Accelerate.framework/Versions/A/Frameworks/vecLib.framework/Versions/A/libBLAS.dylib
0x00000001b0497000 	/System/Library/Frameworks/Accelerate.framework/Versions/A/Frameworks/vecLib.framework/Versions/A/libLAPACK.dylib
0x00000001af86c000 	/System/Library/Frameworks/Accelerate.framework/Versions/A/Frameworks/vecLib.framework/Versions/A/libLinearAlgebra.dylib
0x00000001b03ae000 	/System/Library/Frameworks/Accelerate.framework/Versions/A/Frameworks/vecLib.framework/Versions/A/libSparseBLAS.dylib
0x00000001b0492000 	/System/Library/Frameworks/Accelerate.framework/Versions/A/Frameworks/vecLib.framework/Versions/A/libQuadrature.dylib
0x00000001aed36000 	/System/Library/Frameworks/Accelerate.framework/Versions/A/Frameworks/vecLib.framework/Versions/A/libBNNS.dylib
0x00000001a6261000 	/System/Library/Frameworks/Accelerate.framework/Versions/A/Frameworks/vecLib.framework/Versions/A/libSparse.dylib
0x00000001aed2e000 	/System/Library/PrivateFrameworks/LinguisticData.framework/Versions/A/LinguisticData
0x00000001a6217000 	/System/Library/PrivateFrameworks/Lexicon.framework/Versions/A/Lexicon
0x00000001b0a6b000 	/usr/lib/libChineseTokenizer.dylib
0x00000001a69c1000 	/System/Library/PrivateFrameworks/LanguageModeling.framework/Versions/A/LanguageModeling
0x00000001b0371000 	/System/Library/PrivateFrameworks/AppleSauce.framework/Versions/A/AppleSauce
0x00000001af3ff000 	/System/Library/PrivateFrameworks/CoreEmoji.framework/Versions/A/CoreEmoji
0x00000001b0261000 	/usr/lib/libcmph.dylib
0x00000001acb26000 	/System/Library/Frameworks/OpenDirectory.framework/Versions/A/Frameworks/CFOpenDirectory.framework/Versions/A/CFOpenDirectory
0x00000001acb16000 	/System/Library/Frameworks/OpenDirectory.framework/Versions/A/OpenDirectory
0x00000001b09c9000 	/System/Library/PrivateFrameworks/APFS.framework/Versions/A/APFS
0x00000001af72b000 	/System/Library/Frameworks/SecurityFoundation.framework/Versions/A/SecurityFoundation
0x00000001b0a3d000 	/usr/lib/libutil.dylib
0x00000001a8100000 	/System/Library/PrivateFrameworks/CoreServicesStore.framework/Versions/A/CoreServicesStore
0x00000001b0a41000 	/usr/lib/libxslt.1.dylib
0x00000001af7bf000 	/System/Library/PrivateFrameworks/BackgroundTaskManagement.framework/Versions/A/BackgroundTaskManagement
0x00000001b1ca6000 	/System/Library/Frameworks/ImageIO.framework/Versions/A/Resources/libRadiance.dylib
0x00000001b1caf000 	/System/Library/Frameworks/ImageIO.framework/Versions/A/Resources/libJPEG.dylib
0x00000001b1c01000 	/System/Library/Frameworks/ImageIO.framework/Versions/A/Resources/libPng.dylib
0x00000001b1c23000 	/System/Library/Frameworks/ImageIO.framework/Versions/A/Resources/libTIFF.dylib
0x00000001b1d0a000 	/System/Library/Frameworks/ImageIO.framework/Versions/A/Resources/libGIF.dylib
0x00000001b164f000 	/System/Library/Frameworks/ImageIO.framework/Versions/A/Resources/libJP2.dylib
0x00000001b0d92000 	/usr/lib/libexpat.1.dylib
0x00000001b160a000 	/System/Library/PrivateFrameworks/AppleJPEG.framework/Versions/A/AppleJPEG
0x00000001ae163000 	/System/Library/PrivateFrameworks/FontServices.framework/libFontParser.dylib
0x00000001abe7d000 	/System/Library/PrivateFrameworks/RunningBoardServices.framework/Versions/A/RunningBoardServices
0x00000001bc33f000 	/System/Library/PrivateFrameworks/IOSurfaceAccelerator.framework/Versions/A/IOSurfaceAccelerator
0x00000001b173b000 	/System/Library/PrivateFrameworks/WatchdogClient.framework/Versions/A/WatchdogClient
0x00000001a6ac5000 	/System/Library/Frameworks/CoreDisplay.framework/Versions/A/CoreDisplay
0x00000001ae052000 	/System/Library/Frameworks/CoreMedia.framework/Versions/A/CoreMedia
0x00000001adee6000 	/System/Library/PrivateFrameworks/IOAccelerator.framework/Versions/A/IOAccelerator
0x00000001accb4000 	/System/Library/Frameworks/CoreVideo.framework/Versions/A/CoreVideo
0x00000001b03c1000 	/System/Library/Frameworks/MetalPerformanceShaders.framework/Versions/A/MetalPerformanceShaders
0x00000001b1778000 	/System/Library/Frameworks/VideoToolbox.framework/Versions/A/VideoToolbox
0x00000001abdc1000 	/System/Library/PrivateFrameworks/BaseBoard.framework/Versions/A/BaseBoard
0x00000001abb60000 	/System/Library/PrivateFrameworks/ProtocolBuffer.framework/Versions/A/ProtocolBuffer
0x00000001b1ca1000 	/System/Library/PrivateFrameworks/GPUWrangler.framework/Versions/A/GPUWrangler
0x00000001b1c80000 	/System/Library/PrivateFrameworks/IOPresentment.framework/Versions/A/IOPresentment
0x00000001b1ca9000 	/System/Library/PrivateFrameworks/DSExternalDisplay.framework/Versions/A/DSExternalDisplay
0x000000020666c000 	/System/Library/Frameworks/OpenGL.framework/Versions/A/Libraries/libCoreFSCache.dylib
0x000000020fd86000 	/System/Library/PrivateFrameworks/GPUCompiler.framework/Versions/31001/Libraries/libGPUCompilerUtils.dylib
0x00000001b1d0f000 	/System/Library/PrivateFrameworks/CMCaptureCore.framework/Versions/A/CMCaptureCore
0x00000001b1345000 	/System/Library/PrivateFrameworks/AppServerSupport.framework/Versions/A/AppServerSupport
0x00000001b34e4000 	/System/Library/PrivateFrameworks/perfdata.framework/Versions/A/perfdata
0x00000001a6be5000 	/System/Library/PrivateFrameworks/AudioToolboxCore.framework/Versions/A/AudioToolboxCore
0x00000001ae02a000 	/System/Library/PrivateFrameworks/caulk.framework/Versions/A/caulk
0x00000001b2dd9000 	/usr/lib/libAudioStatistics.dylib
0x00000001c45f2000 	/System/Library/PrivateFrameworks/SystemPolicy.framework/Versions/A/SystemPolicy
0x00000001b3039000 	/usr/lib/libSMC.dylib
0x00000001bbbb6000 	/System/Library/Frameworks/CoreMIDI.framework/Versions/A/CoreMIDI
0x00000001b1bcf000 	/usr/lib/libAudioToolboxUtility.dylib
0x00000001c0a98000 	/System/Library/PrivateFrameworks/OSAServicesClient.framework/Versions/A/OSAServicesClient
0x00000001b34f1000 	/usr/lib/libperfcheck.dylib
0x00000001c50f5000 	/usr/lib/libmis.dylib
0x00000002066cd000 	/System/Library/Frameworks/OpenGL.framework/Versions/A/Libraries/libGLU.dylib
0x000000020668c000 	/System/Library/Frameworks/OpenGL.framework/Versions/A/Libraries/libGFXShared.dylib
0x0000000206876000 	/System/Library/Frameworks/OpenGL.framework/Versions/A/Libraries/libGL.dylib
0x0000000206695000 	/System/Library/Frameworks/OpenGL.framework/Versions/A/Libraries/libGLImage.dylib
0x0000000206689000 	/System/Library/Frameworks/OpenGL.framework/Versions/A/Libraries/libCVMSPluginSupport.dylib
0x0000000206673000 	/System/Library/Frameworks/OpenGL.framework/Versions/A/Libraries/libCoreVMClient.dylib
0x00000001aebbb000 	/System/Library/Frameworks/MetalPerformanceShaders.framework/Versions/A/Frameworks/MPSCore.framework/Versions/A/MPSCore
0x00000001afd83000 	/System/Library/Frameworks/MetalPerformanceShaders.framework/Versions/A/Frameworks/MPSImage.framework/Versions/A/MPSImage
0x00000001af881000 	/System/Library/Frameworks/MetalPerformanceShaders.framework/Versions/A/Frameworks/MPSNeuralNetwork.framework/Versions/A/MPSNeuralNetwork
0x00000001afcbe000 	/System/Library/Frameworks/MetalPerformanceShaders.framework/Versions/A/Frameworks/MPSMatrix.framework/Versions/A/MPSMatrix
0x00000001afa99000 	/System/Library/Frameworks/MetalPerformanceShaders.framework/Versions/A/Frameworks/MPSRayIntersector.framework/Versions/A/MPSRayIntersector
0x00000001afcef000 	/System/Library/Frameworks/MetalPerformanceShaders.framework/Versions/A/Frameworks/MPSNDArray.framework/Versions/A/MPSNDArray
0x0000000208388000 	/System/Library/Frameworks/MetalPerformanceShaders.framework/Versions/A/Frameworks/MPSFunctions.framework/Versions/A/MPSFunctions
0x00000001a5e81000 	/System/Library/PrivateFrameworks/MetalTools.framework/Versions/A/MetalTools
0x00000001aec37000 	/System/Library/PrivateFrameworks/AggregateDictionary.framework/Versions/A/AggregateDictionary
0x00000001b0b78000 	/usr/lib/libIOReport.dylib
0x00000001baba4000 	/System/Library/PrivateFrameworks/ASEProcessing.framework/Versions/A/ASEProcessing
0x00000001b0eea000 	/System/Library/PrivateFrameworks/FaceCore.framework/Versions/A/FaceCore
0x00000001b0edc000 	/System/Library/PrivateFrameworks/GraphVisualizer.framework/Versions/A/GraphVisualizer
0x000000020fc9d000 	/System/Library/PrivateFrameworks/FontServices.framework/Versions/A/FontServices
0x00000001b12ff000 	/System/Library/PrivateFrameworks/OTSVG.framework/Versions/A/OTSVG
0x00000001ac882000 	/System/Library/Frameworks/ApplicationServices.framework/Versions/A/Frameworks/ATS.framework/Versions/A/Resources/libFontRegistry.dylib
0x00000001b134e000 	/System/Library/PrivateFrameworks/FontServices.framework/libhvf.dylib
0x000000020fc9e000 	/System/Library/PrivateFrameworks/FontServices.framework/libXTFontStaticRegistryData.dylib
0x0000000206a18000 	/System/Library/Frameworks/OpenCL.framework/Versions/A/OpenCL
0x00000001b0d46000 	/System/Library/PrivateFrameworks/AppleVA.framework/Versions/A/AppleVA
0x00000001b2e01000 	/System/Library/Frameworks/ApplicationServices.framework/Versions/A/Frameworks/ATS.framework/Versions/A/ATS
0x00000001ab326000 	/System/Library/Frameworks/ApplicationServices.framework/Versions/A/Frameworks/HIServices.framework/Versions/A/HIServices
0x00000001b1d19000 	/System/Library/Frameworks/ApplicationServices.framework/Versions/A/Frameworks/PrintCore.framework/Versions/A/PrintCore
0x00000001b318c000 	/System/Library/Frameworks/ApplicationServices.framework/Versions/A/Frameworks/QD.framework/Versions/A/QD
0x00000001b3184000 	/System/Library/Frameworks/ApplicationServices.framework/Versions/A/Frameworks/ColorSyncLegacy.framework/Versions/A/ColorSyncLegacy
0x00000001b2ded000 	/System/Library/Frameworks/ApplicationServices.framework/Versions/A/Frameworks/SpeechSynthesis.framework/Versions/A/SpeechSynthesis
0x00000001b1cda000 	/System/Library/Frameworks/ApplicationServices.framework/Versions/A/Frameworks/ATSUI.framework/Versions/A/ATSUI
0x00000001b3119000 	/usr/lib/libcups.2.dylib
0x00000001b34ff000 	/System/Library/Frameworks/Kerberos.framework/Versions/A/Kerberos
0x00000001b3510000 	/System/Library/Frameworks/GSS.framework/Versions/A/GSS
0x00000001b2e70000 	/usr/lib/libresolv.9.dylib
0x00000001b135c000 	/System/Library/PrivateFrameworks/Heimdal.framework/Versions/A/Heimdal
0x00000001b9e18000 	/System/Library/Frameworks/Kerberos.framework/Versions/A/Libraries/libHeimdalProxy.dylib
0x00000001abf5c000 	/System/Library/Frameworks/Network.framework/Versions/A/Network
0x00000001b0dad000 	/usr/lib/libheimdal-asn1.dylib
0x00000001b3556000 	/System/Library/PrivateFrameworks/CommonAuth.framework/Versions/A/CommonAuth
0x00000001b2d67000 	/System/Library/PrivateFrameworks/AudioSession.framework/Versions/A/AudioSession
0x00000001b0e3e000 	/System/Library/PrivateFrameworks/MediaExperience.framework/Versions/A/MediaExperience
0x00000001b2bef000 	/System/Library/PrivateFrameworks/AudioSession.framework/libSessionUtility.dylib
0x00000001b3198000 	/System/Library/PrivateFrameworks/AudioResourceArbitration.framework/Versions/A/AudioResourceArbitration
0x00000001b0db6000 	/System/Library/PrivateFrameworks/IconFoundation.framework/Versions/A/IconFoundation
0x00000001b601d000 	/System/Library/PrivateFrameworks/SpeechRecognitionCore.framework/Versions/A/SpeechRecognitionCore
0x00000001e9796000 	/System/Library/CoreServices/Encodings/libTraditionalChineseConverter.dylib
0x0000000101e74000 	/Library/Java/JavaVirtualMachines/jdk-17.0.1.jdk/Contents/Home/lib/server/libjvm.dylib
0x0000000100da4000 	/Library/Java/JavaVirtualMachines/jdk-17.0.1.jdk/Contents/Home/lib/libjimage.dylib
0x0000000100e00000 	/Library/Java/JavaVirtualMachines/jdk-17.0.1.jdk/Contents/Home/lib/libjdwp.dylib
0x0000000100e48000 	/Library/Java/JavaVirtualMachines/jdk-17.0.1.jdk/Contents/Home/lib/libjava.dylib
0x0000000100dd0000 	/Library/Java/JavaVirtualMachines/jdk-17.0.1.jdk/Contents/Home/lib/libinstrument.dylib
0x0000000101dc8000 	/Library/Java/JavaVirtualMachines/jdk-17.0.1.jdk/Contents/Home/lib/libnio.dylib
0x0000000101e0c000 	/Library/Java/JavaVirtualMachines/jdk-17.0.1.jdk/Contents/Home/lib/libnet.dylib
0x0000000101de8000 	/Library/Java/JavaVirtualMachines/jdk-17.0.1.jdk/Contents/Home/lib/libzip.dylib
0x0000000100ebc000 	/Library/Java/JavaVirtualMachines/jdk-17.0.1.jdk/Contents/Home/lib/libdt_socket.dylib
0x0000000101e4c000 	/Library/Java/JavaVirtualMachines/jdk-17.0.1.jdk/Contents/Home/lib/libverify.dylib
0x000000011f4d8000 	/Users/sean/.openjfx/cache/17.0.0.1/libprism_es2.dylib
0x00000001a80c3000 	/System/Library/PrivateFrameworks/CoreServicesInternal.framework/Versions/A/CoreServicesInternal
0x0000000206880000 	/System/Library/Frameworks/OpenGL.framework/Versions/A/Resources/GLEngine.bundle/GLEngine
0x0000000206707000 	/System/Library/Frameworks/OpenGL.framework/Versions/A/Libraries/libGLProgrammability.dylib
0x0000000121c48000 	/System/Library/Extensions/AppleMetalOpenGLRenderer.bundle/Contents/MacOS/AppleMetalOpenGLRenderer
0x00000002069ef000 	/System/Library/Frameworks/OpenGL.framework/Versions/A/Resources/GLRendererFloat.bundle/GLRendererFloat
0x0000000206a90000 	/System/Library/Extensions/AGXMetal13_3.bundle/Contents/MacOS/AGXMetal13_3
0x00000001c5111000 	/System/Library/PrivateFrameworks/GPURawCounter.framework/Versions/A/GPURawCounter
0x00000001bfbe6000 	/System/Library/PrivateFrameworks/IOGPU.framework/Versions/A/IOGPU
0x0000000121ce0000 	/Users/sean/.openjfx/cache/17.0.0.1/libglass.dylib
0x00000001b74bd000 	/System/Library/Frameworks/FileProvider.framework/Versions/A/FileProvider
0x00000001abd29000 	/System/Library/Frameworks/Accounts.framework/Versions/A/Accounts
0x00000001b763d000 	/System/Library/PrivateFrameworks/GenerationalStorage.framework/Versions/A/GenerationalStorage
0x00000001b81ed000 	/System/Library/PrivateFrameworks/CoreSymbolication.framework/Versions/A/CoreSymbolication
0x00000001b725d000 	/System/Library/PrivateFrameworks/SymptomDiagnosticReporter.framework/Versions/A/SymptomDiagnosticReporter
0x00000001a93a8000 	/System/Library/PrivateFrameworks/DesktopServicesPriv.framework/Versions/A/DesktopServicesPriv
0x00000001a8222000 	/usr/lib/libsandbox.1.dylib
0x00000001acd40000 	/System/Library/PrivateFrameworks/UserManagement.framework/Versions/A/UserManagement
0x00000001b81ae000 	/System/Library/PrivateFrameworks/DebugSymbols.framework/Versions/A/DebugSymbols
0x00000001b3177000 	/System/Library/PrivateFrameworks/NetAuth.framework/Versions/A/NetAuth
0x00000001b4075000 	/System/Library/PrivateFrameworks/Sharing.framework/Versions/A/Sharing
0x00000001acd10000 	/System/Library/PrivateFrameworks/login.framework/Versions/A/Frameworks/loginsupport.framework/Versions/A/loginsupport
0x00000001b935e000 	/System/Library/PrivateFrameworks/Apple80211.framework/Versions/A/Apple80211
0x00000001afe67000 	/System/Library/PrivateFrameworks/AuthKit.framework/Versions/A/AuthKit
0x00000001af4fe000 	/System/Library/PrivateFrameworks/CoreUtils.framework/Versions/A/CoreUtils
0x00000001af41e000 	/System/Library/Frameworks/CoreWLAN.framework/Versions/A/CoreWLAN
0x00000001b41de000 	/System/Library/Frameworks/IOBluetooth.framework/Versions/A/IOBluetooth
0x00000001b93be000 	/System/Library/PrivateFrameworks/CoreWiFi.framework/Versions/A/CoreWiFi
0x00000001b7d95000 	/System/Library/PrivateFrameworks/FrontBoardServices.framework/Versions/A/FrontBoardServices
0x00000001b7e2d000 	/System/Library/PrivateFrameworks/BoardServices.framework/Versions/A/BoardServices
0x00000001af719000 	/System/Library/PrivateFrameworks/AssertionServices.framework/Versions/A/AssertionServices
0x00000001b952c000 	/System/Library/PrivateFrameworks/BackBoardServices.framework/Versions/A/BackBoardServices
0x00000001b35e9000 	/System/Library/PrivateFrameworks/CorePhoneNumbers.framework/Versions/A/CorePhoneNumbers
0x00000001b738d000 	/System/Library/PrivateFrameworks/DiskManagement.framework/Versions/A/DiskManagement
0x00000001b7290000 	/System/Library/PrivateFrameworks/AppleIDAuthSupport.framework/Versions/A/AppleIDAuthSupport
0x000000020a621000 	/System/Library/PrivateFrameworks/AAAFoundation.framework/Versions/A/AAAFoundation
0x00000001b35c8000 	/System/Library/PrivateFrameworks/KeychainCircle.framework/Versions/A/KeychainCircle
0x00000001b7359000 	/System/Library/PrivateFrameworks/MediaKit.framework/Versions/A/MediaKit
0x00000001b729d000 	/System/Library/Frameworks/DiscRecording.framework/Versions/A/DiscRecording
0x00000001b0cc2000 	/usr/lib/libCoreStorage.dylib
0x00000001b9826000 	/usr/lib/libcsfde.dylib
0x00000001b42b3000 	/System/Library/PrivateFrameworks/ProtectedCloudStorage.framework/Versions/A/ProtectedCloudStorage
0x00000001b981e000 	/System/Library/PrivateFrameworks/EFILogin.framework/Versions/A/EFILogin
0x00000001b7664000 	/System/Library/PrivateFrameworks/OctagonTrust.framework/Versions/A/OctagonTrust
0x000000020ef08000 	/System/Library/PrivateFrameworks/CoreUtilsExtras.framework/Versions/A/CoreUtilsExtras
0x00000001b71cf000 	/System/Library/Frameworks/CoreBluetooth.framework/Versions/A/CoreBluetooth
0x00000001b9e9d000 	/System/Library/Frameworks/AudioUnit.framework/Versions/A/AudioUnit
0x00000001b0cba000 	/usr/lib/libMatch.1.dylib
0x00000001c9378000 	/System/Library/Frameworks/Accelerate.framework/Versions/A/Frameworks/vImage.framework/Versions/A/Libraries/libCGInterfaces.dylib
0x0000000121fe8000 	/usr/lib/libobjc-trampolines.dylib
0x00000001aca0e000 	/System/Library/PrivateFrameworks/ViewBridge.framework/Versions/A/ViewBridge
0x00000001b140a000 	/System/Library/PrivateFrameworks/login.framework/Versions/A/login
0x00000001b0b81000 	/System/Library/PrivateFrameworks/CrashReporterSupport.framework/Versions/A/CrashReporterSupport
0x00000001d0c87000 	/System/Library/PrivateFrameworks/OSAnalytics.framework/Versions/A/OSAnalytics
0x00000001dbdd6000 	/System/Library/PrivateFrameworks/Symbolication.framework/Versions/A/Symbolication
0x00000001c50d2000 	/System/Library/PrivateFrameworks/MallocStackLogging.framework/Versions/A/MallocStackLogging
0x0000000127800000 	/Users/sean/.openjfx/cache/17.0.0.1/libjavafx_font.dylib
0x000000022211e000 	/usr/lib/libRosetta.dylib


VM Arguments:
jvm_args: -agentlib:jdwp=transport=dt_socket,address=127.0.0.1:50009,suspend=y,server=n -javaagent:/Users/sean/Library/Caches/JetBrains/IdeaIC2021.2/captureAgent/debugger-agent.jar -Dfile.encoding=UTF-8 --module-path=/Users/sean/Documents/GitHub/Meal-Ordering-System/FoodOrderingSystem/target/classes:/Users/sean/.m2/repository/org/openjfx/javafx-fxml/17.0.0.1/javafx-fxml-17.0.0.1-mac-aarch64.jar:/Users/sean/.m2/repository/org/openjfx/javafx-base/17.0.0.1/javafx-base-17.0.0.1-mac-aarch64.jar:/Users/sean/.m2/repository/org/openjfx/javafx-controls/17.0.0.1/javafx-controls-17.0.0.1-mac-aarch64.jar:/Users/sean/.m2/repository/org/openjfx/javafx-graphics/17.0.0.1/javafx-graphics-17.0.0.1-mac-aarch64.jar -Djdk.module.main=com.example.foodorderingsystem 
java_command: com.example.foodorderingsystem/com.example.foodorderingsystem.HelloApplication
java_class_path (initial): /Users/sean/.m2/repository/org/openjfx/javafx-controls/17.0.0.1/javafx-controls-17.0.0.1.jar:/Users/sean/.m2/repository/org/openjfx/javafx-graphics/17.0.0.1/javafx-graphics-17.0.0.1.jar:/Users/sean/.m2/repository/org/openjfx/javafx-base/17.0.0.1/javafx-base-17.0.0.1.jar:/Users/sean/.m2/repository/org/openjfx/javafx-fxml/17.0.0.1/javafx-fxml-17.0.0.1.jar:/Applications/IntelliJ IDEA CE.app/Contents/lib/idea_rt.jar
Launcher Type: SUN_STANDARD

[Global flags]
     intx CICompilerCount                          = 4                                         {product} {ergonomic}
     uint ConcGCThreads                            = 2                                         {product} {ergonomic}
     uint G1ConcRefinementThreads                  = 8                                         {product} {ergonomic}
   size_t G1HeapRegionSize                         = 1048576                                   {product} {ergonomic}
    uintx GCDrainStackTargetSize                   = 64                                        {product} {ergonomic}
   size_t InitialHeapSize                          = 134217728                                 {product} {ergonomic}
   size_t MarkStackSize                            = 4194304                                   {product} {ergonomic}
   size_t MaxHeapSize                              = 2147483648                                {product} {ergonomic}
   size_t MaxNewSize                               = 1287651328                                {product} {ergonomic}
   size_t MinHeapDeltaBytes                        = 1048576                                   {product} {ergonomic}
   size_t MinHeapSize                              = 8388608                                   {product} {ergonomic}
    uintx NonNMethodCodeHeapSize                   = 5839564                                {pd product} {ergonomic}
    uintx NonProfiledCodeHeapSize                  = 122909338                              {pd product} {ergonomic}
    uintx ProfiledCodeHeapSize                     = 122909338                              {pd product} {ergonomic}
    uintx ReservedCodeCacheSize                    = 251658240                              {pd product} {ergonomic}
     bool SegmentedCodeCache                       = true                                      {product} {ergonomic}
   size_t SoftMaxHeapSize                          = 2147483648                             {manageable} {ergonomic}
     bool UseCompressedClassPointers               = true                           {product lp64_product} {ergonomic}
     bool UseCompressedOops                        = true                           {product lp64_product} {ergonomic}
     bool UseG1GC                                  = true                                      {product} {ergonomic}
     bool UseNUMA                                  = false                                     {product} {ergonomic}
     bool UseNUMAInterleaving                      = false                                     {product} {ergonomic}

Logging:
Log output configuration:
 #0: stdout all=warning uptime,level,tags
 #1: stderr all=off uptime,level,tags

Environment Variables:
PATH=/usr/local/bin:/usr/bin:/bin:/usr/sbin:/sbin
SHELL=/bin/zsh
LC_CTYPE=zh_TW.UTF-8

Signal Handlers:
   SIGSEGV: _ZL13crash_handleriP9__siginfoPv in libjvm.dylib, mask=11100110000111110111111111111111, flags=SA_RESTART|SA_SIGINFO
    SIGBUS: _ZL13crash_handleriP9__siginfoPv in libjvm.dylib, mask=11100110000111110111111111111111, flags=SA_RESTART|SA_SIGINFO
    SIGFPE: _ZL13crash_handleriP9__siginfoPv in libjvm.dylib, mask=11100110000111110111111111111111, flags=SA_RESTART|SA_SIGINFO
   SIGPIPE: _ZL17javaSignalHandleriP9__siginfoPv in libjvm.dylib, mask=11100110000111110111111111111111, flags=SA_RESTART|SA_SIGINFO
   SIGXFSZ: _ZL17javaSignalHandleriP9__siginfoPv in libjvm.dylib, mask=11100110000111110111111111111111, flags=SA_RESTART|SA_SIGINFO
    SIGILL: _ZL13crash_handleriP9__siginfoPv in libjvm.dylib, mask=11100110000111110111111111111111, flags=SA_RESTART|SA_SIGINFO
   SIGUSR2: _ZL10SR_handleriP9__siginfoP17__darwin_ucontext in libjvm.dylib, mask=00100000000000000000000000000000, flags=SA_RESTART|SA_SIGINFO
    SIGHUP: _ZL11UserHandleriPvS_ in libjvm.dylib, mask=11100110000111110111111111111111, flags=SA_RESTART|SA_SIGINFO
    SIGINT: _ZL11UserHandleriPvS_ in libjvm.dylib, mask=11100110000111110111111111111111, flags=SA_RESTART|SA_SIGINFO
   SIGTERM: _ZL11UserHandleriPvS_ in libjvm.dylib, mask=11100110000111110111111111111111, flags=SA_RESTART|SA_SIGINFO
   SIGQUIT: _ZL11UserHandleriPvS_ in libjvm.dylib, mask=11100110000111110111111111111111, flags=SA_RESTART|SA_SIGINFO
   SIGTRAP: _ZL13crash_handleriP9__siginfoPv in libjvm.dylib, mask=11100110000111110111111111111111, flags=SA_RESTART|SA_SIGINFO


---------------  S Y S T E M  ---------------

OS:
uname: Darwin 21.1.0 Darwin Kernel Version 21.1.0: Wed Oct 13 17:33:24 PDT 2021; root:xnu-8019.41.5~1/RELEASE_ARM64_T8101 arm64
OS uptime: 3 days 7:23 hours
rlimit (soft/hard): STACK 8176k/65520k , CORE 0k/infinity , NPROC 1333/2000 , NOFILE 10240/infinity , AS infinity/infinity , CPU infinity/infinity , DATA infinity/infinity , FSIZE infinity/infinity , MEMLOCK infinity/infinity , RSS infinity/infinity
load average: 3.12 2.27 1.94

CPU: total 8 (initial active 8) 0x61:0x0:0x1b588bb3:0, fp, simd, crc, lse

Memory: 16k page, physical 8388608k(77856k free), swap 9437184k(1021440k free)

vm_info: Java HotSpot(TM) 64-Bit Server VM (17.0.1+12-LTS-39) for bsd-aarch64 JRE (17.0.1+12-LTS-39), built on Sep 27 2021 17:38:30 by "mach5one" with clang Apple LLVM 12.0.0 (clang-1200.0.32.29)

END.
