#
# A fatal error has been detected by the Java Runtime Environment:
#
#  SIGBUS (0xa) at pc=0x000000010c5fd4f0, pid=11759, tid=28939
#
# JRE version: Java(TM) SE Runtime Environment (17.0.1+12) (build 17.0.1+12-LTS-39)
# Java VM: Java HotSpot(TM) 64-Bit Server VM (17.0.1+12-LTS-39, mixed mode, sharing, tiered, compressed oops, compressed class ptrs, g1 gc, bsd-aarch64)
# Problematic frame:
# v  ~StubRoutines::SafeFetchN
#
# No core dump will be written. Core dumps have been disabled. To enable core dumping, try "ulimit -c unlimited" before starting Java again
#
# If you would like to submit a bug report, please visit:
#   https://bugreport.java.com/bugreport/crash.jsp
# The crash happened outside the Java Virtual Machine in native code.
# See problematic frame for where to report the bug.
#

---------------  S U M M A R Y ------------

Command Line: -javaagent:/Applications/IntelliJ IDEA CE.app/Contents/lib/idea_rt.jar=57682:/Applications/IntelliJ IDEA CE.app/Contents/bin -Dfile.encoding=UTF-8 --module-path=/Users/sean/.m2/repository/org/openjfx/javafx-graphics/17.0.0.1/javafx-graphics-17.0.0.1-mac-aarch64.jar:/Users/sean/Documents/GitHub/Meal-Ordering-System/FoodOrderingSystem/target/classes:/Users/sean/.m2/repository/org/openjfx/javafx-base/17.0.0.1/javafx-base-17.0.0.1-mac-aarch64.jar:/Users/sean/.m2/repository/org/openjfx/javafx-controls/17.0.0.1/javafx-controls-17.0.0.1-mac-aarch64.jar:/Users/sean/.m2/repository/org/openjfx/javafx-fxml/17.0.0.1/javafx-fxml-17.0.0.1-mac-aarch64.jar -Djdk.module.main=com.example.foodorderingsystem com.example.foodorderingsystem/com.example.foodorderingsystem.HelloApplication

Host: "MacBookPro17,1" arm64 1 MHz, 8 cores, 8G, Darwin 21.1.0, macOS 12.0.1 (21A559)
Time: Sun Feb 13 22:44:10 2022 CST elapsed time: 6.222023 seconds (0d 0h 0m 6s)

---------------  T H R E A D  ---------------

Current thread (0x000000014f1c8a00):  JavaThread "InvokeLaterDispatcher" daemon [_thread_in_native, id=28939, stack(0x000000016fc04000,0x000000016fe07000)]

Stack: [0x000000016fc04000,0x000000016fe07000],  sp=0x000000016fe067b0,  free space=2057k
Native frames: (J=compiled Java code, j=interpreted, Vv=VM code, C=native code)
v  ~StubRoutines::SafeFetchN
V  [libjvm.dylib+0x79e208]  _ZN10OopStorage7releaseEPKP7oopDesc+0x20
V  [libjvm.dylib+0x4b8f30]  jni_DeleteGlobalRef+0xc4
C  [libglass.dylib+0xab08]  -[GlassRunnable dealloc]+0x34
C  [Foundation+0x85e0c]  -[_NSThreadPerformInfo dealloc]+0x30
C  [Foundation+0x525e8]  -[NSObject(NSThreadPerformAdditions) performSelectorOnMainThread:withObject:waitUntilDone:]+0x88
C  0x9f7280010c6058ac
j  com.sun.glass.ui.mac.MacApplication.submitForLaterInvocation(Ljava/lang/Runnable;)V+2 javafx.graphics
j  com.sun.glass.ui.InvokeLaterDispatcher.run()V+82 javafx.graphics
v  ~StubRoutines::call_stub
V  [libjvm.dylib+0x460588]  _ZN9JavaCalls11call_helperEP9JavaValueRK12methodHandleP17JavaCallArgumentsP10JavaThread+0x38c
V  [libjvm.dylib+0x45f5a4]  _ZN9JavaCalls12call_virtualEP9JavaValueP5KlassP6SymbolS5_P17JavaCallArgumentsP10JavaThread+0x11c
V  [libjvm.dylib+0x45f670]  _ZN9JavaCalls12call_virtualEP9JavaValue6HandleP5KlassP6SymbolS6_P10JavaThread+0x64
V  [libjvm.dylib+0x512ef0]  _ZL12thread_entryP10JavaThreadS0_+0xc4
V  [libjvm.dylib+0x8fc514]  _ZN10JavaThread17thread_main_innerEv+0x134
V  [libjvm.dylib+0x8fae3c]  _ZN6Thread8call_runEv+0x128
V  [libjvm.dylib+0x7a4df0]  _ZL19thread_native_entryP6Thread+0x158
C  [libsystem_pthread.dylib+0x74ec]  _pthread_start+0x94

Java frames: (J=compiled Java code, j=interpreted, Vv=VM code)
j  com.sun.glass.ui.mac.MacApplication._submitForLaterInvocation(Ljava/lang/Runnable;)V+0 javafx.graphics
j  com.sun.glass.ui.mac.MacApplication.submitForLaterInvocation(Ljava/lang/Runnable;)V+2 javafx.graphics
j  com.sun.glass.ui.InvokeLaterDispatcher.run()V+82 javafx.graphics
v  ~StubRoutines::call_stub

siginfo: si_signo: 10 (SIGBUS), si_code: 1 (BUS_ADRALN), si_addr: 0x000000010c5fd4f0

Register to memory mapping:

 x0=0x000000014f809988 is a global jni handle
 x1=0x0 is NULL
 x2=0x0000000782883828 is an oop: com.sun.glass.ui.InvokeLaterDispatcher$Future 
{0x0000000782883828} - klass: 'com/sun/glass/ui/InvokeLaterDispatcher$Future'
 - ---- fields (total size 3 words):
 - private 'done' 'Z' @12  true
 - private final 'runnable' 'Ljava/lang/Runnable;' @16  a 'com/sun/javafx/application/PlatformImpl$$Lambda$92+0x0000000800c81390'{0x0000000781d1d9f8} (f03a3b3f)
 - final synthetic 'this$0' 'Lcom/sun/glass/ui/InvokeLaterDispatcher;' @20  a 'com/sun/glass/ui/InvokeLaterDispatcher'{0x000000078033fac8} (f0067f59)
 x3=0x0 is NULL
 x4=0x00000000000130a8 is an unknown value
 x5=0x0 is NULL
 x6=0x0 is NULL
 x7=0x0 is NULL
 x8=0x000000010c5fd4ec is at begin+0 in a stub
StubRoutines::SafeFetchN [0x000000010c5fd4ec, 0x000000010c5fd4f8] (12 bytes)
 x9=0x0 is NULL
x10=0x2010000030300000 is an unknown value
x11=0x0000000000000007 is an unknown value
x12=0x0 is NULL
x13=0x0000600003a13970 points into unknown readable memory: 0x00000056293b7463 | 63 74 3b 29 56 00 00 00
x14=0x0000000000000001 is an unknown value
x15=0x0000000124ec9f98: OBJC_CLASS_$_GlassRunnable+0 in /Users/sean/.openjfx/cache/17.0.0.1/libglass.dylib at 0x0000000124e84000
x16=0x0000000196734340: pthread_getspecific+0 in /usr/lib/system/libsystem_pthread.dylib at 0x0000000196732000
x17=0x0000600003038960 points into unknown readable memory: 0xfffffffffffffffe | fe ff ff ff ff ff ff ff
x18=0x0 is NULL
x19=0x0000600003f080e0 points into unknown readable memory: 0x0000600001600060 | 60 00 60 01 00 60 00 00
x20=0x000000014f809780 points into unknown readable memory: 0xb1ecf828cc28bdbc | bc bd 28 cc 28 f8 ec b1
x21=0x000000014f809988 is a global jni handle
x22=0x000000014f1c8a00 is a thread
x23=0x0000000000000001 is an unknown value
x24=0x000000014f809940 is a global jni handle
x25=0x0000000104b295d8: _ZN12StubRoutines17_safefetchN_entryE+0 in /Library/Java/JavaVirtualMachines/jdk-17.0.1.jdk/Contents/Home/lib/server/libjvm.dylib at 0x0000000103f98000
x26=0x0000000122518370 is pointing into metadata
x27=0x0 is NULL
x28=0x000000014f1c8a00 is a thread


Registers:
 x0=0x000000014f809988  x1=0x0000000000000000  x2=0x0000000782883828  x3=0x0000000000000000
 x4=0x00000000000130a8  x5=0x0000000000000000  x6=0x0000000000000000  x7=0x0000000000000000
 x8=0x000000010c5fd4ec  x9=0x0000000000000000 x10=0x2010000030300000 x11=0x0000000000000007
x12=0x0000000000000000 x13=0x0000600003a13970 x14=0x0000000000000001 x15=0x0000000124ec9f98
x16=0x0000000196734340 x17=0x0000600003038960 x18=0x0000000000000000 x19=0x0000600003f080e0
x20=0x000000014f809780 x21=0x000000014f809988 x22=0x000000014f1c8a00 x23=0x0000000000000001
x24=0x000000014f809940 x25=0x0000000104b295d8 x26=0x0000000122518370 x27=0x0000000000000000
x28=0x000000014f1c8a00  fp=0x000000016fe067f0  lr=0x0000000104734fd8  sp=0x000000016fe067b0
pc=0x000000010c5fd4f0 cpsr=0x0000000060001000
Top of Stack: (sp=0x000000016fe067b0)
0x000000016fe067b0:   0000000122518370 0000000000000001
0x000000016fe067c0:   000000016fe069a8 0000600001609710
0x000000016fe067d0:   0000000000000000 000000014f809970
0x000000016fe067e0:   000000014f809970 0000600003f080e0
0x000000016fe067f0:   000000016fe06830 0000000104736208
0x000000016fe06800:   0000000000000001 000000014f809970
0x000000016fe06810:   0000000000000000 000000014f809970
0x000000016fe06820:   0000000000000001 000000014f06b800
0x000000016fe06830:   000000016fe06860 0000000104450f30
0x000000016fe06840:   0000600001609700 00000001e09619f4
0x000000016fe06850:   0000000000000000 0000600001609700
0x000000016fe06860:   000000016fe06890 0000000124e8eb08
0x000000016fe06870:   f48d659d2d6200f0 0000000000000000
0x000000016fe06880:   0000000000000000 000060000010b8c0
0x000000016fe06890:   000000016fe068d0 00000001976fce0c
0x000000016fe068a0:   000000016fe069a8 0000600001609710
0x000000016fe068b0:   0000600001609700 f48d659d2d6200f0
0x000000016fe068c0:   0000000000000000 0000000000000000
0x000000016fe068d0:   000000016fe06910 bf020001976c95e8
0x000000016fe068e0:   000000016fe069a8 000000010c6047c0
0x000000016fe068f0:   0000000000000000 0000000104b30f90
0x000000016fe06900:   000000016fe06920 000000010c603730
0x000000016fe06910:   000000016fe06980 9f7280010c6058ac
0x000000016fe06920:   0000000000000000 000000078039d128
0x000000016fe06930:   000000016fe06930 0000000000000000
0x000000016fe06940:   000000016fe069a8 0000000122518370
0x000000016fe06950:   000000078034f910 0000000000000000
0x000000016fe06960:   0000000000000000 00000001224f7a48
0x000000016fe06970:   0000000000000000 000000016fe06980
0x000000016fe06980:   000000016fe06a00 000000010c601fc8
0x000000016fe06990:   0000000000000000 0000000000000000
0x000000016fe069a0:   0000000782883828 0000000780387b38 

Instructions: (pc=0x000000010c5fd4f0)
0x000000010c5fd3f0:   f2a095e9 f2c00029 6d425935 1e640886
0x000000010c5fd400:   0c402d31 1e6408c7 1f5654d0 1e6c1017
0x000000010c5fd410:   1f5050d0 1f504cd0 1f5048d0 1e650af6
0x000000010c5fd420:   1f50d8f6 1f5694d6 1f5158f6 1e762880
0x000000010c5fd430:   36000501 1e614000 14000026 2e251ca5
0x000000010c5fd440:   d28c3009 f2a095e9 f2c00029 6d425d36
0x000000010c5fd450:   1e600806 0c402d32 1f5758c7 1e6c101a
0x000000010c5fd460:   1f4754c7 1e650805 1f4750c7 d2866668
0x000000010c5fd470:   f2a7fa68 1f474cc7 1e6608c0 1f4748c7
0x000000010c5fd480:   1e6e1019 eb08007f 540000ac 1f479400
0x000000010c5fd490:   1f460340 1e603b20 1400000e d2a7fd29
0x000000010c5fd4a0:   eb09007f 540000ac 51480069 d3607d29
0x000000010c5fd4b0:   9e670121 14000002 1e6a5001 1f679417
0x000000010c5fd4c0:   1f668742 1e613b23 1e773857 1e773860
0x000000010c5fd4d0:   a8c17ff3 910003bf a8c17bfd d65f03c0
0x000000010c5fd4e0:   b9400001 aa0103e0 d65f03c0 f9400001
0x000000010c5fd4f0:   aa0103e0 d65f03c0 00000000 00000000
0x000000010c5fd500:   00000000 00000000 00000000 00000000
0x000000010c5fd510:   00000000 00000000 00000000 00000000
0x000000010c5fd520:   00000000 00000000 00000000 00000000
0x000000010c5fd530:   00000000 00000000 00000000 00000000
0x000000010c5fd540:   00000000 00000000 00000000 00000000
0x000000010c5fd550:   00000000 00000000 00000000 00000000
0x000000010c5fd560:   00000000 00000000 00000000 00000000
0x000000010c5fd570:   00000000 00000000 00000000 00000000
0x000000010c5fd580:   00000000 00000000 00000000 00000000
0x000000010c5fd590:   00000000 00000000 00000000 00000000
0x000000010c5fd5a0:   00000000 00000000 00000000 00000000
0x000000010c5fd5b0:   00000000 00000000 00000000 00000000
0x000000010c5fd5c0:   00000000 00000000 00000000 00000000
0x000000010c5fd5d0:   00000000 00000000 00000000 00000000
0x000000010c5fd5e0:   00000000 00000000 00000000 00000000 


Stack slot to memory mapping:
stack at sp + 0 slots: 0x0000000122518370 is pointing into metadata
stack at sp + 1 slots: 0x0000000000000001 is an unknown value
stack at sp + 2 slots: 0x000000016fe069a8 is pointing into the stack for thread: 0x000000014f1c8a00
stack at sp + 3 slots: 0x0000600001609710 points into unknown readable memory: 0x01000001ef416081 | 81 60 41 ef 01 00 00 01
stack at sp + 4 slots: 0x0 is NULL
stack at sp + 5 slots: 0x000000014f809970 is a global jni handle
stack at sp + 6 slots: 0x000000014f809970 is a global jni handle
stack at sp + 7 slots: 0x0000600003f080e0 points into unknown readable memory: 0x0000600001600060 | 60 00 60 01 00 60 00 00

StubRoutines::SafeFetchN [0x000000010c5fd4ec, 0x000000010c5fd4f8] (12 bytes)
[MachCode]
  0x000000010c5fd4ec: 0100 40f9 | e003 01aa | c003 5fd6 
[/MachCode]

---------------  P R O C E S S  ---------------

Threads class SMR info:
_java_thread_list=0x000060000140ba00, length=22, elements={
0x0000000158014600, 0x0000000121810c00, 0x0000000121813400, 0x0000000158051400,
0x000000015804fe00, 0x000000015804c800, 0x000000014e80d600, 0x000000013f04fa00,
0x0000000122812800, 0x000000012180b600, 0x000000014f03ee00, 0x000000013f06a200,
0x0000000121812200, 0x000000014f1c8a00, 0x000000014f06b800, 0x0000000158112a00,
0x0000000158165200, 0x000000014f40f800, 0x000000014f5d4000, 0x0000000121811200,
0x000000013aa0dc00, 0x000000013e812a00
}

Java Threads: ( => current thread )
  0x0000000158014600 JavaThread "main" [_thread_blocked, id=6147, stack(0x000000016d1fc000,0x000000016d3ff000)]
  0x0000000121810c00 JavaThread "Reference Handler" daemon [_thread_blocked, id=16387, stack(0x000000016e050000,0x000000016e253000)]
  0x0000000121813400 JavaThread "Finalizer" daemon [_thread_blocked, id=15875, stack(0x000000016e25c000,0x000000016e45f000)]
  0x0000000158051400 JavaThread "Signal Dispatcher" daemon [_thread_blocked, id=23299, stack(0x000000016e580000,0x000000016e783000)]
  0x000000015804fe00 JavaThread "Service Thread" daemon [_thread_blocked, id=42499, stack(0x000000016e78c000,0x000000016e98f000)]
  0x000000015804c800 JavaThread "Monitor Deflation Thread" daemon [_thread_blocked, id=41987, stack(0x000000016e998000,0x000000016eb9b000)]
  0x000000014e80d600 JavaThread "C2 CompilerThread0" daemon [_thread_blocked, id=41731, stack(0x000000016eba4000,0x000000016eda7000)]
  0x000000013f04fa00 JavaThread "C1 CompilerThread0" daemon [_thread_blocked, id=24067, stack(0x000000016edb0000,0x000000016efb3000)]
  0x0000000122812800 JavaThread "Sweeper thread" daemon [_thread_blocked, id=41219, stack(0x000000016efbc000,0x000000016f1bf000)]
  0x000000012180b600 JavaThread "Common-Cleaner" daemon [_thread_blocked, id=24323, stack(0x000000016f1c8000,0x000000016f3cb000)]
  0x000000014f03ee00 JavaThread "Monitor Ctrl-Break" daemon [_thread_in_native, id=40451, stack(0x000000016f3d4000,0x000000016f5d7000)]
  0x000000013f06a200 JavaThread "Notification Thread" daemon [_thread_blocked, id=39939, stack(0x000000016f5e0000,0x000000016f7e3000)]
  0x0000000121812200 JavaThread "QuantumRenderer-0" daemon [_thread_blocked, id=39171, stack(0x000000016f9f8000,0x000000016fbfb000)]
=>0x000000014f1c8a00 JavaThread "InvokeLaterDispatcher" daemon [_thread_in_native, id=28939, stack(0x000000016fc04000,0x000000016fe07000)]
  0x000000014f06b800 JavaThread "JavaFX Application Thread" [_thread_in_native, id=259, stack(0x000000016c974000,0x000000016d170000)]
  0x0000000158112a00 JavaThread "JavaFX-Launcher" [_thread_blocked, id=54547, stack(0x0000000178004000,0x0000000178207000)]
  0x0000000158165200 JavaThread "Attach Listener" daemon [_thread_blocked, id=59659, stack(0x0000000178cd8000,0x0000000178edb000)]
  0x000000014f40f800 JavaThread "Keep-Alive-Timer" daemon [_thread_blocked, id=71179, stack(0x0000000178ee4000,0x00000001790e7000)]
  0x000000014f5d4000 JavaThread "Prism Font Disposer" daemon [_thread_blocked, id=60747, stack(0x00000001790f0000,0x00000001792f3000)]
  0x0000000121811200 JavaThread "Keep-Alive-SocketCleaner" daemon [_thread_blocked, id=62979, stack(0x0000000179f44000,0x000000017a147000)]
  0x000000013aa0dc00 JavaThread "Cleaner-0" daemon [_thread_blocked, id=90151, stack(0x000000017a5f4000,0x000000017a7f7000)]
  0x000000013e812a00 JavaThread "PulseTimer-CVDisplayLink thread" daemon [_thread_in_native, id=1319, stack(0x000000016ff28000,0x000000016ffab000)]

Other Threads:
  0x000000014f8089f0 VMThread "VM Thread" [stack: 0x000000016de44000,0x000000016e047000] [id=14595]
  0x000000014f8203e0 WatcherThread [stack: 0x000000016f7ec000,0x000000016f9ef000] [id=39427]
  0x000000014f806f60 GCTaskThread "GC Thread#0" [stack: 0x000000016d408000,0x000000016d60b000] [id=19971]
  0x000000014f855710 GCTaskThread "GC Thread#1" [stack: 0x000000017829c000,0x000000017849f000] [id=58115]
  0x000000014f855b90 GCTaskThread "GC Thread#2" [stack: 0x00000001784a8000,0x00000001786ab000] [id=72451]
  0x000000014e718590 GCTaskThread "GC Thread#3" [stack: 0x00000001786b4000,0x00000001788b7000] [id=58627]
  0x000000014e718840 GCTaskThread "GC Thread#4" [stack: 0x00000001788c0000,0x0000000178ac3000] [id=71939]
  0x000000014e718cc0 GCTaskThread "GC Thread#5" [stack: 0x0000000178acc000,0x0000000178ccf000] [id=59139]
  0x0000000121621120 GCTaskThread "GC Thread#6" [stack: 0x00000001792fc000,0x00000001794ff000] [id=60931]
  0x000000014f8807d0 GCTaskThread "GC Thread#7" [stack: 0x0000000179508000,0x000000017970b000] [id=70147]
  0x000000013e6042b0 ConcurrentGCThread "G1 Main Marker" [stack: 0x000000016d614000,0x000000016d817000] [id=19459]
  0x000000013e604b30 ConcurrentGCThread "G1 Conc#0" [stack: 0x000000016d820000,0x000000016da23000] [id=12803]
  0x000000014f83f240 ConcurrentGCThread "G1 Conc#1" [stack: 0x000000017a3e8000,0x000000017a5eb000] [id=92939]
  0x000000014e7043e0 ConcurrentGCThread "G1 Refine#0" [stack: 0x000000016da2c000,0x000000016dc2f000] [id=18435]
  0x0000000121620ce0 ConcurrentGCThread "G1 Refine#1" [stack: 0x0000000179714000,0x0000000179917000] [id=69635]
  0x0000000124d05460 ConcurrentGCThread "G1 Refine#2" [stack: 0x0000000179920000,0x0000000179b23000] [id=61955]
  0x000000014e730f40 ConcurrentGCThread "G1 Refine#3" [stack: 0x0000000179b2c000,0x0000000179d2f000] [id=68867]
  0x0000000121621770 ConcurrentGCThread "G1 Refine#4" [stack: 0x0000000179d38000,0x0000000179f3b000] [id=68355]
  0x000000013e60baf0 ConcurrentGCThread "G1 Refine#5" [stack: 0x000000017a150000,0x000000017a353000] [id=67843]
  0x000000013e6069a0 ConcurrentGCThread "G1 Service" [stack: 0x000000016dc38000,0x000000016de3b000] [id=13571]

Threads with active compile tasks:

VM state: not at safepoint (normal execution)

VM Mutex/Monitor currently owned by a thread: None

Heap address: 0x0000000780000000, size: 2048 MB, Compressed Oops mode: Zero based, Oop shift amount: 3

CDS archive(s) mapped at: [0x0000000800000000-0x0000000800bd4000-0x0000000800bd4000), size 12402688, SharedBaseAddress: 0x0000000800000000, ArchiveRelocationMode: 0.
Compressed class space mapped at: 0x0000000800c00000-0x0000000840c00000, reserved size: 1073741824
Narrow klass base: 0x0000000800000000, Narrow klass shift: 0, Narrow klass range: 0x100000000

GC Precious Log:
 CPUs: 8 total, 8 available
 Memory: 8192M
 Large Page Support: Disabled
 NUMA Support: Disabled
 Compressed Oops: Enabled (Zero based)
 Heap Region Size: 1M
 Heap Min Capacity: 8M
 Heap Initial Capacity: 128M
 Heap Max Capacity: 2G
 Pre-touch: Disabled
 Parallel Workers: 8
 Concurrent Workers: 2
 Concurrent Refinement Workers: 8
 Periodic GC: Disabled

Heap:
 garbage-first heap   total 55296K, used 33064K [0x0000000780000000, 0x0000000800000000)
  region size 1024K, 23 young (23552K), 7 survivors (7168K)
 Metaspace       used 23287K, committed 23552K, reserved 1073152K
  class space    used 3257K, committed 3392K, reserved 1048576K

Heap Regions: E=young(eden), S=young(survivor), O=old, HS=humongous(starts), HC=humongous(continues), CS=collection set, F=free, OA=open archive, CA=closed archive, TAMS=top-at-mark-start (previous, next)
|   0|0x0000000780000000, 0x0000000780100000, 0x0000000780100000|100%| O|  |TAMS 0x0000000780100000, 0x0000000780000000| Untracked 
|   1|0x0000000780100000, 0x0000000780200000, 0x0000000780200000|100%| O|  |TAMS 0x0000000780200000, 0x0000000780100000| Untracked 
|   2|0x0000000780200000, 0x0000000780300000, 0x0000000780300000|100%| O|  |TAMS 0x0000000780300000, 0x0000000780200000| Untracked 
|   3|0x0000000780300000, 0x0000000780400000, 0x0000000780400000|100%| O|  |TAMS 0x000000078033f000, 0x0000000780300000| Untracked 
|   4|0x0000000780400000, 0x0000000780500000, 0x0000000780500000|100%| O|  |TAMS 0x0000000780400000, 0x0000000780400000| Untracked 
|   5|0x0000000780500000, 0x00000007805ea400, 0x0000000780600000| 91%| O|  |TAMS 0x0000000780500000, 0x0000000780500000| Untracked 
|   6|0x0000000780600000, 0x0000000780700000, 0x0000000780700000|100%|HS|  |TAMS 0x0000000780600000, 0x0000000780600000| Complete 
|   7|0x0000000780700000, 0x0000000780800000, 0x0000000780800000|100%|HC|  |TAMS 0x0000000780700000, 0x0000000780700000| Complete 
|   8|0x0000000780800000, 0x0000000780900000, 0x0000000780900000|100%|HS|  |TAMS 0x0000000780800000, 0x0000000780800000| Complete 
|   9|0x0000000780900000, 0x0000000780a00000, 0x0000000780a00000|100%|HC|  |TAMS 0x0000000780900000, 0x0000000780900000| Complete 
|  10|0x0000000780a00000, 0x0000000780a00000, 0x0000000780b00000|  0%| F|  |TAMS 0x0000000780a00000, 0x0000000780a00000| Untracked 
|  11|0x0000000780b00000, 0x0000000780b00000, 0x0000000780c00000|  0%| F|  |TAMS 0x0000000780b00000, 0x0000000780b00000| Untracked 
|  12|0x0000000780c00000, 0x0000000780c00000, 0x0000000780d00000|  0%| F|  |TAMS 0x0000000780c00000, 0x0000000780c00000| Untracked 
|  13|0x0000000780d00000, 0x0000000780d00000, 0x0000000780e00000|  0%| F|  |TAMS 0x0000000780d00000, 0x0000000780d00000| Untracked 
|  14|0x0000000780e00000, 0x0000000780e00000, 0x0000000780f00000|  0%| F|  |TAMS 0x0000000780e00000, 0x0000000780e00000| Untracked 
|  15|0x0000000780f00000, 0x0000000780f00000, 0x0000000781000000|  0%| F|  |TAMS 0x0000000780f00000, 0x0000000780f00000| Untracked 
|  16|0x0000000781000000, 0x0000000781000000, 0x0000000781100000|  0%| F|  |TAMS 0x0000000781000000, 0x0000000781000000| Untracked 
|  17|0x0000000781100000, 0x0000000781100000, 0x0000000781200000|  0%| F|  |TAMS 0x0000000781100000, 0x0000000781100000| Untracked 
|  18|0x0000000781200000, 0x0000000781200000, 0x0000000781300000|  0%| F|  |TAMS 0x0000000781200000, 0x0000000781200000| Untracked 
|  19|0x0000000781300000, 0x0000000781300000, 0x0000000781400000|  0%| F|  |TAMS 0x0000000781300000, 0x0000000781300000| Untracked 
|  20|0x0000000781400000, 0x0000000781400000, 0x0000000781500000|  0%| F|  |TAMS 0x0000000781400000, 0x0000000781400000| Untracked 
|  21|0x0000000781500000, 0x0000000781500000, 0x0000000781600000|  0%| F|  |TAMS 0x0000000781500000, 0x0000000781500000| Untracked 
|  22|0x0000000781600000, 0x0000000781600000, 0x0000000781700000|  0%| F|  |TAMS 0x0000000781600000, 0x0000000781600000| Untracked 
|  23|0x0000000781700000, 0x0000000781700000, 0x0000000781800000|  0%| F|  |TAMS 0x0000000781700000, 0x0000000781700000| Untracked 
|  24|0x0000000781800000, 0x0000000781800000, 0x0000000781900000|  0%| F|  |TAMS 0x0000000781800000, 0x0000000781800000| Untracked 
|  25|0x0000000781900000, 0x0000000781900000, 0x0000000781a00000|  0%| F|  |TAMS 0x0000000781900000, 0x0000000781900000| Untracked 
|  26|0x0000000781a00000, 0x0000000781a00000, 0x0000000781b00000|  0%| F|  |TAMS 0x0000000781a00000, 0x0000000781a00000| Untracked 
|  27|0x0000000781b00000, 0x0000000781b00000, 0x0000000781c00000|  0%| F|  |TAMS 0x0000000781b00000, 0x0000000781b00000| Untracked 
|  28|0x0000000781c00000, 0x0000000781c00000, 0x0000000781d00000|  0%| F|  |TAMS 0x0000000781c00000, 0x0000000781c00000| Untracked 
|  29|0x0000000781d00000, 0x0000000781dbb780, 0x0000000781e00000| 73%| E|  |TAMS 0x0000000781d00000, 0x0000000781d00000| Complete 
|  30|0x0000000781e00000, 0x0000000781f00000, 0x0000000781f00000|100%| E|CS|TAMS 0x0000000781e00000, 0x0000000781e00000| Complete 
|  31|0x0000000781f00000, 0x0000000782000000, 0x0000000782000000|100%| E|CS|TAMS 0x0000000781f00000, 0x0000000781f00000| Complete 
|  32|0x0000000782000000, 0x0000000782100000, 0x0000000782100000|100%| E|CS|TAMS 0x0000000782000000, 0x0000000782000000| Complete 
|  33|0x0000000782100000, 0x0000000782200000, 0x0000000782200000|100%| E|CS|TAMS 0x0000000782100000, 0x0000000782100000| Complete 
|  34|0x0000000782200000, 0x0000000782300000, 0x0000000782300000|100%| E|CS|TAMS 0x0000000782200000, 0x0000000782200000| Complete 
|  35|0x0000000782300000, 0x0000000782400000, 0x0000000782400000|100%| E|CS|TAMS 0x0000000782300000, 0x0000000782300000| Complete 
|  36|0x0000000782400000, 0x0000000782500000, 0x0000000782500000|100%| E|CS|TAMS 0x0000000782400000, 0x0000000782400000| Complete 
|  37|0x0000000782500000, 0x0000000782600000, 0x0000000782600000|100%| E|CS|TAMS 0x0000000782500000, 0x0000000782500000| Complete 
|  38|0x0000000782600000, 0x0000000782700000, 0x0000000782700000|100%| E|CS|TAMS 0x0000000782600000, 0x0000000782600000| Complete 
|  39|0x0000000782700000, 0x0000000782800000, 0x0000000782800000|100%| E|CS|TAMS 0x0000000782700000, 0x0000000782700000| Complete 
|  40|0x0000000782800000, 0x0000000782900000, 0x0000000782900000|100%| E|CS|TAMS 0x0000000782800000, 0x0000000782800000| Complete 
|  41|0x0000000782900000, 0x0000000782a00000, 0x0000000782a00000|100%| E|CS|TAMS 0x0000000782900000, 0x0000000782900000| Complete 
|  42|0x0000000782a00000, 0x0000000782b00000, 0x0000000782b00000|100%| E|CS|TAMS 0x0000000782a00000, 0x0000000782a00000| Complete 
|  43|0x0000000782b00000, 0x0000000782c00000, 0x0000000782c00000|100%| E|CS|TAMS 0x0000000782b00000, 0x0000000782b00000| Complete 
| 108|0x0000000786c00000, 0x0000000786c67f80, 0x0000000786d00000| 40%| S|CS|TAMS 0x0000000786c00000, 0x0000000786c00000| Complete 
| 109|0x0000000786d00000, 0x0000000786e00000, 0x0000000786e00000|100%| S|CS|TAMS 0x0000000786d00000, 0x0000000786d00000| Complete 
| 110|0x0000000786e00000, 0x0000000786f00000, 0x0000000786f00000|100%| S|CS|TAMS 0x0000000786e00000, 0x0000000786e00000| Complete 
| 111|0x0000000786f00000, 0x0000000787000000, 0x0000000787000000|100%| S|CS|TAMS 0x0000000786f00000, 0x0000000786f00000| Complete 
| 112|0x0000000787000000, 0x0000000787100000, 0x0000000787100000|100%| S|CS|TAMS 0x0000000787000000, 0x0000000787000000| Complete 
| 113|0x0000000787100000, 0x0000000787200000, 0x0000000787200000|100%| S|CS|TAMS 0x0000000787100000, 0x0000000787100000| Complete 
| 114|0x0000000787200000, 0x0000000787300000, 0x0000000787300000|100%| S|CS|TAMS 0x0000000787200000, 0x0000000787200000| Complete 
| 127|0x0000000787f00000, 0x0000000788000000, 0x0000000788000000|100%| E|CS|TAMS 0x0000000787f00000, 0x0000000787f00000| Complete 
|2046|0x00000007ffe00000, 0x00000007ffe78000, 0x00000007fff00000| 46%|OA|  |TAMS 0x00000007ffe78000, 0x00000007ffe00000| Untracked 
|2047|0x00000007fff00000, 0x00000007fff80000, 0x0000000800000000| 50%|CA|  |TAMS 0x00000007fff80000, 0x00000007fff00000| Untracked 

Card table byte_map: [0x0000000103598000,0x0000000103998000] _byte_map_base: 0x00000000ff998000

Marking Bits (Prev, Next): (CMBitMap*) 0x000000013f008250, (CMBitMap*) 0x000000013f008210
 Prev Bits: [0x000000011d5fc000, 0x000000011f5fc000)
 Next Bits: [0x000000011b5fc000, 0x000000011d5fc000)

Polling page: 0x0000000102e14000

Metaspace:

Usage:
  Non-class:     19.56 MB used.
      Class:      3.18 MB used.
       Both:     22.74 MB used.

Virtual space:
  Non-class space:       24.00 MB reserved,      19.69 MB ( 82%) committed,  3 nodes.
      Class space:        1.00 GB reserved,       3.31 MB ( <1%) committed,  1 nodes.
             Both:        1.02 GB reserved,      23.00 MB (  2%) committed. 

Chunk freelists:
   Non-Class:  256.00 KB
       Class:  672.00 KB
        Both:  928.00 KB

MaxMetaspaceSize: unlimited
CompressedClassSpaceSize: 1.00 GB
Initial GC threshold: 21.00 MB
Current GC threshold: 35.12 MB
CDS: on
MetaspaceReclaimPolicy: balanced
 - commit_granule_bytes: 65536.
 - commit_granule_words: 8192.
 - virtual_space_node_default_size: 1048576.
 - enlarge_chunks_in_place: 1.
 - new_chunks_are_fully_committed: 0.
 - uncommit_free_chunks: 1.
 - use_allocation_guard: 0.
 - handle_deallocations: 1.


Internal statistics:

num_allocs_failed_limit: 3.
num_arena_births: 262.
num_arena_deaths: 0.
num_vsnodes_births: 4.
num_vsnodes_deaths: 0.
num_space_committed: 368.
num_space_uncommitted: 0.
num_chunks_returned_to_freelist: 3.
num_chunks_taken_from_freelist: 869.
num_chunk_merges: 3.
num_chunk_splits: 602.
num_chunks_enlarged: 447.
num_purges: 0.
num_inconsistent_stats: 0.

CodeHeap 'non-profiled nmethods': size=120032Kb used=1773Kb max_used=1773Kb free=118259Kb
 bounds [0x00000001140c4000, 0x0000000114334000, 0x000000011b5fc000]
CodeHeap 'profiled nmethods': size=120016Kb used=8164Kb max_used=8164Kb free=111851Kb
 bounds [0x000000010cb90000, 0x000000010d390000, 0x00000001140c4000]
CodeHeap 'non-nmethods': size=5712Kb used=1428Kb max_used=1491Kb free=4283Kb
 bounds [0x000000010c5fc000, 0x000000010c86c000, 0x000000010cb90000]
 total_blobs=4660 nmethods=3824 adapters=752
 compilation: enabled
              stopped_count=0, restarted_count=0
 full_count=0

Compilation events (20 events):
Event: 6.062 Thread 0x000000013f04fa00 3906       3       javafx.scene.Scene::getEffectiveCamera (80 bytes)
Event: 6.063 Thread 0x000000013f04fa00 nmethod 3906 0x000000010d36c590 code [0x000000010d36c980, 0x000000010d36e2c8]
Event: 6.070 Thread 0x000000013f04fa00 3907       3       javafx.scene.Scene::buildEventDispatchChain (48 bytes)
Event: 6.071 Thread 0x000000013f04fa00 nmethod 3907 0x000000010d36ea10 code [0x000000010d36ed40, 0x000000010d370188]
Event: 6.071 Thread 0x000000013f04fa00 3908       3       com.sun.javafx.scene.KeyboardShortcutsHandler::dispatchCapturingEvent (223 bytes)
Event: 6.071 Thread 0x000000013f04fa00 nmethod 3908 0x000000010d370610 code [0x000000010d370880, 0x000000010d371268]
Event: 6.095 Thread 0x000000013f04fa00 3909       3       com.sun.javafx.css.BitSet::contains (63 bytes)
Event: 6.095 Thread 0x000000013f04fa00 nmethod 3909 0x000000010d371490 code [0x000000010d371680, 0x000000010d371bf8]
Event: 6.095 Thread 0x000000013f04fa00 3910       3       javafx.scene.Node::buildEventDispatchChain (100 bytes)
Event: 6.096 Thread 0x000000013f04fa00 nmethod 3910 0x000000010d371d90 code [0x000000010d3721c0, 0x000000010d373ca8]
Event: 6.096 Thread 0x000000013f04fa00 3911       3       javafx.scene.Node$$Lambda$604/0x0000000800f41348::dispatchEvent (10 bytes)
Event: 6.096 Thread 0x000000013f04fa00 nmethod 3911 0x000000010d374410 code [0x000000010d374600, 0x000000010d374b08]
Event: 6.152 Thread 0x000000014e80d600 3912       4       java.lang.ThreadLocal::get (38 bytes)
Event: 6.159 Thread 0x000000014e80d600 nmethod 3912 0x000000011427d690 code [0x000000011427d840, 0x000000011427dbf0]
Event: 6.184 Thread 0x000000014e80d600 3913       4       javafx.scene.input.MouseEvent::getEventType (5 bytes)
Event: 6.185 Thread 0x000000014e80d600 nmethod 3913 0x000000011427de10 code [0x000000011427df80, 0x000000011427e020]
Event: 6.219 Thread 0x000000014e80d600 3914       4       javafx.css.SimpleSelector::stateMatches (19 bytes)
Event: 6.220 Thread 0x000000013f04fa00 3918       3       com.sun.javafx.scene.NodeHelper::updatePeer (9 bytes)
Event: 6.221 Thread 0x000000013f04fa00 nmethod 3918 0x000000010d374c90 code [0x000000010d374e40, 0x000000010d375088]
Event: 6.221 Thread 0x000000013f04fa00 3919       3       com.sun.javafx.scene.NodeHelper::updatePeerImpl (10 bytes)

GC Heap History (6 events):
Event: 0.643 GC heap before
{Heap before GC invocations=0 (full 0):
 garbage-first heap   total 133120K, used 23520K [0x0000000780000000, 0x0000000800000000)
  region size 1024K, 23 young (23552K), 0 survivors (0K)
 Metaspace       used 7450K, committed 7616K, reserved 1056768K
  class space    used 951K, committed 1024K, reserved 1048576K
}
Event: 0.645 GC heap after
{Heap after GC invocations=1 (full 0):
 garbage-first heap   total 133120K, used 4424K [0x0000000780000000, 0x0000000800000000)
  region size 1024K, 3 young (3072K), 3 survivors (3072K)
 Metaspace       used 7450K, committed 7616K, reserved 1056768K
  class space    used 951K, committed 1024K, reserved 1048576K
}
Event: 2.283 GC heap before
{Heap before GC invocations=1 (full 0):
 garbage-first heap   total 133120K, used 46408K [0x0000000780000000, 0x0000000800000000)
  region size 1024K, 44 young (45056K), 3 survivors (3072K)
 Metaspace       used 19540K, committed 19712K, reserved 1073152K
  class space    used 2754K, committed 2816K, reserved 1048576K
}
Event: 2.290 GC heap after
{Heap after GC invocations=2 (full 0):
 garbage-first heap   total 133120K, used 10460K [0x0000000780000000, 0x0000000800000000)
  region size 1024K, 6 young (6144K), 6 survivors (6144K)
 Metaspace       used 19540K, committed 19712K, reserved 1073152K
  class space    used 2754K, committed 2816K, reserved 1048576K
}
Event: 2.427 GC heap before
{Heap before GC invocations=2 (full 0):
 garbage-first heap   total 133120K, used 22748K [0x0000000780000000, 0x0000000800000000)
  region size 1024K, 19 young (19456K), 6 survivors (6144K)
 Metaspace       used 21268K, committed 21504K, reserved 1073152K
  class space    used 3041K, committed 3200K, reserved 1048576K
}
Event: 2.432 GC heap after
{Heap after GC invocations=3 (full 0):
 garbage-first heap   total 133120K, used 13608K [0x0000000780000000, 0x0000000800000000)
  region size 1024K, 7 young (7168K), 7 survivors (7168K)
 Metaspace       used 21268K, committed 21504K, reserved 1073152K
  class space    used 3041K, committed 3200K, reserved 1048576K
}

Deoptimization events (20 events):
Event: 5.013 Thread 0x000000014f06b800 DEOPT PACKING pc=0x0000000114172eec sp=0x000000016d168d80
Event: 5.013 Thread 0x000000014f06b800 DEOPT UNPACKING pc=0x000000010c63ad1c sp=0x000000016d168c80 mode 2
Event: 5.016 Thread 0x000000014f06b800 Uncommon trap: trap_request=0xfffffff4 fr.pc=0x00000001141f5e84 relative=0x00000000000000c4
Event: 5.016 Thread 0x000000014f06b800 Uncommon trap: reason=null_check action=make_not_entrant pc=0x00000001141f5e84 method=javafx.scene.Scene.getWindow()Ljavafx/stage/Window; @ 18 c2
Event: 5.016 Thread 0x000000014f06b800 DEOPT PACKING pc=0x00000001141f5e84 sp=0x000000016d169b00
Event: 5.016 Thread 0x000000014f06b800 DEOPT UNPACKING pc=0x000000010c63ad1c sp=0x000000016d169aa0 mode 2
Event: 5.018 Thread 0x000000014f06b800 Uncommon trap: trap_request=0xffffff45 fr.pc=0x000000011420bfe0 relative=0x00000000000006e0
Event: 5.018 Thread 0x000000014f06b800 Uncommon trap: reason=unstable_if action=reinterpret pc=0x000000011420bfe0 method=com.sun.javafx.css.ParsedValueImpl.containsFontRelativeSize(Ljavafx/css/ParsedValue;Z)Z @ 56 c2
Event: 5.018 Thread 0x000000014f06b800 DEOPT PACKING pc=0x000000011420bfe0 sp=0x000000016d1692a0
Event: 5.018 Thread 0x000000014f06b800 DEOPT UNPACKING pc=0x000000010c63ad1c sp=0x000000016d169230 mode 2
Event: 5.024 Thread 0x000000014f06b800 Uncommon trap: trap_request=0xffffff45 fr.pc=0x00000001141d4714 relative=0x00000000000039d4
Event: 5.024 Thread 0x000000014f06b800 Uncommon trap: reason=unstable_if action=reinterpret pc=0x00000001141d4714 method=javafx.scene.CssStyleHelper.getStyle(Ljavafx/css/Styleable;Ljava/lang/String;Lcom/sun/javafx/css/StyleMap;Ljava/util/Set;)Lcom/sun/javafx/css/CascadingStyle; @ 1 c2
Event: 5.024 Thread 0x000000014f06b800 DEOPT PACKING pc=0x00000001141d4714 sp=0x000000016d168830
Event: 5.024 Thread 0x000000014f06b800 DEOPT UNPACKING pc=0x000000010c63ad1c sp=0x000000016d168810 mode 2
Event: 5.024 Thread 0x000000014f06b800 Uncommon trap: trap_request=0xffffffde fr.pc=0x000000011422d020 relative=0x0000000000000960
Event: 5.024 Thread 0x000000014f06b800 Uncommon trap: reason=class_check action=maybe_recompile pc=0x000000011422d020 method=javafx.scene.CssStyleHelper.lookup(Ljavafx/css/Styleable;Ljavafx/css/CssMetaData;Lcom/sun/javafx/css/StyleMap;Ljava/util/Set;Ljavafx/css/Styleable;Lcom/sun/javafx/css/Ca
Event: 5.024 Thread 0x000000014f06b800 DEOPT PACKING pc=0x000000011422d020 sp=0x000000016d168cd0
Event: 5.024 Thread 0x000000014f06b800 DEOPT UNPACKING pc=0x000000010c63ad1c sp=0x000000016d168c30 mode 2
Event: 5.025 Thread 0x000000014f06b800 DEOPT PACKING pc=0x000000010d11bff8 sp=0x000000016d168990
Event: 5.025 Thread 0x000000014f06b800 DEOPT UNPACKING pc=0x000000010c63ab7c sp=0x000000016d168670 mode 3

Classes unloaded (0 events):
No events

Classes redefined (0 events):
No events

Internal exceptions (20 events):
Event: 2.165 Thread 0x000000014f06b800 Exception <a 'java/lang/IncompatibleClassChangeError'{0x0000000785911718}: Found class java.lang.Object, but interface was expected> (0x0000000785911718) 
thrown [open/src/hotspot/share/interpreter/linkResolver.cpp, line 833]
Event: 2.293 Thread 0x000000014f06b800 Exception <a 'java/lang/ClassNotFoundException'{0x0000000787f25388}: com/sun/javafx/scene/control/skin/resources/controls> (0x0000000787f25388) 
thrown [open/src/hotspot/share/prims/jni.cpp, line 535]
Event: 2.293 Thread 0x000000014f06b800 Exception <a 'java/lang/ClassNotFoundException'{0x0000000787f33338}: com/sun/javafx/scene/control/skin/resources/controls_zh> (0x0000000787f33338) 
thrown [open/src/hotspot/share/prims/jni.cpp, line 535]
Event: 2.293 Thread 0x000000014f06b800 Exception <a 'java/lang/ClassNotFoundException'{0x0000000787f342e0}: com/sun/javafx/scene/control/skin/resources/controls_zh_TW> (0x0000000787f342e0) 
thrown [open/src/hotspot/share/prims/jni.cpp, line 535]
Event: 2.293 Thread 0x000000014f06b800 Exception <a 'java/lang/ClassNotFoundException'{0x0000000787f42678}: com/sun/javafx/scene/control/skin/resources/controls_zh_Hant> (0x0000000787f42678) 
thrown [open/src/hotspot/share/prims/jni.cpp, line 535]
Event: 2.294 Thread 0x000000014f06b800 Exception <a 'java/lang/ClassNotFoundException'{0x0000000787f43628}: com/sun/javafx/scene/control/skin/resources/controls_zh_Hant_TW> (0x0000000787f43628) 
thrown [open/src/hotspot/share/prims/jni.cpp, line 535]
Event: 2.362 Thread 0x000000014f06b800 Exception <a 'java/lang/NoSuchMethodError'{0x00000007876850e0}: 'void java.lang.invoke.DirectMethodHandle$Holder.invokeSpecial(java.lang.Object, java.lang.Object, int, int)'> (0x00000007876850e0) 
thrown [open/src/hotspot/share/interpreter/linkResolver.cpp, line 766]
Event: 2.362 Thread 0x000000014f06b800 Exception <a 'java/lang/NoSuchMethodError'{0x000000078768b8c8}: 'java.lang.Object java.lang.invoke.DirectMethodHandle$Holder.newInvokeSpecial(java.lang.Object, java.lang.Object, int, int)'> (0x000000078768b8c8) 
thrown [open/src/hotspot/share/interpreter/linkResolver.cpp, line 766]
Event: 2.368 Thread 0x000000014f06b800 Exception <a 'java/lang/NoSuchMethodError'{0x00000007876ac500}: 'java.lang.Object java.lang.invoke.DirectMethodHandle$Holder.newInvokeSpecial(java.lang.Object, java.lang.Object, int)'> (0x00000007876ac500) 
thrown [open/src/hotspot/share/interpreter/linkResolver.cpp, line 766]
Event: 2.441 Thread 0x000000014f06b800 Exception <a 'java/lang/NoSuchMethodError'{0x0000000787fc4768}: 'long java.lang.invoke.DirectMethodHandle$Holder.invokeStatic(java.lang.Object, java.lang.Object, java.lang.Object)'> (0x0000000787fc4768) 
thrown [open/src/hotspot/share/interpreter/linkResolver.cpp, line 766]
Event: 2.441 Thread 0x000000014f06b800 Exception <a 'java/lang/NoSuchMethodError'{0x0000000787fc7f10}: 'long java.lang.invoke.DirectMethodHandle$Holder.invokeStaticInit(java.lang.Object, java.lang.Object, java.lang.Object)'> (0x0000000787fc7f10) 
thrown [open/src/hotspot/share/interpreter/linkResolver.cpp, line 766]
Event: 2.442 Thread 0x000000014f06b800 Exception <a 'java/lang/NoSuchMethodError'{0x0000000787fdfb18}: 'java.lang.Object java.lang.invoke.DirectMethodHandle$Holder.newInvokeSpecial(java.lang.Object, java.lang.Object, long)'> (0x0000000787fdfb18) 
thrown [open/src/hotspot/share/interpreter/linkResolver.cpp, line 766]
Event: 2.442 Thread 0x000000014f06b800 Exception <a 'java/lang/NoSuchMethodError'{0x0000000787fe33e0}: 'java.lang.Object java.lang.invoke.Invokers$Holder.linkToTargetMethod(java.lang.Object, long, java.lang.Object)'> (0x0000000787fe33e0) 
thrown [open/src/hotspot/share/interpreter/linkResolver.cpp, line 766]
Event: 2.465 Thread 0x0000000121812200 Exception <a 'java/lang/NoSuchMethodError'{0x0000000782b63d48}: 'java.lang.Object java.lang.invoke.DirectMethodHandle$Holder.invokeStaticInit(java.lang.Object, int)'> (0x0000000782b63d48) 
thrown [open/src/hotspot/share/interpreter/linkResolver.cpp, line 766]
Event: 3.726 Thread 0x000000014f06b800 Exception <a 'java/lang/NoSuchMethodError'{0x000000078257e5a0}: 'java.lang.Object java.lang.invoke.DirectMethodHandle$Holder.newInvokeSpecial(java.lang.Object, java.lang.Object, int, int, int, int, int, java.lang.Object)'> (0x000000078257e5a0) 
thrown [open/src/hotspot/share/interpreter/linkResolver.cpp, line 766]
Event: 3.727 Thread 0x000000014f06b800 Exception <a 'java/lang/NoSuchMethodError'{0x0000000782591988}: 'java.lang.Object java.lang.invoke.DirectMethodHandle$Holder.newInvokeSpecial(java.lang.Object, java.lang.Object, java.lang.Object, int, int, int, int, int)'> (0x0000000782591988) 
thrown [open/src/hotspot/share/interpreter/linkResolver.cpp, line 766]
Event: 3.727 Thread 0x000000014f06b800 Exception <a 'java/lang/NoSuchMethodError'{0x00000007825991e8}: 'java.lang.Object java.lang.invoke.Invokers$Holder.linkToTargetMethod(java.lang.Object, java.lang.Object, int, int, int, int, int, java.lang.Object)'> (0x00000007825991e8) 
thrown [open/src/hotspot/share/interpreter/linkResolver.cpp, line 766]
Event: 5.012 Thread 0x000000014f06b800 Exception <a 'sun/nio/fs/UnixException'{0x00000007820f2520}> (0x00000007820f2520) 
thrown [open/src/hotspot/share/prims/jni.cpp, line 516]
Event: 5.016 Thread 0x000000014f06b800 Implicit null exception at 0x00000001141f5e1c to 0x00000001141f5e7c
Event: 5.024 Thread 0x000000014f06b800 Implicit null exception at 0x00000001141d0d7c to 0x00000001141d4704

VM Operations (20 events):
Event: 2.363 Executing VM operation: ICBufferFull
Event: 2.363 Executing VM operation: ICBufferFull done
Event: 2.427 Executing VM operation: CollectForMetadataAllocation
Event: 2.432 Executing VM operation: CollectForMetadataAllocation done
Event: 2.436 Executing VM operation: G1Concurrent
Event: 2.437 Executing VM operation: G1Concurrent done
Event: 2.437 Executing VM operation: G1Concurrent
Event: 2.437 Executing VM operation: G1Concurrent done
Event: 2.946 Executing VM operation: ICBufferFull
Event: 2.946 Executing VM operation: ICBufferFull done
Event: 3.698 Executing VM operation: ICBufferFull
Event: 3.699 Executing VM operation: ICBufferFull done
Event: 4.127 Executing VM operation: ICBufferFull
Event: 4.127 Executing VM operation: ICBufferFull done
Event: 5.014 Executing VM operation: ICBufferFull
Event: 5.014 Executing VM operation: ICBufferFull done
Event: 5.025 Executing VM operation: HandshakeAllThreads
Event: 5.025 Executing VM operation: HandshakeAllThreads done
Event: 6.030 Executing VM operation: Cleanup
Event: 6.030 Executing VM operation: Cleanup done

Events (20 events):
Event: 4.923 Protecting memory [0x000000017a800000,0x000000017a80c000] with protection modes 0
Event: 4.923 Protecting memory [0x000000017a800000,0x000000017a80c000] with protection modes 3
Event: 4.923 Thread 0x000000014f615a00 Thread exited: 0x000000014f615a00
Event: 4.963 Loaded shared library /Users/sean/.openjfx/cache/17.0.0.1/libjavafx_iio.dylib
Event: 5.011 loading class java/time/zone/ZoneRulesProvider
Event: 5.011 loading class java/time/zone/ZoneRulesProvider done
Event: 5.011 loading class java/time/zone/ZoneRulesProvider$1
Event: 5.011 loading class java/time/zone/ZoneRulesProvider$1 done
Event: 5.011 loading class java/time/zone/TzdbZoneRulesProvider
Event: 5.011 loading class java/time/zone/TzdbZoneRulesProvider done
Event: 5.012 loading class java/time/zone/Ser
Event: 5.012 loading class java/io/Externalizable
Event: 5.012 loading class java/io/Externalizable done
Event: 5.012 loading class java/time/zone/Ser done
Event: 5.012 loading class java/time/zone/ZoneOffsetTransition
Event: 5.012 loading class java/time/zone/ZoneOffsetTransition done
Event: 5.320 Protecting memory [0x000000016ff28000,0x000000016ff34000] with protection modes 3
Event: 5.320 Thread 0x000000013a991200 Thread exited: 0x000000013a991200
Event: 6.219 Protecting memory [0x000000016ff28000,0x000000016ff34000] with protection modes 0
Event: 6.219 Thread 0x000000013e812a00 Thread added: 0x000000013e812a00


Dynamic libraries:
0x0000000102dc4000 	/Library/Java/JavaVirtualMachines/jdk-17.0.1.jdk/Contents/Home/lib/libjli.dylib
0x00000001a111e000 	/usr/lib/libz.1.dylib
0x00000001a11ce000 	/usr/lib/libSystem.B.dylib
0x00000001a11c8000 	/usr/lib/system/libcache.dylib
0x00000001a1186000 	/usr/lib/system/libcommonCrypto.dylib
0x00000001a11af000 	/usr/lib/system/libcompiler_rt.dylib
0x00000001a11a6000 	/usr/lib/system/libcopyfile.dylib
0x00000001964d2000 	/usr/lib/system/libcorecrypto.dylib
0x0000000196577000 	/usr/lib/system/libdispatch.dylib
0x000000019673f000 	/usr/lib/system/libdyld.dylib
0x00000001a11be000 	/usr/lib/system/libkeymgr.dylib
0x00000001a1168000 	/usr/lib/system/libmacho.dylib
0x00000001a0874000 	/usr/lib/system/libquarantine.dylib
0x00000001a11bb000 	/usr/lib/system/libremovefile.dylib
0x000000019b8c1000 	/usr/lib/system/libsystem_asl.dylib
0x000000019647c000 	/usr/lib/system/libsystem_blocks.dylib
0x00000001965fd000 	/usr/lib/system/libsystem_c.dylib
0x00000001a11b3000 	/usr/lib/system/libsystem_collections.dylib
0x000000019fcd1000 	/usr/lib/system/libsystem_configuration.dylib
0x000000019ef57000 	/usr/lib/system/libsystem_containermanager.dylib
0x00000001a0ed2000 	/usr/lib/system/libsystem_coreservices.dylib
0x0000000198e64000 	/usr/lib/system/libsystem_darwin.dylib
0x00000001a11bf000 	/usr/lib/system/libsystem_dnssd.dylib
0x00000001965fa000 	/usr/lib/system/libsystem_featureflags.dylib
0x0000000196754000 	/usr/lib/system/libsystem_info.dylib
0x00000001a1130000 	/usr/lib/system/libsystem_m.dylib
0x000000019654c000 	/usr/lib/system/libsystem_malloc.dylib
0x000000019b852000 	/usr/lib/system/libsystem_networkextension.dylib
0x00000001992b7000 	/usr/lib/system/libsystem_notify.dylib
0x00000001a739b000 	/usr/lib/system/libsystem_product_info_filter.dylib
0x000000019fcd6000 	/usr/lib/system/libsystem_sandbox.dylib
0x00000001a11b8000 	/usr/lib/system/libsystem_secinit.dylib
0x00000001966fc000 	/usr/lib/system/libsystem_kernel.dylib
0x000000019674c000 	/usr/lib/system/libsystem_platform.dylib
0x0000000196732000 	/usr/lib/system/libsystem_pthread.dylib
0x000000019cff7000 	/usr/lib/system/libsystem_symptoms.dylib
0x00000001964b8000 	/usr/lib/system/libsystem_trace.dylib
0x00000001a1193000 	/usr/lib/system/libunwind.dylib
0x000000019647e000 	/usr/lib/system/libxpc.dylib
0x00000001966e2000 	/usr/lib/libc++abi.dylib
0x00000001965be000 	/usr/lib/libobjc.A.dylib
0x00000001a119e000 	/usr/lib/liboah.dylib
0x000000019667e000 	/usr/lib/libc++.1.dylib
0x00000001acd78000 	/System/Library/Frameworks/Cocoa.framework/Versions/A/Cocoa
0x0000000199316000 	/System/Library/Frameworks/AppKit.framework/Versions/C/AppKit
0x000000019c838000 	/System/Library/Frameworks/CoreData.framework/Versions/A/CoreData
0x0000000197677000 	/System/Library/Frameworks/Foundation.framework/Versions/C/Foundation
0x000000019a1c8000 	/System/Library/PrivateFrameworks/UIFoundation.framework/Versions/A/UIFoundation
0x00000001a7095000 	/System/Library/PrivateFrameworks/RemoteViewServices.framework/Versions/A/RemoteViewServices
0x000000019f690000 	/System/Library/PrivateFrameworks/XCTTargetBootstrap.framework/Versions/A/XCTTargetBootstrap
0x00000001a2ed0000 	/System/Library/PrivateFrameworks/InternationalSupport.framework/Versions/A/InternationalSupport
0x00000001a2f59000 	/System/Library/PrivateFrameworks/UserActivity.framework/Versions/A/UserActivity
0x00000001a23fb000 	/usr/lib/libspindump.dylib
0x000000019a438000 	/System/Library/Frameworks/UniformTypeIdentifiers.framework/Versions/A/UniformTypeIdentifiers
0x000000019dc1e000 	/usr/lib/libapp_launch_measurement.dylib
0x000000019d19b000 	/System/Library/PrivateFrameworks/CoreAnalytics.framework/Versions/A/CoreAnalytics
0x000000019dc21000 	/System/Library/PrivateFrameworks/CoreAutoLayout.framework/Versions/A/CoreAutoLayout
0x000000019ef94000 	/System/Library/Frameworks/Metal.framework/Versions/A/Metal
0x000000019fce1000 	/usr/lib/liblangid.dylib
0x000000019f694000 	/System/Library/PrivateFrameworks/CoreSVG.framework/Versions/A/CoreSVG
0x000000019b8f5000 	/System/Library/PrivateFrameworks/SkyLight.framework/Versions/A/SkyLight
0x000000019bcbd000 	/System/Library/Frameworks/CoreGraphics.framework/Versions/A/CoreGraphics
0x00000001a770e000 	/System/Library/Frameworks/Accelerate.framework/Versions/A/Accelerate
0x00000001a1e70000 	/System/Library/PrivateFrameworks/IconServices.framework/Versions/A/IconServices
0x000000019ef76000 	/System/Library/Frameworks/IOSurface.framework/Versions/A/IOSurface
0x000000019d1cb000 	/usr/lib/libDiagnosticMessagesClient.dylib
0x00000001aab46000 	/System/Library/Frameworks/ApplicationServices.framework/Versions/A/ApplicationServices
0x000000019f678000 	/System/Library/PrivateFrameworks/DFRFoundation.framework/Versions/A/DFRFoundation
0x0000000198bb9000 	/usr/lib/libicucore.A.dylib
0x00000001a3ccd000 	/System/Library/Frameworks/AudioToolbox.framework/Versions/A/AudioToolbox
0x00000001a2edc000 	/System/Library/PrivateFrameworks/DataDetectorsCore.framework/Versions/A/DataDetectorsCore
0x00000001b8ef8000 	/System/Library/PrivateFrameworks/TextInput.framework/Versions/A/TextInput
0x000000019b86c000 	/usr/lib/libMobileGestalt.dylib
0x000000019f348000 	/System/Library/Frameworks/Carbon.framework/Versions/A/Frameworks/HIToolbox.framework/Versions/A/HIToolbox
0x000000019d628000 	/System/Library/Frameworks/QuartzCore.framework/Versions/A/QuartzCore
0x0000000198836000 	/System/Library/Frameworks/Security.framework/Versions/A/Security
0x00000001a70d5000 	/System/Library/Frameworks/Carbon.framework/Versions/A/Frameworks/SpeechRecognition.framework/Versions/A/SpeechRecognition
0x000000019d975000 	/System/Library/PrivateFrameworks/CoreUI.framework/Versions/A/CoreUI
0x0000000198109000 	/System/Library/Frameworks/CoreAudio.framework/Versions/A/CoreAudio
0x000000019d2bb000 	/System/Library/Frameworks/DiskArbitration.framework/Versions/A/DiskArbitration
0x00000001a27e3000 	/System/Library/PrivateFrameworks/MultitouchSupport.framework/Versions/A/MultitouchSupport
0x000000019b86a000 	/usr/lib/libenergytrace.dylib
0x00000001991e2000 	/System/Library/Frameworks/IOKit.framework/Versions/A/IOKit
0x00000001a74bc000 	/System/Library/Frameworks/CoreServices.framework/Versions/A/CoreServices
0x000000019dbae000 	/System/Library/PrivateFrameworks/PerformanceAnalysis.framework/Versions/A/PerformanceAnalysis
0x00000001f771d000 	/System/Library/Frameworks/OpenGL.framework/Versions/A/OpenGL
0x00000001a0794000 	/System/Library/PrivateFrameworks/MobileKeyBag.framework/Versions/A/MobileKeyBag
0x000000019c2cd000 	/System/Library/Frameworks/ColorSync.framework/Versions/A/ColorSync
0x0000000196780000 	/System/Library/Frameworks/CoreFoundation.framework/Versions/A/CoreFoundation
0x000000019f915000 	/System/Library/Frameworks/CoreImage.framework/Versions/A/CoreImage
0x0000000197f2c000 	/System/Library/Frameworks/CoreText.framework/Versions/A/CoreText
0x000000019f6c4000 	/System/Library/Frameworks/ImageIO.framework/Versions/A/ImageIO
0x00000001a11d4000 	/System/Library/PrivateFrameworks/SoftLinking.framework/Versions/A/SoftLinking
0x000000019dc6b000 	/usr/lib/libxml2.2.dylib
0x00000001a146c000 	/usr/lib/libcompression.dylib
0x00000001a2e29000 	/System/Library/PrivateFrameworks/TextureIO.framework/Versions/A/TextureIO
0x00000001a1b8a000 	/usr/lib/libate.dylib
0x00000001a1a52000 	/usr/lib/liblzma.5.dylib
0x0000000197368000 	/System/Library/Frameworks/SystemConfiguration.framework/Versions/A/SystemConfiguration
0x00000001a11d0000 	/usr/lib/libfakelink.dylib
0x000000019b39a000 	/System/Library/Frameworks/CFNetwork.framework/Versions/A/CFNetwork
0x00000001a1317000 	/usr/lib/libarchive.2.dylib
0x000000019fcdd000 	/System/Library/PrivateFrameworks/AppleSystemInfo.framework/Versions/A/AppleSystemInfo
0x00000001a089e000 	/usr/lib/libbsm.0.dylib
0x000000019a8d7000 	/usr/lib/libnetwork.dylib
0x00000001a116e000 	/usr/lib/system/libkxld.dylib
0x00000001a04b6000 	/System/Library/PrivateFrameworks/IOMobileFramebuffer.framework/Versions/A/IOMobileFramebuffer
0x0000000213048000 	/usr/lib/libCoreEntitlements.dylib
0x00000001a0eb4000 	/System/Library/PrivateFrameworks/AppleFSCompression.framework/Versions/A/AppleFSCompression
0x00000001a0887000 	/usr/lib/libcoretls.dylib
0x00000001a1a6b000 	/usr/lib/libcoretls_cfhelpers.dylib
0x00000001a1467000 	/usr/lib/libpam.2.dylib
0x000000019cc1f000 	/usr/lib/libsqlite3.dylib
0x00000001a1ad3000 	/usr/lib/libxar.1.dylib
0x00000001a0ec5000 	/usr/lib/libbz2.1.0.dylib
0x00000001a11d5000 	/usr/lib/libpcap.A.dylib
0x000000019cfee000 	/usr/lib/libdns_services.dylib
0x00000001a143a000 	/usr/lib/libapple_nghttp2.dylib
0x00000001a1212000 	/usr/lib/libiconv.2.dylib
0x00000001a1167000 	/usr/lib/libcharset.1.dylib
0x000000019dbea000 	/System/Library/Frameworks/CoreServices.framework/Versions/A/Frameworks/FSEvents.framework/Versions/A/FSEvents
0x0000000198e6f000 	/System/Library/Frameworks/CoreServices.framework/Versions/A/Frameworks/CarbonCore.framework/Versions/A/CarbonCore
0x000000019d21e000 	/System/Library/Frameworks/CoreServices.framework/Versions/A/Frameworks/Metadata.framework/Versions/A/Metadata
0x00000001a0ed8000 	/System/Library/Frameworks/CoreServices.framework/Versions/A/Frameworks/OSServices.framework/Versions/A/OSServices
0x00000001a139c000 	/System/Library/Frameworks/CoreServices.framework/Versions/A/Frameworks/SearchKit.framework/Versions/A/SearchKit
0x000000019cf7c000 	/System/Library/Frameworks/CoreServices.framework/Versions/A/Frameworks/AE.framework/Versions/A/AE
0x0000000196cc4000 	/System/Library/Frameworks/CoreServices.framework/Versions/A/Frameworks/LaunchServices.framework/Versions/A/LaunchServices
0x00000001a19fb000 	/System/Library/Frameworks/CoreServices.framework/Versions/A/Frameworks/DictionaryServices.framework/Versions/A/DictionaryServices
0x000000019dbf7000 	/System/Library/Frameworks/CoreServices.framework/Versions/A/Frameworks/SharedFileList.framework/Versions/A/SharedFileList
0x00000001a0877000 	/usr/lib/libCheckFix.dylib
0x000000019b8d9000 	/System/Library/PrivateFrameworks/TCC.framework/Versions/A/TCC
0x000000019fce3000 	/System/Library/PrivateFrameworks/CoreNLP.framework/Versions/A/CoreNLP
0x000000019d1ce000 	/System/Library/PrivateFrameworks/MetadataUtilities.framework/Versions/A/MetadataUtilities
0x0000000197421000 	/usr/lib/libmecabra.dylib
0x00000001a08af000 	/usr/lib/libmecab.dylib
0x00000001973ed000 	/usr/lib/libCRFSuite.dylib
0x00000001a090d000 	/usr/lib/libgermantok.dylib
0x00000001a1413000 	/usr/lib/libThaiTokenizer.dylib
0x000000019d2c3000 	/System/Library/Frameworks/Accelerate.framework/Versions/A/Frameworks/vImage.framework/Versions/A/vImage
0x00000001a7493000 	/System/Library/Frameworks/Accelerate.framework/Versions/A/Frameworks/vecLib.framework/Versions/A/vecLib
0x00000001a1b17000 	/System/Library/Frameworks/Accelerate.framework/Versions/A/Frameworks/vecLib.framework/Versions/A/libvMisc.dylib
0x00000001a03c0000 	/System/Library/Frameworks/Accelerate.framework/Versions/A/Frameworks/vecLib.framework/Versions/A/libvDSP.dylib
0x0000000197047000 	/System/Library/Frameworks/Accelerate.framework/Versions/A/Frameworks/vecLib.framework/Versions/A/libBLAS.dylib
0x00000001a153b000 	/System/Library/Frameworks/Accelerate.framework/Versions/A/Frameworks/vecLib.framework/Versions/A/libLAPACK.dylib
0x00000001a0910000 	/System/Library/Frameworks/Accelerate.framework/Versions/A/Frameworks/vecLib.framework/Versions/A/libLinearAlgebra.dylib
0x00000001a1452000 	/System/Library/Frameworks/Accelerate.framework/Versions/A/Frameworks/vecLib.framework/Versions/A/libSparseBLAS.dylib
0x00000001a1536000 	/System/Library/Frameworks/Accelerate.framework/Versions/A/Frameworks/vecLib.framework/Versions/A/libQuadrature.dylib
0x000000019fdda000 	/System/Library/Frameworks/Accelerate.framework/Versions/A/Frameworks/vecLib.framework/Versions/A/libBNNS.dylib
0x0000000197305000 	/System/Library/Frameworks/Accelerate.framework/Versions/A/Frameworks/vecLib.framework/Versions/A/libSparse.dylib
0x000000019fdd2000 	/System/Library/PrivateFrameworks/LinguisticData.framework/Versions/A/LinguisticData
0x00000001972bb000 	/System/Library/PrivateFrameworks/Lexicon.framework/Versions/A/Lexicon
0x00000001a1b0f000 	/usr/lib/libChineseTokenizer.dylib
0x0000000197a65000 	/System/Library/PrivateFrameworks/LanguageModeling.framework/Versions/A/LanguageModeling
0x00000001a1415000 	/System/Library/PrivateFrameworks/AppleSauce.framework/Versions/A/AppleSauce
0x00000001a04a3000 	/System/Library/PrivateFrameworks/CoreEmoji.framework/Versions/A/CoreEmoji
0x00000001a1305000 	/usr/lib/libcmph.dylib
0x000000019dbca000 	/System/Library/Frameworks/OpenDirectory.framework/Versions/A/Frameworks/CFOpenDirectory.framework/Versions/A/CFOpenDirectory
0x000000019dbba000 	/System/Library/Frameworks/OpenDirectory.framework/Versions/A/OpenDirectory
0x00000001a1a6d000 	/System/Library/PrivateFrameworks/APFS.framework/Versions/A/APFS
0x00000001a07cf000 	/System/Library/Frameworks/SecurityFoundation.framework/Versions/A/SecurityFoundation
0x00000001a1ae1000 	/usr/lib/libutil.dylib
0x00000001991a4000 	/System/Library/PrivateFrameworks/CoreServicesStore.framework/Versions/A/CoreServicesStore
0x00000001a1ae5000 	/usr/lib/libxslt.1.dylib
0x00000001a0863000 	/System/Library/PrivateFrameworks/BackgroundTaskManagement.framework/Versions/A/BackgroundTaskManagement
0x00000001a2d4a000 	/System/Library/Frameworks/ImageIO.framework/Versions/A/Resources/libRadiance.dylib
0x00000001a2d53000 	/System/Library/Frameworks/ImageIO.framework/Versions/A/Resources/libJPEG.dylib
0x00000001a2ca5000 	/System/Library/Frameworks/ImageIO.framework/Versions/A/Resources/libPng.dylib
0x00000001a2cc7000 	/System/Library/Frameworks/ImageIO.framework/Versions/A/Resources/libTIFF.dylib
0x00000001a2dae000 	/System/Library/Frameworks/ImageIO.framework/Versions/A/Resources/libGIF.dylib
0x00000001a26f3000 	/System/Library/Frameworks/ImageIO.framework/Versions/A/Resources/libJP2.dylib
0x00000001a1e36000 	/usr/lib/libexpat.1.dylib
0x00000001a26ae000 	/System/Library/PrivateFrameworks/AppleJPEG.framework/Versions/A/AppleJPEG
0x000000019f207000 	/System/Library/PrivateFrameworks/FontServices.framework/libFontParser.dylib
0x000000019cf21000 	/System/Library/PrivateFrameworks/RunningBoardServices.framework/Versions/A/RunningBoardServices
0x00000001ad3e3000 	/System/Library/PrivateFrameworks/IOSurfaceAccelerator.framework/Versions/A/IOSurfaceAccelerator
0x00000001a27df000 	/System/Library/PrivateFrameworks/WatchdogClient.framework/Versions/A/WatchdogClient
0x0000000197b69000 	/System/Library/Frameworks/CoreDisplay.framework/Versions/A/CoreDisplay
0x000000019f0f6000 	/System/Library/Frameworks/CoreMedia.framework/Versions/A/CoreMedia
0x000000019ef8a000 	/System/Library/PrivateFrameworks/IOAccelerator.framework/Versions/A/IOAccelerator
0x000000019dd58000 	/System/Library/Frameworks/CoreVideo.framework/Versions/A/CoreVideo
0x00000001a1465000 	/System/Library/Frameworks/MetalPerformanceShaders.framework/Versions/A/MetalPerformanceShaders
0x00000001a281c000 	/System/Library/Frameworks/VideoToolbox.framework/Versions/A/VideoToolbox
0x000000019ce65000 	/System/Library/PrivateFrameworks/BaseBoard.framework/Versions/A/BaseBoard
0x000000019cc04000 	/System/Library/PrivateFrameworks/ProtocolBuffer.framework/Versions/A/ProtocolBuffer
0x00000001a2d45000 	/System/Library/PrivateFrameworks/GPUWrangler.framework/Versions/A/GPUWrangler
0x00000001a2d24000 	/System/Library/PrivateFrameworks/IOPresentment.framework/Versions/A/IOPresentment
0x00000001a2d4d000 	/System/Library/PrivateFrameworks/DSExternalDisplay.framework/Versions/A/DSExternalDisplay
0x00000001f7710000 	/System/Library/Frameworks/OpenGL.framework/Versions/A/Libraries/libCoreFSCache.dylib
0x0000000200e2a000 	/System/Library/PrivateFrameworks/GPUCompiler.framework/Versions/31001/Libraries/libGPUCompilerUtils.dylib
0x00000001a2db3000 	/System/Library/PrivateFrameworks/CMCaptureCore.framework/Versions/A/CMCaptureCore
0x00000001a23e9000 	/System/Library/PrivateFrameworks/AppServerSupport.framework/Versions/A/AppServerSupport
0x00000001a4588000 	/System/Library/PrivateFrameworks/perfdata.framework/Versions/A/perfdata
0x0000000197c89000 	/System/Library/PrivateFrameworks/AudioToolboxCore.framework/Versions/A/AudioToolboxCore
0x000000019f0ce000 	/System/Library/PrivateFrameworks/caulk.framework/Versions/A/caulk
0x00000001a3e7d000 	/usr/lib/libAudioStatistics.dylib
0x00000001b5696000 	/System/Library/PrivateFrameworks/SystemPolicy.framework/Versions/A/SystemPolicy
0x00000001a40dd000 	/usr/lib/libSMC.dylib
0x00000001acc5a000 	/System/Library/Frameworks/CoreMIDI.framework/Versions/A/CoreMIDI
0x00000001a2c73000 	/usr/lib/libAudioToolboxUtility.dylib
0x00000001b1b3c000 	/System/Library/PrivateFrameworks/OSAServicesClient.framework/Versions/A/OSAServicesClient
0x00000001a4595000 	/usr/lib/libperfcheck.dylib
0x00000001b6199000 	/usr/lib/libmis.dylib
0x00000001f7771000 	/System/Library/Frameworks/OpenGL.framework/Versions/A/Libraries/libGLU.dylib
0x00000001f7730000 	/System/Library/Frameworks/OpenGL.framework/Versions/A/Libraries/libGFXShared.dylib
0x00000001f791a000 	/System/Library/Frameworks/OpenGL.framework/Versions/A/Libraries/libGL.dylib
0x00000001f7739000 	/System/Library/Frameworks/OpenGL.framework/Versions/A/Libraries/libGLImage.dylib
0x00000001f772d000 	/System/Library/Frameworks/OpenGL.framework/Versions/A/Libraries/libCVMSPluginSupport.dylib
0x00000001f7717000 	/System/Library/Frameworks/OpenGL.framework/Versions/A/Libraries/libCoreVMClient.dylib
0x000000019fc5f000 	/System/Library/Frameworks/MetalPerformanceShaders.framework/Versions/A/Frameworks/MPSCore.framework/Versions/A/MPSCore
0x00000001a0e27000 	/System/Library/Frameworks/MetalPerformanceShaders.framework/Versions/A/Frameworks/MPSImage.framework/Versions/A/MPSImage
0x00000001a0925000 	/System/Library/Frameworks/MetalPerformanceShaders.framework/Versions/A/Frameworks/MPSNeuralNetwork.framework/Versions/A/MPSNeuralNetwork
0x00000001a0d62000 	/System/Library/Frameworks/MetalPerformanceShaders.framework/Versions/A/Frameworks/MPSMatrix.framework/Versions/A/MPSMatrix
0x00000001a0b3d000 	/System/Library/Frameworks/MetalPerformanceShaders.framework/Versions/A/Frameworks/MPSRayIntersector.framework/Versions/A/MPSRayIntersector
0x00000001a0d93000 	/System/Library/Frameworks/MetalPerformanceShaders.framework/Versions/A/Frameworks/MPSNDArray.framework/Versions/A/MPSNDArray
0x00000001f942c000 	/System/Library/Frameworks/MetalPerformanceShaders.framework/Versions/A/Frameworks/MPSFunctions.framework/Versions/A/MPSFunctions
0x0000000196f25000 	/System/Library/PrivateFrameworks/MetalTools.framework/Versions/A/MetalTools
0x000000019fcdb000 	/System/Library/PrivateFrameworks/AggregateDictionary.framework/Versions/A/AggregateDictionary
0x00000001a1c1c000 	/usr/lib/libIOReport.dylib
0x00000001abc48000 	/System/Library/PrivateFrameworks/ASEProcessing.framework/Versions/A/ASEProcessing
0x00000001a1f8e000 	/System/Library/PrivateFrameworks/FaceCore.framework/Versions/A/FaceCore
0x00000001a1f80000 	/System/Library/PrivateFrameworks/GraphVisualizer.framework/Versions/A/GraphVisualizer
0x0000000200d41000 	/System/Library/PrivateFrameworks/FontServices.framework/Versions/A/FontServices
0x00000001a23a3000 	/System/Library/PrivateFrameworks/OTSVG.framework/Versions/A/OTSVG
0x000000019d926000 	/System/Library/Frameworks/ApplicationServices.framework/Versions/A/Frameworks/ATS.framework/Versions/A/Resources/libFontRegistry.dylib
0x00000001a23f2000 	/System/Library/PrivateFrameworks/FontServices.framework/libhvf.dylib
0x0000000200d42000 	/System/Library/PrivateFrameworks/FontServices.framework/libXTFontStaticRegistryData.dylib
0x00000001f7abc000 	/System/Library/Frameworks/OpenCL.framework/Versions/A/OpenCL
0x00000001a1dea000 	/System/Library/PrivateFrameworks/AppleVA.framework/Versions/A/AppleVA
0x00000001a3ea5000 	/System/Library/Frameworks/ApplicationServices.framework/Versions/A/Frameworks/ATS.framework/Versions/A/ATS
0x000000019c3ca000 	/System/Library/Frameworks/ApplicationServices.framework/Versions/A/Frameworks/HIServices.framework/Versions/A/HIServices
0x00000001a2dbd000 	/System/Library/Frameworks/ApplicationServices.framework/Versions/A/Frameworks/PrintCore.framework/Versions/A/PrintCore
0x00000001a4230000 	/System/Library/Frameworks/ApplicationServices.framework/Versions/A/Frameworks/QD.framework/Versions/A/QD
0x00000001a4228000 	/System/Library/Frameworks/ApplicationServices.framework/Versions/A/Frameworks/ColorSyncLegacy.framework/Versions/A/ColorSyncLegacy
0x00000001a3e91000 	/System/Library/Frameworks/ApplicationServices.framework/Versions/A/Frameworks/SpeechSynthesis.framework/Versions/A/SpeechSynthesis
0x00000001a2d7e000 	/System/Library/Frameworks/ApplicationServices.framework/Versions/A/Frameworks/ATSUI.framework/Versions/A/ATSUI
0x00000001a41bd000 	/usr/lib/libcups.2.dylib
0x00000001a45a3000 	/System/Library/Frameworks/Kerberos.framework/Versions/A/Kerberos
0x00000001a45b4000 	/System/Library/Frameworks/GSS.framework/Versions/A/GSS
0x00000001a3f14000 	/usr/lib/libresolv.9.dylib
0x00000001a2400000 	/System/Library/PrivateFrameworks/Heimdal.framework/Versions/A/Heimdal
0x00000001aaebc000 	/System/Library/Frameworks/Kerberos.framework/Versions/A/Libraries/libHeimdalProxy.dylib
0x000000019d000000 	/System/Library/Frameworks/Network.framework/Versions/A/Network
0x00000001a1e51000 	/usr/lib/libheimdal-asn1.dylib
0x00000001a45fa000 	/System/Library/PrivateFrameworks/CommonAuth.framework/Versions/A/CommonAuth
0x00000001a3e0b000 	/System/Library/PrivateFrameworks/AudioSession.framework/Versions/A/AudioSession
0x00000001a1ee2000 	/System/Library/PrivateFrameworks/MediaExperience.framework/Versions/A/MediaExperience
0x00000001a3c93000 	/System/Library/PrivateFrameworks/AudioSession.framework/libSessionUtility.dylib
0x00000001a423c000 	/System/Library/PrivateFrameworks/AudioResourceArbitration.framework/Versions/A/AudioResourceArbitration
0x00000001a1e5a000 	/System/Library/PrivateFrameworks/IconFoundation.framework/Versions/A/IconFoundation
0x00000001a70c1000 	/System/Library/PrivateFrameworks/SpeechRecognitionCore.framework/Versions/A/SpeechRecognitionCore
0x00000001da83a000 	/System/Library/CoreServices/Encodings/libTraditionalChineseConverter.dylib
0x0000000103f98000 	/Library/Java/JavaVirtualMachines/jdk-17.0.1.jdk/Contents/Home/lib/server/libjvm.dylib
0x0000000102e28000 	/Library/Java/JavaVirtualMachines/jdk-17.0.1.jdk/Contents/Home/lib/libjimage.dylib
0x0000000102e54000 	/Library/Java/JavaVirtualMachines/jdk-17.0.1.jdk/Contents/Home/lib/libinstrument.dylib
0x0000000102ea0000 	/Library/Java/JavaVirtualMachines/jdk-17.0.1.jdk/Contents/Home/lib/libjava.dylib
0x0000000103e00000 	/Library/Java/JavaVirtualMachines/jdk-17.0.1.jdk/Contents/Home/lib/libnio.dylib
0x0000000103e20000 	/Library/Java/JavaVirtualMachines/jdk-17.0.1.jdk/Contents/Home/lib/libnet.dylib
0x0000000102e88000 	/Library/Java/JavaVirtualMachines/jdk-17.0.1.jdk/Contents/Home/lib/libzip.dylib
0x0000000103e44000 	/Users/sean/.openjfx/cache/17.0.0.1/libprism_es2.dylib
0x0000000199167000 	/System/Library/PrivateFrameworks/CoreServicesInternal.framework/Versions/A/CoreServicesInternal
0x00000001f7924000 	/System/Library/Frameworks/OpenGL.framework/Versions/A/Resources/GLEngine.bundle/GLEngine
0x00000001f77ab000 	/System/Library/Frameworks/OpenGL.framework/Versions/A/Libraries/libGLProgrammability.dylib
0x0000000124c48000 	/System/Library/Extensions/AppleMetalOpenGLRenderer.bundle/Contents/MacOS/AppleMetalOpenGLRenderer
0x00000001f7a93000 	/System/Library/Frameworks/OpenGL.framework/Versions/A/Resources/GLRendererFloat.bundle/GLRendererFloat
0x00000001f7b34000 	/System/Library/Extensions/AGXMetal13_3.bundle/Contents/MacOS/AGXMetal13_3
0x00000001b61b5000 	/System/Library/PrivateFrameworks/GPURawCounter.framework/Versions/A/GPURawCounter
0x00000001b0c8a000 	/System/Library/PrivateFrameworks/IOGPU.framework/Versions/A/IOGPU
0x0000000124e84000 	/Users/sean/.openjfx/cache/17.0.0.1/libglass.dylib
0x00000001a8561000 	/System/Library/Frameworks/FileProvider.framework/Versions/A/FileProvider
0x000000019cdcd000 	/System/Library/Frameworks/Accounts.framework/Versions/A/Accounts
0x00000001a86e1000 	/System/Library/PrivateFrameworks/GenerationalStorage.framework/Versions/A/GenerationalStorage
0x00000001a9291000 	/System/Library/PrivateFrameworks/CoreSymbolication.framework/Versions/A/CoreSymbolication
0x00000001a8301000 	/System/Library/PrivateFrameworks/SymptomDiagnosticReporter.framework/Versions/A/SymptomDiagnosticReporter
0x000000019a44c000 	/System/Library/PrivateFrameworks/DesktopServicesPriv.framework/Versions/A/DesktopServicesPriv
0x00000001992c6000 	/usr/lib/libsandbox.1.dylib
0x000000019dde4000 	/System/Library/PrivateFrameworks/UserManagement.framework/Versions/A/UserManagement
0x00000001a9252000 	/System/Library/PrivateFrameworks/DebugSymbols.framework/Versions/A/DebugSymbols
0x00000001a421b000 	/System/Library/PrivateFrameworks/NetAuth.framework/Versions/A/NetAuth
0x00000001a5119000 	/System/Library/PrivateFrameworks/Sharing.framework/Versions/A/Sharing
0x000000019ddb4000 	/System/Library/PrivateFrameworks/login.framework/Versions/A/Frameworks/loginsupport.framework/Versions/A/loginsupport
0x00000001aa402000 	/System/Library/PrivateFrameworks/Apple80211.framework/Versions/A/Apple80211
0x00000001a0f0b000 	/System/Library/PrivateFrameworks/AuthKit.framework/Versions/A/AuthKit
0x00000001a05a2000 	/System/Library/PrivateFrameworks/CoreUtils.framework/Versions/A/CoreUtils
0x00000001a04c2000 	/System/Library/Frameworks/CoreWLAN.framework/Versions/A/CoreWLAN
0x00000001a5282000 	/System/Library/Frameworks/IOBluetooth.framework/Versions/A/IOBluetooth
0x00000001aa462000 	/System/Library/PrivateFrameworks/CoreWiFi.framework/Versions/A/CoreWiFi
0x00000001a8e39000 	/System/Library/PrivateFrameworks/FrontBoardServices.framework/Versions/A/FrontBoardServices
0x00000001a8ed1000 	/System/Library/PrivateFrameworks/BoardServices.framework/Versions/A/BoardServices
0x00000001a07bd000 	/System/Library/PrivateFrameworks/AssertionServices.framework/Versions/A/AssertionServices
0x00000001aa5d0000 	/System/Library/PrivateFrameworks/BackBoardServices.framework/Versions/A/BackBoardServices
0x00000001a468d000 	/System/Library/PrivateFrameworks/CorePhoneNumbers.framework/Versions/A/CorePhoneNumbers
0x00000001a8431000 	/System/Library/PrivateFrameworks/DiskManagement.framework/Versions/A/DiskManagement
0x00000001a8334000 	/System/Library/PrivateFrameworks/AppleIDAuthSupport.framework/Versions/A/AppleIDAuthSupport
0x00000001fb6c5000 	/System/Library/PrivateFrameworks/AAAFoundation.framework/Versions/A/AAAFoundation
0x00000001a466c000 	/System/Library/PrivateFrameworks/KeychainCircle.framework/Versions/A/KeychainCircle
0x00000001a83fd000 	/System/Library/PrivateFrameworks/MediaKit.framework/Versions/A/MediaKit
0x00000001a8341000 	/System/Library/Frameworks/DiscRecording.framework/Versions/A/DiscRecording
0x00000001a1d66000 	/usr/lib/libCoreStorage.dylib
0x00000001aa8ca000 	/usr/lib/libcsfde.dylib
0x00000001a5357000 	/System/Library/PrivateFrameworks/ProtectedCloudStorage.framework/Versions/A/ProtectedCloudStorage
0x00000001aa8c2000 	/System/Library/PrivateFrameworks/EFILogin.framework/Versions/A/EFILogin
0x00000001a8708000 	/System/Library/PrivateFrameworks/OctagonTrust.framework/Versions/A/OctagonTrust
0x00000001fffac000 	/System/Library/PrivateFrameworks/CoreUtilsExtras.framework/Versions/A/CoreUtilsExtras
0x00000001a8273000 	/System/Library/Frameworks/CoreBluetooth.framework/Versions/A/CoreBluetooth
0x00000001aaf41000 	/System/Library/Frameworks/AudioUnit.framework/Versions/A/AudioUnit
0x00000001a1d5e000 	/usr/lib/libMatch.1.dylib
0x00000001ba41c000 	/System/Library/Frameworks/Accelerate.framework/Versions/A/Frameworks/vImage.framework/Versions/A/Libraries/libCGInterfaces.dylib
0x0000000126f8c000 	/usr/lib/libobjc-trampolines.dylib
0x000000019dab2000 	/System/Library/PrivateFrameworks/ViewBridge.framework/Versions/A/ViewBridge
0x00000001a24ae000 	/System/Library/PrivateFrameworks/login.framework/Versions/A/login
0x0000000139658000 	/Users/sean/.openjfx/cache/17.0.0.1/libjavafx_font.dylib
0x00000002131c2000 	/usr/lib/libRosetta.dylib
0x000000014c7e8000 	/Users/sean/.openjfx/cache/17.0.0.1/libjavafx_iio.dylib


VM Arguments:
jvm_args: -javaagent:/Applications/IntelliJ IDEA CE.app/Contents/lib/idea_rt.jar=57682:/Applications/IntelliJ IDEA CE.app/Contents/bin -Dfile.encoding=UTF-8 --module-path=/Users/sean/.m2/repository/org/openjfx/javafx-graphics/17.0.0.1/javafx-graphics-17.0.0.1-mac-aarch64.jar:/Users/sean/Documents/GitHub/Meal-Ordering-System/FoodOrderingSystem/target/classes:/Users/sean/.m2/repository/org/openjfx/javafx-base/17.0.0.1/javafx-base-17.0.0.1-mac-aarch64.jar:/Users/sean/.m2/repository/org/openjfx/javafx-controls/17.0.0.1/javafx-controls-17.0.0.1-mac-aarch64.jar:/Users/sean/.m2/repository/org/openjfx/javafx-fxml/17.0.0.1/javafx-fxml-17.0.0.1-mac-aarch64.jar -Djdk.module.main=com.example.foodorderingsystem 
java_command: com.example.foodorderingsystem/com.example.foodorderingsystem.HelloApplication
java_class_path (initial): /Users/sean/.m2/repository/org/openjfx/javafx-controls/17.0.0.1/javafx-controls-17.0.0.1.jar:/Users/sean/.m2/repository/org/openjfx/javafx-graphics/17.0.0.1/javafx-graphics-17.0.0.1.jar:/Users/sean/.m2/repository/org/openjfx/javafx-base/17.0.0.1/javafx-base-17.0.0.1.jar:/Users/sean/.m2/repository/org/openjfx/javafx-fxml/17.0.0.1/javafx-fxml-17.0.0.1.jar
Launcher Type: SUN_STANDARD

[Global flags]
     intx CICompilerCount                          = 4                                         {product} {ergonomic}
     uint ConcGCThreads                            = 2                                         {product} {ergonomic}
     uint G1ConcRefinementThreads                  = 8                                         {product} {ergonomic}
   size_t G1HeapRegionSize                         = 1048576                                   {product} {ergonomic}
    uintx GCDrainStackTargetSize                   = 64                                        {product} {ergonomic}
   size_t InitialHeapSize                          = 134217728                                 {product} {ergonomic}
   size_t MarkStackSize                            = 4194304                                   {product} {ergonomic}
   size_t MaxHeapSize                              = 2147483648                                {product} {ergonomic}
   size_t MaxNewSize                               = 1287651328                                {product} {ergonomic}
   size_t MinHeapDeltaBytes                        = 1048576                                   {product} {ergonomic}
   size_t MinHeapSize                              = 8388608                                   {product} {ergonomic}
    uintx NonNMethodCodeHeapSize                   = 5839564                                {pd product} {ergonomic}
    uintx NonProfiledCodeHeapSize                  = 122909338                              {pd product} {ergonomic}
    uintx ProfiledCodeHeapSize                     = 122909338                              {pd product} {ergonomic}
    uintx ReservedCodeCacheSize                    = 251658240                              {pd product} {ergonomic}
     bool SegmentedCodeCache                       = true                                      {product} {ergonomic}
   size_t SoftMaxHeapSize                          = 2147483648                             {manageable} {ergonomic}
     bool UseCompressedClassPointers               = true                           {product lp64_product} {ergonomic}
     bool UseCompressedOops                        = true                           {product lp64_product} {ergonomic}
     bool UseG1GC                                  = true                                      {product} {ergonomic}
     bool UseNUMA                                  = false                                     {product} {ergonomic}
     bool UseNUMAInterleaving                      = false                                     {product} {ergonomic}

Logging:
Log output configuration:
 #0: stdout all=warning uptime,level,tags
 #1: stderr all=off uptime,level,tags

Environment Variables:
PATH=/usr/local/bin:/usr/bin:/bin:/usr/sbin:/sbin
SHELL=/bin/zsh
LC_CTYPE=zh_TW.UTF-8

Signal Handlers:
   SIGSEGV: _ZL13crash_handleriP9__siginfoPv in libjvm.dylib, mask=11100110000111110111111111111111, flags=SA_RESTART|SA_SIGINFO
    SIGBUS: _ZL13crash_handleriP9__siginfoPv in libjvm.dylib, mask=11100110000111110111111111111111, flags=SA_RESTART|SA_SIGINFO
    SIGFPE: _ZL13crash_handleriP9__siginfoPv in libjvm.dylib, mask=11100110000111110111111111111111, flags=SA_RESTART|SA_SIGINFO
   SIGPIPE: _ZL17javaSignalHandleriP9__siginfoPv in libjvm.dylib, mask=11100110000111110111111111111111, flags=SA_RESTART|SA_SIGINFO
   SIGXFSZ: _ZL17javaSignalHandleriP9__siginfoPv in libjvm.dylib, mask=11100110000111110111111111111111, flags=SA_RESTART|SA_SIGINFO
    SIGILL: _ZL13crash_handleriP9__siginfoPv in libjvm.dylib, mask=11100110000111110111111111111111, flags=SA_RESTART|SA_SIGINFO
   SIGUSR2: _ZL10SR_handleriP9__siginfoP17__darwin_ucontext in libjvm.dylib, mask=00100000000000000000000000000000, flags=SA_RESTART|SA_SIGINFO
    SIGHUP: _ZL11UserHandleriPvS_ in libjvm.dylib, mask=11100110000111110111111111111111, flags=SA_RESTART|SA_SIGINFO
    SIGINT: _ZL11UserHandleriPvS_ in libjvm.dylib, mask=11100110000111110111111111111111, flags=SA_RESTART|SA_SIGINFO
   SIGTERM: _ZL11UserHandleriPvS_ in libjvm.dylib, mask=11100110000111110111111111111111, flags=SA_RESTART|SA_SIGINFO
   SIGQUIT: _ZL11UserHandleriPvS_ in libjvm.dylib, mask=11100110000111110111111111111111, flags=SA_RESTART|SA_SIGINFO
   SIGTRAP: _ZL13crash_handleriP9__siginfoPv in libjvm.dylib, mask=11100110000111110111111111111111, flags=SA_RESTART|SA_SIGINFO


---------------  S Y S T E M  ---------------

OS:
uname: Darwin 21.1.0 Darwin Kernel Version 21.1.0: Wed Oct 13 17:33:24 PDT 2021; root:xnu-8019.41.5~1/RELEASE_ARM64_T8101 arm64
OS uptime: 26 days 9:42 hours
rlimit (soft/hard): STACK 8176k/65520k , CORE 0k/infinity , NPROC 1333/2000 , NOFILE 10240/infinity , AS infinity/infinity , CPU infinity/infinity , DATA infinity/infinity , FSIZE infinity/infinity , MEMLOCK infinity/infinity , RSS infinity/infinity
load average: 3.84 2.79 2.28

CPU: total 8 (initial active 8) 0x61:0x0:0x1b588bb3:0, fp, simd, crc, lse

Memory: 16k page, physical 8388608k(106688k free), swap 7340032k(1441536k free)

vm_info: Java HotSpot(TM) 64-Bit Server VM (17.0.1+12-LTS-39) for bsd-aarch64 JRE (17.0.1+12-LTS-39), built on Sep 27 2021 17:38:30 by "mach5one" with clang Apple LLVM 12.0.0 (clang-1200.0.32.29)

END.
