#
# A fatal error has been detected by the Java Runtime Environment:
#
#  SIGBUS (0xa) at pc=0x0000000109e094f0, pid=218, tid=34575
#
# JRE version: Java(TM) SE Runtime Environment (17.0.1+12) (build 17.0.1+12-LTS-39)
# Java VM: Java HotSpot(TM) 64-Bit Server VM (17.0.1+12-LTS-39, mixed mode, sharing, tiered, compressed oops, compressed class ptrs, g1 gc, bsd-aarch64)
# Problematic frame:
# v  ~StubRoutines::SafeFetchN
#
# No core dump will be written. Core dumps have been disabled. To enable core dumping, try "ulimit -c unlimited" before starting Java again
#
# If you would like to submit a bug report, please visit:
#   https://bugreport.java.com/bugreport/crash.jsp
# The crash happened outside the Java Virtual Machine in native code.
# See problematic frame for where to report the bug.
#

---------------  S U M M A R Y ------------

Command Line: -agentlib:jdwp=transport=dt_socket,address=127.0.0.1:49622,suspend=y,server=n -javaagent:/Users/sean/Library/Caches/JetBrains/IdeaIC2021.2/captureAgent/debugger-agent.jar -Dfile.encoding=UTF-8 --module-path=/Users/sean/.m2/repository/org/openjfx/javafx-graphics/17.0.0.1/javafx-graphics-17.0.0.1-mac-aarch64.jar:/Users/sean/Documents/GitHub/Meal-Ordering-System/FoodOrderingSystem/target/classes:/Users/sean/.m2/repository/org/openjfx/javafx-base/17.0.0.1/javafx-base-17.0.0.1-mac-aarch64.jar:/Users/sean/.m2/repository/org/openjfx/javafx-fxml/17.0.0.1/javafx-fxml-17.0.0.1-mac-aarch64.jar:/Users/sean/.m2/repository/org/openjfx/javafx-controls/17.0.0.1/javafx-controls-17.0.0.1-mac-aarch64.jar -Djdk.module.main=com.example.foodorderingsystem com.example.foodorderingsystem/com.example.foodorderingsystem.HelloApplication

Host: "MacBookPro17,1" arm64 1 MHz, 8 cores, 8G, Darwin 21.1.0, macOS 12.0.1 (21A559)
Time: Fri Feb 11 18:31:53 2022 CST elapsed time: 8.719966 seconds (0d 0h 0m 8s)

---------------  T H R E A D  ---------------

Current thread (0x000000012580c200):  JavaThread "InvokeLaterDispatcher" daemon [_thread_in_native, id=34575, stack(0x0000000172654000,0x0000000172857000)]

Stack: [0x0000000172654000,0x0000000172857000],  sp=0x0000000172856790,  free space=2057k
Native frames: (J=compiled Java code, j=interpreted, Vv=VM code, C=native code)
v  ~StubRoutines::SafeFetchN
V  [libjvm.dylib+0x79e208]  _ZN10OopStorage7releaseEPKP7oopDesc+0x20
V  [libjvm.dylib+0x4b8f30]  jni_DeleteGlobalRef+0xc4
C  [libglass.dylib+0xab08]  -[GlassRunnable dealloc]+0x34
C  [Foundation+0x85e0c]  -[_NSThreadPerformInfo dealloc]+0x30
C  [Foundation+0x525e8]  -[NSObject(NSThreadPerformAdditions) performSelectorOnMainThread:withObject:waitUntilDone:]+0x88
C  0x294e800109e13be0
J 4117 c1 com.sun.glass.ui.mac.MacApplication.submitForLaterInvocation(Ljava/lang/Runnable;)V javafx.graphics (6 bytes) @ 0x000000010ac8caec [0x000000010ac8ca40+0x00000000000000ac]
C  0x0000000000000000

Java frames: (J=compiled Java code, j=interpreted, Vv=VM code)
j  com.sun.glass.ui.mac.MacApplication._submitForLaterInvocation(Ljava/lang/Runnable;)V+0 javafx.graphics
J 4117 c1 com.sun.glass.ui.mac.MacApplication.submitForLaterInvocation(Ljava/lang/Runnable;)V javafx.graphics (6 bytes) @ 0x000000010ac8caec [0x000000010ac8ca40+0x00000000000000ac]
j  com.sun.glass.ui.InvokeLaterDispatcher.run()V+82 javafx.graphics
v  ~StubRoutines::call_stub

siginfo: si_signo: 10 (SIGBUS), si_code: 1 (BUS_ADRALN), si_addr: 0x0000000109e094f0

Register to memory mapping:

 x0=0x0000000124e0e648 is a global jni handle
 x1=0x0 is NULL
 x2=0x0000000782a03770 is an oop: com.sun.glass.ui.InvokeLaterDispatcher$Future 
{0x0000000782a03770} - klass: 'com/sun/glass/ui/InvokeLaterDispatcher$Future'
 - ---- fields (total size 3 words):
 - private 'done' 'Z' @12  true
 - private final 'runnable' 'Ljava/lang/Runnable;' @16  a 'com/sun/javafx/application/PlatformImpl$$Lambda$90+0x0000000800c87570'{0x0000000782abae28} (f05575c5)
 - final synthetic 'this$0' 'Lcom/sun/glass/ui/InvokeLaterDispatcher;' @20  a 'com/sun/glass/ui/InvokeLaterDispatcher'{0x0000000780307d88} (f0060fb1)
 x3=0x0 is NULL
 x4=0x00000000000130a8 is an unknown value
 x5=0x0 is NULL
 x6=0x0 is NULL
 x7=0x00000008000362b0 is a pointer to class: 
java.util.concurrent.locks.ReentrantLock$NonfairSync {0x00000008000362b0}
 - instance size:     4
 - klass size:        73
 - access:            final synchronized 
 - state:             fully_initialized
 - name:              'java/util/concurrent/locks/ReentrantLock$NonfairSync'
 - super:             'java/util/concurrent/locks/ReentrantLock$Sync'
 - sub:               
 - arrays:            NULL
 - methods:           Array<T>(0x0000000800abcf98)
 - method ordering:   Array<T>(0x0000000800abcf88)
 - default_methods:   Array<T>(0x0000000000000000)
 - local interfaces:  Array<T>(0x00000008005c3850)
 - trans. interfaces: Array<T>(0x00000008005ffce8)
 - constants:         constant pool [69] {0x0000000800abd000} for 'java/util/concurrent/locks/ReentrantLock$NonfairSync' cache=0x00000008003c6170
 - class loader data:  loader data: 0x00006000036a8000 of 'bootstrap'
 - source file:       'ReentrantLock.java'
 - class annotations:       Array<T>(0x0000000000000000)
 - class type annotations:  Array<T>(0x0000000000000000)
 - field annotations:       Array<T>(0x0000000000000000)
 - field type annotations:  Array<T>(0x0000000000000000)
 - inner classes:     Array<T>(0x0000000800abd3b0)
 - nest members:     Array<T>(0x00000008005c37e0)
 - permitted subclasses:     Array<T>(0x00000008005c37e0)
 - java mirror:       a 'java/lang/Class'{0x00000007ffe181b0} = 'java/util/concurrent/locks/ReentrantLock$NonfairSync'
 - vtable length      11  (start addr: 0x0000000800036480)
 - itable length      2 (start addr: 0x00000008000364d8)
 - ---- static fields (1 words):
 - private static final 'serialVersionUID' 'J' @112 
 - ---- non-static fields (4 words):
 - private transient 'exclusiveOwnerThread' 'Ljava/lang/Thread;' @12 
 - private volatile 'state' 'I' @16 
 - private volatile transient 'head' 'Ljava/util/concurrent/locks/AbstractQueuedSynchronizer$Node;' @20 
 - private volatile transient 'tail' 'Ljava/util/concurrent/locks/AbstractQueuedSynchronizer$Node;' @24 
 - non-static oop maps: 12-12 20-24 
 x8=0x0000000109e094ec is at begin+0 in a stub
StubRoutines::SafeFetchN [0x0000000109e094ec, 0x0000000109e094f8] (12 bytes)
 x9=0x0 is NULL
x10=0x2010000030300000 is an unknown value
x11=0x0000000000000007 is an unknown value
x12=0x0 is NULL
x13=0x0000600002983070 points into unknown readable memory: 0x0000000000000000 | 00 00 00 00 00 00 00 00
x14=0x0000000000000001 is an unknown value
x15=0x0000000121659f98: OBJC_CLASS_$_GlassRunnable+0 in /Users/sean/.openjfx/cache/17.0.0.1/libglass.dylib at 0x0000000121614000
x16=0x0000000196734340: pthread_getspecific+0 in /usr/lib/system/libsystem_pthread.dylib at 0x0000000196732000
x17=0x0000600002380c60 points into unknown readable memory: 0xfffffffffffffffe | fe ff ff ff ff ff ff ff
x18=0x0 is NULL
x19=0x0000600002cb0230 points into unknown readable memory: 0x00006000005b0140 | 40 01 5b 00 00 60 00 00
x20=0x0000000124e0e440 points into unknown readable memory: 0x00000007ffe023d0 | d0 23 e0 ff 07 00 00 00
x21=0x0000000124e0e648 is a global jni handle
x22=0x000000012580c200 is a thread
x23=0x0000000000000001 is an unknown value
x24=0x0000000124e0e600 is a global jni handle
x25=0x00000001023355d8: _ZN12StubRoutines17_safefetchN_entryE+0 in /Library/Java/JavaVirtualMachines/jdk-17.0.1.jdk/Contents/Home/lib/server/libjvm.dylib at 0x00000001017a4000
x26=0x000000011f52bf38 is pointing into metadata
x27=0x0 is NULL
x28=0x000000012580c200 is a thread


Registers:
 x0=0x0000000124e0e648  x1=0x0000000000000000  x2=0x0000000782a03770  x3=0x0000000000000000
 x4=0x00000000000130a8  x5=0x0000000000000000  x6=0x0000000000000000  x7=0x00000008000362b0
 x8=0x0000000109e094ec  x9=0x0000000000000000 x10=0x2010000030300000 x11=0x0000000000000007
x12=0x0000000000000000 x13=0x0000600002983070 x14=0x0000000000000001 x15=0x0000000121659f98
x16=0x0000000196734340 x17=0x0000600002380c60 x18=0x0000000000000000 x19=0x0000600002cb0230
x20=0x0000000124e0e440 x21=0x0000000124e0e648 x22=0x000000012580c200 x23=0x0000000000000001
x24=0x0000000124e0e600 x25=0x00000001023355d8 x26=0x000000011f52bf38 x27=0x0000000000000000
x28=0x000000012580c200  fp=0x00000001728567d0  lr=0x0000000101f40fd8  sp=0x0000000172856790
pc=0x0000000109e094f0 cpsr=0x0000000060001000
Top of Stack: (sp=0x0000000172856790)
0x0000000172856790:   000000011f52bf38 0000000000000001
0x00000001728567a0:   0000000172856988 00006000005b51c0
0x00000001728567b0:   0000000000000000 0000000124e0e618
0x00000001728567c0:   0000000124e0e618 0000600002cb0230
0x00000001728567d0:   0000000172856810 0000000101f42208
0x00000001728567e0:   0000000000000001 0000000124e0e618
0x00000001728567f0:   0000000000000000 0000000124e0e618
0x0000000172856800:   0000000000000001 000000014501b400
0x0000000172856810:   0000000172856840 0000000101c5cf30
0x0000000172856820:   00006000005b51b0 00000001e09619f4
0x0000000172856830:   0000000000000000 00006000005b51b0
0x0000000172856840:   0000000172856870 000000012161eb08
0x0000000172856850:   da1e8b58a00d00b2 0000000000000000
0x0000000172856860:   0000000000000000 00006000012b3ec0
0x0000000172856870:   00000001728568b0 00000001976fce0c
0x0000000172856880:   0000000172856988 00006000005b51c0
0x0000000172856890:   00006000005b51b0 da1e8b58a00d00b2
0x00000001728568a0:   0000000000000000 0000000000000000
0x00000001728568b0:   00000001728568f0 861b8001976c95e8
0x00000001728568c0:   0000000172856988 0000000109e12500
0x00000001728568d0:   0000000000000000 000000010233cf90
0x00000001728568e0:   0000000172856900 0000000109e10cf0
0x00000001728568f0:   0000000172856960 294e800109e13be0
0x0000000172856900:   0000000782abae28 000000078022ac68
0x0000000172856910:   0000000172856910 0000000000000000
0x0000000172856920:   0000000172856988 000000011f52bf38
0x0000000172856930:   000000078031af08 0000000000000000
0x0000000172856940:   0000000000000000 000000011f500978
0x0000000172856950:   0000000000000000 0000000172856990
0x0000000172856960:   0000000172856a80 000000010ac8caec
0x0000000172856970:   0000000000000000 0000000000000000
0x0000000172856980:   0000000782a03770 000000078031af80 

Instructions: (pc=0x0000000109e094f0)
0x0000000109e093f0:   f2a04609 f2c00029 6d425935 1e640886
0x0000000109e09400:   0c402d31 1e6408c7 1f5654d0 1e6c1017
0x0000000109e09410:   1f5050d0 1f504cd0 1f5048d0 1e650af6
0x0000000109e09420:   1f50d8f6 1f5694d6 1f5158f6 1e762880
0x0000000109e09430:   36000501 1e614000 14000026 2e251ca5
0x0000000109e09440:   d2843009 f2a04609 f2c00029 6d425d36
0x0000000109e09450:   1e600806 0c402d32 1f5758c7 1e6c101a
0x0000000109e09460:   1f4754c7 1e650805 1f4750c7 d2866668
0x0000000109e09470:   f2a7fa68 1f474cc7 1e6608c0 1f4748c7
0x0000000109e09480:   1e6e1019 eb08007f 540000ac 1f479400
0x0000000109e09490:   1f460340 1e603b20 1400000e d2a7fd29
0x0000000109e094a0:   eb09007f 540000ac 51480069 d3607d29
0x0000000109e094b0:   9e670121 14000002 1e6a5001 1f679417
0x0000000109e094c0:   1f668742 1e613b23 1e773857 1e773860
0x0000000109e094d0:   a8c17ff3 910003bf a8c17bfd d65f03c0
0x0000000109e094e0:   b9400001 aa0103e0 d65f03c0 f9400001
0x0000000109e094f0:   aa0103e0 d65f03c0 00000000 00000000
0x0000000109e09500:   00000000 00000000 00000000 00000000
0x0000000109e09510:   00000000 00000000 00000000 00000000
0x0000000109e09520:   00000000 00000000 00000000 00000000
0x0000000109e09530:   00000000 00000000 00000000 00000000
0x0000000109e09540:   00000000 00000000 00000000 00000000
0x0000000109e09550:   00000000 00000000 00000000 00000000
0x0000000109e09560:   00000000 00000000 00000000 00000000
0x0000000109e09570:   00000000 00000000 00000000 00000000
0x0000000109e09580:   00000000 00000000 00000000 00000000
0x0000000109e09590:   00000000 00000000 00000000 00000000
0x0000000109e095a0:   00000000 00000000 00000000 00000000
0x0000000109e095b0:   00000000 00000000 00000000 00000000
0x0000000109e095c0:   00000000 00000000 00000000 00000000
0x0000000109e095d0:   00000000 00000000 00000000 00000000
0x0000000109e095e0:   00000000 00000000 00000000 00000000 


Stack slot to memory mapping:
stack at sp + 0 slots: 0x000000011f52bf38 is pointing into metadata
stack at sp + 1 slots: 0x0000000000000001 is an unknown value
stack at sp + 2 slots: 0x0000000172856988 is pointing into the stack for thread: 0x000000012580c200
stack at sp + 3 slots: 0x00006000005b51c0 points into unknown readable memory: 0x01000001ef416081 | 81 60 41 ef 01 00 00 01
stack at sp + 4 slots: 0x0 is NULL
stack at sp + 5 slots: 0x0000000124e0e618 is a global jni handle
stack at sp + 6 slots: 0x0000000124e0e618 is a global jni handle
stack at sp + 7 slots: 0x0000600002cb0230 points into unknown readable memory: 0x00006000005b0140 | 40 01 5b 00 00 60 00 00

StubRoutines::SafeFetchN [0x0000000109e094ec, 0x0000000109e094f8] (12 bytes)
[MachCode]
  0x0000000109e094ec: 0100 40f9 | e003 01aa | c003 5fd6 
[/MachCode]

---------------  P R O C E S S  ---------------

Threads class SMR info:
_java_thread_list=0x00006000006dee00, length=22, elements={
0x0000000145811800, 0x000000014500e400, 0x000000012500a400, 0x0000000135825400,
0x0000000145017800, 0x000000012500aa00, 0x000000012500b000, 0x000000012500b600,
0x0000000125008200, 0x0000000125809600, 0x0000000135827000, 0x0000000135829800,
0x000000012704ea00, 0x0000000145017e00, 0x0000000135828400, 0x000000012580c200,
0x000000014501b400, 0x00000001258bde00, 0x00000001450fe200, 0x0000000145a34800,
0x00000001450fb000, 0x0000000145c5ac00
}

Java Threads: ( => current thread )
  0x0000000145811800 JavaThread "main" [_thread_blocked, id=6147, stack(0x000000016f834000,0x000000016fa37000)]
  0x000000014500e400 JavaThread "Reference Handler" daemon [_thread_blocked, id=16899, stack(0x0000000170688000,0x000000017088b000)]
  0x000000012500a400 JavaThread "Finalizer" daemon [_thread_blocked, id=16643, stack(0x0000000170894000,0x0000000170a97000)]
  0x0000000135825400 JavaThread "Signal Dispatcher" daemon [_thread_blocked, id=41987, stack(0x0000000170bb8000,0x0000000170dbb000)]
  0x0000000145017800 JavaThread "Service Thread" daemon [_thread_blocked, id=22531, stack(0x0000000170dc4000,0x0000000170fc7000)]
  0x000000012500aa00 JavaThread "Monitor Deflation Thread" daemon [_thread_blocked, id=22787, stack(0x0000000170fd0000,0x00000001711d3000)]
  0x000000012500b000 JavaThread "C2 CompilerThread0" daemon [_thread_blocked, id=23043, stack(0x00000001711dc000,0x00000001713df000)]
  0x000000012500b600 JavaThread "C1 CompilerThread0" daemon [_thread_blocked, id=40963, stack(0x00000001713e8000,0x00000001715eb000)]
  0x0000000125008200 JavaThread "Sweeper thread" daemon [_thread_blocked, id=23555, stack(0x00000001715f4000,0x00000001717f7000)]
  0x0000000125809600 JavaThread "Common-Cleaner" daemon [_thread_blocked, id=40451, stack(0x0000000171800000,0x0000000171a03000)]
  0x0000000135827000 JavaThread "JDWP Transport Listener: dt_socket" daemon [_thread_blocked, id=39943, stack(0x0000000171a0c000,0x0000000171c0f000)]
  0x0000000135829800 JavaThread "JDWP Event Helper Thread" daemon [_thread_blocked, id=39427, stack(0x0000000171c18000,0x0000000171e1b000)]
  0x000000012704ea00 JavaThread "JDWP Command Reader" daemon [_thread_in_native, id=39171, stack(0x0000000171e24000,0x0000000172027000)]
  0x0000000145017e00 JavaThread "Notification Thread" daemon [_thread_blocked, id=24579, stack(0x0000000172030000,0x0000000172233000)]
  0x0000000135828400 JavaThread "QuantumRenderer-0" daemon [_thread_blocked, id=38915, stack(0x0000000172448000,0x000000017264b000)]
=>0x000000012580c200 JavaThread "InvokeLaterDispatcher" daemon [_thread_in_native, id=34575, stack(0x0000000172654000,0x0000000172857000)]
  0x000000014501b400 JavaThread "JavaFX Application Thread" [_thread_in_vm, id=259, stack(0x000000016efac000,0x000000016f7a8000)]
  0x00000001258bde00 JavaThread "JavaFX-Launcher" [_thread_blocked, id=76823, stack(0x0000000172b84000,0x0000000172d87000)]
  0x00000001450fe200 JavaThread "PulseTimer-CVDisplayLink thread" daemon [_thread_in_native, id=78343, stack(0x0000000172860000,0x00000001728e3000)]
  0x0000000145a34800 JavaThread "Prism Font Disposer" daemon [_thread_blocked, id=61447, stack(0x0000000173be4000,0x0000000173de7000)]
  0x00000001450fb000 JavaThread "Cleaner-0" daemon [_thread_blocked, id=89867, stack(0x0000000173df0000,0x0000000173ff3000)]
  0x0000000145c5ac00 JavaThread "Keep-Alive-Timer" daemon [_thread_blocked, id=173643, stack(0x0000000174414000,0x0000000174617000)]

Other Threads:
  0x0000000134e075e0 VMThread "VM Thread" [stack: 0x000000017047c000,0x000000017067f000] [id=15107]
  0x0000000144e10c30 WatcherThread [stack: 0x000000017223c000,0x000000017243f000] [id=25091]
  0x0000000144f07130 GCTaskThread "GC Thread#0" [stack: 0x000000016fa40000,0x000000016fc43000] [id=12547]
  0x0000000134e37f50 GCTaskThread "GC Thread#1" [stack: 0x0000000172d90000,0x0000000172f93000] [id=72451]
  0x0000000134e38200 GCTaskThread "GC Thread#2" [stack: 0x0000000172f9c000,0x000000017319f000] [id=71939]
  0x0000000144e30730 GCTaskThread "GC Thread#3" [stack: 0x00000001731a8000,0x00000001733ab000] [id=71683]
  0x0000000144e309e0 GCTaskThread "GC Thread#4" [stack: 0x00000001733b4000,0x00000001735b7000] [id=71171]
  0x0000000144e31250 GCTaskThread "GC Thread#5" [stack: 0x00000001735c0000,0x00000001737c3000] [id=59651]
  0x0000000144e31e40 GCTaskThread "GC Thread#6" [stack: 0x00000001737cc000,0x00000001739cf000] [id=70659]
  0x0000000144e326b0 GCTaskThread "GC Thread#7" [stack: 0x00000001739d8000,0x0000000173bdb000] [id=60163]
  0x0000000144f077e0 ConcurrentGCThread "G1 Main Marker" [stack: 0x000000016fc4c000,0x000000016fe4f000] [id=19971]
  0x0000000144f08060 ConcurrentGCThread "G1 Conc#0" [stack: 0x000000016fe58000,0x000000017005b000] [id=19459]
  0x0000000144f6d580 ConcurrentGCThread "G1 Conc#1" [stack: 0x0000000174208000,0x000000017440b000] [id=1419]
  0x0000000144f09ed0 ConcurrentGCThread "G1 Refine#0" [stack: 0x0000000170064000,0x0000000170267000] [id=18947]
  0x0000000144e54b80 ConcurrentGCThread "G1 Refine#1" [stack: 0x0000000173ffc000,0x00000001741ff000] [id=87819]
  0x0000000144f0a770 ConcurrentGCThread "G1 Service" [stack: 0x0000000170270000,0x0000000170473000] [id=18691]

Threads with active compile tasks:

VM state: not at safepoint (normal execution)

VM Mutex/Monitor currently owned by a thread: None

Heap address: 0x0000000780000000, size: 2048 MB, Compressed Oops mode: Zero based, Oop shift amount: 3

CDS archive(s) mapped at: [0x0000000800000000-0x0000000800bd4000-0x0000000800bd4000), size 12402688, SharedBaseAddress: 0x0000000800000000, ArchiveRelocationMode: 0.
Compressed class space mapped at: 0x0000000800c00000-0x0000000840c00000, reserved size: 1073741824
Narrow klass base: 0x0000000800000000, Narrow klass shift: 0, Narrow klass range: 0x100000000

GC Precious Log:
 CPUs: 8 total, 8 available
 Memory: 8192M
 Large Page Support: Disabled
 NUMA Support: Disabled
 Compressed Oops: Enabled (Zero based)
 Heap Region Size: 1M
 Heap Min Capacity: 8M
 Heap Initial Capacity: 128M
 Heap Max Capacity: 2G
 Pre-touch: Disabled
 Parallel Workers: 8
 Concurrent Workers: 2
 Concurrent Refinement Workers: 8
 Periodic GC: Disabled

Heap:
 garbage-first heap   total 55296K, used 37134K [0x0000000780000000, 0x0000000800000000)
  region size 1024K, 10 young (10240K), 1 survivors (1024K)
 Metaspace       used 23908K, committed 24192K, reserved 1073152K
  class space    used 3283K, committed 3456K, reserved 1048576K

Heap Regions: E=young(eden), S=young(survivor), O=old, HS=humongous(starts), HC=humongous(continues), CS=collection set, F=free, OA=open archive, CA=closed archive, TAMS=top-at-mark-start (previous, next)
|   0|0x0000000780000000, 0x0000000780100000, 0x0000000780100000|100%|HS|  |TAMS 0x0000000780100000, 0x0000000780000000| Complete 
|   1|0x0000000780100000, 0x0000000780200000, 0x0000000780200000|100%|HC|  |TAMS 0x0000000780200000, 0x0000000780100000| Complete 
|   2|0x0000000780200000, 0x0000000780300000, 0x0000000780300000|100%| O|  |TAMS 0x0000000780300000, 0x0000000780200000| Untracked 
|   3|0x0000000780300000, 0x0000000780400000, 0x0000000780400000|100%| O|  |TAMS 0x0000000780307a00, 0x0000000780300000| Untracked 
|   4|0x0000000780400000, 0x0000000780500000, 0x0000000780500000|100%| O|  |TAMS 0x0000000780400000, 0x0000000780400000| Untracked 
|   5|0x0000000780500000, 0x0000000780500000, 0x0000000780600000|  0%| F|  |TAMS 0x0000000780500000, 0x0000000780500000| Untracked 
|   6|0x0000000780600000, 0x0000000780700000, 0x0000000780700000|100%|HS|  |TAMS 0x0000000780600000, 0x0000000780600000| Complete 
|   7|0x0000000780700000, 0x0000000780800000, 0x0000000780800000|100%|HC|  |TAMS 0x0000000780700000, 0x0000000780700000| Complete 
|   8|0x0000000780800000, 0x0000000780900000, 0x0000000780900000|100%|HS|  |TAMS 0x0000000780800000, 0x0000000780800000| Complete 
|   9|0x0000000780900000, 0x0000000780a00000, 0x0000000780a00000|100%|HC|  |TAMS 0x0000000780900000, 0x0000000780900000| Complete 
|  10|0x0000000780a00000, 0x0000000780b00000, 0x0000000780b00000|100%|HC|  |TAMS 0x0000000780a00000, 0x0000000780a00000| Complete 
|  11|0x0000000780b00000, 0x0000000780c00000, 0x0000000780c00000|100%|HC|  |TAMS 0x0000000780b00000, 0x0000000780b00000| Complete 
|  12|0x0000000780c00000, 0x0000000780d00000, 0x0000000780d00000|100%|HS|  |TAMS 0x0000000780c00000, 0x0000000780c00000| Complete 
|  13|0x0000000780d00000, 0x0000000780e00000, 0x0000000780e00000|100%|HC|  |TAMS 0x0000000780d00000, 0x0000000780d00000| Complete 
|  14|0x0000000780e00000, 0x0000000780f00000, 0x0000000780f00000|100%|HC|  |TAMS 0x0000000780e00000, 0x0000000780e00000| Complete 
|  15|0x0000000780f00000, 0x0000000781000000, 0x0000000781000000|100%|HC|  |TAMS 0x0000000780f00000, 0x0000000780f00000| Complete 
|  16|0x0000000781000000, 0x0000000781100000, 0x0000000781100000|100%|HS|  |TAMS 0x0000000781000000, 0x0000000781000000| Complete 
|  17|0x0000000781100000, 0x0000000781200000, 0x0000000781200000|100%|HC|  |TAMS 0x0000000781100000, 0x0000000781100000| Complete 
|  18|0x0000000781200000, 0x0000000781300000, 0x0000000781300000|100%|HC|  |TAMS 0x0000000781200000, 0x0000000781200000| Complete 
|  19|0x0000000781300000, 0x0000000781400000, 0x0000000781400000|100%|HC|  |TAMS 0x0000000781300000, 0x0000000781300000| Complete 
|  20|0x0000000781400000, 0x0000000781500000, 0x0000000781500000|100%| O|  |TAMS 0x0000000781400000, 0x0000000781400000| Untracked 
|  21|0x0000000781500000, 0x0000000781600000, 0x0000000781600000|100%| O|  |TAMS 0x0000000781500000, 0x0000000781500000| Untracked 
|  22|0x0000000781600000, 0x0000000781700000, 0x0000000781700000|100%| O|  |TAMS 0x0000000781600000, 0x0000000781600000| Untracked 
|  23|0x0000000781700000, 0x0000000781800000, 0x0000000781800000|100%| O|  |TAMS 0x0000000781700000, 0x0000000781700000| Untracked 
|  24|0x0000000781800000, 0x0000000781900000, 0x0000000781900000|100%| O|  |TAMS 0x0000000781800000, 0x0000000781800000| Untracked 
|  25|0x0000000781900000, 0x0000000781a00000, 0x0000000781a00000|100%| O|  |TAMS 0x0000000781900000, 0x0000000781900000| Untracked 
|  26|0x0000000781a00000, 0x0000000781b00000, 0x0000000781b00000|100%| O|  |TAMS 0x0000000781a00000, 0x0000000781a00000| Untracked 
|  27|0x0000000781b00000, 0x0000000781b00000, 0x0000000781c00000|  0%| F|  |TAMS 0x0000000781b00000, 0x0000000781b00000| Untracked 
|  28|0x0000000781c00000, 0x0000000781c00000, 0x0000000781d00000|  0%| F|  |TAMS 0x0000000781c00000, 0x0000000781c00000| Untracked 
|  29|0x0000000781d00000, 0x0000000781d6bc00, 0x0000000781e00000| 42%| O|  |TAMS 0x0000000781d00000, 0x0000000781d00000| Untracked 
|  30|0x0000000781e00000, 0x0000000781e00000, 0x0000000781f00000|  0%| F|  |TAMS 0x0000000781e00000, 0x0000000781e00000| Untracked 
|  31|0x0000000781f00000, 0x0000000781f00000, 0x0000000782000000|  0%| F|  |TAMS 0x0000000781f00000, 0x0000000781f00000| Untracked 
|  32|0x0000000782000000, 0x0000000782000000, 0x0000000782100000|  0%| F|  |TAMS 0x0000000782000000, 0x0000000782000000| Untracked 
|  33|0x0000000782100000, 0x0000000782100000, 0x0000000782200000|  0%| F|  |TAMS 0x0000000782100000, 0x0000000782100000| Untracked 
|  34|0x0000000782200000, 0x0000000782200000, 0x0000000782300000|  0%| F|  |TAMS 0x0000000782200000, 0x0000000782200000| Untracked 
|  35|0x0000000782300000, 0x0000000782300000, 0x0000000782400000|  0%| F|  |TAMS 0x0000000782300000, 0x0000000782300000| Untracked 
|  36|0x0000000782400000, 0x0000000782400000, 0x0000000782500000|  0%| F|  |TAMS 0x0000000782400000, 0x0000000782400000| Untracked 
|  37|0x0000000782500000, 0x0000000782500000, 0x0000000782600000|  0%| F|  |TAMS 0x0000000782500000, 0x0000000782500000| Untracked 
|  38|0x0000000782600000, 0x0000000782600000, 0x0000000782700000|  0%| F|  |TAMS 0x0000000782600000, 0x0000000782600000| Untracked 
|  39|0x0000000782700000, 0x0000000782700000, 0x0000000782800000|  0%| F|  |TAMS 0x0000000782700000, 0x0000000782700000| Untracked 
|  40|0x0000000782800000, 0x0000000782800000, 0x0000000782900000|  0%| F|  |TAMS 0x0000000782800000, 0x0000000782800000| Untracked 
|  41|0x0000000782900000, 0x0000000782900000, 0x0000000782a00000|  0%| F|  |TAMS 0x0000000782900000, 0x0000000782900000| Untracked 
|  42|0x0000000782a00000, 0x0000000782af0bf0, 0x0000000782b00000| 94%| E|  |TAMS 0x0000000782a00000, 0x0000000782a00000| Complete 
|  43|0x0000000782b00000, 0x0000000782c00000, 0x0000000782c00000|100%| E|CS|TAMS 0x0000000782b00000, 0x0000000782b00000| Complete 
| 104|0x0000000786800000, 0x0000000786900000, 0x0000000786900000|100%| E|CS|TAMS 0x0000000786800000, 0x0000000786800000| Complete 
| 105|0x0000000786900000, 0x0000000786a00000, 0x0000000786a00000|100%| E|CS|TAMS 0x0000000786900000, 0x0000000786900000| Complete 
| 106|0x0000000786a00000, 0x0000000786b00000, 0x0000000786b00000|100%| E|CS|TAMS 0x0000000786a00000, 0x0000000786a00000| Complete 
| 107|0x0000000786b00000, 0x0000000786c00000, 0x0000000786c00000|100%| E|CS|TAMS 0x0000000786b00000, 0x0000000786b00000| Complete 
| 108|0x0000000786c00000, 0x0000000786d00000, 0x0000000786d00000|100%| E|CS|TAMS 0x0000000786c00000, 0x0000000786c00000| Complete 
| 109|0x0000000786d00000, 0x0000000786e00000, 0x0000000786e00000|100%| E|CS|TAMS 0x0000000786d00000, 0x0000000786d00000| Complete 
| 110|0x0000000786e00000, 0x0000000786edfcf0, 0x0000000786f00000| 87%| S|CS|TAMS 0x0000000786e00000, 0x0000000786e00000| Complete 
| 127|0x0000000787f00000, 0x0000000788000000, 0x0000000788000000|100%| E|CS|TAMS 0x0000000787f00000, 0x0000000787f00000| Complete 
|2046|0x00000007ffe00000, 0x00000007ffe78000, 0x00000007fff00000| 46%|OA|  |TAMS 0x00000007ffe78000, 0x00000007ffe00000| Untracked 
|2047|0x00000007fff00000, 0x00000007fff80000, 0x0000000800000000| 50%|CA|  |TAMS 0x00000007fff80000, 0x00000007fff00000| Untracked 

Card table byte_map: [0x0000000100f94000,0x0000000101394000] _byte_map_base: 0x00000000fd394000

Marking Bits (Prev, Next): (CMBitMap*) 0x0000000145839450, (CMBitMap*) 0x0000000145839410
 Prev Bits: [0x000000011ae08000, 0x000000011ce08000)
 Next Bits: [0x0000000118e08000, 0x000000011ae08000)

Polling page: 0x00000001006dc000

Metaspace:

Usage:
  Non-class:     20.14 MB used.
      Class:      3.21 MB used.
       Both:     23.35 MB used.

Virtual space:
  Non-class space:       24.00 MB reserved,      20.25 MB ( 84%) committed,  3 nodes.
      Class space:        1.00 GB reserved,       3.38 MB ( <1%) committed,  1 nodes.
             Both:        1.02 GB reserved,      23.62 MB (  2%) committed. 

Chunk freelists:
   Non-Class:  3.45 MB
       Class:  574.00 KB
        Both:  4.01 MB

MaxMetaspaceSize: unlimited
CompressedClassSpaceSize: 1.00 GB
Initial GC threshold: 21.00 MB
Current GC threshold: 35.12 MB
CDS: on
MetaspaceReclaimPolicy: balanced
 - commit_granule_bytes: 65536.
 - commit_granule_words: 8192.
 - virtual_space_node_default_size: 1048576.
 - enlarge_chunks_in_place: 1.
 - new_chunks_are_fully_committed: 0.
 - uncommit_free_chunks: 1.
 - use_allocation_guard: 0.
 - handle_deallocations: 1.


Internal statistics:

num_allocs_failed_limit: 3.
num_arena_births: 266.
num_arena_deaths: 0.
num_vsnodes_births: 4.
num_vsnodes_deaths: 0.
num_space_committed: 378.
num_space_uncommitted: 0.
num_chunks_returned_to_freelist: 3.
num_chunks_taken_from_freelist: 912.
num_chunk_merges: 3.
num_chunk_splits: 609.
num_chunks_enlarged: 456.
num_purges: 0.
num_inconsistent_stats: 0.

CodeHeap 'non-profiled nmethods': size=120032Kb used=1938Kb max_used=1938Kb free=118093Kb
 bounds [0x00000001118d0000, 0x0000000111b40000, 0x0000000118e08000]
CodeHeap 'profiled nmethods': size=120016Kb used=9287Kb max_used=9287Kb free=110729Kb
 bounds [0x000000010a39c000, 0x000000010acbc000, 0x00000001118d0000]
CodeHeap 'non-nmethods': size=5712Kb used=1464Kb max_used=1584Kb free=4247Kb
 bounds [0x0000000109e08000, 0x000000010a078000, 0x000000010a39c000]
 total_blobs=4894 nmethods=4064 adapters=746
 compilation: enabled
              stopped_count=0, restarted_count=0
 full_count=0

Compilation events (20 events):
Event: 7.898 Thread 0x000000012500b600 4153       3       javafx.scene.Scene::isDirtyEmpty (8 bytes)
Event: 7.899 Thread 0x000000012500b600 nmethod 4153 0x000000010aca6690 code [0x000000010aca6840, 0x000000010aca6a68]
Event: 8.032 Thread 0x000000012500b600 4154   !   3       com.sun.scenario.animation.shared.InfiniteClipEnvelope::timePulse (315 bytes)
Event: 8.034 Thread 0x000000012500b600 nmethod 4154 0x000000010aca6b90 code [0x000000010aca6ec0, 0x000000010aca7b58]
Event: 8.216 Thread 0x000000012500b600 4155       3       com.sun.javafx.geom.transform.Affine3D::transform (141 bytes)
Event: 8.217 Thread 0x000000012500b000 4157       4       javafx.scene.input.MouseEvent::getEventType (5 bytes)
Event: 8.217 Thread 0x000000012500b600 nmethod 4155 0x000000010aca8190 code [0x000000010aca8380, 0x000000010aca8798]
Event: 8.217 Thread 0x000000012500b600 4156       3       com.sun.javafx.geom.transform.AffineBase::transform (365 bytes)
Event: 8.217 Thread 0x000000012500b000 nmethod 4157 0x0000000111ab4110 code [0x0000000111ab4280, 0x0000000111ab4320]
Event: 8.218 Thread 0x000000012500b600 nmethod 4156 0x000000010aca8990 code [0x000000010aca8bc0, 0x000000010aca9398]
Event: 8.482 Thread 0x000000012500b600 4158       3       com.intellij.rt.debugger.agent.CaptureStorage$HardKey::equals (32 bytes)
Event: 8.482 Thread 0x000000012500b600 nmethod 4158 0x000000010aca9690 code [0x000000010aca9840, 0x000000010aca9d28]
Event: 8.482 Thread 0x000000012500b600 4159       3       java.util.LinkedList::removeLast (23 bytes)
Event: 8.483 Thread 0x000000012500b600 nmethod 4159 0x000000010aca9e10 code [0x000000010acaa000, 0x000000010acaa2c8]
Event: 8.483 Thread 0x000000012500b600 4160       3       java.util.LinkedList::unlinkLast (64 bytes)
Event: 8.483 Thread 0x000000012500b600 nmethod 4160 0x000000010acaa410 code [0x000000010acaa5c0, 0x000000010acaa8a8]
Event: 8.548 Thread 0x000000012500b600 4161       3       java.lang.Throwable::<init> (29 bytes)
Event: 8.549 Thread 0x000000012500b600 nmethod 4161 0x000000010acaa990 code [0x000000010acaab40, 0x000000010acaaf18]
Event: 8.715 Thread 0x000000012500b000 4162       4       com.sun.javafx.collections.VetoableListDecorator::size (10 bytes)
Event: 8.716 Thread 0x000000012500b600 4163       3       com.sun.glass.ui.Window::getScreen (8 bytes)

GC Heap History (10 events):
Event: 0.413 GC heap before
{Heap before GC invocations=0 (full 0):
 garbage-first heap   total 133120K, used 23520K [0x0000000780000000, 0x0000000800000000)
  region size 1024K, 23 young (23552K), 0 survivors (0K)
 Metaspace       used 6266K, committed 6464K, reserved 1056768K
  class space    used 747K, committed 832K, reserved 1048576K
}
Event: 0.415 GC heap after
{Heap after GC invocations=1 (full 0):
 garbage-first heap   total 133120K, used 3898K [0x0000000780000000, 0x0000000800000000)
  region size 1024K, 3 young (3072K), 3 survivors (3072K)
 Metaspace       used 6266K, committed 6464K, reserved 1056768K
  class space    used 747K, committed 832K, reserved 1048576K
}
Event: 0.927 GC heap before
{Heap before GC invocations=1 (full 0):
 garbage-first heap   total 133120K, used 48954K [0x0000000780000000, 0x0000000800000000)
  region size 1024K, 46 young (47104K), 3 survivors (3072K)
 Metaspace       used 15457K, committed 15744K, reserved 1064960K
  class space    used 2324K, committed 2496K, reserved 1048576K
}
Event: 0.936 GC heap after
{Heap after GC invocations=2 (full 0):
 garbage-first heap   total 133120K, used 10238K [0x0000000780000000, 0x0000000800000000)
  region size 1024K, 6 young (6144K), 6 survivors (6144K)
 Metaspace       used 15457K, committed 15744K, reserved 1064960K
  class space    used 2324K, committed 2496K, reserved 1048576K
}
Event: 3.321 GC heap before
{Heap before GC invocations=2 (full 0):
 garbage-first heap   total 133120K, used 26622K [0x0000000780000000, 0x0000000800000000)
  region size 1024K, 23 young (23552K), 6 survivors (6144K)
 Metaspace       used 21345K, committed 21504K, reserved 1073152K
  class space    used 2990K, committed 3072K, reserved 1048576K
}
Event: 3.324 GC heap after
{Heap after GC invocations=3 (full 0):
 garbage-first heap   total 133120K, used 12634K [0x0000000780000000, 0x0000000800000000)
  region size 1024K, 7 young (7168K), 7 survivors (7168K)
 Metaspace       used 21345K, committed 21504K, reserved 1073152K
  class space    used 2990K, committed 3072K, reserved 1048576K
}
Event: 5.111 GC heap before
{Heap before GC invocations=4 (full 0):
 garbage-first heap   total 55296K, used 42330K [0x0000000780000000, 0x0000000800000000)
  region size 1024K, 23 young (23552K), 7 survivors (7168K)
 Metaspace       used 22788K, committed 23104K, reserved 1073152K
  class space    used 3140K, committed 3264K, reserved 1048576K
}
Event: 5.114 GC heap after
{Heap after GC invocations=5 (full 0):
 garbage-first heap   total 55296K, used 28264K [0x0000000780000000, 0x0000000800000000)
  region size 1024K, 2 young (2048K), 2 survivors (2048K)
 Metaspace       used 22788K, committed 23104K, reserved 1073152K
  class space    used 3140K, committed 3264K, reserved 1048576K
}
Event: 5.129 GC heap before
{Heap before GC invocations=5 (full 0):
 garbage-first heap   total 55296K, used 29288K [0x0000000780000000, 0x0000000800000000)
  region size 1024K, 3 young (3072K), 2 survivors (2048K)
 Metaspace       used 22886K, committed 23104K, reserved 1073152K
  class space    used 3153K, committed 3264K, reserved 1048576K
}
Event: 5.130 GC heap after
{Heap after GC invocations=6 (full 0):
 garbage-first heap   total 55296K, used 28942K [0x0000000780000000, 0x0000000800000000)
  region size 1024K, 1 young (1024K), 1 survivors (1024K)
 Metaspace       used 22886K, committed 23104K, reserved 1073152K
  class space    used 3153K, committed 3264K, reserved 1048576K
}

Deoptimization events (20 events):
Event: 5.116 Thread 0x000000012500a400 DEOPT PACKING pc=0x000000010aa57a04 sp=0x0000000170a96380
Event: 5.116 Thread 0x000000012500a400 DEOPT UNPACKING pc=0x0000000109e46b7c sp=0x0000000170a95ff0 mode 1
Event: 5.117 Thread 0x000000012500a400 DEOPT PACKING pc=0x000000010aa57a04 sp=0x0000000170a96380
Event: 5.117 Thread 0x000000012500a400 DEOPT UNPACKING pc=0x0000000109e46b7c sp=0x0000000170a95ff0 mode 1
Event: 5.124 Thread 0x000000014501b400 DEOPT PACKING pc=0x000000010a5d3d00 sp=0x000000016f7a1780
Event: 5.124 Thread 0x000000014501b400 DEOPT UNPACKING pc=0x0000000109e46b7c sp=0x000000016f7a1440 mode 1
Event: 5.139 Thread 0x000000014501b400 Uncommon trap: trap_request=0xffffff45 fr.pc=0x00000001119c158c relative=0x000000000000078c
Event: 5.139 Thread 0x000000014501b400 Uncommon trap: reason=unstable_if action=reinterpret pc=0x00000001119c158c method=com.sun.javafx.css.ParsedValueImpl.containsFontRelativeSize(Ljavafx/css/ParsedValue;Z)Z @ 56 c2
Event: 5.139 Thread 0x000000014501b400 DEOPT PACKING pc=0x00000001119c158c sp=0x000000016f7a0b70
Event: 5.139 Thread 0x000000014501b400 DEOPT UNPACKING pc=0x0000000109e46d1c sp=0x000000016f7a0b10 mode 2
Event: 5.231 Thread 0x0000000135828400 DEOPT PACKING pc=0x000000010a82f458 sp=0x00000001726475b0
Event: 5.231 Thread 0x0000000135828400 DEOPT UNPACKING pc=0x0000000109e46b7c sp=0x0000000172647230 mode 0
Event: 5.232 Thread 0x0000000135828400 DEOPT PACKING pc=0x000000010a82f458 sp=0x00000001726487c0
Event: 5.232 Thread 0x0000000135828400 DEOPT UNPACKING pc=0x0000000109e46b7c sp=0x0000000172648440 mode 0
Event: 6.484 Thread 0x0000000135828400 DEOPT PACKING pc=0x000000010a82ed34 sp=0x00000001726484c0
Event: 6.484 Thread 0x0000000135828400 DEOPT UNPACKING pc=0x0000000109e46b7c sp=0x0000000172648140 mode 0
Event: 6.485 Thread 0x0000000135828400 DEOPT PACKING pc=0x000000010a82ed34 sp=0x00000001726484c0
Event: 6.485 Thread 0x0000000135828400 DEOPT UNPACKING pc=0x0000000109e46b7c sp=0x0000000172648140 mode 0
Event: 7.218 Thread 0x0000000135828400 DEOPT PACKING pc=0x000000010a82f458 sp=0x00000001726484c0
Event: 7.218 Thread 0x0000000135828400 DEOPT UNPACKING pc=0x0000000109e46b7c sp=0x0000000172648140 mode 0

Classes unloaded (0 events):
No events

Classes redefined (0 events):
No events

Internal exceptions (20 events):
Event: 0.863 Thread 0x000000014501b400 Exception <a 'java/lang/NoSuchMethodError'{0x00000007855a4338}: 'java.lang.Object java.lang.invoke.DirectMethodHandle$Holder.newInvokeSpecial(java.lang.Object, java.lang.Object, long)'> (0x00000007855a4338) 
thrown [open/src/hotspot/share/interpreter/linkResolver.cpp, line 766]
Event: 0.863 Thread 0x000000014501b400 Exception <a 'java/lang/NoSuchMethodError'{0x00000007855a7c00}: 'java.lang.Object java.lang.invoke.Invokers$Holder.linkToTargetMethod(java.lang.Object, long, java.lang.Object)'> (0x00000007855a7c00) 
thrown [open/src/hotspot/share/interpreter/linkResolver.cpp, line 766]
Event: 0.912 Thread 0x0000000135828400 Exception <a 'java/lang/NoSuchMethodError'{0x0000000785266e30}: 'java.lang.Object java.lang.invoke.DirectMethodHandle$Holder.invokeStaticInit(java.lang.Object, int)'> (0x0000000785266e30) 
thrown [open/src/hotspot/share/interpreter/linkResolver.cpp, line 766]
Event: 1.968 Thread 0x000000014501b400 Exception <a 'java/lang/NoSuchMethodError'{0x0000000787d26bd8}: 'java.lang.Object java.lang.invoke.DirectMethodHandle$Holder.newInvokeSpecial(java.lang.Object, java.lang.Object, int, int, int, int, int, java.lang.Object)'> (0x0000000787d26bd8) 
thrown [open/src/hotspot/share/interpreter/linkResolver.cpp, line 766]
Event: 1.970 Thread 0x000000014501b400 Exception <a 'java/lang/NoSuchMethodError'{0x0000000787d39bb8}: 'java.lang.Object java.lang.invoke.DirectMethodHandle$Holder.newInvokeSpecial(java.lang.Object, java.lang.Object, java.lang.Object, int, int, int, int, int)'> (0x0000000787d39bb8) 
thrown [open/src/hotspot/share/interpreter/linkResolver.cpp, line 766]
Event: 1.970 Thread 0x000000014501b400 Exception <a 'java/lang/NoSuchMethodError'{0x0000000787d41418}: 'java.lang.Object java.lang.invoke.Invokers$Holder.linkToTargetMethod(java.lang.Object, java.lang.Object, int, int, int, int, int, java.lang.Object)'> (0x0000000787d41418) 
thrown [open/src/hotspot/share/interpreter/linkResolver.cpp, line 766]
Event: 2.797 Thread 0x000000014501b400 Implicit null exception at 0x00000001119ba280 to 0x00000001119babf4
Event: 3.143 Thread 0x000000014501b400 Exception <a 'sun/nio/fs/UnixException'{0x0000000787ca96a8}> (0x0000000787ca96a8) 
thrown [open/src/hotspot/share/prims/jni.cpp, line 516]
Event: 3.170 Thread 0x000000014501b400 Exception <a 'java/lang/NoSuchMethodError'{0x0000000787a7afc8}: 'int java.lang.invoke.DirectMethodHandle$Holder.invokeStatic(java.lang.Object, java.lang.Object, java.lang.Object, java.lang.Object)'> (0x0000000787a7afc8) 
thrown [open/src/hotspot/share/interpreter/linkResolver.cpp, line 766]
Event: 3.170 Thread 0x000000014501b400 Exception <a 'java/lang/NoSuchMethodError'{0x0000000787a7ed20}: 'int java.lang.invoke.DirectMethodHandle$Holder.invokeStaticInit(java.lang.Object, java.lang.Object, java.lang.Object, java.lang.Object)'> (0x0000000787a7ed20) 
thrown [open/src/hotspot/share/interpreter/linkResolver.cpp, line 766]
Event: 3.170 Thread 0x000000014501b400 Exception <a 'java/lang/NoSuchMethodError'{0x0000000787a88ba0}: 'java.lang.Object java.lang.invoke.DirectMethodHandle$Holder.invokeInterface(java.lang.Object, java.lang.Object)'> (0x0000000787a88ba0) 
thrown [open/src/hotspot/share/interpreter/linkResolver.cpp, line 766]
Event: 3.170 Thread 0x000000014501b400 Exception <a 'java/lang/IncompatibleClassChangeError'{0x0000000787a8c8e8}: Found class java.lang.Object, but interface was expected> (0x0000000787a8c8e8) 
thrown [open/src/hotspot/share/interpreter/linkResolver.cpp, line 833]
Event: 3.229 Thread 0x000000014501b400 Exception <a 'java/lang/ClassNotFoundException'{0x000000078729fae0}: jdk/net/ExtendedSocketOptions> (0x000000078729fae0) 
thrown [open/src/hotspot/share/classfile/systemDictionary.cpp, line 256]
Event: 3.330 Thread 0x000000014501b400 Implicit null exception at 0x00000001119f63d4 to 0x00000001119f6500
Event: 5.149 Thread 0x000000014501b400 Exception <a 'java/lang/ClassNotFoundException'{0x0000000786c7b8a0}: com/sun/javafx/scene/control/skin/resources/controls-nt> (0x0000000786c7b8a0) 
thrown [open/src/hotspot/share/prims/jni.cpp, line 535]
Event: 5.150 Thread 0x000000014501b400 Exception <a 'java/lang/ClassNotFoundException'{0x0000000786c84420}: com/sun/javafx/scene/control/skin/resources/controls-nt_zh> (0x0000000786c84420) 
thrown [open/src/hotspot/share/prims/jni.cpp, line 535]
Event: 5.150 Thread 0x000000014501b400 Exception <a 'java/lang/ClassNotFoundException'{0x0000000786c85978}: com/sun/javafx/scene/control/skin/resources/controls-nt_zh_TW> (0x0000000786c85978) 
thrown [open/src/hotspot/share/prims/jni.cpp, line 535]
Event: 5.150 Thread 0x000000014501b400 Exception <a 'java/lang/ClassNotFoundException'{0x0000000786c86ed0}: com/sun/javafx/scene/control/skin/resources/controls-nt_zh_Hant> (0x0000000786c86ed0) 
thrown [open/src/hotspot/share/prims/jni.cpp, line 535]
Event: 5.150 Thread 0x000000014501b400 Exception <a 'java/lang/ClassNotFoundException'{0x0000000786c88448}: com/sun/javafx/scene/control/skin/resources/controls-nt_zh_Hant_TW> (0x0000000786c88448) 
thrown [open/src/hotspot/share/prims/jni.cpp, line 535]
Event: 5.162 Thread 0x000000014501b400 Exception <a 'java/lang/NoSuchMethodError'{0x0000000786a18dc0}: 'void java.lang.invoke.DirectMethodHandle$Holder.invokeSpecialIFC(java.lang.Object, java.lang.Object, java.lang.Object, java.lang.Object)'> (0x0000000786a18dc0) 
thrown [open/src/hotspot/share/interpreter/linkResolver.cpp, line 766]

VM Operations (20 events):
Event: 4.524 Executing VM operation: ICBufferFull
Event: 4.525 Executing VM operation: ICBufferFull done
Event: 4.577 Executing VM operation: HandshakeAllThreads
Event: 4.577 Executing VM operation: HandshakeAllThreads done
Event: 5.111 Executing VM operation: G1CollectForAllocation
Event: 5.114 Executing VM operation: G1CollectForAllocation done
Event: 5.114 Executing VM operation: Cleanup
Event: 5.115 Executing VM operation: Cleanup done
Event: 5.129 Executing VM operation: G1CollectForAllocation
Event: 5.130 Executing VM operation: G1CollectForAllocation done
Event: 5.140 Executing VM operation: HandshakeAllThreads
Event: 5.140 Executing VM operation: HandshakeAllThreads done
Event: 5.167 Executing VM operation: ICBufferFull
Event: 5.167 Executing VM operation: ICBufferFull done
Event: 6.172 Executing VM operation: Cleanup
Event: 6.173 Executing VM operation: Cleanup done
Event: 7.178 Executing VM operation: Cleanup
Event: 7.178 Executing VM operation: Cleanup done
Event: 8.180 Executing VM operation: Cleanup
Event: 8.180 Executing VM operation: Cleanup done

Events (20 events):
Event: 5.162 loading class javafx/scene/control/skin/DatePickerSkin
Event: 5.162 loading class javafx/scene/control/skin/DatePickerSkin done
Event: 5.162 loading class javafx/scene/control/DatePicker
Event: 5.162 loading class javafx/scene/control/DatePicker done
Event: 5.162 loading class javafx/scene/control/skin/DatePickerSkin
Event: 5.162 loading class javafx/scene/control/skin/DatePickerSkin done
Event: 5.162 loading class javafx/scene/control/DatePicker
Event: 5.162 loading class javafx/scene/control/DatePicker done
Event: 5.164 loading class javafx/scene/control/skin/MenuButtonSkinBase
Event: 5.164 loading class javafx/scene/control/skin/MenuButtonSkinBase done
Event: 5.164 loading class javafx/event/Event
Event: 5.164 loading class javafx/event/Event done
Event: 5.164 loading class javafx/scene/input/MouseEvent
Event: 5.164 loading class javafx/scene/input/MouseEvent done
Event: 5.165 loading class javafx/scene/input/MouseEvent
Event: 5.165 loading class javafx/scene/input/MouseEvent done
Event: 5.165 loading class javafx/scene/control/skin/MenuButtonSkinBase
Event: 5.165 loading class javafx/scene/control/skin/MenuButtonSkinBase done
Event: 5.165 loading class javafx/scene/input/MouseEvent
Event: 5.165 loading class javafx/scene/input/MouseEvent done


Dynamic libraries:
0x000000010068c000 	/Library/Java/JavaVirtualMachines/jdk-17.0.1.jdk/Contents/Home/lib/libjli.dylib
0x00000001a111e000 	/usr/lib/libz.1.dylib
0x00000001a11ce000 	/usr/lib/libSystem.B.dylib
0x00000001a11c8000 	/usr/lib/system/libcache.dylib
0x00000001a1186000 	/usr/lib/system/libcommonCrypto.dylib
0x00000001a11af000 	/usr/lib/system/libcompiler_rt.dylib
0x00000001a11a6000 	/usr/lib/system/libcopyfile.dylib
0x00000001964d2000 	/usr/lib/system/libcorecrypto.dylib
0x0000000196577000 	/usr/lib/system/libdispatch.dylib
0x000000019673f000 	/usr/lib/system/libdyld.dylib
0x00000001a11be000 	/usr/lib/system/libkeymgr.dylib
0x00000001a1168000 	/usr/lib/system/libmacho.dylib
0x00000001a0874000 	/usr/lib/system/libquarantine.dylib
0x00000001a11bb000 	/usr/lib/system/libremovefile.dylib
0x000000019b8c1000 	/usr/lib/system/libsystem_asl.dylib
0x000000019647c000 	/usr/lib/system/libsystem_blocks.dylib
0x00000001965fd000 	/usr/lib/system/libsystem_c.dylib
0x00000001a11b3000 	/usr/lib/system/libsystem_collections.dylib
0x000000019fcd1000 	/usr/lib/system/libsystem_configuration.dylib
0x000000019ef57000 	/usr/lib/system/libsystem_containermanager.dylib
0x00000001a0ed2000 	/usr/lib/system/libsystem_coreservices.dylib
0x0000000198e64000 	/usr/lib/system/libsystem_darwin.dylib
0x00000001a11bf000 	/usr/lib/system/libsystem_dnssd.dylib
0x00000001965fa000 	/usr/lib/system/libsystem_featureflags.dylib
0x0000000196754000 	/usr/lib/system/libsystem_info.dylib
0x00000001a1130000 	/usr/lib/system/libsystem_m.dylib
0x000000019654c000 	/usr/lib/system/libsystem_malloc.dylib
0x000000019b852000 	/usr/lib/system/libsystem_networkextension.dylib
0x00000001992b7000 	/usr/lib/system/libsystem_notify.dylib
0x00000001a739b000 	/usr/lib/system/libsystem_product_info_filter.dylib
0x000000019fcd6000 	/usr/lib/system/libsystem_sandbox.dylib
0x00000001a11b8000 	/usr/lib/system/libsystem_secinit.dylib
0x00000001966fc000 	/usr/lib/system/libsystem_kernel.dylib
0x000000019674c000 	/usr/lib/system/libsystem_platform.dylib
0x0000000196732000 	/usr/lib/system/libsystem_pthread.dylib
0x000000019cff7000 	/usr/lib/system/libsystem_symptoms.dylib
0x00000001964b8000 	/usr/lib/system/libsystem_trace.dylib
0x00000001a1193000 	/usr/lib/system/libunwind.dylib
0x000000019647e000 	/usr/lib/system/libxpc.dylib
0x00000001966e2000 	/usr/lib/libc++abi.dylib
0x00000001965be000 	/usr/lib/libobjc.A.dylib
0x00000001a119e000 	/usr/lib/liboah.dylib
0x000000019667e000 	/usr/lib/libc++.1.dylib
0x00000001acd78000 	/System/Library/Frameworks/Cocoa.framework/Versions/A/Cocoa
0x0000000199316000 	/System/Library/Frameworks/AppKit.framework/Versions/C/AppKit
0x000000019c838000 	/System/Library/Frameworks/CoreData.framework/Versions/A/CoreData
0x0000000197677000 	/System/Library/Frameworks/Foundation.framework/Versions/C/Foundation
0x000000019a1c8000 	/System/Library/PrivateFrameworks/UIFoundation.framework/Versions/A/UIFoundation
0x00000001a7095000 	/System/Library/PrivateFrameworks/RemoteViewServices.framework/Versions/A/RemoteViewServices
0x000000019f690000 	/System/Library/PrivateFrameworks/XCTTargetBootstrap.framework/Versions/A/XCTTargetBootstrap
0x00000001a2ed0000 	/System/Library/PrivateFrameworks/InternationalSupport.framework/Versions/A/InternationalSupport
0x00000001a2f59000 	/System/Library/PrivateFrameworks/UserActivity.framework/Versions/A/UserActivity
0x00000001a23fb000 	/usr/lib/libspindump.dylib
0x000000019a438000 	/System/Library/Frameworks/UniformTypeIdentifiers.framework/Versions/A/UniformTypeIdentifiers
0x000000019dc1e000 	/usr/lib/libapp_launch_measurement.dylib
0x000000019d19b000 	/System/Library/PrivateFrameworks/CoreAnalytics.framework/Versions/A/CoreAnalytics
0x000000019dc21000 	/System/Library/PrivateFrameworks/CoreAutoLayout.framework/Versions/A/CoreAutoLayout
0x000000019ef94000 	/System/Library/Frameworks/Metal.framework/Versions/A/Metal
0x000000019fce1000 	/usr/lib/liblangid.dylib
0x000000019f694000 	/System/Library/PrivateFrameworks/CoreSVG.framework/Versions/A/CoreSVG
0x000000019b8f5000 	/System/Library/PrivateFrameworks/SkyLight.framework/Versions/A/SkyLight
0x000000019bcbd000 	/System/Library/Frameworks/CoreGraphics.framework/Versions/A/CoreGraphics
0x00000001a770e000 	/System/Library/Frameworks/Accelerate.framework/Versions/A/Accelerate
0x00000001a1e70000 	/System/Library/PrivateFrameworks/IconServices.framework/Versions/A/IconServices
0x000000019ef76000 	/System/Library/Frameworks/IOSurface.framework/Versions/A/IOSurface
0x000000019d1cb000 	/usr/lib/libDiagnosticMessagesClient.dylib
0x00000001aab46000 	/System/Library/Frameworks/ApplicationServices.framework/Versions/A/ApplicationServices
0x000000019f678000 	/System/Library/PrivateFrameworks/DFRFoundation.framework/Versions/A/DFRFoundation
0x0000000198bb9000 	/usr/lib/libicucore.A.dylib
0x00000001a3ccd000 	/System/Library/Frameworks/AudioToolbox.framework/Versions/A/AudioToolbox
0x00000001a2edc000 	/System/Library/PrivateFrameworks/DataDetectorsCore.framework/Versions/A/DataDetectorsCore
0x00000001b8ef8000 	/System/Library/PrivateFrameworks/TextInput.framework/Versions/A/TextInput
0x000000019b86c000 	/usr/lib/libMobileGestalt.dylib
0x000000019f348000 	/System/Library/Frameworks/Carbon.framework/Versions/A/Frameworks/HIToolbox.framework/Versions/A/HIToolbox
0x000000019d628000 	/System/Library/Frameworks/QuartzCore.framework/Versions/A/QuartzCore
0x0000000198836000 	/System/Library/Frameworks/Security.framework/Versions/A/Security
0x00000001a70d5000 	/System/Library/Frameworks/Carbon.framework/Versions/A/Frameworks/SpeechRecognition.framework/Versions/A/SpeechRecognition
0x000000019d975000 	/System/Library/PrivateFrameworks/CoreUI.framework/Versions/A/CoreUI
0x0000000198109000 	/System/Library/Frameworks/CoreAudio.framework/Versions/A/CoreAudio
0x000000019d2bb000 	/System/Library/Frameworks/DiskArbitration.framework/Versions/A/DiskArbitration
0x00000001a27e3000 	/System/Library/PrivateFrameworks/MultitouchSupport.framework/Versions/A/MultitouchSupport
0x000000019b86a000 	/usr/lib/libenergytrace.dylib
0x00000001991e2000 	/System/Library/Frameworks/IOKit.framework/Versions/A/IOKit
0x00000001a74bc000 	/System/Library/Frameworks/CoreServices.framework/Versions/A/CoreServices
0x000000019dbae000 	/System/Library/PrivateFrameworks/PerformanceAnalysis.framework/Versions/A/PerformanceAnalysis
0x00000001f771d000 	/System/Library/Frameworks/OpenGL.framework/Versions/A/OpenGL
0x00000001a0794000 	/System/Library/PrivateFrameworks/MobileKeyBag.framework/Versions/A/MobileKeyBag
0x000000019c2cd000 	/System/Library/Frameworks/ColorSync.framework/Versions/A/ColorSync
0x0000000196780000 	/System/Library/Frameworks/CoreFoundation.framework/Versions/A/CoreFoundation
0x000000019f915000 	/System/Library/Frameworks/CoreImage.framework/Versions/A/CoreImage
0x0000000197f2c000 	/System/Library/Frameworks/CoreText.framework/Versions/A/CoreText
0x000000019f6c4000 	/System/Library/Frameworks/ImageIO.framework/Versions/A/ImageIO
0x00000001a11d4000 	/System/Library/PrivateFrameworks/SoftLinking.framework/Versions/A/SoftLinking
0x000000019dc6b000 	/usr/lib/libxml2.2.dylib
0x00000001a146c000 	/usr/lib/libcompression.dylib
0x00000001a2e29000 	/System/Library/PrivateFrameworks/TextureIO.framework/Versions/A/TextureIO
0x00000001a1b8a000 	/usr/lib/libate.dylib
0x00000001a1a52000 	/usr/lib/liblzma.5.dylib
0x0000000197368000 	/System/Library/Frameworks/SystemConfiguration.framework/Versions/A/SystemConfiguration
0x00000001a11d0000 	/usr/lib/libfakelink.dylib
0x000000019b39a000 	/System/Library/Frameworks/CFNetwork.framework/Versions/A/CFNetwork
0x00000001a1317000 	/usr/lib/libarchive.2.dylib
0x000000019fcdd000 	/System/Library/PrivateFrameworks/AppleSystemInfo.framework/Versions/A/AppleSystemInfo
0x00000001a089e000 	/usr/lib/libbsm.0.dylib
0x000000019a8d7000 	/usr/lib/libnetwork.dylib
0x00000001a116e000 	/usr/lib/system/libkxld.dylib
0x00000001a04b6000 	/System/Library/PrivateFrameworks/IOMobileFramebuffer.framework/Versions/A/IOMobileFramebuffer
0x0000000213048000 	/usr/lib/libCoreEntitlements.dylib
0x00000001a0eb4000 	/System/Library/PrivateFrameworks/AppleFSCompression.framework/Versions/A/AppleFSCompression
0x00000001a0887000 	/usr/lib/libcoretls.dylib
0x00000001a1a6b000 	/usr/lib/libcoretls_cfhelpers.dylib
0x00000001a1467000 	/usr/lib/libpam.2.dylib
0x000000019cc1f000 	/usr/lib/libsqlite3.dylib
0x00000001a1ad3000 	/usr/lib/libxar.1.dylib
0x00000001a0ec5000 	/usr/lib/libbz2.1.0.dylib
0x00000001a11d5000 	/usr/lib/libpcap.A.dylib
0x000000019cfee000 	/usr/lib/libdns_services.dylib
0x00000001a143a000 	/usr/lib/libapple_nghttp2.dylib
0x00000001a1212000 	/usr/lib/libiconv.2.dylib
0x00000001a1167000 	/usr/lib/libcharset.1.dylib
0x000000019dbea000 	/System/Library/Frameworks/CoreServices.framework/Versions/A/Frameworks/FSEvents.framework/Versions/A/FSEvents
0x0000000198e6f000 	/System/Library/Frameworks/CoreServices.framework/Versions/A/Frameworks/CarbonCore.framework/Versions/A/CarbonCore
0x000000019d21e000 	/System/Library/Frameworks/CoreServices.framework/Versions/A/Frameworks/Metadata.framework/Versions/A/Metadata
0x00000001a0ed8000 	/System/Library/Frameworks/CoreServices.framework/Versions/A/Frameworks/OSServices.framework/Versions/A/OSServices
0x00000001a139c000 	/System/Library/Frameworks/CoreServices.framework/Versions/A/Frameworks/SearchKit.framework/Versions/A/SearchKit
0x000000019cf7c000 	/System/Library/Frameworks/CoreServices.framework/Versions/A/Frameworks/AE.framework/Versions/A/AE
0x0000000196cc4000 	/System/Library/Frameworks/CoreServices.framework/Versions/A/Frameworks/LaunchServices.framework/Versions/A/LaunchServices
0x00000001a19fb000 	/System/Library/Frameworks/CoreServices.framework/Versions/A/Frameworks/DictionaryServices.framework/Versions/A/DictionaryServices
0x000000019dbf7000 	/System/Library/Frameworks/CoreServices.framework/Versions/A/Frameworks/SharedFileList.framework/Versions/A/SharedFileList
0x00000001a0877000 	/usr/lib/libCheckFix.dylib
0x000000019b8d9000 	/System/Library/PrivateFrameworks/TCC.framework/Versions/A/TCC
0x000000019fce3000 	/System/Library/PrivateFrameworks/CoreNLP.framework/Versions/A/CoreNLP
0x000000019d1ce000 	/System/Library/PrivateFrameworks/MetadataUtilities.framework/Versions/A/MetadataUtilities
0x0000000197421000 	/usr/lib/libmecabra.dylib
0x00000001a08af000 	/usr/lib/libmecab.dylib
0x00000001973ed000 	/usr/lib/libCRFSuite.dylib
0x00000001a090d000 	/usr/lib/libgermantok.dylib
0x00000001a1413000 	/usr/lib/libThaiTokenizer.dylib
0x000000019d2c3000 	/System/Library/Frameworks/Accelerate.framework/Versions/A/Frameworks/vImage.framework/Versions/A/vImage
0x00000001a7493000 	/System/Library/Frameworks/Accelerate.framework/Versions/A/Frameworks/vecLib.framework/Versions/A/vecLib
0x00000001a1b17000 	/System/Library/Frameworks/Accelerate.framework/Versions/A/Frameworks/vecLib.framework/Versions/A/libvMisc.dylib
0x00000001a03c0000 	/System/Library/Frameworks/Accelerate.framework/Versions/A/Frameworks/vecLib.framework/Versions/A/libvDSP.dylib
0x0000000197047000 	/System/Library/Frameworks/Accelerate.framework/Versions/A/Frameworks/vecLib.framework/Versions/A/libBLAS.dylib
0x00000001a153b000 	/System/Library/Frameworks/Accelerate.framework/Versions/A/Frameworks/vecLib.framework/Versions/A/libLAPACK.dylib
0x00000001a0910000 	/System/Library/Frameworks/Accelerate.framework/Versions/A/Frameworks/vecLib.framework/Versions/A/libLinearAlgebra.dylib
0x00000001a1452000 	/System/Library/Frameworks/Accelerate.framework/Versions/A/Frameworks/vecLib.framework/Versions/A/libSparseBLAS.dylib
0x00000001a1536000 	/System/Library/Frameworks/Accelerate.framework/Versions/A/Frameworks/vecLib.framework/Versions/A/libQuadrature.dylib
0x000000019fdda000 	/System/Library/Frameworks/Accelerate.framework/Versions/A/Frameworks/vecLib.framework/Versions/A/libBNNS.dylib
0x0000000197305000 	/System/Library/Frameworks/Accelerate.framework/Versions/A/Frameworks/vecLib.framework/Versions/A/libSparse.dylib
0x000000019fdd2000 	/System/Library/PrivateFrameworks/LinguisticData.framework/Versions/A/LinguisticData
0x00000001972bb000 	/System/Library/PrivateFrameworks/Lexicon.framework/Versions/A/Lexicon
0x00000001a1b0f000 	/usr/lib/libChineseTokenizer.dylib
0x0000000197a65000 	/System/Library/PrivateFrameworks/LanguageModeling.framework/Versions/A/LanguageModeling
0x00000001a1415000 	/System/Library/PrivateFrameworks/AppleSauce.framework/Versions/A/AppleSauce
0x00000001a04a3000 	/System/Library/PrivateFrameworks/CoreEmoji.framework/Versions/A/CoreEmoji
0x00000001a1305000 	/usr/lib/libcmph.dylib
0x000000019dbca000 	/System/Library/Frameworks/OpenDirectory.framework/Versions/A/Frameworks/CFOpenDirectory.framework/Versions/A/CFOpenDirectory
0x000000019dbba000 	/System/Library/Frameworks/OpenDirectory.framework/Versions/A/OpenDirectory
0x00000001a1a6d000 	/System/Library/PrivateFrameworks/APFS.framework/Versions/A/APFS
0x00000001a07cf000 	/System/Library/Frameworks/SecurityFoundation.framework/Versions/A/SecurityFoundation
0x00000001a1ae1000 	/usr/lib/libutil.dylib
0x00000001991a4000 	/System/Library/PrivateFrameworks/CoreServicesStore.framework/Versions/A/CoreServicesStore
0x00000001a1ae5000 	/usr/lib/libxslt.1.dylib
0x00000001a0863000 	/System/Library/PrivateFrameworks/BackgroundTaskManagement.framework/Versions/A/BackgroundTaskManagement
0x00000001a2d4a000 	/System/Library/Frameworks/ImageIO.framework/Versions/A/Resources/libRadiance.dylib
0x00000001a2d53000 	/System/Library/Frameworks/ImageIO.framework/Versions/A/Resources/libJPEG.dylib
0x00000001a2ca5000 	/System/Library/Frameworks/ImageIO.framework/Versions/A/Resources/libPng.dylib
0x00000001a2cc7000 	/System/Library/Frameworks/ImageIO.framework/Versions/A/Resources/libTIFF.dylib
0x00000001a2dae000 	/System/Library/Frameworks/ImageIO.framework/Versions/A/Resources/libGIF.dylib
0x00000001a26f3000 	/System/Library/Frameworks/ImageIO.framework/Versions/A/Resources/libJP2.dylib
0x00000001a1e36000 	/usr/lib/libexpat.1.dylib
0x00000001a26ae000 	/System/Library/PrivateFrameworks/AppleJPEG.framework/Versions/A/AppleJPEG
0x000000019f207000 	/System/Library/PrivateFrameworks/FontServices.framework/libFontParser.dylib
0x000000019cf21000 	/System/Library/PrivateFrameworks/RunningBoardServices.framework/Versions/A/RunningBoardServices
0x00000001ad3e3000 	/System/Library/PrivateFrameworks/IOSurfaceAccelerator.framework/Versions/A/IOSurfaceAccelerator
0x00000001a27df000 	/System/Library/PrivateFrameworks/WatchdogClient.framework/Versions/A/WatchdogClient
0x0000000197b69000 	/System/Library/Frameworks/CoreDisplay.framework/Versions/A/CoreDisplay
0x000000019f0f6000 	/System/Library/Frameworks/CoreMedia.framework/Versions/A/CoreMedia
0x000000019ef8a000 	/System/Library/PrivateFrameworks/IOAccelerator.framework/Versions/A/IOAccelerator
0x000000019dd58000 	/System/Library/Frameworks/CoreVideo.framework/Versions/A/CoreVideo
0x00000001a1465000 	/System/Library/Frameworks/MetalPerformanceShaders.framework/Versions/A/MetalPerformanceShaders
0x00000001a281c000 	/System/Library/Frameworks/VideoToolbox.framework/Versions/A/VideoToolbox
0x000000019ce65000 	/System/Library/PrivateFrameworks/BaseBoard.framework/Versions/A/BaseBoard
0x000000019cc04000 	/System/Library/PrivateFrameworks/ProtocolBuffer.framework/Versions/A/ProtocolBuffer
0x00000001a2d45000 	/System/Library/PrivateFrameworks/GPUWrangler.framework/Versions/A/GPUWrangler
0x00000001a2d24000 	/System/Library/PrivateFrameworks/IOPresentment.framework/Versions/A/IOPresentment
0x00000001a2d4d000 	/System/Library/PrivateFrameworks/DSExternalDisplay.framework/Versions/A/DSExternalDisplay
0x00000001f7710000 	/System/Library/Frameworks/OpenGL.framework/Versions/A/Libraries/libCoreFSCache.dylib
0x0000000200e2a000 	/System/Library/PrivateFrameworks/GPUCompiler.framework/Versions/31001/Libraries/libGPUCompilerUtils.dylib
0x00000001a2db3000 	/System/Library/PrivateFrameworks/CMCaptureCore.framework/Versions/A/CMCaptureCore
0x00000001a23e9000 	/System/Library/PrivateFrameworks/AppServerSupport.framework/Versions/A/AppServerSupport
0x00000001a4588000 	/System/Library/PrivateFrameworks/perfdata.framework/Versions/A/perfdata
0x0000000197c89000 	/System/Library/PrivateFrameworks/AudioToolboxCore.framework/Versions/A/AudioToolboxCore
0x000000019f0ce000 	/System/Library/PrivateFrameworks/caulk.framework/Versions/A/caulk
0x00000001a3e7d000 	/usr/lib/libAudioStatistics.dylib
0x00000001b5696000 	/System/Library/PrivateFrameworks/SystemPolicy.framework/Versions/A/SystemPolicy
0x00000001a40dd000 	/usr/lib/libSMC.dylib
0x00000001acc5a000 	/System/Library/Frameworks/CoreMIDI.framework/Versions/A/CoreMIDI
0x00000001a2c73000 	/usr/lib/libAudioToolboxUtility.dylib
0x00000001b1b3c000 	/System/Library/PrivateFrameworks/OSAServicesClient.framework/Versions/A/OSAServicesClient
0x00000001a4595000 	/usr/lib/libperfcheck.dylib
0x00000001b6199000 	/usr/lib/libmis.dylib
0x00000001f7771000 	/System/Library/Frameworks/OpenGL.framework/Versions/A/Libraries/libGLU.dylib
0x00000001f7730000 	/System/Library/Frameworks/OpenGL.framework/Versions/A/Libraries/libGFXShared.dylib
0x00000001f791a000 	/System/Library/Frameworks/OpenGL.framework/Versions/A/Libraries/libGL.dylib
0x00000001f7739000 	/System/Library/Frameworks/OpenGL.framework/Versions/A/Libraries/libGLImage.dylib
0x00000001f772d000 	/System/Library/Frameworks/OpenGL.framework/Versions/A/Libraries/libCVMSPluginSupport.dylib
0x00000001f7717000 	/System/Library/Frameworks/OpenGL.framework/Versions/A/Libraries/libCoreVMClient.dylib
0x000000019fc5f000 	/System/Library/Frameworks/MetalPerformanceShaders.framework/Versions/A/Frameworks/MPSCore.framework/Versions/A/MPSCore
0x00000001a0e27000 	/System/Library/Frameworks/MetalPerformanceShaders.framework/Versions/A/Frameworks/MPSImage.framework/Versions/A/MPSImage
0x00000001a0925000 	/System/Library/Frameworks/MetalPerformanceShaders.framework/Versions/A/Frameworks/MPSNeuralNetwork.framework/Versions/A/MPSNeuralNetwork
0x00000001a0d62000 	/System/Library/Frameworks/MetalPerformanceShaders.framework/Versions/A/Frameworks/MPSMatrix.framework/Versions/A/MPSMatrix
0x00000001a0b3d000 	/System/Library/Frameworks/MetalPerformanceShaders.framework/Versions/A/Frameworks/MPSRayIntersector.framework/Versions/A/MPSRayIntersector
0x00000001a0d93000 	/System/Library/Frameworks/MetalPerformanceShaders.framework/Versions/A/Frameworks/MPSNDArray.framework/Versions/A/MPSNDArray
0x00000001f942c000 	/System/Library/Frameworks/MetalPerformanceShaders.framework/Versions/A/Frameworks/MPSFunctions.framework/Versions/A/MPSFunctions
0x0000000196f25000 	/System/Library/PrivateFrameworks/MetalTools.framework/Versions/A/MetalTools
0x000000019fcdb000 	/System/Library/PrivateFrameworks/AggregateDictionary.framework/Versions/A/AggregateDictionary
0x00000001a1c1c000 	/usr/lib/libIOReport.dylib
0x00000001abc48000 	/System/Library/PrivateFrameworks/ASEProcessing.framework/Versions/A/ASEProcessing
0x00000001a1f8e000 	/System/Library/PrivateFrameworks/FaceCore.framework/Versions/A/FaceCore
0x00000001a1f80000 	/System/Library/PrivateFrameworks/GraphVisualizer.framework/Versions/A/GraphVisualizer
0x0000000200d41000 	/System/Library/PrivateFrameworks/FontServices.framework/Versions/A/FontServices
0x00000001a23a3000 	/System/Library/PrivateFrameworks/OTSVG.framework/Versions/A/OTSVG
0x000000019d926000 	/System/Library/Frameworks/ApplicationServices.framework/Versions/A/Frameworks/ATS.framework/Versions/A/Resources/libFontRegistry.dylib
0x00000001a23f2000 	/System/Library/PrivateFrameworks/FontServices.framework/libhvf.dylib
0x0000000200d42000 	/System/Library/PrivateFrameworks/FontServices.framework/libXTFontStaticRegistryData.dylib
0x00000001f7abc000 	/System/Library/Frameworks/OpenCL.framework/Versions/A/OpenCL
0x00000001a1dea000 	/System/Library/PrivateFrameworks/AppleVA.framework/Versions/A/AppleVA
0x00000001a3ea5000 	/System/Library/Frameworks/ApplicationServices.framework/Versions/A/Frameworks/ATS.framework/Versions/A/ATS
0x000000019c3ca000 	/System/Library/Frameworks/ApplicationServices.framework/Versions/A/Frameworks/HIServices.framework/Versions/A/HIServices
0x00000001a2dbd000 	/System/Library/Frameworks/ApplicationServices.framework/Versions/A/Frameworks/PrintCore.framework/Versions/A/PrintCore
0x00000001a4230000 	/System/Library/Frameworks/ApplicationServices.framework/Versions/A/Frameworks/QD.framework/Versions/A/QD
0x00000001a4228000 	/System/Library/Frameworks/ApplicationServices.framework/Versions/A/Frameworks/ColorSyncLegacy.framework/Versions/A/ColorSyncLegacy
0x00000001a3e91000 	/System/Library/Frameworks/ApplicationServices.framework/Versions/A/Frameworks/SpeechSynthesis.framework/Versions/A/SpeechSynthesis
0x00000001a2d7e000 	/System/Library/Frameworks/ApplicationServices.framework/Versions/A/Frameworks/ATSUI.framework/Versions/A/ATSUI
0x00000001a41bd000 	/usr/lib/libcups.2.dylib
0x00000001a45a3000 	/System/Library/Frameworks/Kerberos.framework/Versions/A/Kerberos
0x00000001a45b4000 	/System/Library/Frameworks/GSS.framework/Versions/A/GSS
0x00000001a3f14000 	/usr/lib/libresolv.9.dylib
0x00000001a2400000 	/System/Library/PrivateFrameworks/Heimdal.framework/Versions/A/Heimdal
0x00000001aaebc000 	/System/Library/Frameworks/Kerberos.framework/Versions/A/Libraries/libHeimdalProxy.dylib
0x000000019d000000 	/System/Library/Frameworks/Network.framework/Versions/A/Network
0x00000001a1e51000 	/usr/lib/libheimdal-asn1.dylib
0x00000001a45fa000 	/System/Library/PrivateFrameworks/CommonAuth.framework/Versions/A/CommonAuth
0x00000001a3e0b000 	/System/Library/PrivateFrameworks/AudioSession.framework/Versions/A/AudioSession
0x00000001a1ee2000 	/System/Library/PrivateFrameworks/MediaExperience.framework/Versions/A/MediaExperience
0x00000001a3c93000 	/System/Library/PrivateFrameworks/AudioSession.framework/libSessionUtility.dylib
0x00000001a423c000 	/System/Library/PrivateFrameworks/AudioResourceArbitration.framework/Versions/A/AudioResourceArbitration
0x00000001a1e5a000 	/System/Library/PrivateFrameworks/IconFoundation.framework/Versions/A/IconFoundation
0x00000001a70c1000 	/System/Library/PrivateFrameworks/SpeechRecognitionCore.framework/Versions/A/SpeechRecognitionCore
0x00000001da83a000 	/System/Library/CoreServices/Encodings/libTraditionalChineseConverter.dylib
0x00000001017a4000 	/Library/Java/JavaVirtualMachines/jdk-17.0.1.jdk/Contents/Home/lib/server/libjvm.dylib
0x00000001006f0000 	/Library/Java/JavaVirtualMachines/jdk-17.0.1.jdk/Contents/Home/lib/libjimage.dylib
0x0000000100900000 	/Library/Java/JavaVirtualMachines/jdk-17.0.1.jdk/Contents/Home/lib/libjdwp.dylib
0x0000000100948000 	/Library/Java/JavaVirtualMachines/jdk-17.0.1.jdk/Contents/Home/lib/libjava.dylib
0x00000001008d0000 	/Library/Java/JavaVirtualMachines/jdk-17.0.1.jdk/Contents/Home/lib/libinstrument.dylib
0x000000011ee90000 	/Library/Java/JavaVirtualMachines/jdk-17.0.1.jdk/Contents/Home/lib/libnio.dylib
0x000000011eed4000 	/Library/Java/JavaVirtualMachines/jdk-17.0.1.jdk/Contents/Home/lib/libnet.dylib
0x000000011ee70000 	/Library/Java/JavaVirtualMachines/jdk-17.0.1.jdk/Contents/Home/lib/libzip.dylib
0x000000011eeb0000 	/Library/Java/JavaVirtualMachines/jdk-17.0.1.jdk/Contents/Home/lib/libdt_socket.dylib
0x000000011ef14000 	/Library/Java/JavaVirtualMachines/jdk-17.0.1.jdk/Contents/Home/lib/libverify.dylib
0x000000011eef8000 	/Users/sean/.openjfx/cache/17.0.0.1/libprism_es2.dylib
0x0000000199167000 	/System/Library/PrivateFrameworks/CoreServicesInternal.framework/Versions/A/CoreServicesInternal
0x00000001f7924000 	/System/Library/Frameworks/OpenGL.framework/Versions/A/Resources/GLEngine.bundle/GLEngine
0x00000001f77ab000 	/System/Library/Frameworks/OpenGL.framework/Versions/A/Libraries/libGLProgrammability.dylib
0x000000012157c000 	/System/Library/Extensions/AppleMetalOpenGLRenderer.bundle/Contents/MacOS/AppleMetalOpenGLRenderer
0x00000001f7a93000 	/System/Library/Frameworks/OpenGL.framework/Versions/A/Resources/GLRendererFloat.bundle/GLRendererFloat
0x00000001f7b34000 	/System/Library/Extensions/AGXMetal13_3.bundle/Contents/MacOS/AGXMetal13_3
0x00000001b61b5000 	/System/Library/PrivateFrameworks/GPURawCounter.framework/Versions/A/GPURawCounter
0x00000001b0c8a000 	/System/Library/PrivateFrameworks/IOGPU.framework/Versions/A/IOGPU
0x0000000121614000 	/Users/sean/.openjfx/cache/17.0.0.1/libglass.dylib
0x00000001a8561000 	/System/Library/Frameworks/FileProvider.framework/Versions/A/FileProvider
0x000000019cdcd000 	/System/Library/Frameworks/Accounts.framework/Versions/A/Accounts
0x00000001a86e1000 	/System/Library/PrivateFrameworks/GenerationalStorage.framework/Versions/A/GenerationalStorage
0x00000001a9291000 	/System/Library/PrivateFrameworks/CoreSymbolication.framework/Versions/A/CoreSymbolication
0x00000001a8301000 	/System/Library/PrivateFrameworks/SymptomDiagnosticReporter.framework/Versions/A/SymptomDiagnosticReporter
0x000000019a44c000 	/System/Library/PrivateFrameworks/DesktopServicesPriv.framework/Versions/A/DesktopServicesPriv
0x00000001992c6000 	/usr/lib/libsandbox.1.dylib
0x000000019dde4000 	/System/Library/PrivateFrameworks/UserManagement.framework/Versions/A/UserManagement
0x00000001a9252000 	/System/Library/PrivateFrameworks/DebugSymbols.framework/Versions/A/DebugSymbols
0x00000001a421b000 	/System/Library/PrivateFrameworks/NetAuth.framework/Versions/A/NetAuth
0x00000001a5119000 	/System/Library/PrivateFrameworks/Sharing.framework/Versions/A/Sharing
0x000000019ddb4000 	/System/Library/PrivateFrameworks/login.framework/Versions/A/Frameworks/loginsupport.framework/Versions/A/loginsupport
0x00000001aa402000 	/System/Library/PrivateFrameworks/Apple80211.framework/Versions/A/Apple80211
0x00000001a0f0b000 	/System/Library/PrivateFrameworks/AuthKit.framework/Versions/A/AuthKit
0x00000001a05a2000 	/System/Library/PrivateFrameworks/CoreUtils.framework/Versions/A/CoreUtils
0x00000001a04c2000 	/System/Library/Frameworks/CoreWLAN.framework/Versions/A/CoreWLAN
0x00000001a5282000 	/System/Library/Frameworks/IOBluetooth.framework/Versions/A/IOBluetooth
0x00000001aa462000 	/System/Library/PrivateFrameworks/CoreWiFi.framework/Versions/A/CoreWiFi
0x00000001a8e39000 	/System/Library/PrivateFrameworks/FrontBoardServices.framework/Versions/A/FrontBoardServices
0x00000001a8ed1000 	/System/Library/PrivateFrameworks/BoardServices.framework/Versions/A/BoardServices
0x00000001a07bd000 	/System/Library/PrivateFrameworks/AssertionServices.framework/Versions/A/AssertionServices
0x00000001aa5d0000 	/System/Library/PrivateFrameworks/BackBoardServices.framework/Versions/A/BackBoardServices
0x00000001a468d000 	/System/Library/PrivateFrameworks/CorePhoneNumbers.framework/Versions/A/CorePhoneNumbers
0x00000001a8431000 	/System/Library/PrivateFrameworks/DiskManagement.framework/Versions/A/DiskManagement
0x00000001a8334000 	/System/Library/PrivateFrameworks/AppleIDAuthSupport.framework/Versions/A/AppleIDAuthSupport
0x00000001fb6c5000 	/System/Library/PrivateFrameworks/AAAFoundation.framework/Versions/A/AAAFoundation
0x00000001a466c000 	/System/Library/PrivateFrameworks/KeychainCircle.framework/Versions/A/KeychainCircle
0x00000001a83fd000 	/System/Library/PrivateFrameworks/MediaKit.framework/Versions/A/MediaKit
0x00000001a8341000 	/System/Library/Frameworks/DiscRecording.framework/Versions/A/DiscRecording
0x00000001a1d66000 	/usr/lib/libCoreStorage.dylib
0x00000001aa8ca000 	/usr/lib/libcsfde.dylib
0x00000001a5357000 	/System/Library/PrivateFrameworks/ProtectedCloudStorage.framework/Versions/A/ProtectedCloudStorage
0x00000001aa8c2000 	/System/Library/PrivateFrameworks/EFILogin.framework/Versions/A/EFILogin
0x00000001a8708000 	/System/Library/PrivateFrameworks/OctagonTrust.framework/Versions/A/OctagonTrust
0x00000001fffac000 	/System/Library/PrivateFrameworks/CoreUtilsExtras.framework/Versions/A/CoreUtilsExtras
0x00000001a8273000 	/System/Library/Frameworks/CoreBluetooth.framework/Versions/A/CoreBluetooth
0x00000001aaf41000 	/System/Library/Frameworks/AudioUnit.framework/Versions/A/AudioUnit
0x00000001a1d5e000 	/usr/lib/libMatch.1.dylib
0x00000001ba41c000 	/System/Library/Frameworks/Accelerate.framework/Versions/A/Frameworks/vImage.framework/Versions/A/Libraries/libCGInterfaces.dylib
0x0000000122efc000 	/usr/lib/libobjc-trampolines.dylib
0x000000019dab2000 	/System/Library/PrivateFrameworks/ViewBridge.framework/Versions/A/ViewBridge
0x00000001a24ae000 	/System/Library/PrivateFrameworks/login.framework/Versions/A/login
0x00000001a1c25000 	/System/Library/PrivateFrameworks/CrashReporterSupport.framework/Versions/A/CrashReporterSupport
0x00000001c1d2b000 	/System/Library/PrivateFrameworks/OSAnalytics.framework/Versions/A/OSAnalytics
0x00000001cce7a000 	/System/Library/PrivateFrameworks/Symbolication.framework/Versions/A/Symbolication
0x00000001b6176000 	/System/Library/PrivateFrameworks/MallocStackLogging.framework/Versions/A/MallocStackLogging
0x0000000124dd4000 	/Users/sean/.openjfx/cache/17.0.0.1/libjavafx_font.dylib
0x00000002131c2000 	/usr/lib/libRosetta.dylib
0x00000001a7797000 	/System/Library/PrivateFrameworks/SystemAdministration.framework/Versions/A/SystemAdministration
0x00000001a2fc7000 	/System/Library/Frameworks/MediaToolbox.framework/Versions/A/MediaToolbox
0x00000001a7089000 	/System/Library/Frameworks/DirectoryService.framework/Versions/A/DirectoryService
0x00000001aa758000 	/System/Library/PrivateFrameworks/DiskImages.framework/Versions/A/DiskImages
0x00000001a086e000 	/System/Library/Frameworks/ServiceManagement.framework/Versions/A/ServiceManagement
0x00000001aa93d000 	/System/Library/PrivateFrameworks/LoginUIKit.framework/Versions/A/Frameworks/LoginUICore.framework/Versions/A/LoginUICore
0x00000001a2667000 	/usr/lib/libodfde.dylib
0x00000001a852d000 	/System/Library/PrivateFrameworks/CoreAVCHD.framework/Versions/A/CoreAVCHD
0x00000001a7759000 	/System/Library/Frameworks/MediaAccessibility.framework/Versions/A/MediaAccessibility
0x00000001a8529000 	/System/Library/PrivateFrameworks/Mangrove.framework/Versions/A/Mangrove
0x00000001a7766000 	/System/Library/PrivateFrameworks/AlgosScoreFramework.framework/Versions/A/AlgosScoreFramework
0x00000001fd2b4000 	/System/Library/PrivateFrameworks/CMPhoto.framework/Versions/A/CMPhoto
0x00000001a851d000 	/System/Library/PrivateFrameworks/CoreAUC.framework/Versions/A/CoreAUC
0x00000001aa8d6000 	/usr/lib/libcurl.4.dylib
0x00000001aa62e000 	/usr/lib/libcrypto.44.dylib
0x00000001aa72b000 	/usr/lib/libssl.46.dylib
0x00000001aa5f0000 	/System/Library/Frameworks/LDAP.framework/Versions/A/LDAP
0x00000001aa62c000 	/System/Library/PrivateFrameworks/TrustEvaluationAgent.framework/Versions/A/TrustEvaluationAgent
0x00000001a3f2d000 	/usr/lib/libsasl2.2.dylib
0x00000001a778c000 	/System/Library/PrivateFrameworks/CoreDaemon.framework/Versions/B/CoreDaemon
0x00000001a7786000 	/System/Library/PrivateFrameworks/AppleSRP.framework/Versions/A/AppleSRP
0x0000000133e30000 	/Users/sean/.openjfx/cache/17.0.0.1/libjavafx_iio.dylib


VM Arguments:
jvm_args: -agentlib:jdwp=transport=dt_socket,address=127.0.0.1:49622,suspend=y,server=n -javaagent:/Users/sean/Library/Caches/JetBrains/IdeaIC2021.2/captureAgent/debugger-agent.jar -Dfile.encoding=UTF-8 --module-path=/Users/sean/.m2/repository/org/openjfx/javafx-graphics/17.0.0.1/javafx-graphics-17.0.0.1-mac-aarch64.jar:/Users/sean/Documents/GitHub/Meal-Ordering-System/FoodOrderingSystem/target/classes:/Users/sean/.m2/repository/org/openjfx/javafx-base/17.0.0.1/javafx-base-17.0.0.1-mac-aarch64.jar:/Users/sean/.m2/repository/org/openjfx/javafx-fxml/17.0.0.1/javafx-fxml-17.0.0.1-mac-aarch64.jar:/Users/sean/.m2/repository/org/openjfx/javafx-controls/17.0.0.1/javafx-controls-17.0.0.1-mac-aarch64.jar -Djdk.module.main=com.example.foodorderingsystem 
java_command: com.example.foodorderingsystem/com.example.foodorderingsystem.HelloApplication
java_class_path (initial): /Users/sean/.m2/repository/org/openjfx/javafx-controls/17.0.0.1/javafx-controls-17.0.0.1.jar:/Users/sean/.m2/repository/org/openjfx/javafx-graphics/17.0.0.1/javafx-graphics-17.0.0.1.jar:/Users/sean/.m2/repository/org/openjfx/javafx-base/17.0.0.1/javafx-base-17.0.0.1.jar:/Users/sean/.m2/repository/org/openjfx/javafx-fxml/17.0.0.1/javafx-fxml-17.0.0.1.jar:/Applications/IntelliJ IDEA CE.app/Contents/lib/idea_rt.jar
Launcher Type: SUN_STANDARD

[Global flags]
     intx CICompilerCount                          = 4                                         {product} {ergonomic}
     uint ConcGCThreads                            = 2                                         {product} {ergonomic}
     uint G1ConcRefinementThreads                  = 8                                         {product} {ergonomic}
   size_t G1HeapRegionSize                         = 1048576                                   {product} {ergonomic}
    uintx GCDrainStackTargetSize                   = 64                                        {product} {ergonomic}
   size_t InitialHeapSize                          = 134217728                                 {product} {ergonomic}
   size_t MarkStackSize                            = 4194304                                   {product} {ergonomic}
   size_t MaxHeapSize                              = 2147483648                                {product} {ergonomic}
   size_t MaxNewSize                               = 1287651328                                {product} {ergonomic}
   size_t MinHeapDeltaBytes                        = 1048576                                   {product} {ergonomic}
   size_t MinHeapSize                              = 8388608                                   {product} {ergonomic}
    uintx NonNMethodCodeHeapSize                   = 5839564                                {pd product} {ergonomic}
    uintx NonProfiledCodeHeapSize                  = 122909338                              {pd product} {ergonomic}
    uintx ProfiledCodeHeapSize                     = 122909338                              {pd product} {ergonomic}
    uintx ReservedCodeCacheSize                    = 251658240                              {pd product} {ergonomic}
     bool SegmentedCodeCache                       = true                                      {product} {ergonomic}
   size_t SoftMaxHeapSize                          = 2147483648                             {manageable} {ergonomic}
     bool UseCompressedClassPointers               = true                           {product lp64_product} {ergonomic}
     bool UseCompressedOops                        = true                           {product lp64_product} {ergonomic}
     bool UseG1GC                                  = true                                      {product} {ergonomic}
     bool UseNUMA                                  = false                                     {product} {ergonomic}
     bool UseNUMAInterleaving                      = false                                     {product} {ergonomic}

Logging:
Log output configuration:
 #0: stdout all=warning uptime,level,tags
 #1: stderr all=off uptime,level,tags

Environment Variables:
PATH=/usr/local/bin:/usr/bin:/bin:/usr/sbin:/sbin
SHELL=/bin/zsh
LC_CTYPE=zh_TW.UTF-8

Signal Handlers:
   SIGSEGV: _ZL13crash_handleriP9__siginfoPv in libjvm.dylib, mask=11100110000111110111111111111111, flags=SA_RESTART|SA_SIGINFO
    SIGBUS: _ZL13crash_handleriP9__siginfoPv in libjvm.dylib, mask=11100110000111110111111111111111, flags=SA_RESTART|SA_SIGINFO
    SIGFPE: _ZL13crash_handleriP9__siginfoPv in libjvm.dylib, mask=11100110000111110111111111111111, flags=SA_RESTART|SA_SIGINFO
   SIGPIPE: _ZL17javaSignalHandleriP9__siginfoPv in libjvm.dylib, mask=11100110000111110111111111111111, flags=SA_RESTART|SA_SIGINFO
   SIGXFSZ: _ZL17javaSignalHandleriP9__siginfoPv in libjvm.dylib, mask=11100110000111110111111111111111, flags=SA_RESTART|SA_SIGINFO
    SIGILL: _ZL13crash_handleriP9__siginfoPv in libjvm.dylib, mask=11100110000111110111111111111111, flags=SA_RESTART|SA_SIGINFO
   SIGUSR2: _ZL10SR_handleriP9__siginfoP17__darwin_ucontext in libjvm.dylib, mask=00100000000000000000000000000000, flags=SA_RESTART|SA_SIGINFO
    SIGHUP: _ZL11UserHandleriPvS_ in libjvm.dylib, mask=11100110000111110111111111111111, flags=SA_RESTART|SA_SIGINFO
    SIGINT: _ZL11UserHandleriPvS_ in libjvm.dylib, mask=11100110000111110111111111111111, flags=SA_RESTART|SA_SIGINFO
   SIGTERM: _ZL11UserHandleriPvS_ in libjvm.dylib, mask=11100110000111110111111111111111, flags=SA_RESTART|SA_SIGINFO
   SIGQUIT: _ZL11UserHandleriPvS_ in libjvm.dylib, mask=11100110000111110111111111111111, flags=SA_RESTART|SA_SIGINFO
   SIGTRAP: _ZL13crash_handleriP9__siginfoPv in libjvm.dylib, mask=11100110000111110111111111111111, flags=SA_RESTART|SA_SIGINFO


---------------  S Y S T E M  ---------------

OS:
uname: Darwin 21.1.0 Darwin Kernel Version 21.1.0: Wed Oct 13 17:33:24 PDT 2021; root:xnu-8019.41.5~1/RELEASE_ARM64_T8101 arm64
OS uptime: 24 days 5:30 hours
rlimit (soft/hard): STACK 8176k/65520k , CORE 0k/infinity , NPROC 1333/2000 , NOFILE 10240/infinity , AS infinity/infinity , CPU infinity/infinity , DATA infinity/infinity , FSIZE infinity/infinity , MEMLOCK infinity/infinity , RSS infinity/infinity
load average: 2.03 2.94 4.02

CPU: total 8 (initial active 8) 0x61:0x0:0x1b588bb3:0, fp, simd, crc, lse

Memory: 16k page, physical 8388608k(79808k free), swap 7340032k(1393408k free)

vm_info: Java HotSpot(TM) 64-Bit Server VM (17.0.1+12-LTS-39) for bsd-aarch64 JRE (17.0.1+12-LTS-39), built on Sep 27 2021 17:38:30 by "mach5one" with clang Apple LLVM 12.0.0 (clang-1200.0.32.29)

END.
