#
# A fatal error has been detected by the Java Runtime Environment:
#
#  SIGBUS (0xa) at pc=0x000000010bbcd4f0, pid=12205, tid=29455
#
# JRE version: Java(TM) SE Runtime Environment (17.0.1+12) (build 17.0.1+12-LTS-39)
# Java VM: Java HotSpot(TM) 64-Bit Server VM (17.0.1+12-LTS-39, mixed mode, sharing, tiered, compressed oops, compressed class ptrs, g1 gc, bsd-aarch64)
# Problematic frame:
# v  ~StubRoutines::SafeFetchN
#
# No core dump will be written. Core dumps have been disabled. To enable core dumping, try "ulimit -c unlimited" before starting Java again
#
# If you would like to submit a bug report, please visit:
#   https://bugreport.java.com/bugreport/crash.jsp
# The crash happened outside the Java Virtual Machine in native code.
# See problematic frame for where to report the bug.
#

---------------  S U M M A R Y ------------

Command Line: -agentlib:jdwp=transport=dt_socket,address=127.0.0.1:57143,suspend=y,server=n -javaagent:/Users/sean/Library/Caches/JetBrains/IdeaIC2021.2/captureAgent/debugger-agent.jar -Dfile.encoding=UTF-8 --module-path=/Users/sean/Documents/GitHub/Meal-Ordering-System/FoodOrderingSystem/target/classes:/Users/sean/.m2/repository/org/openjfx/javafx-base/17.0.0.1/javafx-base-17.0.0.1-mac-aarch64.jar:/Users/sean/.m2/repository/org/openjfx/javafx-graphics/17.0.0.1/javafx-graphics-17.0.0.1-mac-aarch64.jar:/Users/sean/.m2/repository/org/openjfx/javafx-controls/17.0.0.1/javafx-controls-17.0.0.1-mac-aarch64.jar:/Users/sean/.m2/repository/org/openjfx/javafx-fxml/17.0.0.1/javafx-fxml-17.0.0.1-mac-aarch64.jar -Djdk.module.main=com.example.foodorderingsystem com.example.foodorderingsystem/com.example.foodorderingsystem.HelloApplication

Host: "MacBookPro17,1" arm64 1 MHz, 8 cores, 8G, Darwin 21.1.0, macOS 12.0.1 (21A559)
Time: Thu Jan 20 22:36:13 2022 CST elapsed time: 17.457756 seconds (0d 0h 0m 17s)

---------------  T H R E A D  ---------------

Current thread (0x00000001250c6200):  JavaThread "InvokeLaterDispatcher" daemon [_thread_in_native, id=29455, stack(0x00000001708e0000,0x0000000170ae3000)]

Stack: [0x00000001708e0000,0x0000000170ae3000],  sp=0x0000000170ae27c0,  free space=2057k
Native frames: (J=compiled Java code, j=interpreted, Vv=VM code, C=native code)
v  ~StubRoutines::SafeFetchN
V  [libjvm.dylib+0x79e208]  OopStorage::release(oopDesc* const*)+0x20
V  [libjvm.dylib+0x4b8f30]  jni_DeleteGlobalRef+0xc4
C  [libglass.dylib+0xab08]  -[GlassRunnable dealloc]+0x34
C  [Foundation+0x85e0c]  -[_NSThreadPerformInfo dealloc]+0x30
C  [Foundation+0x525e8]  -[NSObject(NSThreadPerformAdditions) performSelectorOnMainThread:withObject:waitUntilDone:]+0x88
C  0x785f0001138082cc
J 3936 c1 com.sun.glass.ui.mac.MacApplication.submitForLaterInvocation(Ljava/lang/Runnable;)V javafx.graphics (6 bytes) @ 0x000000010c9a386c [0x000000010c9a37c0+0x00000000000000ac]
C  0x0000000000000000

Java frames: (J=compiled Java code, j=interpreted, Vv=VM code)
J 3868  com.sun.glass.ui.mac.MacApplication._submitForLaterInvocation(Ljava/lang/Runnable;)V javafx.graphics (0 bytes) @ 0x00000001138082cc [0x0000000113808240+0x000000000000008c]
J 3936 c1 com.sun.glass.ui.mac.MacApplication.submitForLaterInvocation(Ljava/lang/Runnable;)V javafx.graphics (6 bytes) @ 0x000000010c9a386c [0x000000010c9a37c0+0x00000000000000ac]
j  com.sun.glass.ui.InvokeLaterDispatcher.run()V+82 javafx.graphics
v  ~StubRoutines::call_stub

siginfo: si_signo: 10 (SIGBUS), si_code: 1 (BUS_ADRALN), si_addr: 0x000000010bbcd4f0

Register to memory mapping:

 x0=0x0000000120d0df88 points into unknown readable memory: 0x0000000000000000 | 00 00 00 00 00 00 00 00
 x1=0x0 is NULL
 x2=0x0000000783051950 is an oop: com.sun.glass.ui.InvokeLaterDispatcher$Future 
{0x0000000783051950} - klass: 'com/sun/glass/ui/InvokeLaterDispatcher$Future'
 - ---- fields (total size 3 words):
 - private 'done' 'Z' @12  true
 - private final 'runnable' 'Ljava/lang/Runnable;' @16  a 'com/sun/javafx/tk/quantum/QuantumToolkit$$Lambda$83+0x0000000800c3ef70'{0x00000007808372a0} (f0106e54)
 - final synthetic 'this$0' 'Lcom/sun/glass/ui/InvokeLaterDispatcher;' @20  a 'com/sun/glass/ui/InvokeLaterDispatcher'{0x00000007808312f8} (f010625f)
 x3=0x0 is NULL
 x4=0x00000000000130a8 is an unknown value
 x5=0x0 is NULL
 x6=0x0 is NULL
 x7=0x00000008000362b0 is a pointer to class: 
java.util.concurrent.locks.ReentrantLock$NonfairSync {0x00000008000362b0}
 - instance size:     4
 - klass size:        73
 - access:            final synchronized 
 - state:             fully_initialized
 - name:              'java/util/concurrent/locks/ReentrantLock$NonfairSync'
 - super:             'java/util/concurrent/locks/ReentrantLock$Sync'
 - sub:               
 - arrays:            NULL
 - methods:           Array<T>(0x0000000800abcf98)
 - method ordering:   Array<T>(0x0000000800abcf88)
 - default_methods:   Array<T>(0x0000000000000000)
 - local interfaces:  Array<T>(0x00000008005c3850)
 - trans. interfaces: Array<T>(0x00000008005ffce8)
 - constants:         constant pool [69] {0x0000000800abd000} for 'java/util/concurrent/locks/ReentrantLock$NonfairSync' cache=0x00000008003c6170
 - class loader data:  loader data: 0x0000600000214000 of 'bootstrap'
 - source file:       'ReentrantLock.java'
 - class annotations:       Array<T>(0x0000000000000000)
 - class type annotations:  Array<T>(0x0000000000000000)
 - field annotations:       Array<T>(0x0000000000000000)
 - field type annotations:  Array<T>(0x0000000000000000)
 - inner classes:     Array<T>(0x0000000800abd3b0)
 - nest members:     Array<T>(0x00000008005c37e0)
 - permitted subclasses:     Array<T>(0x00000008005c37e0)
 - java mirror:       a 'java/lang/Class'{0x00000007ffe181b0} = 'java/util/concurrent/locks/ReentrantLock$NonfairSync'
 - vtable length      11  (start addr: 0x0000000800036480)
 - itable length      2 (start addr: 0x00000008000364d8)
 - ---- static fields (1 words):
 - private static final 'serialVersionUID' 'J' @112 
 - ---- non-static fields (4 words):
 - private transient 'exclusiveOwnerThread' 'Ljava/lang/Thread;' @12 
 - private volatile 'state' 'I' @16 
 - private volatile transient 'head' 'Ljava/util/concurrent/locks/AbstractQueuedSynchronizer$Node;' @20 
 - private volatile transient 'tail' 'Ljava/util/concurrent/locks/AbstractQueuedSynchronizer$Node;' @24 
 - non-static oop maps: 12-12 20-24 
 x8=0x000000010bbcd4ec is at begin+0 in a stub
StubRoutines::SafeFetchN [0x000000010bbcd4ec, 0x000000010bbcd4f8] (12 bytes)
 x9=0x0 is NULL
x10=0x2010000030300000 is an unknown value
x11=0x0000000000000007 is an unknown value
x12=0x0 is NULL
x13=0x0000600001d35f70 points into unknown readable memory: 0x00000001f01c5bd8 | d8 5b 1c f0 01 00 00 00
x14=0x0000000000000001 is an unknown value
x15=0x00000001246d9f98: OBJC_CLASS_$_GlassRunnable+0 in /Users/sean/.openjfx/cache/17.0.0.1/libglass.dylib at 0x0000000124694000
x16=0x0000000196734340: pthread_getspecific+0 in /usr/lib/system/libsystem_pthread.dylib at 0x0000000196732000
x17=0x0000600001706640 points into unknown readable memory: 0xfffffffffffffffe | fe ff ff ff ff ff ff ff
x18=0x0 is NULL
x19=0x0000600001818540 points into unknown readable memory: 0x0000600003101260 | 60 12 10 03 00 60 00 00
x20=0x0000000120d0dd80 points into unknown readable memory: 0x00000007ffe02160 | 60 21 e0 ff 07 00 00 00
x21=0x0000000120d0df88 points into unknown readable memory: 0x0000000000000000 | 00 00 00 00 00 00 00 00
x22=0x00000001250c6200 is a thread
x23=0x0000000000000001 is an unknown value
x24=0x0000000120d0df40 is a global jni handle
x25=0x00000001040f95d8: _ZN12StubRoutines17_safefetchN_entryE+0 in /Library/Java/JavaVirtualMachines/jdk-17.0.1.jdk/Contents/Home/lib/server/libjvm.dylib at 0x0000000103568000
x26=0x0000000121565a88 is pointing into metadata
x27=0x0 is NULL
x28=0x00000001250c6200 is a thread


Registers:
 x0=0x0000000120d0df88  x1=0x0000000000000000  x2=0x0000000783051950  x3=0x0000000000000000
 x4=0x00000000000130a8  x5=0x0000000000000000  x6=0x0000000000000000  x7=0x00000008000362b0
 x8=0x000000010bbcd4ec  x9=0x0000000000000000 x10=0x2010000030300000 x11=0x0000000000000007
x12=0x0000000000000000 x13=0x0000600001d35f70 x14=0x0000000000000001 x15=0x00000001246d9f98
x16=0x0000000196734340 x17=0x0000600001706640 x18=0x0000000000000000 x19=0x0000600001818540
x20=0x0000000120d0dd80 x21=0x0000000120d0df88 x22=0x00000001250c6200 x23=0x0000000000000001
x24=0x0000000120d0df40 x25=0x00000001040f95d8 x26=0x0000000121565a88 x27=0x0000000000000000
x28=0x00000001250c6200  fp=0x0000000170ae2800  lr=0x0000000103d04fd8  sp=0x0000000170ae27c0
pc=0x000000010bbcd4f0 cpsr=0x0000000060001000
Top of Stack: (sp=0x0000000170ae27c0)
0x0000000170ae27c0:   0000000121565a88 0000000000000001
0x0000000170ae27d0:   0000000800c2f688 0000600003130900
0x0000000170ae27e0:   0000000000000000 0000000120d0df48
0x0000000170ae27f0:   0000000120d0df48 0000600001818540
0x0000000170ae2800:   0000000170ae2840 0000000103d06208
0x0000000170ae2810:   0000000000000001 0000000120d0df48
0x0000000170ae2820:   0000000000000000 0000000120d0df48
0x0000000170ae2830:   0000000000000001 00000001250c4a00
0x0000000170ae2840:   0000000170ae2870 0000000103a20f30
0x0000000170ae2850:   00006000031307a0 00000001e09619f4
0x0000000170ae2860:   0000000000000000 00006000031307a0
0x0000000170ae2870:   0000000170ae28a0 000000012469eb08
0x0000000170ae2880:   23bc55ce4751006d 0000000000000000
0x0000000170ae2890:   0000000000000000 000060000291d6c0
0x0000000170ae28a0:   0000000170ae28e0 00000001976fce0c
0x0000000170ae28b0:   0000000800c2f688 0000600003130900
0x0000000170ae28c0:   00006000031307a0 23bc55ce4751006d
0x0000000170ae28d0:   0000000000000000 0000000000000000
0x0000000170ae28e0:   0000000170ae2920 f6650001976c95e8
0x0000000170ae28f0:   0000000800c2f688 000000010bbd6500
0x0000000170ae2900:   00000001215654a2 0000000104100f90
0x0000000170ae2910:   0000000170ae2a10 00000000000000b9
0x0000000170ae2920:   0000000170ae2980 785f0001138082cc
0x0000000170ae2930:   000000078083a978 0000000783051950
0x0000000170ae2940:   0000000121565a88 0000000000000001
0x0000000170ae2950:   0000000170ae2ab8 0000000196740530
0x0000000170ae2960:   00000001250c6200 00000001040dddb0
0x0000000170ae2970:   0000000170ae2a20 0000000000000001
0x0000000170ae2980:   0000000170ae2a80 000000010c9a386c
0x0000000170ae2990:   0000000170ae2a80 000000010c93591c
0x0000000170ae29a0:   0000000783051950 0000000780a1a540
0x0000000170ae29b0:   000000078083a978 0000000783051950 

Instructions: (pc=0x000000010bbcd4f0)
0x000000010bbcd3f0:   f2a08189 f2c00029 6d425935 1e640886
0x000000010bbcd400:   0c402d31 1e6408c7 1f5654d0 1e6c1017
0x000000010bbcd410:   1f5050d0 1f504cd0 1f5048d0 1e650af6
0x000000010bbcd420:   1f50d8f6 1f5694d6 1f5158f6 1e762880
0x000000010bbcd430:   36000501 1e614000 14000026 2e251ca5
0x000000010bbcd440:   d28c3009 f2a08189 f2c00029 6d425d36
0x000000010bbcd450:   1e600806 0c402d32 1f5758c7 1e6c101a
0x000000010bbcd460:   1f4754c7 1e650805 1f4750c7 d2866668
0x000000010bbcd470:   f2a7fa68 1f474cc7 1e6608c0 1f4748c7
0x000000010bbcd480:   1e6e1019 eb08007f 540000ac 1f479400
0x000000010bbcd490:   1f460340 1e603b20 1400000e d2a7fd29
0x000000010bbcd4a0:   eb09007f 540000ac 51480069 d3607d29
0x000000010bbcd4b0:   9e670121 14000002 1e6a5001 1f679417
0x000000010bbcd4c0:   1f668742 1e613b23 1e773857 1e773860
0x000000010bbcd4d0:   a8c17ff3 910003bf a8c17bfd d65f03c0
0x000000010bbcd4e0:   b9400001 aa0103e0 d65f03c0 f9400001
0x000000010bbcd4f0:   aa0103e0 d65f03c0 00000000 00000000
0x000000010bbcd500:   00000000 00000000 00000000 00000000
0x000000010bbcd510:   00000000 00000000 00000000 00000000
0x000000010bbcd520:   00000000 00000000 00000000 00000000
0x000000010bbcd530:   00000000 00000000 00000000 00000000
0x000000010bbcd540:   00000000 00000000 00000000 00000000
0x000000010bbcd550:   00000000 00000000 00000000 00000000
0x000000010bbcd560:   00000000 00000000 00000000 00000000
0x000000010bbcd570:   00000000 00000000 00000000 00000000
0x000000010bbcd580:   00000000 00000000 00000000 00000000
0x000000010bbcd590:   00000000 00000000 00000000 00000000
0x000000010bbcd5a0:   00000000 00000000 00000000 00000000
0x000000010bbcd5b0:   00000000 00000000 00000000 00000000
0x000000010bbcd5c0:   00000000 00000000 00000000 00000000
0x000000010bbcd5d0:   00000000 00000000 00000000 00000000
0x000000010bbcd5e0:   00000000 00000000 00000000 00000000 


Stack slot to memory mapping:
stack at sp + 0 slots: 0x0000000121565a88 is pointing into metadata
stack at sp + 1 slots: 0x0000000000000001 is an unknown value
stack at sp + 2 slots: 0x0000000800c2f688 is a pointer to class: 
com.sun.glass.ui.mac.MacApplication {0x0000000800c2f688}
 - instance size:     5
 - klass size:        136
 - access:            final synchronized 
 - state:             fully_initialized
 - name:              'com/sun/glass/ui/mac/MacApplication'
 - super:             'com/sun/glass/ui/Application'
 - sub:               
 - arrays:            NULL
 - methods:           Array<T>(0x0000000121507a68)
 - method ordering:   Array<T>(0x00000001215019c0)
 - default_methods:   Array<T>(0x0000000000000000)
 - local interfaces:  Array<T>(0x0000000121507848)
 - trans. interfaces: Array<T>(0x0000000121507848)
 - constants:         constant pool [548]/operands[69] {0x0000000121506568} for 'com/sun/glass/ui/mac/MacApplication' cache=0x000000012152bf08
 - class loader data:  loader data: 0x0000600000211040 for instance a 'jdk/internal/loader/ClassLoaders$AppClassLoader'{0x0000000780831550}
 - source file:       'MacApplication.java'
 - class annotations:       Array<T>(0x0000000000000000)
 - class type annotations:  Array<T>(0x0000000000000000)
 - field annotations:       Array<T>(0x0000000000000000)
 - field type annotations:  Array<T>(0x0000000000000000)
 - inner classes:     Array<T>(0x0000000121501958)
 - nest members:     Array<T>(0x00000001215019b0)
 - permitted subclasses:     Array<T>(0x00000008005c37e0)
 - java mirror:       a 'java/lang/Class'{0x000000078083a900} = 'com/sun/glass/ui/mac/MacApplication'
 - vtable length      72  (start addr: 0x0000000800c2f858)
 - itable length      5 (start addr: 0x0000000800c2fa98)
 - ---- static fields (1 words):
 - static final 'BROWSER_PARENT_ID' 'J' @112 
 - ---- non-static fields (7 words):
 - private 'initialActiveEventReceived' 'Z' @12 
 - private 'terminateWhenLastWindowClosed' 'Z' @13 
 - protected 'name' 'Ljava/lang/String;' @16 
 - private 'eventHandler' 'Lcom/sun/glass/ui/Application$EventHandler;' @20 
 - private 'initialOpenedFiles' '[Ljava/lang/String;' @24 
 - private 'isTaskbarApplication' 'Z' @14 
 - private 'firstDidResignActive' 'Z' @15 
 - private final 'invokeLaterDispatcher' 'Lcom/sun/glass/ui/InvokeLaterDispatcher;' @28 
 - private 'appleMenu' 'Lcom/sun/glass/ui/Menu;' @32 
 - private final 'reactivationLatch' 'Ljava/util/concurrent/CountDownLatch;' @36 
 - non-static oop maps: 16-36 
stack at sp + 3 slots: 0x0000600003130900 points into unknown readable memory: 0x01000001ef416081 | 81 60 41 ef 01 00 00 01
stack at sp + 4 slots: 0x0 is NULL
stack at sp + 5 slots: 0x0000000120d0df48 is a global jni handle
stack at sp + 6 slots: 0x0000000120d0df48 is a global jni handle
stack at sp + 7 slots: 0x0000600001818540 points into unknown readable memory: 0x0000600003101260 | 60 12 10 03 00 60 00 00

StubRoutines::SafeFetchN [0x000000010bbcd4ec, 0x000000010bbcd4f8] (12 bytes)
[MachCode]
  0x000000010bbcd4ec: 0100 40f9 | e003 01aa | c003 5fd6 
[/MachCode]

---------------  P R O C E S S  ---------------

Threads class SMR info:
_java_thread_list=0x0000600003272920, length=21, elements={
0x0000000126808e00, 0x0000000137021800, 0x000000013700d000, 0x000000013700d600,
0x000000012500a400, 0x0000000136808200, 0x000000012500aa00, 0x000000012500b000,
0x0000000125013600, 0x0000000126830a00, 0x0000000124808200, 0x0000000124808800,
0x0000000124811e00, 0x0000000136090000, 0x0000000126846a00, 0x00000001250c6200,
0x00000001250c4a00, 0x00000001360f3600, 0x0000000126a26e00, 0x0000000126da8a00,
0x000000013780de00
}

Java Threads: ( => current thread )
  0x0000000126808e00 JavaThread "main" [_thread_blocked, id=9987, stack(0x000000016dac0000,0x000000016dcc3000)]
  0x0000000137021800 JavaThread "Reference Handler" daemon [_thread_blocked, id=14851, stack(0x000000016e914000,0x000000016eb17000)]
  0x000000013700d000 JavaThread "Finalizer" daemon [_thread_blocked, id=15107, stack(0x000000016eb20000,0x000000016ed23000)]
  0x000000013700d600 JavaThread "Signal Dispatcher" daemon [_thread_blocked, id=22531, stack(0x000000016ee44000,0x000000016f047000)]
  0x000000012500a400 JavaThread "Service Thread" daemon [_thread_blocked, id=41731, stack(0x000000016f050000,0x000000016f253000)]
  0x0000000136808200 JavaThread "Monitor Deflation Thread" daemon [_thread_blocked, id=41475, stack(0x000000016f25c000,0x000000016f45f000)]
  0x000000012500aa00 JavaThread "C2 CompilerThread0" daemon [_thread_blocked, id=23043, stack(0x000000016f468000,0x000000016f66b000)]
  0x000000012500b000 JavaThread "C1 CompilerThread0" daemon [_thread_blocked, id=23299, stack(0x000000016f674000,0x000000016f877000)]
  0x0000000125013600 JavaThread "Sweeper thread" daemon [_thread_blocked, id=23811, stack(0x000000016f880000,0x000000016fa83000)]
  0x0000000126830a00 JavaThread "Common-Cleaner" daemon [_thread_blocked, id=40451, stack(0x000000016fa8c000,0x000000016fc8f000)]
  0x0000000124808200 JavaThread "JDWP Transport Listener: dt_socket" daemon [_thread_blocked, id=24071, stack(0x000000016fc98000,0x000000016fe9b000)]
  0x0000000124808800 JavaThread "JDWP Event Helper Thread" daemon [_thread_blocked, id=24323, stack(0x000000016fea4000,0x00000001700a7000)]
  0x0000000124811e00 JavaThread "JDWP Command Reader" daemon [_thread_in_native, id=39427, stack(0x00000001700b0000,0x00000001702b3000)]
  0x0000000136090000 JavaThread "Notification Thread" daemon [_thread_blocked, id=39171, stack(0x00000001702bc000,0x00000001704bf000)]
  0x0000000126846a00 JavaThread "QuantumRenderer-0" daemon [_thread_blocked, id=25091, stack(0x00000001706d4000,0x00000001708d7000)]
=>0x00000001250c6200 JavaThread "InvokeLaterDispatcher" daemon [_thread_in_native, id=29455, stack(0x00000001708e0000,0x0000000170ae3000)]
  0x00000001250c4a00 JavaThread "JavaFX Application Thread" [_thread_in_vm, id=259, stack(0x000000016d238000,0x000000016da34000)]
  0x00000001360f3600 JavaThread "JavaFX-Launcher" [_thread_blocked, id=55575, stack(0x0000000170d84000,0x0000000170f87000)]
  0x0000000126a26e00 JavaThread "PulseTimer-CVDisplayLink thread" daemon [_thread_in_native, id=61715, stack(0x0000000170aec000,0x0000000170b6f000)]
  0x0000000126da8a00 JavaThread "Prism Font Disposer" daemon [_thread_blocked, id=62803, stack(0x00000001767d8000,0x00000001769db000)]
  0x000000013780de00 JavaThread "Cleaner-0" daemon [_thread_blocked, id=90627, stack(0x0000000176c7c000,0x0000000176e7f000)]

Other Threads:
  0x0000000126008d50 VMThread "VM Thread" [stack: 0x000000016e708000,0x000000016e90b000] [id=16899]
  0x0000000135f0ba00 WatcherThread [stack: 0x00000001704c8000,0x00000001706cb000] [id=38915]
  0x0000000126006540 GCTaskThread "GC Thread#0" [stack: 0x000000016dccc000,0x000000016decf000] [id=19459]
  0x0000000135f2d5f0 GCTaskThread "GC Thread#1" [stack: 0x0000000170f90000,0x0000000171193000] [id=59395]
  0x0000000135f2d8a0 GCTaskThread "GC Thread#2" [stack: 0x000000017119c000,0x000000017139f000] [id=59907]
  0x0000000120d39540 GCTaskThread "GC Thread#3" [stack: 0x00000001713a8000,0x00000001715ab000] [id=60419]
  0x0000000120d397f0 GCTaskThread "GC Thread#4" [stack: 0x00000001715b4000,0x00000001717b7000] [id=60675]
  0x0000000120d39c70 GCTaskThread "GC Thread#5" [stack: 0x00000001717c0000,0x00000001719c3000] [id=60931]
  0x0000000135e305c0 GCTaskThread "GC Thread#6" [stack: 0x00000001719cc000,0x0000000171bcf000] [id=71939]
  0x0000000126028880 GCTaskThread "GC Thread#7" [stack: 0x0000000171bd8000,0x0000000171ddb000] [id=61443]
  0x0000000135f04600 ConcurrentGCThread "G1 Main Marker" [stack: 0x000000016ded8000,0x000000016e0db000] [id=18947]
  0x0000000125e041a0 ConcurrentGCThread "G1 Conc#0" [stack: 0x000000016e0e4000,0x000000016e2e7000] [id=18435]
  0x000000012604d9e0 ConcurrentGCThread "G1 Conc#1" [stack: 0x00000001769e4000,0x0000000176be7000] [id=62979]
  0x0000000125e06010 ConcurrentGCThread "G1 Refine#0" [stack: 0x000000016e2f0000,0x000000016e4f3000] [id=17667]
  0x0000000125e068b0 ConcurrentGCThread "G1 Service" [stack: 0x000000016e4fc000,0x000000016e6ff000] [id=12803]

Threads with active compile tasks:

VM state: not at safepoint (normal execution)

VM Mutex/Monitor currently owned by a thread: None

Heap address: 0x0000000780000000, size: 2048 MB, Compressed Oops mode: Zero based, Oop shift amount: 3

CDS archive(s) mapped at: [0x0000000800000000-0x0000000800bd4000-0x0000000800bd4000), size 12402688, SharedBaseAddress: 0x0000000800000000, ArchiveRelocationMode: 0.
Compressed class space mapped at: 0x0000000800c00000-0x0000000840c00000, reserved size: 1073741824
Narrow klass base: 0x0000000800000000, Narrow klass shift: 0, Narrow klass range: 0x100000000

GC Precious Log:
 CPUs: 8 total, 8 available
 Memory: 8192M
 Large Page Support: Disabled
 NUMA Support: Disabled
 Compressed Oops: Enabled (Zero based)
 Heap Region Size: 1M
 Heap Min Capacity: 8M
 Heap Initial Capacity: 128M
 Heap Max Capacity: 2G
 Pre-touch: Disabled
 Parallel Workers: 8
 Concurrent Workers: 2
 Concurrent Refinement Workers: 8
 Periodic GC: Disabled

Heap:
 garbage-first heap   total 71680K, used 36453K [0x0000000780000000, 0x0000000800000000)
  region size 1024K, 24 young (24576K), 7 survivors (7168K)
 Metaspace       used 24157K, committed 24384K, reserved 1073152K
  class space    used 3288K, committed 3392K, reserved 1048576K

Heap Regions: E=young(eden), S=young(survivor), O=old, HS=humongous(starts), HC=humongous(continues), CS=collection set, F=free, OA=open archive, CA=closed archive, TAMS=top-at-mark-start (previous, next)
|   0|0x0000000780000000, 0x0000000780100000, 0x0000000780100000|100%| O|  |TAMS 0x0000000780100000, 0x0000000780000000| Untracked 
|   1|0x0000000780100000, 0x0000000780200000, 0x0000000780200000|100%|HS|  |TAMS 0x0000000780200000, 0x0000000780100000| Complete 
|   2|0x0000000780200000, 0x0000000780300000, 0x0000000780300000|100%|HC|  |TAMS 0x0000000780300000, 0x0000000780200000| Complete 
|   3|0x0000000780300000, 0x0000000780400000, 0x0000000780400000|100%|HS|  |TAMS 0x0000000780400000, 0x0000000780300000| Complete 
|   4|0x0000000780400000, 0x0000000780500000, 0x0000000780500000|100%|HC|  |TAMS 0x0000000780500000, 0x0000000780400000| Complete 
|   5|0x0000000780500000, 0x0000000780600000, 0x0000000780600000|100%|HS|  |TAMS 0x0000000780600000, 0x0000000780500000| Complete 
|   6|0x0000000780600000, 0x0000000780700000, 0x0000000780700000|100%|HC|  |TAMS 0x0000000780700000, 0x0000000780600000| Complete 
|   7|0x0000000780700000, 0x0000000780800000, 0x0000000780800000|100%|HC|  |TAMS 0x0000000780800000, 0x0000000780700000| Complete 
|   8|0x0000000780800000, 0x0000000780900000, 0x0000000780900000|100%| O|  |TAMS 0x000000078082ce00, 0x0000000780800000| Untracked 
|   9|0x0000000780900000, 0x0000000780a00000, 0x0000000780a00000|100%| O|  |TAMS 0x0000000780900000, 0x0000000780900000| Untracked 
|  10|0x0000000780a00000, 0x0000000780a81e00, 0x0000000780b00000| 50%| O|  |TAMS 0x0000000780a00000, 0x0000000780a00000| Untracked 
|  11|0x0000000780b00000, 0x0000000780c00000, 0x0000000780c00000|100%|HS|  |TAMS 0x0000000780b00000, 0x0000000780b00000| Complete 
|  12|0x0000000780c00000, 0x0000000780d00000, 0x0000000780d00000|100%|HC|  |TAMS 0x0000000780c00000, 0x0000000780c00000| Complete 
|  13|0x0000000780d00000, 0x0000000780d00000, 0x0000000780e00000|  0%| F|  |TAMS 0x0000000780d00000, 0x0000000780d00000| Untracked 
|  14|0x0000000780e00000, 0x0000000780e00000, 0x0000000780f00000|  0%| F|  |TAMS 0x0000000780e00000, 0x0000000780e00000| Untracked 
|  15|0x0000000780f00000, 0x0000000780f00000, 0x0000000781000000|  0%| F|  |TAMS 0x0000000780f00000, 0x0000000780f00000| Untracked 
|  16|0x0000000781000000, 0x0000000781000000, 0x0000000781100000|  0%| F|  |TAMS 0x0000000781000000, 0x0000000781000000| Untracked 
|  17|0x0000000781100000, 0x0000000781100000, 0x0000000781200000|  0%| F|  |TAMS 0x0000000781100000, 0x0000000781100000| Untracked 
|  18|0x0000000781200000, 0x0000000781200000, 0x0000000781300000|  0%| F|  |TAMS 0x0000000781200000, 0x0000000781200000| Untracked 
|  19|0x0000000781300000, 0x0000000781300000, 0x0000000781400000|  0%| F|  |TAMS 0x0000000781300000, 0x0000000781300000| Untracked 
|  20|0x0000000781400000, 0x0000000781400000, 0x0000000781500000|  0%| F|  |TAMS 0x0000000781400000, 0x0000000781400000| Untracked 
|  21|0x0000000781500000, 0x0000000781500000, 0x0000000781600000|  0%| F|  |TAMS 0x0000000781500000, 0x0000000781500000| Untracked 
|  22|0x0000000781600000, 0x0000000781600000, 0x0000000781700000|  0%| F|  |TAMS 0x0000000781600000, 0x0000000781600000| Untracked 
|  23|0x0000000781700000, 0x0000000781700000, 0x0000000781800000|  0%| F|  |TAMS 0x0000000781700000, 0x0000000781700000| Untracked 
|  24|0x0000000781800000, 0x0000000781800000, 0x0000000781900000|  0%| F|  |TAMS 0x0000000781800000, 0x0000000781800000| Untracked 
|  25|0x0000000781900000, 0x0000000781900000, 0x0000000781a00000|  0%| F|  |TAMS 0x0000000781900000, 0x0000000781900000| Untracked 
|  26|0x0000000781a00000, 0x0000000781a00000, 0x0000000781b00000|  0%| F|  |TAMS 0x0000000781a00000, 0x0000000781a00000| Untracked 
|  27|0x0000000781b00000, 0x0000000781b00000, 0x0000000781c00000|  0%| F|  |TAMS 0x0000000781b00000, 0x0000000781b00000| Untracked 
|  28|0x0000000781c00000, 0x0000000781c00000, 0x0000000781d00000|  0%| F|  |TAMS 0x0000000781c00000, 0x0000000781c00000| Untracked 
|  29|0x0000000781d00000, 0x0000000781d00000, 0x0000000781e00000|  0%| F|  |TAMS 0x0000000781d00000, 0x0000000781d00000| Untracked 
|  30|0x0000000781e00000, 0x0000000781e00000, 0x0000000781f00000|  0%| F|  |TAMS 0x0000000781e00000, 0x0000000781e00000| Untracked 
|  31|0x0000000781f00000, 0x0000000781f00000, 0x0000000782000000|  0%| F|  |TAMS 0x0000000781f00000, 0x0000000781f00000| Untracked 
|  32|0x0000000782000000, 0x0000000782000000, 0x0000000782100000|  0%| F|  |TAMS 0x0000000782000000, 0x0000000782000000| Untracked 
|  33|0x0000000782100000, 0x0000000782100000, 0x0000000782200000|  0%| F|  |TAMS 0x0000000782100000, 0x0000000782100000| Untracked 
|  34|0x0000000782200000, 0x0000000782200000, 0x0000000782300000|  0%| F|  |TAMS 0x0000000782200000, 0x0000000782200000| Untracked 
|  35|0x0000000782300000, 0x0000000782300000, 0x0000000782400000|  0%| F|  |TAMS 0x0000000782300000, 0x0000000782300000| Untracked 
|  36|0x0000000782400000, 0x0000000782400000, 0x0000000782500000|  0%| F|  |TAMS 0x0000000782400000, 0x0000000782400000| Untracked 
|  37|0x0000000782500000, 0x0000000782500000, 0x0000000782600000|  0%| F|  |TAMS 0x0000000782500000, 0x0000000782500000| Untracked 
|  38|0x0000000782600000, 0x0000000782600000, 0x0000000782700000|  0%| F|  |TAMS 0x0000000782600000, 0x0000000782600000| Untracked 
|  39|0x0000000782700000, 0x0000000782700000, 0x0000000782800000|  0%| F|  |TAMS 0x0000000782700000, 0x0000000782700000| Untracked 
|  40|0x0000000782800000, 0x0000000782800000, 0x0000000782900000|  0%| F|  |TAMS 0x0000000782800000, 0x0000000782800000| Untracked 
|  41|0x0000000782900000, 0x0000000782900000, 0x0000000782a00000|  0%| F|  |TAMS 0x0000000782900000, 0x0000000782900000| Untracked 
|  42|0x0000000782a00000, 0x0000000782a00000, 0x0000000782b00000|  0%| F|  |TAMS 0x0000000782a00000, 0x0000000782a00000| Untracked 
|  43|0x0000000782b00000, 0x0000000782b00000, 0x0000000782c00000|  0%| F|  |TAMS 0x0000000782b00000, 0x0000000782b00000| Untracked 
|  44|0x0000000782c00000, 0x0000000782d00000, 0x0000000782d00000|100%| E|  |TAMS 0x0000000782c00000, 0x0000000782c00000| Complete 
|  45|0x0000000782d00000, 0x0000000782e00000, 0x0000000782e00000|100%| E|CS|TAMS 0x0000000782d00000, 0x0000000782d00000| Complete 
|  46|0x0000000782e00000, 0x0000000782f00000, 0x0000000782f00000|100%| E|CS|TAMS 0x0000000782e00000, 0x0000000782e00000| Complete 
|  47|0x0000000782f00000, 0x0000000783000000, 0x0000000783000000|100%| E|CS|TAMS 0x0000000782f00000, 0x0000000782f00000| Complete 
|  48|0x0000000783000000, 0x0000000783100000, 0x0000000783100000|100%| E|CS|TAMS 0x0000000783000000, 0x0000000783000000| Complete 
|  49|0x0000000783100000, 0x0000000783200000, 0x0000000783200000|100%| E|CS|TAMS 0x0000000783100000, 0x0000000783100000| Complete 
|  50|0x0000000783200000, 0x0000000783300000, 0x0000000783300000|100%| E|CS|TAMS 0x0000000783200000, 0x0000000783200000| Complete 
|  51|0x0000000783300000, 0x0000000783400000, 0x0000000783400000|100%| E|CS|TAMS 0x0000000783300000, 0x0000000783300000| Complete 
|  52|0x0000000783400000, 0x0000000783500000, 0x0000000783500000|100%| E|CS|TAMS 0x0000000783400000, 0x0000000783400000| Complete 
|  53|0x0000000783500000, 0x0000000783600000, 0x0000000783600000|100%| E|CS|TAMS 0x0000000783500000, 0x0000000783500000| Complete 
|  54|0x0000000783600000, 0x0000000783700000, 0x0000000783700000|100%| E|CS|TAMS 0x0000000783600000, 0x0000000783600000| Complete 
|  55|0x0000000783700000, 0x0000000783800000, 0x0000000783800000|100%| E|CS|TAMS 0x0000000783700000, 0x0000000783700000| Complete 
|  56|0x0000000783800000, 0x0000000783900000, 0x0000000783900000|100%| E|CS|TAMS 0x0000000783800000, 0x0000000783800000| Complete 
|  57|0x0000000783900000, 0x0000000783a00000, 0x0000000783a00000|100%| E|CS|TAMS 0x0000000783900000, 0x0000000783900000| Complete 
|  58|0x0000000783a00000, 0x0000000783b00000, 0x0000000783b00000|100%| E|CS|TAMS 0x0000000783a00000, 0x0000000783a00000| Complete 
|  59|0x0000000783b00000, 0x0000000783c00000, 0x0000000783c00000|100%| E|CS|TAMS 0x0000000783b00000, 0x0000000783b00000| Complete 
|  97|0x0000000786100000, 0x000000078611f668, 0x0000000786200000| 12%| S|CS|TAMS 0x0000000786100000, 0x0000000786100000| Complete 
|  98|0x0000000786200000, 0x0000000786300000, 0x0000000786300000|100%| S|CS|TAMS 0x0000000786200000, 0x0000000786200000| Complete 
|  99|0x0000000786300000, 0x0000000786400000, 0x0000000786400000|100%| S|CS|TAMS 0x0000000786300000, 0x0000000786300000| Complete 
| 100|0x0000000786400000, 0x0000000786500000, 0x0000000786500000|100%| S|CS|TAMS 0x0000000786400000, 0x0000000786400000| Complete 
| 101|0x0000000786500000, 0x0000000786600000, 0x0000000786600000|100%| S|CS|TAMS 0x0000000786500000, 0x0000000786500000| Complete 
| 102|0x0000000786600000, 0x0000000786700000, 0x0000000786700000|100%| S|CS|TAMS 0x0000000786600000, 0x0000000786600000| Complete 
| 103|0x0000000786700000, 0x0000000786800000, 0x0000000786800000|100%| S|CS|TAMS 0x0000000786700000, 0x0000000786700000| Complete 
| 127|0x0000000787f00000, 0x0000000788000000, 0x0000000788000000|100%| E|CS|TAMS 0x0000000787f00000, 0x0000000787f00000| Complete 
|2046|0x00000007ffe00000, 0x00000007ffe78000, 0x00000007fff00000| 46%|OA|  |TAMS 0x00000007ffe78000, 0x00000007ffe00000| Untracked 
|2047|0x00000007fff00000, 0x00000007fff80000, 0x0000000800000000| 50%|CA|  |TAMS 0x00000007fff80000, 0x00000007fff00000| Untracked 

Card table byte_map: [0x0000000102d10000,0x0000000103110000] _byte_map_base: 0x00000000ff110000

Marking Bits (Prev, Next): (CMBitMap*) 0x000000013700ca50, (CMBitMap*) 0x000000013700ca10
 Prev Bits: [0x000000011cbcc000, 0x000000011ebcc000)
 Next Bits: [0x000000011abcc000, 0x000000011cbcc000)

Polling page: 0x0000000102450000

Metaspace:

Usage:
  Non-class:     20.38 MB used.
      Class:      3.21 MB used.
       Both:     23.59 MB used.

Virtual space:
  Non-class space:       24.00 MB reserved,      20.50 MB ( 85%) committed,  3 nodes.
      Class space:        1.00 GB reserved,       3.31 MB ( <1%) committed,  1 nodes.
             Both:        1.02 GB reserved,      23.81 MB (  2%) committed. 

Chunk freelists:
   Non-Class:  3.20 MB
       Class:  515.00 KB
        Both:  3.71 MB

MaxMetaspaceSize: unlimited
CompressedClassSpaceSize: 1.00 GB
Initial GC threshold: 21.00 MB
Current GC threshold: 35.25 MB
CDS: on
MetaspaceReclaimPolicy: balanced
 - commit_granule_bytes: 65536.
 - commit_granule_words: 8192.
 - virtual_space_node_default_size: 1048576.
 - enlarge_chunks_in_place: 1.
 - new_chunks_are_fully_committed: 0.
 - uncommit_free_chunks: 1.
 - use_allocation_guard: 0.
 - handle_deallocations: 1.


Internal statistics:

num_allocs_failed_limit: 3.
num_arena_births: 270.
num_arena_deaths: 0.
num_vsnodes_births: 4.
num_vsnodes_deaths: 0.
num_space_committed: 381.
num_space_uncommitted: 0.
num_chunks_returned_to_freelist: 3.
num_chunks_taken_from_freelist: 910.
num_chunk_merges: 3.
num_chunk_splits: 627.
num_chunks_enlarged: 468.
num_purges: 0.
num_inconsistent_stats: 0.

CodeHeap 'non-profiled nmethods': size=120032Kb used=1872Kb max_used=1872Kb free=118159Kb
 bounds [0x0000000113694000, 0x0000000113904000, 0x000000011abcc000]
CodeHeap 'profiled nmethods': size=120016Kb used=9726Kb max_used=9726Kb free=110289Kb
 bounds [0x000000010c160000, 0x000000010cae0000, 0x0000000113694000]
CodeHeap 'non-nmethods': size=5712Kb used=1475Kb max_used=1543Kb free=4236Kb
 bounds [0x000000010bbcc000, 0x000000010be3c000, 0x000000010c160000]
 total_blobs=5167 nmethods=4314 adapters=768
 compilation: enabled
              stopped_count=0, restarted_count=0
 full_count=0

Compilation events (20 events):
Event: 17.349 Thread 0x000000012500aa00 nmethod 4433 0x0000000113866310 code [0x00000001138664c0, 0x0000000113866600]
Event: 17.349 Thread 0x000000012500aa00 4430       4       com.sun.prism.impl.BaseGraphics::validateTransformAndPaint (71 bytes)
Event: 17.352 Thread 0x000000012500b000 nmethod 4439 0x000000010cad8310 code [0x000000010cad8b00, 0x000000010cadcaa8]
Event: 17.352 Thread 0x000000012500b000 4440       3       com.sun.scenario.effect.impl.prism.ps.PPSRenderer::getCompatibleWidth (18 bytes)
Event: 17.352 Thread 0x000000012500b000 nmethod 4440 0x000000010cade290 code [0x000000010cade480, 0x000000010cade808]
Event: 17.352 Thread 0x000000012500b000 4441       3       com.sun.scenario.effect.impl.prism.ps.PPSDrawable::getCompatibleWidth (11 bytes)
Event: 17.352 Thread 0x000000012500b000 nmethod 4441 0x000000010cadea10 code [0x000000010cadebc0, 0x000000010cadedd8]
Event: 17.352 Thread 0x000000012500b000 4442       3       com.sun.prism.es2.ES2ResourceFactory::getRTTWidth (10 bytes)
Event: 17.353 Thread 0x000000012500b000 nmethod 4442 0x000000010cadef10 code [0x000000010cadf0c0, 0x000000010cadf258]
Event: 17.353 Thread 0x000000012500b000 4443       3       com.sun.scenario.effect.impl.prism.ps.PPSRenderer::getCompatibleHeight (18 bytes)
Event: 17.353 Thread 0x000000012500b000 nmethod 4443 0x000000010cadf310 code [0x000000010cadf500, 0x000000010cadf888]
Event: 17.353 Thread 0x000000012500aa00 nmethod 4430 0x0000000113866a90 code [0x0000000113866d00, 0x0000000113867270]
Event: 17.353 Thread 0x000000012500aa00 4435       4       com.sun.javafx.geom.transform.AffineBase::updateState (5 bytes)
Event: 17.354 Thread 0x000000012500aa00 nmethod 4435 0x0000000113867610 code [0x00000001138677c0, 0x0000000113867940]
Event: 17.354 Thread 0x000000012500aa00 4444       4       com.sun.javafx.geom.RectBounds::getHeight (10 bytes)
Event: 17.354 Thread 0x000000012500aa00 nmethod 4444 0x0000000113867a10 code [0x0000000113867b80, 0x0000000113867c20]
Event: 17.354 Thread 0x000000012500aa00 4437       4       com.sun.prism.impl.VertexBuffer::setPerVertexColor (26 bytes)
Event: 17.354 Thread 0x000000012500aa00 nmethod 4437 0x0000000113867d10 code [0x0000000113867ec0, 0x0000000113867f60]
Event: 17.355 Thread 0x000000012500b000 4446       1       com.sun.javafx.font.PrismFont::getSize (5 bytes)
Event: 17.355 Thread 0x000000012500b000 nmethod 4446 0x0000000113868010 code [0x0000000113868180, 0x0000000113868268]

GC Heap History (6 events):
Event: 0.351 GC heap before
{Heap before GC invocations=0 (full 0):
 garbage-first heap   total 133120K, used 23520K [0x0000000780000000, 0x0000000800000000)
  region size 1024K, 23 young (23552K), 0 survivors (0K)
 Metaspace       used 6271K, committed 6464K, reserved 1056768K
  class space    used 747K, committed 832K, reserved 1048576K
}
Event: 0.353 GC heap after
{Heap after GC invocations=1 (full 0):
 garbage-first heap   total 133120K, used 4181K [0x0000000780000000, 0x0000000800000000)
  region size 1024K, 3 young (3072K), 3 survivors (3072K)
 Metaspace       used 6271K, committed 6464K, reserved 1056768K
  class space    used 747K, committed 832K, reserved 1048576K
}
Event: 4.490 GC heap before
{Heap before GC invocations=1 (full 0):
 garbage-first heap   total 133120K, used 54357K [0x0000000780000000, 0x0000000800000000)
  region size 1024K, 45 young (46080K), 3 survivors (3072K)
 Metaspace       used 16710K, committed 16896K, reserved 1064960K
  class space    used 2108K, committed 2176K, reserved 1048576K
}
Event: 4.499 GC heap after
{Heap after GC invocations=2 (full 0):
 garbage-first heap   total 133120K, used 15507K [0x0000000780000000, 0x0000000800000000)
  region size 1024K, 6 young (6144K), 6 survivors (6144K)
 Metaspace       used 16710K, committed 16896K, reserved 1064960K
  class space    used 2108K, committed 2176K, reserved 1048576K
}
Event: 4.735 GC heap before
{Heap before GC invocations=2 (full 0):
 garbage-first heap   total 133120K, used 39059K [0x0000000780000000, 0x0000000800000000)
  region size 1024K, 30 young (30720K), 6 survivors (6144K)
 Metaspace       used 21276K, committed 21504K, reserved 1073152K
  class space    used 3014K, committed 3136K, reserved 1048576K
}
Event: 4.738 GC heap after
{Heap after GC invocations=3 (full 0):
 garbage-first heap   total 133120K, used 18021K [0x0000000780000000, 0x0000000800000000)
  region size 1024K, 7 young (7168K), 7 survivors (7168K)
 Metaspace       used 21276K, committed 21504K, reserved 1073152K
  class space    used 3014K, committed 3136K, reserved 1048576K
}

Deoptimization events (20 events):
Event: 16.331 Thread 0x0000000126846a00 DEOPT PACKING pc=0x000000010ca5d2d4 sp=0x00000001708d40d0
Event: 16.331 Thread 0x0000000126846a00 DEOPT UNPACKING pc=0x000000010bc0ab7c sp=0x00000001708d3d50 mode 0
Event: 16.331 Thread 0x0000000126846a00 DEOPT PACKING pc=0x000000010ca5d210 sp=0x00000001708d40d0
Event: 16.331 Thread 0x0000000126846a00 DEOPT UNPACKING pc=0x000000010bc0ab7c sp=0x00000001708d3d50 mode 0
Event: 16.331 Thread 0x0000000126846a00 DEOPT PACKING pc=0x000000010ca5d2d4 sp=0x00000001708d40d0
Event: 16.331 Thread 0x0000000126846a00 DEOPT UNPACKING pc=0x000000010bc0ab7c sp=0x00000001708d3d50 mode 0
Event: 16.331 Thread 0x0000000126846a00 DEOPT PACKING pc=0x000000010ca5d2d4 sp=0x00000001708d40d0
Event: 16.331 Thread 0x0000000126846a00 DEOPT UNPACKING pc=0x000000010bc0ab7c sp=0x00000001708d3d50 mode 0
Event: 16.331 Thread 0x0000000126846a00 DEOPT PACKING pc=0x000000010ca5d2d4 sp=0x00000001708d40d0
Event: 16.331 Thread 0x0000000126846a00 DEOPT UNPACKING pc=0x000000010bc0ab7c sp=0x00000001708d3d50 mode 0
Event: 16.332 Thread 0x0000000126846a00 DEOPT PACKING pc=0x000000010ca5d2d4 sp=0x00000001708d3770
Event: 16.332 Thread 0x0000000126846a00 DEOPT UNPACKING pc=0x000000010bc0ab7c sp=0x00000001708d33f0 mode 0
Event: 16.332 Thread 0x0000000126846a00 DEOPT PACKING pc=0x000000010ca5d210 sp=0x00000001708d3770
Event: 16.332 Thread 0x0000000126846a00 DEOPT UNPACKING pc=0x000000010bc0ab7c sp=0x00000001708d33f0 mode 0
Event: 16.342 Thread 0x0000000126846a00 DEOPT PACKING pc=0x000000010ca62948 sp=0x00000001708d3910
Event: 16.342 Thread 0x0000000126846a00 DEOPT UNPACKING pc=0x000000010bc0ab7c sp=0x00000001708d3590 mode 0
Event: 16.474 Thread 0x0000000126846a00 DEOPT PACKING pc=0x000000010ca622b4 sp=0x00000001708d3490
Event: 16.474 Thread 0x0000000126846a00 DEOPT UNPACKING pc=0x000000010bc0ab7c sp=0x00000001708d30f0 mode 0
Event: 16.657 Thread 0x0000000126846a00 DEOPT PACKING pc=0x000000010ca622b4 sp=0x00000001708d3940
Event: 16.657 Thread 0x0000000126846a00 DEOPT UNPACKING pc=0x000000010bc0ab7c sp=0x00000001708d35a0 mode 0

Classes unloaded (0 events):
No events

Classes redefined (0 events):
No events

Internal exceptions (20 events):
Event: 4.671 Thread 0x00000001250c4a00 Exception <a 'java/lang/ClassNotFoundException'{0x0000000787192090}: com/sun/javafx/scene/control/skin/resources/controls-nt_zh_Hant> (0x0000000787192090) 
thrown [open/src/hotspot/share/prims/jni.cpp, line 535]
Event: 4.671 Thread 0x00000001250c4a00 Exception <a 'java/lang/ClassNotFoundException'{0x0000000787193318}: com/sun/javafx/scene/control/skin/resources/controls-nt_zh_Hant_TW> (0x0000000787193318) 
thrown [open/src/hotspot/share/prims/jni.cpp, line 535]
Event: 4.687 Thread 0x00000001250c4a00 Exception <a 'java/lang/ClassNotFoundException'{0x0000000786fb26a8}: com/sun/javafx/scene/control/skin/resources/controls> (0x0000000786fb26a8) 
thrown [open/src/hotspot/share/prims/jni.cpp, line 535]
Event: 4.688 Thread 0x00000001250c4a00 Exception <a 'java/lang/ClassNotFoundException'{0x0000000786fc0658}: com/sun/javafx/scene/control/skin/resources/controls_zh> (0x0000000786fc0658) 
thrown [open/src/hotspot/share/prims/jni.cpp, line 535]
Event: 4.688 Thread 0x00000001250c4a00 Exception <a 'java/lang/ClassNotFoundException'{0x0000000786fc1600}: com/sun/javafx/scene/control/skin/resources/controls_zh_TW> (0x0000000786fc1600) 
thrown [open/src/hotspot/share/prims/jni.cpp, line 535]
Event: 4.688 Thread 0x00000001250c4a00 Exception <a 'java/lang/ClassNotFoundException'{0x0000000786fcf998}: com/sun/javafx/scene/control/skin/resources/controls_zh_Hant> (0x0000000786fcf998) 
thrown [open/src/hotspot/share/prims/jni.cpp, line 535]
Event: 4.688 Thread 0x00000001250c4a00 Exception <a 'java/lang/ClassNotFoundException'{0x0000000786fd0948}: com/sun/javafx/scene/control/skin/resources/controls_zh_Hant_TW> (0x0000000786fd0948) 
thrown [open/src/hotspot/share/prims/jni.cpp, line 535]
Event: 4.740 Thread 0x00000001250c4a00 Exception <a 'java/lang/NoSuchMethodError'{0x0000000787f25bc0}: 'void java.lang.invoke.DirectMethodHandle$Holder.invokeSpecialIFC(java.lang.Object, java.lang.Object, java.lang.Object, java.lang.Object)'> (0x0000000787f25bc0) 
thrown [open/src/hotspot/share/interpreter/linkResolver.cpp, line 766]
Event: 4.780 Thread 0x00000001250c4a00 Exception <a 'java/lang/NoSuchMethodError'{0x00000007838814f8}: 'void java.lang.invoke.DirectMethodHandle$Holder.invokeSpecial(java.lang.Object, java.lang.Object, int, int)'> (0x00000007838814f8) 
thrown [open/src/hotspot/share/interpreter/linkResolver.cpp, line 766]
Event: 4.780 Thread 0x00000001250c4a00 Exception <a 'java/lang/NoSuchMethodError'{0x0000000783887ce0}: 'java.lang.Object java.lang.invoke.DirectMethodHandle$Holder.newInvokeSpecial(java.lang.Object, java.lang.Object, int, int)'> (0x0000000783887ce0) 
thrown [open/src/hotspot/share/interpreter/linkResolver.cpp, line 766]
Event: 4.786 Thread 0x00000001250c4a00 Exception <a 'java/lang/NoSuchMethodError'{0x00000007838a97e8}: 'java.lang.Object java.lang.invoke.DirectMethodHandle$Holder.newInvokeSpecial(java.lang.Object, java.lang.Object, int)'> (0x00000007838a97e8) 
thrown [open/src/hotspot/share/interpreter/linkResolver.cpp, line 766]
Event: 4.840 Thread 0x00000001250c4a00 Exception <a 'java/lang/NoSuchMethodError'{0x0000000783673438}: 'long java.lang.invoke.DirectMethodHandle$Holder.invokeStatic(java.lang.Object, java.lang.Object, java.lang.Object)'> (0x0000000783673438) 
thrown [open/src/hotspot/share/interpreter/linkResolver.cpp, line 766]
Event: 4.840 Thread 0x00000001250c4a00 Exception <a 'java/lang/NoSuchMethodError'{0x0000000783676be0}: 'long java.lang.invoke.DirectMethodHandle$Holder.invokeStaticInit(java.lang.Object, java.lang.Object, java.lang.Object)'> (0x0000000783676be0) 
thrown [open/src/hotspot/share/interpreter/linkResolver.cpp, line 766]
Event: 4.840 Thread 0x00000001250c4a00 Exception <a 'java/lang/NoSuchMethodError'{0x000000078340d150}: 'java.lang.Object java.lang.invoke.DirectMethodHandle$Holder.newInvokeSpecial(java.lang.Object, java.lang.Object, long)'> (0x000000078340d150) 
thrown [open/src/hotspot/share/interpreter/linkResolver.cpp, line 766]
Event: 4.841 Thread 0x00000001250c4a00 Exception <a 'java/lang/NoSuchMethodError'{0x0000000783410a18}: 'java.lang.Object java.lang.invoke.Invokers$Holder.linkToTargetMethod(java.lang.Object, long, java.lang.Object)'> (0x0000000783410a18) 
thrown [open/src/hotspot/share/interpreter/linkResolver.cpp, line 766]
Event: 4.882 Thread 0x0000000126846a00 Exception <a 'java/lang/NoSuchMethodError'{0x00000007831379e8}: 'java.lang.Object java.lang.invoke.DirectMethodHandle$Holder.invokeStaticInit(java.lang.Object, int)'> (0x00000007831379e8) 
thrown [open/src/hotspot/share/interpreter/linkResolver.cpp, line 766]
Event: 13.724 Thread 0x00000001250c4a00 Exception <a 'java/lang/NoSuchMethodError'{0x0000000782f7f9e0}: 'java.lang.Object java.lang.invoke.DirectMethodHandle$Holder.newInvokeSpecial(java.lang.Object, java.lang.Object, int, java.lang.Object, double, double, int, int, int, int, int, int, int)'> (0x0000000782f7f9e0) 
thrown [open/src/hotspot/share/interpreter/linkResolver.cpp, line 766]
Event: 16.130 Thread 0x00000001250c4a00 Exception <a 'java/lang/NoSuchMethodError'{0x0000000782d26bd8}: 'java.lang.Object java.lang.invoke.DirectMethodHandle$Holder.newInvokeSpecial(java.lang.Object, java.lang.Object, int, int, int, int, int, java.lang.Object)'> (0x0000000782d26bd8) 
thrown [open/src/hotspot/share/interpreter/linkResolver.cpp, line 766]
Event: 16.132 Thread 0x00000001250c4a00 Exception <a 'java/lang/NoSuchMethodError'{0x0000000782d39bb8}: 'java.lang.Object java.lang.invoke.DirectMethodHandle$Holder.newInvokeSpecial(java.lang.Object, java.lang.Object, java.lang.Object, int, int, int, int, int)'> (0x0000000782d39bb8) 
thrown [open/src/hotspot/share/interpreter/linkResolver.cpp, line 766]
Event: 16.132 Thread 0x00000001250c4a00 Exception <a 'java/lang/NoSuchMethodError'{0x0000000782d41418}: 'java.lang.Object java.lang.invoke.Invokers$Holder.linkToTargetMethod(java.lang.Object, java.lang.Object, int, int, int, int, int, java.lang.Object)'> (0x0000000782d41418) 
thrown [open/src/hotspot/share/interpreter/linkResolver.cpp, line 766]

VM Operations (20 events):
Event: 7.938 Executing VM operation: Cleanup
Event: 7.939 Executing VM operation: Cleanup done
Event: 8.944 Executing VM operation: Cleanup
Event: 8.944 Executing VM operation: Cleanup done
Event: 9.949 Executing VM operation: Cleanup
Event: 9.949 Executing VM operation: Cleanup done
Event: 10.952 Executing VM operation: Cleanup
Event: 10.952 Executing VM operation: Cleanup done
Event: 11.674 Executing VM operation: HandshakeAllThreads
Event: 11.674 Executing VM operation: HandshakeAllThreads done
Event: 12.677 Executing VM operation: Cleanup
Event: 12.677 Executing VM operation: Cleanup done
Event: 13.682 Executing VM operation: Cleanup
Event: 13.682 Executing VM operation: Cleanup done
Event: 14.686 Executing VM operation: Cleanup
Event: 14.686 Executing VM operation: Cleanup done
Event: 15.686 Executing VM operation: Cleanup
Event: 15.686 Executing VM operation: Cleanup done
Event: 16.692 Executing VM operation: Cleanup
Event: 16.692 Executing VM operation: Cleanup done

Events (20 events):
Event: 13.725 loading class com/sun/javafx/tk/quantum/GlassViewEventHandler
Event: 13.725 loading class com/sun/javafx/tk/quantum/GlassViewEventHandler done
Event: 13.725 loading class com/sun/glass/ui/View
Event: 13.725 loading class com/sun/glass/ui/View done
Event: 16.120 loading class javafx/scene/Scene$ClickCounter
Event: 16.120 loading class javafx/scene/Scene$ClickCounter done
Event: 16.121 loading class javafx/event/Event
Event: 16.121 loading class javafx/event/Event done
Event: 16.121 loading class javafx/event/ActionEvent
Event: 16.121 loading class javafx/event/ActionEvent done
Event: 16.121 loading class javafx/event/ActionEvent
Event: 16.121 loading class javafx/event/ActionEvent done
Event: 16.129 loading class com/sun/javafx/tk/quantum/GlassViewEventHandler
Event: 16.129 loading class com/sun/javafx/tk/quantum/GlassViewEventHandler done
Event: 16.130 loading class com/sun/glass/ui/ClipboardAssistance
Event: 16.130 loading class com/sun/glass/ui/ClipboardAssistance done
Event: 16.131 loading class com/sun/javafx/tk/quantum/GlassSceneDnDEventHandler
Event: 16.131 loading class com/sun/javafx/tk/quantum/GlassSceneDnDEventHandler done
Event: 16.131 loading class com/sun/glass/ui/ClipboardAssistance
Event: 16.131 loading class com/sun/glass/ui/ClipboardAssistance done


Dynamic libraries:
0x0000000102400000 	/Library/Java/JavaVirtualMachines/jdk-17.0.1.jdk/Contents/Home/lib/libjli.dylib
0x00000001a111e000 	/usr/lib/libz.1.dylib
0x00000001a11ce000 	/usr/lib/libSystem.B.dylib
0x00000001a11c8000 	/usr/lib/system/libcache.dylib
0x00000001a1186000 	/usr/lib/system/libcommonCrypto.dylib
0x00000001a11af000 	/usr/lib/system/libcompiler_rt.dylib
0x00000001a11a6000 	/usr/lib/system/libcopyfile.dylib
0x00000001964d2000 	/usr/lib/system/libcorecrypto.dylib
0x0000000196577000 	/usr/lib/system/libdispatch.dylib
0x000000019673f000 	/usr/lib/system/libdyld.dylib
0x00000001a11be000 	/usr/lib/system/libkeymgr.dylib
0x00000001a1168000 	/usr/lib/system/libmacho.dylib
0x00000001a0874000 	/usr/lib/system/libquarantine.dylib
0x00000001a11bb000 	/usr/lib/system/libremovefile.dylib
0x000000019b8c1000 	/usr/lib/system/libsystem_asl.dylib
0x000000019647c000 	/usr/lib/system/libsystem_blocks.dylib
0x00000001965fd000 	/usr/lib/system/libsystem_c.dylib
0x00000001a11b3000 	/usr/lib/system/libsystem_collections.dylib
0x000000019fcd1000 	/usr/lib/system/libsystem_configuration.dylib
0x000000019ef57000 	/usr/lib/system/libsystem_containermanager.dylib
0x00000001a0ed2000 	/usr/lib/system/libsystem_coreservices.dylib
0x0000000198e64000 	/usr/lib/system/libsystem_darwin.dylib
0x00000001a11bf000 	/usr/lib/system/libsystem_dnssd.dylib
0x00000001965fa000 	/usr/lib/system/libsystem_featureflags.dylib
0x0000000196754000 	/usr/lib/system/libsystem_info.dylib
0x00000001a1130000 	/usr/lib/system/libsystem_m.dylib
0x000000019654c000 	/usr/lib/system/libsystem_malloc.dylib
0x000000019b852000 	/usr/lib/system/libsystem_networkextension.dylib
0x00000001992b7000 	/usr/lib/system/libsystem_notify.dylib
0x00000001a739b000 	/usr/lib/system/libsystem_product_info_filter.dylib
0x000000019fcd6000 	/usr/lib/system/libsystem_sandbox.dylib
0x00000001a11b8000 	/usr/lib/system/libsystem_secinit.dylib
0x00000001966fc000 	/usr/lib/system/libsystem_kernel.dylib
0x000000019674c000 	/usr/lib/system/libsystem_platform.dylib
0x0000000196732000 	/usr/lib/system/libsystem_pthread.dylib
0x000000019cff7000 	/usr/lib/system/libsystem_symptoms.dylib
0x00000001964b8000 	/usr/lib/system/libsystem_trace.dylib
0x00000001a1193000 	/usr/lib/system/libunwind.dylib
0x000000019647e000 	/usr/lib/system/libxpc.dylib
0x00000001966e2000 	/usr/lib/libc++abi.dylib
0x00000001965be000 	/usr/lib/libobjc.A.dylib
0x00000001a119e000 	/usr/lib/liboah.dylib
0x000000019667e000 	/usr/lib/libc++.1.dylib
0x00000001acd78000 	/System/Library/Frameworks/Cocoa.framework/Versions/A/Cocoa
0x0000000199316000 	/System/Library/Frameworks/AppKit.framework/Versions/C/AppKit
0x000000019c838000 	/System/Library/Frameworks/CoreData.framework/Versions/A/CoreData
0x0000000197677000 	/System/Library/Frameworks/Foundation.framework/Versions/C/Foundation
0x000000019a1c8000 	/System/Library/PrivateFrameworks/UIFoundation.framework/Versions/A/UIFoundation
0x00000001a7095000 	/System/Library/PrivateFrameworks/RemoteViewServices.framework/Versions/A/RemoteViewServices
0x000000019f690000 	/System/Library/PrivateFrameworks/XCTTargetBootstrap.framework/Versions/A/XCTTargetBootstrap
0x00000001a2ed0000 	/System/Library/PrivateFrameworks/InternationalSupport.framework/Versions/A/InternationalSupport
0x00000001a2f59000 	/System/Library/PrivateFrameworks/UserActivity.framework/Versions/A/UserActivity
0x00000001a23fb000 	/usr/lib/libspindump.dylib
0x000000019a438000 	/System/Library/Frameworks/UniformTypeIdentifiers.framework/Versions/A/UniformTypeIdentifiers
0x000000019dc1e000 	/usr/lib/libapp_launch_measurement.dylib
0x000000019d19b000 	/System/Library/PrivateFrameworks/CoreAnalytics.framework/Versions/A/CoreAnalytics
0x000000019dc21000 	/System/Library/PrivateFrameworks/CoreAutoLayout.framework/Versions/A/CoreAutoLayout
0x000000019ef94000 	/System/Library/Frameworks/Metal.framework/Versions/A/Metal
0x000000019fce1000 	/usr/lib/liblangid.dylib
0x000000019f694000 	/System/Library/PrivateFrameworks/CoreSVG.framework/Versions/A/CoreSVG
0x000000019b8f5000 	/System/Library/PrivateFrameworks/SkyLight.framework/Versions/A/SkyLight
0x000000019bcbd000 	/System/Library/Frameworks/CoreGraphics.framework/Versions/A/CoreGraphics
0x00000001a770e000 	/System/Library/Frameworks/Accelerate.framework/Versions/A/Accelerate
0x00000001a1e70000 	/System/Library/PrivateFrameworks/IconServices.framework/Versions/A/IconServices
0x000000019ef76000 	/System/Library/Frameworks/IOSurface.framework/Versions/A/IOSurface
0x000000019d1cb000 	/usr/lib/libDiagnosticMessagesClient.dylib
0x00000001aab46000 	/System/Library/Frameworks/ApplicationServices.framework/Versions/A/ApplicationServices
0x000000019f678000 	/System/Library/PrivateFrameworks/DFRFoundation.framework/Versions/A/DFRFoundation
0x0000000198bb9000 	/usr/lib/libicucore.A.dylib
0x00000001a3ccd000 	/System/Library/Frameworks/AudioToolbox.framework/Versions/A/AudioToolbox
0x00000001a2edc000 	/System/Library/PrivateFrameworks/DataDetectorsCore.framework/Versions/A/DataDetectorsCore
0x00000001b8ef8000 	/System/Library/PrivateFrameworks/TextInput.framework/Versions/A/TextInput
0x000000019b86c000 	/usr/lib/libMobileGestalt.dylib
0x000000019f348000 	/System/Library/Frameworks/Carbon.framework/Versions/A/Frameworks/HIToolbox.framework/Versions/A/HIToolbox
0x000000019d628000 	/System/Library/Frameworks/QuartzCore.framework/Versions/A/QuartzCore
0x0000000198836000 	/System/Library/Frameworks/Security.framework/Versions/A/Security
0x00000001a70d5000 	/System/Library/Frameworks/Carbon.framework/Versions/A/Frameworks/SpeechRecognition.framework/Versions/A/SpeechRecognition
0x000000019d975000 	/System/Library/PrivateFrameworks/CoreUI.framework/Versions/A/CoreUI
0x0000000198109000 	/System/Library/Frameworks/CoreAudio.framework/Versions/A/CoreAudio
0x000000019d2bb000 	/System/Library/Frameworks/DiskArbitration.framework/Versions/A/DiskArbitration
0x00000001a27e3000 	/System/Library/PrivateFrameworks/MultitouchSupport.framework/Versions/A/MultitouchSupport
0x000000019b86a000 	/usr/lib/libenergytrace.dylib
0x00000001991e2000 	/System/Library/Frameworks/IOKit.framework/Versions/A/IOKit
0x00000001a74bc000 	/System/Library/Frameworks/CoreServices.framework/Versions/A/CoreServices
0x000000019dbae000 	/System/Library/PrivateFrameworks/PerformanceAnalysis.framework/Versions/A/PerformanceAnalysis
0x00000001f771d000 	/System/Library/Frameworks/OpenGL.framework/Versions/A/OpenGL
0x00000001a0794000 	/System/Library/PrivateFrameworks/MobileKeyBag.framework/Versions/A/MobileKeyBag
0x000000019c2cd000 	/System/Library/Frameworks/ColorSync.framework/Versions/A/ColorSync
0x0000000196780000 	/System/Library/Frameworks/CoreFoundation.framework/Versions/A/CoreFoundation
0x000000019f915000 	/System/Library/Frameworks/CoreImage.framework/Versions/A/CoreImage
0x0000000197f2c000 	/System/Library/Frameworks/CoreText.framework/Versions/A/CoreText
0x000000019f6c4000 	/System/Library/Frameworks/ImageIO.framework/Versions/A/ImageIO
0x00000001a11d4000 	/System/Library/PrivateFrameworks/SoftLinking.framework/Versions/A/SoftLinking
0x000000019dc6b000 	/usr/lib/libxml2.2.dylib
0x00000001a146c000 	/usr/lib/libcompression.dylib
0x00000001a2e29000 	/System/Library/PrivateFrameworks/TextureIO.framework/Versions/A/TextureIO
0x00000001a1b8a000 	/usr/lib/libate.dylib
0x00000001a1a52000 	/usr/lib/liblzma.5.dylib
0x0000000197368000 	/System/Library/Frameworks/SystemConfiguration.framework/Versions/A/SystemConfiguration
0x00000001a11d0000 	/usr/lib/libfakelink.dylib
0x000000019b39a000 	/System/Library/Frameworks/CFNetwork.framework/Versions/A/CFNetwork
0x00000001a1317000 	/usr/lib/libarchive.2.dylib
0x000000019fcdd000 	/System/Library/PrivateFrameworks/AppleSystemInfo.framework/Versions/A/AppleSystemInfo
0x00000001a089e000 	/usr/lib/libbsm.0.dylib
0x000000019a8d7000 	/usr/lib/libnetwork.dylib
0x00000001a116e000 	/usr/lib/system/libkxld.dylib
0x00000001a04b6000 	/System/Library/PrivateFrameworks/IOMobileFramebuffer.framework/Versions/A/IOMobileFramebuffer
0x0000000213048000 	/usr/lib/libCoreEntitlements.dylib
0x00000001a0eb4000 	/System/Library/PrivateFrameworks/AppleFSCompression.framework/Versions/A/AppleFSCompression
0x00000001a0887000 	/usr/lib/libcoretls.dylib
0x00000001a1a6b000 	/usr/lib/libcoretls_cfhelpers.dylib
0x00000001a1467000 	/usr/lib/libpam.2.dylib
0x000000019cc1f000 	/usr/lib/libsqlite3.dylib
0x00000001a1ad3000 	/usr/lib/libxar.1.dylib
0x00000001a0ec5000 	/usr/lib/libbz2.1.0.dylib
0x00000001a11d5000 	/usr/lib/libpcap.A.dylib
0x000000019cfee000 	/usr/lib/libdns_services.dylib
0x00000001a143a000 	/usr/lib/libapple_nghttp2.dylib
0x00000001a1212000 	/usr/lib/libiconv.2.dylib
0x00000001a1167000 	/usr/lib/libcharset.1.dylib
0x000000019dbea000 	/System/Library/Frameworks/CoreServices.framework/Versions/A/Frameworks/FSEvents.framework/Versions/A/FSEvents
0x0000000198e6f000 	/System/Library/Frameworks/CoreServices.framework/Versions/A/Frameworks/CarbonCore.framework/Versions/A/CarbonCore
0x000000019d21e000 	/System/Library/Frameworks/CoreServices.framework/Versions/A/Frameworks/Metadata.framework/Versions/A/Metadata
0x00000001a0ed8000 	/System/Library/Frameworks/CoreServices.framework/Versions/A/Frameworks/OSServices.framework/Versions/A/OSServices
0x00000001a139c000 	/System/Library/Frameworks/CoreServices.framework/Versions/A/Frameworks/SearchKit.framework/Versions/A/SearchKit
0x000000019cf7c000 	/System/Library/Frameworks/CoreServices.framework/Versions/A/Frameworks/AE.framework/Versions/A/AE
0x0000000196cc4000 	/System/Library/Frameworks/CoreServices.framework/Versions/A/Frameworks/LaunchServices.framework/Versions/A/LaunchServices
0x00000001a19fb000 	/System/Library/Frameworks/CoreServices.framework/Versions/A/Frameworks/DictionaryServices.framework/Versions/A/DictionaryServices
0x000000019dbf7000 	/System/Library/Frameworks/CoreServices.framework/Versions/A/Frameworks/SharedFileList.framework/Versions/A/SharedFileList
0x00000001a0877000 	/usr/lib/libCheckFix.dylib
0x000000019b8d9000 	/System/Library/PrivateFrameworks/TCC.framework/Versions/A/TCC
0x000000019fce3000 	/System/Library/PrivateFrameworks/CoreNLP.framework/Versions/A/CoreNLP
0x000000019d1ce000 	/System/Library/PrivateFrameworks/MetadataUtilities.framework/Versions/A/MetadataUtilities
0x0000000197421000 	/usr/lib/libmecabra.dylib
0x00000001a08af000 	/usr/lib/libmecab.dylib
0x00000001973ed000 	/usr/lib/libCRFSuite.dylib
0x00000001a090d000 	/usr/lib/libgermantok.dylib
0x00000001a1413000 	/usr/lib/libThaiTokenizer.dylib
0x000000019d2c3000 	/System/Library/Frameworks/Accelerate.framework/Versions/A/Frameworks/vImage.framework/Versions/A/vImage
0x00000001a7493000 	/System/Library/Frameworks/Accelerate.framework/Versions/A/Frameworks/vecLib.framework/Versions/A/vecLib
0x00000001a1b17000 	/System/Library/Frameworks/Accelerate.framework/Versions/A/Frameworks/vecLib.framework/Versions/A/libvMisc.dylib
0x00000001a03c0000 	/System/Library/Frameworks/Accelerate.framework/Versions/A/Frameworks/vecLib.framework/Versions/A/libvDSP.dylib
0x0000000197047000 	/System/Library/Frameworks/Accelerate.framework/Versions/A/Frameworks/vecLib.framework/Versions/A/libBLAS.dylib
0x00000001a153b000 	/System/Library/Frameworks/Accelerate.framework/Versions/A/Frameworks/vecLib.framework/Versions/A/libLAPACK.dylib
0x00000001a0910000 	/System/Library/Frameworks/Accelerate.framework/Versions/A/Frameworks/vecLib.framework/Versions/A/libLinearAlgebra.dylib
0x00000001a1452000 	/System/Library/Frameworks/Accelerate.framework/Versions/A/Frameworks/vecLib.framework/Versions/A/libSparseBLAS.dylib
0x00000001a1536000 	/System/Library/Frameworks/Accelerate.framework/Versions/A/Frameworks/vecLib.framework/Versions/A/libQuadrature.dylib
0x000000019fdda000 	/System/Library/Frameworks/Accelerate.framework/Versions/A/Frameworks/vecLib.framework/Versions/A/libBNNS.dylib
0x0000000197305000 	/System/Library/Frameworks/Accelerate.framework/Versions/A/Frameworks/vecLib.framework/Versions/A/libSparse.dylib
0x000000019fdd2000 	/System/Library/PrivateFrameworks/LinguisticData.framework/Versions/A/LinguisticData
0x00000001972bb000 	/System/Library/PrivateFrameworks/Lexicon.framework/Versions/A/Lexicon
0x00000001a1b0f000 	/usr/lib/libChineseTokenizer.dylib
0x0000000197a65000 	/System/Library/PrivateFrameworks/LanguageModeling.framework/Versions/A/LanguageModeling
0x00000001a1415000 	/System/Library/PrivateFrameworks/AppleSauce.framework/Versions/A/AppleSauce
0x00000001a04a3000 	/System/Library/PrivateFrameworks/CoreEmoji.framework/Versions/A/CoreEmoji
0x00000001a1305000 	/usr/lib/libcmph.dylib
0x000000019dbca000 	/System/Library/Frameworks/OpenDirectory.framework/Versions/A/Frameworks/CFOpenDirectory.framework/Versions/A/CFOpenDirectory
0x000000019dbba000 	/System/Library/Frameworks/OpenDirectory.framework/Versions/A/OpenDirectory
0x00000001a1a6d000 	/System/Library/PrivateFrameworks/APFS.framework/Versions/A/APFS
0x00000001a07cf000 	/System/Library/Frameworks/SecurityFoundation.framework/Versions/A/SecurityFoundation
0x00000001a1ae1000 	/usr/lib/libutil.dylib
0x00000001991a4000 	/System/Library/PrivateFrameworks/CoreServicesStore.framework/Versions/A/CoreServicesStore
0x00000001a1ae5000 	/usr/lib/libxslt.1.dylib
0x00000001a0863000 	/System/Library/PrivateFrameworks/BackgroundTaskManagement.framework/Versions/A/BackgroundTaskManagement
0x00000001a2d4a000 	/System/Library/Frameworks/ImageIO.framework/Versions/A/Resources/libRadiance.dylib
0x00000001a2d53000 	/System/Library/Frameworks/ImageIO.framework/Versions/A/Resources/libJPEG.dylib
0x00000001a2ca5000 	/System/Library/Frameworks/ImageIO.framework/Versions/A/Resources/libPng.dylib
0x00000001a2cc7000 	/System/Library/Frameworks/ImageIO.framework/Versions/A/Resources/libTIFF.dylib
0x00000001a2dae000 	/System/Library/Frameworks/ImageIO.framework/Versions/A/Resources/libGIF.dylib
0x00000001a26f3000 	/System/Library/Frameworks/ImageIO.framework/Versions/A/Resources/libJP2.dylib
0x00000001a1e36000 	/usr/lib/libexpat.1.dylib
0x00000001a26ae000 	/System/Library/PrivateFrameworks/AppleJPEG.framework/Versions/A/AppleJPEG
0x000000019f207000 	/System/Library/PrivateFrameworks/FontServices.framework/libFontParser.dylib
0x000000019cf21000 	/System/Library/PrivateFrameworks/RunningBoardServices.framework/Versions/A/RunningBoardServices
0x00000001ad3e3000 	/System/Library/PrivateFrameworks/IOSurfaceAccelerator.framework/Versions/A/IOSurfaceAccelerator
0x00000001a27df000 	/System/Library/PrivateFrameworks/WatchdogClient.framework/Versions/A/WatchdogClient
0x0000000197b69000 	/System/Library/Frameworks/CoreDisplay.framework/Versions/A/CoreDisplay
0x000000019f0f6000 	/System/Library/Frameworks/CoreMedia.framework/Versions/A/CoreMedia
0x000000019ef8a000 	/System/Library/PrivateFrameworks/IOAccelerator.framework/Versions/A/IOAccelerator
0x000000019dd58000 	/System/Library/Frameworks/CoreVideo.framework/Versions/A/CoreVideo
0x00000001a1465000 	/System/Library/Frameworks/MetalPerformanceShaders.framework/Versions/A/MetalPerformanceShaders
0x00000001a281c000 	/System/Library/Frameworks/VideoToolbox.framework/Versions/A/VideoToolbox
0x000000019ce65000 	/System/Library/PrivateFrameworks/BaseBoard.framework/Versions/A/BaseBoard
0x000000019cc04000 	/System/Library/PrivateFrameworks/ProtocolBuffer.framework/Versions/A/ProtocolBuffer
0x00000001a2d45000 	/System/Library/PrivateFrameworks/GPUWrangler.framework/Versions/A/GPUWrangler
0x00000001a2d24000 	/System/Library/PrivateFrameworks/IOPresentment.framework/Versions/A/IOPresentment
0x00000001a2d4d000 	/System/Library/PrivateFrameworks/DSExternalDisplay.framework/Versions/A/DSExternalDisplay
0x00000001f7710000 	/System/Library/Frameworks/OpenGL.framework/Versions/A/Libraries/libCoreFSCache.dylib
0x0000000200e2a000 	/System/Library/PrivateFrameworks/GPUCompiler.framework/Versions/31001/Libraries/libGPUCompilerUtils.dylib
0x00000001a2db3000 	/System/Library/PrivateFrameworks/CMCaptureCore.framework/Versions/A/CMCaptureCore
0x00000001a23e9000 	/System/Library/PrivateFrameworks/AppServerSupport.framework/Versions/A/AppServerSupport
0x00000001a4588000 	/System/Library/PrivateFrameworks/perfdata.framework/Versions/A/perfdata
0x0000000197c89000 	/System/Library/PrivateFrameworks/AudioToolboxCore.framework/Versions/A/AudioToolboxCore
0x000000019f0ce000 	/System/Library/PrivateFrameworks/caulk.framework/Versions/A/caulk
0x00000001a3e7d000 	/usr/lib/libAudioStatistics.dylib
0x00000001b5696000 	/System/Library/PrivateFrameworks/SystemPolicy.framework/Versions/A/SystemPolicy
0x00000001a40dd000 	/usr/lib/libSMC.dylib
0x00000001acc5a000 	/System/Library/Frameworks/CoreMIDI.framework/Versions/A/CoreMIDI
0x00000001a2c73000 	/usr/lib/libAudioToolboxUtility.dylib
0x00000001b1b3c000 	/System/Library/PrivateFrameworks/OSAServicesClient.framework/Versions/A/OSAServicesClient
0x00000001a4595000 	/usr/lib/libperfcheck.dylib
0x00000001b6199000 	/usr/lib/libmis.dylib
0x00000001f7771000 	/System/Library/Frameworks/OpenGL.framework/Versions/A/Libraries/libGLU.dylib
0x00000001f7730000 	/System/Library/Frameworks/OpenGL.framework/Versions/A/Libraries/libGFXShared.dylib
0x00000001f791a000 	/System/Library/Frameworks/OpenGL.framework/Versions/A/Libraries/libGL.dylib
0x00000001f7739000 	/System/Library/Frameworks/OpenGL.framework/Versions/A/Libraries/libGLImage.dylib
0x00000001f772d000 	/System/Library/Frameworks/OpenGL.framework/Versions/A/Libraries/libCVMSPluginSupport.dylib
0x00000001f7717000 	/System/Library/Frameworks/OpenGL.framework/Versions/A/Libraries/libCoreVMClient.dylib
0x000000019fc5f000 	/System/Library/Frameworks/MetalPerformanceShaders.framework/Versions/A/Frameworks/MPSCore.framework/Versions/A/MPSCore
0x00000001a0e27000 	/System/Library/Frameworks/MetalPerformanceShaders.framework/Versions/A/Frameworks/MPSImage.framework/Versions/A/MPSImage
0x00000001a0925000 	/System/Library/Frameworks/MetalPerformanceShaders.framework/Versions/A/Frameworks/MPSNeuralNetwork.framework/Versions/A/MPSNeuralNetwork
0x00000001a0d62000 	/System/Library/Frameworks/MetalPerformanceShaders.framework/Versions/A/Frameworks/MPSMatrix.framework/Versions/A/MPSMatrix
0x00000001a0b3d000 	/System/Library/Frameworks/MetalPerformanceShaders.framework/Versions/A/Frameworks/MPSRayIntersector.framework/Versions/A/MPSRayIntersector
0x00000001a0d93000 	/System/Library/Frameworks/MetalPerformanceShaders.framework/Versions/A/Frameworks/MPSNDArray.framework/Versions/A/MPSNDArray
0x00000001f942c000 	/System/Library/Frameworks/MetalPerformanceShaders.framework/Versions/A/Frameworks/MPSFunctions.framework/Versions/A/MPSFunctions
0x0000000196f25000 	/System/Library/PrivateFrameworks/MetalTools.framework/Versions/A/MetalTools
0x000000019fcdb000 	/System/Library/PrivateFrameworks/AggregateDictionary.framework/Versions/A/AggregateDictionary
0x00000001a1c1c000 	/usr/lib/libIOReport.dylib
0x00000001abc48000 	/System/Library/PrivateFrameworks/ASEProcessing.framework/Versions/A/ASEProcessing
0x00000001a1f8e000 	/System/Library/PrivateFrameworks/FaceCore.framework/Versions/A/FaceCore
0x00000001a1f80000 	/System/Library/PrivateFrameworks/GraphVisualizer.framework/Versions/A/GraphVisualizer
0x0000000200d41000 	/System/Library/PrivateFrameworks/FontServices.framework/Versions/A/FontServices
0x00000001a23a3000 	/System/Library/PrivateFrameworks/OTSVG.framework/Versions/A/OTSVG
0x000000019d926000 	/System/Library/Frameworks/ApplicationServices.framework/Versions/A/Frameworks/ATS.framework/Versions/A/Resources/libFontRegistry.dylib
0x00000001a23f2000 	/System/Library/PrivateFrameworks/FontServices.framework/libhvf.dylib
0x0000000200d42000 	/System/Library/PrivateFrameworks/FontServices.framework/libXTFontStaticRegistryData.dylib
0x00000001f7abc000 	/System/Library/Frameworks/OpenCL.framework/Versions/A/OpenCL
0x00000001a1dea000 	/System/Library/PrivateFrameworks/AppleVA.framework/Versions/A/AppleVA
0x00000001a3ea5000 	/System/Library/Frameworks/ApplicationServices.framework/Versions/A/Frameworks/ATS.framework/Versions/A/ATS
0x000000019c3ca000 	/System/Library/Frameworks/ApplicationServices.framework/Versions/A/Frameworks/HIServices.framework/Versions/A/HIServices
0x00000001a2dbd000 	/System/Library/Frameworks/ApplicationServices.framework/Versions/A/Frameworks/PrintCore.framework/Versions/A/PrintCore
0x00000001a4230000 	/System/Library/Frameworks/ApplicationServices.framework/Versions/A/Frameworks/QD.framework/Versions/A/QD
0x00000001a4228000 	/System/Library/Frameworks/ApplicationServices.framework/Versions/A/Frameworks/ColorSyncLegacy.framework/Versions/A/ColorSyncLegacy
0x00000001a3e91000 	/System/Library/Frameworks/ApplicationServices.framework/Versions/A/Frameworks/SpeechSynthesis.framework/Versions/A/SpeechSynthesis
0x00000001a2d7e000 	/System/Library/Frameworks/ApplicationServices.framework/Versions/A/Frameworks/ATSUI.framework/Versions/A/ATSUI
0x00000001a41bd000 	/usr/lib/libcups.2.dylib
0x00000001a45a3000 	/System/Library/Frameworks/Kerberos.framework/Versions/A/Kerberos
0x00000001a45b4000 	/System/Library/Frameworks/GSS.framework/Versions/A/GSS
0x00000001a3f14000 	/usr/lib/libresolv.9.dylib
0x00000001a2400000 	/System/Library/PrivateFrameworks/Heimdal.framework/Versions/A/Heimdal
0x00000001aaebc000 	/System/Library/Frameworks/Kerberos.framework/Versions/A/Libraries/libHeimdalProxy.dylib
0x000000019d000000 	/System/Library/Frameworks/Network.framework/Versions/A/Network
0x00000001a1e51000 	/usr/lib/libheimdal-asn1.dylib
0x00000001a45fa000 	/System/Library/PrivateFrameworks/CommonAuth.framework/Versions/A/CommonAuth
0x00000001a3e0b000 	/System/Library/PrivateFrameworks/AudioSession.framework/Versions/A/AudioSession
0x00000001a1ee2000 	/System/Library/PrivateFrameworks/MediaExperience.framework/Versions/A/MediaExperience
0x00000001a3c93000 	/System/Library/PrivateFrameworks/AudioSession.framework/libSessionUtility.dylib
0x00000001a423c000 	/System/Library/PrivateFrameworks/AudioResourceArbitration.framework/Versions/A/AudioResourceArbitration
0x00000001a1e5a000 	/System/Library/PrivateFrameworks/IconFoundation.framework/Versions/A/IconFoundation
0x00000001a70c1000 	/System/Library/PrivateFrameworks/SpeechRecognitionCore.framework/Versions/A/SpeechRecognitionCore
0x00000001da83a000 	/System/Library/CoreServices/Encodings/libTraditionalChineseConverter.dylib
0x0000000103568000 	/Library/Java/JavaVirtualMachines/jdk-17.0.1.jdk/Contents/Home/lib/server/libjvm.dylib
0x0000000102464000 	/Library/Java/JavaVirtualMachines/jdk-17.0.1.jdk/Contents/Home/lib/libjimage.dylib
0x000000010267c000 	/Library/Java/JavaVirtualMachines/jdk-17.0.1.jdk/Contents/Home/lib/libjdwp.dylib
0x00000001026c4000 	/Library/Java/JavaVirtualMachines/jdk-17.0.1.jdk/Contents/Home/lib/libjava.dylib
0x0000000102490000 	/Library/Java/JavaVirtualMachines/jdk-17.0.1.jdk/Contents/Home/lib/libinstrument.dylib
0x0000000103510000 	/Library/Java/JavaVirtualMachines/jdk-17.0.1.jdk/Contents/Home/lib/libnio.dylib
0x0000000103530000 	/Library/Java/JavaVirtualMachines/jdk-17.0.1.jdk/Contents/Home/lib/libnet.dylib
0x0000000120c34000 	/Library/Java/JavaVirtualMachines/jdk-17.0.1.jdk/Contents/Home/lib/libzip.dylib
0x0000000103554000 	/Library/Java/JavaVirtualMachines/jdk-17.0.1.jdk/Contents/Home/lib/libdt_socket.dylib
0x0000000120c4c000 	/Library/Java/JavaVirtualMachines/jdk-17.0.1.jdk/Contents/Home/lib/libverify.dylib
0x0000000120c68000 	/Users/sean/.openjfx/cache/17.0.0.1/libprism_es2.dylib
0x0000000199167000 	/System/Library/PrivateFrameworks/CoreServicesInternal.framework/Versions/A/CoreServicesInternal
0x00000001f7924000 	/System/Library/Frameworks/OpenGL.framework/Versions/A/Resources/GLEngine.bundle/GLEngine
0x00000001f77ab000 	/System/Library/Frameworks/OpenGL.framework/Versions/A/Libraries/libGLProgrammability.dylib
0x00000001245fc000 	/System/Library/Extensions/AppleMetalOpenGLRenderer.bundle/Contents/MacOS/AppleMetalOpenGLRenderer
0x00000001f7a93000 	/System/Library/Frameworks/OpenGL.framework/Versions/A/Resources/GLRendererFloat.bundle/GLRendererFloat
0x00000001f7b34000 	/System/Library/Extensions/AGXMetal13_3.bundle/Contents/MacOS/AGXMetal13_3
0x00000001b61b5000 	/System/Library/PrivateFrameworks/GPURawCounter.framework/Versions/A/GPURawCounter
0x00000001b0c8a000 	/System/Library/PrivateFrameworks/IOGPU.framework/Versions/A/IOGPU
0x0000000124694000 	/Users/sean/.openjfx/cache/17.0.0.1/libglass.dylib
0x00000001a8561000 	/System/Library/Frameworks/FileProvider.framework/Versions/A/FileProvider
0x000000019cdcd000 	/System/Library/Frameworks/Accounts.framework/Versions/A/Accounts
0x00000001a86e1000 	/System/Library/PrivateFrameworks/GenerationalStorage.framework/Versions/A/GenerationalStorage
0x00000001a9291000 	/System/Library/PrivateFrameworks/CoreSymbolication.framework/Versions/A/CoreSymbolication
0x00000001a8301000 	/System/Library/PrivateFrameworks/SymptomDiagnosticReporter.framework/Versions/A/SymptomDiagnosticReporter
0x000000019a44c000 	/System/Library/PrivateFrameworks/DesktopServicesPriv.framework/Versions/A/DesktopServicesPriv
0x00000001992c6000 	/usr/lib/libsandbox.1.dylib
0x000000019dde4000 	/System/Library/PrivateFrameworks/UserManagement.framework/Versions/A/UserManagement
0x00000001a9252000 	/System/Library/PrivateFrameworks/DebugSymbols.framework/Versions/A/DebugSymbols
0x00000001a421b000 	/System/Library/PrivateFrameworks/NetAuth.framework/Versions/A/NetAuth
0x00000001a5119000 	/System/Library/PrivateFrameworks/Sharing.framework/Versions/A/Sharing
0x000000019ddb4000 	/System/Library/PrivateFrameworks/login.framework/Versions/A/Frameworks/loginsupport.framework/Versions/A/loginsupport
0x00000001aa402000 	/System/Library/PrivateFrameworks/Apple80211.framework/Versions/A/Apple80211
0x00000001a0f0b000 	/System/Library/PrivateFrameworks/AuthKit.framework/Versions/A/AuthKit
0x00000001a05a2000 	/System/Library/PrivateFrameworks/CoreUtils.framework/Versions/A/CoreUtils
0x00000001a04c2000 	/System/Library/Frameworks/CoreWLAN.framework/Versions/A/CoreWLAN
0x00000001a5282000 	/System/Library/Frameworks/IOBluetooth.framework/Versions/A/IOBluetooth
0x00000001aa462000 	/System/Library/PrivateFrameworks/CoreWiFi.framework/Versions/A/CoreWiFi
0x00000001a8e39000 	/System/Library/PrivateFrameworks/FrontBoardServices.framework/Versions/A/FrontBoardServices
0x00000001a8ed1000 	/System/Library/PrivateFrameworks/BoardServices.framework/Versions/A/BoardServices
0x00000001a07bd000 	/System/Library/PrivateFrameworks/AssertionServices.framework/Versions/A/AssertionServices
0x00000001aa5d0000 	/System/Library/PrivateFrameworks/BackBoardServices.framework/Versions/A/BackBoardServices
0x00000001a468d000 	/System/Library/PrivateFrameworks/CorePhoneNumbers.framework/Versions/A/CorePhoneNumbers
0x00000001a8431000 	/System/Library/PrivateFrameworks/DiskManagement.framework/Versions/A/DiskManagement
0x00000001a8334000 	/System/Library/PrivateFrameworks/AppleIDAuthSupport.framework/Versions/A/AppleIDAuthSupport
0x00000001fb6c5000 	/System/Library/PrivateFrameworks/AAAFoundation.framework/Versions/A/AAAFoundation
0x00000001a466c000 	/System/Library/PrivateFrameworks/KeychainCircle.framework/Versions/A/KeychainCircle
0x00000001a83fd000 	/System/Library/PrivateFrameworks/MediaKit.framework/Versions/A/MediaKit
0x00000001a8341000 	/System/Library/Frameworks/DiscRecording.framework/Versions/A/DiscRecording
0x00000001a1d66000 	/usr/lib/libCoreStorage.dylib
0x00000001aa8ca000 	/usr/lib/libcsfde.dylib
0x00000001a5357000 	/System/Library/PrivateFrameworks/ProtectedCloudStorage.framework/Versions/A/ProtectedCloudStorage
0x00000001aa8c2000 	/System/Library/PrivateFrameworks/EFILogin.framework/Versions/A/EFILogin
0x00000001a8708000 	/System/Library/PrivateFrameworks/OctagonTrust.framework/Versions/A/OctagonTrust
0x00000001fffac000 	/System/Library/PrivateFrameworks/CoreUtilsExtras.framework/Versions/A/CoreUtilsExtras
0x00000001a8273000 	/System/Library/Frameworks/CoreBluetooth.framework/Versions/A/CoreBluetooth
0x00000001aaf41000 	/System/Library/Frameworks/AudioUnit.framework/Versions/A/AudioUnit
0x00000001a1d5e000 	/usr/lib/libMatch.1.dylib
0x00000001ba41c000 	/System/Library/Frameworks/Accelerate.framework/Versions/A/Frameworks/vImage.framework/Versions/A/Libraries/libCGInterfaces.dylib
0x00000001267e4000 	/usr/lib/libobjc-trampolines.dylib
0x000000019dab2000 	/System/Library/PrivateFrameworks/ViewBridge.framework/Versions/A/ViewBridge
0x00000001a24ae000 	/System/Library/PrivateFrameworks/login.framework/Versions/A/login
0x0000000127f8c000 	/Users/sean/.openjfx/cache/17.0.0.1/libjavafx_font.dylib
0x00000002131c2000 	/usr/lib/libRosetta.dylib
0x0000000132290000 	/Users/sean/.openjfx/cache/17.0.0.1/libjavafx_iio.dylib


VM Arguments:
jvm_args: -agentlib:jdwp=transport=dt_socket,address=127.0.0.1:57143,suspend=y,server=n -javaagent:/Users/sean/Library/Caches/JetBrains/IdeaIC2021.2/captureAgent/debugger-agent.jar -Dfile.encoding=UTF-8 --module-path=/Users/sean/Documents/GitHub/Meal-Ordering-System/FoodOrderingSystem/target/classes:/Users/sean/.m2/repository/org/openjfx/javafx-base/17.0.0.1/javafx-base-17.0.0.1-mac-aarch64.jar:/Users/sean/.m2/repository/org/openjfx/javafx-graphics/17.0.0.1/javafx-graphics-17.0.0.1-mac-aarch64.jar:/Users/sean/.m2/repository/org/openjfx/javafx-controls/17.0.0.1/javafx-controls-17.0.0.1-mac-aarch64.jar:/Users/sean/.m2/repository/org/openjfx/javafx-fxml/17.0.0.1/javafx-fxml-17.0.0.1-mac-aarch64.jar -Djdk.module.main=com.example.foodorderingsystem 
java_command: com.example.foodorderingsystem/com.example.foodorderingsystem.HelloApplication
java_class_path (initial): /Users/sean/.m2/repository/org/openjfx/javafx-controls/17.0.0.1/javafx-controls-17.0.0.1.jar:/Users/sean/.m2/repository/org/openjfx/javafx-graphics/17.0.0.1/javafx-graphics-17.0.0.1.jar:/Users/sean/.m2/repository/org/openjfx/javafx-base/17.0.0.1/javafx-base-17.0.0.1.jar:/Users/sean/.m2/repository/org/openjfx/javafx-fxml/17.0.0.1/javafx-fxml-17.0.0.1.jar:/Applications/IntelliJ IDEA CE.app/Contents/lib/idea_rt.jar
Launcher Type: SUN_STANDARD

[Global flags]
     intx CICompilerCount                          = 4                                         {product} {ergonomic}
     uint ConcGCThreads                            = 2                                         {product} {ergonomic}
     uint G1ConcRefinementThreads                  = 8                                         {product} {ergonomic}
   size_t G1HeapRegionSize                         = 1048576                                   {product} {ergonomic}
    uintx GCDrainStackTargetSize                   = 64                                        {product} {ergonomic}
   size_t InitialHeapSize                          = 134217728                                 {product} {ergonomic}
   size_t MarkStackSize                            = 4194304                                   {product} {ergonomic}
   size_t MaxHeapSize                              = 2147483648                                {product} {ergonomic}
   size_t MaxNewSize                               = 1287651328                                {product} {ergonomic}
   size_t MinHeapDeltaBytes                        = 1048576                                   {product} {ergonomic}
   size_t MinHeapSize                              = 8388608                                   {product} {ergonomic}
    uintx NonNMethodCodeHeapSize                   = 5839564                                {pd product} {ergonomic}
    uintx NonProfiledCodeHeapSize                  = 122909338                              {pd product} {ergonomic}
    uintx ProfiledCodeHeapSize                     = 122909338                              {pd product} {ergonomic}
    uintx ReservedCodeCacheSize                    = 251658240                              {pd product} {ergonomic}
     bool SegmentedCodeCache                       = true                                      {product} {ergonomic}
   size_t SoftMaxHeapSize                          = 2147483648                             {manageable} {ergonomic}
     bool UseCompressedClassPointers               = true                           {product lp64_product} {ergonomic}
     bool UseCompressedOops                        = true                           {product lp64_product} {ergonomic}
     bool UseG1GC                                  = true                                      {product} {ergonomic}
     bool UseNUMA                                  = false                                     {product} {ergonomic}
     bool UseNUMAInterleaving                      = false                                     {product} {ergonomic}

Logging:
Log output configuration:
 #0: stdout all=warning uptime,level,tags
 #1: stderr all=off uptime,level,tags

Environment Variables:
PATH=/usr/local/bin:/usr/bin:/bin:/usr/sbin:/sbin
SHELL=/bin/zsh
LC_CTYPE=zh_TW.UTF-8

Signal Handlers:
   SIGSEGV: crash_handler in libjvm.dylib, mask=11100110000111110111111111111111, flags=SA_RESTART|SA_SIGINFO
    SIGBUS: crash_handler in libjvm.dylib, mask=11100110000111110111111111111111, flags=SA_RESTART|SA_SIGINFO
    SIGFPE: crash_handler in libjvm.dylib, mask=11100110000111110111111111111111, flags=SA_RESTART|SA_SIGINFO
   SIGPIPE: javaSignalHandler in libjvm.dylib, mask=11100110000111110111111111111111, flags=SA_RESTART|SA_SIGINFO
   SIGXFSZ: javaSignalHandler in libjvm.dylib, mask=11100110000111110111111111111111, flags=SA_RESTART|SA_SIGINFO
    SIGILL: crash_handler in libjvm.dylib, mask=11100110000111110111111111111111, flags=SA_RESTART|SA_SIGINFO
   SIGUSR2: SR_handler in libjvm.dylib, mask=00100000000000000000000000000000, flags=SA_RESTART|SA_SIGINFO
    SIGHUP: UserHandler in libjvm.dylib, mask=11100110000111110111111111111111, flags=SA_RESTART|SA_SIGINFO
    SIGINT: UserHandler in libjvm.dylib, mask=11100110000111110111111111111111, flags=SA_RESTART|SA_SIGINFO
   SIGTERM: UserHandler in libjvm.dylib, mask=11100110000111110111111111111111, flags=SA_RESTART|SA_SIGINFO
   SIGQUIT: UserHandler in libjvm.dylib, mask=11100110000111110111111111111111, flags=SA_RESTART|SA_SIGINFO
   SIGTRAP: crash_handler in libjvm.dylib, mask=11100110000111110111111111111111, flags=SA_RESTART|SA_SIGINFO


---------------  S Y S T E M  ---------------

OS:
uname: Darwin 21.1.0 Darwin Kernel Version 21.1.0: Wed Oct 13 17:33:24 PDT 2021; root:xnu-8019.41.5~1/RELEASE_ARM64_T8101 arm64
OS uptime: 2 days 9:34 hours
rlimit (soft/hard): STACK 8176k/65520k , CORE 0k/infinity , NPROC 1333/2000 , NOFILE 10240/infinity , AS infinity/infinity , CPU infinity/infinity , DATA infinity/infinity , FSIZE infinity/infinity , MEMLOCK infinity/infinity , RSS infinity/infinity
load average: 3.16 2.42 2.18

CPU: total 8 (initial active 8) 0x61:0x0:0x1b588bb3:0, fp, simd, crc, lse

Memory: 16k page, physical 8388608k(96560k free), swap 3145728k(711680k free)

vm_info: Java HotSpot(TM) 64-Bit Server VM (17.0.1+12-LTS-39) for bsd-aarch64 JRE (17.0.1+12-LTS-39), built on Sep 27 2021 17:38:30 by "mach5one" with clang Apple LLVM 12.0.0 (clang-1200.0.32.29)

END.
